 Example 7 - Water and Solute Infiltration Test                                 
                      
 
 Program CHAIN_2D
 Time independent boundary conditions
 Axisymmetric flow, V = L*L*L
 Units: L = cm   , T = min  , M = -    


 Time:    720.0000

    i    n    x      z    Code     Q          v           h       th       Temp     Conc
                                 [V/T]      [L/T]        [L]     [-]        [C]    [M/L3]

    1    1     .0  230.0    1   .538E+00  -.206E-01         .0   .399     27.86  .984E+00  .114E-01  .164E-04
    2   20    5.0  230.0    1   .319E+01  -.203E-01         .0   .399     27.74  .984E+00  .113E-01  .164E-04
    3   39   10.0  230.0    1   .561E+01  -.205E-01         .0   .399     27.53  .985E+00  .110E-01  .139E-04
    4   58   14.0  230.0    1   .699E+01  -.233E-01         .0   .399     27.27  .987E+00  .897E-02  .845E-05
    5   77   17.0  230.0    1   .117E+02  -.447E-01         .0   .399     26.96  .994E+00  .409E-02  .198E-05
    6   96   19.0  230.0   -6   .000E+00   .000E+00       -5.9   .394     25.48  .961E+00  .254E-01  .220E-04
    7  115   21.0  230.0   -6   .000E+00   .000E+00      -12.0   .387     24.47  .911E+00  .517E-01  .573E-04
    8  134   23.0  230.0   -6   .000E+00   .000E+00      -17.5   .380     23.70  .842E+00  .753E-01  .938E-04
    9  153   26.0  230.0   -6   .000E+00   .000E+00      -25.4   .370     22.81  .656E+00  .875E-01  .110E-03
   10  172   30.0  230.0   -6   .000E+00   .000E+00      -35.9   .356     21.94  .310E+00  .568E-01  .692E-04
   11  191   35.0  230.0   -6   .000E+00   .000E+00      -50.0   .339     21.20  .690E-01  .175E-01  .225E-04
   12  210   41.0  230.0   -6   .000E+00   .000E+00      -69.7   .318     20.65  .652E-02  .246E-02  .385E-05
   13  229   48.0  230.0   -6   .000E+00   .000E+00      -96.5   .295     20.29  .233E-03  .150E-03  .336E-06
   14  248   56.0  230.0   -6   .000E+00   .000E+00     -124.1   .276     20.11  .282E-05  .377E-05  .140E-07
   15  267   65.0  230.0   -6   .000E+00   .000E+00     -138.0   .267     20.03  .756E-08  .344E-07  .254E-09
   16  286   75.0  230.0   -6   .000E+00   .000E+00     -141.2   .266     20.01  .862E-13  .138E-09  .201E-11
   17  305   86.0  230.0   -6   .000E+00   .000E+00     -141.7   .265     20.00 -.822E-14  .320E-12  .806E-14
   18  324   98.0  230.0   -6   .000E+00   .000E+00     -141.7   .265     20.00 -.344E-17  .539E-15  .200E-16
   19  343  111.0  230.0   -6   .000E+00   .000E+00     -141.7   .265     20.00 -.123E-20  .718E-18  .355E-19
   20  362  125.0  230.0   -6   .000E+00   .000E+00     -141.9   .265     20.00 -.306E-23  .125E-20  .876E-22
   21  379  125.0  110.0    5   .122E+02  -.156E-02         .6   .339     18.63  .000E+00  .000E+00  .000E+00
   22  380  125.0  100.0    5  -.782E+01   .199E-02       10.2   .339     19.01  .000E+00  .000E+00  .000E+00


 Time:   1440.0000

    i    n    x      z    Code     Q          v           h       th       Temp     Conc
                                 [V/T]      [L/T]        [L]     [-]        [C]    [M/L3]

    1    1     .0  230.0    1   .538E+00  -.205E-01         .0   .399     28.21  .983E+00  .119E-01  .182E-04
    2   20    5.0  230.0    1   .318E+01  -.202E-01         .0   .399     28.09  .983E+00  .119E-01  .186E-04
    3   39   10.0  230.0    1   .558E+01  -.204E-01         .0   .399     27.89  .984E+00  .115E-01  .156E-04
    4   58   14.0  230.0    1   .691E+01  -.230E-01         .0   .399     27.63  .987E+00  .950E-02  .931E-05
    5   77   17.0  230.0    1   .115E+02  -.438E-01         .0   .399     27.33  .994E+00  .447E-02  .256E-05
    6   96   19.0  230.0   -6   .000E+00   .000E+00       -5.7   .395     26.02  .958E+00  .289E-01  .290E-04
    7  115   21.0  230.0   -6   .000E+00   .000E+00      -11.5   .388     25.12  .910E+00  .611E-01  .814E-04
    8  134   23.0  230.0   -6   .000E+00   .000E+00      -16.7   .381     24.41  .852E+00  .964E-01  .157E-03
    9  153   26.0  230.0   -6   .000E+00   .000E+00      -23.7   .372     23.57  .748E+00  .143E+00  .262E-03
   10  172   30.0  230.0   -6   .000E+00   .000E+00      -32.6   .360     22.71  .537E+00  .158E+00  .285E-03
   11  191   35.0  230.0   -6   .000E+00   .000E+00      -43.6   .346     21.92  .234E+00  .963E-01  .168E-03
   12  210   41.0  230.0   -6   .000E+00   .000E+00      -57.0   .331     21.26  .500E-01  .291E-01  .531E-04
   13  229   48.0  230.0   -6   .000E+00   .000E+00      -73.4   .314     20.75  .484E-02  .428E-02  .925E-05
   14  248   56.0  230.0   -6   .000E+00   .000E+00      -92.8   .298     20.40  .214E-03  .321E-03  .905E-06
   15  267   65.0  230.0   -6   .000E+00   .000E+00     -112.8   .283     20.19  .340E-05  .110E-04  .473E-07
   16  286   75.0  230.0   -6   .000E+00   .000E+00     -127.3   .274     20.07  .124E-07  .166E-06  .126E-08
   17  305   86.0  230.0   -6   .000E+00   .000E+00     -133.6   .270     20.02 -.189E-10  .118E-08  .164E-10
   18  324   98.0  230.0   -6   .000E+00   .000E+00     -135.3   .269     20.01 -.464E-13  .490E-11  .114E-12
   19  343  111.0  230.0   -6   .000E+00   .000E+00     -135.7   .269     20.00  .125E-16  .145E-13  .487E-15
   20  362  125.0  230.0   -6   .000E+00   .000E+00     -135.9   .269     20.00 -.111E-18  .567E-16  .286E-17
   21  379  125.0  110.0    5   .524E+01  -.668E-03         .6   .339     18.82  .000E+00  .000E+00  .000E+00
   22  380  125.0  100.0    5  -.101E+02   .258E-02       10.2   .339     18.98  .000E+00  .000E+00  .000E+00


 Time:   3600.0000

    i    n    x      z    Code     Q          v           h       th       Temp     Conc
                                 [V/T]      [L/T]        [L]     [-]        [C]    [M/L3]

    1    1     .0  230.0    1   .537E+00  -.205E-01         .0   .399     28.50  .983E+00  .124E-01  .198E-04
    2   20    5.0  230.0    1   .318E+01  -.202E-01         .0   .399     28.40  .983E+00  .124E-01  .203E-04
    3   39   10.0  230.0    1   .557E+01  -.204E-01         .0   .399     28.22  .983E+00  .120E-01  .171E-04
    4   58   14.0  230.0    1   .688E+01  -.229E-01         .0   .399     27.98  .986E+00  .996E-02  .103E-04
    5   77   17.0  230.0    1   .114E+02  -.435E-01         .0   .399     27.71  .993E+00  .475E-02  .300E-05
    6   96   19.0  230.0   -6   .000E+00   .000E+00       -5.7   .395     26.58  .955E+00  .314E-01  .349E-04
    7  115   21.0  230.0   -6   .000E+00   .000E+00      -11.3   .388     25.80  .903E+00  .674E-01  .102E-03
    8  134   23.0  230.0   -6   .000E+00   .000E+00      -16.3   .382     25.18  .841E+00  .109E+00  .210E-03
    9  153   26.0  230.0   -6   .000E+00   .000E+00      -23.1   .373     24.43  .739E+00  .176E+00  .429E-03
   10  172   30.0  230.0   -6   .000E+00   .000E+00      -31.4   .362     23.63  .594E+00  .261E+00  .736E-03
   11  191   35.0  230.0   -6   .000E+00   .000E+00      -41.3   .349     22.86  .406E+00  .306E+00  .885E-03
   12  210   41.0  230.0   -6   .000E+00   .000E+00      -52.5   .336     22.16  .194E+00  .227E+00  .628E-03
   13  229   48.0  230.0   -6   .000E+00   .000E+00      -64.8   .323     21.55  .512E-01  .907E-01  .250E-03
   14  248   56.0  230.0   -6   .000E+00   .000E+00      -77.8   .310     21.06  .666E-02  .191E-01  .572E-04
   15  267   65.0  230.0   -6   .000E+00   .000E+00      -90.5   .299     20.68  .396E-03  .213E-02  .776E-05
   16  286   75.0  230.0   -6   .000E+00   .000E+00     -102.0   .291     20.41  .913E-05  .128E-03  .627E-06
   17  305   86.0  230.0   -6   .000E+00   .000E+00     -111.3   .284     20.23  .428E-07  .427E-05  .302E-07
   18  324   98.0  230.0   -6   .000E+00   .000E+00     -117.7   .280     20.12 -.427E-09  .827E-07  .871E-09
   19  343  111.0  230.0   -6   .000E+00   .000E+00     -121.2   .277     20.06 -.125E-12  .101E-08  .156E-10
   20  362  125.0  230.0   -6   .000E+00   .000E+00     -122.4   .277     20.04  .258E-14  .153E-10  .376E-12
   21  379  125.0  110.0    5  -.728E+01   .927E-03         .6   .339     19.72  .000E+00  .000E+00  .000E+00
   22  380  125.0  100.0    5  -.139E+02   .353E-02       10.2   .339     19.71  .000E+00  .000E+00  .000E+00


 Time:   7200.0000

    i    n    x      z    Code     Q          v           h       th       Temp     Conc
                                 [V/T]      [L/T]        [L]     [-]        [C]    [M/L3]

    1    1     .0  230.0    1   .537E+00  -.205E-01         .0   .399     28.65  .982E+00  .126E-01  .205E-04
    2   20    5.0  230.0    1   .318E+01  -.202E-01         .0   .399     28.55  .982E+00  .126E-01  .211E-04
    3   39   10.0  230.0    1   .557E+01  -.204E-01         .0   .399     28.38  .983E+00  .122E-01  .179E-04
    4   58   14.0  230.0    1   .688E+01  -.229E-01         .0   .399     28.17  .986E+00  .102E-01  .108E-04
    5   77   17.0  230.0    1   .114E+02  -.435E-01         .0   .399     27.92  .993E+00  .488E-02  .321E-05
    6   96   19.0  230.0   -6   .000E+00   .000E+00       -5.7   .395     26.89  .954E+00  .325E-01  .377E-04
    7  115   21.0  230.0   -6   .000E+00   .000E+00      -11.3   .388     26.18  .899E+00  .700E-01  .111E-03
    8  134   23.0  230.0   -6   .000E+00   .000E+00      -16.3   .382     25.60  .835E+00  .114E+00  .232E-03
    9  153   26.0  230.0   -6   .000E+00   .000E+00      -23.0   .373     24.91  .729E+00  .185E+00  .486E-03
   10  172   30.0  230.0   -6   .000E+00   .000E+00      -31.2   .362     24.17  .577E+00  .283E+00  .932E-03
   11  191   35.0  230.0   -6   .000E+00   .000E+00      -40.9   .349     23.43  .399E+00  .383E+00  .147E-02
   12  210   41.0  230.0   -6   .000E+00   .000E+00      -51.9   .336     22.75  .227E+00  .419E+00  .168E-02
   13  229   48.0  230.0   -6   .000E+00   .000E+00      -63.7   .324     22.14  .942E-01  .313E+00  .122E-02
   14  248   56.0  230.0   -6   .000E+00   .000E+00      -75.8   .312     21.62  .232E-01  .136E+00  .526E-03
   15  267   65.0  230.0   -6   .000E+00   .000E+00      -87.2   .302     21.18  .289E-02  .332E-01  .135E-03
   16  286   75.0  230.0   -6   .000E+00   .000E+00      -96.9   .294     20.84  .149E-03  .448E-02  .213E-04
   17  305   86.0  230.0   -6   .000E+00   .000E+00     -104.5   .289     20.58  .203E-05  .352E-03  .212E-05
   18  324   98.0  230.0   -6   .000E+00   .000E+00     -109.8   .285     20.39 -.228E-07  .170E-04  .135E-06
   19  343  111.0  230.0   -6   .000E+00   .000E+00     -112.8   .283     20.29 -.359E-11  .541E-06  .573E-08
   20  362  125.0  230.0   -6   .000E+00   .000E+00     -113.9   .282     20.25  .377E-11  .227E-07  .354E-09
   21  379  125.0  110.0    5  -.111E+02   .142E-02         .6   .339     19.91  .000E+00  .000E+00  .000E+00
   22  380  125.0  100.0    5  -.150E+02   .381E-02       10.2   .339     19.91  .000E+00  .000E+00  .000E+00


 Time:  10800.0000

    i    n    x      z    Code     Q          v           h       th       Temp     Conc
                                 [V/T]      [L/T]        [L]     [-]        [C]    [M/L3]

    1    1     .0  230.0    1   .537E+00  -.205E-01         .0   .399     28.71  .856E-09  .791E-09  .109E-09
    2   20    5.0  230.0    1   .318E+01  -.202E-01         .0   .399     28.62 -.884E-09 -.701E-09 -.121E-09
    3   39   10.0  230.0    1   .557E+01  -.204E-01         .0   .399     28.46  .933E-09  .510E-09  .165E-09
    4   58   14.0  230.0    1   .687E+01  -.229E-01         .0   .399     28.26  .275E-08  .178E-07 -.741E-10
    5   77   17.0  230.0    1   .114E+02  -.435E-01         .0   .399     28.01  .325E-07  .188E-06  .132E-08
    6   96   19.0  230.0   -6   .000E+00   .000E+00       -5.7   .395     27.03  .102E-05  .582E-05  .347E-07
    7  115   21.0  230.0   -6   .000E+00   .000E+00      -11.3   .388     26.35  .633E-05  .362E-04  .291E-06
    8  134   23.0  230.0   -6   .000E+00   .000E+00      -16.3   .382     25.80  .308E-04  .171E-03  .177E-05
    9  153   26.0  230.0   -6   .000E+00   .000E+00      -23.0   .373     25.14  .279E-03  .137E-02  .151E-04
   10  172   30.0  230.0   -6   .000E+00   .000E+00      -31.2   .362     24.42  .326E-02  .129E-01  .129E-03
   11  191   35.0  230.0   -6   .000E+00   .000E+00      -40.9   .349     23.72  .244E-01  .819E-01  .626E-03
   12  210   41.0  230.0   -6   .000E+00   .000E+00      -51.8   .336     23.06  .630E-01  .249E+00  .151E-02
   13  229   48.0  230.0   -6   .000E+00   .000E+00      -63.6   .324     22.46  .598E-01  .350E+00  .183E-02
   14  248   56.0  230.0   -6   .000E+00   .000E+00      -75.5   .312     21.94  .247E-01  .252E+00  .121E-02
   15  267   65.0  230.0   -6   .000E+00   .000E+00      -86.7   .302     21.51  .472E-02  .981E-01  .466E-03
   16  286   75.0  230.0   -6   .000E+00   .000E+00      -96.2   .295     21.15  .373E-03  .214E-01  .109E-03
   17  305   86.0  230.0   -6   .000E+00   .000E+00     -103.5   .289     20.88  .795E-05  .273E-02  .163E-04
   18  324   98.0  230.0   -6   .000E+00   .000E+00     -108.4   .286     20.68 -.125E-06  .217E-03  .160E-05
   19  343  111.0  230.0   -6   .000E+00   .000E+00     -111.3   .284     20.56  .591E-09  .113E-04  .107E-06
   20  362  125.0  230.0   -6   .000E+00   .000E+00     -112.2   .283     20.52  .471E-10  .804E-06  .105E-07
   21  379  125.0  110.0    5  -.118E+02   .151E-02         .6   .339     20.10  .000E+00  .000E+00  .000E+00
   22  380  125.0  100.0    5  -.152E+02   .386E-02       10.2   .339     20.09  .000E+00  .000E+00  .000E+00


 Time:  14400.0000

    i    n    x      z    Code     Q          v           h       th       Temp     Conc
                                 [V/T]      [L/T]        [L]     [-]        [C]    [M/L3]

    1    1     .0  230.0    1   .537E+00  -.205E-01         .0   .399     28.75  .202E-12 -.227E-12  .803E-12
    2   20    5.0  230.0    1   .318E+01  -.202E-01         .0   .399     28.67 -.153E-12  .495E-11 -.956E-12
    3   39   10.0  230.0    1   .557E+01  -.204E-01         .0   .399     28.51 -.680E-13 -.158E-10  .158E-11
    4   58   14.0  230.0    1   .687E+01  -.229E-01         .0   .399     28.31  .929E-11  .842E-09  .551E-11
    5   77   17.0  230.0    1   .114E+02  -.435E-01         .0   .399     28.08  .861E-10  .878E-08  .848E-10
    6   96   19.0  230.0   -6   .000E+00   .000E+00       -5.7   .395     27.13  .273E-08  .275E-06  .239E-08
    7  115   21.0  230.0   -6   .000E+00   .000E+00      -11.3   .388     26.47  .184E-07  .178E-05  .219E-07
    8  134   23.0  230.0   -6   .000E+00   .000E+00      -16.3   .382     25.94  .108E-06  .907E-05  .147E-06
    9  153   26.0  230.0   -6   .000E+00   .000E+00      -23.0   .373     25.30  .139E-05  .838E-04  .148E-05
   10  172   30.0  230.0   -6   .000E+00   .000E+00      -31.2   .362     24.61  .262E-04  .101E-02  .171E-04
   11  191   35.0  230.0   -6   .000E+00   .000E+00      -40.9   .349     23.93  .444E-03  .101E-01  .138E-03
   12  210   41.0  230.0   -6   .000E+00   .000E+00      -51.8   .337     23.28  .409E-02  .615E-01  .631E-03
   13  229   48.0  230.0   -6   .000E+00   .000E+00      -63.5   .324     22.70  .113E-01  .175E+00  .135E-02
   14  248   56.0  230.0   -6   .000E+00   .000E+00      -75.4   .312     22.20  .103E-01  .226E+00  .143E-02
   15  267   65.0  230.0   -6   .000E+00   .000E+00      -86.5   .303     21.77  .349E-02  .142E+00  .808E-03
   16  286   75.0  230.0   -6   .000E+00   .000E+00      -95.9   .295     21.42  .427E-03  .466E-01  .265E-03
   17  305   86.0  230.0   -6   .000E+00   .000E+00     -103.1   .290     21.15  .129E-04  .871E-02  .544E-04
   18  324   98.0  230.0   -6   .000E+00   .000E+00     -107.9   .286     20.95 -.288E-06  .997E-03  .732E-05
   19  343  111.0  230.0   -6   .000E+00   .000E+00     -110.7   .284     20.83  .323E-08  .749E-04  .673E-06
   20  362  125.0  230.0   -6   .000E+00   .000E+00     -111.6   .284     20.79  .167E-09  .766E-05  .925E-07
   21  379  125.0  110.0    5  -.121E+02   .154E-02         .6   .339     20.32  .000E+00  .000E+00  .000E+00
   22  380  125.0  100.0    5  -.152E+02   .388E-02       10.2   .339     20.31  .000E+00  .000E+00  .000E+00
