 Example 7 - Water and Solute Infiltration Test


 Program CHAIN_2D
 Time independent boundary conditions
 Axisymmetric flow, V = L*L*L
 Units: L = cm   , T = min  , M = -


 Time  ***       .0000 ***

    n    x(n)   z(n)       h(n)      h(n+1) ...

    1      .0   230.0        .0    -145.5    -143.4    -141.0    -135.6    -127.7    -119.0    -109.9    -100.5     -82.8
   11      .0   180.0     -71.0     -60.3     -49.8     -39.6     -29.5     -19.4      -9.4        .6      10.2
   20     5.0   230.0        .0    -145.5    -143.4    -141.0    -135.6    -127.7    -119.0    -109.9    -100.5     -82.8
   30     5.0   180.0     -71.0     -60.3     -49.8     -39.6     -29.5     -19.4      -9.4        .6      10.2
   39    10.0   230.0        .0    -145.5    -143.4    -141.0    -135.6    -127.7    -119.0    -109.9    -100.5     -82.8
   49    10.0   180.0     -71.0     -60.3     -49.8     -39.6     -29.5     -19.4      -9.4        .6      10.2
   58    14.0   230.0        .0    -145.5    -143.4    -141.0    -135.6    -127.7    -119.0    -109.9    -100.5     -82.8
   68    14.0   180.0     -71.0     -60.3     -49.8     -39.6     -29.5     -19.4      -9.4        .6      10.2
   77    17.0   230.0        .0    -145.5    -143.4    -141.0    -135.6    -127.7    -119.0    -109.9    -100.5     -82.8
   87    17.0   180.0     -71.0     -60.3     -49.8     -39.6     -29.5     -19.4      -9.4        .6      10.2
   96    19.0   230.0    -147.4    -145.5    -143.4    -141.0    -135.6    -127.7    -119.0    -109.9    -100.5     -82.8
  106    19.0   180.0     -71.0     -60.3     -49.8     -39.6     -29.5     -19.4      -9.4        .6      10.2
  115    21.0   230.0    -147.4    -145.5    -143.4    -141.0    -135.6    -127.7    -119.0    -109.9    -100.5     -82.8
  125    21.0   180.0     -71.0     -60.3     -49.8     -39.6     -29.5     -19.4      -9.4        .6      10.2
  134    23.0   230.0    -147.4    -145.5    -143.4    -141.0    -135.6    -127.7    -119.0    -109.9    -100.5     -82.8
  144    23.0   180.0     -71.0     -60.3     -49.8     -39.6     -29.5     -19.4      -9.4        .6      10.2
  153    26.0   230.0    -147.4    -145.5    -143.4    -141.0    -135.6    -127.7    -119.0    -109.9    -100.5     -82.8
  163    26.0   180.0     -71.0     -60.3     -49.8     -39.6     -29.5     -19.4      -9.4        .6      10.2
  172    30.0   230.0    -147.4    -145.5    -143.4    -141.0    -135.6    -127.7    -119.0    -109.9    -100.5     -82.8
  182    30.0   180.0     -71.0     -60.3     -49.8     -39.6     -29.5     -19.4      -9.4        .6      10.2
  191    35.0   230.0    -147.4    -145.5    -143.4    -141.0    -135.6    -127.7    -119.0    -109.9    -100.5     -82.8
  201    35.0   180.0     -71.0     -60.3     -49.8     -39.6     -29.5     -19.4      -9.4        .6      10.2
  210    41.0   230.0    -147.4    -145.5    -143.4    -141.0    -135.6    -127.7    -119.0    -109.9    -100.5     -82.8
  220    41.0   180.0     -71.0     -60.3     -49.8     -39.6     -29.5     -19.4      -9.4        .6      10.2
  229    48.0   230.0    -147.4    -145.5    -143.4    -141.0    -135.6    -127.7    -119.0    -109.9    -100.5     -82.8
  239    48.0   180.0     -71.0     -60.3     -49.8     -39.6     -29.5     -19.4      -9.4        .6      10.2
  248    56.0   230.0    -147.4    -145.5    -143.4    -141.0    -135.6    -127.7    -119.0    -109.9    -100.5     -82.8
  258    56.0   180.0     -71.0     -60.3     -49.8     -39.6     -29.5     -19.4      -9.4        .6      10.2
  267    65.0   230.0    -147.4    -145.5    -143.4    -141.0    -135.6    -127.7    -119.0    -109.9    -100.5     -82.8
  277    65.0   180.0     -71.0     -60.3     -49.8     -39.6     -29.5     -19.4      -9.4        .6      10.2
  286    75.0   230.0    -147.4    -145.5    -143.4    -141.0    -135.6    -127.7    -119.0    -109.9    -100.5     -82.8
  296    75.0   180.0     -71.0     -60.3     -49.8     -39.6     -29.5     -19.4      -9.4        .6      10.2
  305    86.0   230.0    -147.4    -145.5    -143.4    -141.0    -135.6    -127.7    -119.0    -109.9    -100.5     -82.8
  315    86.0   180.0     -71.0     -60.3     -49.8     -39.6     -29.5     -19.4      -9.4        .6      10.2
  324    98.0   230.0    -147.4    -145.5    -143.4    -141.0    -135.6    -127.7    -119.0    -109.9    -100.5     -82.8
  334    98.0   180.0     -71.0     -60.3     -49.8     -39.6     -29.5     -19.4      -9.4        .6      10.2
  343   111.0   230.0    -147.4    -145.5    -143.4    -141.0    -135.6    -127.7    -119.0    -109.9    -100.5     -82.8
  353   111.0   180.0     -71.0     -60.3     -49.8     -39.6     -29.5     -19.4      -9.4        .6      10.2
  362   125.0   230.0    -147.4    -145.5    -143.4    -141.0    -135.6    -127.7    -119.0    -109.9    -100.5     -82.8
  372   125.0   180.0     -71.0     -60.3     -49.8     -39.6     -29.5     -19.4      -9.4        .6      10.2


 Time  ***    720.0000 ***

    n    x(n)   z(n)       h(n)      h(n+1) ...

    1      .0   230.0        .0        .0        .0       -.4      -2.1      -5.8     -11.1     -18.8     -31.1     -49.3
   11      .0   180.0     -52.4     -50.8     -45.4     -37.7     -28.8     -19.3      -9.5        .5      10.5
   20     5.0   230.0        .0        .0       -.1       -.7      -2.7      -6.5     -11.9     -19.7     -32.7     -49.8
   30     5.0   180.0     -52.8     -51.0     -45.5     -37.7     -28.8     -19.3      -9.5        .5      10.5
   39    10.0   230.0        .0       -.1       -.7      -1.6      -4.1      -8.4     -14.0     -22.0     -35.4     -51.1
   49    10.0   180.0     -53.6     -51.4     -45.7     -37.8     -28.8     -19.3      -9.5        .5      10.5
   58    14.0   230.0        .0       -.6      -1.9      -3.3      -6.5     -11.0     -16.7     -24.8     -38.4     -52.8
   68    14.0   180.0     -54.6     -51.9     -45.9     -37.9     -28.9     -19.3      -9.5        .5      10.4
   77    17.0   230.0        .0      -2.1      -4.2      -6.0      -9.3     -13.8     -19.5     -27.6     -41.2     -54.4
   87    17.0   180.0     -55.5     -52.4     -46.2     -38.0     -28.9     -19.3      -9.5        .5      10.4
   96    19.0   230.0      -5.9      -6.2      -7.4      -8.8     -11.7     -16.1     -21.8     -29.8     -43.2     -55.6
  106    19.0   180.0     -56.2     -52.8     -46.3     -38.1     -29.0     -19.3      -9.5        .4      10.4
  115    21.0   230.0     -12.0     -11.2     -11.5     -12.3     -14.7     -18.8     -24.3     -32.3     -45.5     -56.9
  125    21.0   180.0     -56.9     -53.1     -46.5     -38.2     -29.0     -19.4      -9.5        .4      10.4
  134    23.0   230.0     -17.5     -16.3     -16.0     -16.3     -18.1     -21.9     -27.2     -35.1     -47.9     -58.3
  144    23.0   180.0     -57.7     -53.5     -46.7     -38.3     -29.0     -19.4      -9.5        .4      10.4
  153    26.0   230.0     -25.4     -23.8     -23.1     -22.9     -24.0     -27.1     -32.2     -39.8     -52.0     -60.4
  163    26.0   180.0     -58.9     -54.2     -47.0     -38.4     -29.1     -19.4      -9.5        .4      10.4
  172    30.0   230.0     -35.9     -34.2     -33.1     -32.6     -32.9     -35.3     -39.9     -47.0     -58.0     -63.5
  182    30.0   180.0     -60.6     -55.0     -47.4     -38.6     -29.2     -19.4      -9.6        .4      10.4
  191    35.0   230.0     -50.0     -48.3     -47.0     -46.2     -45.9     -47.6     -51.3     -57.2     -65.8     -67.4
  201    35.0   180.0     -62.7     -56.1     -47.9     -38.9     -29.3     -19.5      -9.6        .4      10.4
  210    41.0   230.0     -69.7     -67.9     -66.5     -65.4     -64.5     -65.0     -67.2     -70.7     -74.9     -71.7
  220    41.0   180.0     -65.1     -57.3     -48.5     -39.1     -29.4     -19.6      -9.6        .4      10.4
  229    48.0   230.0     -96.5     -94.7     -93.0     -91.6     -89.4     -87.7     -86.6     -85.4     -83.6     -76.0
  239    48.0   180.0     -67.5     -58.5     -49.1     -39.4     -29.6     -19.6      -9.7        .3      10.3
  248    56.0   230.0    -124.1    -122.1    -120.1    -118.0    -113.8    -108.3    -102.7     -96.6     -90.0     -79.4
  258    56.0   180.0     -69.4     -59.6     -49.7     -39.7     -29.7     -19.7      -9.7        .3      10.3
  267    65.0   230.0    -138.0    -135.9    -133.6    -131.0    -125.5    -118.0    -109.9    -101.7     -93.4     -81.5
  277    65.0   180.0     -70.8     -60.4     -50.1     -40.0     -29.8     -19.8      -9.7        .3      10.3
  286    75.0   230.0    -141.2    -139.1    -136.7    -134.2    -128.4    -120.5    -111.9    -103.3     -94.8     -82.6
  296    75.0   180.0     -71.5     -60.9     -50.4     -40.1     -29.9     -19.8      -9.7        .3      10.3
  305    86.0   230.0    -141.7    -139.6    -137.2    -134.6    -128.9    -120.9    -112.3    -103.7     -95.2     -83.0
  315    86.0   180.0     -71.9     -61.1     -50.6     -40.2     -30.0     -19.8      -9.7        .3      10.3
  324    98.0   230.0    -141.7    -139.6    -137.3    -134.7    -128.9    -120.9    -112.4    -103.8     -95.4     -83.2
  334    98.0   180.0     -72.1     -61.2     -50.7     -40.3     -30.0     -19.8      -9.7        .3      10.3
  343   111.0   230.0    -141.7    -139.6    -137.3    -134.7    -128.9    -120.9    -112.3    -103.7     -95.4     -83.2
  353   111.0   180.0     -72.1     -61.3     -50.7     -40.3     -30.0     -19.8      -9.7        .4      10.3
  362   125.0   230.0    -141.9    -139.7    -137.3    -134.7    -128.9    -120.8    -112.2    -103.6     -95.2     -83.3
  372   125.0   180.0     -72.1     -61.3     -50.7     -40.3     -30.0     -19.7      -9.6        .6      10.2


 Time  ***   1440.0000 ***

    n    x(n)   z(n)       h(n)      h(n+1) ...

    1      .0   230.0        .0        .0        .0       -.3      -1.8      -5.2     -10.1     -17.1     -28.3     -43.6
   11      .0   180.0     -45.9     -44.7     -40.5     -34.1     -26.1     -17.1      -7.6       2.2      12.1
   20     5.0   230.0        .0        .0       -.1       -.5      -2.4      -5.9     -10.9     -18.0     -29.7     -44.0
   30     5.0   180.0     -46.2     -44.9     -40.6     -34.1     -26.1     -17.1      -7.7       2.2      12.1
   39    10.0   230.0        .0       -.1       -.6      -1.4      -3.8      -7.7     -12.7     -20.0     -32.0     -45.1
   49    10.0   180.0     -46.9     -45.4     -40.9     -34.2     -26.2     -17.2      -7.7       2.1      12.1
   58    14.0   230.0        .0       -.6      -1.7      -3.1      -6.0     -10.1     -15.2     -22.4     -34.5     -46.5
   68    14.0   180.0     -47.8     -45.9     -41.2     -34.4     -26.2     -17.2      -7.7       2.1      12.1
   77    17.0   230.0        .0      -2.0      -3.9      -5.6      -8.6     -12.6     -17.7     -24.8     -36.8     -47.7
   87    17.0   180.0     -48.6     -46.3     -41.4     -34.5     -26.3     -17.3      -7.7       2.1      12.0
   96    19.0   230.0      -5.7      -6.0      -7.0      -8.2     -10.9     -14.7     -19.6     -26.7     -38.4     -48.7
  106    19.0   180.0     -49.2     -46.7     -41.6     -34.6     -26.4     -17.3      -7.8       2.1      12.0
  115    21.0   230.0     -11.5     -10.6     -10.8     -11.5     -13.5     -17.0     -21.8     -28.7     -40.2     -49.8
  125    21.0   180.0     -49.8     -47.1     -41.8     -34.7     -26.4     -17.3      -7.8       2.1      12.0
  134    23.0   230.0     -16.7     -15.3     -14.9     -15.1     -16.6     -19.7     -24.2     -30.9     -42.1     -50.9
  144    23.0   180.0     -50.5     -47.5     -42.0     -34.9     -26.5     -17.4      -7.8       2.0      12.0
  153    26.0   230.0     -23.7     -22.1     -21.3     -21.0     -21.6     -24.1     -28.2     -34.6     -45.2     -52.6
  163    26.0   180.0     -51.6     -48.1     -42.4     -35.1     -26.6     -17.4      -7.9       2.0      12.0
  172    30.0   230.0     -32.6     -30.9     -29.7     -29.1     -29.0     -30.6     -34.2     -40.1     -49.8     -55.2
  182    30.0   180.0     -53.2     -49.0     -42.9     -35.3     -26.8     -17.5      -7.9       1.9      11.9
  191    35.0   230.0     -43.6     -41.8     -40.4     -39.5     -38.8     -39.6     -42.4     -47.5     -55.7     -58.4
  201    35.0   180.0     -55.2     -50.2     -43.6     -35.7     -27.0     -17.7      -8.0       1.9      11.8
  210    41.0   230.0     -57.0     -55.2     -53.7     -52.5     -51.2     -51.3     -53.1     -56.8     -62.8     -62.4
  220    41.0   180.0     -57.7     -51.7     -44.5     -36.2     -27.2     -17.8      -8.1       1.8      11.7
  229    48.0   230.0     -73.4     -71.5     -69.9     -68.6     -66.7     -65.7     -66.1     -67.7     -70.5     -66.8
  239    48.0   180.0     -60.5     -53.4     -45.4     -36.8     -27.6     -18.0      -8.3       1.7      11.6
  248    56.0   230.0     -92.8     -90.9     -89.1     -87.5     -84.7     -82.2     -80.4     -79.1     -78.0     -71.2
  258    56.0   180.0     -63.3     -55.1     -46.5     -37.4     -27.9     -18.3      -8.4       1.5      11.5
  267    65.0   230.0    -112.8    -110.8    -108.8    -106.9    -102.9     -98.2     -93.6     -89.0     -84.4     -75.1
  277    65.0   180.0     -65.9     -56.8     -47.5     -38.0     -28.3     -18.5      -8.6       1.3      11.3
  286    75.0   230.0    -127.3    -125.2    -123.0    -120.7    -115.8    -109.3    -102.5     -95.7     -89.0     -78.1
  296    75.0   180.0     -68.0     -58.1     -48.3     -38.5     -28.7     -18.8      -8.8       1.2      11.2
  305    86.0   230.0    -133.6    -131.5    -129.2    -126.8    -121.5    -114.3    -106.8     -99.1     -91.6     -80.1
  315    86.0   180.0     -69.5     -59.2     -49.0     -39.0     -29.0     -19.0      -9.0       1.0      11.0
  324    98.0   230.0    -135.3    -133.2    -131.0    -128.5    -123.2    -115.9    -108.3    -100.5     -92.9     -81.2
  334    98.0   180.0     -70.4     -59.9     -49.5     -39.3     -29.2     -19.2      -9.2        .8      10.8
  343   111.0   230.0    -135.7    -133.6    -131.3    -128.9    -123.6    -116.3    -108.7    -101.0     -93.4     -81.8
  353   111.0   180.0     -70.9     -60.2     -49.8     -39.5     -29.4     -19.3      -9.3        .7      10.6
  362   125.0   230.0    -135.9    -133.7    -131.4    -129.0    -123.6    -116.3    -108.7    -101.0     -93.4     -81.9
  372   125.0   180.0     -71.0     -60.4     -49.9     -39.6     -29.5     -19.4      -9.4        .6      10.2


 Time  ***   3600.0000 ***

    n    x(n)   z(n)       h(n)      h(n+1) ...

    1      .0   230.0        .0        .0        .0       -.2      -1.7      -5.0      -9.7     -16.5     -27.3     -41.3
   11      .0   180.0     -42.9     -41.5     -37.5     -31.3     -23.7     -15.0      -5.6       4.1      14.0
   20     5.0   230.0        .0        .0       -.1       -.5      -2.3      -5.7     -10.5     -17.3     -28.6     -41.6
   30     5.0   180.0     -43.2     -41.7     -37.6     -31.4     -23.7     -15.0      -5.7       4.1      14.0
   39    10.0   230.0        .0       -.1       -.6      -1.4      -3.7      -7.4     -12.3     -19.2     -30.8     -42.6
   49    10.0   180.0     -43.8     -42.1     -37.8     -31.5     -23.8     -15.0      -5.7       4.0      14.0
   58    14.0   230.0        .0       -.6      -1.7      -3.0      -5.8      -9.7     -14.6     -21.5     -33.1     -43.7
   68    14.0   180.0     -44.6     -42.5     -38.0     -31.6     -23.8     -15.1      -5.7       4.0      13.9
   77    17.0   230.0        .0      -2.0      -3.9      -5.5      -8.3     -12.2     -17.0     -23.8     -35.1     -44.9
   87    17.0   180.0     -45.3     -42.9     -38.3     -31.8     -23.9     -15.2      -5.8       4.0      13.9
   96    19.0   230.0      -5.7      -5.9      -6.9      -8.0     -10.5     -14.2     -18.8     -25.5     -36.6     -45.7
  106    19.0   180.0     -45.8     -43.2     -38.5     -31.9     -24.0     -15.2      -5.8       3.9      13.9
  115    21.0   230.0     -11.3     -10.4     -10.6     -11.2     -13.1     -16.4     -20.9     -27.4     -38.2     -46.6
  125    21.0   180.0     -46.3     -43.6     -38.6     -32.0     -24.1     -15.2      -5.8       3.9      13.8
  134    23.0   230.0     -16.3     -15.0     -14.6     -14.7     -16.0     -18.9     -23.1     -29.4     -39.9     -47.6
  144    23.0   180.0     -46.9     -43.9     -38.9     -32.1     -24.1     -15.3      -5.9       3.9      13.8
  153    26.0   230.0     -23.1     -21.5     -20.6     -20.2     -20.8     -23.0     -26.8     -32.7     -42.6     -49.1
  163    26.0   180.0     -47.9     -44.5     -39.2     -32.3     -24.2     -15.4      -5.9       3.8      13.8
  172    30.0   230.0     -31.4     -29.7     -28.5     -27.8     -27.5     -29.0     -32.2     -37.5     -46.5     -51.3
  182    30.0   180.0     -49.2     -45.3     -39.7     -32.6     -24.4     -15.5      -6.0       3.8      13.7
  191    35.0   230.0     -41.3     -39.5     -38.1     -37.1     -36.3     -36.9     -39.3     -43.9     -51.6     -54.1
  201    35.0   180.0     -51.0     -46.4     -40.3     -33.0     -24.7     -15.6      -6.1       3.6      13.6
  210    41.0   230.0     -52.5     -50.7     -49.2     -48.0     -46.6     -46.5     -48.1     -51.5     -57.4     -57.4
  220    41.0   180.0     -53.2     -47.8     -41.2     -33.5     -25.0     -15.9      -6.3       3.5      13.4
  229    48.0   230.0     -64.8     -63.0     -61.4     -60.1     -58.3     -57.4     -57.9     -60.0     -63.6     -61.1
  239    48.0   180.0     -55.6     -49.3     -42.1     -34.1     -25.3     -16.1      -6.5       3.3      13.3
  248    56.0   230.0     -77.8     -75.9     -74.2     -72.8     -70.5     -68.7     -68.1     -68.4     -69.7     -64.9
  258    56.0   180.0     -58.2     -51.0     -43.2     -34.7     -25.8     -16.4      -6.8       3.1      13.0
  267    65.0   230.0     -90.5     -88.6     -86.8     -85.2     -82.4     -79.7     -77.7     -76.2     -75.2     -68.4
  277    65.0   180.0     -60.7     -52.7     -44.3     -35.5     -26.3     -16.8      -7.1       2.8      12.7
  286    75.0   230.0    -102.0    -100.0     -98.1     -96.4     -93.0     -89.3     -85.9     -82.8     -79.8     -71.6
  296    75.0   180.0     -62.9     -54.2     -45.3     -36.2     -26.8     -17.2      -7.5       2.4      12.4
  305    86.0   230.0    -111.3    -109.3    -107.3    -105.3    -101.5     -96.8     -92.3     -87.8     -83.4     -74.1
  315    86.0   180.0     -64.7     -55.5     -46.2     -36.8     -27.3     -17.6      -7.9       2.1      12.0
  324    98.0   230.0    -117.7    -115.7    -113.6    -111.5    -107.3    -102.0     -96.6     -91.2     -85.9     -75.9
  334    98.0   180.0     -66.1     -56.5     -47.0     -37.4     -27.8     -18.1      -8.3       1.6      11.6
  343   111.0   230.0    -121.2    -119.2    -117.1    -114.9    -110.5    -104.8     -99.0     -93.1     -87.3     -77.0
  353   111.0   180.0     -67.0     -57.2     -47.5     -37.8     -28.1     -18.4      -8.7       1.1      11.0
  362   125.0   230.0    -122.4    -120.3    -118.2    -116.0    -111.5    -105.7     -99.7     -93.7     -87.8     -77.3
  372   125.0   180.0     -67.3     -57.4     -47.7     -38.0     -28.3     -18.6      -9.0        .6      10.2


 Time  ***   7200.0000 ***

    n    x(n)   z(n)       h(n)      h(n+1) ...

    1      .0   230.0        .0        .0        .0       -.2      -1.7      -5.0      -9.7     -16.4     -27.1     -40.9
   11      .0   180.0     -42.4     -40.9     -36.9     -30.7     -23.1     -14.5      -5.2       4.6      14.5
   20     5.0   230.0        .0        .0       -.1       -.5      -2.3      -5.7     -10.4     -17.2     -28.5     -41.2
   30     5.0   180.0     -42.7     -41.1     -37.0     -30.8     -23.1     -14.5      -5.2       4.5      14.5
   39    10.0   230.0        .0       -.1       -.6      -1.4      -3.6      -7.4     -12.2     -19.1     -30.6     -42.1
   49    10.0   180.0     -43.3     -41.5     -37.2     -30.9     -23.2     -14.5      -5.2       4.5      14.4
   58    14.0   230.0        .0       -.6      -1.7      -3.0      -5.8      -9.7     -14.6     -21.4     -32.9     -43.3
   68    14.0   180.0     -44.0     -41.9     -37.4     -31.1     -23.3     -14.6      -5.3       4.5      14.4
   77    17.0   230.0        .0      -2.0      -3.8      -5.4      -8.3     -12.1     -16.9     -23.6     -34.9     -44.4
   87    17.0   180.0     -44.7     -42.3     -37.7     -31.2     -23.4     -14.7      -5.3       4.4      14.4
   96    19.0   230.0      -5.7      -5.9      -6.8      -8.0     -10.5     -14.1     -18.7     -25.3     -36.3     -45.2
  106    19.0   180.0     -45.2     -42.6     -37.8     -31.3     -23.4     -14.7      -5.3       4.4      14.3
  115    21.0   230.0     -11.3     -10.4     -10.5     -11.1     -13.1     -16.3     -20.7     -27.2     -37.9     -46.1
  125    21.0   180.0     -45.7     -42.9     -38.0     -31.4     -23.5     -14.7      -5.4       4.4      14.3
  134    23.0   230.0     -16.3     -14.9     -14.5     -14.6     -15.9     -18.8     -23.0     -29.2     -39.5     -47.1
  144    23.0   180.0     -46.3     -43.3     -38.2     -31.5     -23.6     -14.8      -5.4       4.3      14.3
  153    26.0   230.0     -23.0     -21.4     -20.5     -20.1     -20.7     -22.9     -26.6     -32.5     -42.2     -48.6
  163    26.0   180.0     -47.2     -43.8     -38.5     -31.7     -23.7     -14.9      -5.5       4.3      14.2
  172    30.0   230.0     -31.2     -29.5     -28.3     -27.6     -27.3     -28.7     -31.9     -37.2     -46.0     -50.6
  182    30.0   180.0     -48.5     -44.6     -39.0     -32.0     -23.9     -15.0      -5.6       4.2      14.1
  191    35.0   230.0     -40.9     -39.2     -37.8     -36.8     -35.9     -36.5     -38.9     -43.4     -50.9     -53.3
  201    35.0   180.0     -50.2     -45.7     -39.7     -32.4     -24.1     -15.1      -5.7       4.1      14.0
  210    41.0   230.0     -51.9     -50.1     -48.6     -47.4     -46.0     -45.9     -47.4     -50.8     -56.6     -56.5
  220    41.0   180.0     -52.3     -47.0     -40.4     -32.9     -24.4     -15.4      -5.9       3.9      13.9
  229    48.0   230.0     -63.7     -61.9     -60.3     -59.0     -57.2     -56.3     -56.8     -58.8     -62.5     -60.1
  239    48.0   180.0     -54.7     -48.5     -41.4     -33.4     -24.8     -15.6      -6.1       3.7      13.7
  248    56.0   230.0     -75.8     -73.9     -72.3     -70.8     -68.6     -66.8     -66.3     -66.8     -68.2     -63.6
  258    56.0   180.0     -57.1     -50.1     -42.4     -34.1     -25.3     -16.0      -6.4       3.5      13.4
  267    65.0   230.0     -87.2     -85.2     -83.5     -81.9     -79.3     -76.7     -75.0     -73.9     -73.4     -67.0
  277    65.0   180.0     -59.5     -51.7     -43.5     -34.8     -25.8     -16.4      -6.7       3.2      13.1
  286    75.0   230.0     -96.9     -95.0     -93.2     -91.5     -88.4     -85.1     -82.2     -79.8     -77.6     -69.9
  296    75.0   180.0     -61.6     -53.2     -44.5     -35.5     -26.3     -16.8      -7.1       2.8      12.7
  305    86.0   230.0    -104.5    -102.6    -100.7     -98.9     -95.4     -91.4     -87.7     -84.2     -80.9     -72.2
  315    86.0   180.0     -63.3     -54.4     -45.4     -36.2     -26.8     -17.3      -7.5       2.4      12.3
  324    98.0   230.0    -109.8    -107.8    -105.9    -104.0    -100.2     -95.8     -91.5     -87.3     -83.1     -73.9
  334    98.0   180.0     -64.6     -55.4     -46.1     -36.8     -27.3     -17.7      -8.0       1.9      11.8
  343   111.0   230.0    -112.8    -110.9    -108.9    -106.9    -103.0     -98.3     -93.6     -89.0     -84.5     -74.9
  353   111.0   180.0     -65.4     -56.0     -46.6     -37.2     -27.7     -18.1      -8.5       1.3      11.2
  362   125.0   230.0    -113.9    -111.9    -109.9    -107.9    -104.0     -99.1     -94.4     -89.6     -85.0     -75.3
  372   125.0   180.0     -65.7     -56.3     -46.8     -37.4     -27.9     -18.4      -8.9        .6      10.2


 Time  ***  10800.0000 ***

    n    x(n)   z(n)       h(n)      h(n+1) ...

    1      .0   230.0        .0        .0        .0       -.2      -1.7      -5.0      -9.7     -16.4     -27.1     -40.8
   11      .0   180.0     -42.3     -40.8     -36.8     -30.6     -23.0     -14.4      -5.1       4.6      14.6
   20     5.0   230.0        .0        .0       -.1       -.5      -2.3      -5.7     -10.4     -17.2     -28.4     -41.1
   30     5.0   180.0     -42.6     -41.0     -36.9     -30.7     -23.1     -14.4      -5.1       4.6      14.5
   39    10.0   230.0        .0       -.1       -.6      -1.4      -3.6      -7.4     -12.2     -19.1     -30.6     -42.1
   49    10.0   180.0     -43.2     -41.4     -37.1     -30.8     -23.1     -14.5      -5.1       4.6      14.5
   58    14.0   230.0        .0       -.6      -1.7      -3.0      -5.8      -9.7     -14.5     -21.4     -32.8     -43.2
   68    14.0   180.0     -43.9     -41.8     -37.3     -31.0     -23.2     -14.5      -5.2       4.6      14.5
   77    17.0   230.0        .0      -2.0      -3.8      -5.4      -8.3     -12.1     -16.9     -23.6     -34.8     -44.3
   87    17.0   180.0     -44.6     -42.2     -37.6     -31.1     -23.3     -14.6      -5.2       4.5      14.4
   96    19.0   230.0      -5.7      -5.9      -6.8      -8.0     -10.5     -14.1     -18.7     -25.3     -36.3     -45.1
  106    19.0   180.0     -45.1     -42.5     -37.7     -31.2     -23.4     -14.6      -5.2       4.5      14.4
  115    21.0   230.0     -11.3     -10.4     -10.5     -11.1     -13.1     -16.3     -20.7     -27.2     -37.8     -46.0
  125    21.0   180.0     -45.6     -42.8     -37.9     -31.3     -23.4     -14.7      -5.3       4.5      14.4
  134    23.0   230.0     -16.3     -14.9     -14.5     -14.6     -15.9     -18.8     -22.9     -29.2     -39.5     -47.0
  144    23.0   180.0     -46.2     -43.2     -38.1     -31.4     -23.5     -14.7      -5.3       4.4      14.4
  153    26.0   230.0     -23.0     -21.4     -20.5     -20.1     -20.6     -22.8     -26.6     -32.4     -42.2     -48.5
  163    26.0   180.0     -47.1     -43.7     -38.4     -31.6     -23.6     -14.8      -5.4       4.4      14.3
  172    30.0   230.0     -31.2     -29.5     -28.3     -27.6     -27.3     -28.7     -31.8     -37.1     -46.0     -50.5
  182    30.0   180.0     -48.4     -44.5     -38.9     -31.9     -23.8     -14.9      -5.5       4.3      14.2
  191    35.0   230.0     -40.9     -39.1     -37.8     -36.8     -35.9     -36.4     -38.8     -43.3     -50.8     -53.2
  201    35.0   180.0     -50.1     -45.6     -39.5     -32.3     -24.0     -15.1      -5.6       4.2      14.1
  210    41.0   230.0     -51.8     -50.0     -48.5     -47.3     -45.9     -45.8     -47.3     -50.6     -56.4     -56.4
  220    41.0   180.0     -52.2     -46.8     -40.3     -32.8     -24.3     -15.3      -5.8       4.0      14.0
  229    48.0   230.0     -63.6     -61.7     -60.2     -58.8     -57.0     -56.1     -56.6     -58.6     -62.3     -59.9
  239    48.0   180.0     -54.5     -48.3     -41.3     -33.3     -24.7     -15.6      -6.0       3.8      13.8
  248    56.0   230.0     -75.5     -73.6     -72.0     -70.5     -68.3     -66.6     -66.0     -66.5     -68.0     -63.4
  258    56.0   180.0     -56.9     -49.9     -42.3     -34.0     -25.2     -15.9      -6.3       3.5      13.5
  267    65.0   230.0     -86.7     -84.8     -83.0     -81.5     -78.8     -76.3     -74.6     -73.6     -73.1     -66.8
  277    65.0   180.0     -59.3     -51.5     -43.3     -34.7     -25.7     -16.3      -6.6       3.2      13.2
  286    75.0   230.0     -96.2     -94.2     -92.4     -90.7     -87.7     -84.4     -81.7     -79.3     -77.3     -69.6
  296    75.0   180.0     -61.3     -53.0     -44.4     -35.4     -26.2     -16.7      -7.0       2.8      12.8
  305    86.0   230.0    -103.5    -101.5     -99.6     -97.8     -94.4     -90.5     -87.0     -83.6     -80.4     -71.9
  315    86.0   180.0     -63.1     -54.2     -45.3     -36.1     -26.7     -17.2      -7.5       2.4      12.4
  324    98.0   230.0    -108.4    -106.4    -104.5    -102.6     -99.0     -94.7     -90.6     -86.6     -82.6     -73.6
  334    98.0   180.0     -64.4     -55.2     -46.0     -36.7     -27.2     -17.7      -8.0       1.9      11.8
  343   111.0   230.0    -111.3    -109.3    -107.3    -105.4    -101.6     -97.1     -92.6     -88.2     -83.9     -74.6
  353   111.0   180.0     -65.2     -55.8     -46.5     -37.1     -27.6     -18.1      -8.5       1.3      11.2
  362   125.0   230.0    -112.2    -110.2    -108.2    -106.3    -102.5     -97.8     -93.3     -88.8     -84.4     -74.9
  372   125.0   180.0     -65.4     -56.0     -46.7     -37.3     -27.8     -18.3      -8.9        .6      10.2


 Time  ***  14400.0000 ***

    n    x(n)   z(n)       h(n)      h(n+1) ...

    1      .0   230.0        .0        .0        .0       -.2      -1.7      -5.0      -9.7     -16.4     -27.1     -40.8
   11      .0   180.0     -42.3     -40.8     -36.7     -30.6     -23.0     -14.4      -5.0       4.7      14.6
   20     5.0   230.0        .0        .0       -.1       -.5      -2.3      -5.7     -10.4     -17.2     -28.4     -41.1
   30     5.0   180.0     -42.6     -41.0     -36.8     -30.7     -23.0     -14.4      -5.1       4.7      14.6
   39    10.0   230.0        .0       -.1       -.6      -1.4      -3.6      -7.3     -12.2     -19.1     -30.5     -42.0
   49    10.0   180.0     -43.2     -41.3     -37.0     -30.8     -23.1     -14.4      -5.1       4.6      14.5
   58    14.0   230.0        .0       -.6      -1.7      -3.0      -5.8      -9.7     -14.5     -21.4     -32.8     -43.2
   68    14.0   180.0     -43.9     -41.8     -37.3     -30.9     -23.2     -14.5      -5.1       4.6      14.5
   77    17.0   230.0        .0      -2.0      -3.8      -5.4      -8.3     -12.1     -16.9     -23.6     -34.8     -44.3
   87    17.0   180.0     -44.5     -42.2     -37.5     -31.1     -23.3     -14.5      -5.2       4.6      14.5
   96    19.0   230.0      -5.7      -5.9      -6.8      -8.0     -10.5     -14.1     -18.7     -25.3     -36.2     -45.1
  106    19.0   180.0     -45.0     -42.5     -37.7     -31.2     -23.3     -14.6      -5.2       4.5      14.4
  115    21.0   230.0     -11.3     -10.4     -10.5     -11.1     -13.1     -16.3     -20.7     -27.1     -37.8     -46.0
  125    21.0   180.0     -45.6     -42.8     -37.9     -31.3     -23.4     -14.6      -5.2       4.5      14.4
  134    23.0   230.0     -16.3     -14.9     -14.5     -14.6     -15.9     -18.8     -22.9     -29.1     -39.4     -46.9
  144    23.0   180.0     -46.2     -43.1     -38.1     -31.4     -23.5     -14.7      -5.3       4.5      14.4
  153    26.0   230.0     -23.0     -21.4     -20.5     -20.1     -20.6     -22.8     -26.5     -32.4     -42.1     -48.4
  163    26.0   180.0     -47.1     -43.7     -38.4     -31.6     -23.6     -14.7      -5.3       4.4      14.3
  172    30.0   230.0     -31.2     -29.5     -28.3     -27.6     -27.3     -28.7     -31.8     -37.1     -45.9     -50.5
  182    30.0   180.0     -48.4     -44.5     -38.9     -31.9     -23.8     -14.9      -5.4       4.3      14.3
  191    35.0   230.0     -40.9     -39.1     -37.7     -36.7     -35.8     -36.4     -38.8     -43.3     -50.8     -53.2
  201    35.0   180.0     -50.1     -45.5     -39.5     -32.2     -24.0     -15.0      -5.6       4.2      14.1
  210    41.0   230.0     -51.8     -50.0     -48.5     -47.3     -45.9     -45.7     -47.2     -50.6     -56.4     -56.3
  220    41.0   180.0     -52.1     -46.8     -40.3     -32.7     -24.3     -15.3      -5.7       4.0      14.0
  229    48.0   230.0     -63.5     -61.7     -60.1     -58.8     -57.0     -56.0     -56.5     -58.6     -62.3     -59.8
  239    48.0   180.0     -54.4     -48.3     -41.2     -33.3     -24.7     -15.5      -6.0       3.8      13.8
  248    56.0   230.0     -75.4     -73.5     -71.9     -70.4     -68.2     -66.5     -65.9     -66.4     -67.9     -63.4
  258    56.0   180.0     -56.8     -49.9     -42.2     -34.0     -25.1     -15.9      -6.3       3.6      13.5
  267    65.0   230.0     -86.5     -84.6     -82.8     -81.3     -78.6     -76.1     -74.4     -73.4     -73.0     -66.7
  277    65.0   180.0     -59.2     -51.4     -43.3     -34.7     -25.6     -16.3      -6.6       3.2      13.2
  286    75.0   230.0     -95.9     -94.0     -92.2     -90.5     -87.4     -84.2     -81.5     -79.1     -77.1     -69.5
  296    75.0   180.0     -61.3     -52.9     -44.3     -35.4     -26.2     -16.7      -7.0       2.9      12.8
  305    86.0   230.0    -103.1    -101.1     -99.2     -97.4     -94.1     -90.2     -86.7     -83.4     -80.3     -71.8
  315    86.0   180.0     -63.0     -54.2     -45.2     -36.1     -26.7     -17.2      -7.4       2.4      12.4
  324    98.0   230.0    -107.9    -105.9    -104.0    -102.2     -98.6     -94.3     -90.2     -86.3     -82.4     -73.4
  334    98.0   180.0     -64.2     -55.1     -45.9     -36.6     -27.2     -17.6      -7.9       1.9      11.9
  343   111.0   230.0    -110.7    -108.7    -106.7    -104.8    -101.1     -96.6     -92.2     -87.9     -83.7     -74.4
  353   111.0   180.0     -65.0     -55.7     -46.4     -37.1     -27.6     -18.1      -8.4       1.3      11.2
  362   125.0   230.0    -111.6    -109.6    -107.6    -105.7    -101.9     -97.4     -92.9     -88.5     -84.2     -74.8
  372   125.0   180.0     -65.3     -56.0     -46.6     -37.2     -27.8     -18.3      -8.8        .6      10.2
