

 Time  ***       .0000 ***

    n    x(n)   z(n)      Temp(n)   Temp(n+1)  ...

    1      .0   230.0  .200E+02  .200E+02  .200E+02  .200E+02  .200E+02  .200E+02  .200E+02  .200E+02  .200E+02  .200E+02
   11      .0   180.0  .200E+02  .200E+02  .200E+02  .200E+02  .200E+02  .200E+02  .200E+02  .200E+02  .200E+02
   20     5.0   230.0  .200E+02  .200E+02  .200E+02  .200E+02  .200E+02  .200E+02  .200E+02  .200E+02  .200E+02  .200E+02
   30     5.0   180.0  .200E+02  .200E+02  .200E+02  .200E+02  .200E+02  .200E+02  .200E+02  .200E+02  .200E+02
   39    10.0   230.0  .200E+02  .200E+02  .200E+02  .200E+02  .200E+02  .200E+02  .200E+02  .200E+02  .200E+02  .200E+02
   49    10.0   180.0  .200E+02  .200E+02  .200E+02  .200E+02  .200E+02  .200E+02  .200E+02  .200E+02  .200E+02
   58    14.0   230.0  .200E+02  .200E+02  .200E+02  .200E+02  .200E+02  .200E+02  .200E+02  .200E+02  .200E+02  .200E+02
   68    14.0   180.0  .200E+02  .200E+02  .200E+02  .200E+02  .200E+02  .200E+02  .200E+02  .200E+02  .200E+02
   77    17.0   230.0  .200E+02  .200E+02  .200E+02  .200E+02  .200E+02  .200E+02  .200E+02  .200E+02  .200E+02  .200E+02
   87    17.0   180.0  .200E+02  .200E+02  .200E+02  .200E+02  .200E+02  .200E+02  .200E+02  .200E+02  .200E+02
   96    19.0   230.0  .200E+02  .200E+02  .200E+02  .200E+02  .200E+02  .200E+02  .200E+02  .200E+02  .200E+02  .200E+02
  106    19.0   180.0  .200E+02  .200E+02  .200E+02  .200E+02  .200E+02  .200E+02  .200E+02  .200E+02  .200E+02
  115    21.0   230.0  .200E+02  .200E+02  .200E+02  .200E+02  .200E+02  .200E+02  .200E+02  .200E+02  .200E+02  .200E+02
  125    21.0   180.0  .200E+02  .200E+02  .200E+02  .200E+02  .200E+02  .200E+02  .200E+02  .200E+02  .200E+02
  134    23.0   230.0  .200E+02  .200E+02  .200E+02  .200E+02  .200E+02  .200E+02  .200E+02  .200E+02  .200E+02  .200E+02
  144    23.0   180.0  .200E+02  .200E+02  .200E+02  .200E+02  .200E+02  .200E+02  .200E+02  .200E+02  .200E+02
  153    26.0   230.0  .200E+02  .200E+02  .200E+02  .200E+02  .200E+02  .200E+02  .200E+02  .200E+02  .200E+02  .200E+02
  163    26.0   180.0  .200E+02  .200E+02  .200E+02  .200E+02  .200E+02  .200E+02  .200E+02  .200E+02  .200E+02
  172    30.0   230.0  .200E+02  .200E+02  .200E+02  .200E+02  .200E+02  .200E+02  .200E+02  .200E+02  .200E+02  .200E+02
  182    30.0   180.0  .200E+02  .200E+02  .200E+02  .200E+02  .200E+02  .200E+02  .200E+02  .200E+02  .200E+02
  191    35.0   230.0  .200E+02  .200E+02  .200E+02  .200E+02  .200E+02  .200E+02  .200E+02  .200E+02  .200E+02  .200E+02
  201    35.0   180.0  .200E+02  .200E+02  .200E+02  .200E+02  .200E+02  .200E+02  .200E+02  .200E+02  .200E+02
  210    41.0   230.0  .200E+02  .200E+02  .200E+02  .200E+02  .200E+02  .200E+02  .200E+02  .200E+02  .200E+02  .200E+02
  220    41.0   180.0  .200E+02  .200E+02  .200E+02  .200E+02  .200E+02  .200E+02  .200E+02  .200E+02  .200E+02
  229    48.0   230.0  .200E+02  .200E+02  .200E+02  .200E+02  .200E+02  .200E+02  .200E+02  .200E+02  .200E+02  .200E+02
  239    48.0   180.0  .200E+02  .200E+02  .200E+02  .200E+02  .200E+02  .200E+02  .200E+02  .200E+02  .200E+02
  248    56.0   230.0  .200E+02  .200E+02  .200E+02  .200E+02  .200E+02  .200E+02  .200E+02  .200E+02  .200E+02  .200E+02
  258    56.0   180.0  .200E+02  .200E+02  .200E+02  .200E+02  .200E+02  .200E+02  .200E+02  .200E+02  .200E+02
  267    65.0   230.0  .200E+02  .200E+02  .200E+02  .200E+02  .200E+02  .200E+02  .200E+02  .200E+02  .200E+02  .200E+02
  277    65.0   180.0  .200E+02  .200E+02  .200E+02  .200E+02  .200E+02  .200E+02  .200E+02  .200E+02  .200E+02
  286    75.0   230.0  .200E+02  .200E+02  .200E+02  .200E+02  .200E+02  .200E+02  .200E+02  .200E+02  .200E+02  .200E+02
  296    75.0   180.0  .200E+02  .200E+02  .200E+02  .200E+02  .200E+02  .200E+02  .200E+02  .200E+02  .200E+02
  305    86.0   230.0  .200E+02  .200E+02  .200E+02  .200E+02  .200E+02  .200E+02  .200E+02  .200E+02  .200E+02  .200E+02
  315    86.0   180.0  .200E+02  .200E+02  .200E+02  .200E+02  .200E+02  .200E+02  .200E+02  .200E+02  .200E+02
  324    98.0   230.0  .200E+02  .200E+02  .200E+02  .200E+02  .200E+02  .200E+02  .200E+02  .200E+02  .200E+02  .200E+02
  334    98.0   180.0  .200E+02  .200E+02  .200E+02  .200E+02  .200E+02  .200E+02  .200E+02  .200E+02  .200E+02
  343   111.0   230.0  .200E+02  .200E+02  .200E+02  .200E+02  .200E+02  .200E+02  .200E+02  .200E+02  .200E+02  .200E+02
  353   111.0   180.0  .200E+02  .200E+02  .200E+02  .200E+02  .200E+02  .200E+02  .200E+02  .200E+02  .200E+02
  362   125.0   230.0  .200E+02  .200E+02  .200E+02  .200E+02  .200E+02  .200E+02  .200E+02  .200E+02  .200E+02  .200E+02
  372   125.0   180.0  .200E+02  .200E+02  .200E+02  .200E+02  .200E+02  .200E+02  .200E+02  .200E+02  .200E+02


 Time  ***    720.0000 ***

    n    x(n)   z(n)      Temp(n)   Temp(n+1)  ...

    1      .0   230.0  .279E+02  .274E+02  .270E+02  .264E+02  .254E+02  .241E+02  .229E+02  .220E+02  .213E+02  .205E+02
   11      .0   180.0  .202E+02  .200E+02  .200E+02  .200E+02  .200E+02  .200E+02  .200E+02  .200E+02  .200E+02
   20     5.0   230.0  .277E+02  .273E+02  .268E+02  .263E+02  .252E+02  .239E+02  .228E+02  .219E+02  .212E+02  .205E+02
   30     5.0   180.0  .201E+02  .200E+02  .200E+02  .200E+02  .200E+02  .200E+02  .200E+02  .200E+02  .200E+02
   39    10.0   230.0  .275E+02  .270E+02  .265E+02  .259E+02  .248E+02  .236E+02  .226E+02  .217E+02  .211E+02  .204E+02
   49    10.0   180.0  .201E+02  .200E+02  .200E+02  .200E+02  .200E+02  .200E+02  .200E+02  .200E+02  .200E+02
   58    14.0   230.0  .273E+02  .266E+02  .260E+02  .254E+02  .243E+02  .232E+02  .223E+02  .215E+02  .210E+02  .204E+02
   68    14.0   180.0  .201E+02  .200E+02  .200E+02  .200E+02  .200E+02  .200E+02  .200E+02  .200E+02  .200E+02
   77    17.0   230.0  .270E+02  .261E+02  .254E+02  .248E+02  .239E+02  .229E+02  .220E+02  .214E+02  .209E+02  .203E+02
   87    17.0   180.0  .201E+02  .200E+02  .200E+02  .200E+02  .200E+02  .200E+02  .200E+02  .200E+02  .200E+02
   96    19.0   230.0  .255E+02  .252E+02  .248E+02  .243E+02  .235E+02  .226E+02  .219E+02  .213E+02  .208E+02  .203E+02
  106    19.0   180.0  .201E+02  .200E+02  .200E+02  .200E+02  .200E+02  .200E+02  .200E+02  .200E+02  .200E+02
  115    21.0   230.0  .245E+02  .243E+02  .241E+02  .238E+02  .231E+02  .223E+02  .217E+02  .211E+02  .207E+02  .203E+02
  125    21.0   180.0  .201E+02  .200E+02  .200E+02  .200E+02  .200E+02  .200E+02  .200E+02  .200E+02  .200E+02
  134    23.0   230.0  .237E+02  .236E+02  .235E+02  .232E+02  .227E+02  .221E+02  .215E+02  .210E+02  .207E+02  .203E+02
  144    23.0   180.0  .201E+02  .200E+02  .200E+02  .200E+02  .200E+02  .200E+02  .200E+02  .200E+02  .200E+02
  153    26.0   230.0  .228E+02  .228E+02  .227E+02  .225E+02  .222E+02  .217E+02  .212E+02  .208E+02  .206E+02  .202E+02
  163    26.0   180.0  .201E+02  .200E+02  .200E+02  .200E+02  .200E+02  .200E+02  .200E+02  .200E+02  .200E+02
  172    30.0   230.0  .219E+02  .219E+02  .219E+02  .218E+02  .216E+02  .212E+02  .209E+02  .206E+02  .204E+02  .202E+02
  182    30.0   180.0  .201E+02  .200E+02  .200E+02  .200E+02  .200E+02  .200E+02  .200E+02  .200E+02  .200E+02
  191    35.0   230.0  .212E+02  .212E+02  .212E+02  .211E+02  .210E+02  .208E+02  .206E+02  .204E+02  .203E+02  .201E+02
  201    35.0   180.0  .200E+02  .200E+02  .200E+02  .200E+02  .200E+02  .200E+02  .200E+02  .200E+02  .200E+02
  210    41.0   230.0  .206E+02  .206E+02  .206E+02  .206E+02  .205E+02  .204E+02  .203E+02  .202E+02  .202E+02  .201E+02
  220    41.0   180.0  .200E+02  .200E+02  .200E+02  .200E+02  .200E+02  .200E+02  .200E+02  .200E+02  .200E+02
  229    48.0   230.0  .203E+02  .203E+02  .203E+02  .203E+02  .203E+02  .202E+02  .202E+02  .201E+02  .201E+02  .200E+02
  239    48.0   180.0  .200E+02  .200E+02  .200E+02  .200E+02  .200E+02  .200E+02  .200E+02  .200E+02  .200E+02
  248    56.0   230.0  .201E+02  .201E+02  .201E+02  .201E+02  .201E+02  .201E+02  .201E+02  .200E+02  .200E+02  .200E+02
  258    56.0   180.0  .200E+02  .200E+02  .200E+02  .200E+02  .200E+02  .200E+02  .200E+02  .200E+02  .200E+02
  267    65.0   230.0  .200E+02  .200E+02  .200E+02  .200E+02  .200E+02  .200E+02  .200E+02  .200E+02  .200E+02  .200E+02
  277    65.0   180.0  .200E+02  .200E+02  .200E+02  .200E+02  .200E+02  .200E+02  .200E+02  .200E+02  .200E+02
  286    75.0   230.0  .200E+02  .200E+02  .200E+02  .200E+02  .200E+02  .200E+02  .200E+02  .200E+02  .200E+02  .200E+02
  296    75.0   180.0  .200E+02  .200E+02  .200E+02  .200E+02  .200E+02  .200E+02  .200E+02  .200E+02  .200E+02
  305    86.0   230.0  .200E+02  .200E+02  .200E+02  .200E+02  .200E+02  .200E+02  .200E+02  .200E+02  .200E+02  .200E+02
  315    86.0   180.0  .200E+02  .200E+02  .200E+02  .200E+02  .200E+02  .200E+02  .200E+02  .200E+02  .200E+02
  324    98.0   230.0  .200E+02  .200E+02  .200E+02  .200E+02  .200E+02  .200E+02  .200E+02  .200E+02  .200E+02  .200E+02
  334    98.0   180.0  .200E+02  .200E+02  .200E+02  .200E+02  .200E+02  .200E+02  .199E+02  .199E+02  .199E+02
  343   111.0   230.0  .200E+02  .200E+02  .200E+02  .200E+02  .200E+02  .200E+02  .200E+02  .200E+02  .200E+02  .200E+02
  353   111.0   180.0  .200E+02  .200E+02  .200E+02  .200E+02  .200E+02  .199E+02  .198E+02  .196E+02  .196E+02
  362   125.0   230.0  .200E+02  .200E+02  .200E+02  .200E+02  .200E+02  .200E+02  .200E+02  .200E+02  .200E+02  .200E+02
  372   125.0   180.0  .200E+02  .200E+02  .200E+02  .200E+02  .199E+02  .198E+02  .195E+02  .186E+02  .190E+02


 Time  ***   1440.0000 ***

    n    x(n)   z(n)      Temp(n)   Temp(n+1)  ...

    1      .0   230.0  .282E+02  .278E+02  .275E+02  .270E+02  .261E+02  .250E+02  .240E+02  .231E+02  .223E+02  .213E+02
   11      .0   180.0  .206E+02  .203E+02  .201E+02  .200E+02  .200E+02  .200E+02  .200E+02  .200E+02  .200E+02
   20     5.0   230.0  .281E+02  .277E+02  .273E+02  .269E+02  .260E+02  .248E+02  .238E+02  .230E+02  .222E+02  .212E+02
   30     5.0   180.0  .206E+02  .203E+02  .201E+02  .200E+02  .200E+02  .200E+02  .200E+02  .200E+02  .200E+02
   39    10.0   230.0  .279E+02  .274E+02  .270E+02  .265E+02  .256E+02  .245E+02  .236E+02  .228E+02  .221E+02  .212E+02
   49    10.0   180.0  .206E+02  .203E+02  .201E+02  .200E+02  .200E+02  .200E+02  .200E+02  .200E+02  .200E+02
   58    14.0   230.0  .276E+02  .271E+02  .265E+02  .260E+02  .251E+02  .241E+02  .233E+02  .225E+02  .219E+02  .211E+02
   68    14.0   180.0  .205E+02  .202E+02  .201E+02  .200E+02  .200E+02  .200E+02  .200E+02  .200E+02  .200E+02
   77    17.0   230.0  .273E+02  .266E+02  .260E+02  .255E+02  .247E+02  .238E+02  .230E+02  .223E+02  .218E+02  .210E+02
   87    17.0   180.0  .205E+02  .202E+02  .201E+02  .200E+02  .200E+02  .200E+02  .200E+02  .200E+02  .200E+02
   96    19.0   230.0  .260E+02  .258E+02  .254E+02  .250E+02  .243E+02  .235E+02  .228E+02  .222E+02  .217E+02  .209E+02
  106    19.0   180.0  .205E+02  .202E+02  .201E+02  .200E+02  .200E+02  .200E+02  .200E+02  .200E+02  .200E+02
  115    21.0   230.0  .251E+02  .250E+02  .248E+02  .245E+02  .239E+02  .232E+02  .226E+02  .220E+02  .216E+02  .209E+02
  125    21.0   180.0  .204E+02  .202E+02  .201E+02  .200E+02  .200E+02  .200E+02  .200E+02  .200E+02  .200E+02
  134    23.0   230.0  .244E+02  .244E+02  .242E+02  .240E+02  .236E+02  .229E+02  .224E+02  .219E+02  .214E+02  .208E+02
  144    23.0   180.0  .204E+02  .202E+02  .201E+02  .200E+02  .200E+02  .200E+02  .200E+02  .200E+02  .200E+02
  153    26.0   230.0  .236E+02  .235E+02  .235E+02  .233E+02  .230E+02  .225E+02  .221E+02  .217E+02  .213E+02  .207E+02
  163    26.0   180.0  .204E+02  .202E+02  .201E+02  .200E+02  .200E+02  .200E+02  .200E+02  .200E+02  .200E+02
  172    30.0   230.0  .227E+02  .227E+02  .227E+02  .226E+02  .224E+02  .220E+02  .217E+02  .214E+02  .211E+02  .206E+02
  182    30.0   180.0  .203E+02  .201E+02  .201E+02  .200E+02  .200E+02  .200E+02  .200E+02  .200E+02  .200E+02
  191    35.0   230.0  .219E+02  .219E+02  .219E+02  .218E+02  .217E+02  .215E+02  .213E+02  .210E+02  .208E+02  .205E+02
  201    35.0   180.0  .202E+02  .201E+02  .200E+02  .200E+02  .200E+02  .200E+02  .200E+02  .200E+02  .200E+02
  210    41.0   230.0  .213E+02  .213E+02  .212E+02  .212E+02  .211E+02  .210E+02  .209E+02  .207E+02  .206E+02  .203E+02
  220    41.0   180.0  .202E+02  .201E+02  .200E+02  .200E+02  .200E+02  .200E+02  .200E+02  .200E+02  .200E+02
  229    48.0   230.0  .207E+02  .207E+02  .207E+02  .207E+02  .207E+02  .206E+02  .205E+02  .204E+02  .204E+02  .202E+02
  239    48.0   180.0  .201E+02  .201E+02  .200E+02  .200E+02  .200E+02  .200E+02  .200E+02  .200E+02  .200E+02
  248    56.0   230.0  .204E+02  .204E+02  .204E+02  .204E+02  .204E+02  .203E+02  .203E+02  .202E+02  .202E+02  .201E+02
  258    56.0   180.0  .201E+02  .200E+02  .200E+02  .200E+02  .200E+02  .200E+02  .200E+02  .200E+02  .200E+02
  267    65.0   230.0  .202E+02  .202E+02  .202E+02  .202E+02  .202E+02  .202E+02  .201E+02  .201E+02  .201E+02  .201E+02
  277    65.0   180.0  .200E+02  .200E+02  .200E+02  .200E+02  .200E+02  .200E+02  .200E+02  .200E+02  .200E+02
  286    75.0   230.0  .201E+02  .201E+02  .201E+02  .201E+02  .201E+02  .201E+02  .201E+02  .200E+02  .200E+02  .200E+02
  296    75.0   180.0  .200E+02  .200E+02  .200E+02  .200E+02  .200E+02  .200E+02  .200E+02  .199E+02  .199E+02
  305    86.0   230.0  .200E+02  .200E+02  .200E+02  .200E+02  .200E+02  .200E+02  .200E+02  .200E+02  .200E+02  .200E+02
  315    86.0   180.0  .200E+02  .200E+02  .200E+02  .200E+02  .200E+02  .199E+02  .199E+02  .199E+02  .199E+02
  324    98.0   230.0  .200E+02  .200E+02  .200E+02  .200E+02  .200E+02  .200E+02  .200E+02  .200E+02  .200E+02  .200E+02
  334    98.0   180.0  .200E+02  .200E+02  .200E+02  .200E+02  .199E+02  .199E+02  .198E+02  .197E+02  .197E+02
  343   111.0   230.0  .200E+02  .200E+02  .200E+02  .200E+02  .200E+02  .200E+02  .200E+02  .200E+02  .200E+02  .200E+02
  353   111.0   180.0  .200E+02  .200E+02  .200E+02  .199E+02  .199E+02  .197E+02  .196E+02  .194E+02  .194E+02
  362   125.0   230.0  .200E+02  .200E+02  .200E+02  .200E+02  .200E+02  .200E+02  .200E+02  .200E+02  .200E+02  .200E+02
  372   125.0   180.0  .200E+02  .200E+02  .200E+02  .199E+02  .198E+02  .196E+02  .193E+02  .188E+02  .190E+02


 Time  ***   3600.0000 ***

    n    x(n)   z(n)      Temp(n)   Temp(n+1)  ...

    1      .0   230.0  .285E+02  .282E+02  .279E+02  .275E+02  .268E+02  .258E+02  .249E+02  .242E+02  .235E+02  .224E+02
   11      .0   180.0  .216E+02  .210E+02  .206E+02  .204E+02  .202E+02  .201E+02  .201E+02  .200E+02  .200E+02
   20     5.0   230.0  .284E+02  .281E+02  .277E+02  .274E+02  .266E+02  .257E+02  .248E+02  .240E+02  .234E+02  .224E+02
   30     5.0   180.0  .216E+02  .210E+02  .206E+02  .204E+02  .202E+02  .201E+02  .201E+02  .200E+02  .200E+02
   39    10.0   230.0  .282E+02  .278E+02  .275E+02  .271E+02  .263E+02  .254E+02  .246E+02  .238E+02  .232E+02  .223E+02
   49    10.0   180.0  .215E+02  .210E+02  .206E+02  .204E+02  .202E+02  .201E+02  .201E+02  .200E+02  .200E+02
   58    14.0   230.0  .280E+02  .275E+02  .271E+02  .266E+02  .259E+02  .250E+02  .243E+02  .236E+02  .230E+02  .221E+02
   68    14.0   180.0  .214E+02  .209E+02  .206E+02  .203E+02  .202E+02  .201E+02  .200E+02  .200E+02  .200E+02
   77    17.0   230.0  .277E+02  .271E+02  .266E+02  .262E+02  .254E+02  .247E+02  .240E+02  .234E+02  .229E+02  .220E+02
   87    17.0   180.0  .214E+02  .209E+02  .206E+02  .203E+02  .202E+02  .201E+02  .200E+02  .200E+02  .200E+02
   96    19.0   230.0  .266E+02  .264E+02  .261E+02  .257E+02  .251E+02  .244E+02  .238E+02  .233E+02  .228E+02  .220E+02
  106    19.0   180.0  .213E+02  .209E+02  .205E+02  .203E+02  .202E+02  .201E+02  .200E+02  .200E+02  .200E+02
  115    21.0   230.0  .258E+02  .257E+02  .255E+02  .253E+02  .248E+02  .242E+02  .236E+02  .231E+02  .226E+02  .219E+02
  125    21.0   180.0  .213E+02  .208E+02  .205E+02  .203E+02  .202E+02  .201E+02  .200E+02  .200E+02  .200E+02
  134    23.0   230.0  .252E+02  .251E+02  .250E+02  .248E+02  .244E+02  .239E+02  .234E+02  .229E+02  .225E+02  .218E+02
  144    23.0   180.0  .212E+02  .208E+02  .205E+02  .203E+02  .202E+02  .201E+02  .200E+02  .200E+02  .200E+02
  153    26.0   230.0  .244E+02  .244E+02  .243E+02  .242E+02  .239E+02  .235E+02  .231E+02  .227E+02  .223E+02  .217E+02
  163    26.0   180.0  .212E+02  .208E+02  .205E+02  .203E+02  .202E+02  .201E+02  .200E+02  .200E+02  .200E+02
  172    30.0   230.0  .236E+02  .236E+02  .236E+02  .235E+02  .233E+02  .230E+02  .227E+02  .224E+02  .221E+02  .215E+02
  182    30.0   180.0  .210E+02  .207E+02  .204E+02  .203E+02  .201E+02  .201E+02  .200E+02  .200E+02  .200E+02
  191    35.0   230.0  .229E+02  .229E+02  .228E+02  .228E+02  .227E+02  .225E+02  .222E+02  .220E+02  .217E+02  .213E+02
  201    35.0   180.0  .209E+02  .206E+02  .204E+02  .202E+02  .201E+02  .201E+02  .200E+02  .200E+02  .200E+02
  210    41.0   230.0  .222E+02  .222E+02  .221E+02  .221E+02  .220E+02  .219E+02  .218E+02  .216E+02  .214E+02  .211E+02
  220    41.0   180.0  .208E+02  .205E+02  .203E+02  .202E+02  .201E+02  .200E+02  .200E+02  .200E+02  .200E+02
  229    48.0   230.0  .216E+02  .216E+02  .215E+02  .215E+02  .215E+02  .214E+02  .213E+02  .212E+02  .211E+02  .208E+02
  239    48.0   180.0  .206E+02  .204E+02  .202E+02  .201E+02  .201E+02  .200E+02  .200E+02  .200E+02  .200E+02
  248    56.0   230.0  .211E+02  .211E+02  .211E+02  .210E+02  .210E+02  .210E+02  .209E+02  .208E+02  .208E+02  .206E+02
  258    56.0   180.0  .204E+02  .203E+02  .202E+02  .201E+02  .200E+02  .200E+02  .200E+02  .199E+02  .199E+02
  267    65.0   230.0  .207E+02  .207E+02  .207E+02  .207E+02  .207E+02  .206E+02  .206E+02  .205E+02  .205E+02  .204E+02
  277    65.0   180.0  .203E+02  .202E+02  .201E+02  .200E+02  .200E+02  .199E+02  .199E+02  .199E+02  .199E+02
  286    75.0   230.0  .204E+02  .204E+02  .204E+02  .204E+02  .204E+02  .204E+02  .204E+02  .203E+02  .203E+02  .202E+02
  296    75.0   180.0  .202E+02  .201E+02  .200E+02  .200E+02  .199E+02  .199E+02  .199E+02  .199E+02  .199E+02
  305    86.0   230.0  .202E+02  .202E+02  .202E+02  .202E+02  .202E+02  .202E+02  .202E+02  .202E+02  .202E+02  .201E+02
  315    86.0   180.0  .201E+02  .200E+02  .200E+02  .199E+02  .199E+02  .199E+02  .198E+02  .198E+02  .198E+02
  324    98.0   230.0  .201E+02  .201E+02  .201E+02  .201E+02  .201E+02  .201E+02  .201E+02  .201E+02  .201E+02  .201E+02
  334    98.0   180.0  .200E+02  .200E+02  .199E+02  .199E+02  .199E+02  .198E+02  .198E+02  .198E+02  .198E+02
  343   111.0   230.0  .201E+02  .201E+02  .201E+02  .201E+02  .201E+02  .201E+02  .200E+02  .200E+02  .200E+02  .200E+02
  353   111.0   180.0  .200E+02  .200E+02  .199E+02  .199E+02  .198E+02  .198E+02  .198E+02  .197E+02  .197E+02
  362   125.0   230.0  .200E+02  .200E+02  .200E+02  .200E+02  .200E+02  .200E+02  .200E+02  .200E+02  .200E+02  .200E+02
  372   125.0   180.0  .200E+02  .199E+02  .199E+02  .199E+02  .198E+02  .198E+02  .197E+02  .197E+02  .197E+02


 Time  ***   7200.0000 ***

    n    x(n)   z(n)      Temp(n)   Temp(n+1)  ...

    1      .0   230.0  .286E+02  .284E+02  .281E+02  .278E+02  .271E+02  .262E+02  .254E+02  .247E+02  .241E+02  .231E+02
   11      .0   180.0  .223E+02  .216E+02  .212E+02  .208E+02  .206E+02  .204E+02  .203E+02  .202E+02  .202E+02
   20     5.0   230.0  .286E+02  .283E+02  .279E+02  .276E+02  .269E+02  .261E+02  .253E+02  .246E+02  .240E+02  .230E+02
   30     5.0   180.0  .222E+02  .216E+02  .212E+02  .208E+02  .206E+02  .204E+02  .203E+02  .202E+02  .202E+02
   39    10.0   230.0  .284E+02  .281E+02  .277E+02  .273E+02  .266E+02  .258E+02  .251E+02  .244E+02  .238E+02  .229E+02
   49    10.0   180.0  .222E+02  .216E+02  .211E+02  .208E+02  .206E+02  .204E+02  .203E+02  .202E+02  .202E+02
   58    14.0   230.0  .282E+02  .278E+02  .273E+02  .270E+02  .263E+02  .255E+02  .248E+02  .242E+02  .237E+02  .228E+02
   68    14.0   180.0  .221E+02  .215E+02  .211E+02  .208E+02  .205E+02  .204E+02  .203E+02  .202E+02  .202E+02
   77    17.0   230.0  .279E+02  .273E+02  .269E+02  .265E+02  .259E+02  .252E+02  .245E+02  .240E+02  .235E+02  .227E+02
   87    17.0   180.0  .220E+02  .215E+02  .211E+02  .208E+02  .205E+02  .204E+02  .203E+02  .202E+02  .202E+02
   96    19.0   230.0  .269E+02  .267E+02  .264E+02  .261E+02  .256E+02  .249E+02  .244E+02  .238E+02  .234E+02  .226E+02
  106    19.0   180.0  .220E+02  .215E+02  .210E+02  .207E+02  .205E+02  .204E+02  .202E+02  .202E+02  .202E+02
  115    21.0   230.0  .262E+02  .261E+02  .259E+02  .257E+02  .253E+02  .247E+02  .242E+02  .237E+02  .233E+02  .225E+02
  125    21.0   180.0  .219E+02  .214E+02  .210E+02  .207E+02  .205E+02  .203E+02  .202E+02  .202E+02  .202E+02
  134    23.0   230.0  .256E+02  .256E+02  .254E+02  .253E+02  .249E+02  .245E+02  .240E+02  .235E+02  .231E+02  .225E+02
  144    23.0   180.0  .219E+02  .214E+02  .210E+02  .207E+02  .205E+02  .203E+02  .202E+02  .202E+02  .202E+02
  153    26.0   230.0  .249E+02  .249E+02  .248E+02  .247E+02  .245E+02  .241E+02  .237E+02  .233E+02  .229E+02  .223E+02
  163    26.0   180.0  .218E+02  .213E+02  .210E+02  .207E+02  .205E+02  .203E+02  .202E+02  .202E+02  .201E+02
  172    30.0   230.0  .242E+02  .242E+02  .241E+02  .241E+02  .239E+02  .236E+02  .233E+02  .230E+02  .227E+02  .221E+02
  182    30.0   180.0  .216E+02  .212E+02  .209E+02  .206E+02  .204E+02  .203E+02  .202E+02  .202E+02  .201E+02
  191    35.0   230.0  .234E+02  .234E+02  .234E+02  .234E+02  .233E+02  .231E+02  .228E+02  .226E+02  .224E+02  .219E+02
  201    35.0   180.0  .215E+02  .211E+02  .208E+02  .206E+02  .204E+02  .203E+02  .202E+02  .201E+02  .201E+02
  210    41.0   230.0  .228E+02  .227E+02  .227E+02  .227E+02  .226E+02  .225E+02  .224E+02  .222E+02  .220E+02  .216E+02
  220    41.0   180.0  .213E+02  .210E+02  .207E+02  .205E+02  .204E+02  .202E+02  .202E+02  .201E+02  .201E+02
  229    48.0   230.0  .221E+02  .221E+02  .221E+02  .221E+02  .221E+02  .220E+02  .219E+02  .218E+02  .216E+02  .214E+02
  239    48.0   180.0  .211E+02  .208E+02  .206E+02  .204E+02  .203E+02  .202E+02  .201E+02  .201E+02  .201E+02
  248    56.0   230.0  .216E+02  .216E+02  .216E+02  .216E+02  .216E+02  .215E+02  .214E+02  .214E+02  .213E+02  .211E+02
  258    56.0   180.0  .209E+02  .207E+02  .205E+02  .204E+02  .202E+02  .202E+02  .201E+02  .201E+02  .201E+02
  267    65.0   230.0  .212E+02  .212E+02  .212E+02  .212E+02  .212E+02  .211E+02  .211E+02  .210E+02  .210E+02  .208E+02
  277    65.0   180.0  .207E+02  .205E+02  .204E+02  .203E+02  .202E+02  .201E+02  .201E+02  .200E+02  .200E+02
  286    75.0   230.0  .208E+02  .208E+02  .208E+02  .208E+02  .208E+02  .208E+02  .208E+02  .207E+02  .207E+02  .206E+02
  296    75.0   180.0  .205E+02  .204E+02  .203E+02  .202E+02  .201E+02  .201E+02  .200E+02  .200E+02  .200E+02
  305    86.0   230.0  .206E+02  .206E+02  .206E+02  .206E+02  .206E+02  .205E+02  .205E+02  .205E+02  .205E+02  .204E+02
  315    86.0   180.0  .203E+02  .203E+02  .202E+02  .201E+02  .201E+02  .200E+02  .200E+02  .200E+02  .200E+02
  324    98.0   230.0  .204E+02  .204E+02  .204E+02  .204E+02  .204E+02  .204E+02  .204E+02  .203E+02  .203E+02  .203E+02
  334    98.0   180.0  .202E+02  .202E+02  .201E+02  .201E+02  .200E+02  .200E+02  .200E+02  .199E+02  .199E+02
  343   111.0   230.0  .203E+02  .203E+02  .203E+02  .203E+02  .203E+02  .203E+02  .203E+02  .202E+02  .202E+02  .202E+02
  353   111.0   180.0  .201E+02  .201E+02  .201E+02  .200E+02  .200E+02  .200E+02  .199E+02  .199E+02  .199E+02
  362   125.0   230.0  .202E+02  .202E+02  .202E+02  .202E+02  .202E+02  .202E+02  .202E+02  .202E+02  .202E+02  .202E+02
  372   125.0   180.0  .201E+02  .201E+02  .200E+02  .200E+02  .200E+02  .199E+02  .199E+02  .199E+02  .199E+02


 Time  ***  10800.0000 ***

    n    x(n)   z(n)      Temp(n)   Temp(n+1)  ...

    1      .0   230.0  .287E+02  .285E+02  .282E+02  .279E+02  .272E+02  .264E+02  .256E+02  .249E+02  .243E+02  .234E+02
   11      .0   180.0  .226E+02  .220E+02  .215E+02  .211E+02  .209E+02  .207E+02  .205E+02  .205E+02  .204E+02
   20     5.0   230.0  .286E+02  .283E+02  .280E+02  .277E+02  .271E+02  .263E+02  .255E+02  .249E+02  .243E+02  .233E+02
   30     5.0   180.0  .226E+02  .220E+02  .215E+02  .211E+02  .209E+02  .207E+02  .205E+02  .205E+02  .204E+02
   39    10.0   230.0  .285E+02  .281E+02  .278E+02  .275E+02  .268E+02  .260E+02  .253E+02  .247E+02  .241E+02  .232E+02
   49    10.0   180.0  .225E+02  .219E+02  .215E+02  .211E+02  .208E+02  .207E+02  .205E+02  .205E+02  .204E+02
   58    14.0   230.0  .283E+02  .279E+02  .275E+02  .271E+02  .264E+02  .257E+02  .250E+02  .245E+02  .239E+02  .231E+02
   68    14.0   180.0  .224E+02  .219E+02  .214E+02  .211E+02  .208E+02  .206E+02  .205E+02  .204E+02  .204E+02
   77    17.0   230.0  .280E+02  .274E+02  .270E+02  .267E+02  .261E+02  .254E+02  .248E+02  .243E+02  .238E+02  .230E+02
   87    17.0   180.0  .224E+02  .218E+02  .214E+02  .211E+02  .208E+02  .206E+02  .205E+02  .204E+02  .204E+02
   96    19.0   230.0  .270E+02  .268E+02  .266E+02  .263E+02  .258E+02  .252E+02  .246E+02  .241E+02  .237E+02  .229E+02
  106    19.0   180.0  .223E+02  .218E+02  .214E+02  .211E+02  .208E+02  .206E+02  .205E+02  .204E+02  .204E+02
  115    21.0   230.0  .263E+02  .263E+02  .261E+02  .259E+02  .255E+02  .249E+02  .244E+02  .240E+02  .236E+02  .229E+02
  125    21.0   180.0  .223E+02  .217E+02  .213E+02  .210E+02  .208E+02  .206E+02  .205E+02  .204E+02  .204E+02
  134    23.0   230.0  .258E+02  .258E+02  .257E+02  .255E+02  .252E+02  .247E+02  .243E+02  .238E+02  .234E+02  .228E+02
  144    23.0   180.0  .222E+02  .217E+02  .213E+02  .210E+02  .208E+02  .206E+02  .205E+02  .204E+02  .204E+02
  153    26.0   230.0  .251E+02  .251E+02  .251E+02  .250E+02  .247E+02  .243E+02  .240E+02  .236E+02  .233E+02  .226E+02
  163    26.0   180.0  .221E+02  .216E+02  .213E+02  .210E+02  .208E+02  .206E+02  .205E+02  .204E+02  .204E+02
  172    30.0   230.0  .244E+02  .244E+02  .244E+02  .243E+02  .242E+02  .239E+02  .236E+02  .233E+02  .230E+02  .225E+02
  182    30.0   180.0  .220E+02  .216E+02  .212E+02  .209E+02  .207E+02  .206E+02  .205E+02  .204E+02  .204E+02
  191    35.0   230.0  .237E+02  .237E+02  .237E+02  .237E+02  .235E+02  .234E+02  .231E+02  .229E+02  .227E+02  .222E+02
  201    35.0   180.0  .218E+02  .214E+02  .211E+02  .209E+02  .207E+02  .205E+02  .204E+02  .204E+02  .204E+02
  210    41.0   230.0  .231E+02  .231E+02  .230E+02  .230E+02  .229E+02  .228E+02  .227E+02  .225E+02  .223E+02  .220E+02
  220    41.0   180.0  .216E+02  .213E+02  .210E+02  .208E+02  .206E+02  .205E+02  .204E+02  .204E+02  .203E+02
  229    48.0   230.0  .225E+02  .225E+02  .225E+02  .224E+02  .224E+02  .223E+02  .222E+02  .221E+02  .220E+02  .217E+02
  239    48.0   180.0  .214E+02  .211E+02  .209E+02  .207E+02  .206E+02  .205E+02  .204E+02  .203E+02  .203E+02
  248    56.0   230.0  .219E+02  .219E+02  .219E+02  .219E+02  .219E+02  .218E+02  .218E+02  .217E+02  .216E+02  .214E+02
  258    56.0   180.0  .212E+02  .210E+02  .208E+02  .206E+02  .205E+02  .204E+02  .203E+02  .203E+02  .203E+02
  267    65.0   230.0  .215E+02  .215E+02  .215E+02  .215E+02  .215E+02  .214E+02  .214E+02  .213E+02  .213E+02  .211E+02
  277    65.0   180.0  .210E+02  .208E+02  .207E+02  .205E+02  .204E+02  .203E+02  .203E+02  .202E+02  .202E+02
  286    75.0   230.0  .212E+02  .212E+02  .211E+02  .211E+02  .211E+02  .211E+02  .211E+02  .210E+02  .210E+02  .209E+02
  296    75.0   180.0  .208E+02  .206E+02  .205E+02  .204E+02  .203E+02  .203E+02  .202E+02  .202E+02  .202E+02
  305    86.0   230.0  .209E+02  .209E+02  .209E+02  .209E+02  .209E+02  .208E+02  .208E+02  .208E+02  .208E+02  .207E+02
  315    86.0   180.0  .206E+02  .205E+02  .204E+02  .203E+02  .203E+02  .202E+02  .202E+02  .202E+02  .202E+02
  324    98.0   230.0  .207E+02  .207E+02  .207E+02  .207E+02  .207E+02  .207E+02  .206E+02  .206E+02  .206E+02  .205E+02
  334    98.0   180.0  .205E+02  .204E+02  .203E+02  .203E+02  .202E+02  .202E+02  .201E+02  .201E+02  .201E+02
  343   111.0   230.0  .206E+02  .206E+02  .206E+02  .206E+02  .206E+02  .205E+02  .205E+02  .205E+02  .205E+02  .204E+02
  353   111.0   180.0  .204E+02  .203E+02  .203E+02  .202E+02  .202E+02  .201E+02  .201E+02  .201E+02  .201E+02
  362   125.0   230.0  .205E+02  .205E+02  .205E+02  .205E+02  .205E+02  .205E+02  .205E+02  .205E+02  .205E+02  .204E+02
  372   125.0   180.0  .204E+02  .203E+02  .203E+02  .202E+02  .202E+02  .201E+02  .201E+02  .201E+02  .201E+02


 Time  ***  14400.0000 ***

    n    x(n)   z(n)      Temp(n)   Temp(n+1)  ...

    1      .0   230.0  .288E+02  .285E+02  .282E+02  .279E+02  .273E+02  .265E+02  .258E+02  .251E+02  .245E+02  .236E+02
   11      .0   180.0  .228E+02  .222E+02  .218E+02  .214E+02  .211E+02  .209E+02  .208E+02  .207E+02  .207E+02
   20     5.0   230.0  .287E+02  .284E+02  .281E+02  .278E+02  .272E+02  .264E+02  .257E+02  .250E+02  .244E+02  .235E+02
   30     5.0   180.0  .228E+02  .222E+02  .217E+02  .214E+02  .211E+02  .209E+02  .208E+02  .207E+02  .207E+02
   39    10.0   230.0  .285E+02  .282E+02  .279E+02  .276E+02  .269E+02  .261E+02  .255E+02  .248E+02  .243E+02  .235E+02
   49    10.0   180.0  .227E+02  .222E+02  .217E+02  .214E+02  .211E+02  .209E+02  .208E+02  .207E+02  .207E+02
   58    14.0   230.0  .283E+02  .279E+02  .275E+02  .272E+02  .265E+02  .258E+02  .252E+02  .246E+02  .241E+02  .233E+02
   68    14.0   180.0  .227E+02  .221E+02  .217E+02  .213E+02  .211E+02  .209E+02  .208E+02  .207E+02  .207E+02
   77    17.0   230.0  .281E+02  .275E+02  .271E+02  .268E+02  .262E+02  .255E+02  .250E+02  .245E+02  .240E+02  .232E+02
   87    17.0   180.0  .226E+02  .221E+02  .217E+02  .213E+02  .211E+02  .209E+02  .208E+02  .207E+02  .207E+02
   96    19.0   230.0  .271E+02  .269E+02  .267E+02  .264E+02  .259E+02  .253E+02  .248E+02  .243E+02  .239E+02  .232E+02
  106    19.0   180.0  .225E+02  .220E+02  .216E+02  .213E+02  .211E+02  .209E+02  .208E+02  .207E+02  .207E+02
  115    21.0   230.0  .265E+02  .264E+02  .262E+02  .260E+02  .256E+02  .251E+02  .246E+02  .242E+02  .238E+02  .231E+02
  125    21.0   180.0  .225E+02  .220E+02  .216E+02  .213E+02  .211E+02  .209E+02  .208E+02  .207E+02  .207E+02
  134    23.0   230.0  .259E+02  .259E+02  .258E+02  .257E+02  .253E+02  .249E+02  .244E+02  .240E+02  .237E+02  .230E+02
  144    23.0   180.0  .224E+02  .220E+02  .216E+02  .213E+02  .210E+02  .209E+02  .207E+02  .207E+02  .207E+02
  153    26.0   230.0  .253E+02  .253E+02  .252E+02  .251E+02  .249E+02  .245E+02  .242E+02  .238E+02  .235E+02  .229E+02
  163    26.0   180.0  .224E+02  .219E+02  .215E+02  .212E+02  .210E+02  .209E+02  .207E+02  .207E+02  .206E+02
  172    30.0   230.0  .246E+02  .246E+02  .246E+02  .245E+02  .243E+02  .241E+02  .238E+02  .235E+02  .232E+02  .227E+02
  182    30.0   180.0  .222E+02  .218E+02  .215E+02  .212E+02  .210E+02  .208E+02  .207E+02  .207E+02  .206E+02
  191    35.0   230.0  .239E+02  .239E+02  .239E+02  .239E+02  .238E+02  .236E+02  .234E+02  .231E+02  .229E+02  .225E+02
  201    35.0   180.0  .221E+02  .217E+02  .214E+02  .211E+02  .209E+02  .208E+02  .207E+02  .206E+02  .206E+02
  210    41.0   230.0  .233E+02  .233E+02  .233E+02  .232E+02  .232E+02  .231E+02  .229E+02  .227E+02  .226E+02  .222E+02
  220    41.0   180.0  .219E+02  .216E+02  .213E+02  .211E+02  .209E+02  .208E+02  .207E+02  .206E+02  .206E+02
  229    48.0   230.0  .227E+02  .227E+02  .227E+02  .227E+02  .226E+02  .226E+02  .225E+02  .223E+02  .222E+02  .219E+02
  239    48.0   180.0  .217E+02  .214E+02  .212E+02  .210E+02  .208E+02  .207E+02  .206E+02  .206E+02  .206E+02
  248    56.0   230.0  .222E+02  .222E+02  .222E+02  .222E+02  .222E+02  .221E+02  .220E+02  .220E+02  .219E+02  .217E+02
  258    56.0   180.0  .214E+02  .212E+02  .210E+02  .209E+02  .208E+02  .206E+02  .206E+02  .205E+02  .205E+02
  267    65.0   230.0  .218E+02  .218E+02  .218E+02  .218E+02  .217E+02  .217E+02  .217E+02  .216E+02  .215E+02  .214E+02
  277    65.0   180.0  .212E+02  .211E+02  .209E+02  .208E+02  .207E+02  .206E+02  .205E+02  .205E+02  .205E+02
  286    75.0   230.0  .214E+02  .214E+02  .214E+02  .214E+02  .214E+02  .214E+02  .213E+02  .213E+02  .213E+02  .212E+02
  296    75.0   180.0  .210E+02  .209E+02  .208E+02  .207E+02  .206E+02  .205E+02  .205E+02  .204E+02  .204E+02
  305    86.0   230.0  .211E+02  .211E+02  .211E+02  .211E+02  .211E+02  .211E+02  .211E+02  .211E+02  .210E+02  .210E+02
  315    86.0   180.0  .209E+02  .208E+02  .207E+02  .206E+02  .205E+02  .205E+02  .204E+02  .204E+02  .204E+02
  324    98.0   230.0  .210E+02  .210E+02  .209E+02  .209E+02  .209E+02  .209E+02  .209E+02  .209E+02  .209E+02  .208E+02
  334    98.0   180.0  .207E+02  .207E+02  .206E+02  .205E+02  .205E+02  .204E+02  .204E+02  .204E+02  .203E+02
  343   111.0   230.0  .208E+02  .208E+02  .208E+02  .208E+02  .208E+02  .208E+02  .208E+02  .208E+02  .208E+02  .207E+02
  353   111.0   180.0  .207E+02  .206E+02  .205E+02  .205E+02  .204E+02  .204E+02  .203E+02  .203E+02  .203E+02
  362   125.0   230.0  .208E+02  .208E+02  .208E+02  .208E+02  .208E+02  .208E+02  .208E+02  .207E+02  .207E+02  .207E+02
  372   125.0   180.0  .206E+02  .206E+02  .205E+02  .204E+02  .204E+02  .204E+02  .203E+02  .203E+02  .203E+02
