 Example 7 - Water and Solute Infiltration Test


 Program CHAIN_2D
 Time independent boundary conditions
 Axisymmetric flow, V = L*L*L
 Units: L = cm   , T = min  , M = -


 Time  ***       .0000 ***

    n    x(n)   z(n)      th(n)     th(n+1) ...

    1      .0   230.0  .399  .263  .264  .266  .269  .273  .279  .285  .292  .250  .262  .275  .287  .300  .313  .325
   17      .0   120.0  .334  .339  .339
   20     5.0   230.0  .399  .263  .264  .266  .269  .273  .279  .285  .292  .250  .262  .275  .287  .300  .313  .325
   36     5.0   120.0  .334  .339  .339
   39    10.0   230.0  .399  .263  .264  .266  .269  .273  .279  .285  .292  .250  .262  .275  .287  .300  .313  .325
   55    10.0   120.0  .334  .339  .339
   58    14.0   230.0  .399  .263  .264  .266  .269  .273  .279  .285  .292  .250  .262  .275  .287  .300  .313  .325
   74    14.0   120.0  .334  .339  .339
   77    17.0   230.0  .399  .263  .264  .266  .269  .273  .279  .285  .292  .250  .262  .275  .287  .300  .313  .325
   93    17.0   120.0  .334  .339  .339
   96    19.0   230.0  .262  .263  .264  .266  .269  .273  .279  .285  .292  .250  .262  .275  .287  .300  .313  .325
  112    19.0   120.0  .334  .339  .339
  115    21.0   230.0  .262  .263  .264  .266  .269  .273  .279  .285  .292  .250  .262  .275  .287  .300  .313  .325
  131    21.0   120.0  .334  .339  .339
  134    23.0   230.0  .262  .263  .264  .266  .269  .273  .279  .285  .292  .250  .262  .275  .287  .300  .313  .325
  150    23.0   120.0  .334  .339  .339
  153    26.0   230.0  .262  .263  .264  .266  .269  .273  .279  .285  .292  .250  .262  .275  .287  .300  .313  .325
  169    26.0   120.0  .334  .339  .339
  172    30.0   230.0  .262  .263  .264  .266  .269  .273  .279  .285  .292  .250  .262  .275  .287  .300  .313  .325
  188    30.0   120.0  .334  .339  .339
  191    35.0   230.0  .262  .263  .264  .266  .269  .273  .279  .285  .292  .250  .262  .275  .287  .300  .313  .325
  207    35.0   120.0  .334  .339  .339
  210    41.0   230.0  .262  .263  .264  .266  .269  .273  .279  .285  .292  .250  .262  .275  .287  .300  .313  .325
  226    41.0   120.0  .334  .339  .339
  229    48.0   230.0  .262  .263  .264  .266  .269  .273  .279  .285  .292  .250  .262  .275  .287  .300  .313  .325
  245    48.0   120.0  .334  .339  .339
  248    56.0   230.0  .262  .263  .264  .266  .269  .273  .279  .285  .292  .250  .262  .275  .287  .300  .313  .325
  264    56.0   120.0  .334  .339  .339
  267    65.0   230.0  .262  .263  .264  .266  .269  .273  .279  .285  .292  .250  .262  .275  .287  .300  .313  .325
  283    65.0   120.0  .334  .339  .339
  286    75.0   230.0  .262  .263  .264  .266  .269  .273  .279  .285  .292  .250  .262  .275  .287  .300  .313  .325
  302    75.0   120.0  .334  .339  .339
  305    86.0   230.0  .262  .263  .264  .266  .269  .273  .279  .285  .292  .250  .262  .275  .287  .300  .313  .325
  321    86.0   120.0  .334  .339  .339
  324    98.0   230.0  .262  .263  .264  .266  .269  .273  .279  .285  .292  .250  .262  .275  .287  .300  .313  .325
  340    98.0   120.0  .334  .339  .339
  343   111.0   230.0  .262  .263  .264  .266  .269  .273  .279  .285  .292  .250  .262  .275  .287  .300  .313  .325
  359   111.0   120.0  .334  .339  .339
  362   125.0   230.0  .262  .263  .264  .266  .269  .273  .279  .285  .292  .250  .262  .275  .287  .300  .313  .325
  378   125.0   120.0  .334  .339  .339


 Time  ***    720.0000 ***

    n    x(n)   z(n)      th(n)     th(n+1) ...

    1      .0   230.0  .399  .399  .399  .399  .398  .395  .388  .378  .362  .288  .284  .286  .293  .302  .314  .325
   17      .0   120.0  .334  .339  .339
   20     5.0   230.0  .399  .399  .399  .399  .397  .394  .387  .377  .360  .287  .284  .286  .293  .302  .314  .325
   36     5.0   120.0  .334  .339  .339
   39    10.0   230.0  .399  .399  .399  .398  .396  .392  .385  .374  .356  .286  .283  .285  .292  .302  .314  .325
   55    10.0   120.0  .334  .339  .339
   58    14.0   230.0  .399  .399  .398  .397  .394  .388  .381  .370  .353  .284  .281  .285  .292  .302  .313  .325
   74    14.0   120.0  .334  .339  .339
   77    17.0   230.0  .399  .398  .396  .394  .391  .385  .377  .367  .349  .282  .280  .284  .292  .302  .313  .325
   93    17.0   120.0  .334  .339  .339
   96    19.0   230.0  .394  .394  .393  .391  .388  .382  .374  .364  .347  .280  .279  .284  .292  .302  .313  .325
  112    19.0   120.0  .334  .339  .339
  115    21.0   230.0  .387  .388  .388  .387  .384  .378  .371  .360  .344  .279  .279  .283  .291  .302  .313  .325
  131    21.0   120.0  .334  .339  .339
  134    23.0   230.0  .380  .382  .382  .382  .379  .374  .367  .357  .341  .277  .278  .283  .291  .302  .313  .325
  150    23.0   120.0  .334  .339  .339
  153    26.0   230.0  .370  .372  .373  .373  .371  .367  .361  .351  .336  .274  .276  .282  .291  .301  .313  .325
  169    26.0   120.0  .334  .339  .339
  172    30.0   230.0  .356  .358  .359  .360  .360  .356  .351  .342  .330  .271  .274  .281  .290  .301  .313  .325
  188    30.0   120.0  .334  .339  .339
  191    35.0   230.0  .339  .341  .342  .343  .343  .341  .337  .330  .321  .266  .272  .280  .290  .301  .313  .324
  207    35.0   120.0  .334  .339  .339
  210    41.0   230.0  .318  .319  .321  .322  .323  .322  .320  .317  .313  .262  .269  .278  .289  .301  .313  .324
  226    41.0   120.0  .334  .339  .339
  229    48.0   230.0  .295  .296  .297  .298  .300  .302  .303  .304  .305  .257  .266  .277  .288  .300  .313  .324
  245    48.0   120.0  .334  .339  .339
  248    56.0   230.0  .276  .277  .278  .279  .282  .286  .290  .295  .300  .253  .264  .275  .287  .300  .312  .324
  264    56.0   120.0  .334  .339  .339
  267    65.0   230.0  .267  .269  .270  .271  .275  .279  .285  .291  .297  .251  .263  .274  .287  .300  .312  .324
  283    65.0   120.0  .334  .339  .339
  286    75.0   230.0  .266  .267  .268  .270  .273  .278  .283  .290  .296  .250  .262  .274  .286  .299  .312  .324
  302    75.0   120.0  .334  .339  .339
  305    86.0   230.0  .265  .266  .268  .269  .273  .278  .283  .289  .296  .250  .261  .274  .286  .299  .312  .324
  321    86.0   120.0  .334  .339  .339
  324    98.0   230.0  .265  .266  .268  .269  .273  .278  .283  .289  .295  .249  .261  .273  .286  .299  .312  .324
  340    98.0   120.0  .334  .339  .339
  343   111.0   230.0  .265  .266  .268  .269  .273  .278  .283  .289  .295  .249  .261  .273  .286  .299  .312  .324
  359   111.0   120.0  .334  .339  .339
  362   125.0   230.0  .265  .266  .268  .269  .273  .278  .283  .289  .296  .249  .261  .273  .286  .299  .312  .324
  378   125.0   120.0  .334  .339  .339


 Time  ***   1440.0000 ***

    n    x(n)   z(n)      th(n)     th(n+1) ...

    1      .0   230.0  .399  .399  .399  .399  .398  .395  .390  .381  .366  .295  .292  .294  .299  .307  .317  .327
   17      .0   120.0  .336  .339  .339
   20     5.0   230.0  .399  .399  .399  .399  .398  .394  .389  .379  .364  .294  .292  .293  .299  .307  .317  .327
   36     5.0   120.0  .336  .339  .339
   39    10.0   230.0  .399  .399  .399  .398  .396  .392  .386  .377  .361  .293  .291  .293  .298  .307  .317  .327
   55    10.0   120.0  .336  .339  .339
   58    14.0   230.0  .399  .399  .398  .397  .394  .390  .383  .373  .357  .291  .290  .292  .298  .307  .317  .327
   74    14.0   120.0  .336  .339  .339
   77    17.0   230.0  .399  .398  .396  .395  .391  .386  .380  .370  .355  .290  .289  .292  .298  .306  .317  .327
   93    17.0   120.0  .335  .339  .339
   96    19.0   230.0  .395  .394  .393  .392  .389  .384  .377  .368  .353  .289  .288  .291  .297  .306  .317  .327
  112    19.0   120.0  .335  .339  .339
  115    21.0   230.0  .388  .389  .389  .388  .385  .381  .374  .365  .350  .287  .287  .291  .297  .306  .316  .327
  131    21.0   120.0  .335  .339  .339
  134    23.0   230.0  .381  .383  .383  .383  .381  .377  .371  .362  .348  .286  .286  .290  .297  .306  .316  .327
  150    23.0   120.0  .335  .339  .339
  153    26.0   230.0  .372  .374  .375  .375  .375  .371  .366  .357  .344  .284  .285  .289  .296  .306  .316  .327
  169    26.0   120.0  .335  .339  .339
  172    30.0   230.0  .360  .362  .364  .365  .365  .363  .358  .350  .339  .281  .283  .288  .296  .305  .316  .327
  188    30.0   120.0  .335  .339  .339
  191    35.0   230.0  .346  .348  .350  .351  .352  .351  .348  .342  .332  .277  .281  .287  .295  .305  .316  .326
  207    35.0   120.0  .335  .339  .339
  210    41.0   230.0  .331  .333  .334  .336  .337  .337  .335  .331  .325  .272  .278  .285  .294  .304  .315  .326
  226    41.0   120.0  .335  .339  .339
  229    48.0   230.0  .314  .316  .318  .319  .321  .322  .321  .320  .317  .267  .274  .283  .293  .304  .315  .326
  245    48.0   120.0  .335  .339  .339
  248    56.0   230.0  .298  .299  .301  .302  .304  .306  .308  .309  .310  .262  .271  .281  .291  .303  .315  .326
  264    56.0   120.0  .335  .339  .339
  267    65.0   230.0  .283  .284  .286  .287  .290  .293  .297  .301  .304  .258  .268  .279  .290  .302  .314  .326
  283    65.0   120.0  .335  .339  .339
  286    75.0   230.0  .274  .275  .276  .278  .281  .285  .290  .295  .301  .255  .266  .277  .289  .301  .314  .325
  302    75.0   120.0  .335  .339  .339
  305    86.0   230.0  .270  .271  .273  .274  .277  .282  .287  .293  .298  .253  .264  .276  .288  .301  .313  .325
  321    86.0   120.0  .335  .339  .339
  324    98.0   230.0  .269  .270  .271  .273  .276  .281  .286  .292  .297  .252  .263  .275  .288  .300  .313  .325
  340    98.0   120.0  .334  .339  .339
  343   111.0   230.0  .269  .270  .271  .273  .276  .281  .286  .291  .297  .251  .263  .275  .287  .300  .313  .325
  359   111.0   120.0  .334  .339  .339
  362   125.0   230.0  .269  .270  .271  .273  .276  .281  .286  .291  .297  .251  .262  .274  .287  .300  .313  .325
  378   125.0   120.0  .334  .339  .339


 Time  ***   3600.0000 ***

    n    x(n)   z(n)      th(n)     th(n+1) ...

    1      .0   230.0  .399  .399  .399  .399  .398  .395  .390  .381  .367  .298  .296  .298  .303  .310  .320  .329
   17      .0   120.0  .337  .339  .339
   20     5.0   230.0  .399  .399  .399  .399  .398  .395  .389  .380  .365  .297  .295  .297  .303  .310  .320  .329
   36     5.0   120.0  .337  .339  .339
   39    10.0   230.0  .399  .399  .399  .398  .397  .393  .387  .378  .362  .296  .295  .297  .302  .310  .320  .329
   55    10.0   120.0  .337  .339  .339
   58    14.0   230.0  .399  .399  .398  .397  .394  .390  .384  .375  .359  .295  .294  .296  .302  .310  .320  .329
   74    14.0   120.0  .337  .339  .339
   77    17.0   230.0  .399  .398  .396  .395  .392  .387  .381  .372  .357  .293  .293  .296  .302  .310  .319  .329
   93    17.0   120.0  .337  .339  .339
   96    19.0   230.0  .395  .394  .393  .392  .389  .384  .378  .369  .355  .292  .292  .295  .301  .310  .319  .329
  112    19.0   120.0  .337  .339  .339
  115    21.0   230.0  .388  .389  .389  .388  .386  .382  .376  .367  .353  .291  .292  .295  .301  .310  .319  .329
  131    21.0   120.0  .337  .339  .339
  134    23.0   230.0  .382  .383  .384  .384  .382  .378  .373  .364  .351  .290  .291  .295  .301  .309  .319  .329
  150    23.0   120.0  .337  .339  .339
  153    26.0   230.0  .373  .375  .376  .376  .376  .373  .368  .360  .347  .288  .290  .294  .301  .309  .319  .329
  169    26.0   120.0  .337  .339  .339
  172    30.0   230.0  .362  .364  .365  .366  .367  .365  .361  .354  .343  .285  .288  .293  .300  .309  .319  .329
  188    30.0   120.0  .337  .339  .339
  191    35.0   230.0  .349  .351  .353  .354  .355  .354  .351  .346  .337  .282  .286  .291  .299  .308  .319  .329
  207    35.0   120.0  .337  .339  .339
  210    41.0   230.0  .336  .338  .340  .341  .342  .343  .341  .337  .330  .278  .283  .290  .298  .308  .318  .328
  226    41.0   120.0  .336  .339  .339
  229    48.0   230.0  .323  .324  .326  .327  .329  .330  .330  .328  .324  .274  .280  .288  .297  .307  .318  .328
  245    48.0   120.0  .336  .339  .339
  248    56.0   230.0  .310  .312  .313  .315  .317  .319  .319  .319  .318  .269  .277  .286  .296  .306  .317  .328
  264    56.0   120.0  .336  .339  .339
  267    65.0   230.0  .299  .301  .302  .304  .306  .309  .310  .312  .313  .265  .274  .284  .294  .305  .317  .327
  283    65.0   120.0  .336  .339  .339
  286    75.0   230.0  .291  .292  .293  .295  .297  .300  .303  .306  .308  .262  .272  .282  .293  .304  .316  .327
  302    75.0   120.0  .336  .339  .339
  305    86.0   230.0  .284  .285  .287  .288  .291  .294  .298  .302  .305  .259  .269  .280  .292  .303  .315  .326
  321    86.0   120.0  .335  .339  .339
  324    98.0   230.0  .280  .281  .282  .284  .287  .291  .295  .299  .303  .257  .268  .279  .291  .303  .315  .326
  340    98.0   120.0  .335  .339  .339
  343   111.0   230.0  .277  .279  .280  .281  .284  .288  .293  .297  .302  .256  .267  .278  .290  .302  .314  .326
  359   111.0   120.0  .335  .339  .339
  362   125.0   230.0  .277  .278  .279  .281  .284  .288  .292  .297  .302  .256  .266  .278  .290  .302  .314  .325
  378   125.0   120.0  .335  .339  .339


 Time  ***   7200.0000 ***

    n    x(n)   z(n)      th(n)     th(n+1) ...

    1      .0   230.0  .399  .399  .399  .399  .398  .395  .390  .381  .367  .298  .296  .298  .303  .311  .320  .330
   17      .0   120.0  .337  .339  .339
   20     5.0   230.0  .399  .399  .399  .399  .398  .395  .389  .380  .365  .298  .296  .298  .303  .311  .320  .330
   36     5.0   120.0  .337  .339  .339
   39    10.0   230.0  .399  .399  .399  .398  .397  .393  .387  .378  .363  .297  .295  .298  .303  .311  .320  .330
   55    10.0   120.0  .337  .339  .339
   58    14.0   230.0  .399  .399  .398  .397  .395  .390  .384  .375  .360  .295  .294  .297  .303  .311  .320  .330
   74    14.0   120.0  .337  .339  .339
   77    17.0   230.0  .399  .398  .396  .395  .392  .387  .381  .372  .357  .294  .294  .297  .302  .311  .320  .330
   93    17.0   120.0  .337  .339  .339
   96    19.0   230.0  .395  .394  .393  .392  .389  .385  .378  .370  .355  .293  .293  .296  .302  .310  .320  .330
  112    19.0   120.0  .337  .339  .339
  115    21.0   230.0  .388  .389  .389  .388  .386  .382  .376  .367  .353  .292  .292  .296  .302  .310  .320  .329
  131    21.0   120.0  .337  .339  .339
  134    23.0   230.0  .382  .383  .384  .384  .382  .378  .373  .364  .351  .291  .292  .295  .302  .310  .320  .329
  150    23.0   120.0  .337  .339  .339
  153    26.0   230.0  .373  .375  .376  .377  .376  .373  .368  .360  .348  .289  .290  .295  .301  .310  .320  .329
  169    26.0   120.0  .337  .339  .339
  172    30.0   230.0  .362  .364  .366  .367  .367  .365  .361  .354  .343  .286  .289  .294  .301  .310  .319  .329
  188    30.0   120.0  .337  .339  .339
  191    35.0   230.0  .349  .352  .353  .355  .356  .355  .352  .346  .337  .283  .287  .292  .300  .309  .319  .329
  207    35.0   120.0  .337  .339  .339
  210    41.0   230.0  .336  .338  .340  .342  .343  .343  .342  .338  .331  .279  .284  .291  .299  .309  .319  .329
  226    41.0   120.0  .337  .339  .339
  229    48.0   230.0  .324  .326  .327  .329  .331  .332  .331  .329  .325  .275  .281  .289  .298  .308  .318  .329
  245    48.0   120.0  .337  .339  .339
  248    56.0   230.0  .312  .314  .315  .317  .319  .321  .321  .321  .319  .271  .278  .287  .296  .307  .318  .328
  264    56.0   120.0  .336  .339  .339
  267    65.0   230.0  .302  .304  .305  .307  .309  .311  .313  .314  .314  .267  .276  .285  .295  .306  .317  .328
  283    65.0   120.0  .336  .339  .339
  286    75.0   230.0  .294  .296  .297  .299  .301  .304  .306  .308  .310  .264  .273  .283  .294  .305  .317  .327
  302    75.0   120.0  .336  .339  .339
  305    86.0   230.0  .289  .290  .291  .293  .295  .299  .302  .304  .307  .261  .271  .282  .293  .304  .316  .327
  321    86.0   120.0  .336  .339  .339
  324    98.0   230.0  .285  .286  .288  .289  .292  .295  .299  .302  .305  .259  .269  .280  .292  .304  .315  .326
  340    98.0   120.0  .335  .339  .339
  343   111.0   230.0  .283  .284  .285  .287  .290  .293  .297  .301  .304  .258  .269  .280  .291  .303  .315  .326
  359   111.0   120.0  .335  .339  .339
  362   125.0   230.0  .282  .284  .285  .286  .289  .293  .296  .300  .304  .258  .268  .279  .291  .303  .315  .326
  378   125.0   120.0  .335  .339  .339


 Time  ***  10800.0000 ***

    n    x(n)   z(n)      th(n)     th(n+1) ...

    1      .0   230.0  .399  .399  .399  .399  .398  .395  .390  .382  .367  .298  .297  .298  .304  .311  .320  .330
   17      .0   120.0  .337  .339  .339
   20     5.0   230.0  .399  .399  .399  .399  .398  .395  .389  .380  .365  .298  .296  .298  .303  .311  .320  .330
   36     5.0   120.0  .337  .339  .339
   39    10.0   230.0  .399  .399  .399  .398  .397  .393  .387  .378  .363  .297  .295  .298  .303  .311  .320  .330
   55    10.0   120.0  .337  .339  .339
   58    14.0   230.0  .399  .399  .398  .397  .395  .390  .384  .375  .360  .295  .295  .297  .303  .311  .320  .330
   74    14.0   120.0  .337  .339  .339
   77    17.0   230.0  .399  .398  .396  .395  .392  .387  .381  .372  .357  .294  .294  .297  .303  .311  .320  .330
   93    17.0   120.0  .337  .339  .339
   96    19.0   230.0  .395  .394  .393  .392  .389  .385  .378  .370  .355  .293  .293  .296  .302  .311  .320  .330
  112    19.0   120.0  .337  .339  .339
  115    21.0   230.0  .388  .389  .389  .388  .386  .382  .376  .367  .353  .292  .292  .296  .302  .310  .320  .330
  131    21.0   120.0  .337  .339  .339
  134    23.0   230.0  .382  .383  .384  .384  .382  .378  .373  .364  .351  .291  .292  .296  .302  .310  .320  .329
  150    23.0   120.0  .337  .339  .339
  153    26.0   230.0  .373  .375  .376  .377  .376  .373  .368  .360  .348  .289  .291  .295  .301  .310  .320  .329
  169    26.0   120.0  .337  .339  .339
  172    30.0   230.0  .362  .364  .366  .367  .367  .365  .361  .354  .343  .286  .289  .294  .301  .310  .320  .329
  188    30.0   120.0  .337  .339  .339
  191    35.0   230.0  .349  .352  .353  .355  .356  .355  .352  .347  .338  .283  .287  .292  .300  .309  .319  .329
  207    35.0   120.0  .337  .339  .339
  210    41.0   230.0  .336  .339  .340  .342  .343  .343  .342  .338  .331  .279  .284  .291  .299  .309  .319  .329
  226    41.0   120.0  .337  .339  .339
  229    48.0   230.0  .324  .326  .327  .329  .331  .332  .331  .329  .325  .275  .281  .289  .298  .308  .318  .329
  245    48.0   120.0  .337  .339  .339
  248    56.0   230.0  .312  .314  .316  .317  .319  .321  .321  .321  .319  .271  .279  .287  .297  .307  .318  .328
  264    56.0   120.0  .336  .339  .339
  267    65.0   230.0  .302  .304  .306  .307  .309  .312  .313  .314  .315  .267  .276  .285  .295  .306  .317  .328
  283    65.0   120.0  .336  .339  .339
  286    75.0   230.0  .295  .296  .298  .299  .302  .304  .307  .309  .311  .264  .273  .283  .294  .305  .317  .327
  302    75.0   120.0  .336  .339  .339
  305    86.0   230.0  .289  .291  .292  .294  .296  .299  .302  .305  .308  .261  .271  .282  .293  .304  .316  .327
  321    86.0   120.0  .336  .339  .339
  324    98.0   230.0  .286  .287  .289  .290  .293  .296  .299  .303  .306  .260  .270  .281  .292  .304  .315  .326
  340    98.0   120.0  .335  .339  .339
  343   111.0   230.0  .284  .285  .287  .288  .291  .294  .298  .301  .305  .258  .269  .280  .291  .303  .315  .326
  359   111.0   120.0  .335  .339  .339
  362   125.0   230.0  .283  .285  .286  .287  .290  .294  .297  .301  .304  .258  .269  .280  .291  .303  .315  .326
  378   125.0   120.0  .335  .339  .339


 Time  ***  14400.0000 ***

    n    x(n)   z(n)      th(n)     th(n+1) ...

    1      .0   230.0  .399  .399  .399  .399  .398  .395  .390  .382  .367  .299  .297  .298  .304  .311  .321  .330
   17      .0   120.0  .337  .339  .339
   20     5.0   230.0  .399  .399  .399  .399  .398  .395  .389  .380  .365  .298  .296  .298  .304  .311  .320  .330
   36     5.0   120.0  .337  .339  .339
   39    10.0   230.0  .399  .399  .399  .398  .397  .393  .387  .378  .363  .297  .296  .298  .303  .311  .320  .330
   55    10.0   120.0  .337  .339  .339
   58    14.0   230.0  .399  .399  .398  .397  .395  .390  .384  .375  .360  .295  .295  .297  .303  .311  .320  .330
   74    14.0   120.0  .337  .339  .339
   77    17.0   230.0  .399  .398  .396  .395  .392  .387  .381  .372  .357  .294  .294  .297  .303  .311  .320  .330
   93    17.0   120.0  .337  .339  .339
   96    19.0   230.0  .395  .394  .393  .392  .389  .385  .378  .370  .355  .293  .293  .296  .302  .311  .320  .330
  112    19.0   120.0  .337  .339  .339
  115    21.0   230.0  .388  .389  .389  .388  .386  .382  .376  .367  .353  .292  .292  .296  .302  .311  .320  .330
  131    21.0   120.0  .337  .339  .339
  134    23.0   230.0  .382  .383  .384  .384  .382  .378  .373  .364  .351  .291  .292  .296  .302  .310  .320  .330
  150    23.0   120.0  .337  .339  .339
  153    26.0   230.0  .373  .375  .376  .377  .376  .373  .368  .360  .348  .289  .291  .295  .302  .310  .320  .329
  169    26.0   120.0  .337  .339  .339
  172    30.0   230.0  .362  .364  .366  .367  .367  .365  .361  .354  .343  .286  .289  .294  .301  .310  .320  .329
  188    30.0   120.0  .337  .339  .339
  191    35.0   230.0  .349  .352  .353  .355  .356  .355  .352  .347  .338  .283  .287  .293  .300  .309  .319  .329
  207    35.0   120.0  .337  .339  .339
  210    41.0   230.0  .337  .339  .340  .342  .343  .344  .342  .338  .331  .279  .284  .291  .299  .309  .319  .329
  226    41.0   120.0  .337  .339  .339
  229    48.0   230.0  .324  .326  .327  .329  .331  .332  .331  .329  .325  .275  .282  .289  .298  .308  .319  .329
  245    48.0   120.0  .337  .339  .339
  248    56.0   230.0  .312  .314  .316  .317  .319  .321  .321  .321  .319  .271  .279  .287  .297  .307  .318  .328
  264    56.0   120.0  .336  .339  .339
  267    65.0   230.0  .303  .304  .306  .307  .309  .312  .313  .314  .315  .267  .276  .285  .295  .306  .317  .328
  283    65.0   120.0  .336  .339  .339
  286    75.0   230.0  .295  .297  .298  .299  .302  .305  .307  .309  .311  .264  .273  .283  .294  .305  .317  .327
  302    75.0   120.0  .336  .339  .339
  305    86.0   230.0  .290  .291  .293  .294  .296  .300  .302  .305  .308  .261  .271  .282  .293  .304  .316  .327
  321    86.0   120.0  .336  .339  .339
  324    98.0   230.0  .286  .288  .289  .290  .293  .296  .300  .303  .306  .260  .270  .281  .292  .304  .315  .326
  340    98.0   120.0  .335  .339  .339
  343   111.0   230.0  .284  .286  .287  .288  .291  .295  .298  .301  .305  .259  .269  .280  .291  .303  .315  .326
  359   111.0   120.0  .335  .339  .339
  362   125.0   230.0  .284  .285  .286  .288  .291  .294  .297  .301  .304  .258  .269  .280  .291  .303  .315  .326
  378   125.0   120.0  .335  .339  .339
