 Example 3a - Comparison with the 2-D analytical solution


 Program CHAIN_2D
 Time independent boundary conditions
 Vertical plane flow, V = L*L
 Units: L = m    , T = days , M = -


 Time  ***       .0000 ***

    n    x(n)   z(n)       h(n)      h(n+1) ...

    1      .0      .0        .0        .0        .0        .0        .0        .0        .0        .0        .0        .0
   11    67.0      .0        .0        .0        .0        .0        .0
   16      .0    -5.0        .0        .0        .0        .0        .0        .0        .0        .0        .0        .0
   26    67.0    -5.0        .0        .0        .0        .0        .0
   31      .0   -10.0        .0        .0        .0        .0        .0        .0        .0        .0        .0        .0
   41    67.0   -10.0        .0        .0        .0        .0        .0
   46      .0   -15.0        .0        .0        .0        .0        .0        .0        .0        .0        .0        .0
   56    67.0   -15.0        .0        .0        .0        .0        .0
   61      .0   -20.0        .0        .0        .0        .0        .0        .0        .0        .0        .0        .0
   71    67.0   -20.0        .0        .0        .0        .0        .0
   76      .0   -25.0        .0        .0        .0        .0        .0        .0        .0        .0        .0        .0
   86    67.0   -25.0        .0        .0        .0        .0        .0
   91      .0   -30.0        .0        .0        .0        .0        .0        .0        .0        .0        .0        .0
  101    67.0   -30.0        .0        .0        .0        .0        .0
  106      .0   -35.0        .0        .0        .0        .0        .0        .0        .0        .0        .0        .0
  116    67.0   -35.0        .0        .0        .0        .0        .0
  121      .0   -40.0        .0        .0        .0        .0        .0        .0        .0        .0        .0        .0
  131    67.0   -40.0        .0        .0        .0        .0        .0
  136      .0   -45.0        .0        .0        .0        .0        .0        .0        .0        .0        .0        .0
  146    67.0   -45.0        .0        .0        .0        .0        .0
  151      .0   -50.0        .0        .0        .0        .0        .0        .0        .0        .0        .0        .0
  161    67.0   -50.0        .0        .0        .0        .0        .0
  166      .0   -55.0        .0        .0        .0        .0        .0        .0        .0        .0        .0        .0
  176    67.0   -55.0        .0        .0        .0        .0        .0
  181      .0   -60.0        .0        .0        .0        .0        .0        .0        .0        .0        .0        .0
  191    67.0   -60.0        .0        .0        .0        .0        .0
  196      .0   -70.0        .0        .0        .0        .0        .0        .0        .0        .0        .0        .0
  206    67.0   -70.0        .0        .0        .0        .0        .0
  211      .0   -80.0        .0        .0        .0        .0        .0        .0        .0        .0        .0        .0
  221    67.0   -80.0        .0        .0        .0        .0        .0
  226      .0   -90.0        .0        .0        .0        .0        .0        .0        .0        .0        .0        .0
  236    67.0   -90.0        .0        .0        .0        .0        .0
  241      .0  -100.0        .0        .0        .0        .0        .0        .0        .0        .0        .0        .0
  251    67.0  -100.0        .0        .0        .0        .0        .0
  256      .0  -125.0        .0        .0        .0        .0        .0        .0        .0        .0        .0        .0
  266    67.0  -125.0        .0        .0        .0        .0        .0
  271      .0  -150.0        .0        .0        .0        .0        .0        .0        .0        .0        .0        .0
  281    67.0  -150.0        .0        .0        .0        .0        .0
  286      .0  -175.0        .0        .0        .0        .0        .0        .0        .0        .0        .0        .0
  296    67.0  -175.0        .0        .0        .0        .0        .0
  301      .0  -200.0        .0        .0        .0        .0        .0        .0        .0        .0        .0        .0
  311    67.0  -200.0        .0        .0        .0        .0        .0


 Time  ***     50.0000 ***

    n    x(n)   z(n)       h(n)      h(n+1) ...

    1      .0      .0        .0        .0        .0        .0        .0        .0        .0        .0        .0        .0
   11    67.0      .0        .0        .0        .0        .0        .0
   16      .0    -5.0        .0        .0        .0        .0        .0        .0        .0        .0        .0        .0
   26    67.0    -5.0        .0        .0        .0        .0        .0
   31      .0   -10.0        .0        .0        .0        .0        .0        .0        .0        .0        .0        .0
   41    67.0   -10.0        .0        .0        .0        .0        .0
   46      .0   -15.0        .0        .0        .0        .0        .0        .0        .0        .0        .0        .0
   56    67.0   -15.0        .0        .0        .0        .0        .0
   61      .0   -20.0        .0        .0        .0        .0        .0        .0        .0        .0        .0        .0
   71    67.0   -20.0        .0        .0        .0        .0        .0
   76      .0   -25.0        .0        .0        .0        .0        .0        .0        .0        .0        .0        .0
   86    67.0   -25.0        .0        .0        .0        .0        .0
   91      .0   -30.0        .0        .0        .0        .0        .0        .0        .0        .0        .0        .0
  101    67.0   -30.0        .0        .0        .0        .0        .0
  106      .0   -35.0        .0        .0        .0        .0        .0        .0        .0        .0        .0        .0
  116    67.0   -35.0        .0        .0        .0        .0        .0
  121      .0   -40.0        .0        .0        .0        .0        .0        .0        .0        .0        .0        .0
  131    67.0   -40.0        .0        .0        .0        .0        .0
  136      .0   -45.0        .0        .0        .0        .0        .0        .0        .0        .0        .0        .0
  146    67.0   -45.0        .0        .0        .0        .0        .0
  151      .0   -50.0        .0        .0        .0        .0        .0        .0        .0        .0        .0        .0
  161    67.0   -50.0        .0        .0        .0        .0        .0
  166      .0   -55.0        .0        .0        .0        .0        .0        .0        .0        .0        .0        .0
  176    67.0   -55.0        .0        .0        .0        .0        .0
  181      .0   -60.0        .0        .0        .0        .0        .0        .0        .0        .0        .0        .0
  191    67.0   -60.0        .0        .0        .0        .0        .0
  196      .0   -70.0        .0        .0        .0        .0        .0        .0        .0        .0        .0        .0
  206    67.0   -70.0        .0        .0        .0        .0        .0
  211      .0   -80.0        .0        .0        .0        .0        .0        .0        .0        .0        .0        .0
  221    67.0   -80.0        .0        .0        .0        .0        .0
  226      .0   -90.0        .0        .0        .0        .0        .0        .0        .0        .0        .0        .0
  236    67.0   -90.0        .0        .0        .0        .0        .0
  241      .0  -100.0        .0        .0        .0        .0        .0        .0        .0        .0        .0        .0
  251    67.0  -100.0        .0        .0        .0        .0        .0
  256      .0  -125.0        .0        .0        .0        .0        .0        .0        .0        .0        .0        .0
  266    67.0  -125.0        .0        .0        .0        .0        .0
  271      .0  -150.0        .0        .0        .0        .0        .0        .0        .0        .0        .0        .0
  281    67.0  -150.0        .0        .0        .0        .0        .0
  286      .0  -175.0        .0        .0        .0        .0        .0        .0        .0        .0        .0        .0
  296    67.0  -175.0        .0        .0        .0        .0        .0
  301      .0  -200.0        .0        .0        .0        .0        .0        .0        .0        .0        .0        .0
  311    67.0  -200.0        .0        .0        .0        .0        .0
