 Example 4 - Infiltration Test                                           
 
 Program SWMS_2D
 Time independent boundary conditions
 Axisymmetric flow, V = L*L*L
 Units: L = cm   , T = min  , M = -    


 Time:     60.0000

    i    n    x      z    Code     Q          v           h       th      Conc
                                 [V/T]      [L/T]        [L]     [-]     [M/L3]

    1    1     .0  230.0    1   .615E+00  -.235E-01         .0   .399  .100E+01
    2   20    5.0  230.0    1   .361E+01  -.230E-01         .0   .399  .100E+01
    3   39   10.0  230.0    1   .668E+01  -.245E-01         .0   .399  .100E+01
    4   58   14.0  230.0    1   .883E+01  -.294E-01         .0   .399  .100E+01
    5   77   17.0  230.0    1   .156E+02  -.595E-01         .0   .399  .100E+01


 Time:    180.0000

    i    n    x      z    Code     Q          v           h       th      Conc
                                 [V/T]      [L/T]        [L]     [-]     [M/L3]

    1    1     .0  230.0    1   .533E+00  -.204E-01         .0   .399  .100E+01
    2   20    5.0  230.0    1   .317E+01  -.202E-01         .0   .399  .100E+01
    3   39   10.0  230.0    1   .584E+01  -.213E-01         .0   .399  .100E+01
    4   58   14.0  230.0    1   .759E+01  -.252E-01         .0   .399  .100E+01
    5   77   17.0  230.0    1   .131E+02  -.502E-01         .0   .399  .100E+01


 Time:    360.0000

    i    n    x      z    Code     Q          v           h       th      Conc
                                 [V/T]      [L/T]        [L]     [-]     [M/L3]

    1    1     .0  230.0    1   .533E+00  -.203E-01         .0   .399  .100E+01
    2   20    5.0  230.0    1   .323E+01  -.206E-01         .0   .399  .100E+01
    3   39   10.0  230.0    1   .572E+01  -.209E-01         .0   .399  .100E+01
    4   58   14.0  230.0    1   .718E+01  -.239E-01         .0   .399  .100E+01
    5   77   17.0  230.0    1   .122E+02  -.467E-01         .0   .399  .100E+01


 Time:    720.0000

    i    n    x      z    Code     Q          v           h       th      Conc
                                 [V/T]      [L/T]        [L]     [-]     [M/L3]

    1    1     .0  230.0    1   .535E+00  -.204E-01         .0   .399  .100E+01
    2   20    5.0  230.0    1   .316E+01  -.201E-01         .0   .399  .100E+01
    3   39   10.0  230.0    1   .557E+01  -.204E-01         .0   .399  .100E+01
    4   58   14.0  230.0    1   .692E+01  -.230E-01         .0   .399  .100E+01
    5   77   17.0  230.0    1   .115E+02  -.441E-01         .0   .399  .100E+01


 Time:   1440.0000

    i    n    x      z    Code     Q          v           h       th      Conc
                                 [V/T]      [L/T]        [L]     [-]     [M/L3]

    1    1     .0  230.0    1   .535E+00  -.204E-01         .0   .399  .100E+01
    2   20    5.0  230.0    1   .317E+01  -.202E-01         .0   .399  .100E+01
    3   39   10.0  230.0    1   .556E+01  -.203E-01         .0   .399  .100E+01
    4   58   14.0  230.0    1   .685E+01  -.228E-01         .0   .399  .100E+01
    5   77   17.0  230.0    1   .113E+02  -.433E-01         .0   .399  .100E+01


 Time:   2160.0000

    i    n    x      z    Code     Q          v           h       th      Conc
                                 [V/T]      [L/T]        [L]     [-]     [M/L3]

    1    1     .0  230.0    1   .535E+00  -.204E-01         .0   .399  .100E+01
    2   20    5.0  230.0    1   .318E+01  -.202E-01         .0   .399  .100E+01
    3   39   10.0  230.0    1   .555E+01  -.203E-01         .0   .399  .100E+01
    4   58   14.0  230.0    1   .683E+01  -.227E-01         .0   .399  .100E+01
    5   77   17.0  230.0    1   .113E+02  -.431E-01         .0   .399  .100E+01


 Time:   2880.0000

    i    n    x      z    Code     Q          v           h       th      Conc
                                 [V/T]      [L/T]        [L]     [-]     [M/L3]

    1    1     .0  230.0    1   .535E+00  -.204E-01         .0   .399  .100E+01
    2   20    5.0  230.0    1   .318E+01  -.202E-01         .0   .399  .100E+01
    3   39   10.0  230.0    1   .555E+01  -.203E-01         .0   .399  .100E+01
    4   58   14.0  230.0    1   .682E+01  -.227E-01         .0   .399  .100E+01
    5   77   17.0  230.0    1   .112E+02  -.429E-01         .0   .399  .100E+01


 Time:   4320.0000

    i    n    x      z    Code     Q          v           h       th      Conc
                                 [V/T]      [L/T]        [L]     [-]     [M/L3]

    1    1     .0  230.0    1   .535E+00  -.204E-01         .0   .399  .100E+01
    2   20    5.0  230.0    1   .318E+01  -.202E-01         .0   .399  .100E+01
    3   39   10.0  230.0    1   .555E+01  -.203E-01         .0   .399  .100E+01
    4   58   14.0  230.0    1   .680E+01  -.226E-01         .0   .399  .100E+01
    5   77   17.0  230.0    1   .112E+02  -.428E-01         .0   .399  .100E+01


 Time:   5760.0000

    i    n    x      z    Code     Q          v           h       th      Conc
                                 [V/T]      [L/T]        [L]     [-]     [M/L3]

    1    1     .0  230.0    1   .535E+00  -.204E-01         .0   .399  .100E+01
    2   20    5.0  230.0    1   .318E+01  -.203E-01         .0   .399  .100E+01
    3   39   10.0  230.0    1   .555E+01  -.203E-01         .0   .399  .100E+01
    4   58   14.0  230.0    1   .679E+01  -.226E-01         .0   .399  .100E+01
    5   77   17.0  230.0    1   .112E+02  -.427E-01         .0   .399  .100E+01


 Time:   7200.0000

    i    n    x      z    Code     Q          v           h       th      Conc
                                 [V/T]      [L/T]        [L]     [-]     [M/L3]

    1    1     .0  230.0    1   .531E+00  -.203E-01         .0   .399  .100E+01
    2   20    5.0  230.0    1   .316E+01  -.201E-01         .0   .399  .100E+01
    3   39   10.0  230.0    1   .554E+01  -.203E-01         .0   .399  .100E+01
    4   58   14.0  230.0    1   .677E+01  -.225E-01         .0   .399  .100E+01
    5   77   17.0  230.0    1   .111E+02  -.425E-01         .0   .399  .100E+01
