 Example 4 - Infiltration Test

 Program SWMS_2D
 Time independent boundary conditions
 Axisymmetric flow, V = L*L*L
 Units: L = cm   , T = min  , M = -

 Max. number of iterations             20
 Absolute water content tolerance [-]  .00050
 Absolute pressure head tolerance [L]  .10000


 MatNum,        thR    thS    tha    thm      alpha         n          Ks          Kk          thk

    1           .000   .399   .000   .399    .174E-01    .138E+01    .207E-01    .207E-01    .399E+00
    2           .000   .339   .000   .339    .139E-01    .160E+01    .315E-01    .315E-01    .339E+00


 MatNum          Qe     Q        h         C         K

    1          1.000   .399      .000   .30E-06    .207E-01
    1           .990   .395    -5.282   .10E-02    .732E-02
    1           .900   .359   -33.237   .13E-02    .140E-02
    1           .850   .339   -49.451   .12E-02    .738E-03
    1           .750   .299   -90.493   .81E-03    .219E-03
    1           .650   .259  -152.895   .51E-03    .626E-04
    1           .500   .200  -342.544   .20E-03    .723E-05
    1           .350   .140  -925.067   .55E-04    .425E-06
    1           .200   .080 -4159.356   .72E-05    .526E-08
    1           .100   .040-26368.180   .57E-06    .232E-10

    2          1.000   .339      .000   .00E+00    .315E-01
    2           .990   .336    -7.568   .70E-03    .174E-01
    2           .900   .305   -35.571   .13E-02    .505E-02
    2           .850   .288   -49.021   .12E-02    .307E-02
    2           .750   .254   -78.478   .10E-02    .120E-02
    2           .650   .220  -115.837   .78E-03    .456E-03
    2           .500   .170  -204.185   .42E-03    .876E-04
    2           .350   .119  -395.102   .17E-03    .103E-04
    2           .200   .068 -1031.622   .39E-04    .384E-06
    2           .100   .034 -3284.115   .62E-05    .675E-08

 Solute transport information
 ============================

 Upstream weighting finite-element method

  Bulk.d.   Difus.         Disper.        Adsorp.    SinkL1    SinkS1    SinkL0    SinkS0
  .140E+01  .260E-01  .500E+00  .100E+00  .100E+00 -.347E-04 -.694E-05  .000E+00  .000E+00
  .140E+01  .260E-01  .500E+00  .100E+00  .100E+00 -.347E-04 -.694E-05  .000E+00  .000E+00

   Conc1     Conc2     Conc3     Conc4     cSink     cWell
  .100E+01  .000E+00  .000E+00  .000E+00  .000E+00  .000E+00

 tPulse =          7200.000
