

 Time  ***       .0000 ***

    n    x(n)   z(n)      Conc(n)   Conc(n+1)  ...

    1      .0   230.0   .000E+00   .000E+00   .000E+00   .000E+00   .000E+00   .000E+00   .000E+00   .000E+00   .000E+00   .000E+00
   11      .0   180.0   .000E+00   .000E+00   .000E+00   .000E+00   .000E+00   .000E+00   .000E+00   .000E+00   .000E+00
   20     5.0   230.0   .000E+00   .000E+00   .000E+00   .000E+00   .000E+00   .000E+00   .000E+00   .000E+00   .000E+00   .000E+00
   30     5.0   180.0   .000E+00   .000E+00   .000E+00   .000E+00   .000E+00   .000E+00   .000E+00   .000E+00   .000E+00
   39    10.0   230.0   .000E+00   .000E+00   .000E+00   .000E+00   .000E+00   .000E+00   .000E+00   .000E+00   .000E+00   .000E+00
   49    10.0   180.0   .000E+00   .000E+00   .000E+00   .000E+00   .000E+00   .000E+00   .000E+00   .000E+00   .000E+00
   58    14.0   230.0   .000E+00   .000E+00   .000E+00   .000E+00   .000E+00   .000E+00   .000E+00   .000E+00   .000E+00   .000E+00
   68    14.0   180.0   .000E+00   .000E+00   .000E+00   .000E+00   .000E+00   .000E+00   .000E+00   .000E+00   .000E+00
   77    17.0   230.0   .000E+00   .000E+00   .000E+00   .000E+00   .000E+00   .000E+00   .000E+00   .000E+00   .000E+00   .000E+00
   87    17.0   180.0   .000E+00   .000E+00   .000E+00   .000E+00   .000E+00   .000E+00   .000E+00   .000E+00   .000E+00
   96    19.0   230.0   .000E+00   .000E+00   .000E+00   .000E+00   .000E+00   .000E+00   .000E+00   .000E+00   .000E+00   .000E+00
  106    19.0   180.0   .000E+00   .000E+00   .000E+00   .000E+00   .000E+00   .000E+00   .000E+00   .000E+00   .000E+00
  115    21.0   230.0   .000E+00   .000E+00   .000E+00   .000E+00   .000E+00   .000E+00   .000E+00   .000E+00   .000E+00   .000E+00
  125    21.0   180.0   .000E+00   .000E+00   .000E+00   .000E+00   .000E+00   .000E+00   .000E+00   .000E+00   .000E+00
  134    23.0   230.0   .000E+00   .000E+00   .000E+00   .000E+00   .000E+00   .000E+00   .000E+00   .000E+00   .000E+00   .000E+00
  144    23.0   180.0   .000E+00   .000E+00   .000E+00   .000E+00   .000E+00   .000E+00   .000E+00   .000E+00   .000E+00
  153    26.0   230.0   .000E+00   .000E+00   .000E+00   .000E+00   .000E+00   .000E+00   .000E+00   .000E+00   .000E+00   .000E+00
  163    26.0   180.0   .000E+00   .000E+00   .000E+00   .000E+00   .000E+00   .000E+00   .000E+00   .000E+00   .000E+00
  172    30.0   230.0   .000E+00   .000E+00   .000E+00   .000E+00   .000E+00   .000E+00   .000E+00   .000E+00   .000E+00   .000E+00
  182    30.0   180.0   .000E+00   .000E+00   .000E+00   .000E+00   .000E+00   .000E+00   .000E+00   .000E+00   .000E+00
  191    35.0   230.0   .000E+00   .000E+00   .000E+00   .000E+00   .000E+00   .000E+00   .000E+00   .000E+00   .000E+00   .000E+00
  201    35.0   180.0   .000E+00   .000E+00   .000E+00   .000E+00   .000E+00   .000E+00   .000E+00   .000E+00   .000E+00
  210    41.0   230.0   .000E+00   .000E+00   .000E+00   .000E+00   .000E+00   .000E+00   .000E+00   .000E+00   .000E+00   .000E+00
  220    41.0   180.0   .000E+00   .000E+00   .000E+00   .000E+00   .000E+00   .000E+00   .000E+00   .000E+00   .000E+00
  229    48.0   230.0   .000E+00   .000E+00   .000E+00   .000E+00   .000E+00   .000E+00   .000E+00   .000E+00   .000E+00   .000E+00
  239    48.0   180.0   .000E+00   .000E+00   .000E+00   .000E+00   .000E+00   .000E+00   .000E+00   .000E+00   .000E+00
  248    56.0   230.0   .000E+00   .000E+00   .000E+00   .000E+00   .000E+00   .000E+00   .000E+00   .000E+00   .000E+00   .000E+00
  258    56.0   180.0   .000E+00   .000E+00   .000E+00   .000E+00   .000E+00   .000E+00   .000E+00   .000E+00   .000E+00
  267    65.0   230.0   .000E+00   .000E+00   .000E+00   .000E+00   .000E+00   .000E+00   .000E+00   .000E+00   .000E+00   .000E+00
  277    65.0   180.0   .000E+00   .000E+00   .000E+00   .000E+00   .000E+00   .000E+00   .000E+00   .000E+00   .000E+00
  286    75.0   230.0   .000E+00   .000E+00   .000E+00   .000E+00   .000E+00   .000E+00   .000E+00   .000E+00   .000E+00   .000E+00
  296    75.0   180.0   .000E+00   .000E+00   .000E+00   .000E+00   .000E+00   .000E+00   .000E+00   .000E+00   .000E+00
  305    86.0   230.0   .000E+00   .000E+00   .000E+00   .000E+00   .000E+00   .000E+00   .000E+00   .000E+00   .000E+00   .000E+00
  315    86.0   180.0   .000E+00   .000E+00   .000E+00   .000E+00   .000E+00   .000E+00   .000E+00   .000E+00   .000E+00
  324    98.0   230.0   .000E+00   .000E+00   .000E+00   .000E+00   .000E+00   .000E+00   .000E+00   .000E+00   .000E+00   .000E+00
  334    98.0   180.0   .000E+00   .000E+00   .000E+00   .000E+00   .000E+00   .000E+00   .000E+00   .000E+00   .000E+00
  343   111.0   230.0   .000E+00   .000E+00   .000E+00   .000E+00   .000E+00   .000E+00   .000E+00   .000E+00   .000E+00   .000E+00
  353   111.0   180.0   .000E+00   .000E+00   .000E+00   .000E+00   .000E+00   .000E+00   .000E+00   .000E+00   .000E+00
  362   125.0   230.0   .000E+00   .000E+00   .000E+00   .000E+00   .000E+00   .000E+00   .000E+00   .000E+00   .000E+00   .000E+00
  372   125.0   180.0   .000E+00   .000E+00   .000E+00   .000E+00   .000E+00   .000E+00   .000E+00   .000E+00   .000E+00


 Time  ***     60.0000 ***

    n    x(n)   z(n)      Conc(n)   Conc(n+1)  ...

    1      .0   230.0   .100E+01   .859E+00   .583E+00   .280E+00   .529E-01   .420E-02   .814E-04   .207E-06   .141E-09   .698E-14
   11      .0   180.0  -.459E-17  -.199E-20  -.653E-24  -.208E-27  -.688E-31  -.239E-34   .000E+00   .000E+00   .000E+00
   20     5.0   230.0   .100E+01   .863E+00   .589E+00   .268E+00   .483E-01   .355E-02   .603E-04   .166E-06   .155E-09   .388E-13
   30     5.0   180.0   .935E-17   .225E-20   .620E-24   .195E-27   .695E-31   .276E-34   .104E-37   .000E+00   .000E+00
   39    10.0   230.0   .100E+01   .874E+00   .596E+00   .253E+00   .402E-01   .241E-02   .298E-04   .704E-07   .638E-10   .174E-13
   49    10.0   180.0   .454E-17   .118E-20   .346E-24   .115E-27   .429E-31   .177E-34   .000E+00   .000E+00   .000E+00
   58    14.0   230.0   .100E+01   .900E+00   .621E+00   .246E+00   .315E-01   .124E-02   .101E-04   .218E-07   .205E-10   .617E-14
   68    14.0   180.0   .176E-17   .496E-21   .156E-24   .545E-28   .212E-31   .903E-35   .000E+00   .000E+00   .000E+00
   77    17.0   230.0   .100E+01   .961E+00   .626E+00   .200E+00   .186E-01   .514E-03   .303E-05   .561E-08   .496E-11   .147E-14
   87    17.0   180.0   .419E-18   .118E-21   .372E-25   .132E-28   .518E-32   .222E-35   .000E+00   .000E+00   .000E+00
   96    19.0   230.0   .913E+00   .780E+00   .420E+00   .106E+00   .784E-02   .168E-03   .790E-06   .128E-08   .108E-11   .306E-15
  106    19.0   180.0   .851E-19   .231E-22   .708E-26   .245E-29   .944E-33   .397E-36   .000E+00   .000E+00   .000E+00
  115    21.0   230.0   .523E+00   .363E+00   .159E+00   .302E-01   .160E-02   .227E-04   .751E-07   .106E-09   .868E-13   .244E-16
  125    21.0   180.0   .679E-20   .185E-23   .574E-27   .202E-30   .799E-34   .307E-37   .000E+00   .000E+00   .000E+00
  134    23.0   230.0   .159E+00   .823E-01   .265E-01   .360E-02   .114E-03   .855E-06   .188E-08   .258E-11   .232E-14   .693E-18
  144    23.0   180.0   .205E-21   .589E-25   .193E-28   .720E-32   .303E-35   .000E+00   .000E+00   .000E+00   .000E+00
  153    26.0   230.0   .145E-01   .535E-02   .119E-02   .104E-03   .152E-05   .564E-08   .107E-10   .166E-13   .170E-16   .563E-20
  163    26.0   180.0   .179E-23   .561E-27   .200E-30   .811E-34   .331E-37   .000E+00   .000E+00   .000E+00   .000E+00
  172    30.0   230.0   .265E-03   .690E-04   .108E-04   .600E-06   .447E-08   .126E-10   .256E-13   .453E-16   .525E-19   .195E-22
  182    30.0   180.0   .676E-26   .230E-29   .897E-33   .397E-36   .000E+00   .000E+00   .000E+00   .000E+00   .000E+00
  191    35.0   230.0   .708E-06   .144E-06   .188E-07   .812E-09   .508E-11   .147E-13   .333E-16   .659E-19   .856E-22   .355E-25
  201    35.0   180.0   .134E-28   .498E-32   .213E-35   .000E+00   .000E+00   .000E+00   .000E+00   .000E+00   .000E+00
  210    41.0   230.0   .618E-09   .111E-09   .132E-10   .535E-12   .343E-14   .107E-16   .266E-19   .579E-22   .837E-25   .387E-28
  220    41.0   180.0   .158E-31   .641E-35   .000E+00   .000E+00   .000E+00   .000E+00   .000E+00   .000E+00   .000E+00
  229    48.0   230.0   .328E-12   .540E-13   .598E-14   .236E-15   .158E-17   .526E-20   .141E-22   .333E-25   .533E-28   .274E-31
  239    48.0   180.0   .122E-34   .000E+00   .000E+00   .000E+00   .000E+00   .000E+00   .000E+00   .000E+00   .000E+00
  248    56.0   230.0   .122E-15   .187E-16   .193E-17   .748E-19   .521E-21   .183E-23   .524E-26   .133E-28   .234E-31   .134E-34
  258    56.0   180.0   .000E+00   .000E+00   .000E+00   .000E+00   .000E+00   .000E+00   .000E+00   .000E+00   .000E+00
  267    65.0   230.0   .330E-19   .475E-20   .460E-21   .176E-22   .127E-24   .468E-27   .141E-29   .380E-32   .739E-35   .000E+00
  277    65.0   180.0   .000E+00   .000E+00   .000E+00   .000E+00   .000E+00   .000E+00   .000E+00   .000E+00   .000E+00
  286    75.0   230.0   .672E-23   .918E-24   .833E-25   .316E-26   .235E-28   .900E-31   .284E-33   .800E-36   .000E+00   .000E+00
  296    75.0   180.0   .000E+00   .000E+00   .000E+00   .000E+00   .000E+00   .000E+00   .000E+00   .000E+00   .000E+00
  305    86.0   230.0   .106E-26   .138E-27   .117E-28   .441E-30   .336E-32   .133E-34   .389E-37   .000E+00   .000E+00   .000E+00
  315    86.0   180.0   .000E+00   .000E+00   .000E+00   .000E+00   .000E+00   .000E+00   .000E+00   .000E+00   .000E+00
  324    98.0   230.0   .131E-30   .164E-31   .131E-32   .486E-34   .376E-36   .000E+00   .000E+00   .000E+00   .000E+00   .000E+00
  334    98.0   180.0   .000E+00   .000E+00   .000E+00   .000E+00   .000E+00   .000E+00   .000E+00   .000E+00   .000E+00
  343   111.0   230.0   .130E-34   .157E-35   .115E-36   .000E+00   .000E+00   .000E+00   .000E+00   .000E+00   .000E+00   .000E+00
  353   111.0   180.0   .000E+00   .000E+00   .000E+00   .000E+00   .000E+00   .000E+00   .000E+00   .000E+00   .000E+00
  362   125.0   230.0   .000E+00   .000E+00   .000E+00   .000E+00   .000E+00   .000E+00   .000E+00   .000E+00   .000E+00   .000E+00
  372   125.0   180.0   .000E+00   .000E+00   .000E+00   .000E+00   .000E+00   .000E+00   .000E+00   .000E+00   .000E+00


 Time  ***    180.0000 ***

    n    x(n)   z(n)      Conc(n)   Conc(n+1)  ...

    1      .0   230.0   .100E+01   .975E+00   .901E+00   .750E+00   .371E+00   .102E+00   .163E-01   .135E-02   .366E-04   .892E-07
   11      .0   180.0   .607E-10   .170E-13  -.905E-18  -.731E-20  -.962E-23  -.106E-25  -.112E-28  -.118E-31  -.165E-34
   20     5.0   230.0   .100E+01   .976E+00   .902E+00   .743E+00   .353E+00   .918E-01   .137E-01   .104E-02   .232E-04   .633E-07
   30     5.0   180.0   .645E-10   .450E-13   .336E-16   .282E-19   .265E-22   .277E-25   .316E-28   .379E-31   .745E-34
   39    10.0   230.0   .100E+01   .983E+00   .914E+00   .743E+00   .324E+00   .738E-01   .936E-02   .585E-03   .974E-05   .233E-07
   49    10.0   180.0   .237E-10   .177E-13   .142E-16   .127E-19   .127E-22   .140E-25   .167E-28   .208E-31   .485E-34
   58    14.0   230.0   .100E+01   .992E+00   .951E+00   .773E+00   .274E+00   .463E-01   .423E-02   .184E-03   .216E-05   .431E-08
   68    14.0   180.0   .417E-11   .315E-14   .259E-17   .238E-20   .245E-23   .278E-26   .342E-29   .440E-32   .111E-34
   77    17.0   230.0   .100E+01   .101E+01   .958E+00   .728E+00   .220E+00   .314E-01   .237E-02   .832E-04   .780E-06   .136E-08
   87    17.0   180.0   .122E-11   .900E-15   .731E-18   .670E-21   .689E-24   .784E-27   .967E-30   .125E-32   .332E-35
   96    19.0   230.0   .982E+00   .997E+00   .910E+00   .617E+00   .166E+00   .215E-01   .145E-02   .450E-04   .381E-06   .662E-09
  106    19.0   180.0   .590E-12   .423E-15   .332E-18   .294E-21   .292E-24   .322E-27   .387E-30   .488E-33   .121E-35
  115    21.0   230.0   .850E+00   .836E+00   .707E+00   .412E+00   .954E-01   .109E-01   .632E-03   .164E-04   .117E-06   .188E-09
  125    21.0   180.0   .164E-12   .118E-15   .928E-19   .821E-22   .816E-25   .901E-28   .108E-30   .137E-33   .332E-36
  134    23.0   230.0   .570E+00   .512E+00   .374E+00   .181E+00   .340E-01   .310E-02   .139E-03   .268E-05   .152E-07   .203E-10
  144    23.0   180.0   .173E-13   .129E-16   .107E-19   .992E-23   .104E-25   .120E-28   .151E-31   .200E-34   .406E-37
  153    26.0   230.0   .178E+00   .136E+00   .794E-01   .315E-01   .437E-02   .283E-03   .840E-05   .106E-06   .453E-09   .517E-12
  163    26.0   180.0   .461E-15   .376E-18   .341E-21   .348E-24   .397E-27   .501E-30   .684E-33   .968E-36   .000E+00
  172    30.0   230.0   .205E-01   .130E-01   .682E-02   .200E-02   .193E-03   .799E-05   .144E-06   .123E-08   .452E-11   .503E-14
  182    30.0   180.0   .484E-17   .437E-20   .441E-23   .500E-26   .632E-29   .878E-32   .131E-34   .171E-37   .000E+00
  191    35.0   230.0   .725E-03   .372E-03   .177E-03   .442E-04   .256E-05   .642E-07   .771E-09   .549E-11   .209E-13   .250E-16
  201    35.0   180.0   .262E-19   .261E-22   .291E-25   .367E-28   .514E-31   .789E-34   .127E-36   .000E+00   .000E+00
  210    41.0   230.0   .540E-05   .232E-05   .103E-05   .223E-06   .924E-08   .170E-09   .178E-11   .129E-13   .555E-16   .738E-19
  220    41.0   180.0   .838E-22   .914E-25   .113E-27   .158E-30   .245E-33   .409E-36   .000E+00   .000E+00   .000E+00
  229    48.0   230.0   .111E-07   .444E-08   .182E-08   .360E-09   .135E-10   .229E-12   .245E-14   .194E-16   .943E-19   .140E-21
  239    48.0   180.0   .173E-24   .206E-27   .281E-30   .435E-33   .750E-36   .000E+00   .000E+00   .000E+00   .000E+00
  248    56.0   230.0   .124E-10   .482E-11   .183E-11   .342E-12   .125E-13   .210E-15   .235E-17   .201E-19   .110E-21   .184E-24
  258    56.0   180.0   .246E-27   .319E-30   .480E-33   .822E-36   .000E+00   .000E+00   .000E+00   .000E+00   .000E+00
  267    65.0   230.0   .967E-14   .372E-14   .131E-14   .235E-15   .849E-17   .142E-18   .165E-20   .151E-22   .919E-25   .173E-27
  277    65.0   180.0   .250E-30   .355E-33   .577E-36   .000E+00   .000E+00   .000E+00   .000E+00   .000E+00   .000E+00
  286    75.0   230.0   .563E-17   .214E-17   .701E-18   .121E-18   .434E-20   .727E-22   .869E-24   .836E-26   .569E-28   .122E-30
  296    75.0   180.0   .189E-33   .287E-36   .000E+00   .000E+00   .000E+00   .000E+00   .000E+00   .000E+00   .000E+00
  305    86.0   230.0   .250E-20   .942E-21   .287E-21   .481E-22   .171E-23   .286E-25   .349E-27   .351E-29   .267E-31   .651E-34
  315    86.0   180.0   .107E-36   .000E+00   .000E+00   .000E+00   .000E+00   .000E+00   .000E+00   .000E+00   .000E+00
  324    98.0   230.0   .867E-24   .324E-24   .917E-25   .149E-25   .527E-27   .879E-29   .109E-30   .113E-32   .967E-35   .230E-37
  334    98.0   180.0   .000E+00   .000E+00   .000E+00   .000E+00   .000E+00   .000E+00   .000E+00   .000E+00   .000E+00
  343   111.0   230.0   .238E-27   .884E-28   .232E-28   .366E-29   .129E-30   .213E-32   .264E-34   .275E-36   .000E+00   .000E+00
  353   111.0   180.0   .000E+00   .000E+00   .000E+00   .000E+00   .000E+00   .000E+00   .000E+00   .000E+00   .000E+00
  362   125.0   230.0   .837E-31   .420E-31   .103E-31   .140E-32   .522E-34   .891E-36   .000E+00   .000E+00   .000E+00   .000E+00
  372   125.0   180.0   .000E+00   .000E+00   .000E+00   .000E+00   .000E+00   .000E+00   .000E+00   .000E+00   .000E+00


 Time  ***    360.0000 ***

    n    x(n)   z(n)      Conc(n)   Conc(n+1)  ...

    1      .0   230.0   .100E+01   .996E+00   .984E+00   .954E+00   .766E+00   .412E+00   .143E+00   .312E-01   .340E-02   .948E-04
   11      .0   180.0   .120E-05   .474E-08   .896E-11   .121E-13   .148E-16   .181E-19   .227E-22   .286E-25   .380E-28
   20     5.0   230.0   .100E+01   .996E+00   .984E+00   .955E+00   .754E+00   .388E+00   .127E+00   .260E-01   .242E-02   .650E-04
   30     5.0   180.0   .786E-06   .348E-08   .826E-11   .158E-13   .299E-16   .596E-19   .127E-21   .283E-24   .103E-26
   39    10.0   230.0   .100E+01   .997E+00   .987E+00   .963E+00   .733E+00   .341E+00   .981E-01   .175E-01   .133E-02   .311E-04
   49    10.0   180.0   .340E-06   .142E-08   .332E-11   .655E-14   .128E-16   .265E-19   .584E-22   .134E-24   .577E-27
   58    14.0   230.0   .100E+01   .100E+01   .100E+01   .101E+01   .700E+00   .259E+00   .584E-01   .815E-02   .468E-03   .765E-05
   68    14.0   180.0   .667E-07   .259E-09   .623E-12   .126E-14   .254E-17   .542E-20   .123E-22   .292E-25   .136E-27
   77    17.0   230.0   .100E+01   .100E+01   .996E+00   .101E+01   .623E+00   .199E+00   .384E-01   .460E-02   .222E-03   .311E-05
   87    17.0   180.0   .233E-07   .808E-10   .182E-12   .357E-15   .712E-18   .151E-20   .345E-23   .824E-26   .403E-28
   96    19.0   230.0   .994E+00   .100E+01   .989E+00   .971E+00   .539E+00   .157E+00   .278E-01   .307E-02   .138E-03   .190E-05
  106    19.0   180.0   .141E-07   .493E-10   .108E-12   .204E-15   .387E-18   .788E-21   .173E-23   .398E-26   .180E-28
  115    21.0   230.0   .951E+00   .959E+00   .933E+00   .857E+00   .420E+00   .111E+00   .180E-01   .182E-02   .743E-04   .990E-06
  125    21.0   180.0   .737E-08   .266E-10   .596E-13   .112E-15   .209E-18   .416E-21   .886E-24   .199E-26   .877E-29
  134    23.0   230.0   .830E+00   .829E+00   .775E+00   .643E+00   .270E+00   .624E-01   .891E-02   .782E-03   .278E-04   .324E-06
  144    23.0   180.0   .213E-08   .708E-11   .155E-13   .295E-16   .566E-19   .116E-21   .257E-24   .594E-27   .253E-29
  153    26.0   230.0   .465E+00   .432E+00   .354E+00   .257E+00   .858E-01   .159E-01   .183E-02   .127E-03   .347E-05   .298E-07
  163    26.0   180.0   .152E-09   .442E-12   .969E-15   .198E-17   .419E-20   .950E-23   .230E-25   .577E-28   .264E-30
  172    30.0   230.0   .119E+00   .994E-01   .747E-01   .441E-01   .115E-01   .166E-02   .148E-03   .773E-05   .153E-06   .920E-09
  182    30.0   180.0   .367E-11   .976E-14   .224E-16   .506E-19   .120E-21   .306E-24   .825E-27   .228E-29   .114E-31
  191    35.0   230.0   .123E-01   .908E-02   .635E-02   .346E-02   .634E-03   .691E-04   .457E-05   .173E-06   .252E-08   .111E-10
  201    35.0   180.0   .376E-13   .986E-16   .247E-18   .631E-21   .171E-23   .491E-26   .148E-28   .453E-31   .246E-33
  210    41.0   230.0   .452E-03   .288E-03   .189E-03   .963E-04   .140E-04   .104E-05   .508E-07   .146E-08   .176E-10   .654E-13
  220    41.0   180.0   .208E-15   .566E-18   .157E-20   .456E-23   .140E-25   .456E-28   .154E-30   .521E-33   .309E-35
  229    48.0   230.0   .455E-05   .255E-05   .158E-05   .767E-06   .920E-07   .548E-08   .215E-09   .535E-11   .637E-13   .234E-15
  239    48.0   180.0   .735E-18   .212E-20   .651E-23   .213E-25   .743E-28   .273E-30   .103E-32   .384E-35   .212E-37
  248    56.0   230.0   .143E-07   .764E-08   .449E-08   .206E-08   .223E-09   .120E-10   .443E-12   .109E-13   .144E-15   .570E-18
  258    56.0   180.0   .183E-20   .557E-23   .189E-25   .693E-28   .272E-30   .112E-32   .472E-35   .166E-37   .000E+00
  267    65.0   230.0   .237E-10   .127E-10   .711E-11   .310E-11   .320E-12   .167E-13   .605E-15   .154E-16   .229E-18   .100E-20
  277    65.0   180.0   .334E-23   .108E-25   .401E-28   .164E-30   .725E-33   .335E-35   .134E-37   .000E+00   .000E+00
  286    75.0   230.0   .276E-13   .151E-13   .804E-14   .335E-14   .335E-15   .170E-16   .614E-18   .162E-19   .270E-21   .133E-23
  296    75.0   180.0   .462E-26   .160E-28   .648E-31   .296E-33   .146E-35   .000E+00   .000E+00   .000E+00   .000E+00
  305    86.0   230.0   .243E-16   .136E-16   .689E-17   .274E-17   .268E-18   .133E-19   .477E-21   .129E-22   .243E-24   .135E-26
  315    86.0   180.0   .496E-29   .183E-31   .815E-34   .405E-36   .000E+00   .000E+00   .000E+00   .000E+00   .000E+00
  324    98.0   230.0   .165E-19   .945E-20   .456E-20   .174E-20   .167E-21   .810E-23   .288E-24   .798E-26   .169E-27   .108E-29
  334    98.0   180.0   .419E-32   .166E-34   .794E-37   .000E+00   .000E+00   .000E+00   .000E+00   .000E+00   .000E+00
  343   111.0   230.0   .878E-23   .517E-23   .237E-23   .864E-24   .818E-25   .388E-26   .136E-27   .383E-29   .927E-31   .686E-33
  353   111.0   180.0   .281E-35   .100E-37   .000E+00   .000E+00   .000E+00   .000E+00   .000E+00   .000E+00   .000E+00
  362   125.0   230.0   .600E-26   .489E-26   .214E-26   .665E-27   .665E-28   .321E-29   .110E-30   .315E-32   .784E-34   .764E-36
  372   125.0   180.0   .000E+00   .000E+00   .000E+00   .000E+00   .000E+00   .000E+00   .000E+00   .000E+00   .000E+00


 Time  ***    720.0000 ***

    n    x(n)   z(n)      Conc(n)   Conc(n+1)  ...

    1      .0   230.0   .100E+01   .998E+00   .997E+00   .994E+00   .973E+00   .854E+00   .590E+00   .288E+00   .833E-01   .851E-02
   11      .0   180.0   .640E-03   .216E-04   .365E-06   .353E-08   .228E-10   .114E-12   .487E-15   .185E-17   .771E-20
   20     5.0   230.0   .100E+01   .999E+00   .997E+00   .995E+00   .976E+00   .844E+00   .559E+00   .259E+00   .656E-01   .643E-02
   30     5.0   180.0   .446E-03   .150E-04   .257E-06   .260E-08   .185E-10   .106E-12   .542E-15   .255E-17   .176E-19
   39    10.0   230.0   .100E+01   .998E+00   .997E+00   .995E+00   .978E+00   .814E+00   .494E+00   .205E+00   .436E-01   .378E-02
   49    10.0   180.0   .236E-03   .755E-05   .123E-06   .121E-08   .854E-11   .493E-13   .256E-15   .123E-17   .101E-19
   58    14.0   230.0   .100E+01   .999E+00   .998E+00   .100E+01   .101E+01   .761E+00   .390E+00   .133E+00   .239E-01   .180E-02
   68    14.0   180.0   .102E-03   .310E-05   .483E-07   .453E-09   .304E-11   .169E-13   .848E-16   .401E-18   .344E-20
   77    17.0   230.0   .100E+01   .999E+00   .998E+00   .101E+01   .993E+00   .679E+00   .306E+00   .928E-01   .138E-01   .795E-03
   87    17.0   180.0   .379E-04   .924E-06   .131E-07   .124E-09   .864E-12   .501E-14   .261E-16   .127E-18   .117E-20
   96    19.0   230.0   .998E+00   .998E+00   .998E+00   .101E+01   .957E+00   .602E+00   .249E+00   .699E-01   .964E-02   .514E-03
  106    19.0   180.0   .219E-04   .515E-06   .698E-08   .625E-10   .423E-12   .242E-14   .126E-16   .615E-19   .543E-21
  115    21.0   230.0   .987E+00   .991E+00   .991E+00   .100E+01   .888E+00   .508E+00   .193E+00   .498E-01   .637E-02   .320E-03
  125    21.0   180.0   .130E-04   .298E-06   .396E-08   .350E-10   .234E-12   .132E-14   .682E-17   .332E-19   .290E-21
  134    23.0   230.0   .953E+00   .963E+00   .967E+00   .967E+00   .782E+00   .402E+00   .138E+00   .326E-01   .386E-02   .182E-03
  144    23.0   180.0   .704E-05   .159E-06   .210E-08   .184E-10   .122E-12   .682E-15   .349E-17   .170E-19   .142E-21
  153    26.0   230.0   .783E+00   .782E+00   .758E+00   .730E+00   .502E+00   .216E+00   .630E-01   .128E-01   .128E-02   .507E-04
  163    26.0   180.0   .168E-05   .330E-07   .396E-09   .331E-11   .218E-13   .125E-15   .661E-18   .336E-20   .292E-22
  172    30.0   230.0   .387E+00   .370E+00   .341E+00   .295E+00   .168E+00   .588E-01   .143E-01   .243E-02   .199E-03   .618E-05
  182    30.0   180.0   .165E-06   .271E-08   .290E-10   .230E-12   .151E-14   .894E-17   .498E-19   .267E-21   .246E-23
  191    35.0   230.0   .908E-01   .819E-01   .719E-01   .599E-01   .261E-01   .749E-02   .152E-02   .215E-03   .141E-04   .330E-06
  201    35.0   180.0   .701E-08   .970E-10   .944E-12   .727E-14   .486E-16   .301E-18   .179E-20   .102E-22   .101E-24
  210    41.0   230.0   .952E-02   .797E-02   .670E-02   .540E-02   .203E-02   .442E-03   .741E-04   .870E-05   .454E-06   .784E-08
  220    41.0   180.0   .137E-09   .166E-11   .153E-13   .119E-15   .830E-18   .549E-20   .351E-22   .217E-24   .229E-26
  229    48.0   230.0   .416E-03   .317E-03   .255E-03   .200E-03   .658E-04   .122E-04   .158E-05   .153E-06   .657E-08   .879E-10
  239    48.0   180.0   .134E-11   .152E-13   .140E-15   .112E-17   .841E-20   .604E-22   .422E-24   .284E-26   .323E-28
  248    56.0   230.0   .689E-05   .470E-05   .356E-05   .266E-05   .776E-06   .125E-06   .142E-07   .119E-08   .453E-10   .525E-12
  258    56.0   180.0   .750E-14   .827E-16   .785E-18   .676E-20   .551E-22   .436E-24   .335E-26   .247E-28   .304E-30
  267    65.0   230.0   .372E-07   .247E-07   .182E-07   .129E-07   .349E-08   .516E-09   .543E-10   .422E-11   .165E-12   .191E-14
  277    65.0   180.0   .254E-16   .286E-18   .292E-20   .276E-22   .250E-24   .219E-26   .186E-28   .151E-30   .201E-32
  286    75.0   230.0   .982E-10   .668E-10   .477E-10   .324E-10   .842E-11   .118E-11   .120E-12   .910E-14   .386E-15   .477E-17
  296    75.0   180.0   .589E-19   .684E-21   .766E-23   .808E-25   .819E-27   .805E-29   .761E-31   .677E-33   .974E-35
  305    86.0   230.0   .174E-12   .124E-12   .859E-13   .560E-13   .141E-13   .190E-14   .188E-15   .142E-16   .664E-18   .893E-20
  315    86.0   180.0   .102E-21   .122E-23   .150E-25   .178E-27   .203E-29   .224E-31   .236E-33   .230E-35   .263E-37
  324    98.0   230.0   .233E-15   .173E-15   .117E-15   .732E-16   .180E-16   .233E-17   .226E-18   .169E-19   .876E-21   .130E-22
  334    98.0   180.0   .141E-24   .169E-26   .228E-28   .304E-30   .393E-32   .488E-34   .562E-36   .000E+00   .000E+00
  343   111.0   230.0   .240E-18   .188E-18   .124E-18   .740E-19   .178E-19   .223E-20   .210E-21   .157E-22   .906E-24   .150E-25
  353   111.0   180.0   .157E-27   .190E-29   .279E-31   .419E-33   .610E-35   .788E-37   .000E+00   .000E+00   .000E+00
  362   125.0   230.0   .319E-21   .348E-21   .225E-21   .115E-21   .288E-22   .364E-23   .334E-24   .249E-25   .144E-26   .305E-28
  372   125.0   180.0   .315E-30   .386E-32   .613E-34   .102E-35   .121E-37   .000E+00   .000E+00   .000E+00   .000E+00


 Time  ***   1440.0000 ***

    n    x(n)   z(n)      Conc(n)   Conc(n+1)  ...

    1      .0   230.0   .100E+01   .999E+00   .997E+00   .995E+00   .992E+00   .982E+00   .945E+00   .822E+00   .548E+00   .162E+00
   11      .0   180.0   .382E-01   .483E-02   .364E-03   .172E-04   .544E-06   .122E-07   .207E-09   .267E-11   .317E-13
   20     5.0   230.0   .100E+01   .999E+00   .997E+00   .995E+00   .992E+00   .984E+00   .943E+00   .804E+00   .495E+00   .138E+00
   30     5.0   180.0   .299E-01   .369E-02   .270E-03   .126E-04   .403E-06   .939E-08   .170E-09   .246E-11   .441E-13
   39    10.0   230.0   .100E+01   .999E+00   .997E+00   .995E+00   .992E+00   .984E+00   .931E+00   .756E+00   .412E+00   .102E+00
   49    10.0   180.0   .198E-01   .229E-02   .158E-03   .706E-05   .218E-06   .499E-08   .901E-10   .132E-11   .279E-13
   58    14.0   230.0   .100E+01   .999E+00   .997E+00   .995E+00   .993E+00   .993E+00   .911E+00   .661E+00   .318E+00   .695E-01
   68    14.0   180.0   .125E-01   .137E-02   .901E-04   .387E-05   .116E-06   .260E-08   .465E-10   .674E-12   .153E-13
   77    17.0   230.0   .100E+01   .999E+00   .997E+00   .993E+00   .995E+00   .989E+00   .864E+00   .586E+00   .237E+00   .468E-01
   87    17.0   180.0   .788E-02   .825E-03   .524E-04   .220E-05   .646E-07   .143E-08   .253E-10   .367E-12   .870E-14
   96    19.0   230.0   .998E+00   .998E+00   .996E+00   .992E+00   .996E+00   .974E+00   .811E+00   .519E+00   .193E+00   .346E-01
  106    19.0   180.0   .548E-02   .552E-03   .338E-04   .139E-05   .403E-07   .889E-09   .154E-10   .227E-12   .533E-14
  115    21.0   230.0   .994E+00   .995E+00   .993E+00   .989E+00   .996E+00   .945E+00   .741E+00   .443E+00   .154E+00   .234E-01
  125    21.0   180.0   .329E-02   .294E-03   .168E-04   .716E-06   .213E-07   .477E-09   .836E-11   .126E-12   .302E-14
  134    23.0   230.0   .985E+00   .988E+00   .989E+00   .986E+00   .988E+00   .896E+00   .653E+00   .361E+00   .117E+00   .159E-01
  144    23.0   180.0   .201E-02   .165E-03   .877E-05   .335E-06   .980E-08   .213E-09   .386E-11   .605E-13   .144E-14
  153    26.0   230.0   .943E+00   .950E+00   .951E+00   .952E+00   .930E+00   .764E+00   .490E+00   .237E+00   .669E-01   .783E-02
  163    26.0   180.0   .868E-03   .636E-04   .309E-05   .108E-06   .286E-08   .610E-10   .110E-11   .174E-13   .421E-15
  172    30.0   230.0   .739E+00   .741E+00   .737E+00   .726E+00   .651E+00   .457E+00   .247E+00   .102E+00   .240E-01   .232E-02
  182    30.0   180.0   .221E-03   .142E-04   .624E-06   .200E-07   .499E-09   .103E-10   .182E-12   .288E-14   .710E-16
  191    35.0   230.0   .348E+00   .341E+00   .331E+00   .313E+00   .250E+00   .149E+00   .683E-01   .240E-01   .472E-02   .366E-03
  201    35.0   180.0   .299E-04   .169E-05   .668E-07   .199E-08   .473E-10   .948E-12   .167E-13   .267E-15   .673E-17
  210    41.0   230.0   .821E-01   .781E-01   .746E-01   .703E-01   .476E-01   .243E-01   .965E-02   .295E-02   .487E-03   .302E-04
  220    41.0   180.0   .214E-05   .107E-06   .386E-08   .108E-09   .249E-11   .493E-13   .876E-15   .143E-16   .373E-18
  229    48.0   230.0   .940E-02   .862E-02   .811E-02   .762E-02   .476E-02   .199E-02   .692E-03   .187E-03   .263E-04   .130E-05
  239    48.0   180.0   .829E-07   .377E-08   .126E-09   .339E-11   .766E-13   .153E-14   .278E-16   .474E-18   .128E-19
  248    56.0   230.0   .558E-03   .474E-03   .424E-03   .392E-03   .227E-03   .854E-04   .251E-04   .600E-05   .737E-06   .298E-07
  258    56.0   180.0   .179E-08   .762E-10   .245E-11   .645E-13   .146E-14   .299E-16   .563E-18   .102E-19   .289E-21
  267    65.0   230.0   .146E-04   .118E-04   .103E-04   .911E-05   .489E-05   .169E-05   .459E-06   .990E-07   .108E-07   .377E-09
  277    65.0   180.0   .221E-10   .919E-12   .293E-13   .779E-15   .182E-16   .386E-18   .771E-20   .148E-21   .446E-23
  286    75.0   230.0   .157E-06   .125E-06   .106E-06   .915E-07   .466E-07   .152E-07   .391E-08   .792E-09   .846E-10   .280E-11
  296    75.0   180.0   .168E-12   .702E-14   .229E-15   .626E-17   .154E-18   .346E-20   .737E-22   .153E-23   .489E-25
  305    86.0   230.0   .791E-09   .645E-09   .543E-09   .455E-09   .224E-09   .702E-10   .175E-10   .342E-11   .385E-12   .133E-13
  315    86.0   180.0   .767E-15   .338E-16   .117E-17   .344E-19   .905E-21   .219E-22   .505E-24   .114E-25   .389E-27
  324    98.0   230.0   .242E-11   .207E-11   .173E-11   .141E-11   .688E-12   .209E-12   .508E-13   .972E-14   .118E-14   .438E-16
  334    98.0   180.0   .235E-17   .108E-18   .412E-20   .132E-21   .381E-23   .101E-24   .254E-26   .626E-28   .227E-29
  343   111.0   230.0   .531E-14   .484E-14   .402E-14   .320E-14   .155E-14   .458E-15   .109E-15   .204E-16   .271E-17   .109E-18
  353   111.0   180.0   .518E-20   .248E-21   .104E-22   .372E-24   .119E-25   .346E-27   .956E-29   .255E-30   .989E-32
  362   125.0   230.0   .150E-16   .186E-16   .156E-16   .110E-16   .561E-17   .169E-17   .391E-18   .722E-19   .937E-20   .460E-21
  372   125.0   180.0   .193E-22   .928E-24   .429E-25   .172E-26   .613E-28   .199E-29   .602E-31   .172E-32   .108E-33


 Time  ***   2160.0000 ***

    n    x(n)   z(n)      Conc(n)   Conc(n+1)  ...

    1      .0   230.0   .100E+01   .999E+00   .997E+00   .995E+00   .992E+00   .987E+00   .977E+00   .950E+00   .852E+00   .444E+00
   11      .0   180.0   .183E+00   .434E-01   .633E-02   .596E-03   .381E-04   .173E-05   .581E-07   .143E-08   .315E-10
   20     5.0   230.0   .100E+01   .999E+00   .997E+00   .995E+00   .992E+00   .986E+00   .978E+00   .948E+00   .830E+00   .408E+00
   30     5.0   180.0   .156E+00   .356E-01   .500E-02   .461E-03   .293E-04   .135E-05   .477E-07   .128E-08   .409E-10
   39    10.0   230.0   .100E+01   .999E+00   .997E+00   .995E+00   .991E+00   .986E+00   .977E+00   .939E+00   .778E+00   .342E+00
   49    10.0   180.0   .119E+00   .253E-01   .334E-02   .292E-03   .179E-04   .809E-06   .283E-07   .769E-09   .287E-10
   58    14.0   230.0   .100E+01   .999E+00   .997E+00   .995E+00   .990E+00   .985E+00   .980E+00   .912E+00   .696E+00   .272E+00
   68    14.0   180.0   .871E-01   .175E-01   .219E-02   .184E-03   .109E-04   .484E-06   .168E-07   .448E-09   .179E-10
   77    17.0   230.0   .100E+01   .999E+00   .997E+00   .995E+00   .989E+00   .985E+00   .974E+00   .889E+00   .605E+00   .214E+00
   87    17.0   180.0   .643E-01   .123E-01   .149E-02   .121E-03   .705E-05   .308E-06   .105E-07   .282E-09   .117E-10
   96    19.0   230.0   .998E+00   .998E+00   .996E+00   .994E+00   .988E+00   .983E+00   .961E+00   .854E+00   .544E+00   .176E+00
  106    19.0   180.0   .508E-01   .936E-02   .111E-02   .894E-04   .513E-05   .223E-06   .743E-08   .202E-09   .831E-11
  115    21.0   230.0   .995E+00   .995E+00   .994E+00   .992E+00   .986E+00   .979E+00   .939E+00   .802E+00   .485E+00   .135E+00
  125    21.0   180.0   .381E-01   .623E-02   .737E-03   .593E-04   .340E-05   .148E-06   .492E-08   .135E-09   .565E-11
  134    23.0   230.0   .989E+00   .990E+00   .990E+00   .988E+00   .983E+00   .970E+00   .903E+00   .733E+00   .416E+00   .104E+00
  144    23.0   180.0   .257E-01   .401E-02   .423E-03   .345E-04   .199E-05   .874E-07   .295E-08   .832E-10   .346E-11
  153    26.0   230.0   .970E+00   .973E+00   .974E+00   .975E+00   .971E+00   .933E+00   .813E+00   .598E+00   .300E+00   .651E-01
  163    26.0   180.0   .137E-01   .191E-02   .181E-03   .128E-04   .693E-06   .299E-07   .105E-08   .308E-10   .133E-11
  172    30.0   230.0   .874E+00   .880E+00   .882E+00   .883E+00   .864E+00   .770E+00   .593E+00   .377E+00   .159E+00   .284E-01
  182    30.0   180.0   .508E-02   .620E-03   .523E-04   .331E-05   .165E-06   .674E-08   .233E-09   .692E-11   .307E-12
  191    35.0   230.0   .568E+00   .567E+00   .562E+00   .551E+00   .513E+00   .407E+00   .271E+00   .148E+00   .517E-01   .744E-02
  201    35.0   180.0   .114E-02   .122E-03   .930E-05   .537E-06   .249E-07   .969E-09   .327E-10   .968E-12   .436E-13
  210    41.0   230.0   .206E+00   .202E+00   .199E+00   .195E+00   .164E+00   .115E+00   .669E-01   .318E-01   .939E-02   .109E-02
  220    41.0   180.0   .146E-03   .140E-04   .968E-06   .521E-07   .229E-08   .864E-10   .288E-11   .852E-13   .391E-14
  229    48.0   230.0   .380E-01   .365E-01   .357E-01   .348E-01   .268E-01   .166E-01   .866E-02   .367E-02   .931E-03   .872E-04
  239    48.0   180.0   .106E-04   .927E-06   .597E-07   .304E-08   .130E-09   .481E-11   .160E-12   .486E-14   .228E-15
  248    56.0   230.0   .372E-02   .340E-02   .326E-02   .316E-02   .235E-02   .126E-02   .591E-03   .227E-03   .506E-04   .392E-05
  258    56.0   180.0   .447E-06   .367E-07   .224E-08   .110E-09   .463E-11   .172E-12   .582E-14   .183E-15   .892E-17
  267    65.0   230.0   .185E-03   .165E-03   .153E-03   .146E-03   .104E-03   .519E-04   .215E-04   .755E-05   .152E-05   .101E-06
  277    65.0   180.0   .112E-07   .887E-09   .527E-10   .257E-11   .108E-12   .408E-14   .144E-15   .476E-17   .242E-18
  286    75.0   230.0   .450E-05   .394E-05   .361E-05   .336E-05   .227E-05   .108E-05   .423E-06   .138E-06   .255E-07   .153E-08
  296    75.0   180.0   .172E-09   .134E-10   .798E-12   .393E-13   .169E-14   .668E-16   .247E-17   .869E-19   .463E-20
  305    86.0   230.0   .529E-07   .463E-07   .422E-07   .388E-07   .252E-07   .115E-07   .436E-08   .135E-08   .248E-09   .144E-10
  315    86.0   180.0   .167E-11   .132E-12   .804E-14   .409E-15   .184E-16   .763E-18   .300E-19   .114E-20   .640E-22
  324    98.0   230.0   .330E-09   .298E-09   .270E-09   .244E-09   .156E-09   .696E-10   .256E-10   .767E-11   .147E-11   .891E-13
  334    98.0   180.0   .100E-13   .822E-15   .534E-16   .290E-17   .139E-18   .618E-20   .261E-21   .107E-22   .639E-24
  343   111.0   230.0   .130E-11   .123E-11   .112E-11   .987E-12   .629E-12   .277E-12   .996E-13   .292E-13   .598E-14   .388E-15
  353   111.0   180.0   .400E-16   .344E-17   .242E-18   .143E-19   .750E-21   .361E-22   .165E-23   .731E-25   .463E-26
  362   125.0   230.0   .625E-14   .778E-14   .721E-14   .574E-14   .389E-14   .175E-14   .620E-15   .178E-15   .352E-16   .276E-17
  372   125.0   180.0   .249E-18   .219E-19   .170E-20   .112E-21   .645E-23   .341E-24   .169E-25   .798E-27   .814E-28


 Time  ***   2880.0000 ***

    n    x(n)   z(n)      Conc(n)   Conc(n+1)  ...

    1      .0   230.0   .100E+01   .999E+00   .997E+00   .995E+00   .992E+00   .987E+00   .980E+00   .969E+00   .944E+00   .671E+00
   11      .0   180.0   .389E+00   .139E+00   .311E-01   .454E-02   .451E-03   .318E-04   .165E-05   .600E-07   .201E-08
   20     5.0   230.0   .100E+01   .999E+00   .997E+00   .995E+00   .992E+00   .986E+00   .980E+00   .969E+00   .945E+00   .644E+00
   30     5.0   180.0   .351E+00   .120E+00   .259E-01   .367E-02   .360E-03   .257E-04   .138E-05   .547E-07   .256E-08
   39    10.0   230.0   .100E+01   .999E+00   .997E+00   .995E+00   .991E+00   .985E+00   .978E+00   .966E+00   .933E+00   .583E+00
   49    10.0   180.0   .293E+00   .937E-01   .189E-01   .255E-02   .241E-03   .167E-04   .893E-06   .357E-07   .194E-08
   58    14.0   230.0   .100E+01   .999E+00   .997E+00   .995E+00   .991E+00   .984E+00   .978E+00   .959E+00   .897E+00   .508E+00
   68    14.0   180.0   .237E+00   .713E-01   .136E-01   .176E-02   .161E-03   .109E-04   .575E-06   .227E-07   .132E-08
   77    17.0   230.0   .100E+01   .999E+00   .997E+00   .995E+00   .990E+00   .982E+00   .975E+00   .956E+00   .847E+00   .436E+00
   87    17.0   180.0   .191E+00   .549E-01   .101E-01   .126E-02   .112E-03   .753E-05   .392E-06   .154E-07   .927E-09
   96    19.0   230.0   .998E+00   .998E+00   .996E+00   .994E+00   .988E+00   .980E+00   .971E+00   .946E+00   .807E+00   .382E+00
  106    19.0   180.0   .161E+00   .449E-01   .804E-02   .986E-03   .868E-04   .576E-05   .293E-06   .117E-07   .696E-09
  115    21.0   230.0   .995E+00   .995E+00   .994E+00   .991E+00   .986E+00   .977E+00   .965E+00   .925E+00   .766E+00   .322E+00
  125    21.0   180.0   .130E+00   .349E-01   .604E-02   .731E-03   .637E-04   .420E-05   .212E-06   .852E-08   .509E-09
  134    23.0   230.0   .990E+00   .990E+00   .990E+00   .988E+00   .983E+00   .973E+00   .953E+00   .893E+00   .707E+00   .271E+00
  144    23.0   180.0   .997E-01   .245E-01   .397E-02   .491E-03   .430E-04   .285E-05   .145E-06   .592E-08   .351E-09
  153    26.0   230.0   .977E+00   .979E+00   .979E+00   .979E+00   .975E+00   .960E+00   .917E+00   .814E+00   .587E+00   .197E+00
  163    26.0   180.0   .634E-01   .137E-01   .202E-02   .223E-03   .187E-04   .123E-05   .653E-07   .278E-08   .171E-09
  172    30.0   230.0   .924E+00   .928E+00   .931E+00   .933E+00   .929E+00   .890E+00   .797E+00   .637E+00   .393E+00   .109E+00
  182    30.0   180.0   .302E-01   .568E-02   .743E-03   .733E-04   .568E-05   .359E-06   .190E-07   .826E-09   .525E-10
  191    35.0   230.0   .711E+00   .712E+00   .712E+00   .706E+00   .690E+00   .619E+00   .497E+00   .347E+00   .178E+00   .398E-01
  201    35.0   180.0   .937E-02   .154E-02   .180E-03   .161E-04   .116E-05   .693E-07   .359E-08   .156E-09   .101E-10
  210    41.0   230.0   .341E+00   .338E+00   .337E+00   .334E+00   .307E+00   .250E+00   .180E+00   .110E+00   .476E-01   .850E-02
  220    41.0   180.0   .174E-02   .256E-03   .271E-04   .224E-05   .151E-06   .868E-08   .440E-09   .191E-10   .126E-11
  229    48.0   230.0   .869E-01   .850E-01   .843E-01   .833E-01   .714E-01   .534E-01   .347E-01   .191E-01   .712E-02   .103E-02
  239    48.0   180.0   .191E-03   .254E-04   .250E-05   .194E-06   .125E-07   .703E-09   .354E-10   .156E-11   .105E-12
  248    56.0   230.0   .119E-01   .112E-01   .110E-01   .109E-01   .906E-02   .603E-02   .358E-02   .180E-02   .594E-03   .711E-04
  258    56.0   180.0   .123E-04   .154E-05   .143E-06   .106E-07   .671E-09   .373E-10   .189E-11   .856E-13   .591E-14
  267    65.0   230.0   .855E-03   .798E-03   .761E-03   .746E-03   .603E-03   .368E-03   .202E-03   .940E-04   .280E-04   .287E-05
  277    65.0   180.0   .482E-06   .577E-07   .518E-08   .378E-09   .237E-10   .133E-11   .698E-13   .326E-14   .233E-15
  286    75.0   230.0   .325E-04   .299E-04   .284E-04   .273E-04   .214E-04   .126E-04   .636E-05   .275E-05   .761E-06   .695E-07
  296    75.0   180.0   .116E-07   .137E-08   .122E-09   .889E-11   .565E-12   .328E-13   .179E-14   .878E-16   .653E-17
  305    86.0   230.0   .649E-06   .596E-06   .563E-06   .536E-06   .407E-06   .232E-06   .113E-06   .463E-07   .123E-07   .105E-08
  315    86.0   180.0   .180E-09   .213E-10   .191E-11   .143E-12   .933E-14   .563E-15   .324E-16   .169E-17   .132E-18
  324    98.0   230.0   .702E-08   .654E-08   .618E-08   .585E-08   .437E-08   .243E-08   .115E-08   .451E-09   .120E-09   .104E-10
  334    98.0   180.0   .172E-11   .211E-12   .197E-13   .154E-14   .107E-15   .683E-17   .416E-18   .234E-19   .192E-20
  343   111.0   230.0   .451E-10   .435E-10   .412E-10   .386E-10   .287E-10   .157E-10   .726E-11   .278E-11   .771E-12   .698E-13
  353   111.0   180.0   .107E-13   .137E-14   .137E-15   .115E-16   .857E-18   .591E-19   .387E-20   .231E-21   .201E-22
  362   125.0   230.0   .338E-12   .411E-12   .400E-12   .342E-12   .270E-12   .153E-12   .693E-13   .261E-13   .684E-14   .741E-15
  372   125.0   180.0   .101E-15   .131E-16   .143E-17   .133E-18   .108E-19   .812E-21   .570E-22   .364E-23   .505E-24


 Time  ***   4320.0000 ***

    n    x(n)   z(n)      Conc(n)   Conc(n+1)  ...

    1      .0   230.0   .100E+01   .999E+00   .997E+00   .995E+00   .992E+00   .987E+00   .981E+00   .972E+00   .965E+00   .873E+00
   11      .0   180.0   .711E+00   .415E+00   .162E+00   .419E-01   .737E-02   .920E-03   .825E-04   .500E-05   .297E-06
   20     5.0   230.0   .100E+01   .999E+00   .997E+00   .995E+00   .992E+00   .986E+00   .980E+00   .972E+00   .969E+00   .866E+00
   30     5.0   180.0   .684E+00   .386E+00   .145E+00   .362E-01   .628E-02   .787E-03   .726E-04   .473E-05   .371E-06
   39    10.0   230.0   .100E+01   .999E+00   .997E+00   .995E+00   .991E+00   .985E+00   .978E+00   .969E+00   .974E+00   .841E+00
   49    10.0   180.0   .634E+00   .339E+00   .119E+00   .284E-01   .473E-02   .578E-03   .528E-04   .344E-05   .309E-06
   58    14.0   230.0   .100E+01   .999E+00   .997E+00   .995E+00   .991E+00   .984E+00   .976E+00   .964E+00   .974E+00   .800E+00
   68    14.0   180.0   .574E+00   .290E+00   .966E-01   .219E-01   .353E-02   .422E-03   .380E-04   .246E-05   .235E-06
   77    17.0   230.0   .100E+01   .999E+00   .997E+00   .995E+00   .990E+00   .982E+00   .973E+00   .959E+00   .969E+00   .753E+00
   87    17.0   180.0   .516E+00   .248E+00   .792E-01   .174E-01   .273E-02   .320E-03   .281E-04   .183E-05   .180E-06
   96    19.0   230.0   .998E+00   .998E+00   .996E+00   .994E+00   .988E+00   .980E+00   .971E+00   .956E+00   .962E+00   .715E+00
  106    19.0   180.0   .472E+00   .219E+00   .678E-01   .146E-01   .225E-02   .262E-03   .228E-04   .149E-05   .145E-06
  115    21.0   230.0   .995E+00   .995E+00   .993E+00   .991E+00   .986E+00   .977E+00   .967E+00   .951E+00   .952E+00   .670E+00
  125    21.0   180.0   .423E+00   .188E+00   .559E-01   .118E-01   .180E-02   .205E-03   .179E-04   .118E-05   .114E-06
  134    23.0   230.0   .991E+00   .991E+00   .990E+00   .988E+00   .983E+00   .974E+00   .962E+00   .944E+00   .940E+00   .618E+00
  144    23.0   180.0   .371E+00   .154E+00   .433E-01   .910E-02   .138E-02   .154E-03   .136E-04   .908E-06   .867E-07
  153    26.0   230.0   .980E+00   .981E+00   .980E+00   .980E+00   .975E+00   .966E+00   .951E+00   .923E+00   .896E+00   .528E+00
  163    26.0   180.0   .290E+00   .109E+00   .284E-01   .549E-02   .800E-03   .898E-04   .804E-05   .550E-06   .536E-07
  172    30.0   230.0   .953E+00   .955E+00   .956E+00   .957E+00   .956E+00   .943E+00   .914E+00   .858E+00   .772E+00   .387E+00
  182    30.0   180.0   .188E+00   .629E-01   .147E-01   .257E-02   .351E-03   .384E-04   .344E-05   .240E-06   .241E-07
  191    35.0   230.0   .845E+00   .848E+00   .850E+00   .849E+00   .850E+00   .824E+00   .765E+00   .666E+00   .525E+00   .214E+00
  201    35.0   180.0   .897E-01   .263E-01   .547E-02   .867E-03   .110E-03   .115E-04   .102E-05   .715E-07   .734E-08
  210    41.0   230.0   .559E+00   .559E+00   .560E+00   .560E+00   .548E+00   .507E+00   .439E+00   .346E+00   .234E+00   .762E-01
  220    41.0   180.0   .278E-01   .721E-02   .135E-02   .197E-03   .233E-04   .235E-05   .204E-06   .143E-07   .149E-08
  229    48.0   230.0   .219E+00   .217E+00   .218E+00   .218E+00   .206E+00   .180E+00   .144E+00   .104E+00   .614E-01   .161E-01
  239    48.0   180.0   .526E-02   .124E-02   .213E-03   .290E-04   .327E-05   .319E-06   .275E-07   .193E-08   .204E-09
  248    56.0   230.0   .476E-01   .464E-01   .460E-01   .458E-01   .416E-01   .344E-01   .260E-01   .173E-01   .915E-02   .199E-02
  258    56.0   180.0   .604E-03   .132E-03   .213E-04   .276E-05   .302E-06   .291E-07   .251E-08   .178E-09   .191E-10
  267    65.0   230.0   .556E-02   .536E-02   .527E-02   .525E-02   .471E-02   .363E-02   .259E-02   .162E-02   .784E-03   .146E-03
  277    65.0   180.0   .426E-04   .885E-05   .138E-05   .173E-06   .186E-07   .180E-08   .160E-09   .115E-10   .126E-11
  286    75.0   230.0   .359E-03   .345E-03   .337E-03   .334E-03   .296E-03   .219E-03   .147E-03   .876E-04   .396E-04   .658E-05
  296    75.0   180.0   .187E-05   .380E-06   .579E-07   .724E-08   .789E-09   .775E-10   .713E-11   .528E-12   .595E-13
  305    86.0   230.0   .132E-04   .126E-04   .124E-04   .122E-04   .106E-04   .771E-05   .499E-05   .282E-05   .121E-05   .187E-06
  315    86.0   180.0   .540E-07   .108E-07   .165E-08   .207E-09   .229E-10   .233E-11   .225E-12   .173E-13   .202E-14
  324    98.0   230.0   .280E-06   .271E-06   .266E-06   .261E-06   .226E-06   .161E-06   .101E-06   .557E-07   .233E-07   .350E-08
  334    98.0   180.0   .971E-09   .199E-09   .310E-10   .402E-11   .462E-12   .494E-13   .500E-14   .407E-15   .493E-16
  343   111.0   230.0   .362E-08   .356E-08   .351E-08   .344E-08   .297E-08   .209E-08   .129E-08   .687E-09   .290E-09   .443E-10
  353   111.0   180.0   .115E-10   .239E-11   .391E-12   .537E-13   .654E-14   .743E-15   .797E-16   .684E-17   .870E-18
  362   125.0   230.0   .535E-10   .625E-10   .632E-10   .582E-10   .531E-10   .387E-10   .236E-10   .123E-10   .481E-11   .858E-12
  372   125.0   180.0   .200E-12   .421E-13   .739E-14   .110E-14   .144E-15   .175E-16   .198E-17   .182E-18   .364E-19


 Time  ***   5760.0000 ***

    n    x(n)   z(n)      Conc(n)   Conc(n+1)  ...

    1      .0   230.0   .100E+01   .999E+00   .997E+00   .995E+00   .992E+00   .987E+00   .981E+00   .973E+00   .963E+00   .922E+00
   11      .0   180.0   .848E+00   .640E+00   .349E+00   .130E+00   .336E-01   .613E-02   .752E-03   .652E-04   .587E-05
   20     5.0   230.0   .100E+01   .999E+00   .997E+00   .995E+00   .992E+00   .986E+00   .980E+00   .972E+00   .963E+00   .920E+00
   30     5.0   180.0   .836E+00   .618E+00   .326E+00   .118E+00   .299E-01   .545E-02   .691E-03   .633E-04   .717E-05
   39    10.0   230.0   .100E+01   .999E+00   .997E+00   .995E+00   .991E+00   .985E+00   .978E+00   .969E+00   .964E+00   .910E+00
   49    10.0   180.0   .811E+00   .576E+00   .288E+00   .996E-01   .243E-01   .433E-02   .544E-03   .497E-04   .638E-05
   58    14.0   230.0   .100E+01   .999E+00   .997E+00   .995E+00   .991E+00   .984E+00   .976E+00   .964E+00   .964E+00   .892E+00
   68    14.0   180.0   .774E+00   .527E+00   .251E+00   .828E-01   .195E-01   .340E-02   .415E-03   .381E-04   .517E-05
   77    17.0   230.0   .100E+01   .999E+00   .997E+00   .995E+00   .990E+00   .982E+00   .973E+00   .960E+00   .963E+00   .870E+00
   87    17.0   180.0   .735E+00   .480E+00   .218E+00   .696E-01   .160E-01   .273E-02   .330E-03   .302E-04   .419E-05
   96    19.0   230.0   .998E+00   .998E+00   .996E+00   .994E+00   .988E+00   .980E+00   .971E+00   .957E+00   .962E+00   .851E+00
  106    19.0   180.0   .702E+00   .444E+00   .195E+00   .610E-01   .138E-01   .230E-02   .279E-03   .255E-04   .351E-05
  115    21.0   230.0   .995E+00   .995E+00   .993E+00   .991E+00   .986E+00   .977E+00   .968E+00   .953E+00   .961E+00   .827E+00
  125    21.0   180.0   .664E+00   .404E+00   .171E+00   .522E-01   .116E-01   .190E-02   .231E-03   .212E-04   .289E-05
  134    23.0   230.0   .991E+00   .990E+00   .990E+00   .988E+00   .983E+00   .974E+00   .964E+00   .948E+00   .961E+00   .798E+00
  144    23.0   180.0   .622E+00   .359E+00   .144E+00   .435E-01   .935E-02   .154E-02   .187E-03   .172E-04   .231E-05
  153    26.0   230.0   .981E+00   .981E+00   .981E+00   .980E+00   .975E+00   .966E+00   .955E+00   .936E+00   .948E+00   .738E+00
  163    26.0   180.0   .545E+00   .291E+00   .109E+00   .305E-01   .641E-02   .105E-02   .128E-03   .119E-04   .160E-05
  172    30.0   230.0   .959E+00   .960E+00   .961E+00   .961E+00   .959E+00   .950E+00   .934E+00   .906E+00   .897E+00   .625E+00
  182    30.0   180.0   .422E+00   .204E+00   .695E-01   .178E-01   .354E-02   .566E-03   .687E-04   .643E-05   .884E-06
  191    35.0   230.0   .892E+00   .895E+00   .896E+00   .896E+00   .899E+00   .888E+00   .858E+00   .804E+00   .743E+00   .437E+00
  201    35.0   180.0   .262E+00   .112E+00   .343E-01   .799E-02   .149E-02   .229E-03   .274E-04   .256E-05   .359E-06
  210    41.0   230.0   .690E+00   .692E+00   .694E+00   .695E+00   .692E+00   .669E+00   .621E+00   .546E+00   .453E+00   .217E+00
  220    41.0   180.0   .114E+00   .434E-01   .119E-01   .255E-02   .445E-03   .660E-04   .773E-05   .719E-06   .102E-06
  229    48.0   230.0   .354E+00   .353E+00   .354E+00   .356E+00   .347E+00   .323E+00   .285E+00   .232E+00   .173E+00   .674E-01
  239    48.0   180.0   .318E-01   .109E-01   .275E-02   .547E-03   .907E-04   .131E-04   .151E-05   .140E-06   .200E-07
  248    56.0   230.0   .106E+00   .104E+00   .104E+00   .104E+00   .987E-01   .885E-01   .743E-01   .568E-01   .384E-01   .125E-01
  258    56.0   180.0   .546E-02   .173E-02   .409E-03   .775E-04   .124E-04   .177E-05   .201E-06   .187E-07   .271E-08
  267    65.0   230.0   .173E-01   .169E-01   .168E-01   .168E-01   .159E-01   .136E-01   .109E-01   .789E-02   .495E-02   .139E-02
  277    65.0   180.0   .581E-03   .175E-03   .396E-04   .726E-05   .115E-05   .165E-06   .189E-07   .176E-08   .259E-09
  286    75.0   230.0   .159E-02   .156E-02   .154E-02   .154E-02   .144E-02   .118E-02   .916E-03   .638E-03   .379E-03   .958E-04
  296    75.0   180.0   .389E-04   .114E-04   .252E-05   .461E-06   .732E-07   .107E-07   .124E-08   .118E-09   .177E-10
  305    86.0   230.0   .850E-04   .832E-04   .824E-04   .820E-04   .762E-04   .621E-04   .467E-04   .312E-04   .178E-04   .421E-05
  315    86.0   180.0   .171E-05   .492E-06   .108E-06   .198E-07   .321E-08   .486E-09   .576E-10   .563E-11   .866E-12
  324    98.0   230.0   .273E-05   .268E-05   .267E-05   .265E-05   .246E-05   .199E-05   .146E-05   .954E-06   .531E-06   .122E-06
  334    98.0   180.0   .479E-07   .138E-07   .310E-08   .582E-09   .982E-10   .154E-10   .190E-11   .193E-12   .307E-13
  343   111.0   230.0   .546E-07   .544E-07   .544E-07   .541E-07   .502E-07   .404E-07   .292E-07   .187E-07   .103E-07   .240E-08
  353   111.0   180.0   .879E-09   .258E-09   .602E-10   .118E-10   .210E-11   .342E-12   .443E-13   .474E-14   .787E-15
  362   125.0   230.0   .130E-08   .147E-08   .151E-08   .144E-08   .141E-08   .118E-08   .849E-09   .533E-09   .271E-09   .723E-10
  372   125.0   180.0   .240E-10   .711E-11   .176E-11   .369E-12   .696E-13   .118E-13   .162E-14   .184E-15   .474E-16


 Time  ***   7200.0000 ***

    n    x(n)   z(n)      Conc(n)   Conc(n+1)  ...

    1      .0   230.0   .100E+01   .999E+00   .997E+00   .996E+00   .992E+00   .987E+00   .981E+00   .973E+00   .962E+00   .932E+00
   11      .0   180.0   .892E+00   .764E+00   .514E+00   .247E+00   .840E-01   .192E-01   .306E-02   .350E-03   .437E-04
   20     5.0   230.0   .100E+01   .999E+00   .997E+00   .995E+00   .992E+00   .986E+00   .980E+00   .972E+00   .961E+00   .930E+00
   30     5.0   180.0   .886E+00   .751E+00   .492E+00   .231E+00   .770E-01   .177E-01   .288E-02   .345E-03   .521E-04
   39    10.0   230.0   .100E+01   .999E+00   .997E+00   .995E+00   .991E+00   .985E+00   .978E+00   .969E+00   .959E+00   .924E+00
   49    10.0   180.0   .874E+00   .723E+00   .454E+00   .204E+00   .659E-01   .148E-01   .239E-02   .286E-03   .482E-04
   58    14.0   230.0   .100E+01   .999E+00   .997E+00   .995E+00   .991E+00   .984E+00   .976E+00   .965E+00   .956E+00   .914E+00
   68    14.0   180.0   .855E+00   .686E+00   .413E+00   .178E+00   .557E-01   .122E-01   .192E-02   .230E-03   .408E-04
   77    17.0   230.0   .100E+01   .999E+00   .997E+00   .995E+00   .990E+00   .982E+00   .973E+00   .961E+00   .954E+00   .903E+00
   87    17.0   180.0   .832E+00   .648E+00   .375E+00   .156E+00   .475E-01   .101E-01   .159E-02   .190E-03   .343E-04
   96    19.0   230.0   .998E+00   .998E+00   .996E+00   .994E+00   .988E+00   .980E+00   .971E+00   .958E+00   .952E+00   .892E+00
  106    19.0   180.0   .813E+00   .617E+00   .347E+00   .141E+00   .419E-01   .885E-02   .138E-02   .165E-03   .296E-04
  115    21.0   230.0   .995E+00   .995E+00   .993E+00   .991E+00   .986E+00   .977E+00   .967E+00   .954E+00   .951E+00   .879E+00
  125    21.0   180.0   .789E+00   .582E+00   .316E+00   .125E+00   .364E-01   .763E-02   .119E-02   .142E-03   .252E-04
  134    23.0   230.0   .991E+00   .990E+00   .989E+00   .988E+00   .983E+00   .974E+00   .963E+00   .950E+00   .950E+00   .863E+00
  144    23.0   180.0   .763E+00   .542E+00   .282E+00   .108E+00   .311E-01   .647E-02   .100E-02   .120E-03   .209E-04
  153    26.0   230.0   .981E+00   .981E+00   .980E+00   .979E+00   .975E+00   .966E+00   .955E+00   .940E+00   .943E+00   .827E+00
  163    26.0   180.0   .709E+00   .475E+00   .232E+00   .846E-01   .236E-01   .484E-02   .746E-03   .890E-04   .155E-04
  172    30.0   230.0   .961E+00   .962E+00   .962E+00   .962E+00   .959E+00   .951E+00   .938E+00   .919E+00   .916E+00   .751E+00
  182    30.0   180.0   .609E+00   .375E+00   .169E+00   .571E-01   .152E-01   .304E-02   .463E-03   .552E-04   .974E-05
  191    35.0   230.0   .910E+00   .912E+00   .913E+00   .913E+00   .915E+00   .907E+00   .888E+00   .856E+00   .827E+00   .601E+00
  201    35.0   180.0   .446E+00   .248E+00   .101E+00   .313E-01   .788E-02   .152E-02   .226E-03   .269E-04   .478E-05
  210    41.0   230.0   .762E+00   .764E+00   .766E+00   .768E+00   .769E+00   .755E+00   .723E+00   .669E+00   .603E+00   .370E+00
  220    41.0   180.0   .247E+00   .123E+00   .449E-01   .129E-01   .306E-02   .565E-03   .821E-04   .964E-05   .173E-05
  229    48.0   230.0   .464E+00   .464E+00   .466E+00   .468E+00   .464E+00   .445E+00   .410E+00   .359E+00   .297E+00   .152E+00
  239    48.0   180.0   .917E-01   .413E-01   .138E-01   .370E-02   .837E-03   .149E-03   .212E-04   .247E-05   .446E-06
  248    56.0   230.0   .175E+00   .173E+00   .173E+00   .173E+00   .168E+00   .157E+00   .140E+00   .116E+00   .887E-01   .385E-01
  258    56.0   180.0   .216E-01   .898E-02   .282E-02   .717E-03   .157E-03   .273E-04   .381E-05   .443E-06   .805E-07
  267    65.0   230.0   .371E-01   .366E-01   .365E-01   .366E-01   .354E-01   .319E-01   .273E-01   .216E-01   .156E-01   .594E-02
  277    65.0   180.0   .318E-02   .125E-02   .376E-03   .930E-04   .203E-04   .350E-05   .484E-06   .561E-07   .103E-07
  286    75.0   230.0   .449E-02   .443E-02   .441E-02   .442E-02   .425E-02   .375E-02   .310E-02   .237E-02   .164E-02   .568E-03
  296    75.0   180.0   .296E-03   .115E-03   .337E-04   .826E-05   .180E-05   .312E-06   .432E-07   .506E-08   .940E-09
  305    86.0   230.0   .319E-03   .315E-03   .315E-03   .315E-03   .302E-03   .264E-03   .215E-03   .160E-03   .107E-03   .350E-04
  315    86.0   180.0   .181E-04   .685E-05   .201E-05   .497E-06   .110E-06   .194E-07   .273E-08   .326E-09   .617E-10
  324    98.0   230.0   .139E-04   .138E-04   .138E-04   .138E-04   .133E-04   .116E-04   .930E-05   .676E-05   .444E-05   .143E-05
  334    98.0   180.0   .717E-06   .271E-06   .806E-07   .205E-07   .467E-08   .845E-09   .122E-09   .150E-10   .293E-11
  343   111.0   230.0   .383E-06   .383E-06   .386E-06   .388E-06   .374E-06   .326E-06   .260E-06   .187E-06   .122E-06   .400E-07
  353   111.0   180.0   .188E-07   .718E-08   .221E-08   .585E-09   .137E-09   .259E-10   .391E-11   .500E-12   .101E-12
  362   125.0   230.0   .131E-07   .144E-07   .149E-07   .145E-07   .147E-07   .133E-07   .106E-07   .756E-08   .455E-08   .171E-08
  372   125.0   180.0   .743E-09   .284E-09   .917E-10   .255E-10   .618E-11   .123E-11   .195E-12   .264E-13   .807E-14
