 Example 4 - Infiltration Test                                           
 
 Program SWMS_2D
 Time independent boundary conditions
 Axisymmetric flow, V = L*L*L
 Units: L = cm   , T = min  , M = -    


 Time  ***       .0000 ***

    n    x(n)   z(n)       h(n)      h(n+1) ...

    1      .0   230.0        .0    -145.5    -143.4    -141.0    -135.6    -127.7    -119.0    -109.9    -100.5     -82.8
   11      .0   180.0     -71.0     -60.3     -49.8     -39.6     -29.5     -19.4      -9.4        .6      10.2
   20     5.0   230.0        .0    -145.5    -143.4    -141.0    -135.6    -127.7    -119.0    -109.9    -100.5     -82.8
   30     5.0   180.0     -71.0     -60.3     -49.8     -39.6     -29.5     -19.4      -9.4        .6      10.2
   39    10.0   230.0        .0    -145.5    -143.4    -141.0    -135.6    -127.7    -119.0    -109.9    -100.5     -82.8
   49    10.0   180.0     -71.0     -60.3     -49.8     -39.6     -29.5     -19.4      -9.4        .6      10.2
   58    14.0   230.0        .0    -145.5    -143.4    -141.0    -135.6    -127.7    -119.0    -109.9    -100.5     -82.8
   68    14.0   180.0     -71.0     -60.3     -49.8     -39.6     -29.5     -19.4      -9.4        .6      10.2
   77    17.0   230.0        .0    -145.5    -143.4    -141.0    -135.6    -127.7    -119.0    -109.9    -100.5     -82.8
   87    17.0   180.0     -71.0     -60.3     -49.8     -39.6     -29.5     -19.4      -9.4        .6      10.2
   96    19.0   230.0    -147.4    -145.5    -143.4    -141.0    -135.6    -127.7    -119.0    -109.9    -100.5     -82.8
  106    19.0   180.0     -71.0     -60.3     -49.8     -39.6     -29.5     -19.4      -9.4        .6      10.2
  115    21.0   230.0    -147.4    -145.5    -143.4    -141.0    -135.6    -127.7    -119.0    -109.9    -100.5     -82.8
  125    21.0   180.0     -71.0     -60.3     -49.8     -39.6     -29.5     -19.4      -9.4        .6      10.2
  134    23.0   230.0    -147.4    -145.5    -143.4    -141.0    -135.6    -127.7    -119.0    -109.9    -100.5     -82.8
  144    23.0   180.0     -71.0     -60.3     -49.8     -39.6     -29.5     -19.4      -9.4        .6      10.2
  153    26.0   230.0    -147.4    -145.5    -143.4    -141.0    -135.6    -127.7    -119.0    -109.9    -100.5     -82.8
  163    26.0   180.0     -71.0     -60.3     -49.8     -39.6     -29.5     -19.4      -9.4        .6      10.2
  172    30.0   230.0    -147.4    -145.5    -143.4    -141.0    -135.6    -127.7    -119.0    -109.9    -100.5     -82.8
  182    30.0   180.0     -71.0     -60.3     -49.8     -39.6     -29.5     -19.4      -9.4        .6      10.2
  191    35.0   230.0    -147.4    -145.5    -143.4    -141.0    -135.6    -127.7    -119.0    -109.9    -100.5     -82.8
  201    35.0   180.0     -71.0     -60.3     -49.8     -39.6     -29.5     -19.4      -9.4        .6      10.2
  210    41.0   230.0    -147.4    -145.5    -143.4    -141.0    -135.6    -127.7    -119.0    -109.9    -100.5     -82.8
  220    41.0   180.0     -71.0     -60.3     -49.8     -39.6     -29.5     -19.4      -9.4        .6      10.2
  229    48.0   230.0    -147.4    -145.5    -143.4    -141.0    -135.6    -127.7    -119.0    -109.9    -100.5     -82.8
  239    48.0   180.0     -71.0     -60.3     -49.8     -39.6     -29.5     -19.4      -9.4        .6      10.2
  248    56.0   230.0    -147.4    -145.5    -143.4    -141.0    -135.6    -127.7    -119.0    -109.9    -100.5     -82.8
  258    56.0   180.0     -71.0     -60.3     -49.8     -39.6     -29.5     -19.4      -9.4        .6      10.2
  267    65.0   230.0    -147.4    -145.5    -143.4    -141.0    -135.6    -127.7    -119.0    -109.9    -100.5     -82.8
  277    65.0   180.0     -71.0     -60.3     -49.8     -39.6     -29.5     -19.4      -9.4        .6      10.2
  286    75.0   230.0    -147.4    -145.5    -143.4    -141.0    -135.6    -127.7    -119.0    -109.9    -100.5     -82.8
  296    75.0   180.0     -71.0     -60.3     -49.8     -39.6     -29.5     -19.4      -9.4        .6      10.2
  305    86.0   230.0    -147.4    -145.5    -143.4    -141.0    -135.6    -127.7    -119.0    -109.9    -100.5     -82.8
  315    86.0   180.0     -71.0     -60.3     -49.8     -39.6     -29.5     -19.4      -9.4        .6      10.2
  324    98.0   230.0    -147.4    -145.5    -143.4    -141.0    -135.6    -127.7    -119.0    -109.9    -100.5     -82.8
  334    98.0   180.0     -71.0     -60.3     -49.8     -39.6     -29.5     -19.4      -9.4        .6      10.2
  343   111.0   230.0    -147.4    -145.5    -143.4    -141.0    -135.6    -127.7    -119.0    -109.9    -100.5     -82.8
  353   111.0   180.0     -71.0     -60.3     -49.8     -39.6     -29.5     -19.4      -9.4        .6      10.2
  362   125.0   230.0    -147.4    -145.5    -143.4    -141.0    -135.6    -127.7    -119.0    -109.9    -100.5     -82.8
  372   125.0   180.0     -71.0     -60.3     -49.8     -39.6     -29.5     -19.4      -9.4        .6      10.2


 Time  ***     60.0000 ***

    n    x(n)   z(n)       h(n)      h(n+1) ...

    1      .0   230.0        .0       -.5      -2.1      -4.9     -14.8     -43.0     -93.1    -107.2    -100.1     -82.9
   11      .0   180.0     -71.1     -60.4     -49.9     -39.7     -29.6     -19.5      -9.5        .5      10.5
   20     5.0   230.0        .0       -.6      -2.3      -5.1     -15.4     -44.3     -93.5    -106.8    -100.0     -82.9
   30     5.0   180.0     -71.1     -60.4     -49.9     -39.7     -29.6     -19.5      -9.5        .5      10.5
   39    10.0   230.0        .0       -.8      -3.1      -6.6     -18.6     -52.0     -99.8    -107.5    -100.1     -82.9
   49    10.0   180.0     -71.1     -60.4     -49.9     -39.7     -29.6     -19.5      -9.5        .5      10.5
   58    14.0   230.0        .0      -1.6      -5.0      -9.7     -24.9     -64.5    -106.3    -108.2    -100.1     -82.9
   68    14.0   180.0     -71.1     -60.4     -49.9     -39.7     -29.6     -19.5      -9.5        .5      10.5
   77    17.0   230.0        .0      -3.9      -9.1     -15.4     -34.2     -79.2    -111.1    -108.7    -100.1     -82.9
   87    17.0   180.0     -71.1     -60.4     -49.9     -39.7     -29.6     -19.5      -9.5        .5      10.5
   96    19.0   230.0      -9.1     -11.3     -16.0     -22.6     -44.5     -91.4    -113.9    -109.0    -100.1     -82.9
  106    19.0   180.0     -71.1     -60.4     -49.9     -39.7     -29.6     -19.5      -9.5        .5      10.5
  115    21.0   230.0     -21.5     -22.4     -26.6     -33.7     -59.7    -104.4    -115.9    -109.1    -100.2     -82.9
  125    21.0   180.0     -71.1     -60.4     -49.9     -39.7     -29.6     -19.5      -9.5        .5      10.5
  134    23.0   230.0     -37.4     -37.8     -42.2     -50.5     -81.1    -115.6    -117.3    -109.3    -100.2     -82.9
  144    23.0   180.0     -71.1     -60.4     -49.9     -39.7     -29.6     -19.5      -9.5        .5      10.5
  153    26.0   230.0     -70.6     -72.0     -78.0     -88.6    -115.2    -124.1    -118.2    -109.4    -100.2     -82.9
  163    26.0   180.0     -71.1     -60.4     -49.9     -39.7     -29.6     -19.5      -9.5        .5      10.5
  172    30.0   230.0    -124.8    -125.6    -127.9    -130.7    -132.4    -126.8    -118.5    -109.4    -100.2     -82.9
  182    30.0   180.0     -71.1     -60.4     -49.9     -39.7     -29.6     -19.5      -9.5        .5      10.5
  191    35.0   230.0    -145.5    -143.7    -141.8    -139.8    -134.9    -127.1    -118.5    -109.4    -100.2     -82.9
  201    35.0   180.0     -71.1     -60.4     -49.9     -39.7     -29.6     -19.5      -9.5        .5      10.5
  210    41.0   230.0    -147.2    -145.1    -142.9    -140.5    -135.0    -127.2    -118.5    -109.4    -100.2     -82.9
  220    41.0   180.0     -71.1     -60.4     -49.9     -39.7     -29.6     -19.5      -9.5        .5      10.5
  229    48.0   230.0    -147.2    -145.2    -142.9    -140.5    -135.0    -127.2    -118.5    -109.4    -100.2     -82.9
  239    48.0   180.0     -71.1     -60.4     -49.9     -39.7     -29.6     -19.5      -9.5        .5      10.5
  248    56.0   230.0    -147.2    -145.2    -142.9    -140.5    -135.0    -127.2    -118.5    -109.4    -100.2     -82.9
  258    56.0   180.0     -71.1     -60.4     -49.9     -39.7     -29.6     -19.5      -9.5        .5      10.5
  267    65.0   230.0    -147.2    -145.2    -142.9    -140.5    -135.0    -127.2    -118.5    -109.4    -100.2     -82.9
  277    65.0   180.0     -71.1     -60.4     -49.9     -39.7     -29.6     -19.5      -9.5        .5      10.5
  286    75.0   230.0    -147.2    -145.2    -142.9    -140.5    -135.0    -127.2    -118.5    -109.4    -100.2     -82.9
  296    75.0   180.0     -71.1     -60.4     -49.9     -39.7     -29.6     -19.5      -9.5        .5      10.5
  305    86.0   230.0    -147.2    -145.2    -142.9    -140.5    -135.0    -127.2    -118.5    -109.4    -100.2     -82.9
  315    86.0   180.0     -71.1     -60.4     -49.9     -39.7     -29.6     -19.5      -9.5        .5      10.5
  324    98.0   230.0    -147.2    -145.2    -142.9    -140.5    -135.0    -127.2    -118.5    -109.4    -100.2     -82.9
  334    98.0   180.0     -71.1     -60.4     -49.9     -39.7     -29.6     -19.5      -9.5        .5      10.5
  343   111.0   230.0    -147.2    -145.2    -142.9    -140.5    -135.0    -127.2    -118.5    -109.4    -100.2     -82.9
  353   111.0   180.0     -71.1     -60.4     -49.9     -39.7     -29.6     -19.5      -9.5        .5      10.5
  362   125.0   230.0    -147.3    -145.2    -142.9    -140.5    -135.0    -127.1    -118.5    -109.3    -100.1     -82.8
  372   125.0   180.0     -71.2     -60.4     -50.0     -39.7     -29.6     -19.5      -9.5        .5      10.5


 Time  ***    180.0000 ***

    n    x(n)   z(n)       h(n)      h(n+1) ...

    1      .0   230.0        .0       -.1       -.6      -1.5      -4.8     -11.8     -23.5     -42.7     -69.5     -80.6
   11      .0   180.0     -71.0     -60.5     -50.2     -39.9     -29.8     -19.8      -9.8        .2      10.2
   20     5.0   230.0        .0       -.1       -.7      -1.9      -5.5     -12.9     -25.0     -44.5     -71.4     -80.7
   30     5.0   180.0     -71.0     -60.5     -50.2     -39.9     -29.8     -19.8      -9.8        .2      10.2
   39    10.0   230.0        .0       -.3      -1.4      -3.0      -7.5     -15.9     -29.3     -50.3     -76.8     -81.2
   49    10.0   180.0     -71.1     -60.5     -50.2     -39.9     -29.8     -19.8      -9.8        .2      10.2
   58    14.0   230.0        .0       -.9      -2.8      -5.2     -10.8     -20.5     -35.5     -58.1     -82.4     -81.6
   68    14.0   180.0     -71.1     -60.6     -50.2     -39.9     -29.8     -19.8      -9.8        .2      10.2
   77    17.0   230.0        .0      -2.7      -5.8      -8.7     -15.1     -26.0     -42.6     -66.0     -86.7     -82.0
   87    17.0   180.0     -71.2     -60.6     -50.2     -39.9     -29.8     -19.8      -9.8        .2      10.2
   96    19.0   230.0      -7.1      -8.0     -10.1     -12.8     -19.3     -30.9     -48.7     -72.2     -89.4     -82.2
  106    19.0   180.0     -71.2     -60.6     -50.2     -39.9     -29.8     -19.8      -9.8        .2      10.2
  115    21.0   230.0     -15.2     -14.8     -16.1     -18.3     -24.7     -37.1     -56.1     -78.8     -91.8     -82.4
  125    21.0   180.0     -71.2     -60.6     -50.2     -39.9     -29.8     -19.8      -9.8        .2      10.2
  134    23.0   230.0     -23.7     -22.8     -23.4     -25.2     -31.6     -44.9     -64.8     -85.5     -93.9     -82.5
  144    23.0   180.0     -71.2     -60.6     -50.2     -39.9     -29.8     -19.8      -9.8        .2      10.2
  153    26.0   230.0     -37.9     -36.7     -37.0     -38.5     -45.2     -60.1     -80.3     -94.7     -96.4     -82.7
  163    26.0   180.0     -71.3     -60.6     -50.2     -39.9     -29.8     -19.8      -9.8        .2      10.2
  172    30.0   230.0     -62.5     -61.4     -61.7     -63.3     -71.0     -86.4     -99.9    -103.0     -98.3     -82.8
  182    30.0   180.0     -71.3     -60.6     -50.2     -39.9     -29.8     -19.8      -9.8        .2      10.2
  191    35.0   230.0    -103.9    -103.1    -103.2    -104.2    -108.9    -113.9    -113.0    -107.2     -99.3     -82.9
  201    35.0   180.0     -71.3     -60.6     -50.2     -39.9     -29.8     -19.8      -9.8        .2      10.2
  210    41.0   230.0    -138.1    -136.5    -134.9    -133.3    -130.0    -124.3    -116.9    -108.3     -99.6     -83.0
  220    41.0   180.0     -71.3     -60.6     -50.2     -39.9     -29.8     -19.8      -9.8        .2      10.2
  229    48.0   230.0    -145.7    -143.6    -141.4    -139.0    -133.6    -125.9    -117.5    -108.5     -99.6     -83.0
  239    48.0   180.0     -71.3     -60.6     -50.2     -39.9     -29.8     -19.8      -9.8        .2      10.2
  248    56.0   230.0    -146.4    -144.3    -142.0    -139.5    -134.0    -126.1    -117.5    -108.6     -99.6     -83.0
  258    56.0   180.0     -71.3     -60.6     -50.2     -39.9     -29.8     -19.8      -9.8        .2      10.2
  267    65.0   230.0    -146.4    -144.3    -142.0    -139.5    -134.0    -126.1    -117.5    -108.6     -99.6     -83.0
  277    65.0   180.0     -71.3     -60.6     -50.2     -39.9     -29.8     -19.8      -9.8        .2      10.2
  286    75.0   230.0    -146.4    -144.3    -142.0    -139.5    -134.0    -126.1    -117.5    -108.6     -99.6     -83.0
  296    75.0   180.0     -71.3     -60.6     -50.2     -39.9     -29.8     -19.8      -9.8        .2      10.2
  305    86.0   230.0    -146.4    -144.3    -142.0    -139.5    -134.0    -126.1    -117.5    -108.6     -99.6     -83.0
  315    86.0   180.0     -71.3     -60.6     -50.2     -39.9     -29.8     -19.8      -9.8        .2      10.2
  324    98.0   230.0    -146.4    -144.3    -142.0    -139.5    -134.0    -126.1    -117.5    -108.6     -99.6     -83.0
  334    98.0   180.0     -71.3     -60.6     -50.2     -39.9     -29.8     -19.8      -9.8        .2      10.2
  343   111.0   230.0    -146.4    -144.3    -142.0    -139.5    -134.0    -126.1    -117.5    -108.5     -99.6     -82.9
  353   111.0   180.0     -71.3     -60.6     -50.2     -39.9     -29.8     -19.8      -9.8        .2      10.2
  362   125.0   230.0    -146.5    -144.4    -142.1    -139.6    -134.0    -126.1    -117.5    -108.5     -99.5     -82.8
  372   125.0   180.0     -71.4     -60.6     -50.2     -39.9     -29.8     -19.8      -9.8        .2      10.2


 Time  ***    360.0000 ***

    n    x(n)   z(n)       h(n)      h(n+1) ...

    1      .0   230.0        .0        .0       -.1       -.7      -2.7      -7.0     -13.0     -21.2     -32.1     -60.5
   11      .0   180.0     -66.0     -59.0     -49.9     -40.0     -30.1     -20.1     -10.1       -.1       9.9
   20     5.0   230.0        .0        .0       -.2      -1.0      -3.3      -7.9     -14.1     -22.4     -33.5     -61.9
   30     5.0   180.0     -66.2     -59.1     -49.9     -40.0     -30.1     -20.1     -10.1       -.1       9.9
   39    10.0   230.0        .0       -.2       -.9      -2.0      -5.0     -10.1     -16.7     -25.4     -37.0     -64.5
   49    10.0   180.0     -66.7     -59.3     -49.9     -40.1     -30.1     -20.1     -10.1       -.1       9.9
   58    14.0   230.0        .0       -.7      -2.2      -3.9      -7.7     -13.2     -20.3     -29.5     -41.6     -67.3
   68    14.0   180.0     -67.3     -59.4     -50.0     -40.1     -30.1     -20.1     -10.1       -.1       9.9
   77    17.0   230.0        .0      -2.3      -4.7      -6.8     -10.9     -16.8     -24.1     -33.8     -46.3     -69.6
   87    17.0   180.0     -67.9     -59.6     -50.0     -40.1     -30.1     -20.1     -10.1       -.1       9.9
   96    19.0   230.0      -6.3      -6.9      -8.3     -10.0     -13.9     -19.8     -27.3     -37.3     -50.0     -71.1
  106    19.0   180.0     -68.3     -59.7     -50.1     -40.1     -30.1     -20.1     -10.1       -.1       9.9
  115    21.0   230.0     -13.1     -12.4     -13.0     -14.2     -17.6     -23.4     -31.1     -41.3     -54.1     -72.7
  125    21.0   180.0     -68.6     -59.8     -50.1     -40.1     -30.1     -20.1     -10.1       -.1       9.9
  134    23.0   230.0     -19.6     -18.4     -18.4     -19.1     -22.0     -27.6     -35.6     -46.0     -58.7     -74.2
  144    23.0   180.0     -69.0     -59.9     -50.1     -40.1     -30.1     -20.1     -10.1       -.1       9.9
  153    26.0   230.0     -29.4     -28.0     -27.5     -27.7     -30.0     -35.5     -43.6     -54.3     -66.3     -76.3
  163    26.0   180.0     -69.5     -60.1     -50.2     -40.1     -30.1     -20.1     -10.1       -.1       9.9
  172    30.0   230.0     -44.1     -42.6     -41.8     -41.7     -43.6     -49.0     -57.3     -67.3     -76.6     -78.7
  182    30.0   180.0     -70.1     -60.3     -50.2     -40.2     -30.1     -20.1     -10.1       -.1       9.9
  191    35.0   230.0     -67.1     -65.6     -64.6     -64.4     -65.9     -71.1     -78.1     -84.4     -87.5     -80.8
  201    35.0   180.0     -70.7     -60.5     -50.3     -40.2     -30.1     -20.1     -10.1       -.1       9.9
  210    41.0   230.0    -102.0    -100.5     -99.3     -98.5     -98.6    -100.1    -100.8     -99.1     -94.9     -82.1
  220    41.0   180.0     -71.1     -60.7     -50.4     -40.2     -30.1     -20.1     -10.1       -.1       9.9
  229    48.0   230.0    -133.6    -131.7    -129.8    -127.8    -124.0    -118.9    -112.7    -105.7     -98.0     -82.7
  239    48.0   180.0     -71.3     -60.8     -50.4     -40.2     -30.1     -20.1     -10.1       -.1       9.9
  248    56.0   230.0    -143.5    -141.4    -139.1    -136.7    -131.3    -123.8    -115.8    -107.3     -98.9     -83.0
  258    56.0   180.0     -71.5     -60.8     -50.5     -40.2     -30.1     -20.1     -10.1       -.1       9.9
  267    65.0   230.0    -144.9    -142.8    -140.5    -138.0    -132.4    -124.6    -116.2    -107.6     -99.0     -83.0
  277    65.0   180.0     -71.5     -60.9     -50.5     -40.3     -30.1     -20.1     -10.1       -.1       9.9
  286    75.0   230.0    -145.0    -142.9    -140.6    -138.1    -132.5    -124.7    -116.3    -107.6     -99.0     -83.0
  296    75.0   180.0     -71.5     -60.9     -50.5     -40.3     -30.2     -20.1     -10.1       -.1       9.9
  305    86.0   230.0    -145.0    -142.9    -140.6    -138.1    -132.5    -124.7    -116.3    -107.6     -99.0     -83.0
  315    86.0   180.0     -71.5     -60.9     -50.5     -40.3     -30.2     -20.1     -10.1       -.1       9.9
  324    98.0   230.0    -145.0    -142.9    -140.6    -138.1    -132.5    -124.7    -116.3    -107.6     -99.0     -83.0
  334    98.0   180.0     -71.5     -60.9     -50.5     -40.3     -30.2     -20.1     -10.1       -.1       9.9
  343   111.0   230.0    -145.1    -142.9    -140.6    -138.1    -132.5    -124.7    -116.2    -107.6     -99.0     -83.0
  353   111.0   180.0     -71.6     -60.9     -50.5     -40.3     -30.2     -20.1     -10.1       -.1       9.9
  362   125.0   230.0    -145.2    -143.0    -140.7    -138.1    -132.5    -124.6    -116.2    -107.5     -98.9     -82.9
  372   125.0   180.0     -71.6     -60.9     -50.5     -40.3     -30.2     -20.1     -10.1       -.1       9.9


 Time  ***    720.0000 ***

    n    x(n)   z(n)       h(n)      h(n+1) ...

    1      .0   230.0        .0        .0        .0       -.2      -1.8      -4.9      -9.1     -14.4     -21.1     -41.6
   11      .0   180.0     -53.6     -51.9     -46.3     -38.4     -29.4     -19.9     -10.1       -.1       9.8
   20     5.0   230.0        .0        .0       -.1       -.5      -2.3      -5.6      -9.9     -15.2     -22.0     -42.9
   30     5.0   180.0     -53.9     -52.1     -46.4     -38.5     -29.4     -19.9     -10.1       -.1       9.8
   39    10.0   230.0        .0       -.1       -.6      -1.5      -3.8      -7.4     -11.9     -17.2     -24.0     -45.2
   49    10.0   180.0     -54.8     -52.5     -46.6     -38.5     -29.5     -19.9     -10.1       -.2       9.8
   58    14.0   230.0        .0       -.6      -1.8      -3.2      -6.0     -10.0     -14.5     -19.8     -26.5     -47.7
   68    14.0   180.0     -55.8     -53.1     -46.8     -38.7     -29.5     -19.9     -10.1       -.2       9.8
   77    17.0   230.0        .0      -2.1      -4.0      -5.7      -8.8     -12.6     -17.1     -22.4     -29.1     -49.9
   87    17.0   180.0     -56.8     -53.5     -47.0     -38.7     -29.6     -19.9     -10.1       -.2       9.8
   96    19.0   230.0      -5.9      -6.1      -7.2      -8.5     -11.2     -14.9     -19.2     -24.5     -31.1     -51.5
  106    19.0   180.0     -57.6     -53.9     -47.2     -38.8     -29.6     -20.0     -10.1       -.2       9.8
  115    21.0   230.0     -11.8     -11.0     -11.2     -11.9     -14.0     -17.5     -21.6     -26.8     -33.4     -53.2
  125    21.0   180.0     -58.4     -54.3     -47.4     -38.9     -29.6     -20.0     -10.1       -.2       9.8
  134    23.0   230.0     -17.2     -15.9     -15.6     -15.8     -17.4     -20.4     -24.4     -29.5     -36.0     -55.0
  144    23.0   180.0     -59.2     -54.7     -47.5     -39.0     -29.7     -20.0     -10.1       -.2       9.8
  153    26.0   230.0     -24.9     -23.3     -22.5     -22.2     -23.0     -25.5     -29.2     -34.0     -40.3     -58.0
  163    26.0   180.0     -60.5     -55.3     -47.8     -39.1     -29.7     -20.0     -10.2       -.2       9.8
  172    30.0   230.0     -35.2     -33.5     -32.3     -31.7     -31.7     -33.5     -36.7     -41.2     -47.1     -62.3
  182    30.0   180.0     -62.3     -56.1     -48.2     -39.3     -29.8     -20.1     -10.2       -.2       9.8
  191    35.0   230.0     -49.1     -47.4     -46.0     -45.2     -44.5     -45.6     -48.2     -52.1     -57.0     -67.5
  201    35.0   180.0     -64.4     -57.1     -48.7     -39.5     -29.9     -20.1     -10.2       -.2       9.8
  210    41.0   230.0     -68.9     -67.1     -65.6     -64.5     -63.3     -63.5     -65.0     -67.4     -70.0     -73.0
  220    41.0   180.0     -66.6     -58.2     -49.2     -39.7     -30.0     -20.2     -10.2       -.3       9.7
  229    48.0   230.0     -96.3     -94.5     -92.9     -91.4     -89.2     -87.5     -86.3     -85.2     -83.6     -77.6
  239    48.0   180.0     -68.6     -59.3     -49.7     -40.0     -30.1     -20.2     -10.3       -.3       9.7
  248    56.0   230.0    -124.6    -122.7    -120.7    -118.6    -114.5    -109.4    -104.2     -98.6     -92.8     -80.7
  258    56.0   180.0     -70.1     -60.1     -50.2     -40.2     -30.3     -20.3     -10.3       -.3       9.7
  267    65.0   230.0    -138.4    -136.4    -134.1    -131.7    -126.4    -119.4    -111.9    -104.3     -96.7     -82.2
  277    65.0   180.0     -71.1     -60.7     -50.5     -40.4     -30.4     -20.4     -10.4       -.4       9.6
  286    75.0   230.0    -141.7    -139.6    -137.3    -134.8    -129.3    -121.8    -113.9    -105.8     -97.8     -82.8
  296    75.0   180.0     -71.5     -61.0     -50.7     -40.6     -30.5     -20.4     -10.4       -.4       9.6
  305    86.0   230.0    -142.2    -140.1    -137.8    -135.3    -129.8    -122.2    -114.2    -106.1     -98.1     -83.1
  315    86.0   180.0     -71.8     -61.2     -50.8     -40.6     -30.5     -20.5     -10.5       -.5       9.5
  324    98.0   230.0    -142.2    -140.1    -137.8    -135.3    -129.8    -122.2    -114.2    -106.1     -98.1     -83.1
  334    98.0   180.0     -71.8     -61.3     -50.9     -40.7     -30.6     -20.5     -10.5       -.5       9.5
  343   111.0   230.0    -142.2    -140.1    -137.8    -135.3    -129.8    -122.2    -114.2    -106.1     -98.1     -83.1
  353   111.0   180.0     -71.9     -61.3     -50.9     -40.7     -30.6     -20.5     -10.5       -.5       9.5
  362   125.0   230.0    -142.3    -140.2    -137.9    -135.4    -129.8    -122.1    -114.1    -106.0     -98.0     -83.0
  372   125.0   180.0     -71.9     -61.3     -51.0     -40.7     -30.6     -20.5     -10.5       -.5       9.5


 Time  ***   1440.0000 ***

    n    x(n)   z(n)       h(n)      h(n+1) ...

    1      .0   230.0        .0        .0        .0       -.2      -1.5      -4.3      -8.0     -12.5     -18.2     -35.7
   11      .0   180.0     -46.2     -45.2     -41.2     -34.7     -26.7     -17.7      -8.2       1.6      11.6
   20     5.0   230.0        .0        .0        .0       -.4      -2.0      -4.9      -8.7     -13.2     -18.9     -36.8
   30     5.0   180.0     -46.5     -45.4     -41.3     -34.8     -26.7     -17.7      -8.2       1.6      11.6
   39    10.0   230.0        .0       -.1       -.5      -1.3      -3.4      -6.6     -10.4     -14.9     -20.5     -38.6
   49    10.0   180.0     -47.2     -45.9     -41.5     -34.9     -26.8     -17.8      -8.2       1.6      11.6
   58    14.0   230.0        .0       -.5      -1.6      -2.9      -5.5      -8.9     -12.7     -17.1     -22.6     -40.5
   68    14.0   180.0     -48.1     -46.4     -41.8     -35.0     -26.9     -17.8      -8.3       1.6      11.5
   77    17.0   230.0        .0      -1.9      -3.8      -5.3      -8.0     -11.3     -14.9     -19.2     -24.6     -42.2
   87    17.0   180.0     -49.0     -46.9     -42.1     -35.2     -26.9     -17.9      -8.3       1.6      11.5
   96    19.0   230.0      -5.6      -5.8      -6.8      -7.9     -10.2     -13.2     -16.7     -20.9     -26.1     -43.3
  106    19.0   180.0     -49.6     -47.3     -42.3     -35.3     -27.0     -17.9      -8.3       1.5      11.5
  115    21.0   230.0     -11.3     -10.4     -10.5     -11.0     -12.7     -15.4     -18.7     -22.7     -27.8     -44.6
  125    21.0   180.0     -50.3     -47.7     -42.5     -35.4     -27.1     -17.9      -8.3       1.5      11.5
  134    23.0   230.0     -16.3     -14.9     -14.4     -14.5     -15.6     -17.9     -20.9     -24.7     -29.7     -46.0
  144    23.0   180.0     -51.1     -48.1     -42.8     -35.6     -27.1     -18.0      -8.4       1.5      11.5
  153    26.0   230.0     -23.0     -21.4     -20.5     -20.1     -20.4     -22.0     -24.6     -28.1     -32.8     -48.3
  163    26.0   180.0     -52.3     -48.8     -43.1     -35.8     -27.2     -18.0      -8.4       1.5      11.4
  172    30.0   230.0     -31.6     -29.8     -28.6     -27.8     -27.3     -28.1     -30.1     -33.1     -37.4     -51.6
  182    30.0   180.0     -54.0     -49.8     -43.7     -36.0     -27.4     -18.1      -8.5       1.4      11.4
  191    35.0   230.0     -42.1     -40.3     -38.9     -37.8     -36.6     -36.6     -37.9     -40.2     -43.8     -55.9
  201    35.0   180.0     -56.2     -51.1     -44.4     -36.4     -27.6     -18.2      -8.5       1.4      11.3
  210    41.0   230.0     -55.0     -53.2     -51.6     -50.3     -48.7     -47.9     -48.3     -49.8     -52.3     -61.0
  220    41.0   180.0     -58.8     -52.7     -45.3     -36.9     -27.9     -18.4      -8.6       1.3      11.3
  229    48.0   230.0     -71.1     -69.2     -67.6     -66.1     -63.9     -62.2     -61.6     -61.8     -62.8     -66.6
  239    48.0   180.0     -61.7     -54.4     -46.3     -37.5     -28.2     -18.6      -8.8       1.2      11.2
  248    56.0   230.0     -91.0     -89.0     -87.2     -85.5     -82.6     -79.7     -77.4     -75.7     -74.4     -72.0
  258    56.0   180.0     -64.6     -56.1     -47.3     -38.1     -28.5     -18.8      -8.9       1.1      11.0
  267    65.0   230.0    -112.4    -110.4    -108.4    -106.5    -102.5     -97.8     -93.4     -89.0     -84.8     -76.5
  277    65.0   180.0     -67.1     -57.7     -48.3     -38.6     -28.9     -19.0      -9.1        .9      10.9
  286    75.0   230.0    -128.3    -126.2    -124.1    -121.8    -117.0    -110.8    -104.4     -98.0     -91.8     -79.6
  296    75.0   180.0     -69.1     -59.0     -49.1     -39.1     -29.2     -19.2      -9.2        .8      10.8
  305    86.0   230.0    -135.0    -132.9    -130.7    -128.3    -123.2    -116.4    -109.3    -102.1     -95.0     -81.3
  315    86.0   180.0     -70.3     -59.9     -49.7     -39.6     -29.5     -19.4      -9.3        .7      10.7
  324    98.0   230.0    -136.8    -134.7    -132.5    -130.1    -125.0    -118.1    -110.8    -103.5     -96.2     -82.2
  334    98.0   180.0     -71.0     -60.5     -50.1     -39.8     -29.7     -19.5      -9.5        .6      10.6
  343   111.0   230.0    -137.2    -135.1    -132.9    -130.5    -125.3    -118.4    -111.2    -103.8     -96.6     -82.5
  353   111.0   180.0     -71.4     -60.8     -50.3     -40.0     -29.8     -19.6      -9.5        .5      10.5
  362   125.0   230.0    -137.3    -135.2    -133.0    -130.6    -125.4    -118.4    -111.2    -103.8     -96.6     -82.5
  372   125.0   180.0     -71.5     -60.9     -50.4     -40.1     -29.8     -19.7      -9.6        .5      10.5


 Time  ***   2160.0000 ***

    n    x(n)   z(n)       h(n)      h(n+1) ...

    1      .0   230.0        .0        .0        .0       -.1      -1.4      -4.1      -7.7     -12.0     -17.5     -34.2
   11      .0   180.0     -43.8     -42.5     -38.3     -31.9     -23.9     -15.0      -5.5       4.4      14.3
   20     5.0   230.0        .0        .0        .0       -.4      -1.9      -4.8      -8.4     -12.7     -18.2     -35.2
   30     5.0   180.0     -44.0     -42.6     -38.4     -31.9     -23.9     -15.0      -5.5       4.3      14.3
   39    10.0   230.0        .0       -.1       -.5      -1.2      -3.2      -6.4     -10.1     -14.3     -19.7     -36.9
   49    10.0   180.0     -44.6     -43.0     -38.6     -32.0     -24.0     -15.0      -5.5       4.3      14.3
   58    14.0   230.0        .0       -.5      -1.6      -2.8      -5.3      -8.6     -12.2     -16.4     -21.6     -38.6
   68    14.0   180.0     -45.5     -43.5     -38.9     -32.2     -24.1     -15.1      -5.5       4.3      14.3
   77    17.0   230.0        .0      -1.9      -3.7      -5.2      -7.8     -10.9     -14.4     -18.4     -23.5     -40.1
   87    17.0   180.0     -46.2     -44.0     -39.2     -32.3     -24.1     -15.1      -5.6       4.3      14.2
   96    19.0   230.0      -5.6      -5.7      -6.6      -7.7      -9.9     -12.8     -16.1     -20.0     -24.9     -41.2
  106    19.0   180.0     -46.8     -44.3     -39.3     -32.4     -24.2     -15.1      -5.6       4.3      14.2
  115    21.0   230.0     -11.1     -10.2     -10.3     -10.8     -12.4     -14.9     -18.0     -21.7     -26.5     -42.4
  125    21.0   180.0     -47.5     -44.7     -39.6     -32.6     -24.3     -15.2      -5.6       4.2      14.2
  134    23.0   230.0     -16.0     -14.6     -14.1     -14.2     -15.1     -17.3     -20.0     -23.6     -28.2     -43.6
  144    23.0   180.0     -48.2     -45.1     -39.8     -32.7     -24.3     -15.2      -5.6       4.2      14.2
  153    26.0   230.0     -22.5     -20.9     -20.0     -19.5     -19.7     -21.1     -23.5     -26.7     -31.0     -45.6
  163    26.0   180.0     -49.2     -45.7     -40.1     -32.9     -24.4     -15.3      -5.7       4.2      14.1
  172    30.0   230.0     -30.6     -28.9     -27.7     -26.8     -26.2     -26.8     -28.5     -31.2     -35.1     -48.6
  182    30.0   180.0     -50.8     -46.7     -40.7     -33.2     -24.6     -15.4      -5.7       4.1      14.1
  191    35.0   230.0     -40.3     -38.5     -37.1     -36.0     -34.7     -34.5     -35.5     -37.6     -40.8     -52.4
  201    35.0   180.0     -52.8     -47.9     -41.4     -33.5     -24.8     -15.5      -5.8       4.1      14.0
  210    41.0   230.0     -51.6     -49.8     -48.2     -46.9     -45.2     -44.2     -44.4     -45.7     -48.1     -56.9
  220    41.0   180.0     -55.2     -49.3     -42.2     -34.0     -25.1     -15.7      -5.9       4.0      13.9
  229    48.0   230.0     -64.9     -63.0     -61.3     -59.9     -57.7     -56.0     -55.3     -55.6     -56.8     -61.9
  239    48.0   180.0     -57.9     -51.0     -43.2     -34.6     -25.4     -15.9      -6.1       3.8      13.8
  248    56.0   230.0     -80.1     -78.2     -76.4     -74.9     -72.2     -69.6     -67.9     -66.9     -66.5     -67.0
  258    56.0   180.0     -60.7     -52.8     -44.3     -35.2     -25.8     -16.1      -6.2       3.7      13.7
  267    65.0   230.0     -97.0     -95.0     -93.2     -91.4     -88.1     -84.4     -81.3     -78.6     -76.1     -71.5
  277    65.0   180.0     -63.4     -54.5     -45.3     -35.9     -26.2     -16.4      -6.4       3.5      13.5
  286    75.0   230.0    -113.3    -111.3    -109.3    -107.2    -103.2     -98.3     -93.5     -88.9     -84.3     -75.3
  296    75.0   180.0     -65.6     -56.0     -46.3     -36.5     -26.6     -16.6      -6.6       3.4      13.4
  305    86.0   230.0    -125.0    -123.0    -120.9    -118.7    -114.1    -108.1    -102.1     -96.0     -89.9     -77.9
  315    86.0   180.0     -67.3     -57.1     -47.0     -37.0     -26.9     -16.8      -6.8       3.2      13.2
  324    98.0   230.0    -130.8    -128.7    -126.5    -124.2    -119.4    -113.0    -106.4     -99.6     -92.8     -79.5
  334    98.0   180.0     -68.5     -58.0     -47.6     -37.3     -27.2     -17.0      -6.9       3.1      13.1
  343   111.0   230.0    -132.7    -130.6    -128.4    -126.1    -121.3    -114.8    -107.9    -101.0     -94.0     -80.3
  353   111.0   180.0     -69.1     -58.4     -47.9     -37.6     -27.3     -17.1      -7.0       3.0      13.0
  362   125.0   230.0    -133.2    -131.1    -128.9    -126.6    -121.7    -115.1    -108.2    -101.3     -94.2     -80.4
  372   125.0   180.0     -69.3     -58.6     -48.1     -37.7     -27.4     -17.2      -7.1       3.0      13.0


 Time  ***   2880.0000 ***

    n    x(n)   z(n)       h(n)      h(n+1) ...

    1      .0   230.0        .0        .0        .0       -.1      -1.3      -4.0      -7.5     -11.8     -17.1     -33.3
   11      .0   180.0     -42.0     -40.2     -35.7     -29.0     -20.9     -11.8      -2.2       7.6      17.5
   20     5.0   230.0        .0        .0        .0       -.4      -1.9      -4.7      -8.2     -12.5     -17.8     -34.3
   30     5.0   180.0     -42.2     -40.4     -35.8     -29.0     -20.9     -11.8      -2.3       7.6      17.5
   39    10.0   230.0        .0       -.1       -.5      -1.2      -3.2      -6.3      -9.9     -14.1     -19.2     -35.9
   49    10.0   180.0     -42.8     -40.7     -36.0     -29.1     -20.9     -11.9      -2.3       7.6      17.5
   58    14.0   230.0        .0       -.5      -1.6      -2.8      -5.2      -8.5     -12.0     -16.1     -21.1     -37.5
   68    14.0   180.0     -43.5     -41.2     -36.2     -29.3     -21.0     -11.9      -2.3       7.5      17.5
   77    17.0   230.0        .0      -1.9      -3.7      -5.2      -7.7     -10.7     -14.1     -18.0     -22.9     -38.9
   87    17.0   180.0     -44.3     -41.6     -36.4     -29.4     -21.1     -12.0      -2.3       7.5      17.5
   96    19.0   230.0      -5.6      -5.7      -6.6      -7.6      -9.8     -12.6     -15.8     -19.5     -24.3     -39.9
  106    19.0   180.0     -44.8     -41.9     -36.6     -29.5     -21.1     -12.0      -2.4       7.5      17.4
  115    21.0   230.0     -11.0     -10.1     -10.2     -10.7     -12.2     -14.7     -17.6     -21.2     -25.8     -41.0
  125    21.0   180.0     -45.4     -42.3     -36.8     -29.6     -21.2     -12.0      -2.4       7.5      17.4
  134    23.0   230.0     -15.9     -14.5     -14.0     -14.0     -14.9     -17.0     -19.6     -23.0     -27.5     -42.2
  144    23.0   180.0     -46.0     -42.6     -37.0     -29.7     -21.3     -12.1      -2.4       7.4      17.4
  153    26.0   230.0     -22.3     -20.7     -19.7     -19.3     -19.4     -20.8     -23.0     -26.0     -30.1     -44.1
  163    26.0   180.0     -47.0     -43.2     -37.3     -29.9     -21.4     -12.1      -2.5       7.4      17.4
  172    30.0   230.0     -30.2     -28.5     -27.2     -26.4     -25.7     -26.3     -27.8     -30.4     -34.0     -46.8
  182    30.0   180.0     -48.4     -44.0     -37.8     -30.2     -21.5     -12.2      -2.5       7.4      17.3
  191    35.0   230.0     -39.6     -37.8     -36.3     -35.2     -33.9     -33.6     -34.5     -36.3     -39.3     -50.3
  201    35.0   180.0     -50.2     -45.1     -38.4     -30.5     -21.7     -12.3      -2.6       7.3      17.3
  210    41.0   230.0     -50.3     -48.4     -46.9     -45.6     -43.7     -42.7     -42.8     -43.9     -46.1     -54.5
  220    41.0   180.0     -52.5     -46.5     -39.2     -31.0     -22.0     -12.5      -2.7       7.2      17.2
  229    48.0   230.0     -62.3     -60.5     -58.8     -57.4     -55.1     -53.4     -52.7     -52.9     -54.0     -59.0
  239    48.0   180.0     -54.9     -48.0     -40.1     -31.5     -22.3     -12.7      -2.9       7.1      17.1
  248    56.0   230.0     -75.7     -73.8     -72.1     -70.5     -67.8     -65.4     -63.8     -62.9     -62.6     -63.6
  258    56.0   180.0     -57.5     -49.6     -41.1     -32.1     -22.6     -12.9      -3.0       6.9      16.9
  267    65.0   230.0     -90.0     -88.1     -86.2     -84.5     -81.4     -78.1     -75.4     -73.1     -71.2     -67.8
  277    65.0   180.0     -60.0     -51.2     -42.1     -32.7     -23.0     -13.1      -3.2       6.8      16.8
  286    75.0   230.0    -104.2    -102.2    -100.3     -98.4     -94.7     -90.4     -86.4     -82.6     -78.8     -71.4
  296    75.0   180.0     -62.2     -52.6     -43.0     -33.2     -23.3     -13.4      -3.4       6.6      16.6
  305    86.0   230.0    -116.2    -114.2    -112.1    -110.1    -105.9    -100.6     -95.3     -90.0     -84.7     -74.1
  315    86.0   180.0     -63.9     -53.8     -43.8     -33.7     -23.7     -13.6      -3.6       6.5      16.5
  324    98.0   230.0    -124.1    -122.1    -120.0    -117.8    -113.2    -107.2    -101.1     -94.8     -88.5     -76.0
  334    98.0   180.0     -65.1     -54.7     -44.4     -34.1     -23.9     -13.8      -3.7       6.3      16.3
  343   111.0   230.0    -127.9    -125.8    -123.7    -121.4    -116.7    -110.4    -103.9     -97.2     -90.4     -76.9
  353   111.0   180.0     -65.8     -55.2     -44.7     -34.3     -24.1     -13.9      -3.8       6.2      16.3
  362   125.0   230.0    -128.9    -126.9    -124.7    -122.4    -117.6    -111.2    -104.6     -97.8     -90.9     -77.1
  372   125.0   180.0     -66.0     -55.4     -44.8     -34.4     -24.1     -13.9      -3.8       6.2      16.2


 Time  ***   4320.0000 ***

    n    x(n)   z(n)       h(n)      h(n+1) ...

    1      .0   230.0        .0        .0        .0       -.1      -1.3      -3.9      -7.3     -11.4     -16.5     -31.5
   11      .0   180.0     -38.2     -35.3     -29.7     -22.4     -13.7      -4.4       5.3      15.2      25.1
   20     5.0   230.0        .0        .0        .0       -.3      -1.8      -4.6      -8.0     -12.1     -17.1     -32.5
   30     5.0   180.0     -38.4     -35.4     -29.8     -22.4     -13.8      -4.4       5.3      15.2      25.1
   39    10.0   230.0        .0       -.1       -.5      -1.2      -3.1      -6.1      -9.6     -13.6     -18.5     -33.9
   49    10.0   180.0     -38.9     -35.7     -30.0     -22.5     -13.8      -4.4       5.3      15.1      25.1
   58    14.0   230.0        .0       -.5      -1.6      -2.7      -5.2      -8.3     -11.7     -15.6     -20.3     -35.4
   68    14.0   180.0     -39.5     -36.1     -30.2     -22.6     -13.9      -4.5       5.2      15.1      25.1
   77    17.0   230.0        .0      -1.9      -3.6      -5.1      -7.5     -10.5     -13.8     -17.5     -22.0     -36.7
   87    17.0   180.0     -40.2     -36.4     -30.4     -22.7     -13.9      -4.5       5.2      15.1      25.1
   96    19.0   230.0      -5.5      -5.7      -6.5      -7.5      -9.6     -12.3     -15.4     -18.9     -23.3     -37.6
  106    19.0   180.0     -40.6     -36.7     -30.5     -22.8     -14.0      -4.5       5.2      15.1      25.0
  115    21.0   230.0     -11.0     -10.0     -10.1     -10.5     -12.0     -14.4     -17.2     -20.5     -24.8     -38.5
  125    21.0   180.0     -41.1     -36.9     -30.7     -22.8     -14.0      -4.6       5.2      15.1      25.0
  134    23.0   230.0     -15.7     -14.4     -13.8     -13.8     -14.7     -16.6     -19.1     -22.3     -26.3     -39.5
  144    23.0   180.0     -41.7     -37.2     -30.8     -22.9     -14.1      -4.6       5.2      15.0      25.0
  153    26.0   230.0     -22.1     -20.5     -19.5     -19.0     -19.1     -20.3     -22.3     -25.1     -28.8     -41.2
  163    26.0   180.0     -42.5     -37.7     -31.1     -23.1     -14.1      -4.6       5.1      15.0      25.0
  172    30.0   230.0     -29.8     -28.1     -26.8     -25.9     -25.2     -25.6     -27.0     -29.2     -32.5     -43.6
  182    30.0   180.0     -43.7     -38.4     -31.4     -23.3     -14.2      -4.7       5.1      15.0      24.9
  191    35.0   230.0     -38.8     -37.0     -35.5     -34.4     -33.0     -32.6     -33.2     -34.8     -37.4     -46.6
  201    35.0   180.0     -45.2     -39.3     -31.9     -23.5     -14.4      -4.8       5.0      14.9      24.9
  210    41.0   230.0     -48.9     -47.0     -45.5     -44.1     -42.2     -41.0     -40.9     -41.7     -43.4     -50.1
  220    41.0   180.0     -47.0     -40.3     -32.5     -23.9     -14.6      -4.9       4.9      14.8      24.8
  229    48.0   230.0     -60.0     -58.1     -56.4     -54.9     -52.6     -50.8     -49.8     -49.7     -50.3     -53.9
  239    48.0   180.0     -49.0     -41.5     -33.2     -24.3     -14.8      -5.1       4.8      14.7      24.7
  248    56.0   230.0     -71.7     -69.8     -68.0     -66.4     -63.8     -61.2     -59.4     -58.3     -57.6     -57.7
  258    56.0   180.0     -51.1     -42.8     -34.0     -24.7     -15.1      -5.3       4.6      14.6      24.6
  267    65.0   230.0     -83.6     -81.6     -79.8     -78.1     -75.1     -71.8     -69.1     -66.8     -64.7     -61.1
  277    65.0   180.0     -53.0     -44.1     -34.8     -25.2     -15.4      -5.5       4.5      14.5      24.5
  286    75.0   230.0     -95.0     -93.0     -91.1     -89.3     -85.8     -81.8     -78.0     -74.5     -71.0     -64.0
  296    75.0   180.0     -54.8     -45.2     -35.5     -25.6     -15.7      -5.7       4.3      14.3      24.3
  305    86.0   230.0    -105.0    -103.0    -101.0     -99.1     -95.2     -90.3     -85.6     -80.8     -76.0     -66.3
  315    86.0   180.0     -56.2     -46.1     -36.1     -26.0     -15.9      -5.9       4.2      14.2      24.2
  324    98.0   230.0    -112.7    -110.7    -108.6    -106.5    -102.2     -96.7     -91.1     -85.4     -79.6     -67.9
  334    98.0   180.0     -57.2     -46.8     -36.5     -26.3     -16.1      -6.0       4.1      14.1      24.1
  343   111.0   230.0    -117.4    -115.4    -113.3    -111.1    -106.6    -100.6     -94.4     -88.1     -81.7     -68.8
  353   111.0   180.0     -57.8     -47.3     -36.8     -26.5     -16.3      -6.1       4.0      14.0      24.0
  362   125.0   230.0    -119.1    -117.0    -114.9    -112.7    -108.0    -101.9     -95.5     -88.9     -82.3     -69.0
  372   125.0   180.0     -58.0     -47.4     -36.9     -26.6     -16.3      -6.1       3.9      14.0      24.0


 Time  ***   5760.0000 ***

    n    x(n)   z(n)       h(n)      h(n+1) ...

    1      .0   230.0        .0        .0        .0       -.1      -1.2      -3.8      -7.0     -10.9     -15.7     -29.3
   11      .0   180.0     -33.5     -29.2     -22.7     -14.5      -5.4       4.1      13.9      23.8      33.8
   20     5.0   230.0        .0        .0        .0       -.3      -1.7      -4.4      -7.7     -11.6     -16.3     -30.1
   30     5.0   180.0     -33.7     -29.3     -22.7     -14.6      -5.5       4.1      13.9      23.8      33.8
   39    10.0   230.0        .0       -.1       -.5      -1.1      -3.0      -6.0      -9.3     -13.1     -17.6     -31.4
   49    10.0   180.0     -34.1     -29.6     -22.8     -14.6      -5.5       4.1      13.9      23.8      33.8
   58    14.0   230.0        .0       -.5      -1.5      -2.7      -5.1      -8.1     -11.3     -15.0     -19.4     -32.7
   68    14.0   180.0     -34.6     -29.9     -23.0     -14.7      -5.5       4.1      13.9      23.8      33.8
   77    17.0   230.0        .0      -1.9      -3.6      -5.0      -7.4     -10.3     -13.4     -16.8     -21.0     -33.8
   87    17.0   180.0     -35.1     -30.1     -23.1     -14.8      -5.6       4.1      13.9      23.8      33.7
   96    19.0   230.0      -5.5      -5.6      -6.5      -7.5      -9.4     -12.0     -14.9     -18.2     -22.2     -34.6
  106    19.0   180.0     -35.5     -30.3     -23.2     -14.8      -5.6       4.0      13.9      23.8      33.7
  115    21.0   230.0     -10.9      -9.9     -10.0     -10.4     -11.8     -14.0     -16.6     -19.7     -23.6     -35.4
  125    21.0   180.0     -35.9     -30.6     -23.3     -14.9      -5.6       4.0      13.8      23.7      33.7
  134    23.0   230.0     -15.6     -14.2     -13.7     -13.6     -14.5     -16.2     -18.5     -21.4     -25.0     -36.3
  144    23.0   180.0     -36.4     -30.8     -23.5     -14.9      -5.7       4.0      13.8      23.7      33.7
  153    26.0   230.0     -21.9     -20.2     -19.2     -18.7     -18.7     -19.8     -21.6     -24.1     -27.4     -37.7
  163    26.0   180.0     -37.0     -31.1     -23.6     -15.0      -5.7       4.0      13.8      23.7      33.7
  172    30.0   230.0     -29.4     -27.7     -26.4     -25.5     -24.7     -24.9     -26.1     -28.0     -30.7     -39.7
  182    30.0   180.0     -38.0     -31.7     -23.9     -15.2      -5.8       3.9      13.7      23.7      33.6
  191    35.0   230.0     -38.1     -36.3     -34.8     -33.7     -32.2     -31.6     -32.0     -33.2     -35.2     -42.2
  201    35.0   180.0     -39.2     -32.3     -24.3     -15.4      -5.9       3.8      13.7      23.6      33.6
  210    41.0   230.0     -47.8     -45.9     -44.3     -43.0     -41.0     -39.6     -39.2     -39.5     -40.6     -45.1
  220    41.0   180.0     -40.6     -33.1     -24.7     -15.6      -6.1       3.7      13.6      23.5      33.5
  229    48.0   230.0     -58.2     -56.3     -54.6     -53.1     -50.7     -48.6     -47.3     -46.7     -46.7     -48.2
  239    48.0   180.0     -42.2     -34.0     -25.2     -15.9      -6.3       3.6      13.5      23.5      33.4
  248    56.0   230.0     -68.8     -66.9     -65.2     -63.6     -60.8     -58.0     -55.8     -54.2     -53.0     -51.2
  258    56.0   180.0     -43.7     -35.0     -25.8     -16.2      -6.5       3.4      13.4      23.3      33.3
  267    65.0   230.0     -79.3     -77.4     -75.5     -73.8     -70.6     -67.2     -64.1     -61.4     -58.8     -53.8
  277    65.0   180.0     -45.2     -35.9     -26.3     -16.6      -6.7       3.3      13.2      23.2      33.2
  286    75.0   230.0     -89.0     -87.0     -85.1     -83.2     -79.7     -75.5     -71.5     -67.7     -63.9     -56.0
  296    75.0   180.0     -46.5     -36.7     -26.9     -16.9      -6.9       3.1      13.1      23.1      33.1
  305    86.0   230.0     -97.2     -95.2     -93.2     -91.2     -87.3     -82.4     -77.6     -72.7     -67.8     -57.7
  315    86.0   180.0     -47.6     -37.4     -27.3     -17.2      -7.1       3.0      13.0      23.0      33.0
  324    98.0   230.0    -103.4    -101.4     -99.3     -97.3     -93.0     -87.6     -82.0     -76.4     -70.6     -58.9
  334    98.0   180.0     -48.3     -37.9     -27.6     -17.4      -7.2       2.8      12.9      22.9      32.9
  343   111.0   230.0    -107.3    -105.3    -103.2    -101.0     -96.5     -90.7     -84.7     -78.5     -72.2     -59.6
  353   111.0   180.0     -48.8     -38.2     -27.8     -17.5      -7.4       2.8      12.8      22.8      32.9
  362   125.0   230.0    -108.7    -106.7    -104.5    -102.3     -97.8     -91.8     -85.5     -79.2     -72.7     -59.8
  372   125.0   180.0     -48.9     -38.3     -27.9     -17.6      -7.4       2.7      12.8      22.8      32.8


 Time  ***   7200.0000 ***

    n    x(n)   z(n)       h(n)      h(n+1) ...

    1      .0   230.0        .0        .0        .1        .0      -1.1      -3.6      -6.7     -10.3     -14.6     -26.0
   11      .0   180.0     -27.5     -21.9     -14.3      -5.5       4.0      13.7      23.5      33.4      43.4
   20     5.0   230.0        .0        .0        .0       -.2      -1.6      -4.2      -7.3     -10.9     -15.1     -26.7
   30     5.0   180.0     -27.7     -22.0     -14.3      -5.5       4.0      13.7      23.5      33.4      43.4
   39    10.0   230.0        .0       -.1       -.4      -1.1      -2.9      -5.7      -8.9     -12.4     -16.4     -27.8
   49    10.0   180.0     -28.0     -22.1     -14.4      -5.5       3.9      13.7      23.5      33.4      43.4
   58    14.0   230.0        .0       -.5      -1.5      -2.6      -4.9      -7.8     -10.9     -14.2     -18.0     -28.9
   68    14.0   180.0     -28.4     -22.3     -14.5      -5.6       3.9      13.6      23.5      33.4      43.4
   77    17.0   230.0        .0      -1.8      -3.5      -4.9      -7.2     -10.0     -12.8     -15.9     -19.5     -29.8
   87    17.0   180.0     -28.8     -22.5     -14.6      -5.7       3.9      13.6      23.5      33.4      43.3
   96    19.0   230.0      -5.5      -5.6      -6.4      -7.3      -9.2     -11.7     -14.3     -17.2     -20.7     -30.5
  106    19.0   180.0     -29.1     -22.7     -14.7      -5.7       3.9      13.6      23.4      33.4      43.3
  115    21.0   230.0     -10.8      -9.8      -9.8     -10.2     -11.6     -13.6     -16.0     -18.7     -21.9     -31.2
  125    21.0   180.0     -29.4     -22.8     -14.8      -5.7       3.8      13.6      23.4      33.3      43.3
  134    23.0   230.0     -15.4     -14.0     -13.5     -13.4     -14.1     -15.7     -17.8     -20.2     -23.2     -31.9
  144    23.0   180.0     -29.7     -23.0     -14.9      -5.8       3.8      13.6      23.4      33.3      43.3
  153    26.0   230.0     -21.6     -19.9     -18.9     -18.4     -18.3     -19.2     -20.7     -22.8     -25.4     -33.0
  163    26.0   180.0     -30.2     -23.3     -15.0      -5.9       3.7      13.5      23.4      33.3      43.3
  172    30.0   230.0     -28.9     -27.2     -25.9     -24.9     -24.0     -24.1     -24.9     -26.4     -28.4     -34.6
  182    30.0   180.0     -31.0     -23.6     -15.2      -6.0       3.7      13.5      23.4      33.3      43.3
  191    35.0   230.0     -37.3     -35.5     -34.0     -32.8     -31.2     -30.4     -30.4     -31.1     -32.4     -36.6
  201    35.0   180.0     -31.9     -24.1     -15.4      -6.1       3.6      13.4      23.3      33.2      43.2
  210    41.0   230.0     -46.4     -44.6     -43.0     -41.6     -39.5     -37.8     -37.0     -36.8     -37.1     -38.9
  220    41.0   180.0     -32.9     -24.7     -15.7      -6.3       3.5      13.3      23.2      33.2      43.2
  229    48.0   230.0     -56.0     -54.1     -52.4     -50.9     -48.3     -45.9     -44.2     -43.1     -42.2     -41.2
  239    48.0   180.0     -34.1     -25.3     -16.1      -6.5       3.3      13.2      23.1      33.1      43.1
  248    56.0   230.0     -65.6     -63.7     -61.9     -60.3     -57.3     -54.2     -51.6     -49.4     -47.4     -43.5
  258    56.0   180.0     -35.2     -26.0     -16.5      -6.7       3.2      13.1      23.0      33.0      43.0
  267    65.0   230.0     -74.8     -72.8     -70.9     -69.2     -65.8     -62.0     -58.6     -55.3     -52.0     -45.4
  277    65.0   180.0     -36.3     -26.7     -16.9      -7.0       3.0      12.9      22.9      32.9      42.9
  286    75.0   230.0     -82.8     -80.9     -78.9     -77.0     -73.3     -68.8     -64.5     -60.2     -55.9     -47.0
  296    75.0   180.0     -37.2     -27.2     -17.2      -7.2       2.8      12.8      22.8      32.8      42.8
  305    86.0   230.0     -89.4     -87.4     -85.4     -83.4     -79.4     -74.3     -69.2     -64.1     -58.9     -48.2
  315    86.0   180.0     -37.9     -27.7     -17.5      -7.4       2.6      12.7      22.7      32.7      42.7
  324    98.0   230.0     -94.2     -92.2     -90.2     -88.0     -83.7     -78.2     -72.5     -66.7     -60.9     -49.1
  334    98.0   180.0     -38.4     -28.1     -17.8      -7.6       2.5      12.6      22.6      32.6      42.6
  343   111.0   230.0     -97.2     -95.1     -93.0     -90.9     -86.4     -80.5     -74.5     -68.3     -62.0     -49.5
  353   111.0   180.0     -38.7     -28.3     -17.9      -7.7       2.4      12.5      22.6      32.6      42.6
  362   125.0   230.0     -98.2     -96.2     -94.0     -91.9     -87.3     -81.3     -75.1     -68.8     -62.4     -49.6
  372   125.0   180.0     -38.8     -28.3     -18.0      -7.7       2.4      12.5      22.5      32.6      42.6
