 Example 4 - Infiltration Test                                           
 
 Program SWMS_2D
 Time independent boundary conditions
 Axisymmetric flow, V = L*L*L
 Units: L = cm   , T = min  , M = -    


     Time         hAtm       hRoot     hKode3     hKode1      hSeep     hKode5     hKode6 ... 
      [T]          [L]        [L]        [L]        [L]        [L]        [L]        [L]

       .1000         .0         .0         .0         .0         .0         .0         .0
       .2331         .0         .0         .0         .0         .0         .0         .0
       .4099         .0         .0         .0         .0         .0         .0         .0
       .6455         .0         .0         .0         .0         .0         .0         .0
       .9579         .0         .0         .0         .0         .0         .0         .0
      1.3737         .0         .0         .0         .0         .0         .0         .0
      1.7894         .0         .0         .0         .0         .0         .0         .0
      2.2052         .0         .0         .0         .0         .0         .0         .0
      2.6210         .0         .0         .0         .0         .0         .0         .0
      3.0368         .0         .0         .0         .0         .0         .0         .0
      3.4526         .0         .0         .0         .0         .0         .0         .0
      4.0070         .0         .0         .0         .0         .0         .0         .0
      4.5614         .0         .0         .0         .0         .0         .0         .0
      5.1158         .0         .0         .0         .0         .0         .0         .0
      5.8475         .0         .0         .0         .0         .0         .0         .0
      6.5793         .0         .0         .0         .0         .0         .0         .0
      7.3111         .0         .0         .0         .0         .0         .0         .0
      8.2868         .0         .0         .0         .0         .0         .0         .0
      9.2626         .0         .0         .0         .0         .0         .0         .0
     10.2383         .0         .0         .0         .0         .0         .0         .0
     11.5478         .0         .0         .0         .0         .0         .0         .0
     12.8573         .0         .0         .0         .0         .0         .0         .0
     14.1668         .0         .0         .0         .0         .0         .0         .0
     15.4764         .0         .0         .0         .0         .0         .0         .0
     17.1888         .0         .0         .0         .0         .0         .0         .0
     18.9013         .0         .0         .0         .0         .0         .0         .0
     20.6137         .0         .0         .0         .0         .0         .0         .0
     22.9305         .0         .0         .0         .0         .0         .0         .0
     25.2474         .0         .0         .0         .0         .0         .0         .0
     27.5642         .0         .0         .0         .0         .0         .0         .0
     30.5129         .0         .0         .0         .0         .0         .0         .0
     33.4616         .0         .0         .0         .0         .0         .0         .0
     36.4104         .0         .0         .0         .0         .0         .0         .0
     40.3420         .0         .0         .0         .0         .0         .0         .0
     44.2736         .0         .0         .0         .0         .0         .0         .0
     48.2052         .0         .0         .0         .0         .0         .0         .0
     54.1026         .0         .0         .0         .0         .0         .0         .0
     60.0000         .0         .0         .0         .0         .0         .0         .0
     65.4545         .0         .0         .0         .0         .0         .0         .0
     70.9091         .0         .0         .0         .0         .0         .0         .0
     78.1818         .0         .0         .0         .0         .0         .0         .0
     85.4545         .0         .0         .0         .0         .0         .0         .0
     92.7273         .0         .0         .0         .0         .0         .0         .0
    100.0000         .0         .0         .0         .0         .0         .0         .0
    110.0000         .0         .0         .0         .0         .0         .0         .0
    120.0000         .0         .0         .0         .0         .0         .0         .0
    130.0000         .0         .0         .0         .0         .0         .0         .0
    140.0000         .0         .0         .0         .0         .0         .0         .0
    153.3333         .0         .0         .0         .0         .0         .0         .0
    166.6667         .0         .0         .0         .0         .0         .0         .0
    180.0000         .0         .0         .0         .0         .0         .0         .0
    192.8571         .0         .0         .0         .0         .0         .0         .0
    209.5714         .0         .0         .0         .0         .0         .0         .0
    226.2857         .0         .0         .0         .0         .0         .0         .0
    243.0000         .0         .0         .0         .0         .0         .0         .0
    266.4000         .0         .0         .0         .0         .0         .0         .0
    289.8000         .0         .0         .0         .0         .0         .0         .0
    313.2000         .0         .0         .0         .0         .0         .0         .0
    336.6000         .0         .0         .0         .0         .0         .0         .0
    360.0000         .0         .0         .0         .0         .0         .0         .0
    387.5001         .0         .0         .0         .0         .0         .0         .0
    415.2031         .0         .0         .0         .0         .0         .0         .0
    442.9119         .0         .0         .0         .0         .0         .0         .0
    470.6207         .0         .0         .0         .0         .0         .0         .0
    498.3295         .0         .0         .0         .0         .0         .0         .0
    526.0383         .0         .0         .0         .0         .0         .0         .0
    553.7471         .0         .0         .0         .0         .0         .0         .0
    581.4559         .0         .0         .0         .0         .0         .0         .0
    609.1647         .0         .0         .0         .0         .0         .0         .0
    636.8735         .0         .0         .0         .0         .0         .0         .0
    664.5823         .0         .0         .0         .0         .0         .0         .0
    692.2911         .0         .0         .0         .0         .0         .0         .0
    720.0000         .0         .0         .0         .0         .0         .0         .0
    748.8000         .0         .0         .0         .0         .0         .0         .0
    777.6000         .0         .0         .0         .0         .0         .0         .0
    806.4000         .0         .0         .0         .0         .0         .0         .0
    835.2000         .0         .0         .0         .0         .0         .0         .0
    863.9999         .0         .0         .0         .0         .0         .0         .0
    892.7999         .0         .0         .0         .0         .0         .0         .0
    921.5999         .0         .0         .0         .0         .0         .0         .0
    950.3999         .0         .0         .0         .0         .0         .0         .0
    979.1999         .0         .0         .0         .0         .0         .0         .0
   1008.0000         .0         .0         .0         .0         .0         .0         .0
   1036.8000         .0         .0         .0         .0         .0         .0         .0
   1065.6000         .0         .0         .0         .0         .0         .0         .0
   1094.4000         .0         .0         .0         .0         .0         .0         .0
   1123.2000         .0         .0         .0         .0         .0         .0         .0
   1152.0000         .0         .0         .0         .0         .0         .0         .0
   1180.8000         .0         .0         .0         .0         .0         .0         .0
   1209.6000         .0         .0         .0         .0         .0         .0         .0
   1238.4000         .0         .0         .0         .0         .0         .0         .0
   1267.2000         .0         .0         .0         .0         .0         .0         .0
   1296.0000         .0         .0         .0         .0         .0         .0         .0
   1324.8000         .0         .0         .0         .0         .0         .0         .0
   1353.6000         .0         .0         .0         .0         .0         .0         .0
   1382.4000         .0         .0         .0         .0         .0         .0         .0
   1411.2000         .0         .0         .0         .0         .0         .0         .0
   1440.0000         .0         .0         .0         .0         .0         .0         .0
   1469.9940         .0         .0         .0         .0         .0         .0         .0
   1499.9940         .0         .0         .0         .0         .0         .0         .0
   1529.9940         .0         .0         .0         .0         .0         .0         .0
   1559.9940         .0         .0         .0         .0         .0         .0         .0
   1589.9950         .0         .0         .0         .0         .0         .0         .0
   1619.9950         .0         .0         .0         .0         .0         .0         .0
   1649.9950         .0         .0         .0         .0         .0         .0         .0
   1679.9950         .0         .0         .0         .0         .0         .0         .0
   1709.9950         .0         .0         .0         .0         .0         .0         .0
   1739.9960         .0         .0         .0         .0         .0         .0         .0
   1769.9960         .0         .0         .0         .0         .0         .0         .0
   1799.9960         .0         .0         .0         .0         .0         .0         .0
   1829.9970         .0         .0         .0         .0         .0         .0         .0
   1859.9970         .0         .0         .0         .0         .0         .0         .0
   1889.9970         .0         .0         .0         .0         .0         .0         .0
   1919.9980         .0         .0         .0         .0         .0         .0         .0
   1949.9980         .0         .0         .0         .0         .0         .0         .0
   1979.9980         .0         .0         .0         .0         .0         .0         .0
   2009.9990         .0         .0         .0         .0         .0         .0         .0
   2039.9990         .0         .0         .0         .0         .0         .0         .0
   2069.9990         .0         .0         .0         .0         .0         .0         .0
   2099.9990         .0         .0         .0         .0         .0         .0         .0
   2130.0000         .0         .0         .0         .0         .0         .0         .0
   2160.0000         .0         .0         .0         .0         .0         .0         .0
   2190.0000         .0         .0         .0         .0         .0         .0         .0
   2220.0000         .0         .0         .0         .0         .0         .0         .0
   2250.0000         .0         .0         .0         .0         .0         .0         .0
   2280.0000         .0         .0         .0         .0         .0         .0         .0
   2310.0000         .0         .0         .0         .0         .0         .0         .0
   2340.0000         .0         .0         .0         .0         .0         .0         .0
   2370.0000         .0         .0         .0         .0         .0         .0         .0
   2400.0000         .0         .0         .0         .0         .0         .0         .0
   2430.0000         .0         .0         .0         .0         .0         .0         .0
   2460.0000         .0         .0         .0         .0         .0         .0         .0
   2490.0000         .0         .0         .0         .0         .0         .0         .0
   2520.0000         .0         .0         .0         .0         .0         .0         .0
   2550.0000         .0         .0         .0         .0         .0         .0         .0
   2580.0000         .0         .0         .0         .0         .0         .0         .0
   2610.0000         .0         .0         .0         .0         .0         .0         .0
   2640.0000         .0         .0         .0         .0         .0         .0         .0
   2670.0000         .0         .0         .0         .0         .0         .0         .0
   2700.0000         .0         .0         .0         .0         .0         .0         .0
   2730.0000         .0         .0         .0         .0         .0         .0         .0
   2760.0000         .0         .0         .0         .0         .0         .0         .0
   2790.0000         .0         .0         .0         .0         .0         .0         .0
   2820.0000         .0         .0         .0         .0         .0         .0         .0
   2850.0000         .0         .0         .0         .0         .0         .0         .0
   2880.0000         .0         .0         .0         .0         .0         .0         .0
   2910.0000         .0         .0         .0         .0         .0         .0         .0
   2940.0000         .0         .0         .0         .0         .0         .0         .0
   2970.0000         .0         .0         .0         .0         .0         .0         .0
   3000.0000         .0         .0         .0         .0         .0         .0         .0
   3030.0000         .0         .0         .0         .0         .0         .0         .0
   3060.0000         .0         .0         .0         .0         .0         .0         .0
   3090.0000         .0         .0         .0         .0         .0         .0         .0
   3120.0000         .0         .0         .0         .0         .0         .0         .0
   3150.0000         .0         .0         .0         .0         .0         .0         .0
   3180.0000         .0         .0         .0         .0         .0         .0         .0
   3210.0000         .0         .0         .0         .0         .0         .0         .0
   3240.0000         .0         .0         .0         .0         .0         .0         .0
   3270.0000         .0         .0         .0         .0         .0         .0         .0
   3300.0000         .0         .0         .0         .0         .0         .0         .0
   3330.0000         .0         .0         .0         .0         .0         .0         .0
   3360.0000         .0         .0         .0         .0         .0         .0         .0
   3390.0000         .0         .0         .0         .0         .0         .0         .0
   3420.0000         .0         .0         .0         .0         .0         .0         .0
   3450.0000         .0         .0         .0         .0         .0         .0         .0
   3480.0000         .0         .0         .0         .0         .0         .0         .0
   3510.0000         .0         .0         .0         .0         .0         .0         .0
   3540.0000         .0         .0         .0         .0         .0         .0         .0
   3570.0000         .0         .0         .0         .0         .0         .0         .0
   3600.0000         .0         .0         .0         .0         .0         .0         .0
   3630.0000         .0         .0         .0         .0         .0         .0         .0
   3660.0000         .0         .0         .0         .0         .0         .0         .0
   3690.0000         .0         .0         .0         .0         .0         .0         .0
   3720.0000         .0         .0         .0         .0         .0         .0         .0
   3750.0000         .0         .0         .0         .0         .0         .0         .0
   3780.0000         .0         .0         .0         .0         .0         .0         .0
   3810.0000         .0         .0         .0         .0         .0         .0         .0
   3840.0000         .0         .0         .0         .0         .0         .0         .0
   3870.0000         .0         .0         .0         .0         .0         .0         .0
   3900.0000         .0         .0         .0         .0         .0         .0         .0
   3930.0000         .0         .0         .0         .0         .0         .0         .0
   3960.0000         .0         .0         .0         .0         .0         .0         .0
   3990.0000         .0         .0         .0         .0         .0         .0         .0
   4020.0000         .0         .0         .0         .0         .0         .0         .0
   4050.0000         .0         .0         .0         .0         .0         .0         .0
   4080.0000         .0         .0         .0         .0         .0         .0         .0
   4110.0000         .0         .0         .0         .0         .0         .0         .0
   4140.0000         .0         .0         .0         .0         .0         .0         .0
   4170.0000         .0         .0         .0         .0         .0         .0         .0
   4200.0000         .0         .0         .0         .0         .0         .0         .0
   4230.0000         .0         .0         .0         .0         .0         .0         .0
   4260.0000         .0         .0         .0         .0         .0         .0         .0
   4290.0000         .0         .0         .0         .0         .0         .0         .0
   4320.0000         .0         .0         .0         .0         .0         .0         .0
   4350.4250         .0         .0         .0         .0         .0         .0         .0
   4380.8520         .0         .0         .0         .0         .0         .0         .0
   4411.2820         .0         .0         .0         .0         .0         .0         .0
   4441.7140         .0         .0         .0         .0         .0         .0         .0
   4472.1480         .0         .0         .0         .0         .0         .0         .0
   4502.5840         .0         .0         .0         .0         .0         .0         .0
   4533.0230         .0         .0         .0         .0         .0         .0         .0
   4563.4650         .0         .0         .0         .0         .0         .0         .0
   4593.9090         .0         .0         .0         .0         .0         .0         .0
   4624.3550         .0         .0         .0         .0         .0         .0         .0
   4654.8040         .0         .0         .0         .0         .0         .0         .0
   4685.2550         .0         .0         .0         .0         .0         .0         .0
   4715.7080         .0         .0         .0         .0         .0         .0         .0
   4746.1650         .0         .0         .0         .0         .0         .0         .0
   4776.6230         .0         .0         .0         .0         .0         .0         .0
   4807.0840         .0         .0         .0         .0         .0         .0         .0
   4837.5470         .0         .0         .0         .0         .0         .0         .0
   4868.0130         .0         .0         .0         .0         .0         .0         .0
   4898.4810         .0         .0         .0         .0         .0         .0         .0
   4928.9520         .0         .0         .0         .0         .0         .0         .0
   4959.4250         .0         .0         .0         .0         .0         .0         .0
   4989.9010         .0         .0         .0         .0         .0         .0         .0
   5020.3790         .0         .0         .0         .0         .0         .0         .0
   5050.8600         .0         .0         .0         .0         .0         .0         .0
   5081.3430         .0         .0         .0         .0         .0         .0         .0
   5111.8290         .0         .0         .0         .0         .0         .0         .0
   5142.3170         .0         .0         .0         .0         .0         .0         .0
   5172.8090         .0         .0         .0         .0         .0         .0         .0
   5203.3020         .0         .0         .0         .0         .0         .0         .0
   5233.7980         .0         .0         .0         .0         .0         .0         .0
   5264.2970         .0         .0         .0         .0         .0         .0         .0
   5294.7990         .0         .0         .0         .0         .0         .0         .0
   5325.3030         .0         .0         .0         .0         .0         .0         .0
   5355.8100         .0         .0         .0         .0         .0         .0         .0
   5386.3190         .0         .0         .0         .0         .0         .0         .0
   5416.8320         .0         .0         .0         .0         .0         .0         .0
   5447.3460         .0         .0         .0         .0         .0         .0         .0
   5477.8640         .0         .0         .0         .0         .0         .0         .0
   5508.3840         .0         .0         .0         .0         .0         .0         .0
   5538.9070         .0         .0         .0         .0         .0         .0         .0
   5569.4330         .0         .0         .0         .0         .0         .0         .0
   5599.9620         .0         .0         .0         .0         .0         .0         .0
   5630.4930         .0         .0         .0         .0         .0         .0         .0
   5661.0270         .0         .0         .0         .0         .0         .0         .0
   5691.5640         .0         .0         .0         .0         .0         .0         .0
   5722.1040         .0         .0         .0         .0         .0         .0         .0
   5741.0520         .0         .0         .0         .0         .0         .0         .0
   5760.0000         .0         .0         .0         .0         .0         .0         .0
   5790.5470         .0         .0         .0         .0         .0         .0         .0
   5821.0960         .0         .0         .0         .0         .0         .0         .0
   5851.6470         .0         .0         .0         .0         .0         .0         .0
   5882.2010         .0         .0         .0         .0         .0         .0         .0
   5912.7590         .0         .0         .0         .0         .0         .0         .0
   5943.3200         .0         .0         .0         .0         .0         .0         .0
   5973.8830         .0         .0         .0         .0         .0         .0         .0
   6004.4510         .0         .0         .0         .0         .0         .0         .0
   6035.0210         .0         .0         .0         .0         .0         .0         .0
   6065.5930         .0         .0         .0         .0         .0         .0         .0
   6096.1710         .0         .0         .0         .0         .0         .0         .0
   6126.7480         .0         .0         .0         .0         .0         .0         .0
   6157.3290         .0         .0         .0         .0         .0         .0         .0
   6187.9190         .0         .0         .0         .0         .0         .0         .0
   6218.5010         .0         .0         .0         .0         .0         .0         .0
   6249.0930         .0         .0         .0         .0         .0         .0         .0
   6279.7000         .0         .0         .0         .0         .0         .0         .0
   6310.2770         .0         .0         .0         .0         .0         .0         .0
   6340.8830         .0         .0         .0         .0         .0         .0         .0
   6371.5150         .0         .0         .0         .0         .0         .0         .0
   6402.0600         .0         .0         .0         .0         .0         .0         .0
   6432.7210         .0         .0         .0         .0         .0         .0         .0
   6463.3410         .0         .0         .0         .0         .0         .0         .0
   6493.9010         .0         .0         .0         .0         .0         .0         .0
   6524.5770         .0         .0         .0         .0         .0         .0         .0
   6555.2000         .0         .0         .0         .0         .0         .0         .0
   6585.7730         .0         .0         .0         .0         .0         .0         .0
   6616.4580         .0         .0         .0         .0         .0         .0         .0
   6647.0910         .0         .0         .0         .0         .0         .0         .0
   6677.6750         .0         .0         .0         .0         .0         .0         .0
   6708.3700         .0         .0         .0         .0         .0         .0         .0
   6739.0130         .0         .0         .0         .0         .0         .0         .0
   6769.6080         .0         .0         .0         .0         .0         .0         .0
   6800.3130         .0         .0         .0         .0         .0         .0         .0
   6830.9660         .0         .0         .0         .0         .0         .0         .0
   6861.5720         .0         .0         .0         .0         .0         .0         .0
   6892.2880         .0         .0         .0         .0         .0         .0         .0
   6922.9520         .0         .0         .0         .0         .0         .0         .0
   6953.5690         .0         .0         .0         .0         .0         .0         .0
   6984.2960         .0         .0         .0         .0         .0         .0         .0
   7014.9710         .0         .0         .0         .0         .0         .0         .0
   7045.6000         .0         .0         .0         .0         .0         .0         .0
   7076.3390         .0         .0         .0         .0         .0         .0         .0
   7107.0250         .0         .0         .0         .0         .0         .0         .0
   7137.6670         .0         .0         .0         .0         .0         .0         .0
   7168.4170         .0         .0         .0         .0         .0         .0         .0
   7184.2090         .0         .0         .0         .0         .0         .0         .0
   7200.0000         .0         .0         .0         .0         .0         .0         .0
