

 Time  ***     60.0000 ***

    n    x(n)   z(n)       Q(n)      Q(n+1) ...

    1      .0   230.0   .615E+00   .000E+00   .000E+00   .000E+00   .000E+00   .000E+00   .000E+00   .000E+00   .000E+00   .000E+00
   11      .0   180.0   .000E+00   .000E+00   .000E+00   .000E+00   .000E+00   .000E+00   .000E+00   .000E+00   .000E+00
   20     5.0   230.0   .361E+01   .000E+00   .000E+00   .000E+00   .000E+00   .000E+00   .000E+00   .000E+00   .000E+00   .000E+00
   30     5.0   180.0   .000E+00   .000E+00   .000E+00   .000E+00   .000E+00   .000E+00   .000E+00   .000E+00   .000E+00
   39    10.0   230.0   .668E+01   .000E+00   .000E+00   .000E+00   .000E+00   .000E+00   .000E+00   .000E+00   .000E+00   .000E+00
   49    10.0   180.0   .000E+00   .000E+00   .000E+00   .000E+00   .000E+00   .000E+00   .000E+00   .000E+00   .000E+00
   58    14.0   230.0   .883E+01   .000E+00   .000E+00   .000E+00   .000E+00   .000E+00   .000E+00   .000E+00   .000E+00   .000E+00
   68    14.0   180.0   .000E+00   .000E+00   .000E+00   .000E+00   .000E+00   .000E+00   .000E+00   .000E+00   .000E+00
   77    17.0   230.0   .156E+02   .000E+00   .000E+00   .000E+00   .000E+00   .000E+00   .000E+00   .000E+00   .000E+00   .000E+00
   87    17.0   180.0   .000E+00   .000E+00   .000E+00   .000E+00   .000E+00   .000E+00   .000E+00   .000E+00   .000E+00
   96    19.0   230.0   .000E+00   .000E+00   .000E+00   .000E+00   .000E+00   .000E+00   .000E+00   .000E+00   .000E+00   .000E+00
  106    19.0   180.0   .000E+00   .000E+00   .000E+00   .000E+00   .000E+00   .000E+00   .000E+00   .000E+00   .000E+00
  115    21.0   230.0   .000E+00   .000E+00   .000E+00   .000E+00   .000E+00   .000E+00   .000E+00   .000E+00   .000E+00   .000E+00
  125    21.0   180.0   .000E+00   .000E+00   .000E+00   .000E+00   .000E+00   .000E+00   .000E+00   .000E+00   .000E+00
  134    23.0   230.0   .000E+00   .000E+00   .000E+00   .000E+00   .000E+00   .000E+00   .000E+00   .000E+00   .000E+00   .000E+00
  144    23.0   180.0   .000E+00   .000E+00   .000E+00   .000E+00   .000E+00   .000E+00   .000E+00   .000E+00   .000E+00
  153    26.0   230.0   .000E+00   .000E+00   .000E+00   .000E+00   .000E+00   .000E+00   .000E+00   .000E+00   .000E+00   .000E+00
  163    26.0   180.0   .000E+00   .000E+00   .000E+00   .000E+00   .000E+00   .000E+00   .000E+00   .000E+00   .000E+00
  172    30.0   230.0   .000E+00   .000E+00   .000E+00   .000E+00   .000E+00   .000E+00   .000E+00   .000E+00   .000E+00   .000E+00
  182    30.0   180.0   .000E+00   .000E+00   .000E+00   .000E+00   .000E+00   .000E+00   .000E+00   .000E+00   .000E+00
  191    35.0   230.0   .000E+00   .000E+00   .000E+00   .000E+00   .000E+00   .000E+00   .000E+00   .000E+00   .000E+00   .000E+00
  201    35.0   180.0   .000E+00   .000E+00   .000E+00   .000E+00   .000E+00   .000E+00   .000E+00   .000E+00   .000E+00
  210    41.0   230.0   .000E+00   .000E+00   .000E+00   .000E+00   .000E+00   .000E+00   .000E+00   .000E+00   .000E+00   .000E+00
  220    41.0   180.0   .000E+00   .000E+00   .000E+00   .000E+00   .000E+00   .000E+00   .000E+00   .000E+00   .000E+00
  229    48.0   230.0   .000E+00   .000E+00   .000E+00   .000E+00   .000E+00   .000E+00   .000E+00   .000E+00   .000E+00   .000E+00
  239    48.0   180.0   .000E+00   .000E+00   .000E+00   .000E+00   .000E+00   .000E+00   .000E+00   .000E+00   .000E+00
  248    56.0   230.0   .000E+00   .000E+00   .000E+00   .000E+00   .000E+00   .000E+00   .000E+00   .000E+00   .000E+00   .000E+00
  258    56.0   180.0   .000E+00   .000E+00   .000E+00   .000E+00   .000E+00   .000E+00   .000E+00   .000E+00   .000E+00
  267    65.0   230.0   .000E+00   .000E+00   .000E+00   .000E+00   .000E+00   .000E+00   .000E+00   .000E+00   .000E+00   .000E+00
  277    65.0   180.0   .000E+00   .000E+00   .000E+00   .000E+00   .000E+00   .000E+00   .000E+00   .000E+00   .000E+00
  286    75.0   230.0   .000E+00   .000E+00   .000E+00   .000E+00   .000E+00   .000E+00   .000E+00   .000E+00   .000E+00   .000E+00
  296    75.0   180.0   .000E+00   .000E+00   .000E+00   .000E+00   .000E+00   .000E+00   .000E+00   .000E+00   .000E+00
  305    86.0   230.0   .000E+00   .000E+00   .000E+00   .000E+00   .000E+00   .000E+00   .000E+00   .000E+00   .000E+00   .000E+00
  315    86.0   180.0   .000E+00   .000E+00   .000E+00   .000E+00   .000E+00   .000E+00   .000E+00   .000E+00   .000E+00
  324    98.0   230.0   .000E+00   .000E+00   .000E+00   .000E+00   .000E+00   .000E+00   .000E+00   .000E+00   .000E+00   .000E+00
  334    98.0   180.0   .000E+00   .000E+00   .000E+00   .000E+00   .000E+00   .000E+00   .000E+00   .000E+00   .000E+00
  343   111.0   230.0   .000E+00   .000E+00   .000E+00   .000E+00   .000E+00   .000E+00   .000E+00   .000E+00   .000E+00   .000E+00
  353   111.0   180.0   .000E+00   .000E+00   .000E+00   .000E+00   .000E+00   .000E+00   .000E+00   .000E+00   .000E+00
  362   125.0   230.0   .000E+00   .000E+00   .000E+00   .000E+00   .000E+00   .000E+00   .000E+00   .000E+00   .000E+00   .000E+00
  372   125.0   180.0   .000E+00   .000E+00   .000E+00   .000E+00   .000E+00   .000E+00   .000E+00   .000E+00   .000E+00


 Time  ***    180.0000 ***

    n    x(n)   z(n)       Q(n)      Q(n+1) ...

    1      .0   230.0   .533E+00   .000E+00   .000E+00   .000E+00   .000E+00   .000E+00   .000E+00   .000E+00   .000E+00   .000E+00
   11      .0   180.0   .000E+00   .000E+00   .000E+00   .000E+00   .000E+00   .000E+00   .000E+00   .000E+00   .000E+00
   20     5.0   230.0   .317E+01   .000E+00   .000E+00   .000E+00   .000E+00   .000E+00   .000E+00   .000E+00   .000E+00   .000E+00
   30     5.0   180.0   .000E+00   .000E+00   .000E+00   .000E+00   .000E+00   .000E+00   .000E+00   .000E+00   .000E+00
   39    10.0   230.0   .584E+01   .000E+00   .000E+00   .000E+00   .000E+00   .000E+00   .000E+00   .000E+00   .000E+00   .000E+00
   49    10.0   180.0   .000E+00   .000E+00   .000E+00   .000E+00   .000E+00   .000E+00   .000E+00   .000E+00   .000E+00
   58    14.0   230.0   .759E+01   .000E+00   .000E+00   .000E+00   .000E+00   .000E+00   .000E+00   .000E+00   .000E+00   .000E+00
   68    14.0   180.0   .000E+00   .000E+00   .000E+00   .000E+00   .000E+00   .000E+00   .000E+00   .000E+00   .000E+00
   77    17.0   230.0   .131E+02   .000E+00   .000E+00   .000E+00   .000E+00   .000E+00   .000E+00   .000E+00   .000E+00   .000E+00
   87    17.0   180.0   .000E+00   .000E+00   .000E+00   .000E+00   .000E+00   .000E+00   .000E+00   .000E+00   .000E+00
   96    19.0   230.0   .000E+00   .000E+00   .000E+00   .000E+00   .000E+00   .000E+00   .000E+00   .000E+00   .000E+00   .000E+00
  106    19.0   180.0   .000E+00   .000E+00   .000E+00   .000E+00   .000E+00   .000E+00   .000E+00   .000E+00   .000E+00
  115    21.0   230.0   .000E+00   .000E+00   .000E+00   .000E+00   .000E+00   .000E+00   .000E+00   .000E+00   .000E+00   .000E+00
  125    21.0   180.0   .000E+00   .000E+00   .000E+00   .000E+00   .000E+00   .000E+00   .000E+00   .000E+00   .000E+00
  134    23.0   230.0   .000E+00   .000E+00   .000E+00   .000E+00   .000E+00   .000E+00   .000E+00   .000E+00   .000E+00   .000E+00
  144    23.0   180.0   .000E+00   .000E+00   .000E+00   .000E+00   .000E+00   .000E+00   .000E+00   .000E+00   .000E+00
  153    26.0   230.0   .000E+00   .000E+00   .000E+00   .000E+00   .000E+00   .000E+00   .000E+00   .000E+00   .000E+00   .000E+00
  163    26.0   180.0   .000E+00   .000E+00   .000E+00   .000E+00   .000E+00   .000E+00   .000E+00   .000E+00   .000E+00
  172    30.0   230.0   .000E+00   .000E+00   .000E+00   .000E+00   .000E+00   .000E+00   .000E+00   .000E+00   .000E+00   .000E+00
  182    30.0   180.0   .000E+00   .000E+00   .000E+00   .000E+00   .000E+00   .000E+00   .000E+00   .000E+00   .000E+00
  191    35.0   230.0   .000E+00   .000E+00   .000E+00   .000E+00   .000E+00   .000E+00   .000E+00   .000E+00   .000E+00   .000E+00
  201    35.0   180.0   .000E+00   .000E+00   .000E+00   .000E+00   .000E+00   .000E+00   .000E+00   .000E+00   .000E+00
  210    41.0   230.0   .000E+00   .000E+00   .000E+00   .000E+00   .000E+00   .000E+00   .000E+00   .000E+00   .000E+00   .000E+00
  220    41.0   180.0   .000E+00   .000E+00   .000E+00   .000E+00   .000E+00   .000E+00   .000E+00   .000E+00   .000E+00
  229    48.0   230.0   .000E+00   .000E+00   .000E+00   .000E+00   .000E+00   .000E+00   .000E+00   .000E+00   .000E+00   .000E+00
  239    48.0   180.0   .000E+00   .000E+00   .000E+00   .000E+00   .000E+00   .000E+00   .000E+00   .000E+00   .000E+00
  248    56.0   230.0   .000E+00   .000E+00   .000E+00   .000E+00   .000E+00   .000E+00   .000E+00   .000E+00   .000E+00   .000E+00
  258    56.0   180.0   .000E+00   .000E+00   .000E+00   .000E+00   .000E+00   .000E+00   .000E+00   .000E+00   .000E+00
  267    65.0   230.0   .000E+00   .000E+00   .000E+00   .000E+00   .000E+00   .000E+00   .000E+00   .000E+00   .000E+00   .000E+00
  277    65.0   180.0   .000E+00   .000E+00   .000E+00   .000E+00   .000E+00   .000E+00   .000E+00   .000E+00   .000E+00
  286    75.0   230.0   .000E+00   .000E+00   .000E+00   .000E+00   .000E+00   .000E+00   .000E+00   .000E+00   .000E+00   .000E+00
  296    75.0   180.0   .000E+00   .000E+00   .000E+00   .000E+00   .000E+00   .000E+00   .000E+00   .000E+00   .000E+00
  305    86.0   230.0   .000E+00   .000E+00   .000E+00   .000E+00   .000E+00   .000E+00   .000E+00   .000E+00   .000E+00   .000E+00
  315    86.0   180.0   .000E+00   .000E+00   .000E+00   .000E+00   .000E+00   .000E+00   .000E+00   .000E+00   .000E+00
  324    98.0   230.0   .000E+00   .000E+00   .000E+00   .000E+00   .000E+00   .000E+00   .000E+00   .000E+00   .000E+00   .000E+00
  334    98.0   180.0   .000E+00   .000E+00   .000E+00   .000E+00   .000E+00   .000E+00   .000E+00   .000E+00   .000E+00
  343   111.0   230.0   .000E+00   .000E+00   .000E+00   .000E+00   .000E+00   .000E+00   .000E+00   .000E+00   .000E+00   .000E+00
  353   111.0   180.0   .000E+00   .000E+00   .000E+00   .000E+00   .000E+00   .000E+00   .000E+00   .000E+00   .000E+00
  362   125.0   230.0   .000E+00   .000E+00   .000E+00   .000E+00   .000E+00   .000E+00   .000E+00   .000E+00   .000E+00   .000E+00
  372   125.0   180.0   .000E+00   .000E+00   .000E+00   .000E+00   .000E+00   .000E+00   .000E+00   .000E+00   .000E+00


 Time  ***    360.0000 ***

    n    x(n)   z(n)       Q(n)      Q(n+1) ...

    1      .0   230.0   .533E+00   .000E+00   .000E+00   .000E+00   .000E+00   .000E+00   .000E+00   .000E+00   .000E+00   .000E+00
   11      .0   180.0   .000E+00   .000E+00   .000E+00   .000E+00   .000E+00   .000E+00   .000E+00   .000E+00   .000E+00
   20     5.0   230.0   .323E+01   .000E+00   .000E+00   .000E+00   .000E+00   .000E+00   .000E+00   .000E+00   .000E+00   .000E+00
   30     5.0   180.0   .000E+00   .000E+00   .000E+00   .000E+00   .000E+00   .000E+00   .000E+00   .000E+00   .000E+00
   39    10.0   230.0   .572E+01   .000E+00   .000E+00   .000E+00   .000E+00   .000E+00   .000E+00   .000E+00   .000E+00   .000E+00
   49    10.0   180.0   .000E+00   .000E+00   .000E+00   .000E+00   .000E+00   .000E+00   .000E+00   .000E+00   .000E+00
   58    14.0   230.0   .718E+01   .000E+00   .000E+00   .000E+00   .000E+00   .000E+00   .000E+00   .000E+00   .000E+00   .000E+00
   68    14.0   180.0   .000E+00   .000E+00   .000E+00   .000E+00   .000E+00   .000E+00   .000E+00   .000E+00   .000E+00
   77    17.0   230.0   .122E+02   .000E+00   .000E+00   .000E+00   .000E+00   .000E+00   .000E+00   .000E+00   .000E+00   .000E+00
   87    17.0   180.0   .000E+00   .000E+00   .000E+00   .000E+00   .000E+00   .000E+00   .000E+00   .000E+00   .000E+00
   96    19.0   230.0   .000E+00   .000E+00   .000E+00   .000E+00   .000E+00   .000E+00   .000E+00   .000E+00   .000E+00   .000E+00
  106    19.0   180.0   .000E+00   .000E+00   .000E+00   .000E+00   .000E+00   .000E+00   .000E+00   .000E+00   .000E+00
  115    21.0   230.0   .000E+00   .000E+00   .000E+00   .000E+00   .000E+00   .000E+00   .000E+00   .000E+00   .000E+00   .000E+00
  125    21.0   180.0   .000E+00   .000E+00   .000E+00   .000E+00   .000E+00   .000E+00   .000E+00   .000E+00   .000E+00
  134    23.0   230.0   .000E+00   .000E+00   .000E+00   .000E+00   .000E+00   .000E+00   .000E+00   .000E+00   .000E+00   .000E+00
  144    23.0   180.0   .000E+00   .000E+00   .000E+00   .000E+00   .000E+00   .000E+00   .000E+00   .000E+00   .000E+00
  153    26.0   230.0   .000E+00   .000E+00   .000E+00   .000E+00   .000E+00   .000E+00   .000E+00   .000E+00   .000E+00   .000E+00
  163    26.0   180.0   .000E+00   .000E+00   .000E+00   .000E+00   .000E+00   .000E+00   .000E+00   .000E+00   .000E+00
  172    30.0   230.0   .000E+00   .000E+00   .000E+00   .000E+00   .000E+00   .000E+00   .000E+00   .000E+00   .000E+00   .000E+00
  182    30.0   180.0   .000E+00   .000E+00   .000E+00   .000E+00   .000E+00   .000E+00   .000E+00   .000E+00   .000E+00
  191    35.0   230.0   .000E+00   .000E+00   .000E+00   .000E+00   .000E+00   .000E+00   .000E+00   .000E+00   .000E+00   .000E+00
  201    35.0   180.0   .000E+00   .000E+00   .000E+00   .000E+00   .000E+00   .000E+00   .000E+00   .000E+00   .000E+00
  210    41.0   230.0   .000E+00   .000E+00   .000E+00   .000E+00   .000E+00   .000E+00   .000E+00   .000E+00   .000E+00   .000E+00
  220    41.0   180.0   .000E+00   .000E+00   .000E+00   .000E+00   .000E+00   .000E+00   .000E+00   .000E+00   .000E+00
  229    48.0   230.0   .000E+00   .000E+00   .000E+00   .000E+00   .000E+00   .000E+00   .000E+00   .000E+00   .000E+00   .000E+00
  239    48.0   180.0   .000E+00   .000E+00   .000E+00   .000E+00   .000E+00   .000E+00   .000E+00   .000E+00   .000E+00
  248    56.0   230.0   .000E+00   .000E+00   .000E+00   .000E+00   .000E+00   .000E+00   .000E+00   .000E+00   .000E+00   .000E+00
  258    56.0   180.0   .000E+00   .000E+00   .000E+00   .000E+00   .000E+00   .000E+00   .000E+00   .000E+00   .000E+00
  267    65.0   230.0   .000E+00   .000E+00   .000E+00   .000E+00   .000E+00   .000E+00   .000E+00   .000E+00   .000E+00   .000E+00
  277    65.0   180.0   .000E+00   .000E+00   .000E+00   .000E+00   .000E+00   .000E+00   .000E+00   .000E+00   .000E+00
  286    75.0   230.0   .000E+00   .000E+00   .000E+00   .000E+00   .000E+00   .000E+00   .000E+00   .000E+00   .000E+00   .000E+00
  296    75.0   180.0   .000E+00   .000E+00   .000E+00   .000E+00   .000E+00   .000E+00   .000E+00   .000E+00   .000E+00
  305    86.0   230.0   .000E+00   .000E+00   .000E+00   .000E+00   .000E+00   .000E+00   .000E+00   .000E+00   .000E+00   .000E+00
  315    86.0   180.0   .000E+00   .000E+00   .000E+00   .000E+00   .000E+00   .000E+00   .000E+00   .000E+00   .000E+00
  324    98.0   230.0   .000E+00   .000E+00   .000E+00   .000E+00   .000E+00   .000E+00   .000E+00   .000E+00   .000E+00   .000E+00
  334    98.0   180.0   .000E+00   .000E+00   .000E+00   .000E+00   .000E+00   .000E+00   .000E+00   .000E+00   .000E+00
  343   111.0   230.0   .000E+00   .000E+00   .000E+00   .000E+00   .000E+00   .000E+00   .000E+00   .000E+00   .000E+00   .000E+00
  353   111.0   180.0   .000E+00   .000E+00   .000E+00   .000E+00   .000E+00   .000E+00   .000E+00   .000E+00   .000E+00
  362   125.0   230.0   .000E+00   .000E+00   .000E+00   .000E+00   .000E+00   .000E+00   .000E+00   .000E+00   .000E+00   .000E+00
  372   125.0   180.0   .000E+00   .000E+00   .000E+00   .000E+00   .000E+00   .000E+00   .000E+00   .000E+00   .000E+00


 Time  ***    720.0000 ***

    n    x(n)   z(n)       Q(n)      Q(n+1) ...

    1      .0   230.0   .535E+00   .000E+00   .000E+00   .000E+00   .000E+00   .000E+00   .000E+00   .000E+00   .000E+00   .000E+00
   11      .0   180.0   .000E+00   .000E+00   .000E+00   .000E+00   .000E+00   .000E+00   .000E+00   .000E+00   .000E+00
   20     5.0   230.0   .316E+01   .000E+00   .000E+00   .000E+00   .000E+00   .000E+00   .000E+00   .000E+00   .000E+00   .000E+00
   30     5.0   180.0   .000E+00   .000E+00   .000E+00   .000E+00   .000E+00   .000E+00   .000E+00   .000E+00   .000E+00
   39    10.0   230.0   .557E+01   .000E+00   .000E+00   .000E+00   .000E+00   .000E+00   .000E+00   .000E+00   .000E+00   .000E+00
   49    10.0   180.0   .000E+00   .000E+00   .000E+00   .000E+00   .000E+00   .000E+00   .000E+00   .000E+00   .000E+00
   58    14.0   230.0   .692E+01   .000E+00   .000E+00   .000E+00   .000E+00   .000E+00   .000E+00   .000E+00   .000E+00   .000E+00
   68    14.0   180.0   .000E+00   .000E+00   .000E+00   .000E+00   .000E+00   .000E+00   .000E+00   .000E+00   .000E+00
   77    17.0   230.0   .115E+02   .000E+00   .000E+00   .000E+00   .000E+00   .000E+00   .000E+00   .000E+00   .000E+00   .000E+00
   87    17.0   180.0   .000E+00   .000E+00   .000E+00   .000E+00   .000E+00   .000E+00   .000E+00   .000E+00   .000E+00
   96    19.0   230.0   .000E+00   .000E+00   .000E+00   .000E+00   .000E+00   .000E+00   .000E+00   .000E+00   .000E+00   .000E+00
  106    19.0   180.0   .000E+00   .000E+00   .000E+00   .000E+00   .000E+00   .000E+00   .000E+00   .000E+00   .000E+00
  115    21.0   230.0   .000E+00   .000E+00   .000E+00   .000E+00   .000E+00   .000E+00   .000E+00   .000E+00   .000E+00   .000E+00
  125    21.0   180.0   .000E+00   .000E+00   .000E+00   .000E+00   .000E+00   .000E+00   .000E+00   .000E+00   .000E+00
  134    23.0   230.0   .000E+00   .000E+00   .000E+00   .000E+00   .000E+00   .000E+00   .000E+00   .000E+00   .000E+00   .000E+00
  144    23.0   180.0   .000E+00   .000E+00   .000E+00   .000E+00   .000E+00   .000E+00   .000E+00   .000E+00   .000E+00
  153    26.0   230.0   .000E+00   .000E+00   .000E+00   .000E+00   .000E+00   .000E+00   .000E+00   .000E+00   .000E+00   .000E+00
  163    26.0   180.0   .000E+00   .000E+00   .000E+00   .000E+00   .000E+00   .000E+00   .000E+00   .000E+00   .000E+00
  172    30.0   230.0   .000E+00   .000E+00   .000E+00   .000E+00   .000E+00   .000E+00   .000E+00   .000E+00   .000E+00   .000E+00
  182    30.0   180.0   .000E+00   .000E+00   .000E+00   .000E+00   .000E+00   .000E+00   .000E+00   .000E+00   .000E+00
  191    35.0   230.0   .000E+00   .000E+00   .000E+00   .000E+00   .000E+00   .000E+00   .000E+00   .000E+00   .000E+00   .000E+00
  201    35.0   180.0   .000E+00   .000E+00   .000E+00   .000E+00   .000E+00   .000E+00   .000E+00   .000E+00   .000E+00
  210    41.0   230.0   .000E+00   .000E+00   .000E+00   .000E+00   .000E+00   .000E+00   .000E+00   .000E+00   .000E+00   .000E+00
  220    41.0   180.0   .000E+00   .000E+00   .000E+00   .000E+00   .000E+00   .000E+00   .000E+00   .000E+00   .000E+00
  229    48.0   230.0   .000E+00   .000E+00   .000E+00   .000E+00   .000E+00   .000E+00   .000E+00   .000E+00   .000E+00   .000E+00
  239    48.0   180.0   .000E+00   .000E+00   .000E+00   .000E+00   .000E+00   .000E+00   .000E+00   .000E+00   .000E+00
  248    56.0   230.0   .000E+00   .000E+00   .000E+00   .000E+00   .000E+00   .000E+00   .000E+00   .000E+00   .000E+00   .000E+00
  258    56.0   180.0   .000E+00   .000E+00   .000E+00   .000E+00   .000E+00   .000E+00   .000E+00   .000E+00   .000E+00
  267    65.0   230.0   .000E+00   .000E+00   .000E+00   .000E+00   .000E+00   .000E+00   .000E+00   .000E+00   .000E+00   .000E+00
  277    65.0   180.0   .000E+00   .000E+00   .000E+00   .000E+00   .000E+00   .000E+00   .000E+00   .000E+00   .000E+00
  286    75.0   230.0   .000E+00   .000E+00   .000E+00   .000E+00   .000E+00   .000E+00   .000E+00   .000E+00   .000E+00   .000E+00
  296    75.0   180.0   .000E+00   .000E+00   .000E+00   .000E+00   .000E+00   .000E+00   .000E+00   .000E+00   .000E+00
  305    86.0   230.0   .000E+00   .000E+00   .000E+00   .000E+00   .000E+00   .000E+00   .000E+00   .000E+00   .000E+00   .000E+00
  315    86.0   180.0   .000E+00   .000E+00   .000E+00   .000E+00   .000E+00   .000E+00   .000E+00   .000E+00   .000E+00
  324    98.0   230.0   .000E+00   .000E+00   .000E+00   .000E+00   .000E+00   .000E+00   .000E+00   .000E+00   .000E+00   .000E+00
  334    98.0   180.0   .000E+00   .000E+00   .000E+00   .000E+00   .000E+00   .000E+00   .000E+00   .000E+00   .000E+00
  343   111.0   230.0   .000E+00   .000E+00   .000E+00   .000E+00   .000E+00   .000E+00   .000E+00   .000E+00   .000E+00   .000E+00
  353   111.0   180.0   .000E+00   .000E+00   .000E+00   .000E+00   .000E+00   .000E+00   .000E+00   .000E+00   .000E+00
  362   125.0   230.0   .000E+00   .000E+00   .000E+00   .000E+00   .000E+00   .000E+00   .000E+00   .000E+00   .000E+00   .000E+00
  372   125.0   180.0   .000E+00   .000E+00   .000E+00   .000E+00   .000E+00   .000E+00   .000E+00   .000E+00   .000E+00


 Time  ***   1440.0000 ***

    n    x(n)   z(n)       Q(n)      Q(n+1) ...

    1      .0   230.0   .535E+00   .000E+00   .000E+00   .000E+00   .000E+00   .000E+00   .000E+00   .000E+00   .000E+00   .000E+00
   11      .0   180.0   .000E+00   .000E+00   .000E+00   .000E+00   .000E+00   .000E+00   .000E+00   .000E+00   .000E+00
   20     5.0   230.0   .317E+01   .000E+00   .000E+00   .000E+00   .000E+00   .000E+00   .000E+00   .000E+00   .000E+00   .000E+00
   30     5.0   180.0   .000E+00   .000E+00   .000E+00   .000E+00   .000E+00   .000E+00   .000E+00   .000E+00   .000E+00
   39    10.0   230.0   .556E+01   .000E+00   .000E+00   .000E+00   .000E+00   .000E+00   .000E+00   .000E+00   .000E+00   .000E+00
   49    10.0   180.0   .000E+00   .000E+00   .000E+00   .000E+00   .000E+00   .000E+00   .000E+00   .000E+00   .000E+00
   58    14.0   230.0   .685E+01   .000E+00   .000E+00   .000E+00   .000E+00   .000E+00   .000E+00   .000E+00   .000E+00   .000E+00
   68    14.0   180.0   .000E+00   .000E+00   .000E+00   .000E+00   .000E+00   .000E+00   .000E+00   .000E+00   .000E+00
   77    17.0   230.0   .113E+02   .000E+00   .000E+00   .000E+00   .000E+00   .000E+00   .000E+00   .000E+00   .000E+00   .000E+00
   87    17.0   180.0   .000E+00   .000E+00   .000E+00   .000E+00   .000E+00   .000E+00   .000E+00   .000E+00   .000E+00
   96    19.0   230.0   .000E+00   .000E+00   .000E+00   .000E+00   .000E+00   .000E+00   .000E+00   .000E+00   .000E+00   .000E+00
  106    19.0   180.0   .000E+00   .000E+00   .000E+00   .000E+00   .000E+00   .000E+00   .000E+00   .000E+00   .000E+00
  115    21.0   230.0   .000E+00   .000E+00   .000E+00   .000E+00   .000E+00   .000E+00   .000E+00   .000E+00   .000E+00   .000E+00
  125    21.0   180.0   .000E+00   .000E+00   .000E+00   .000E+00   .000E+00   .000E+00   .000E+00   .000E+00   .000E+00
  134    23.0   230.0   .000E+00   .000E+00   .000E+00   .000E+00   .000E+00   .000E+00   .000E+00   .000E+00   .000E+00   .000E+00
  144    23.0   180.0   .000E+00   .000E+00   .000E+00   .000E+00   .000E+00   .000E+00   .000E+00   .000E+00   .000E+00
  153    26.0   230.0   .000E+00   .000E+00   .000E+00   .000E+00   .000E+00   .000E+00   .000E+00   .000E+00   .000E+00   .000E+00
  163    26.0   180.0   .000E+00   .000E+00   .000E+00   .000E+00   .000E+00   .000E+00   .000E+00   .000E+00   .000E+00
  172    30.0   230.0   .000E+00   .000E+00   .000E+00   .000E+00   .000E+00   .000E+00   .000E+00   .000E+00   .000E+00   .000E+00
  182    30.0   180.0   .000E+00   .000E+00   .000E+00   .000E+00   .000E+00   .000E+00   .000E+00   .000E+00   .000E+00
  191    35.0   230.0   .000E+00   .000E+00   .000E+00   .000E+00   .000E+00   .000E+00   .000E+00   .000E+00   .000E+00   .000E+00
  201    35.0   180.0   .000E+00   .000E+00   .000E+00   .000E+00   .000E+00   .000E+00   .000E+00   .000E+00   .000E+00
  210    41.0   230.0   .000E+00   .000E+00   .000E+00   .000E+00   .000E+00   .000E+00   .000E+00   .000E+00   .000E+00   .000E+00
  220    41.0   180.0   .000E+00   .000E+00   .000E+00   .000E+00   .000E+00   .000E+00   .000E+00   .000E+00   .000E+00
  229    48.0   230.0   .000E+00   .000E+00   .000E+00   .000E+00   .000E+00   .000E+00   .000E+00   .000E+00   .000E+00   .000E+00
  239    48.0   180.0   .000E+00   .000E+00   .000E+00   .000E+00   .000E+00   .000E+00   .000E+00   .000E+00   .000E+00
  248    56.0   230.0   .000E+00   .000E+00   .000E+00   .000E+00   .000E+00   .000E+00   .000E+00   .000E+00   .000E+00   .000E+00
  258    56.0   180.0   .000E+00   .000E+00   .000E+00   .000E+00   .000E+00   .000E+00   .000E+00   .000E+00   .000E+00
  267    65.0   230.0   .000E+00   .000E+00   .000E+00   .000E+00   .000E+00   .000E+00   .000E+00   .000E+00   .000E+00   .000E+00
  277    65.0   180.0   .000E+00   .000E+00   .000E+00   .000E+00   .000E+00   .000E+00   .000E+00   .000E+00   .000E+00
  286    75.0   230.0   .000E+00   .000E+00   .000E+00   .000E+00   .000E+00   .000E+00   .000E+00   .000E+00   .000E+00   .000E+00
  296    75.0   180.0   .000E+00   .000E+00   .000E+00   .000E+00   .000E+00   .000E+00   .000E+00   .000E+00   .000E+00
  305    86.0   230.0   .000E+00   .000E+00   .000E+00   .000E+00   .000E+00   .000E+00   .000E+00   .000E+00   .000E+00   .000E+00
  315    86.0   180.0   .000E+00   .000E+00   .000E+00   .000E+00   .000E+00   .000E+00   .000E+00   .000E+00   .000E+00
  324    98.0   230.0   .000E+00   .000E+00   .000E+00   .000E+00   .000E+00   .000E+00   .000E+00   .000E+00   .000E+00   .000E+00
  334    98.0   180.0   .000E+00   .000E+00   .000E+00   .000E+00   .000E+00   .000E+00   .000E+00   .000E+00   .000E+00
  343   111.0   230.0   .000E+00   .000E+00   .000E+00   .000E+00   .000E+00   .000E+00   .000E+00   .000E+00   .000E+00   .000E+00
  353   111.0   180.0   .000E+00   .000E+00   .000E+00   .000E+00   .000E+00   .000E+00   .000E+00   .000E+00   .000E+00
  362   125.0   230.0   .000E+00   .000E+00   .000E+00   .000E+00   .000E+00   .000E+00   .000E+00   .000E+00   .000E+00   .000E+00
  372   125.0   180.0   .000E+00   .000E+00   .000E+00   .000E+00   .000E+00   .000E+00   .000E+00   .000E+00   .000E+00


 Time  ***   2160.0000 ***

    n    x(n)   z(n)       Q(n)      Q(n+1) ...

    1      .0   230.0   .535E+00   .000E+00   .000E+00   .000E+00   .000E+00   .000E+00   .000E+00   .000E+00   .000E+00   .000E+00
   11      .0   180.0   .000E+00   .000E+00   .000E+00   .000E+00   .000E+00   .000E+00   .000E+00   .000E+00   .000E+00
   20     5.0   230.0   .318E+01   .000E+00   .000E+00   .000E+00   .000E+00   .000E+00   .000E+00   .000E+00   .000E+00   .000E+00
   30     5.0   180.0   .000E+00   .000E+00   .000E+00   .000E+00   .000E+00   .000E+00   .000E+00   .000E+00   .000E+00
   39    10.0   230.0   .555E+01   .000E+00   .000E+00   .000E+00   .000E+00   .000E+00   .000E+00   .000E+00   .000E+00   .000E+00
   49    10.0   180.0   .000E+00   .000E+00   .000E+00   .000E+00   .000E+00   .000E+00   .000E+00   .000E+00   .000E+00
   58    14.0   230.0   .683E+01   .000E+00   .000E+00   .000E+00   .000E+00   .000E+00   .000E+00   .000E+00   .000E+00   .000E+00
   68    14.0   180.0   .000E+00   .000E+00   .000E+00   .000E+00   .000E+00   .000E+00   .000E+00   .000E+00   .000E+00
   77    17.0   230.0   .113E+02   .000E+00   .000E+00   .000E+00   .000E+00   .000E+00   .000E+00   .000E+00   .000E+00   .000E+00
   87    17.0   180.0   .000E+00   .000E+00   .000E+00   .000E+00   .000E+00   .000E+00   .000E+00   .000E+00   .000E+00
   96    19.0   230.0   .000E+00   .000E+00   .000E+00   .000E+00   .000E+00   .000E+00   .000E+00   .000E+00   .000E+00   .000E+00
  106    19.0   180.0   .000E+00   .000E+00   .000E+00   .000E+00   .000E+00   .000E+00   .000E+00   .000E+00   .000E+00
  115    21.0   230.0   .000E+00   .000E+00   .000E+00   .000E+00   .000E+00   .000E+00   .000E+00   .000E+00   .000E+00   .000E+00
  125    21.0   180.0   .000E+00   .000E+00   .000E+00   .000E+00   .000E+00   .000E+00   .000E+00   .000E+00   .000E+00
  134    23.0   230.0   .000E+00   .000E+00   .000E+00   .000E+00   .000E+00   .000E+00   .000E+00   .000E+00   .000E+00   .000E+00
  144    23.0   180.0   .000E+00   .000E+00   .000E+00   .000E+00   .000E+00   .000E+00   .000E+00   .000E+00   .000E+00
  153    26.0   230.0   .000E+00   .000E+00   .000E+00   .000E+00   .000E+00   .000E+00   .000E+00   .000E+00   .000E+00   .000E+00
  163    26.0   180.0   .000E+00   .000E+00   .000E+00   .000E+00   .000E+00   .000E+00   .000E+00   .000E+00   .000E+00
  172    30.0   230.0   .000E+00   .000E+00   .000E+00   .000E+00   .000E+00   .000E+00   .000E+00   .000E+00   .000E+00   .000E+00
  182    30.0   180.0   .000E+00   .000E+00   .000E+00   .000E+00   .000E+00   .000E+00   .000E+00   .000E+00   .000E+00
  191    35.0   230.0   .000E+00   .000E+00   .000E+00   .000E+00   .000E+00   .000E+00   .000E+00   .000E+00   .000E+00   .000E+00
  201    35.0   180.0   .000E+00   .000E+00   .000E+00   .000E+00   .000E+00   .000E+00   .000E+00   .000E+00   .000E+00
  210    41.0   230.0   .000E+00   .000E+00   .000E+00   .000E+00   .000E+00   .000E+00   .000E+00   .000E+00   .000E+00   .000E+00
  220    41.0   180.0   .000E+00   .000E+00   .000E+00   .000E+00   .000E+00   .000E+00   .000E+00   .000E+00   .000E+00
  229    48.0   230.0   .000E+00   .000E+00   .000E+00   .000E+00   .000E+00   .000E+00   .000E+00   .000E+00   .000E+00   .000E+00
  239    48.0   180.0   .000E+00   .000E+00   .000E+00   .000E+00   .000E+00   .000E+00   .000E+00   .000E+00   .000E+00
  248    56.0   230.0   .000E+00   .000E+00   .000E+00   .000E+00   .000E+00   .000E+00   .000E+00   .000E+00   .000E+00   .000E+00
  258    56.0   180.0   .000E+00   .000E+00   .000E+00   .000E+00   .000E+00   .000E+00   .000E+00   .000E+00   .000E+00
  267    65.0   230.0   .000E+00   .000E+00   .000E+00   .000E+00   .000E+00   .000E+00   .000E+00   .000E+00   .000E+00   .000E+00
  277    65.0   180.0   .000E+00   .000E+00   .000E+00   .000E+00   .000E+00   .000E+00   .000E+00   .000E+00   .000E+00
  286    75.0   230.0   .000E+00   .000E+00   .000E+00   .000E+00   .000E+00   .000E+00   .000E+00   .000E+00   .000E+00   .000E+00
  296    75.0   180.0   .000E+00   .000E+00   .000E+00   .000E+00   .000E+00   .000E+00   .000E+00   .000E+00   .000E+00
  305    86.0   230.0   .000E+00   .000E+00   .000E+00   .000E+00   .000E+00   .000E+00   .000E+00   .000E+00   .000E+00   .000E+00
  315    86.0   180.0   .000E+00   .000E+00   .000E+00   .000E+00   .000E+00   .000E+00   .000E+00   .000E+00   .000E+00
  324    98.0   230.0   .000E+00   .000E+00   .000E+00   .000E+00   .000E+00   .000E+00   .000E+00   .000E+00   .000E+00   .000E+00
  334    98.0   180.0   .000E+00   .000E+00   .000E+00   .000E+00   .000E+00   .000E+00   .000E+00   .000E+00   .000E+00
  343   111.0   230.0   .000E+00   .000E+00   .000E+00   .000E+00   .000E+00   .000E+00   .000E+00   .000E+00   .000E+00   .000E+00
  353   111.0   180.0   .000E+00   .000E+00   .000E+00   .000E+00   .000E+00   .000E+00   .000E+00   .000E+00   .000E+00
  362   125.0   230.0   .000E+00   .000E+00   .000E+00   .000E+00   .000E+00   .000E+00   .000E+00   .000E+00   .000E+00   .000E+00
  372   125.0   180.0   .000E+00   .000E+00   .000E+00   .000E+00   .000E+00   .000E+00   .000E+00   .000E+00   .000E+00


 Time  ***   2880.0000 ***

    n    x(n)   z(n)       Q(n)      Q(n+1) ...

    1      .0   230.0   .535E+00   .000E+00   .000E+00   .000E+00   .000E+00   .000E+00   .000E+00   .000E+00   .000E+00   .000E+00
   11      .0   180.0   .000E+00   .000E+00   .000E+00   .000E+00   .000E+00   .000E+00   .000E+00   .000E+00   .000E+00
   20     5.0   230.0   .318E+01   .000E+00   .000E+00   .000E+00   .000E+00   .000E+00   .000E+00   .000E+00   .000E+00   .000E+00
   30     5.0   180.0   .000E+00   .000E+00   .000E+00   .000E+00   .000E+00   .000E+00   .000E+00   .000E+00   .000E+00
   39    10.0   230.0   .555E+01   .000E+00   .000E+00   .000E+00   .000E+00   .000E+00   .000E+00   .000E+00   .000E+00   .000E+00
   49    10.0   180.0   .000E+00   .000E+00   .000E+00   .000E+00   .000E+00   .000E+00   .000E+00   .000E+00   .000E+00
   58    14.0   230.0   .682E+01   .000E+00   .000E+00   .000E+00   .000E+00   .000E+00   .000E+00   .000E+00   .000E+00   .000E+00
   68    14.0   180.0   .000E+00   .000E+00   .000E+00   .000E+00   .000E+00   .000E+00   .000E+00   .000E+00   .000E+00
   77    17.0   230.0   .112E+02   .000E+00   .000E+00   .000E+00   .000E+00   .000E+00   .000E+00   .000E+00   .000E+00   .000E+00
   87    17.0   180.0   .000E+00   .000E+00   .000E+00   .000E+00   .000E+00   .000E+00   .000E+00   .000E+00   .000E+00
   96    19.0   230.0   .000E+00   .000E+00   .000E+00   .000E+00   .000E+00   .000E+00   .000E+00   .000E+00   .000E+00   .000E+00
  106    19.0   180.0   .000E+00   .000E+00   .000E+00   .000E+00   .000E+00   .000E+00   .000E+00   .000E+00   .000E+00
  115    21.0   230.0   .000E+00   .000E+00   .000E+00   .000E+00   .000E+00   .000E+00   .000E+00   .000E+00   .000E+00   .000E+00
  125    21.0   180.0   .000E+00   .000E+00   .000E+00   .000E+00   .000E+00   .000E+00   .000E+00   .000E+00   .000E+00
  134    23.0   230.0   .000E+00   .000E+00   .000E+00   .000E+00   .000E+00   .000E+00   .000E+00   .000E+00   .000E+00   .000E+00
  144    23.0   180.0   .000E+00   .000E+00   .000E+00   .000E+00   .000E+00   .000E+00   .000E+00   .000E+00   .000E+00
  153    26.0   230.0   .000E+00   .000E+00   .000E+00   .000E+00   .000E+00   .000E+00   .000E+00   .000E+00   .000E+00   .000E+00
  163    26.0   180.0   .000E+00   .000E+00   .000E+00   .000E+00   .000E+00   .000E+00   .000E+00   .000E+00   .000E+00
  172    30.0   230.0   .000E+00   .000E+00   .000E+00   .000E+00   .000E+00   .000E+00   .000E+00   .000E+00   .000E+00   .000E+00
  182    30.0   180.0   .000E+00   .000E+00   .000E+00   .000E+00   .000E+00   .000E+00   .000E+00   .000E+00   .000E+00
  191    35.0   230.0   .000E+00   .000E+00   .000E+00   .000E+00   .000E+00   .000E+00   .000E+00   .000E+00   .000E+00   .000E+00
  201    35.0   180.0   .000E+00   .000E+00   .000E+00   .000E+00   .000E+00   .000E+00   .000E+00   .000E+00   .000E+00
  210    41.0   230.0   .000E+00   .000E+00   .000E+00   .000E+00   .000E+00   .000E+00   .000E+00   .000E+00   .000E+00   .000E+00
  220    41.0   180.0   .000E+00   .000E+00   .000E+00   .000E+00   .000E+00   .000E+00   .000E+00   .000E+00   .000E+00
  229    48.0   230.0   .000E+00   .000E+00   .000E+00   .000E+00   .000E+00   .000E+00   .000E+00   .000E+00   .000E+00   .000E+00
  239    48.0   180.0   .000E+00   .000E+00   .000E+00   .000E+00   .000E+00   .000E+00   .000E+00   .000E+00   .000E+00
  248    56.0   230.0   .000E+00   .000E+00   .000E+00   .000E+00   .000E+00   .000E+00   .000E+00   .000E+00   .000E+00   .000E+00
  258    56.0   180.0   .000E+00   .000E+00   .000E+00   .000E+00   .000E+00   .000E+00   .000E+00   .000E+00   .000E+00
  267    65.0   230.0   .000E+00   .000E+00   .000E+00   .000E+00   .000E+00   .000E+00   .000E+00   .000E+00   .000E+00   .000E+00
  277    65.0   180.0   .000E+00   .000E+00   .000E+00   .000E+00   .000E+00   .000E+00   .000E+00   .000E+00   .000E+00
  286    75.0   230.0   .000E+00   .000E+00   .000E+00   .000E+00   .000E+00   .000E+00   .000E+00   .000E+00   .000E+00   .000E+00
  296    75.0   180.0   .000E+00   .000E+00   .000E+00   .000E+00   .000E+00   .000E+00   .000E+00   .000E+00   .000E+00
  305    86.0   230.0   .000E+00   .000E+00   .000E+00   .000E+00   .000E+00   .000E+00   .000E+00   .000E+00   .000E+00   .000E+00
  315    86.0   180.0   .000E+00   .000E+00   .000E+00   .000E+00   .000E+00   .000E+00   .000E+00   .000E+00   .000E+00
  324    98.0   230.0   .000E+00   .000E+00   .000E+00   .000E+00   .000E+00   .000E+00   .000E+00   .000E+00   .000E+00   .000E+00
  334    98.0   180.0   .000E+00   .000E+00   .000E+00   .000E+00   .000E+00   .000E+00   .000E+00   .000E+00   .000E+00
  343   111.0   230.0   .000E+00   .000E+00   .000E+00   .000E+00   .000E+00   .000E+00   .000E+00   .000E+00   .000E+00   .000E+00
  353   111.0   180.0   .000E+00   .000E+00   .000E+00   .000E+00   .000E+00   .000E+00   .000E+00   .000E+00   .000E+00
  362   125.0   230.0   .000E+00   .000E+00   .000E+00   .000E+00   .000E+00   .000E+00   .000E+00   .000E+00   .000E+00   .000E+00
  372   125.0   180.0   .000E+00   .000E+00   .000E+00   .000E+00   .000E+00   .000E+00   .000E+00   .000E+00   .000E+00


 Time  ***   4320.0000 ***

    n    x(n)   z(n)       Q(n)      Q(n+1) ...

    1      .0   230.0   .535E+00   .000E+00   .000E+00   .000E+00   .000E+00   .000E+00   .000E+00   .000E+00   .000E+00   .000E+00
   11      .0   180.0   .000E+00   .000E+00   .000E+00   .000E+00   .000E+00   .000E+00   .000E+00   .000E+00   .000E+00
   20     5.0   230.0   .318E+01   .000E+00   .000E+00   .000E+00   .000E+00   .000E+00   .000E+00   .000E+00   .000E+00   .000E+00
   30     5.0   180.0   .000E+00   .000E+00   .000E+00   .000E+00   .000E+00   .000E+00   .000E+00   .000E+00   .000E+00
   39    10.0   230.0   .555E+01   .000E+00   .000E+00   .000E+00   .000E+00   .000E+00   .000E+00   .000E+00   .000E+00   .000E+00
   49    10.0   180.0   .000E+00   .000E+00   .000E+00   .000E+00   .000E+00   .000E+00   .000E+00   .000E+00   .000E+00
   58    14.0   230.0   .680E+01   .000E+00   .000E+00   .000E+00   .000E+00   .000E+00   .000E+00   .000E+00   .000E+00   .000E+00
   68    14.0   180.0   .000E+00   .000E+00   .000E+00   .000E+00   .000E+00   .000E+00   .000E+00   .000E+00   .000E+00
   77    17.0   230.0   .112E+02   .000E+00   .000E+00   .000E+00   .000E+00   .000E+00   .000E+00   .000E+00   .000E+00   .000E+00
   87    17.0   180.0   .000E+00   .000E+00   .000E+00   .000E+00   .000E+00   .000E+00   .000E+00   .000E+00   .000E+00
   96    19.0   230.0   .000E+00   .000E+00   .000E+00   .000E+00   .000E+00   .000E+00   .000E+00   .000E+00   .000E+00   .000E+00
  106    19.0   180.0   .000E+00   .000E+00   .000E+00   .000E+00   .000E+00   .000E+00   .000E+00   .000E+00   .000E+00
  115    21.0   230.0   .000E+00   .000E+00   .000E+00   .000E+00   .000E+00   .000E+00   .000E+00   .000E+00   .000E+00   .000E+00
  125    21.0   180.0   .000E+00   .000E+00   .000E+00   .000E+00   .000E+00   .000E+00   .000E+00   .000E+00   .000E+00
  134    23.0   230.0   .000E+00   .000E+00   .000E+00   .000E+00   .000E+00   .000E+00   .000E+00   .000E+00   .000E+00   .000E+00
  144    23.0   180.0   .000E+00   .000E+00   .000E+00   .000E+00   .000E+00   .000E+00   .000E+00   .000E+00   .000E+00
  153    26.0   230.0   .000E+00   .000E+00   .000E+00   .000E+00   .000E+00   .000E+00   .000E+00   .000E+00   .000E+00   .000E+00
  163    26.0   180.0   .000E+00   .000E+00   .000E+00   .000E+00   .000E+00   .000E+00   .000E+00   .000E+00   .000E+00
  172    30.0   230.0   .000E+00   .000E+00   .000E+00   .000E+00   .000E+00   .000E+00   .000E+00   .000E+00   .000E+00   .000E+00
  182    30.0   180.0   .000E+00   .000E+00   .000E+00   .000E+00   .000E+00   .000E+00   .000E+00   .000E+00   .000E+00
  191    35.0   230.0   .000E+00   .000E+00   .000E+00   .000E+00   .000E+00   .000E+00   .000E+00   .000E+00   .000E+00   .000E+00
  201    35.0   180.0   .000E+00   .000E+00   .000E+00   .000E+00   .000E+00   .000E+00   .000E+00   .000E+00   .000E+00
  210    41.0   230.0   .000E+00   .000E+00   .000E+00   .000E+00   .000E+00   .000E+00   .000E+00   .000E+00   .000E+00   .000E+00
  220    41.0   180.0   .000E+00   .000E+00   .000E+00   .000E+00   .000E+00   .000E+00   .000E+00   .000E+00   .000E+00
  229    48.0   230.0   .000E+00   .000E+00   .000E+00   .000E+00   .000E+00   .000E+00   .000E+00   .000E+00   .000E+00   .000E+00
  239    48.0   180.0   .000E+00   .000E+00   .000E+00   .000E+00   .000E+00   .000E+00   .000E+00   .000E+00   .000E+00
  248    56.0   230.0   .000E+00   .000E+00   .000E+00   .000E+00   .000E+00   .000E+00   .000E+00   .000E+00   .000E+00   .000E+00
  258    56.0   180.0   .000E+00   .000E+00   .000E+00   .000E+00   .000E+00   .000E+00   .000E+00   .000E+00   .000E+00
  267    65.0   230.0   .000E+00   .000E+00   .000E+00   .000E+00   .000E+00   .000E+00   .000E+00   .000E+00   .000E+00   .000E+00
  277    65.0   180.0   .000E+00   .000E+00   .000E+00   .000E+00   .000E+00   .000E+00   .000E+00   .000E+00   .000E+00
  286    75.0   230.0   .000E+00   .000E+00   .000E+00   .000E+00   .000E+00   .000E+00   .000E+00   .000E+00   .000E+00   .000E+00
  296    75.0   180.0   .000E+00   .000E+00   .000E+00   .000E+00   .000E+00   .000E+00   .000E+00   .000E+00   .000E+00
  305    86.0   230.0   .000E+00   .000E+00   .000E+00   .000E+00   .000E+00   .000E+00   .000E+00   .000E+00   .000E+00   .000E+00
  315    86.0   180.0   .000E+00   .000E+00   .000E+00   .000E+00   .000E+00   .000E+00   .000E+00   .000E+00   .000E+00
  324    98.0   230.0   .000E+00   .000E+00   .000E+00   .000E+00   .000E+00   .000E+00   .000E+00   .000E+00   .000E+00   .000E+00
  334    98.0   180.0   .000E+00   .000E+00   .000E+00   .000E+00   .000E+00   .000E+00   .000E+00   .000E+00   .000E+00
  343   111.0   230.0   .000E+00   .000E+00   .000E+00   .000E+00   .000E+00   .000E+00   .000E+00   .000E+00   .000E+00   .000E+00
  353   111.0   180.0   .000E+00   .000E+00   .000E+00   .000E+00   .000E+00   .000E+00   .000E+00   .000E+00   .000E+00
  362   125.0   230.0   .000E+00   .000E+00   .000E+00   .000E+00   .000E+00   .000E+00   .000E+00   .000E+00   .000E+00   .000E+00
  372   125.0   180.0   .000E+00   .000E+00   .000E+00   .000E+00   .000E+00   .000E+00   .000E+00   .000E+00   .000E+00


 Time  ***   5760.0000 ***

    n    x(n)   z(n)       Q(n)      Q(n+1) ...

    1      .0   230.0   .535E+00   .000E+00   .000E+00   .000E+00   .000E+00   .000E+00   .000E+00   .000E+00   .000E+00   .000E+00
   11      .0   180.0   .000E+00   .000E+00   .000E+00   .000E+00   .000E+00   .000E+00   .000E+00   .000E+00   .000E+00
   20     5.0   230.0   .318E+01   .000E+00   .000E+00   .000E+00   .000E+00   .000E+00   .000E+00   .000E+00   .000E+00   .000E+00
   30     5.0   180.0   .000E+00   .000E+00   .000E+00   .000E+00   .000E+00   .000E+00   .000E+00   .000E+00   .000E+00
   39    10.0   230.0   .555E+01   .000E+00   .000E+00   .000E+00   .000E+00   .000E+00   .000E+00   .000E+00   .000E+00   .000E+00
   49    10.0   180.0   .000E+00   .000E+00   .000E+00   .000E+00   .000E+00   .000E+00   .000E+00   .000E+00   .000E+00
   58    14.0   230.0   .679E+01   .000E+00   .000E+00   .000E+00   .000E+00   .000E+00   .000E+00   .000E+00   .000E+00   .000E+00
   68    14.0   180.0   .000E+00   .000E+00   .000E+00   .000E+00   .000E+00   .000E+00   .000E+00   .000E+00   .000E+00
   77    17.0   230.0   .112E+02   .000E+00   .000E+00   .000E+00   .000E+00   .000E+00   .000E+00   .000E+00   .000E+00   .000E+00
   87    17.0   180.0   .000E+00   .000E+00   .000E+00   .000E+00   .000E+00   .000E+00   .000E+00   .000E+00   .000E+00
   96    19.0   230.0   .000E+00   .000E+00   .000E+00   .000E+00   .000E+00   .000E+00   .000E+00   .000E+00   .000E+00   .000E+00
  106    19.0   180.0   .000E+00   .000E+00   .000E+00   .000E+00   .000E+00   .000E+00   .000E+00   .000E+00   .000E+00
  115    21.0   230.0   .000E+00   .000E+00   .000E+00   .000E+00   .000E+00   .000E+00   .000E+00   .000E+00   .000E+00   .000E+00
  125    21.0   180.0   .000E+00   .000E+00   .000E+00   .000E+00   .000E+00   .000E+00   .000E+00   .000E+00   .000E+00
  134    23.0   230.0   .000E+00   .000E+00   .000E+00   .000E+00   .000E+00   .000E+00   .000E+00   .000E+00   .000E+00   .000E+00
  144    23.0   180.0   .000E+00   .000E+00   .000E+00   .000E+00   .000E+00   .000E+00   .000E+00   .000E+00   .000E+00
  153    26.0   230.0   .000E+00   .000E+00   .000E+00   .000E+00   .000E+00   .000E+00   .000E+00   .000E+00   .000E+00   .000E+00
  163    26.0   180.0   .000E+00   .000E+00   .000E+00   .000E+00   .000E+00   .000E+00   .000E+00   .000E+00   .000E+00
  172    30.0   230.0   .000E+00   .000E+00   .000E+00   .000E+00   .000E+00   .000E+00   .000E+00   .000E+00   .000E+00   .000E+00
  182    30.0   180.0   .000E+00   .000E+00   .000E+00   .000E+00   .000E+00   .000E+00   .000E+00   .000E+00   .000E+00
  191    35.0   230.0   .000E+00   .000E+00   .000E+00   .000E+00   .000E+00   .000E+00   .000E+00   .000E+00   .000E+00   .000E+00
  201    35.0   180.0   .000E+00   .000E+00   .000E+00   .000E+00   .000E+00   .000E+00   .000E+00   .000E+00   .000E+00
  210    41.0   230.0   .000E+00   .000E+00   .000E+00   .000E+00   .000E+00   .000E+00   .000E+00   .000E+00   .000E+00   .000E+00
  220    41.0   180.0   .000E+00   .000E+00   .000E+00   .000E+00   .000E+00   .000E+00   .000E+00   .000E+00   .000E+00
  229    48.0   230.0   .000E+00   .000E+00   .000E+00   .000E+00   .000E+00   .000E+00   .000E+00   .000E+00   .000E+00   .000E+00
  239    48.0   180.0   .000E+00   .000E+00   .000E+00   .000E+00   .000E+00   .000E+00   .000E+00   .000E+00   .000E+00
  248    56.0   230.0   .000E+00   .000E+00   .000E+00   .000E+00   .000E+00   .000E+00   .000E+00   .000E+00   .000E+00   .000E+00
  258    56.0   180.0   .000E+00   .000E+00   .000E+00   .000E+00   .000E+00   .000E+00   .000E+00   .000E+00   .000E+00
  267    65.0   230.0   .000E+00   .000E+00   .000E+00   .000E+00   .000E+00   .000E+00   .000E+00   .000E+00   .000E+00   .000E+00
  277    65.0   180.0   .000E+00   .000E+00   .000E+00   .000E+00   .000E+00   .000E+00   .000E+00   .000E+00   .000E+00
  286    75.0   230.0   .000E+00   .000E+00   .000E+00   .000E+00   .000E+00   .000E+00   .000E+00   .000E+00   .000E+00   .000E+00
  296    75.0   180.0   .000E+00   .000E+00   .000E+00   .000E+00   .000E+00   .000E+00   .000E+00   .000E+00   .000E+00
  305    86.0   230.0   .000E+00   .000E+00   .000E+00   .000E+00   .000E+00   .000E+00   .000E+00   .000E+00   .000E+00   .000E+00
  315    86.0   180.0   .000E+00   .000E+00   .000E+00   .000E+00   .000E+00   .000E+00   .000E+00   .000E+00   .000E+00
  324    98.0   230.0   .000E+00   .000E+00   .000E+00   .000E+00   .000E+00   .000E+00   .000E+00   .000E+00   .000E+00   .000E+00
  334    98.0   180.0   .000E+00   .000E+00   .000E+00   .000E+00   .000E+00   .000E+00   .000E+00   .000E+00   .000E+00
  343   111.0   230.0   .000E+00   .000E+00   .000E+00   .000E+00   .000E+00   .000E+00   .000E+00   .000E+00   .000E+00   .000E+00
  353   111.0   180.0   .000E+00   .000E+00   .000E+00   .000E+00   .000E+00   .000E+00   .000E+00   .000E+00   .000E+00
  362   125.0   230.0   .000E+00   .000E+00   .000E+00   .000E+00   .000E+00   .000E+00   .000E+00   .000E+00   .000E+00   .000E+00
  372   125.0   180.0   .000E+00   .000E+00   .000E+00   .000E+00   .000E+00   .000E+00   .000E+00   .000E+00   .000E+00


 Time  ***   7200.0000 ***

    n    x(n)   z(n)       Q(n)      Q(n+1) ...

    1      .0   230.0   .531E+00   .000E+00   .000E+00   .000E+00   .000E+00   .000E+00   .000E+00   .000E+00   .000E+00   .000E+00
   11      .0   180.0   .000E+00   .000E+00   .000E+00   .000E+00   .000E+00   .000E+00   .000E+00   .000E+00   .000E+00
   20     5.0   230.0   .316E+01   .000E+00   .000E+00   .000E+00   .000E+00   .000E+00   .000E+00   .000E+00   .000E+00   .000E+00
   30     5.0   180.0   .000E+00   .000E+00   .000E+00   .000E+00   .000E+00   .000E+00   .000E+00   .000E+00   .000E+00
   39    10.0   230.0   .554E+01   .000E+00   .000E+00   .000E+00   .000E+00   .000E+00   .000E+00   .000E+00   .000E+00   .000E+00
   49    10.0   180.0   .000E+00   .000E+00   .000E+00   .000E+00   .000E+00   .000E+00   .000E+00   .000E+00   .000E+00
   58    14.0   230.0   .677E+01   .000E+00   .000E+00   .000E+00   .000E+00   .000E+00   .000E+00   .000E+00   .000E+00   .000E+00
   68    14.0   180.0   .000E+00   .000E+00   .000E+00   .000E+00   .000E+00   .000E+00   .000E+00   .000E+00   .000E+00
   77    17.0   230.0   .111E+02   .000E+00   .000E+00   .000E+00   .000E+00   .000E+00   .000E+00   .000E+00   .000E+00   .000E+00
   87    17.0   180.0   .000E+00   .000E+00   .000E+00   .000E+00   .000E+00   .000E+00   .000E+00   .000E+00   .000E+00
   96    19.0   230.0   .000E+00   .000E+00   .000E+00   .000E+00   .000E+00   .000E+00   .000E+00   .000E+00   .000E+00   .000E+00
  106    19.0   180.0   .000E+00   .000E+00   .000E+00   .000E+00   .000E+00   .000E+00   .000E+00   .000E+00   .000E+00
  115    21.0   230.0   .000E+00   .000E+00   .000E+00   .000E+00   .000E+00   .000E+00   .000E+00   .000E+00   .000E+00   .000E+00
  125    21.0   180.0   .000E+00   .000E+00   .000E+00   .000E+00   .000E+00   .000E+00   .000E+00   .000E+00   .000E+00
  134    23.0   230.0   .000E+00   .000E+00   .000E+00   .000E+00   .000E+00   .000E+00   .000E+00   .000E+00   .000E+00   .000E+00
  144    23.0   180.0   .000E+00   .000E+00   .000E+00   .000E+00   .000E+00   .000E+00   .000E+00   .000E+00   .000E+00
  153    26.0   230.0   .000E+00   .000E+00   .000E+00   .000E+00   .000E+00   .000E+00   .000E+00   .000E+00   .000E+00   .000E+00
  163    26.0   180.0   .000E+00   .000E+00   .000E+00   .000E+00   .000E+00   .000E+00   .000E+00   .000E+00   .000E+00
  172    30.0   230.0   .000E+00   .000E+00   .000E+00   .000E+00   .000E+00   .000E+00   .000E+00   .000E+00   .000E+00   .000E+00
  182    30.0   180.0   .000E+00   .000E+00   .000E+00   .000E+00   .000E+00   .000E+00   .000E+00   .000E+00   .000E+00
  191    35.0   230.0   .000E+00   .000E+00   .000E+00   .000E+00   .000E+00   .000E+00   .000E+00   .000E+00   .000E+00   .000E+00
  201    35.0   180.0   .000E+00   .000E+00   .000E+00   .000E+00   .000E+00   .000E+00   .000E+00   .000E+00   .000E+00
  210    41.0   230.0   .000E+00   .000E+00   .000E+00   .000E+00   .000E+00   .000E+00   .000E+00   .000E+00   .000E+00   .000E+00
  220    41.0   180.0   .000E+00   .000E+00   .000E+00   .000E+00   .000E+00   .000E+00   .000E+00   .000E+00   .000E+00
  229    48.0   230.0   .000E+00   .000E+00   .000E+00   .000E+00   .000E+00   .000E+00   .000E+00   .000E+00   .000E+00   .000E+00
  239    48.0   180.0   .000E+00   .000E+00   .000E+00   .000E+00   .000E+00   .000E+00   .000E+00   .000E+00   .000E+00
  248    56.0   230.0   .000E+00   .000E+00   .000E+00   .000E+00   .000E+00   .000E+00   .000E+00   .000E+00   .000E+00   .000E+00
  258    56.0   180.0   .000E+00   .000E+00   .000E+00   .000E+00   .000E+00   .000E+00   .000E+00   .000E+00   .000E+00
  267    65.0   230.0   .000E+00   .000E+00   .000E+00   .000E+00   .000E+00   .000E+00   .000E+00   .000E+00   .000E+00   .000E+00
  277    65.0   180.0   .000E+00   .000E+00   .000E+00   .000E+00   .000E+00   .000E+00   .000E+00   .000E+00   .000E+00
  286    75.0   230.0   .000E+00   .000E+00   .000E+00   .000E+00   .000E+00   .000E+00   .000E+00   .000E+00   .000E+00   .000E+00
  296    75.0   180.0   .000E+00   .000E+00   .000E+00   .000E+00   .000E+00   .000E+00   .000E+00   .000E+00   .000E+00
  305    86.0   230.0   .000E+00   .000E+00   .000E+00   .000E+00   .000E+00   .000E+00   .000E+00   .000E+00   .000E+00   .000E+00
  315    86.0   180.0   .000E+00   .000E+00   .000E+00   .000E+00   .000E+00   .000E+00   .000E+00   .000E+00   .000E+00
  324    98.0   230.0   .000E+00   .000E+00   .000E+00   .000E+00   .000E+00   .000E+00   .000E+00   .000E+00   .000E+00   .000E+00
  334    98.0   180.0   .000E+00   .000E+00   .000E+00   .000E+00   .000E+00   .000E+00   .000E+00   .000E+00   .000E+00
  343   111.0   230.0   .000E+00   .000E+00   .000E+00   .000E+00   .000E+00   .000E+00   .000E+00   .000E+00   .000E+00   .000E+00
  353   111.0   180.0   .000E+00   .000E+00   .000E+00   .000E+00   .000E+00   .000E+00   .000E+00   .000E+00   .000E+00
  362   125.0   230.0   .000E+00   .000E+00   .000E+00   .000E+00   .000E+00   .000E+00   .000E+00   .000E+00   .000E+00   .000E+00
  372   125.0   180.0   .000E+00   .000E+00   .000E+00   .000E+00   .000E+00   .000E+00   .000E+00   .000E+00   .000E+00
