

 TLevel   Time         dt      Iter  ItCum  Peclet   Courant

    1    .100E+00    .100E+00    3     3     6.517      .106
    2    .233E+00    .133E+00    3     6     6.453      .105
    3    .410E+00    .177E+00    3     9     6.267      .103
    4    .645E+00    .236E+00    3    12     5.978      .100
    5    .958E+00    .312E+00    3    15     5.665      .097
    6    .137E+01    .416E+00    4    19     5.412      .098
    7    .179E+01    .416E+00    4    23     5.263      .081
    8    .221E+01    .416E+00    4    27     5.166      .071
    9    .262E+01    .416E+00    4    31     5.092      .065
   10    .304E+01    .416E+00    4    35     5.030      .060
   11    .345E+01    .416E+00    3    38     4.978      .056
   12    .401E+01    .554E+00    4    42     4.910      .069
   13    .456E+01    .554E+00    4    46     4.849      .065
   14    .512E+01    .554E+00    3    49     4.797      .061
   15    .585E+01    .732E+00    4    53     4.729      .076
   16    .658E+01    .732E+00    4    57     4.673      .073
   17    .731E+01    .732E+00    3    60     4.626      .070
   18    .829E+01    .976E+00    4    64     4.569      .089
   19    .926E+01    .976E+00    4    68     4.723      .086
   20    .102E+02    .976E+00    3    71     4.952      .083
   21    .115E+02    .131E+01    4    75     5.164      .106
   22    .129E+02    .131E+01    4    79     5.291      .102
   23    .142E+02    .131E+01    4    83     5.361      .099
   24    .155E+02    .131E+01    3    86     5.397      .096
   25    .172E+02    .171E+01    4    90     5.394      .121
   26    .189E+02    .171E+01    4    94     5.365      .117
   27    .206E+02    .171E+01    3    97     5.333      .114
   28    .229E+02    .232E+01    4   101     5.278      .149
   29    .252E+02    .232E+01    4   105     5.227      .144
   30    .276E+02    .232E+01    3   108     5.194      .141
   31    .305E+02    .295E+01    4   112     5.146      .174
   32    .335E+02    .295E+01    4   116     5.316      .169
   33    .364E+02    .295E+01    3   119     5.439      .166
   34    .403E+02    .393E+01    4   123     5.517      .214
   35    .443E+02    .393E+01    4   127     5.544      .209
   36    .482E+02    .393E+01    3   130     5.558      .205
   37    .541E+02    .590E+01    4   134     5.538      .298
   38    .600E+02    .590E+01    4   138     5.510      .291
   39    .655E+02    .545E+01    4   142     5.481      .263
   40    .709E+02    .545E+01    3   145     5.467      .259
   41    .782E+02    .727E+01    4   149     5.418      .337
   42    .855E+02    .727E+01    4   153     5.366      .331
   43    .927E+02    .727E+01    4   157     5.322      .325
   44    .100E+03    .727E+01    3   160     5.294      .321
   45    .110E+03    .100E+02    4   164     5.231      .432
   46    .120E+03    .100E+02    4   168     5.182      .425
   47    .130E+03    .100E+02    4   172     5.141      .419
   48    .140E+03    .100E+02    3   175     5.126      .415
   49    .153E+03    .133E+02    4   179     5.075      .543
   50    .167E+03    .133E+02    4   183     5.043      .536
   51    .180E+03    .133E+02    4   187     5.023      .529
   52    .193E+03    .129E+02    3   190     5.029      .507
   53    .210E+03    .167E+02    4   194     5.001      .649
   54    .226E+03    .167E+02    4   198     4.994      .642
   55    .243E+03    .167E+02    3   201     5.005      .638
   56    .266E+03    .234E+02    4   205     4.975      .880
   57    .290E+03    .234E+02    4   209     5.117      .871
   58    .313E+03    .234E+02    4   213     5.327      .863
   59    .337E+03    .234E+02    3   216     5.499      .858
   60    .360E+03    .234E+02    3   219     5.652      .851
   61    .388E+03    .275E+02    3   222     5.782      .993
   62    .415E+03    .277E+02    3   225     5.891      .992
   63    .443E+03    .277E+02    3   228     5.964      .986
   64    .471E+03    .277E+02    3   231     6.026      .980
   65    .498E+03    .277E+02    3   234     6.075      .975
   66    .526E+03    .277E+02    3   237     6.110      .971
   67    .554E+03    .277E+02    2   239     6.135      .967
   68    .581E+03    .277E+02    2   241     6.181      .963
   69    .609E+03    .277E+02    2   243     6.251      .959
   70    .637E+03    .277E+02    2   245     6.389      .956
   71    .665E+03    .277E+02    2   247     6.508      .953
   72    .692E+03    .277E+02    2   249     6.610      .951
   73    .720E+03    .277E+02    2   251     6.698      .948
   74    .749E+03    .288E+02    2   253     6.774      .984
   75    .778E+03    .288E+02    2   255     6.844      .982
   76    .806E+03    .288E+02    2   257     6.904      .980
   77    .835E+03    .288E+02    2   259     6.955      .978
   78    .864E+03    .288E+02    2   261     7.009      .977
   79    .893E+03    .288E+02    2   263     7.059      .975
   80    .922E+03    .288E+02    2   265     7.103      .974
   81    .950E+03    .288E+02    2   267     7.140      .973
   82    .979E+03    .288E+02    2   269     7.173      .971
   83    .101E+04    .288E+02    2   271     7.202      .970
   84    .104E+04    .288E+02    2   273     7.228      .969
   85    .107E+04    .288E+02    2   275     7.250      .968
   86    .109E+04    .288E+02    2   277     7.271      .968
   87    .112E+04    .288E+02    2   279     7.289      .967
   88    .115E+04    .288E+02    2   281     7.305      .966
   89    .118E+04    .288E+02    2   283     7.319      .965
   90    .121E+04    .288E+02    2   285     7.332      .965
   91    .124E+04    .288E+02    2   287     7.343      .964
   92    .127E+04    .288E+02    2   289     7.354      .963
   93    .130E+04    .288E+02    2   291     7.363      .963
   94    .132E+04    .288E+02    2   293     7.372      .962
   95    .135E+04    .288E+02    2   295     7.380      .962
   96    .138E+04    .288E+02    2   297     7.387      .961
   97    .141E+04    .288E+02    2   299     7.394      .961
   98    .144E+04    .288E+02    2   301     7.401      .960
   99    .147E+04    .300E+02    2   303     7.407     1.000
  100    .150E+04    .300E+02    2   305     7.413      .999
  101    .153E+04    .300E+02    2   307     7.418      .999
  102    .156E+04    .300E+02    2   309     7.423      .999
  103    .159E+04    .300E+02    2   311     7.427      .998
  104    .162E+04    .300E+02    2   313     7.431      .998
  105    .165E+04    .300E+02    2   315     7.436      .997
  106    .168E+04    .300E+02    2   317     7.442      .997
  107    .171E+04    .300E+02    2   319     7.447      .997
  108    .174E+04    .300E+02    2   321     7.452      .996
  109    .177E+04    .300E+02    2   323     7.456      .996
  110    .180E+04    .300E+02    2   325     7.460      .996
  111    .183E+04    .300E+02    2   327     7.463      .996
  112    .186E+04    .300E+02    2   329     7.466      .995
  113    .189E+04    .300E+02    2   331     7.469      .995
  114    .192E+04    .300E+02    2   333     7.471      .995
  115    .195E+04    .300E+02    2   335     7.473      .995
  116    .198E+04    .300E+02    2   337     7.475      .994
  117    .201E+04    .300E+02    2   339     7.476      .994
  118    .204E+04    .300E+02    2   341     7.477      .994
  119    .207E+04    .300E+02    2   343     7.478      .994
  120    .210E+04    .300E+02    2   345     7.478      .994
  121    .213E+04    .300E+02    2   347     7.479      .993
  122    .216E+04    .300E+02    2   349     7.479      .993
  123    .219E+04    .300E+02    2   351     7.479      .993
  124    .222E+04    .300E+02    2   353     7.478      .993
  125    .225E+04    .300E+02    2   355     7.478      .993
  126    .228E+04    .300E+02    2   357     7.477      .992
  127    .231E+04    .300E+02    2   359     7.476      .992
  128    .234E+04    .300E+02    2   361     7.475      .992
  129    .237E+04    .300E+02    2   363     7.473      .992
  130    .240E+04    .300E+02    2   365     7.472      .992
  131    .243E+04    .300E+02    2   367     7.471      .992
  132    .246E+04    .300E+02    2   369     7.469      .992
  133    .249E+04    .300E+02    2   371     7.467      .991
  134    .252E+04    .300E+02    2   373     7.465      .991
  135    .255E+04    .300E+02    2   375     7.463      .991
  136    .258E+04    .300E+02    2   377     7.461      .991
  137    .261E+04    .300E+02    2   379     7.459      .991
  138    .264E+04    .300E+02    2   381     7.456      .991
  139    .267E+04    .300E+02    2   383     7.453      .991
  140    .270E+04    .300E+02    2   385     7.451      .991
  141    .273E+04    .300E+02    2   387     7.448      .990
  142    .276E+04    .300E+02    2   389     7.445      .990
  143    .279E+04    .300E+02    2   391     7.442      .990
  144    .282E+04    .300E+02    2   393     7.439      .990
  145    .285E+04    .300E+02    2   395     7.436      .990
  146    .288E+04    .300E+02    2   397     7.433      .990
  147    .291E+04    .300E+02    2   399     7.430      .990
  148    .294E+04    .300E+02    2   401     7.427      .990
  149    .297E+04    .300E+02    2   403     7.424      .990
  150    .300E+04    .300E+02    2   405     7.421      .990
  151    .303E+04    .300E+02    2   407     7.418      .989
  152    .306E+04    .300E+02    2   409     7.415      .989
  153    .309E+04    .300E+02    2   411     7.412      .989
  154    .312E+04    .300E+02    2   413     7.409      .989
  155    .315E+04    .300E+02    2   415     7.405      .989
  156    .318E+04    .300E+02    2   417     7.401      .989
  157    .321E+04    .300E+02    2   419     7.398      .989
  158    .324E+04    .300E+02    2   421     7.394      .989
  159    .327E+04    .300E+02    2   423     7.390      .989
  160    .330E+04    .300E+02    2   425     7.386      .989
  161    .333E+04    .300E+02    2   427     7.382      .989
  162    .336E+04    .300E+02    2   429     7.378      .988
  163    .339E+04    .300E+02    2   431     7.374      .988
  164    .342E+04    .300E+02    2   433     7.370      .988
  165    .345E+04    .300E+02    2   435     7.366      .988
  166    .348E+04    .300E+02    2   437     7.361      .988
  167    .351E+04    .300E+02    2   439     7.357      .988
  168    .354E+04    .300E+02    2   441     7.352      .988
  169    .357E+04    .300E+02    2   443     7.347      .988
  170    .360E+04    .300E+02    2   445     7.343      .988
  171    .363E+04    .300E+02    2   447     7.340      .988
  172    .366E+04    .300E+02    2   449     7.336      .988
  173    .369E+04    .300E+02    2   451     7.333      .988
  174    .372E+04    .300E+02    2   453     7.330      .988
  175    .375E+04    .300E+02    2   455     7.326      .987
  176    .378E+04    .300E+02    2   457     7.323      .987
  177    .381E+04    .300E+02    2   459     7.319      .987
  178    .384E+04    .300E+02    2   461     7.315      .987
  179    .387E+04    .300E+02    2   463     7.311      .987
  180    .390E+04    .300E+02    2   465     7.307      .987
  181    .393E+04    .300E+02    2   467     7.303      .987
  182    .396E+04    .300E+02    2   469     7.299      .987
  183    .399E+04    .300E+02    2   471     7.295      .987
  184    .402E+04    .300E+02    2   473     7.291      .987
  185    .405E+04    .300E+02    2   475     7.286      .987
  186    .408E+04    .300E+02    2   477     7.282      .987
  187    .411E+04    .300E+02    2   479     7.277      .987
  188    .414E+04    .300E+02    2   481     7.273      .986
  189    .417E+04    .300E+02    2   483     7.268      .986
  190    .420E+04    .300E+02    2   485     7.263      .986
  191    .423E+04    .300E+02    2   487     7.258      .986
  192    .426E+04    .300E+02    2   489     7.254      .986
  193    .429E+04    .300E+02    2   491     7.250      .986
  194    .432E+04    .300E+02    2   493     7.245      .986
  195    .435E+04    .304E+02    2   495     7.241     1.000
  196    .438E+04    .304E+02    2   497     7.236     1.000
  197    .441E+04    .304E+02    2   499     7.231     1.000
  198    .444E+04    .304E+02    2   501     7.226     1.000
  199    .447E+04    .304E+02    2   503     7.221     1.000
  200    .450E+04    .304E+02    2   505     7.216     1.000
  201    .453E+04    .304E+02    2   507     7.211     1.000
  202    .456E+04    .304E+02    2   509     7.205     1.000
  203    .459E+04    .304E+02    2   511     7.200     1.000
  204    .462E+04    .304E+02    2   513     7.195     1.000
  205    .465E+04    .304E+02    2   515     7.189     1.000
  206    .469E+04    .305E+02    2   517     7.184     1.000
  207    .472E+04    .305E+02    2   519     7.178     1.000
  208    .475E+04    .305E+02    2   521     7.172     1.000
  209    .478E+04    .305E+02    2   523     7.166     1.000
  210    .481E+04    .305E+02    2   525     7.160     1.000
  211    .484E+04    .305E+02    2   527     7.154     1.000
  212    .487E+04    .305E+02    2   529     7.148     1.000
  213    .490E+04    .305E+02    2   531     7.142     1.000
  214    .493E+04    .305E+02    2   533     7.136     1.000
  215    .496E+04    .305E+02    2   535     7.129     1.000
  216    .499E+04    .305E+02    2   537     7.123     1.000
  217    .502E+04    .305E+02    2   539     7.117     1.000
  218    .505E+04    .305E+02    2   541     7.110     1.000
  219    .508E+04    .305E+02    2   543     7.103     1.000
  220    .511E+04    .305E+02    2   545     7.097     1.000
  221    .514E+04    .305E+02    2   547     7.090     1.000
  222    .517E+04    .305E+02    2   549     7.083     1.000
  223    .520E+04    .305E+02    2   551     7.077     1.000
  224    .523E+04    .305E+02    2   553     7.072     1.000
  225    .526E+04    .305E+02    2   555     7.067     1.000
  226    .529E+04    .305E+02    2   557     7.063     1.000
  227    .533E+04    .305E+02    2   559     7.058     1.000
  228    .536E+04    .305E+02    2   561     7.053     1.000
  229    .539E+04    .305E+02    2   563     7.048     1.000
  230    .542E+04    .305E+02    2   565     7.043     1.000
  231    .545E+04    .305E+02    2   567     7.037     1.000
  232    .548E+04    .305E+02    2   569     7.032     1.000
  233    .551E+04    .305E+02    2   571     7.026     1.000
  234    .554E+04    .305E+02    2   573     7.020     1.000
  235    .557E+04    .305E+02    2   575     7.014     1.000
  236    .560E+04    .305E+02    2   577     7.008     1.000
  237    .563E+04    .305E+02    2   579     7.002     1.000
  238    .566E+04    .305E+02    2   581     6.996     1.000
  239    .569E+04    .305E+02    2   583     6.989     1.000
  240    .572E+04    .305E+02    2   585     6.983     1.000
  241    .574E+04    .189E+02    2   587     6.980      .620
  242    .576E+04    .189E+02    2   589     6.975      .620
  243    .579E+04    .305E+02    2   591     6.966     1.000
  244    .582E+04    .305E+02    2   593     6.960     1.000
  245    .585E+04    .306E+02    2   595     6.953     1.000
  246    .588E+04    .306E+02    2   597     6.946     1.000
  247    .591E+04    .306E+02    2   599     6.939     1.000
  248    .594E+04    .306E+02    2   601     6.931     1.000
  249    .597E+04    .306E+02    2   603     6.924     1.000
  250    .600E+04    .306E+02    2   605     6.917     1.000
  251    .604E+04    .306E+02    2   607     6.909     1.000
  252    .607E+04    .306E+02    2   609     6.901     1.000
  253    .610E+04    .306E+02    2   611     6.895     1.000
  254    .613E+04    .306E+02    2   613     6.888     1.000
  255    .616E+04    .306E+02    2   615     6.880     1.000
  256    .619E+04    .306E+02    2   617     6.873     1.000
  257    .622E+04    .306E+02    2   619     6.866     1.000
  258    .625E+04    .306E+02    2   621     6.858     1.000
  259    .628E+04    .306E+02    2   623     6.851     1.001
  260    .631E+04    .306E+02    2   625     6.843      .999
  261    .634E+04    .306E+02    2   627     6.838      .999
  262    .637E+04    .306E+02    2   629     6.833     1.003
  263    .640E+04    .305E+02    2   631     6.827      .996
  264    .643E+04    .307E+02    2   633     6.822     1.001
  265    .646E+04    .306E+02    2   635     6.816     1.002
  266    .649E+04    .306E+02    2   637     6.809      .996
  267    .652E+04    .307E+02    2   639     6.803     1.002
  268    .656E+04    .306E+02    2   641     6.797     1.002
  269    .659E+04    .306E+02    2   643     6.790      .996
  270    .662E+04    .307E+02    2   645     6.783     1.002
  271    .665E+04    .306E+02    2   647     6.777     1.002
  272    .668E+04    .306E+02    2   649     6.769      .996
  273    .671E+04    .307E+02    2   651     6.761     1.002
  274    .674E+04    .306E+02    2   653     6.754     1.002
  275    .677E+04    .306E+02    2   655     6.746      .996
  276    .680E+04    .307E+02    2   657     6.738     1.002
  277    .683E+04    .307E+02    2   659     6.730     1.002
  278    .686E+04    .306E+02    2   661     6.721      .996
  279    .689E+04    .307E+02    2   663     6.713     1.002
  280    .692E+04    .307E+02    2   665     6.704     1.002
  281    .695E+04    .306E+02    2   667     6.695      .996
  282    .698E+04    .307E+02    2   669     6.686     1.002
  283    .701E+04    .307E+02    2   671     6.678     1.002
  284    .705E+04    .306E+02    2   673     6.668      .996
  285    .708E+04    .307E+02    2   675     6.659     1.002
  286    .711E+04    .307E+02    2   677     6.650     1.001
  287    .714E+04    .306E+02    2   679     6.640      .996
  288    .717E+04    .308E+02    2   681     6.632     1.002
  289    .718E+04    .158E+02    2   683     6.631      .515
  290    .720E+04    .158E+02    2   685     6.627      .513
