 All solute fluxes (SMean) and cumulative solute fluxes (ChemS) are positive out of the region

     Time     CumCh0     CumCh1     CumChR   --------------------  ChemS(i),i=1,NumKD  ----------------------  ---------------------  SMean(j),j=1,NumKD ----------------------
      [T]    [VM/L3]    [VM/L3]    [VM/L3]                               [VM/L3]                                                           [VM/T/L3]

       .10   .000E+00   .000E+00   .000E+00  -.502E+03   .000E+00   .000E+00   .000E+00   .000E+00   .000E+00  -.502E+04   .000E+00   .000E+00   .000E+00   .000E+00   .000E+00
       .23   .000E+00   .196E-02   .000E+00  -.557E+03   .000E+00   .000E+00   .000E+00   .000E+00   .000E+00  -.415E+03   .000E+00   .000E+00   .000E+00   .000E+00   .000E+00
       .41   .000E+00   .479E-02   .000E+00  -.611E+03   .000E+00   .000E+00   .000E+00   .000E+00   .000E+00  -.303E+03   .000E+00   .000E+00   .000E+00   .000E+00   .000E+00
       .65   .000E+00   .888E-02   .000E+00  -.663E+03   .000E+00   .000E+00   .000E+00   .000E+00   .000E+00  -.222E+03   .000E+00   .000E+00   .000E+00   .000E+00   .000E+00
       .96   .000E+00   .147E-01   .000E+00  -.715E+03   .000E+00   .000E+00   .000E+00   .000E+00   .000E+00  -.167E+03   .000E+00   .000E+00   .000E+00   .000E+00   .000E+00
      1.37   .000E+00   .230E-01   .000E+00  -.770E+03   .000E+00   .000E+00   .000E+00   .000E+00   .000E+00  -.132E+03   .000E+00   .000E+00   .000E+00   .000E+00   .000E+00
      1.79   .000E+00   .319E-01   .000E+00  -.818E+03   .000E+00   .000E+00   .000E+00   .000E+00   .000E+00  -.113E+03   .000E+00   .000E+00   .000E+00   .000E+00   .000E+00
      2.21   .000E+00   .413E-01   .000E+00  -.860E+03   .000E+00   .000E+00   .000E+00   .000E+00   .000E+00  -.102E+03   .000E+00   .000E+00   .000E+00   .000E+00   .000E+00
      2.62   .000E+00   .511E-01   .000E+00  -.899E+03   .000E+00   .000E+00   .000E+00   .000E+00   .000E+00  -.938E+02   .000E+00   .000E+00   .000E+00   .000E+00   .000E+00
      3.04   .000E+00   .613E-01   .000E+00  -.935E+03   .000E+00   .000E+00   .000E+00   .000E+00   .000E+00  -.876E+02   .000E+00   .000E+00   .000E+00   .000E+00   .000E+00
      3.45   .000E+00   .720E-01   .000E+00  -.970E+03   .000E+00   .000E+00   .000E+00   .000E+00   .000E+00  -.826E+02   .000E+00   .000E+00   .000E+00   .000E+00   .000E+00
      4.01   .000E+00   .867E-01   .000E+00  -.101E+04   .000E+00   .000E+00   .000E+00   .000E+00   .000E+00  -.774E+02   .000E+00   .000E+00   .000E+00   .000E+00   .000E+00
      4.56   .000E+00   .102E+00   .000E+00  -.105E+04   .000E+00   .000E+00   .000E+00   .000E+00   .000E+00  -.733E+02   .000E+00   .000E+00   .000E+00   .000E+00   .000E+00
      5.12   .000E+00   .118E+00   .000E+00  -.109E+04   .000E+00   .000E+00   .000E+00   .000E+00   .000E+00  -.702E+02   .000E+00   .000E+00   .000E+00   .000E+00   .000E+00
      5.85   .000E+00   .140E+00   .000E+00  -.114E+04   .000E+00   .000E+00   .000E+00   .000E+00   .000E+00  -.668E+02   .000E+00   .000E+00   .000E+00   .000E+00   .000E+00
      6.58   .000E+00   .162E+00   .000E+00  -.119E+04   .000E+00   .000E+00   .000E+00   .000E+00   .000E+00  -.642E+02   .000E+00   .000E+00   .000E+00   .000E+00   .000E+00
      7.31   .000E+00   .186E+00   .000E+00  -.123E+04   .000E+00   .000E+00   .000E+00   .000E+00   .000E+00  -.621E+02   .000E+00   .000E+00   .000E+00   .000E+00   .000E+00
      8.29   .000E+00   .219E+00   .000E+00  -.129E+04   .000E+00   .000E+00   .000E+00   .000E+00   .000E+00  -.596E+02   .000E+00   .000E+00   .000E+00   .000E+00   .000E+00
      9.26   .000E+00   .253E+00   .000E+00  -.135E+04   .000E+00   .000E+00   .000E+00   .000E+00   .000E+00  -.575E+02   .000E+00   .000E+00   .000E+00   .000E+00   .000E+00
     10.24   .000E+00   .289E+00   .000E+00  -.140E+04   .000E+00   .000E+00   .000E+00   .000E+00   .000E+00  -.557E+02   .000E+00   .000E+00   .000E+00   .000E+00   .000E+00
     11.55   .000E+00   .338E+00   .000E+00  -.147E+04   .000E+00   .000E+00   .000E+00   .000E+00   .000E+00  -.535E+02   .000E+00   .000E+00   .000E+00   .000E+00   .000E+00
     12.86   .000E+00   .391E+00   .000E+00  -.154E+04   .000E+00   .000E+00   .000E+00   .000E+00   .000E+00  -.517E+02   .000E+00   .000E+00   .000E+00   .000E+00   .000E+00
     14.17   .000E+00   .445E+00   .000E+00  -.161E+04   .000E+00   .000E+00   .000E+00   .000E+00   .000E+00  -.501E+02   .000E+00   .000E+00   .000E+00   .000E+00   .000E+00
     15.48   .000E+00   .502E+00   .000E+00  -.167E+04   .000E+00   .000E+00   .000E+00   .000E+00   .000E+00  -.488E+02   .000E+00   .000E+00   .000E+00   .000E+00   .000E+00
     17.19   .000E+00   .580E+00   .000E+00  -.175E+04   .000E+00   .000E+00   .000E+00   .000E+00   .000E+00  -.473E+02   .000E+00   .000E+00   .000E+00   .000E+00   .000E+00
     18.90   .000E+00   .661E+00   .000E+00  -.183E+04   .000E+00   .000E+00   .000E+00   .000E+00   .000E+00  -.460E+02   .000E+00   .000E+00   .000E+00   .000E+00   .000E+00
     20.61   .000E+00   .746E+00   .000E+00  -.191E+04   .000E+00   .000E+00   .000E+00   .000E+00   .000E+00  -.450E+02   .000E+00   .000E+00   .000E+00   .000E+00   .000E+00
     22.93   .000E+00   .865E+00   .000E+00  -.201E+04   .000E+00   .000E+00   .000E+00   .000E+00   .000E+00  -.437E+02   .000E+00   .000E+00   .000E+00   .000E+00   .000E+00
     25.25   .000E+00   .991E+00   .000E+00  -.211E+04   .000E+00   .000E+00   .000E+00   .000E+00   .000E+00  -.427E+02   .000E+00   .000E+00   .000E+00   .000E+00   .000E+00
     27.56   .000E+00   .112E+01   .000E+00  -.220E+04   .000E+00   .000E+00   .000E+00   .000E+00   .000E+00  -.418E+02   .000E+00   .000E+00   .000E+00   .000E+00   .000E+00
     30.51   .000E+00   .130E+01   .000E+00  -.232E+04   .000E+00   .000E+00   .000E+00   .000E+00   .000E+00  -.407E+02   .000E+00   .000E+00   .000E+00   .000E+00   .000E+00
     33.46   .000E+00   .149E+01   .000E+00  -.244E+04   .000E+00   .000E+00   .000E+00   .000E+00   .000E+00  -.398E+02   .000E+00   .000E+00   .000E+00   .000E+00   .000E+00
     36.41   .000E+00   .168E+01   .000E+00  -.256E+04   .000E+00   .000E+00   .000E+00   .000E+00   .000E+00  -.391E+02   .000E+00   .000E+00   .000E+00   .000E+00   .000E+00
     40.34   .000E+00   .195E+01   .000E+00  -.271E+04   .000E+00   .000E+00   .000E+00   .000E+00   .000E+00  -.382E+02   .000E+00   .000E+00   .000E+00   .000E+00   .000E+00
     44.27   .000E+00   .224E+01   .000E+00  -.285E+04   .000E+00   .000E+00   .000E+00   .000E+00   .000E+00  -.374E+02   .000E+00   .000E+00   .000E+00   .000E+00   .000E+00
     48.21   .000E+00   .255E+01   .000E+00  -.300E+04   .000E+00   .000E+00   .000E+00   .000E+00   .000E+00  -.368E+02   .000E+00   .000E+00   .000E+00   .000E+00   .000E+00
     54.10   .000E+00   .303E+01   .000E+00  -.321E+04   .000E+00   .000E+00   .000E+00   .000E+00   .000E+00  -.360E+02   .000E+00   .000E+00   .000E+00   .000E+00   .000E+00
     60.00   .000E+00   .354E+01   .000E+00  -.342E+04   .000E+00   .000E+00   .000E+00   .000E+00   .000E+00  -.353E+02   .000E+00   .000E+00   .000E+00   .000E+00   .000E+00
     65.45   .000E+00   .405E+01   .000E+00  -.361E+04   .000E+00   .000E+00   .000E+00   .000E+00   .000E+00  -.347E+02   .000E+00   .000E+00   .000E+00   .000E+00   .000E+00
     70.91   .000E+00   .459E+01   .000E+00  -.380E+04   .000E+00   .000E+00   .000E+00   .000E+00   .000E+00  -.343E+02   .000E+00   .000E+00   .000E+00   .000E+00   .000E+00
     78.18   .000E+00   .534E+01   .000E+00  -.404E+04   .000E+00   .000E+00   .000E+00   .000E+00   .000E+00  -.337E+02   .000E+00   .000E+00   .000E+00   .000E+00   .000E+00
     85.45   .000E+00   .614E+01   .000E+00  -.428E+04   .000E+00   .000E+00   .000E+00   .000E+00   .000E+00  -.332E+02   .000E+00   .000E+00   .000E+00   .000E+00   .000E+00
     92.73   .000E+00   .699E+01   .000E+00  -.452E+04   .000E+00   .000E+00   .000E+00   .000E+00   .000E+00  -.328E+02   .000E+00   .000E+00   .000E+00   .000E+00   .000E+00
    100.00   .000E+00   .788E+01   .000E+00  -.476E+04   .000E+00   .000E+00   .000E+00   .000E+00   .000E+00  -.325E+02   .000E+00   .000E+00   .000E+00   .000E+00   .000E+00
    110.00   .000E+00   .918E+01   .000E+00  -.508E+04   .000E+00   .000E+00   .000E+00   .000E+00   .000E+00  -.320E+02   .000E+00   .000E+00   .000E+00   .000E+00   .000E+00
    120.00   .000E+00   .106E+02   .000E+00  -.539E+04   .000E+00   .000E+00   .000E+00   .000E+00   .000E+00  -.317E+02   .000E+00   .000E+00   .000E+00   .000E+00   .000E+00
    130.00   .000E+00   .120E+02   .000E+00  -.571E+04   .000E+00   .000E+00   .000E+00   .000E+00   .000E+00  -.314E+02   .000E+00   .000E+00   .000E+00   .000E+00   .000E+00
    140.00   .000E+00   .136E+02   .000E+00  -.602E+04   .000E+00   .000E+00   .000E+00   .000E+00   .000E+00  -.311E+02   .000E+00   .000E+00   .000E+00   .000E+00   .000E+00
    153.33   .000E+00   .158E+02   .000E+00  -.643E+04   .000E+00   .000E+00   .000E+00   .000E+00   .000E+00  -.308E+02   .000E+00   .000E+00   .000E+00   .000E+00   .000E+00
    166.67   .000E+00   .181E+02   .000E+00  -.684E+04   .000E+00   .000E+00   .000E+00   .000E+00   .000E+00  -.305E+02   .000E+00   .000E+00   .000E+00   .000E+00   .000E+00
    180.00   .000E+00   .206E+02   .000E+00  -.724E+04   .000E+00   .000E+00   .000E+00   .000E+00   .000E+00  -.303E+02   .000E+00   .000E+00   .000E+00   .000E+00   .000E+00
    192.86   .000E+00   .231E+02   .000E+00  -.763E+04   .000E+00   .000E+00   .000E+00   .000E+00   .000E+00  -.301E+02   .000E+00   .000E+00   .000E+00   .000E+00   .000E+00
    209.57   .000E+00   .266E+02   .000E+00  -.813E+04   .000E+00   .000E+00   .000E+00   .000E+00   .000E+00  -.298E+02   .000E+00   .000E+00   .000E+00   .000E+00   .000E+00
    226.29   .000E+00   .303E+02   .000E+00  -.862E+04   .000E+00   .000E+00   .000E+00   .000E+00   .000E+00  -.296E+02   .000E+00   .000E+00   .000E+00   .000E+00   .000E+00
    243.00   .000E+00   .343E+02   .000E+00  -.911E+04   .000E+00   .000E+00   .000E+00   .000E+00   .000E+00  -.295E+02   .000E+00   .000E+00   .000E+00   .000E+00   .000E+00
    266.40   .000E+00   .401E+02   .000E+00  -.980E+04   .000E+00   .000E+00   .000E+00   .000E+00   .000E+00  -.293E+02   .000E+00   .000E+00   .000E+00   .000E+00   .000E+00
    289.80   .000E+00   .463E+02   .000E+00  -.105E+05   .000E+00   .000E+00   .000E+00   .000E+00   .000E+00  -.291E+02   .000E+00   .000E+00   .000E+00   .000E+00   .000E+00
    313.20   .000E+00   .530E+02   .000E+00  -.112E+05   .000E+00   .000E+00   .000E+00   .000E+00   .000E+00  -.290E+02   .000E+00   .000E+00   .000E+00   .000E+00   .000E+00
    336.60   .000E+00   .601E+02   .000E+00  -.118E+05   .000E+00   .000E+00   .000E+00   .000E+00   .000E+00  -.290E+02   .000E+00   .000E+00   .000E+00   .000E+00   .000E+00
    360.00   .000E+00   .677E+02   .000E+00  -.125E+05   .000E+00   .000E+00   .000E+00   .000E+00   .000E+00  -.289E+02   .000E+00   .000E+00   .000E+00   .000E+00   .000E+00
    387.50   .000E+00   .770E+02   .000E+00  -.133E+05   .000E+00   .000E+00   .000E+00   .000E+00   .000E+00  -.287E+02   .000E+00   .000E+00   .000E+00   .000E+00   .000E+00
    415.20   .000E+00   .871E+02   .000E+00  -.141E+05   .000E+00   .000E+00   .000E+00   .000E+00   .000E+00  -.286E+02   .000E+00   .000E+00   .000E+00   .000E+00   .000E+00
    442.91   .000E+00   .977E+02   .000E+00  -.149E+05   .000E+00   .000E+00   .000E+00   .000E+00   .000E+00  -.285E+02   .000E+00   .000E+00   .000E+00   .000E+00   .000E+00
    470.62   .000E+00   .109E+03   .000E+00  -.157E+05   .000E+00   .000E+00   .000E+00   .000E+00   .000E+00  -.284E+02   .000E+00   .000E+00   .000E+00   .000E+00   .000E+00
    498.33   .000E+00   .121E+03   .000E+00  -.165E+05   .000E+00   .000E+00   .000E+00   .000E+00   .000E+00  -.283E+02   .000E+00   .000E+00   .000E+00   .000E+00   .000E+00
    526.04   .000E+00   .133E+03   .000E+00  -.172E+05   .000E+00   .000E+00   .000E+00   .000E+00   .000E+00  -.283E+02   .000E+00   .000E+00   .000E+00   .000E+00   .000E+00
    553.75   .000E+00   .146E+03   .000E+00  -.180E+05   .000E+00   .000E+00   .000E+00   .000E+00   .000E+00  -.279E+02   .000E+00   .000E+00   .000E+00   .000E+00   .000E+00
    581.46   .000E+00   .160E+03   .000E+00  -.188E+05   .000E+00   .000E+00   .000E+00   .000E+00   .000E+00  -.278E+02   .000E+00   .000E+00   .000E+00   .000E+00   .000E+00
    609.16   .000E+00   .174E+03   .000E+00  -.196E+05   .000E+00   .000E+00   .000E+00   .000E+00   .000E+00  -.278E+02   .000E+00   .000E+00   .000E+00   .000E+00   .000E+00
    636.87   .000E+00   .189E+03   .000E+00  -.203E+05   .000E+00   .000E+00   .000E+00   .000E+00   .000E+00  -.278E+02   .000E+00   .000E+00   .000E+00   .000E+00   .000E+00
    664.58   .000E+00   .204E+03   .000E+00  -.211E+05   .000E+00   .000E+00   .000E+00   .000E+00   .000E+00  -.278E+02   .000E+00   .000E+00   .000E+00   .000E+00   .000E+00
    692.29   .000E+00   .220E+03   .000E+00  -.219E+05   .000E+00   .000E+00   .000E+00   .000E+00   .000E+00  -.277E+02   .000E+00   .000E+00   .000E+00   .000E+00   .000E+00
    720.00   .000E+00   .236E+03   .000E+00  -.226E+05   .000E+00   .000E+00   .000E+00   .000E+00   .000E+00  -.277E+02   .000E+00   .000E+00   .000E+00   .000E+00   .000E+00
    748.80   .000E+00   .254E+03   .000E+00  -.234E+05   .000E+00   .000E+00   .000E+00   .000E+00   .000E+00  -.277E+02   .000E+00   .000E+00   .000E+00   .000E+00   .000E+00
    777.60   .000E+00   .272E+03   .000E+00  -.242E+05   .000E+00   .000E+00   .000E+00   .000E+00   .000E+00  -.277E+02   .000E+00   .000E+00   .000E+00   .000E+00   .000E+00
    806.40   .000E+00   .291E+03   .000E+00  -.250E+05   .000E+00   .000E+00   .000E+00   .000E+00   .000E+00  -.277E+02   .000E+00   .000E+00   .000E+00   .000E+00   .000E+00
    835.20   .000E+00   .311E+03   .000E+00  -.258E+05   .000E+00   .000E+00   .000E+00   .000E+00   .000E+00  -.276E+02   .000E+00   .000E+00   .000E+00   .000E+00   .000E+00
    864.00   .000E+00   .331E+03   .000E+00  -.266E+05   .000E+00   .000E+00   .000E+00   .000E+00   .000E+00  -.276E+02   .000E+00   .000E+00   .000E+00   .000E+00   .000E+00
    892.80   .000E+00   .352E+03   .000E+00  -.274E+05   .000E+00   .000E+00   .000E+00   .000E+00   .000E+00  -.276E+02   .000E+00   .000E+00   .000E+00   .000E+00   .000E+00
    921.60   .000E+00   .373E+03   .000E+00  -.282E+05   .000E+00   .000E+00   .000E+00   .000E+00   .000E+00  -.276E+02   .000E+00   .000E+00   .000E+00   .000E+00   .000E+00
    950.40   .000E+00   .395E+03   .000E+00  -.290E+05   .000E+00   .000E+00   .000E+00   .000E+00   .000E+00  -.276E+02   .000E+00   .000E+00   .000E+00   .000E+00   .000E+00
    979.20   .000E+00   .418E+03   .000E+00  -.298E+05   .000E+00   .000E+00   .000E+00   .000E+00   .000E+00  -.276E+02   .000E+00   .000E+00   .000E+00   .000E+00   .000E+00
   1008.00   .000E+00   .441E+03   .000E+00  -.306E+05   .000E+00   .000E+00   .000E+00   .000E+00   .000E+00  -.276E+02   .000E+00   .000E+00   .000E+00   .000E+00   .000E+00
   1036.80   .000E+00   .465E+03   .000E+00  -.314E+05   .000E+00   .000E+00   .000E+00   .000E+00   .000E+00  -.276E+02   .000E+00   .000E+00   .000E+00   .000E+00   .000E+00
   1065.60   .000E+00   .489E+03   .000E+00  -.322E+05   .000E+00   .000E+00   .000E+00   .000E+00   .000E+00  -.275E+02   .000E+00   .000E+00   .000E+00   .000E+00   .000E+00
   1094.40   .000E+00   .514E+03   .000E+00  -.330E+05   .000E+00   .000E+00   .000E+00   .000E+00   .000E+00  -.275E+02   .000E+00   .000E+00   .000E+00   .000E+00   .000E+00
   1123.20   .000E+00   .540E+03   .000E+00  -.338E+05   .000E+00   .000E+00   .000E+00   .000E+00   .000E+00  -.275E+02   .000E+00   .000E+00   .000E+00   .000E+00   .000E+00
   1152.00   .000E+00   .566E+03   .000E+00  -.346E+05   .000E+00   .000E+00   .000E+00   .000E+00   .000E+00  -.275E+02   .000E+00   .000E+00   .000E+00   .000E+00   .000E+00
   1180.80   .000E+00   .593E+03   .000E+00  -.353E+05   .000E+00   .000E+00   .000E+00   .000E+00   .000E+00  -.275E+02   .000E+00   .000E+00   .000E+00   .000E+00   .000E+00
   1209.60   .000E+00   .621E+03   .000E+00  -.361E+05   .000E+00   .000E+00   .000E+00   .000E+00   .000E+00  -.275E+02   .000E+00   .000E+00   .000E+00   .000E+00   .000E+00
   1238.40   .000E+00   .649E+03   .000E+00  -.369E+05   .000E+00   .000E+00   .000E+00   .000E+00   .000E+00  -.275E+02   .000E+00   .000E+00   .000E+00   .000E+00   .000E+00
   1267.20   .000E+00   .677E+03   .000E+00  -.377E+05   .000E+00   .000E+00   .000E+00   .000E+00   .000E+00  -.275E+02   .000E+00   .000E+00   .000E+00   .000E+00   .000E+00
   1296.00   .000E+00   .707E+03   .000E+00  -.385E+05   .000E+00   .000E+00   .000E+00   .000E+00   .000E+00  -.275E+02   .000E+00   .000E+00   .000E+00   .000E+00   .000E+00
   1324.80   .000E+00   .736E+03   .000E+00  -.393E+05   .000E+00   .000E+00   .000E+00   .000E+00   .000E+00  -.275E+02   .000E+00   .000E+00   .000E+00   .000E+00   .000E+00
   1353.60   .000E+00   .767E+03   .000E+00  -.401E+05   .000E+00   .000E+00   .000E+00   .000E+00   .000E+00  -.275E+02   .000E+00   .000E+00   .000E+00   .000E+00   .000E+00
   1382.40   .000E+00   .798E+03   .000E+00  -.409E+05   .000E+00   .000E+00   .000E+00   .000E+00   .000E+00  -.275E+02   .000E+00   .000E+00   .000E+00   .000E+00   .000E+00
   1411.20   .000E+00   .830E+03   .000E+00  -.417E+05   .000E+00   .000E+00   .000E+00   .000E+00   .000E+00  -.275E+02   .000E+00   .000E+00   .000E+00   .000E+00   .000E+00
   1440.00   .000E+00   .862E+03   .000E+00  -.425E+05   .000E+00   .000E+00   .000E+00   .000E+00   .000E+00  -.274E+02   .000E+00   .000E+00   .000E+00   .000E+00   .000E+00
   1469.99   .000E+00   .896E+03   .000E+00  -.433E+05   .000E+00   .000E+00   .000E+00   .000E+00   .000E+00  -.274E+02   .000E+00   .000E+00   .000E+00   .000E+00   .000E+00
   1499.99   .000E+00   .931E+03   .000E+00  -.441E+05   .000E+00   .000E+00   .000E+00   .000E+00   .000E+00  -.274E+02   .000E+00   .000E+00   .000E+00   .000E+00   .000E+00
   1529.99   .000E+00   .966E+03   .000E+00  -.449E+05   .000E+00   .000E+00   .000E+00   .000E+00   .000E+00  -.274E+02   .000E+00   .000E+00   .000E+00   .000E+00   .000E+00
   1559.99   .000E+00   .100E+04   .000E+00  -.458E+05   .000E+00   .000E+00   .000E+00   .000E+00   .000E+00  -.274E+02   .000E+00   .000E+00   .000E+00   .000E+00   .000E+00
   1589.99   .000E+00   .104E+04   .000E+00  -.466E+05   .000E+00   .000E+00   .000E+00   .000E+00   .000E+00  -.274E+02   .000E+00   .000E+00   .000E+00   .000E+00   .000E+00
   1619.99   .000E+00   .108E+04   .000E+00  -.474E+05   .000E+00   .000E+00   .000E+00   .000E+00   .000E+00  -.274E+02   .000E+00   .000E+00   .000E+00   .000E+00   .000E+00
   1649.99   .000E+00   .111E+04   .000E+00  -.482E+05   .000E+00   .000E+00   .000E+00   .000E+00   .000E+00  -.274E+02   .000E+00   .000E+00   .000E+00   .000E+00   .000E+00
   1680.00   .000E+00   .115E+04   .000E+00  -.490E+05   .000E+00   .000E+00   .000E+00   .000E+00   .000E+00  -.274E+02   .000E+00   .000E+00   .000E+00   .000E+00   .000E+00
   1710.00   .000E+00   .119E+04   .000E+00  -.499E+05   .000E+00   .000E+00   .000E+00   .000E+00   .000E+00  -.274E+02   .000E+00   .000E+00   .000E+00   .000E+00   .000E+00
   1740.00   .000E+00   .123E+04   .000E+00  -.507E+05   .000E+00   .000E+00   .000E+00   .000E+00   .000E+00  -.274E+02   .000E+00   .000E+00   .000E+00   .000E+00   .000E+00
   1770.00   .000E+00   .127E+04   .000E+00  -.515E+05   .000E+00   .000E+00   .000E+00   .000E+00   .000E+00  -.274E+02   .000E+00   .000E+00   .000E+00   .000E+00   .000E+00
   1800.00   .000E+00   .131E+04   .000E+00  -.523E+05   .000E+00   .000E+00   .000E+00   .000E+00   .000E+00  -.274E+02   .000E+00   .000E+00   .000E+00   .000E+00   .000E+00
   1830.00   .000E+00   .136E+04   .000E+00  -.532E+05   .000E+00   .000E+00   .000E+00   .000E+00   .000E+00  -.274E+02   .000E+00   .000E+00   .000E+00   .000E+00   .000E+00
   1860.00   .000E+00   .140E+04   .000E+00  -.540E+05   .000E+00   .000E+00   .000E+00   .000E+00   .000E+00  -.274E+02   .000E+00   .000E+00   .000E+00   .000E+00   .000E+00
   1890.00   .000E+00   .144E+04   .000E+00  -.548E+05   .000E+00   .000E+00   .000E+00   .000E+00   .000E+00  -.274E+02   .000E+00   .000E+00   .000E+00   .000E+00   .000E+00
   1920.00   .000E+00   .149E+04   .000E+00  -.556E+05   .000E+00   .000E+00   .000E+00   .000E+00   .000E+00  -.274E+02   .000E+00   .000E+00   .000E+00   .000E+00   .000E+00
   1950.00   .000E+00   .153E+04   .000E+00  -.564E+05   .000E+00   .000E+00   .000E+00   .000E+00   .000E+00  -.274E+02   .000E+00   .000E+00   .000E+00   .000E+00   .000E+00
   1980.00   .000E+00   .158E+04   .000E+00  -.573E+05   .000E+00   .000E+00   .000E+00   .000E+00   .000E+00  -.274E+02   .000E+00   .000E+00   .000E+00   .000E+00   .000E+00
   2010.00   .000E+00   .162E+04   .000E+00  -.581E+05   .000E+00   .000E+00   .000E+00   .000E+00   .000E+00  -.274E+02   .000E+00   .000E+00   .000E+00   .000E+00   .000E+00
   2040.00   .000E+00   .167E+04   .000E+00  -.589E+05   .000E+00   .000E+00   .000E+00   .000E+00   .000E+00  -.274E+02   .000E+00   .000E+00   .000E+00   .000E+00   .000E+00
   2070.00   .000E+00   .171E+04   .000E+00  -.597E+05   .000E+00   .000E+00   .000E+00   .000E+00   .000E+00  -.274E+02   .000E+00   .000E+00   .000E+00   .000E+00   .000E+00
   2100.00   .000E+00   .176E+04   .000E+00  -.606E+05   .000E+00   .000E+00   .000E+00   .000E+00   .000E+00  -.274E+02   .000E+00   .000E+00   .000E+00   .000E+00   .000E+00
   2130.00   .000E+00   .181E+04   .000E+00  -.614E+05   .000E+00   .000E+00   .000E+00   .000E+00   .000E+00  -.274E+02   .000E+00   .000E+00   .000E+00   .000E+00   .000E+00
   2160.00   .000E+00   .186E+04   .000E+00  -.622E+05   .000E+00   .000E+00   .000E+00   .000E+00   .000E+00  -.274E+02   .000E+00   .000E+00   .000E+00   .000E+00   .000E+00
   2190.00   .000E+00   .191E+04   .000E+00  -.630E+05   .000E+00   .000E+00   .000E+00   .000E+00   .000E+00  -.274E+02   .000E+00   .000E+00   .000E+00   .000E+00   .000E+00
   2220.00   .000E+00   .196E+04   .000E+00  -.638E+05   .000E+00   .000E+00   .000E+00   .000E+00   .000E+00  -.274E+02   .000E+00   .000E+00   .000E+00   .000E+00   .000E+00
   2250.00   .000E+00   .201E+04   .000E+00  -.647E+05   .000E+00   .000E+00   .000E+00   .000E+00   .000E+00  -.274E+02   .000E+00   .000E+00   .000E+00   .000E+00   .000E+00
   2280.00   .000E+00   .206E+04   .000E+00  -.655E+05   .000E+00   .000E+00   .000E+00   .000E+00   .000E+00  -.274E+02   .000E+00   .000E+00   .000E+00   .000E+00   .000E+00
   2310.00   .000E+00   .211E+04   .000E+00  -.663E+05   .000E+00   .000E+00   .000E+00   .000E+00   .000E+00  -.274E+02   .000E+00   .000E+00   .000E+00   .000E+00   .000E+00
   2340.00   .000E+00   .216E+04   .000E+00  -.671E+05   .000E+00   .000E+00   .000E+00   .000E+00   .000E+00  -.273E+02   .000E+00   .000E+00   .000E+00   .000E+00   .000E+00
   2370.00   .000E+00   .222E+04   .000E+00  -.679E+05   .000E+00   .000E+00   .000E+00   .000E+00   .000E+00  -.273E+02   .000E+00   .000E+00   .000E+00   .000E+00   .000E+00
   2400.00   .000E+00   .227E+04   .000E+00  -.688E+05   .000E+00   .000E+00   .000E+00   .000E+00   .000E+00  -.273E+02   .000E+00   .000E+00   .000E+00   .000E+00   .000E+00
   2430.00   .000E+00   .233E+04   .000E+00  -.696E+05   .000E+00   .000E+00   .000E+00   .000E+00   .000E+00  -.273E+02   .000E+00   .000E+00   .000E+00   .000E+00   .000E+00
   2460.00   .000E+00   .238E+04   .000E+00  -.704E+05   .000E+00   .000E+00   .000E+00   .000E+00   .000E+00  -.273E+02   .000E+00   .000E+00   .000E+00   .000E+00   .000E+00
   2490.00   .000E+00   .244E+04   .000E+00  -.712E+05   .000E+00   .000E+00   .000E+00   .000E+00   .000E+00  -.273E+02   .000E+00   .000E+00   .000E+00   .000E+00   .000E+00
   2520.00   .000E+00   .249E+04   .000E+00  -.720E+05   .000E+00   .000E+00   .000E+00   .000E+00   .000E+00  -.273E+02   .000E+00   .000E+00   .000E+00   .000E+00   .000E+00
   2550.00   .000E+00   .255E+04   .000E+00  -.729E+05   .000E+00   .000E+00   .000E+00   .000E+00   .000E+00  -.273E+02   .000E+00   .000E+00   .000E+00   .000E+00   .000E+00
   2580.00   .000E+00   .261E+04   .000E+00  -.737E+05   .000E+00   .000E+00   .000E+00   .000E+00   .000E+00  -.273E+02   .000E+00   .000E+00   .000E+00   .000E+00   .000E+00
   2610.00   .000E+00   .267E+04   .000E+00  -.745E+05   .000E+00   .000E+00   .000E+00   .000E+00   .000E+00  -.273E+02   .000E+00   .000E+00   .000E+00   .000E+00   .000E+00
   2640.00   .000E+00   .272E+04   .000E+00  -.753E+05   .000E+00   .000E+00   .000E+00   .000E+00   .000E+00  -.273E+02   .000E+00   .000E+00   .000E+00   .000E+00   .000E+00
   2670.00   .000E+00   .278E+04   .000E+00  -.761E+05   .000E+00   .000E+00   .000E+00   .000E+00   .000E+00  -.273E+02   .000E+00   .000E+00   .000E+00   .000E+00   .000E+00
   2700.00   .000E+00   .284E+04   .000E+00  -.770E+05   .000E+00   .000E+00   .000E+00   .000E+00   .000E+00  -.273E+02   .000E+00   .000E+00   .000E+00   .000E+00   .000E+00
   2730.00   .000E+00   .290E+04   .000E+00  -.778E+05   .000E+00   .000E+00   .000E+00   .000E+00   .000E+00  -.273E+02   .000E+00   .000E+00   .000E+00   .000E+00   .000E+00
   2760.00   .000E+00   .297E+04   .000E+00  -.786E+05   .000E+00   .000E+00   .000E+00   .000E+00   .000E+00  -.273E+02   .000E+00   .000E+00   .000E+00   .000E+00   .000E+00
   2790.00   .000E+00   .303E+04   .000E+00  -.794E+05   .000E+00   .000E+00   .000E+00   .000E+00   .000E+00  -.273E+02   .000E+00   .000E+00   .000E+00   .000E+00   .000E+00
   2820.00   .000E+00   .309E+04   .000E+00  -.802E+05   .000E+00   .000E+00   .000E+00   .000E+00   .000E+00  -.273E+02   .000E+00   .000E+00   .000E+00   .000E+00   .000E+00
   2850.00   .000E+00   .315E+04   .000E+00  -.811E+05   .000E+00   .000E+00   .000E+00   .000E+00   .000E+00  -.273E+02   .000E+00   .000E+00   .000E+00   .000E+00   .000E+00
   2880.00   .000E+00   .322E+04   .000E+00  -.819E+05   .000E+00   .000E+00   .000E+00   .000E+00   .000E+00  -.273E+02   .000E+00   .000E+00   .000E+00   .000E+00   .000E+00
   2910.00   .000E+00   .328E+04   .000E+00  -.827E+05   .000E+00   .000E+00   .000E+00   .000E+00   .000E+00  -.273E+02   .000E+00   .000E+00   .000E+00   .000E+00   .000E+00
   2940.00   .000E+00   .335E+04   .000E+00  -.835E+05   .000E+00   .000E+00   .000E+00   .000E+00   .000E+00  -.273E+02   .000E+00   .000E+00   .000E+00   .000E+00   .000E+00
   2970.00   .000E+00   .341E+04   .000E+00  -.843E+05   .000E+00   .000E+00   .000E+00   .000E+00   .000E+00  -.273E+02   .000E+00   .000E+00   .000E+00   .000E+00   .000E+00
   3000.00   .000E+00   .348E+04   .000E+00  -.852E+05   .000E+00   .000E+00   .000E+00   .000E+00   .000E+00  -.273E+02   .000E+00   .000E+00   .000E+00   .000E+00   .000E+00
   3030.00   .000E+00   .354E+04   .000E+00  -.860E+05   .000E+00   .000E+00   .000E+00   .000E+00   .000E+00  -.273E+02   .000E+00   .000E+00   .000E+00   .000E+00   .000E+00
   3060.00   .000E+00   .361E+04   .000E+00  -.868E+05   .000E+00   .000E+00   .000E+00   .000E+00   .000E+00  -.273E+02   .000E+00   .000E+00   .000E+00   .000E+00   .000E+00
   3090.00   .000E+00   .368E+04   .000E+00  -.876E+05   .000E+00   .000E+00   .000E+00   .000E+00   .000E+00  -.273E+02   .000E+00   .000E+00   .000E+00   .000E+00   .000E+00
   3120.00   .000E+00   .375E+04   .000E+00  -.884E+05   .000E+00   .000E+00   .000E+00   .000E+00   .000E+00  -.273E+02   .000E+00   .000E+00   .000E+00   .000E+00   .000E+00
   3150.00   .000E+00   .382E+04   .000E+00  -.893E+05   .000E+00   .000E+00   .000E+00   .000E+00   .000E+00  -.273E+02   .000E+00   .000E+00   .000E+00   .000E+00   .000E+00
   3180.00   .000E+00   .389E+04   .000E+00  -.901E+05   .000E+00   .000E+00   .000E+00   .000E+00   .000E+00  -.273E+02   .000E+00   .000E+00   .000E+00   .000E+00   .000E+00
   3210.00   .000E+00   .396E+04   .000E+00  -.909E+05   .000E+00   .000E+00   .000E+00   .000E+00   .000E+00  -.273E+02   .000E+00   .000E+00   .000E+00   .000E+00   .000E+00
   3240.00   .000E+00   .403E+04   .000E+00  -.917E+05   .000E+00   .000E+00   .000E+00   .000E+00   .000E+00  -.273E+02   .000E+00   .000E+00   .000E+00   .000E+00   .000E+00
   3270.00   .000E+00   .410E+04   .000E+00  -.925E+05   .000E+00   .000E+00   .000E+00   .000E+00   .000E+00  -.273E+02   .000E+00   .000E+00   .000E+00   .000E+00   .000E+00
   3300.00   .000E+00   .417E+04   .000E+00  -.933E+05   .000E+00   .000E+00   .000E+00   .000E+00   .000E+00  -.273E+02   .000E+00   .000E+00   .000E+00   .000E+00   .000E+00
   3330.00   .000E+00   .424E+04   .000E+00  -.942E+05   .000E+00   .000E+00   .000E+00   .000E+00   .000E+00  -.273E+02   .000E+00   .000E+00   .000E+00   .000E+00   .000E+00
   3360.00   .000E+00   .432E+04   .000E+00  -.950E+05   .000E+00   .000E+00   .000E+00   .000E+00   .000E+00  -.273E+02   .000E+00   .000E+00   .000E+00   .000E+00   .000E+00
   3390.00   .000E+00   .439E+04   .000E+00  -.958E+05   .000E+00   .000E+00   .000E+00   .000E+00   .000E+00  -.273E+02   .000E+00   .000E+00   .000E+00   .000E+00   .000E+00
   3420.00   .000E+00   .446E+04   .000E+00  -.966E+05   .000E+00   .000E+00   .000E+00   .000E+00   .000E+00  -.273E+02   .000E+00   .000E+00   .000E+00   .000E+00   .000E+00
   3450.00   .000E+00   .454E+04   .000E+00  -.974E+05   .000E+00   .000E+00   .000E+00   .000E+00   .000E+00  -.273E+02   .000E+00   .000E+00   .000E+00   .000E+00   .000E+00
   3480.00   .000E+00   .461E+04   .000E+00  -.983E+05   .000E+00   .000E+00   .000E+00   .000E+00   .000E+00  -.273E+02   .000E+00   .000E+00   .000E+00   .000E+00   .000E+00
   3510.00   .000E+00   .469E+04   .000E+00  -.991E+05   .000E+00   .000E+00   .000E+00   .000E+00   .000E+00  -.273E+02   .000E+00   .000E+00   .000E+00   .000E+00   .000E+00
   3540.00   .000E+00   .477E+04   .000E+00  -.999E+05   .000E+00   .000E+00   .000E+00   .000E+00   .000E+00  -.273E+02   .000E+00   .000E+00   .000E+00   .000E+00   .000E+00
   3570.00   .000E+00   .485E+04   .000E+00  -.101E+06   .000E+00   .000E+00   .000E+00   .000E+00   .000E+00  -.273E+02   .000E+00   .000E+00   .000E+00   .000E+00   .000E+00
   3600.00   .000E+00   .492E+04   .000E+00  -.102E+06   .000E+00   .000E+00   .000E+00   .000E+00   .000E+00  -.273E+02   .000E+00   .000E+00   .000E+00   .000E+00   .000E+00
   3630.00   .000E+00   .500E+04   .000E+00  -.102E+06   .000E+00   .000E+00   .000E+00   .000E+00   .000E+00  -.273E+02   .000E+00   .000E+00   .000E+00   .000E+00   .000E+00
   3660.00   .000E+00   .508E+04   .000E+00  -.103E+06   .000E+00   .000E+00   .000E+00   .000E+00   .000E+00  -.273E+02   .000E+00   .000E+00   .000E+00   .000E+00   .000E+00
   3690.00   .000E+00   .516E+04   .000E+00  -.104E+06   .000E+00   .000E+00   .000E+00   .000E+00   .000E+00  -.273E+02   .000E+00   .000E+00   .000E+00   .000E+00   .000E+00
   3720.00   .000E+00   .524E+04   .000E+00  -.105E+06   .000E+00   .000E+00   .000E+00   .000E+00   .000E+00  -.273E+02   .000E+00   .000E+00   .000E+00   .000E+00   .000E+00
   3750.00   .000E+00   .532E+04   .000E+00  -.106E+06   .000E+00   .000E+00   .000E+00   .000E+00   .000E+00  -.273E+02   .000E+00   .000E+00   .000E+00   .000E+00   .000E+00
   3780.00   .000E+00   .540E+04   .000E+00  -.106E+06   .000E+00   .000E+00   .000E+00   .000E+00   .000E+00  -.273E+02   .000E+00   .000E+00   .000E+00   .000E+00   .000E+00
   3810.00   .000E+00   .549E+04   .000E+00  -.107E+06   .000E+00   .000E+00   .000E+00   .000E+00   .000E+00  -.273E+02   .000E+00   .000E+00   .000E+00   .000E+00   .000E+00
   3840.00   .000E+00   .557E+04   .000E+00  -.108E+06   .000E+00   .000E+00   .000E+00   .000E+00   .000E+00  -.273E+02   .000E+00   .000E+00   .000E+00   .000E+00   .000E+00
   3870.00   .000E+00   .565E+04   .000E+00  -.109E+06   .000E+00   .000E+00   .000E+00   .000E+00   .000E+00  -.273E+02   .000E+00   .000E+00   .000E+00   .000E+00   .000E+00
   3900.00   .000E+00   .574E+04   .000E+00  -.110E+06   .000E+00   .000E+00   .000E+00   .000E+00   .000E+00  -.273E+02   .000E+00   .000E+00   .000E+00   .000E+00   .000E+00
   3930.00   .000E+00   .582E+04   .000E+00  -.111E+06   .000E+00   .000E+00   .000E+00   .000E+00   .000E+00  -.273E+02   .000E+00   .000E+00   .000E+00   .000E+00   .000E+00
   3960.00   .000E+00   .591E+04   .000E+00  -.111E+06   .000E+00   .000E+00   .000E+00   .000E+00   .000E+00  -.273E+02   .000E+00   .000E+00   .000E+00   .000E+00   .000E+00
   3990.00   .000E+00   .599E+04   .000E+00  -.112E+06   .000E+00   .000E+00   .000E+00   .000E+00   .000E+00  -.273E+02   .000E+00   .000E+00   .000E+00   .000E+00   .000E+00
   4020.00   .000E+00   .608E+04   .000E+00  -.113E+06   .000E+00   .000E+00   .000E+00   .000E+00   .000E+00  -.273E+02   .000E+00   .000E+00   .000E+00   .000E+00   .000E+00
   4050.00   .000E+00   .616E+04   .000E+00  -.114E+06   .000E+00   .000E+00   .000E+00   .000E+00   .000E+00  -.273E+02   .000E+00   .000E+00   .000E+00   .000E+00   .000E+00
   4080.00   .000E+00   .625E+04   .000E+00  -.115E+06   .000E+00   .000E+00   .000E+00   .000E+00   .000E+00  -.273E+02   .000E+00   .000E+00   .000E+00   .000E+00   .000E+00
   4110.00   .000E+00   .634E+04   .000E+00  -.115E+06   .000E+00   .000E+00   .000E+00   .000E+00   .000E+00  -.273E+02   .000E+00   .000E+00   .000E+00   .000E+00   .000E+00
   4140.00   .000E+00   .643E+04   .000E+00  -.116E+06   .000E+00   .000E+00   .000E+00   .000E+00   .000E+00  -.273E+02   .000E+00   .000E+00   .000E+00   .000E+00   .000E+00
   4170.00   .000E+00   .652E+04   .000E+00  -.117E+06   .000E+00   .000E+00   .000E+00   .000E+00   .000E+00  -.273E+02   .000E+00   .000E+00   .000E+00   .000E+00   .000E+00
   4200.00   .000E+00   .661E+04   .000E+00  -.118E+06   .000E+00   .000E+00   .000E+00   .000E+00   .000E+00  -.273E+02   .000E+00   .000E+00   .000E+00   .000E+00   .000E+00
   4230.00   .000E+00   .670E+04   .000E+00  -.119E+06   .000E+00   .000E+00   .000E+00   .000E+00   .000E+00  -.273E+02   .000E+00   .000E+00   .000E+00   .000E+00   .000E+00
   4260.00   .000E+00   .679E+04   .000E+00  -.120E+06   .000E+00   .000E+00   .000E+00   .000E+00   .000E+00  -.273E+02   .000E+00   .000E+00   .000E+00   .000E+00   .000E+00
   4290.00   .000E+00   .688E+04   .000E+00  -.120E+06   .000E+00   .000E+00   .000E+00   .000E+00   .000E+00  -.273E+02   .000E+00   .000E+00   .000E+00   .000E+00   .000E+00
   4320.00   .000E+00   .697E+04   .000E+00  -.121E+06   .000E+00   .000E+00   .000E+00   .000E+00   .000E+00  -.273E+02   .000E+00   .000E+00   .000E+00   .000E+00   .000E+00
   4350.42   .000E+00   .707E+04   .000E+00  -.122E+06   .000E+00   .000E+00   .000E+00   .000E+00   .000E+00  -.273E+02   .000E+00   .000E+00   .000E+00   .000E+00   .000E+00
   4380.85   .000E+00   .716E+04   .000E+00  -.123E+06   .000E+00   .000E+00   .000E+00   .000E+00   .000E+00  -.273E+02   .000E+00   .000E+00   .000E+00   .000E+00   .000E+00
   4411.28   .000E+00   .726E+04   .000E+00  -.124E+06   .000E+00   .000E+00   .000E+00   .000E+00   .000E+00  -.273E+02   .000E+00   .000E+00   .000E+00   .000E+00   .000E+00
   4441.71   .000E+00   .735E+04   .000E+00  -.124E+06   .000E+00   .000E+00   .000E+00   .000E+00   .000E+00  -.273E+02   .000E+00   .000E+00   .000E+00   .000E+00   .000E+00
   4472.15   .000E+00   .745E+04   .000E+00  -.125E+06   .000E+00   .000E+00   .000E+00   .000E+00   .000E+00  -.273E+02   .000E+00   .000E+00   .000E+00   .000E+00   .000E+00
   4502.58   .000E+00   .755E+04   .000E+00  -.126E+06   .000E+00   .000E+00   .000E+00   .000E+00   .000E+00  -.273E+02   .000E+00   .000E+00   .000E+00   .000E+00   .000E+00
   4533.02   .000E+00   .764E+04   .000E+00  -.127E+06   .000E+00   .000E+00   .000E+00   .000E+00   .000E+00  -.273E+02   .000E+00   .000E+00   .000E+00   .000E+00   .000E+00
   4563.46   .000E+00   .774E+04   .000E+00  -.128E+06   .000E+00   .000E+00   .000E+00   .000E+00   .000E+00  -.273E+02   .000E+00   .000E+00   .000E+00   .000E+00   .000E+00
   4593.91   .000E+00   .784E+04   .000E+00  -.129E+06   .000E+00   .000E+00   .000E+00   .000E+00   .000E+00  -.273E+02   .000E+00   .000E+00   .000E+00   .000E+00   .000E+00
   4624.35   .000E+00   .794E+04   .000E+00  -.129E+06   .000E+00   .000E+00   .000E+00   .000E+00   .000E+00  -.273E+02   .000E+00   .000E+00   .000E+00   .000E+00   .000E+00
   4654.80   .000E+00   .804E+04   .000E+00  -.130E+06   .000E+00   .000E+00   .000E+00   .000E+00   .000E+00  -.273E+02   .000E+00   .000E+00   .000E+00   .000E+00   .000E+00
   4685.25   .000E+00   .814E+04   .000E+00  -.131E+06   .000E+00   .000E+00   .000E+00   .000E+00   .000E+00  -.273E+02   .000E+00   .000E+00   .000E+00   .000E+00   .000E+00
   4715.71   .000E+00   .824E+04   .000E+00  -.132E+06   .000E+00   .000E+00   .000E+00   .000E+00   .000E+00  -.273E+02   .000E+00   .000E+00   .000E+00   .000E+00   .000E+00
   4746.16   .000E+00   .834E+04   .000E+00  -.133E+06   .000E+00   .000E+00   .000E+00   .000E+00   .000E+00  -.273E+02   .000E+00   .000E+00   .000E+00   .000E+00   .000E+00
   4776.62   .000E+00   .845E+04   .000E+00  -.134E+06   .000E+00   .000E+00   .000E+00   .000E+00   .000E+00  -.273E+02   .000E+00   .000E+00   .000E+00   .000E+00   .000E+00
   4807.08   .000E+00   .855E+04   .000E+00  -.134E+06   .000E+00   .000E+00   .000E+00   .000E+00   .000E+00  -.273E+02   .000E+00   .000E+00   .000E+00   .000E+00   .000E+00
   4837.55   .000E+00   .865E+04   .000E+00  -.135E+06   .000E+00   .000E+00   .000E+00   .000E+00   .000E+00  -.273E+02   .000E+00   .000E+00   .000E+00   .000E+00   .000E+00
   4868.01   .000E+00   .876E+04   .000E+00  -.136E+06   .000E+00   .000E+00   .000E+00   .000E+00   .000E+00  -.273E+02   .000E+00   .000E+00   .000E+00   .000E+00   .000E+00
   4898.48   .000E+00   .886E+04   .000E+00  -.137E+06   .000E+00   .000E+00   .000E+00   .000E+00   .000E+00  -.272E+02   .000E+00   .000E+00   .000E+00   .000E+00   .000E+00
   4928.95   .000E+00   .897E+04   .000E+00  -.138E+06   .000E+00   .000E+00   .000E+00   .000E+00   .000E+00  -.272E+02   .000E+00   .000E+00   .000E+00   .000E+00   .000E+00
   4959.43   .000E+00   .907E+04   .000E+00  -.139E+06   .000E+00   .000E+00   .000E+00   .000E+00   .000E+00  -.272E+02   .000E+00   .000E+00   .000E+00   .000E+00   .000E+00
   4989.90   .000E+00   .918E+04   .000E+00  -.139E+06   .000E+00   .000E+00   .000E+00   .000E+00   .000E+00  -.272E+02   .000E+00   .000E+00   .000E+00   .000E+00   .000E+00
   5020.38   .000E+00   .929E+04   .000E+00  -.140E+06   .000E+00   .000E+00   .000E+00   .000E+00   .000E+00  -.272E+02   .000E+00   .000E+00   .000E+00   .000E+00   .000E+00
   5050.86   .000E+00   .939E+04   .000E+00  -.141E+06   .000E+00   .000E+00   .000E+00   .000E+00   .000E+00  -.272E+02   .000E+00   .000E+00   .000E+00   .000E+00   .000E+00
   5081.34   .000E+00   .950E+04   .000E+00  -.142E+06   .000E+00   .000E+00   .000E+00   .000E+00   .000E+00  -.272E+02   .000E+00   .000E+00   .000E+00   .000E+00   .000E+00
   5111.83   .000E+00   .961E+04   .000E+00  -.143E+06   .000E+00   .000E+00   .000E+00   .000E+00   .000E+00  -.272E+02   .000E+00   .000E+00   .000E+00   .000E+00   .000E+00
   5142.32   .000E+00   .972E+04   .000E+00  -.144E+06   .000E+00   .000E+00   .000E+00   .000E+00   .000E+00  -.272E+02   .000E+00   .000E+00   .000E+00   .000E+00   .000E+00
   5172.81   .000E+00   .983E+04   .000E+00  -.144E+06   .000E+00   .000E+00   .000E+00   .000E+00   .000E+00  -.272E+02   .000E+00   .000E+00   .000E+00   .000E+00   .000E+00
   5203.30   .000E+00   .994E+04   .000E+00  -.145E+06   .000E+00   .000E+00   .000E+00   .000E+00   .000E+00  -.272E+02   .000E+00   .000E+00   .000E+00   .000E+00   .000E+00
   5233.80   .000E+00   .101E+05   .000E+00  -.146E+06   .000E+00   .000E+00   .000E+00   .000E+00   .000E+00  -.272E+02   .000E+00   .000E+00   .000E+00   .000E+00   .000E+00
   5264.30   .000E+00   .102E+05   .000E+00  -.147E+06   .000E+00   .000E+00   .000E+00   .000E+00   .000E+00  -.272E+02   .000E+00   .000E+00   .000E+00   .000E+00   .000E+00
   5294.80   .000E+00   .103E+05   .000E+00  -.148E+06   .000E+00   .000E+00   .000E+00   .000E+00   .000E+00  -.272E+02   .000E+00   .000E+00   .000E+00   .000E+00   .000E+00
   5325.30   .000E+00   .104E+05   .000E+00  -.149E+06   .000E+00   .000E+00   .000E+00   .000E+00   .000E+00  -.272E+02   .000E+00   .000E+00   .000E+00   .000E+00   .000E+00
   5355.81   .000E+00   .105E+05   .000E+00  -.149E+06   .000E+00   .000E+00   .000E+00   .000E+00   .000E+00  -.272E+02   .000E+00   .000E+00   .000E+00   .000E+00   .000E+00
   5386.32   .000E+00   .106E+05   .000E+00  -.150E+06   .000E+00   .000E+00   .000E+00   .000E+00   .000E+00  -.272E+02   .000E+00   .000E+00   .000E+00   .000E+00   .000E+00
   5416.83   .000E+00   .107E+05   .000E+00  -.151E+06   .000E+00   .000E+00   .000E+00   .000E+00   .000E+00  -.272E+02   .000E+00   .000E+00   .000E+00   .000E+00   .000E+00
   5447.35   .000E+00   .109E+05   .000E+00  -.152E+06   .000E+00   .000E+00   .000E+00   .000E+00   .000E+00  -.272E+02   .000E+00   .000E+00   .000E+00   .000E+00   .000E+00
   5477.86   .000E+00   .110E+05   .000E+00  -.153E+06   .000E+00   .000E+00   .000E+00   .000E+00   .000E+00  -.272E+02   .000E+00   .000E+00   .000E+00   .000E+00   .000E+00
   5508.38   .000E+00   .111E+05   .000E+00  -.154E+06   .000E+00   .000E+00   .000E+00   .000E+00   .000E+00  -.272E+02   .000E+00   .000E+00   .000E+00   .000E+00   .000E+00
   5538.91   .000E+00   .112E+05   .000E+00  -.154E+06   .000E+00   .000E+00   .000E+00   .000E+00   .000E+00  -.272E+02   .000E+00   .000E+00   .000E+00   .000E+00   .000E+00
   5569.43   .000E+00   .113E+05   .000E+00  -.155E+06   .000E+00   .000E+00   .000E+00   .000E+00   .000E+00  -.272E+02   .000E+00   .000E+00   .000E+00   .000E+00   .000E+00
   5599.96   .000E+00   .114E+05   .000E+00  -.156E+06   .000E+00   .000E+00   .000E+00   .000E+00   .000E+00  -.272E+02   .000E+00   .000E+00   .000E+00   .000E+00   .000E+00
   5630.49   .000E+00   .116E+05   .000E+00  -.157E+06   .000E+00   .000E+00   .000E+00   .000E+00   .000E+00  -.272E+02   .000E+00   .000E+00   .000E+00   .000E+00   .000E+00
   5661.03   .000E+00   .117E+05   .000E+00  -.158E+06   .000E+00   .000E+00   .000E+00   .000E+00   .000E+00  -.272E+02   .000E+00   .000E+00   .000E+00   .000E+00   .000E+00
   5691.56   .000E+00   .118E+05   .000E+00  -.159E+06   .000E+00   .000E+00   .000E+00   .000E+00   .000E+00  -.272E+02   .000E+00   .000E+00   .000E+00   .000E+00   .000E+00
   5722.10   .000E+00   .119E+05   .000E+00  -.159E+06   .000E+00   .000E+00   .000E+00   .000E+00   .000E+00  -.272E+02   .000E+00   .000E+00   .000E+00   .000E+00   .000E+00
   5741.05   .000E+00   .120E+05   .000E+00  -.160E+06   .000E+00   .000E+00   .000E+00   .000E+00   .000E+00  -.272E+02   .000E+00   .000E+00   .000E+00   .000E+00   .000E+00
   5760.00   .000E+00   .121E+05   .000E+00  -.160E+06   .000E+00   .000E+00   .000E+00   .000E+00   .000E+00  -.272E+02   .000E+00   .000E+00   .000E+00   .000E+00   .000E+00
   5790.55   .000E+00   .122E+05   .000E+00  -.161E+06   .000E+00   .000E+00   .000E+00   .000E+00   .000E+00  -.272E+02   .000E+00   .000E+00   .000E+00   .000E+00   .000E+00
   5821.10   .000E+00   .123E+05   .000E+00  -.162E+06   .000E+00   .000E+00   .000E+00   .000E+00   .000E+00  -.272E+02   .000E+00   .000E+00   .000E+00   .000E+00   .000E+00
   5851.65   .000E+00   .124E+05   .000E+00  -.163E+06   .000E+00   .000E+00   .000E+00   .000E+00   .000E+00  -.272E+02   .000E+00   .000E+00   .000E+00   .000E+00   .000E+00
   5882.20   .000E+00   .126E+05   .000E+00  -.164E+06   .000E+00   .000E+00   .000E+00   .000E+00   .000E+00  -.272E+02   .000E+00   .000E+00   .000E+00   .000E+00   .000E+00
   5912.76   .000E+00   .127E+05   .000E+00  -.165E+06   .000E+00   .000E+00   .000E+00   .000E+00   .000E+00  -.272E+02   .000E+00   .000E+00   .000E+00   .000E+00   .000E+00
   5943.32   .000E+00   .128E+05   .000E+00  -.165E+06   .000E+00   .000E+00   .000E+00   .000E+00   .000E+00  -.272E+02   .000E+00   .000E+00   .000E+00   .000E+00   .000E+00
   5973.88   .000E+00   .129E+05   .000E+00  -.166E+06   .000E+00   .000E+00   .000E+00   .000E+00   .000E+00  -.272E+02   .000E+00   .000E+00   .000E+00   .000E+00   .000E+00
   6004.45   .000E+00   .131E+05   .000E+00  -.167E+06   .000E+00   .000E+00   .000E+00   .000E+00   .000E+00  -.272E+02   .000E+00   .000E+00   .000E+00   .000E+00   .000E+00
   6035.02   .000E+00   .132E+05   .000E+00  -.168E+06   .000E+00   .000E+00   .000E+00   .000E+00   .000E+00  -.272E+02   .000E+00   .000E+00   .000E+00   .000E+00   .000E+00
   6065.59   .000E+00   .133E+05   .000E+00  -.169E+06   .000E+00   .000E+00   .000E+00   .000E+00   .000E+00  -.272E+02   .000E+00   .000E+00   .000E+00   .000E+00   .000E+00
   6096.17   .000E+00   .134E+05   .000E+00  -.170E+06   .000E+00   .000E+00   .000E+00   .000E+00   .000E+00  -.272E+02   .000E+00   .000E+00   .000E+00   .000E+00   .000E+00
   6126.75   .000E+00   .136E+05   .000E+00  -.170E+06   .000E+00   .000E+00   .000E+00   .000E+00   .000E+00  -.272E+02   .000E+00   .000E+00   .000E+00   .000E+00   .000E+00
   6157.33   .000E+00   .137E+05   .000E+00  -.171E+06   .000E+00   .000E+00   .000E+00   .000E+00   .000E+00  -.272E+02   .000E+00   .000E+00   .000E+00   .000E+00   .000E+00
   6187.92   .000E+00   .138E+05   .000E+00  -.172E+06   .000E+00   .000E+00   .000E+00   .000E+00   .000E+00  -.272E+02   .000E+00   .000E+00   .000E+00   .000E+00   .000E+00
   6218.50   .000E+00   .140E+05   .000E+00  -.173E+06   .000E+00   .000E+00   .000E+00   .000E+00   .000E+00  -.272E+02   .000E+00   .000E+00   .000E+00   .000E+00   .000E+00
   6249.09   .000E+00   .141E+05   .000E+00  -.174E+06   .000E+00   .000E+00   .000E+00   .000E+00   .000E+00  -.272E+02   .000E+00   .000E+00   .000E+00   .000E+00   .000E+00
   6279.70   .000E+00   .142E+05   .000E+00  -.175E+06   .000E+00   .000E+00   .000E+00   .000E+00   .000E+00  -.272E+02   .000E+00   .000E+00   .000E+00   .000E+00   .000E+00
   6310.28   .000E+00   .144E+05   .000E+00  -.175E+06   .000E+00   .000E+00   .000E+00   .000E+00   .000E+00  -.272E+02   .000E+00   .000E+00   .000E+00   .000E+00   .000E+00
   6340.88   .000E+00   .145E+05   .000E+00  -.176E+06   .000E+00   .000E+00   .000E+00   .000E+00   .000E+00  -.272E+02   .000E+00   .000E+00   .000E+00   .000E+00   .000E+00
   6371.51   .000E+00   .146E+05   .000E+00  -.177E+06   .000E+00   .000E+00   .000E+00   .000E+00   .000E+00  -.272E+02   .000E+00   .000E+00   .000E+00   .000E+00   .000E+00
   6402.06   .000E+00   .148E+05   .000E+00  -.178E+06   .000E+00   .000E+00   .000E+00   .000E+00   .000E+00  -.272E+02   .000E+00   .000E+00   .000E+00   .000E+00   .000E+00
   6432.72   .000E+00   .149E+05   .000E+00  -.179E+06   .000E+00   .000E+00   .000E+00   .000E+00   .000E+00  -.272E+02   .000E+00   .000E+00   .000E+00   .000E+00   .000E+00
   6463.34   .000E+00   .150E+05   .000E+00  -.180E+06   .000E+00   .000E+00   .000E+00   .000E+00   .000E+00  -.272E+02   .000E+00   .000E+00   .000E+00   .000E+00   .000E+00
   6493.90   .000E+00   .152E+05   .000E+00  -.180E+06   .000E+00   .000E+00   .000E+00   .000E+00   .000E+00  -.271E+02   .000E+00   .000E+00   .000E+00   .000E+00   .000E+00
   6524.58   .000E+00   .153E+05   .000E+00  -.181E+06   .000E+00   .000E+00   .000E+00   .000E+00   .000E+00  -.272E+02   .000E+00   .000E+00   .000E+00   .000E+00   .000E+00
   6555.20   .000E+00   .154E+05   .000E+00  -.182E+06   .000E+00   .000E+00   .000E+00   .000E+00   .000E+00  -.272E+02   .000E+00   .000E+00   .000E+00   .000E+00   .000E+00
   6585.77   .000E+00   .156E+05   .000E+00  -.183E+06   .000E+00   .000E+00   .000E+00   .000E+00   .000E+00  -.271E+02   .000E+00   .000E+00   .000E+00   .000E+00   .000E+00
   6616.46   .000E+00   .157E+05   .000E+00  -.184E+06   .000E+00   .000E+00   .000E+00   .000E+00   .000E+00  -.272E+02   .000E+00   .000E+00   .000E+00   .000E+00   .000E+00
   6647.09   .000E+00   .159E+05   .000E+00  -.185E+06   .000E+00   .000E+00   .000E+00   .000E+00   .000E+00  -.272E+02   .000E+00   .000E+00   .000E+00   .000E+00   .000E+00
   6677.68   .000E+00   .160E+05   .000E+00  -.185E+06   .000E+00   .000E+00   .000E+00   .000E+00   .000E+00  -.271E+02   .000E+00   .000E+00   .000E+00   .000E+00   .000E+00
   6708.37   .000E+00   .161E+05   .000E+00  -.186E+06   .000E+00   .000E+00   .000E+00   .000E+00   .000E+00  -.272E+02   .000E+00   .000E+00   .000E+00   .000E+00   .000E+00
   6739.01   .000E+00   .163E+05   .000E+00  -.187E+06   .000E+00   .000E+00   .000E+00   .000E+00   .000E+00  -.272E+02   .000E+00   .000E+00   .000E+00   .000E+00   .000E+00
   6769.61   .000E+00   .164E+05   .000E+00  -.188E+06   .000E+00   .000E+00   .000E+00   .000E+00   .000E+00  -.271E+02   .000E+00   .000E+00   .000E+00   .000E+00   .000E+00
   6800.31   .000E+00   .166E+05   .000E+00  -.189E+06   .000E+00   .000E+00   .000E+00   .000E+00   .000E+00  -.272E+02   .000E+00   .000E+00   .000E+00   .000E+00   .000E+00
   6830.97   .000E+00   .167E+05   .000E+00  -.190E+06   .000E+00   .000E+00   .000E+00   .000E+00   .000E+00  -.272E+02   .000E+00   .000E+00   .000E+00   .000E+00   .000E+00
   6861.57   .000E+00   .168E+05   .000E+00  -.190E+06   .000E+00   .000E+00   .000E+00   .000E+00   .000E+00  -.271E+02   .000E+00   .000E+00   .000E+00   .000E+00   .000E+00
   6892.29   .000E+00   .170E+05   .000E+00  -.191E+06   .000E+00   .000E+00   .000E+00   .000E+00   .000E+00  -.272E+02   .000E+00   .000E+00   .000E+00   .000E+00   .000E+00
   6922.95   .000E+00   .171E+05   .000E+00  -.192E+06   .000E+00   .000E+00   .000E+00   .000E+00   .000E+00  -.272E+02   .000E+00   .000E+00   .000E+00   .000E+00   .000E+00
   6953.57   .000E+00   .173E+05   .000E+00  -.193E+06   .000E+00   .000E+00   .000E+00   .000E+00   .000E+00  -.271E+02   .000E+00   .000E+00   .000E+00   .000E+00   .000E+00
   6984.30   .000E+00   .174E+05   .000E+00  -.194E+06   .000E+00   .000E+00   .000E+00   .000E+00   .000E+00  -.272E+02   .000E+00   .000E+00   .000E+00   .000E+00   .000E+00
   7014.97   .000E+00   .176E+05   .000E+00  -.195E+06   .000E+00   .000E+00   .000E+00   .000E+00   .000E+00  -.272E+02   .000E+00   .000E+00   .000E+00   .000E+00   .000E+00
   7045.60   .000E+00   .177E+05   .000E+00  -.195E+06   .000E+00   .000E+00   .000E+00   .000E+00   .000E+00  -.271E+02   .000E+00   .000E+00   .000E+00   .000E+00   .000E+00
   7076.34   .000E+00   .179E+05   .000E+00  -.196E+06   .000E+00   .000E+00   .000E+00   .000E+00   .000E+00  -.272E+02   .000E+00   .000E+00   .000E+00   .000E+00   .000E+00
   7107.03   .000E+00   .180E+05   .000E+00  -.197E+06   .000E+00   .000E+00   .000E+00   .000E+00   .000E+00  -.272E+02   .000E+00   .000E+00   .000E+00   .000E+00   .000E+00
   7137.67   .000E+00   .182E+05   .000E+00  -.198E+06   .000E+00   .000E+00   .000E+00   .000E+00   .000E+00  -.271E+02   .000E+00   .000E+00   .000E+00   .000E+00   .000E+00
   7168.42   .000E+00   .183E+05   .000E+00  -.199E+06   .000E+00   .000E+00   .000E+00   .000E+00   .000E+00  -.272E+02   .000E+00   .000E+00   .000E+00   .000E+00   .000E+00
   7184.21   .000E+00   .184E+05   .000E+00  -.199E+06   .000E+00   .000E+00   .000E+00   .000E+00   .000E+00  -.272E+02   .000E+00   .000E+00   .000E+00   .000E+00   .000E+00
   7200.00   .000E+00   .185E+05   .000E+00  -.200E+06   .000E+00   .000E+00   .000E+00   .000E+00   .000E+00  -.271E+02   .000E+00   .000E+00   .000E+00   .000E+00   .000E+00
