 Example 4 - Infiltration Test

 Program SWMS_2D
 Time independent boundary conditions
 Axisymmetric flow, V = L*L*L
 Units: L = cm   , T = min  , M = -


 Time  ***       .0000 ***

    n    x(n)   z(n)      th(n)     th(n+1) ...

    1      .0   230.0  .399  .263  .264  .266  .269  .273  .279  .285  .292  .306  .262  .275  .287  .300  .313  .325
   17      .0   120.0  .334  .339  .339
   20     5.0   230.0  .399  .263  .264  .266  .269  .273  .279  .285  .292  .306  .262  .275  .287  .300  .313  .325
   36     5.0   120.0  .334  .339  .339
   39    10.0   230.0  .399  .263  .264  .266  .269  .273  .279  .285  .292  .306  .262  .275  .287  .300  .313  .325
   55    10.0   120.0  .334  .339  .339
   58    14.0   230.0  .399  .263  .264  .266  .269  .273  .279  .285  .292  .306  .262  .275  .287  .300  .313  .325
   74    14.0   120.0  .334  .339  .339
   77    17.0   230.0  .399  .263  .264  .266  .269  .273  .279  .285  .292  .306  .262  .275  .287  .300  .313  .325
   93    17.0   120.0  .334  .339  .339
   96    19.0   230.0  .262  .263  .264  .266  .269  .273  .279  .285  .292  .306  .262  .275  .287  .300  .313  .325
  112    19.0   120.0  .334  .339  .339
  115    21.0   230.0  .262  .263  .264  .266  .269  .273  .279  .285  .292  .306  .262  .275  .287  .300  .313  .325
  131    21.0   120.0  .334  .339  .339
  134    23.0   230.0  .262  .263  .264  .266  .269  .273  .279  .285  .292  .306  .262  .275  .287  .300  .313  .325
  150    23.0   120.0  .334  .339  .339
  153    26.0   230.0  .262  .263  .264  .266  .269  .273  .279  .285  .292  .306  .262  .275  .287  .300  .313  .325
  169    26.0   120.0  .334  .339  .339
  172    30.0   230.0  .262  .263  .264  .266  .269  .273  .279  .285  .292  .306  .262  .275  .287  .300  .313  .325
  188    30.0   120.0  .334  .339  .339
  191    35.0   230.0  .262  .263  .264  .266  .269  .273  .279  .285  .292  .306  .262  .275  .287  .300  .313  .325
  207    35.0   120.0  .334  .339  .339
  210    41.0   230.0  .262  .263  .264  .266  .269  .273  .279  .285  .292  .306  .262  .275  .287  .300  .313  .325
  226    41.0   120.0  .334  .339  .339
  229    48.0   230.0  .262  .263  .264  .266  .269  .273  .279  .285  .292  .306  .262  .275  .287  .300  .313  .325
  245    48.0   120.0  .334  .339  .339
  248    56.0   230.0  .262  .263  .264  .266  .269  .273  .279  .285  .292  .306  .262  .275  .287  .300  .313  .325
  264    56.0   120.0  .334  .339  .339
  267    65.0   230.0  .262  .263  .264  .266  .269  .273  .279  .285  .292  .306  .262  .275  .287  .300  .313  .325
  283    65.0   120.0  .334  .339  .339
  286    75.0   230.0  .262  .263  .264  .266  .269  .273  .279  .285  .292  .306  .262  .275  .287  .300  .313  .325
  302    75.0   120.0  .334  .339  .339
  305    86.0   230.0  .262  .263  .264  .266  .269  .273  .279  .285  .292  .306  .262  .275  .287  .300  .313  .325
  321    86.0   120.0  .334  .339  .339
  324    98.0   230.0  .262  .263  .264  .266  .269  .273  .279  .285  .292  .306  .262  .275  .287  .300  .313  .325
  340    98.0   120.0  .334  .339  .339
  343   111.0   230.0  .262  .263  .264  .266  .269  .273  .279  .285  .292  .306  .262  .275  .287  .300  .313  .325
  359   111.0   120.0  .334  .339  .339
  362   125.0   230.0  .262  .263  .264  .266  .269  .273  .279  .285  .292  .306  .262  .275  .287  .300  .313  .325
  378   125.0   120.0  .334  .339  .339


 Time  ***     60.0000 ***

    n    x(n)   z(n)      th(n)     th(n+1) ...

    1      .0   230.0  .399  .399  .398  .395  .384  .347  .297  .287  .292  .306  .262  .274  .287  .300  .313  .324
   17      .0   120.0  .334  .339  .339
   20     5.0   230.0  .399  .399  .398  .395  .383  .345  .297  .287  .292  .306  .262  .274  .287  .300  .313  .324
   36     5.0   120.0  .334  .339  .339
   39    10.0   230.0  .399  .399  .397  .394  .379  .336  .292  .286  .292  .306  .262  .274  .287  .300  .313  .324
   55    10.0   120.0  .334  .339  .339
   58    14.0   230.0  .399  .398  .395  .390  .370  .323  .287  .286  .292  .306  .262  .274  .287  .300  .313  .324
   74    14.0   120.0  .334  .339  .339
   77    17.0   230.0  .399  .396  .391  .383  .358  .309  .284  .286  .292  .306  .262  .274  .287  .300  .313  .324
   93    17.0   120.0  .334  .339  .339
   96    19.0   230.0  .391  .388  .382  .373  .345  .299  .282  .285  .292  .306  .262  .274  .287  .300  .313  .324
  112    19.0   120.0  .334  .339  .339
  115    21.0   230.0  .375  .374  .368  .359  .328  .289  .281  .285  .292  .306  .262  .274  .287  .300  .313  .324
  131    21.0   120.0  .334  .339  .339
  134    23.0   230.0  .354  .353  .348  .338  .307  .281  .280  .285  .292  .306  .262  .274  .287  .300  .313  .324
  150    23.0   120.0  .334  .339  .339
  153    26.0   230.0  .317  .316  .310  .301  .281  .276  .279  .285  .292  .306  .262  .274  .287  .300  .313  .324
  169    26.0   120.0  .334  .339  .339
  172    30.0   230.0  .275  .275  .273  .272  .271  .274  .279  .285  .292  .306  .262  .274  .287  .300  .313  .324
  188    30.0   120.0  .334  .339  .339
  191    35.0   230.0  .263  .264  .265  .266  .269  .274  .279  .285  .292  .306  .262  .274  .287  .300  .313  .324
  207    35.0   120.0  .334  .339  .339
  210    41.0   230.0  .262  .264  .265  .266  .269  .274  .279  .285  .292  .306  .262  .274  .287  .300  .313  .324
  226    41.0   120.0  .334  .339  .339
  229    48.0   230.0  .262  .264  .265  .266  .269  .274  .279  .285  .292  .306  .262  .274  .287  .300  .313  .324
  245    48.0   120.0  .334  .339  .339
  248    56.0   230.0  .262  .264  .265  .266  .269  .274  .279  .285  .292  .306  .262  .274  .287  .300  .313  .324
  264    56.0   120.0  .334  .339  .339
  267    65.0   230.0  .262  .264  .265  .266  .269  .274  .279  .285  .292  .306  .262  .274  .287  .300  .313  .324
  283    65.0   120.0  .334  .339  .339
  286    75.0   230.0  .262  .264  .265  .266  .269  .274  .279  .285  .292  .306  .262  .274  .287  .300  .313  .324
  302    75.0   120.0  .334  .339  .339
  305    86.0   230.0  .262  .264  .265  .266  .269  .274  .279  .285  .292  .306  .262  .274  .287  .300  .313  .324
  321    86.0   120.0  .334  .339  .339
  324    98.0   230.0  .262  .264  .265  .266  .269  .274  .279  .285  .292  .306  .262  .274  .287  .300  .313  .324
  340    98.0   120.0  .334  .339  .339
  343   111.0   230.0  .262  .264  .265  .266  .269  .274  .279  .285  .292  .306  .262  .274  .287  .300  .313  .324
  359   111.0   120.0  .334  .339  .339
  362   125.0   230.0  .262  .264  .265  .266  .269  .274  .279  .285  .292  .306  .262  .274  .287  .300  .313  .324
  378   125.0   120.0  .334  .339  .339


 Time  ***    180.0000 ***

    n    x(n)   z(n)      th(n)     th(n+1) ...

    1      .0   230.0  .399  .399  .399  .398  .395  .387  .372  .347  .318  .308  .262  .274  .287  .300  .312  .324
   17      .0   120.0  .334  .339  .339
   20     5.0   230.0  .399  .399  .399  .398  .395  .386  .370  .345  .316  .308  .262  .274  .287  .300  .312  .324
   36     5.0   120.0  .334  .339  .339
   39    10.0   230.0  .399  .399  .398  .397  .393  .382  .364  .338  .311  .307  .262  .274  .287  .300  .312  .324
   55    10.0   120.0  .334  .339  .339
   58    14.0   230.0  .399  .399  .397  .395  .389  .376  .356  .330  .306  .307  .262  .274  .287  .300  .312  .324
   74    14.0   120.0  .334  .339  .339
   77    17.0   230.0  .399  .397  .394  .391  .383  .369  .347  .321  .302  .306  .262  .274  .287  .300  .312  .324
   93    17.0   120.0  .334  .339  .339
   96    19.0   230.0  .393  .392  .390  .386  .378  .362  .340  .315  .300  .306  .262  .274  .287  .300  .312  .324
  112    19.0   120.0  .334  .339  .339
  115    21.0   230.0  .383  .384  .382  .379  .370  .354  .332  .309  .298  .306  .262  .274  .287  .300  .312  .324
  131    21.0   120.0  .334  .339  .339
  134    23.0   230.0  .372  .373  .372  .370  .361  .345  .323  .303  .297  .306  .262  .274  .287  .300  .312  .324
  150    23.0   120.0  .334  .339  .339
  153    26.0   230.0  .353  .355  .354  .352  .344  .327  .308  .296  .295  .306  .262  .274  .287  .300  .312  .324
  169    26.0   120.0  .334  .339  .339
  172    30.0   230.0  .325  .326  .326  .324  .317  .303  .292  .290  .293  .306  .262  .274  .287  .300  .312  .324
  188    30.0   120.0  .334  .339  .339
  191    35.0   230.0  .289  .290  .290  .289  .285  .282  .283  .287  .293  .306  .262  .274  .287  .300  .312  .324
  207    35.0   120.0  .334  .339  .339
  210    41.0   230.0  .267  .268  .269  .270  .272  .275  .280  .286  .292  .306  .262  .274  .287  .300  .312  .324
  226    41.0   120.0  .334  .339  .339
  229    48.0   230.0  .263  .264  .266  .267  .270  .274  .280  .286  .292  .306  .262  .274  .287  .300  .312  .324
  245    48.0   120.0  .334  .339  .339
  248    56.0   230.0  .263  .264  .265  .267  .270  .274  .280  .286  .292  .306  .262  .274  .287  .300  .312  .324
  264    56.0   120.0  .334  .339  .339
  267    65.0   230.0  .263  .264  .265  .266  .270  .274  .280  .286  .292  .306  .262  .274  .287  .300  .312  .324
  283    65.0   120.0  .334  .339  .339
  286    75.0   230.0  .263  .264  .265  .266  .270  .274  .280  .286  .292  .306  .262  .274  .287  .300  .312  .324
  302    75.0   120.0  .334  .339  .339
  305    86.0   230.0  .263  .264  .265  .266  .270  .274  .280  .286  .292  .306  .262  .274  .287  .300  .312  .324
  321    86.0   120.0  .334  .339  .339
  324    98.0   230.0  .263  .264  .265  .266  .270  .274  .280  .286  .292  .306  .262  .274  .287  .300  .312  .324
  340    98.0   120.0  .334  .339  .339
  343   111.0   230.0  .263  .264  .265  .266  .270  .274  .280  .286  .292  .306  .262  .274  .287  .300  .312  .324
  359   111.0   120.0  .334  .339  .339
  362   125.0   230.0  .263  .264  .265  .266  .270  .274  .280  .286  .292  .306  .262  .274  .287  .300  .312  .324
  378   125.0   120.0  .334  .339  .339


 Time  ***    360.0000 ***

    n    x(n)   z(n)      th(n)     th(n+1) ...

    1      .0   230.0  .399  .399  .399  .399  .397  .393  .386  .375  .361  .327  .268  .276  .287  .299  .312  .324
   17      .0   120.0  .334  .339  .339
   20     5.0   230.0  .399  .399  .399  .399  .397  .392  .385  .374  .359  .326  .268  .276  .287  .299  .312  .324
   36     5.0   120.0  .334  .339  .339
   39    10.0   230.0  .399  .399  .399  .398  .395  .390  .381  .370  .354  .323  .267  .276  .287  .299  .312  .324
   55    10.0   120.0  .334  .339  .339
   58    14.0   230.0  .399  .399  .398  .396  .393  .386  .376  .364  .349  .320  .266  .276  .287  .299  .312  .324
   74    14.0   120.0  .334  .339  .339
   77    17.0   230.0  .399  .398  .396  .393  .389  .381  .371  .359  .343  .318  .266  .275  .287  .299  .312  .324
   93    17.0   120.0  .334  .339  .339
   96    19.0   230.0  .394  .393  .392  .390  .385  .377  .367  .354  .339  .316  .265  .275  .287  .299  .312  .324
  112    19.0   120.0  .334  .339  .339
  115    21.0   230.0  .386  .387  .386  .385  .380  .372  .362  .349  .334  .315  .265  .275  .287  .299  .312  .324
  131    21.0   120.0  .334  .339  .339
  134    23.0   230.0  .377  .379  .379  .378  .374  .367  .356  .343  .329  .313  .265  .275  .287  .299  .312  .324
  150    23.0   120.0  .334  .339  .339
  153    26.0   230.0  .364  .366  .367  .367  .363  .356  .346  .334  .321  .312  .264  .275  .287  .299  .312  .324
  169    26.0   120.0  .334  .339  .339
  172    30.0   230.0  .346  .347  .348  .349  .346  .340  .331  .320  .311  .309  .263  .275  .287  .299  .312  .324
  188    30.0   120.0  .334  .339  .339
  191    35.0   230.0  .320  .322  .323  .323  .321  .316  .310  .304  .302  .308  .263  .274  .287  .299  .312  .324
  207    35.0   120.0  .334  .339  .339
  210    41.0   230.0  .290  .292  .292  .293  .293  .292  .291  .293  .296  .306  .262  .274  .287  .299  .312  .324
  226    41.0   120.0  .334  .339  .339
  229    48.0   230.0  .270  .271  .272  .273  .276  .279  .283  .288  .293  .306  .262  .274  .286  .299  .312  .324
  245    48.0   120.0  .334  .339  .339
  248    56.0   230.0  .264  .266  .267  .268  .271  .276  .281  .287  .293  .306  .262  .274  .286  .299  .312  .324
  264    56.0   120.0  .334  .339  .339
  267    65.0   230.0  .264  .265  .266  .267  .271  .275  .281  .286  .293  .306  .262  .274  .286  .299  .312  .324
  283    65.0   120.0  .334  .339  .339
  286    75.0   230.0  .264  .265  .266  .267  .271  .275  .281  .286  .293  .306  .262  .274  .286  .299  .312  .324
  302    75.0   120.0  .334  .339  .339
  305    86.0   230.0  .264  .265  .266  .267  .271  .275  .281  .286  .293  .306  .262  .274  .286  .299  .312  .324
  321    86.0   120.0  .334  .339  .339
  324    98.0   230.0  .264  .265  .266  .267  .271  .275  .281  .286  .293  .306  .262  .274  .286  .299  .312  .324
  340    98.0   120.0  .334  .339  .339
  343   111.0   230.0  .264  .265  .266  .267  .271  .275  .281  .286  .293  .306  .262  .274  .286  .299  .312  .324
  359   111.0   120.0  .334  .339  .339
  362   125.0   230.0  .264  .265  .266  .267  .271  .275  .281  .286  .293  .306  .262  .274  .286  .299  .312  .324
  378   125.0   120.0  .334  .339  .339


 Time  ***    720.0000 ***

    n    x(n)   z(n)      th(n)     th(n+1) ...

    1      .0   230.0  .399  .399  .399  .399  .398  .395  .391  .384  .375  .349  .282  .285  .292  .301  .313  .324
   17      .0   120.0  .334  .339  .339
   20     5.0   230.0  .399  .399  .399  .399  .398  .395  .390  .383  .374  .347  .282  .284  .291  .301  .313  .324
   36     5.0   120.0  .334  .339  .339
   39    10.0   230.0  .399  .399  .399  .398  .397  .393  .387  .381  .371  .344  .281  .284  .291  .301  .313  .324
   55    10.0   120.0  .334  .339  .339
   58    14.0   230.0  .399  .399  .398  .397  .394  .390  .384  .377  .368  .341  .280  .283  .291  .301  .313  .324
   74    14.0   120.0  .334  .339  .339
   77    17.0   230.0  .399  .398  .396  .395  .391  .387  .381  .374  .365  .339  .279  .283  .291  .301  .313  .324
   93    17.0   120.0  .334  .339  .339
   96    19.0   230.0  .394  .394  .393  .392  .388  .384  .378  .371  .362  .337  .278  .282  .290  .301  .313  .324
  112    19.0   120.0  .334  .339  .339
  115    21.0   230.0  .388  .389  .388  .387  .385  .380  .375  .368  .359  .335  .277  .282  .290  .301  .313  .324
  131    21.0   120.0  .334  .339  .339
  134    23.0   230.0  .381  .382  .383  .382  .380  .376  .371  .364  .356  .333  .276  .281  .290  .301  .312  .324
  150    23.0   120.0  .334  .339  .339
  153    26.0   230.0  .370  .372  .373  .374  .373  .370  .365  .358  .350  .330  .274  .280  .290  .301  .312  .324
  169    26.0   120.0  .334  .339  .339
  172    30.0   230.0  .357  .359  .360  .361  .361  .359  .355  .349  .342  .325  .272  .279  .289  .300  .312  .324
  188    30.0   120.0  .334  .339  .339
  191    35.0   230.0  .340  .342  .343  .344  .345  .344  .341  .336  .331  .320  .270  .278  .289  .300  .312  .324
  207    35.0   120.0  .334  .339  .339
  210    41.0   230.0  .319  .320  .322  .323  .324  .324  .322  .320  .317  .315  .267  .277  .288  .300  .312  .324
  226    41.0   120.0  .334  .339  .339
  229    48.0   230.0  .295  .296  .297  .299  .300  .302  .303  .304  .305  .310  .265  .276  .287  .300  .312  .324
  245    48.0   120.0  .334  .339  .339
  248    56.0   230.0  .275  .276  .278  .279  .282  .285  .289  .293  .297  .308  .263  .275  .287  .299  .312  .324
  264    56.0   120.0  .333  .339  .339
  267    65.0   230.0  .267  .268  .270  .271  .274  .279  .283  .289  .294  .306  .262  .274  .286  .299  .312  .323
  283    65.0   120.0  .333  .339  .339
  286    75.0   230.0  .265  .266  .268  .269  .272  .277  .282  .288  .294  .306  .262  .274  .286  .299  .311  .323
  302    75.0   120.0  .333  .339  .339
  305    86.0   230.0  .265  .266  .267  .269  .272  .277  .282  .288  .293  .306  .262  .273  .286  .299  .311  .323
  321    86.0   120.0  .333  .339  .339
  324    98.0   230.0  .265  .266  .267  .269  .272  .277  .282  .287  .293  .305  .261  .273  .286  .299  .311  .323
  340    98.0   120.0  .333  .339  .339
  343   111.0   230.0  .265  .266  .267  .269  .272  .277  .282  .287  .293  .305  .261  .273  .286  .299  .311  .323
  359   111.0   120.0  .333  .339  .339
  362   125.0   230.0  .265  .266  .267  .269  .272  .277  .282  .288  .293  .306  .261  .273  .286  .299  .311  .323
  378   125.0   120.0  .333  .339  .339


 Time  ***   1440.0000 ***

    n    x(n)   z(n)      th(n)     th(n+1) ...

    1      .0   230.0  .399  .399  .399  .399  .398  .396  .392  .387  .379  .356  .292  .293  .298  .306  .316  .326
   17      .0   120.0  .335  .339  .339
   20     5.0   230.0  .399  .399  .399  .399  .398  .395  .391  .386  .378  .355  .291  .293  .298  .306  .316  .326
   36     5.0   120.0  .335  .339  .339
   39    10.0   230.0  .399  .399  .399  .398  .397  .394  .389  .383  .376  .352  .290  .292  .298  .306  .316  .326
   55    10.0   120.0  .335  .339  .339
   58    14.0   230.0  .399  .399  .398  .397  .395  .391  .386  .381  .373  .350  .289  .291  .297  .306  .316  .326
   74    14.0   120.0  .335  .339  .339
   77    17.0   230.0  .399  .398  .396  .395  .392  .388  .383  .378  .371  .348  .288  .291  .297  .306  .316  .326
   93    17.0   120.0  .335  .339  .339
   96    19.0   230.0  .395  .394  .393  .392  .390  .386  .381  .376  .369  .346  .287  .290  .297  .305  .316  .326
  112    19.0   120.0  .335  .339  .339
  115    21.0   230.0  .388  .389  .389  .388  .386  .383  .379  .373  .366  .345  .287  .290  .296  .305  .316  .326
  131    21.0   120.0  .335  .339  .339
  134    23.0   230.0  .382  .384  .384  .384  .383  .380  .376  .370  .364  .343  .286  .289  .296  .305  .316  .326
  150    23.0   120.0  .335  .339  .339
  153    26.0   230.0  .373  .375  .376  .377  .376  .374  .371  .366  .360  .341  .284  .288  .296  .305  .315  .326
  169    26.0   120.0  .335  .339  .339
  172    30.0   230.0  .361  .364  .365  .366  .367  .366  .363  .359  .354  .337  .282  .287  .295  .305  .315  .326
  188    30.0   120.0  .335  .339  .339
  191    35.0   230.0  .348  .350  .352  .353  .355  .355  .353  .350  .346  .332  .279  .286  .294  .304  .315  .326
  207    35.0   120.0  .335  .339  .339
  210    41.0   230.0  .333  .335  .337  .338  .340  .341  .341  .339  .336  .326  .276  .284  .293  .303  .315  .326
  226    41.0   120.0  .335  .339  .339
  229    48.0   230.0  .316  .318  .320  .321  .324  .325  .326  .326  .325  .321  .273  .282  .292  .303  .314  .325
  245    48.0   120.0  .335  .339  .339
  248    56.0   230.0  .299  .301  .302  .303  .306  .309  .311  .312  .313  .316  .270  .279  .290  .302  .314  .325
  264    56.0   120.0  .335  .339  .339
  267    65.0   230.0  .283  .284  .286  .287  .290  .294  .297  .301  .304  .311  .267  .278  .289  .301  .313  .325
  283    65.0   120.0  .335  .339  .339
  286    75.0   230.0  .273  .274  .276  .277  .280  .284  .289  .293  .298  .309  .265  .276  .288  .301  .313  .325
  302    75.0   120.0  .334  .339  .339
  305    86.0   230.0  .269  .270  .272  .273  .276  .281  .285  .290  .296  .307  .263  .275  .287  .300  .313  .325
  321    86.0   120.0  .334  .339  .339
  324    98.0   230.0  .268  .269  .271  .272  .275  .279  .284  .289  .295  .306  .262  .274  .287  .300  .312  .324
  340    98.0   120.0  .334  .339  .339
  343   111.0   230.0  .268  .269  .270  .272  .275  .279  .284  .289  .295  .306  .262  .274  .287  .299  .312  .324
  359   111.0   120.0  .334  .339  .339
  362   125.0   230.0  .268  .269  .270  .272  .275  .279  .284  .289  .295  .306  .262  .274  .286  .299  .312  .324
  378   125.0   120.0  .334  .339  .339


 Time  ***   2160.0000 ***

    n    x(n)   z(n)      th(n)     th(n+1) ...

    1      .0   230.0  .399  .399  .399  .399  .398  .396  .392  .387  .380  .358  .295  .296  .302  .310  .319  .329
   17      .0   120.0  .337  .339  .339
   20     5.0   230.0  .399  .399  .399  .399  .398  .396  .392  .386  .379  .357  .294  .296  .302  .310  .319  .329
   36     5.0   120.0  .337  .339  .339
   39    10.0   230.0  .399  .399  .399  .398  .397  .394  .390  .384  .377  .354  .294  .296  .301  .310  .319  .329
   55    10.0   120.0  .337  .339  .339
   58    14.0   230.0  .399  .399  .398  .397  .395  .391  .387  .382  .375  .352  .293  .295  .301  .309  .319  .329
   74    14.0   120.0  .337  .339  .339
   77    17.0   230.0  .399  .398  .397  .395  .392  .389  .384  .379  .372  .350  .292  .294  .301  .309  .319  .329
   93    17.0   120.0  .337  .339  .339
   96    19.0   230.0  .395  .395  .394  .392  .390  .386  .382  .377  .370  .349  .291  .294  .300  .309  .319  .329
  112    19.0   120.0  .337  .339  .339
  115    21.0   230.0  .388  .389  .389  .389  .387  .384  .379  .374  .368  .348  .290  .294  .300  .309  .319  .329
  131    21.0   120.0  .337  .339  .339
  134    23.0   230.0  .382  .384  .385  .384  .383  .380  .377  .372  .366  .346  .289  .293  .300  .309  .319  .329
  150    23.0   120.0  .337  .339  .339
  153    26.0   230.0  .373  .375  .377  .377  .377  .375  .372  .368  .362  .344  .288  .292  .299  .308  .319  .329
  169    26.0   120.0  .337  .339  .339
  172    30.0   230.0  .363  .365  .366  .368  .368  .368  .365  .362  .357  .340  .286  .291  .299  .308  .319  .329
  188    30.0   120.0  .337  .339  .339
  191    35.0   230.0  .350  .352  .354  .356  .357  .358  .356  .354  .350  .336  .284  .290  .298  .308  .318  .329
  207    35.0   120.0  .337  .339  .339
  210    41.0   230.0  .337  .339  .341  .342  .344  .345  .345  .344  .341  .331  .281  .288  .297  .307  .318  .329
  226    41.0   120.0  .337  .339  .339
  229    48.0   230.0  .323  .324  .326  .328  .330  .332  .333  .332  .331  .326  .277  .286  .295  .306  .318  .328
  245    48.0   120.0  .337  .339  .339
  248    56.0   230.0  .308  .310  .311  .313  .315  .318  .319  .320  .321  .320  .274  .284  .294  .306  .317  .328
  264    56.0   120.0  .336  .339  .339
  267    65.0   230.0  .294  .296  .297  .299  .301  .304  .307  .310  .312  .316  .271  .282  .293  .305  .317  .328
  283    65.0   120.0  .336  .339  .339
  286    75.0   230.0  .283  .284  .285  .287  .290  .293  .297  .301  .304  .312  .268  .280  .292  .304  .316  .328
  302    75.0   120.0  .336  .339  .339
  305    86.0   230.0  .275  .276  .278  .279  .282  .286  .290  .295  .300  .310  .266  .278  .291  .303  .316  .327
  321    86.0   120.0  .336  .339  .339
  324    98.0   230.0  .272  .273  .274  .275  .279  .283  .287  .292  .297  .309  .265  .277  .290  .303  .316  .327
  340    98.0   120.0  .336  .339  .339
  343   111.0   230.0  .270  .272  .273  .274  .277  .282  .286  .291  .297  .308  .264  .277  .290  .303  .315  .327
  359   111.0   120.0  .336  .339  .339
  362   125.0   230.0  .270  .271  .273  .274  .277  .281  .286  .291  .296  .308  .264  .277  .289  .302  .315  .327
  378   125.0   120.0  .336  .339  .339


 Time  ***   2880.0000 ***

    n    x(n)   z(n)      th(n)     th(n+1) ...

    1      .0   230.0  .399  .399  .399  .399  .398  .396  .393  .388  .381  .359  .297  .299  .305  .313  .323  .332
   17      .0   120.0  .339  .339  .339
   20     5.0   230.0  .399  .399  .399  .399  .398  .396  .392  .387  .380  .358  .297  .299  .305  .313  .323  .332
   36     5.0   120.0  .339  .339  .339
   39    10.0   230.0  .399  .399  .399  .398  .397  .394  .390  .385  .378  .356  .296  .299  .305  .313  .323  .332
   55    10.0   120.0  .338  .339  .339
   58    14.0   230.0  .399  .399  .398  .397  .395  .392  .387  .382  .375  .354  .295  .298  .304  .313  .323  .332
   74    14.0   120.0  .338  .339  .339
   77    17.0   230.0  .399  .398  .397  .395  .392  .389  .385  .379  .373  .352  .294  .297  .304  .313  .323  .332
   93    17.0   120.0  .338  .339  .339
   96    19.0   230.0  .395  .395  .394  .392  .390  .386  .382  .377  .371  .351  .293  .297  .304  .313  .323  .332
  112    19.0   120.0  .338  .339  .339
  115    21.0   230.0  .388  .390  .389  .389  .387  .384  .380  .375  .369  .349  .293  .297  .304  .313  .323  .332
  131    21.0   120.0  .338  .339  .339
  134    23.0   230.0  .382  .384  .385  .385  .383  .381  .377  .373  .367  .348  .292  .296  .303  .312  .323  .332
  150    23.0   120.0  .338  .339  .339
  153    26.0   230.0  .374  .376  .377  .378  .378  .376  .373  .369  .363  .346  .291  .295  .303  .312  .322  .332
  169    26.0   120.0  .338  .339  .339
  172    30.0   230.0  .363  .365  .367  .368  .369  .368  .366  .363  .358  .342  .289  .294  .302  .312  .322  .332
  188    30.0   120.0  .338  .339  .339
  191    35.0   230.0  .351  .353  .355  .357  .358  .359  .358  .355  .351  .338  .287  .293  .301  .311  .322  .332
  207    35.0   120.0  .338  .339  .339
  210    41.0   230.0  .338  .340  .342  .344  .346  .347  .347  .346  .343  .334  .284  .291  .300  .311  .322  .332
  226    41.0   120.0  .338  .339  .339
  229    48.0   230.0  .325  .327  .329  .330  .333  .335  .336  .335  .334  .329  .281  .289  .299  .310  .321  .331
  245    48.0   120.0  .338  .339  .339
  248    56.0   230.0  .312  .314  .315  .317  .320  .322  .324  .325  .325  .324  .278  .287  .298  .310  .321  .331
  264    56.0   120.0  .338  .339  .339
  267    65.0   230.0  .300  .301  .303  .304  .307  .310  .312  .314  .316  .320  .275  .285  .297  .309  .321  .331
  283    65.0   120.0  .338  .339  .339
  286    75.0   230.0  .289  .290  .292  .293  .296  .299  .303  .306  .309  .316  .272  .284  .296  .308  .320  .331
  302    75.0   120.0  .338  .339  .339
  305    86.0   230.0  .281  .282  .283  .285  .288  .292  .295  .300  .304  .314  .270  .282  .295  .307  .320  .331
  321    86.0   120.0  .338  .339  .339
  324    98.0   230.0  .276  .277  .278  .280  .283  .287  .291  .296  .301  .312  .269  .281  .294  .307  .319  .330
  340    98.0   120.0  .338  .339  .339
  343   111.0   230.0  .273  .275  .276  .277  .280  .284  .289  .294  .299  .311  .268  .281  .294  .307  .319  .330
  359   111.0   120.0  .338  .339  .339
  362   125.0   230.0  .273  .274  .275  .277  .280  .284  .289  .294  .299  .311  .268  .280  .293  .307  .319  .330
  378   125.0   120.0  .338  .339  .339


 Time  ***   4320.0000 ***

    n    x(n)   z(n)      th(n)     th(n+1) ...

    1      .0   230.0  .399  .399  .399  .399  .398  .396  .393  .388  .381  .361  .302  .306  .312  .321  .330  .338
   17      .0   120.0  .339  .339  .339
   20     5.0   230.0  .399  .399  .399  .399  .398  .396  .392  .387  .381  .360  .302  .305  .312  .321  .330  .338
   36     5.0   120.0  .339  .339  .339
   39    10.0   230.0  .399  .399  .399  .398  .397  .394  .390  .385  .379  .358  .301  .305  .312  .321  .330  .338
   55    10.0   120.0  .339  .339  .339
   58    14.0   230.0  .399  .399  .398  .397  .395  .392  .388  .383  .376  .356  .300  .304  .312  .321  .330  .338
   74    14.0   120.0  .339  .339  .339
   77    17.0   230.0  .399  .398  .397  .395  .393  .389  .385  .380  .374  .355  .299  .304  .312  .321  .330  .337
   93    17.0   120.0  .339  .339  .339
   96    19.0   230.0  .395  .395  .394  .393  .390  .387  .383  .378  .372  .354  .299  .304  .311  .321  .330  .337
  112    19.0   120.0  .339  .339  .339
  115    21.0   230.0  .389  .390  .390  .389  .387  .384  .381  .376  .370  .352  .298  .303  .311  .321  .330  .337
  131    21.0   120.0  .339  .339  .339
  134    23.0   230.0  .382  .384  .385  .385  .384  .381  .378  .374  .368  .351  .297  .303  .311  .321  .330  .337
  150    23.0   120.0  .339  .339  .339
  153    26.0   230.0  .374  .376  .377  .378  .378  .376  .374  .370  .365  .349  .296  .302  .311  .320  .330  .337
  169    26.0   120.0  .339  .339  .339
  172    30.0   230.0  .364  .366  .368  .369  .370  .369  .367  .364  .360  .346  .295  .302  .310  .320  .330  .337
  188    30.0   120.0  .339  .339  .339
  191    35.0   230.0  .352  .354  .356  .358  .359  .360  .359  .357  .354  .343  .293  .300  .310  .320  .330  .337
  207    35.0   120.0  .339  .339  .339
  210    41.0   230.0  .340  .342  .344  .345  .348  .349  .349  .348  .346  .338  .291  .299  .309  .319  .330  .337
  226    41.0   120.0  .339  .339  .339
  229    48.0   230.0  .328  .330  .331  .333  .336  .338  .339  .339  .338  .334  .288  .298  .308  .319  .329  .337
  245    48.0   120.0  .339  .339  .339
  248    56.0   230.0  .316  .318  .319  .321  .324  .326  .328  .329  .330  .330  .286  .296  .307  .319  .329  .337
  264    56.0   120.0  .339  .339  .339
  267    65.0   230.0  .305  .307  .308  .310  .313  .316  .318  .321  .323  .326  .283  .294  .306  .318  .329  .337
  283    65.0   120.0  .339  .339  .339
  286    75.0   230.0  .296  .297  .299  .300  .303  .307  .310  .313  .317  .323  .281  .293  .305  .317  .329  .337
  302    75.0   120.0  .339  .339  .339
  305    86.0   230.0  .288  .290  .291  .293  .296  .300  .303  .308  .312  .321  .279  .292  .304  .317  .328  .337
  321    86.0   120.0  .339  .339  .339
  324    98.0   230.0  .283  .284  .286  .287  .290  .294  .299  .304  .309  .320  .278  .291  .304  .317  .328  .337
  340    98.0   120.0  .339  .339  .339
  343   111.0   230.0  .280  .281  .283  .284  .287  .292  .296  .301  .307  .319  .277  .290  .304  .316  .328  .337
  359   111.0   120.0  .339  .339  .339
  362   125.0   230.0  .279  .280  .282  .283  .286  .291  .295  .301  .306  .318  .277  .290  .303  .316  .328  .337
  378   125.0   120.0  .339  .339  .339


 Time  ***   5760.0000 ***

    n    x(n)   z(n)      th(n)     th(n+1) ...

    1      .0   230.0  .399  .399  .399  .399  .398  .396  .393  .389  .382  .364  .308  .313  .321  .330  .337  .339
   17      .0   120.0  .339  .339  .339
   20     5.0   230.0  .399  .399  .399  .399  .398  .396  .392  .388  .382  .363  .308  .313  .321  .330  .337  .339
   36     5.0   120.0  .339  .339  .339
   39    10.0   230.0  .399  .399  .399  .399  .397  .394  .391  .386  .380  .362  .307  .313  .321  .330  .337  .339
   55    10.0   120.0  .339  .339  .339
   58    14.0   230.0  .399  .399  .398  .397  .395  .392  .388  .383  .378  .360  .306  .312  .321  .330  .337  .339
   74    14.0   120.0  .339  .339  .339
   77    17.0   230.0  .399  .398  .397  .395  .393  .389  .386  .381  .375  .358  .306  .312  .320  .329  .337  .339
   93    17.0   120.0  .339  .339  .339
   96    19.0   230.0  .395  .395  .394  .393  .390  .387  .383  .379  .374  .357  .305  .312  .320  .329  .337  .339
  112    19.0   120.0  .339  .339  .339
  115    21.0   230.0  .389  .390  .390  .389  .387  .385  .381  .377  .372  .356  .305  .311  .320  .329  .337  .339
  131    21.0   120.0  .339  .339  .339
  134    23.0   230.0  .383  .384  .385  .385  .384  .382  .379  .375  .370  .355  .304  .311  .320  .329  .337  .339
  150    23.0   120.0  .339  .339  .339
  153    26.0   230.0  .374  .376  .378  .378  .378  .377  .375  .371  .367  .353  .303  .311  .320  .329  .337  .339
  169    26.0   120.0  .339  .339  .339
  172    30.0   230.0  .364  .366  .368  .369  .370  .370  .369  .366  .362  .351  .302  .310  .319  .329  .337  .339
  188    30.0   120.0  .339  .339  .339
  191    35.0   230.0  .353  .355  .357  .359  .360  .361  .361  .359  .357  .348  .301  .309  .319  .329  .337  .339
  207    35.0   120.0  .339  .339  .339
  210    41.0   230.0  .341  .343  .345  .347  .349  .351  .352  .351  .350  .344  .299  .308  .318  .329  .337  .339
  226    41.0   120.0  .339  .339  .339
  229    48.0   230.0  .329  .332  .333  .335  .338  .340  .342  .342  .342  .341  .297  .307  .318  .328  .336  .339
  245    48.0   120.0  .339  .339  .339
  248    56.0   230.0  .319  .320  .322  .324  .327  .330  .332  .334  .335  .337  .295  .306  .317  .328  .336  .339
  264    56.0   120.0  .339  .339  .339
  267    65.0   230.0  .309  .311  .312  .314  .317  .320  .323  .326  .329  .334  .293  .305  .317  .328  .336  .339
  283    65.0   120.0  .339  .339  .339
  286    75.0   230.0  .301  .302  .304  .305  .309  .312  .316  .320  .324  .332  .291  .304  .316  .327  .336  .339
  302    75.0   120.0  .339  .339  .339
  305    86.0   230.0  .294  .296  .297  .299  .302  .306  .310  .315  .320  .330  .290  .303  .315  .327  .336  .339
  321    86.0   120.0  .339  .339  .339
  324    98.0   230.0  .289  .291  .292  .294  .297  .302  .306  .311  .317  .329  .289  .302  .315  .327  .336  .339
  340    98.0   120.0  .339  .339  .339
  343   111.0   230.0  .287  .288  .290  .291  .295  .299  .304  .310  .315  .328  .289  .302  .315  .327  .336  .339
  359   111.0   120.0  .339  .339  .339
  362   125.0   230.0  .286  .287  .289  .290  .294  .298  .303  .309  .315  .328  .288  .302  .315  .327  .336  .339
  378   125.0   120.0  .339  .339  .339


 Time  ***   7200.0000 ***

    n    x(n)   z(n)      th(n)     th(n+1) ...

    1      .0   230.0  .399  .399  .399  .399  .398  .397  .394  .389  .384  .369  .315  .322  .330  .337  .339  .339
   17      .0   120.0  .339  .339  .339
   20     5.0   230.0  .399  .399  .399  .399  .398  .396  .393  .389  .383  .368  .315  .322  .330  .337  .339  .339
   36     5.0   120.0  .339  .339  .339
   39    10.0   230.0  .399  .399  .399  .399  .397  .395  .391  .387  .382  .366  .315  .322  .330  .337  .339  .339
   55    10.0   120.0  .339  .339  .339
   58    14.0   230.0  .399  .399  .398  .397  .395  .392  .389  .384  .379  .365  .314  .321  .330  .337  .339  .339
   74    14.0   120.0  .339  .339  .339
   77    17.0   230.0  .399  .398  .397  .395  .393  .390  .386  .382  .377  .364  .314  .321  .330  .337  .339  .339
   93    17.0   120.0  .339  .339  .339
   96    19.0   230.0  .395  .395  .394  .393  .391  .388  .384  .380  .376  .363  .313  .321  .330  .337  .339  .339
  112    19.0   120.0  .339  .339  .339
  115    21.0   230.0  .389  .390  .390  .389  .388  .385  .382  .379  .374  .362  .313  .321  .329  .337  .339  .339
  131    21.0   120.0  .339  .339  .339
  134    23.0   230.0  .383  .385  .385  .385  .384  .382  .380  .376  .372  .361  .312  .320  .329  .337  .339  .339
  150    23.0   120.0  .339  .339  .339
  153    26.0   230.0  .375  .377  .378  .379  .379  .378  .376  .373  .370  .359  .312  .320  .329  .337  .339  .339
  169    26.0   120.0  .339  .339  .339
  172    30.0   230.0  .365  .367  .369  .370  .371  .371  .370  .368  .365  .357  .311  .320  .329  .337  .339  .339
  188    30.0   120.0  .339  .339  .339
  191    35.0   230.0  .354  .356  .358  .360  .362  .363  .363  .362  .360  .355  .310  .319  .329  .337  .339  .339
  207    35.0   120.0  .339  .339  .339
  210    41.0   230.0  .343  .345  .347  .349  .351  .353  .354  .355  .354  .352  .308  .319  .328  .336  .339  .339
  226    41.0   120.0  .339  .339  .339
  229    48.0   230.0  .332  .334  .336  .338  .341  .343  .345  .347  .348  .349  .307  .318  .328  .336  .339  .339
  245    48.0   120.0  .339  .339  .339
  248    56.0   230.0  .322  .324  .326  .327  .330  .334  .337  .339  .342  .346  .306  .317  .328  .336  .339  .339
  264    56.0   120.0  .339  .339  .339
  267    65.0   230.0  .313  .315  .317  .318  .322  .325  .329  .333  .336  .344  .304  .316  .327  .336  .339  .339
  283    65.0   120.0  .339  .339  .339
  286    75.0   230.0  .306  .307  .309  .311  .314  .319  .323  .327  .332  .342  .303  .315  .327  .336  .339  .339
  302    75.0   120.0  .339  .339  .339
  305    86.0   230.0  .300  .302  .304  .305  .309  .313  .318  .323  .329  .341  .302  .315  .327  .336  .339  .339
  321    86.0   120.0  .339  .339  .339
  324    98.0   230.0  .296  .298  .300  .301  .305  .310  .315  .321  .327  .340  .302  .314  .326  .336  .339  .339
  340    98.0   120.0  .339  .339  .339
  343   111.0   230.0  .294  .296  .297  .299  .303  .308  .313  .319  .325  .339  .301  .314  .326  .336  .339  .339
  359   111.0   120.0  .339  .339  .339
  362   125.0   230.0  .293  .295  .296  .298  .302  .307  .313  .319  .325  .339  .301  .314  .326  .335  .339  .339
  378   125.0   120.0  .339  .339  .339
