 Example 4 - Infiltration Test

 Program SWMS_2D
 Time independent boundary conditions
 Axisymmetric flow, V = L*L*L
 Units: L = cm   , T = min  , M = -


 Time  ***     60.0000 ***

    n    x(n)  z(n)     vz(n)     vz(n+1) ...

    1      .0   230.0  -.26E-01  -.20E-01  -.21E-01  -.21E-01  -.17E-01  -.77E-02  -.18E-02  -.35E-03   .88E-04   .14E-03
   11      .0   180.0   .22E-03   .13E-03   .11E-03   .86E-04   .60E-04   .35E-04   .13E-04  -.73E-06  -.13E-06
   20     5.0   230.0  -.26E-01  -.22E-01  -.22E-01  -.23E-01  -.18E-01  -.81E-02  -.15E-02  -.22E-03   .99E-04   .12E-03
   30     5.0   180.0   .19E-03   .12E-03   .10E-03   .77E-04   .53E-04   .29E-04   .96E-05  -.28E-06  -.94E-07
   39    10.0   230.0  -.29E-01  -.23E-01  -.23E-01  -.22E-01  -.17E-01  -.64E-02  -.12E-02  -.13E-03   .11E-03   .12E-03
   49    10.0   180.0   .19E-03   .12E-03   .10E-03   .77E-04   .53E-04   .29E-04   .98E-05  -.13E-06  -.65E-07
   58    14.0   230.0  -.35E-01  -.26E-01  -.23E-01  -.21E-01  -.14E-01  -.43E-02  -.80E-03  -.37E-04   .12E-03   .12E-03
   68    14.0   180.0   .19E-03   .12E-03   .10E-03   .77E-04   .53E-04   .30E-04   .99E-05  -.93E-07  -.56E-07
   77    17.0   230.0  -.53E-01  -.25E-01  -.20E-01  -.17E-01  -.11E-01  -.27E-02  -.52E-03   .24E-04   .13E-03   .12E-03
   87    17.0   180.0   .19E-03   .12E-03   .10E-03   .77E-04   .53E-04   .30E-04   .99E-05  -.10E-06  -.58E-07
   96    19.0   230.0  -.13E-01  -.12E-01  -.13E-01  -.12E-01  -.76E-02  -.18E-02  -.32E-03   .61E-04   .13E-03   .12E-03
  106    19.0   180.0   .19E-03   .12E-03   .10E-03   .77E-04   .53E-04   .29E-04   .99E-05  -.13E-06  -.63E-07
  115    21.0   230.0  -.41E-02  -.53E-02  -.73E-02  -.83E-02  -.47E-02  -.11E-02  -.15E-03   .88E-04   .13E-03   .12E-03
  125    21.0   180.0   .19E-03   .12E-03   .10E-03   .77E-04   .53E-04   .29E-04   .99E-05  -.15E-06  -.68E-07
  134    23.0   230.0  -.15E-02  -.26E-02  -.41E-02  -.50E-02  -.24E-02  -.52E-03  -.19E-04   .10E-03   .14E-03   .12E-03
  144    23.0   180.0   .19E-03   .12E-03   .10E-03   .77E-04   .53E-04   .29E-04   .98E-05  -.18E-06  -.73E-07
  153    26.0   230.0  -.58E-03  -.97E-03  -.14E-02  -.15E-02  -.64E-03  -.11E-03   .63E-04   .12E-03   .14E-03   .12E-03
  163    26.0   180.0   .19E-03   .12E-03   .10E-03   .77E-04   .53E-04   .29E-04   .98E-05  -.20E-06  -.78E-07
  172    30.0   230.0  -.16E-03  -.19E-03  -.25E-03  -.24E-03  -.78E-04   .39E-04   .88E-04   .12E-03   .14E-03   .12E-03
  182    30.0   180.0   .19E-03   .12E-03   .10E-03   .77E-04   .53E-04   .29E-04   .98E-05  -.21E-06  -.85E-07
  191    35.0   230.0  -.38E-04  -.30E-04  -.30E-04  -.93E-05   .29E-04   .63E-04   .92E-04   .12E-03   .14E-03   .12E-03
  201    35.0   180.0   .19E-03   .12E-03   .10E-03   .77E-04   .53E-04   .29E-04   .98E-05  -.22E-06  -.88E-07
  210    41.0   230.0  -.38E-06   .33E-05   .10E-04   .20E-04   .40E-04   .65E-04   .92E-04   .12E-03   .14E-03   .12E-03
  220    41.0   180.0   .19E-03   .12E-03   .10E-03   .77E-04   .53E-04   .29E-04   .98E-05  -.21E-06  -.89E-07
  229    48.0   230.0   .26E-05   .58E-05   .13E-04   .22E-04   .40E-04   .65E-04   .92E-04   .12E-03   .14E-03   .12E-03
  239    48.0   180.0   .19E-03   .12E-03   .10E-03   .77E-04   .53E-04   .29E-04   .98E-05  -.21E-06  -.88E-07
  248    56.0   230.0   .27E-05   .59E-05   .13E-04   .22E-04   .40E-04   .65E-04   .92E-04   .12E-03   .14E-03   .12E-03
  258    56.0   180.0   .19E-03   .12E-03   .10E-03   .77E-04   .53E-04   .29E-04   .98E-05  -.21E-06  -.86E-07
  267    65.0   230.0   .27E-05   .59E-05   .13E-04   .22E-04   .40E-04   .65E-04   .92E-04   .12E-03   .14E-03   .12E-03
  277    65.0   180.0   .19E-03   .12E-03   .10E-03   .77E-04   .53E-04   .29E-04   .98E-05  -.21E-06  -.86E-07
  286    75.0   230.0   .27E-05   .59E-05   .13E-04   .22E-04   .40E-04   .65E-04   .92E-04   .12E-03   .14E-03   .12E-03
  296    75.0   180.0   .19E-03   .12E-03   .10E-03   .77E-04   .53E-04   .29E-04   .98E-05  -.20E-06  -.81E-07
  305    86.0   230.0   .27E-05   .59E-05   .13E-04   .22E-04   .40E-04   .65E-04   .92E-04   .12E-03   .14E-03   .12E-03
  315    86.0   180.0   .19E-03   .12E-03   .10E-03   .77E-04   .53E-04   .29E-04   .98E-05  -.18E-06  -.61E-07
  324    98.0   230.0   .27E-05   .59E-05   .13E-04   .22E-04   .40E-04   .65E-04   .92E-04   .12E-03   .14E-03   .12E-03
  334    98.0   180.0   .19E-03   .12E-03   .10E-03   .77E-04   .53E-04   .29E-04   .99E-05  -.61E-07   .72E-09
  343   111.0   230.0   .27E-05   .60E-05   .13E-04   .22E-04   .40E-04   .66E-04   .92E-04   .12E-03   .14E-03   .12E-03
  353   111.0   180.0   .18E-03   .13E-03   .10E-03   .78E-04   .53E-04   .30E-04   .10E-04   .31E-06   .16E-06
  362   125.0   230.0   .30E-05   .71E-05   .14E-04   .24E-04   .44E-04   .68E-04   .94E-04   .12E-03   .14E-03   .96E-04
  372   125.0   180.0   .16E-03   .12E-03   .93E-04   .69E-04   .46E-04   .24E-04   .73E-05   .60E-06   .33E-06


 Time  ***    180.0000 ***

    n    x(n)  z(n)     vz(n)     vz(n+1) ...

    1      .0   230.0  -.21E-01  -.19E-01  -.19E-01  -.19E-01  -.16E-01  -.12E-01  -.86E-02  -.52E-02  -.19E-02  -.39E-03
   11      .0   180.0  -.12E-04   .92E-04   .97E-04   .80E-04   .57E-04   .33E-04   .12E-04  -.12E-05  -.29E-06
   20     5.0   230.0  -.22E-01  -.20E-01  -.20E-01  -.19E-01  -.16E-01  -.12E-01  -.87E-02  -.51E-02  -.15E-02  -.26E-03
   30     5.0   180.0   .23E-04   .91E-04   .90E-04   .72E-04   .50E-04   .27E-04   .87E-05  -.64E-06  -.24E-06
   39    10.0   230.0  -.23E-01  -.21E-01  -.20E-01  -.19E-01  -.15E-01  -.11E-01  -.75E-02  -.42E-02  -.12E-02  -.18E-03
   49    10.0   180.0   .57E-04   .96E-04   .91E-04   .72E-04   .50E-04   .28E-04   .90E-05  -.49E-06  -.21E-06
   58    14.0   230.0  -.28E-01  -.23E-01  -.20E-01  -.17E-01  -.13E-01  -.90E-02  -.61E-02  -.32E-02  -.91E-03  -.10E-03
   68    14.0   180.0   .89E-04   .10E-03   .92E-04   .73E-04   .50E-04   .28E-04   .90E-05  -.44E-06  -.20E-06
   77    17.0   230.0  -.43E-01  -.21E-01  -.17E-01  -.14E-01  -.10E-01  -.74E-02  -.48E-02  -.24E-02  -.68E-03  -.52E-04
   87    17.0   180.0   .11E-03   .11E-03   .93E-04   .73E-04   .50E-04   .28E-04   .90E-05  -.44E-06  -.20E-06
   96    19.0   230.0  -.11E-01  -.10E-01  -.11E-01  -.10E-01  -.82E-02  -.62E-02  -.40E-02  -.19E-02  -.52E-03  -.15E-04
  106    19.0   180.0   .13E-03   .11E-03   .94E-04   .73E-04   .50E-04   .28E-04   .90E-05  -.46E-06  -.20E-06
  115    21.0   230.0  -.37E-02  -.45E-02  -.62E-02  -.69E-02  -.63E-02  -.50E-02  -.31E-02  -.14E-02  -.37E-03   .17E-04
  125    21.0   180.0   .14E-03   .11E-03   .95E-04   .73E-04   .50E-04   .28E-04   .90E-05  -.48E-06  -.20E-06
  134    23.0   230.0  -.14E-02  -.22E-02  -.36E-02  -.46E-02  -.47E-02  -.38E-02  -.23E-02  -.96E-03  -.22E-03   .46E-04
  144    23.0   180.0   .15E-03   .11E-03   .95E-04   .73E-04   .50E-04   .28E-04   .90E-05  -.50E-06  -.20E-06
  153    26.0   230.0  -.52E-03  -.98E-03  -.18E-02  -.25E-02  -.29E-02  -.23E-02  -.13E-02  -.49E-03  -.59E-04   .76E-04
  163    26.0   180.0   .16E-03   .11E-03   .96E-04   .74E-04   .51E-04   .28E-04   .90E-05  -.51E-06  -.21E-06
  172    30.0   230.0  -.21E-03  -.40E-03  -.72E-03  -.11E-02  -.13E-02  -.92E-03  -.45E-03  -.12E-03   .59E-04   .98E-04
  182    30.0   180.0   .17E-03   .12E-03   .97E-04   .74E-04   .51E-04   .28E-04   .90E-05  -.51E-06  -.21E-06
  191    35.0   230.0  -.86E-04  -.13E-03  -.19E-03  -.28E-03  -.30E-03  -.20E-03  -.54E-04   .53E-04   .11E-03   .11E-03
  201    35.0   180.0   .18E-03   .12E-03   .97E-04   .74E-04   .51E-04   .28E-04   .90E-05  -.50E-06  -.20E-06
  210    41.0   230.0  -.26E-04  -.25E-04  -.31E-04  -.40E-04  -.27E-04   .17E-04   .66E-04   .10E-03   .13E-03   .11E-03
  220    41.0   180.0   .18E-03   .12E-03   .98E-04   .74E-04   .51E-04   .28E-04   .91E-05  -.48E-06  -.20E-06
  229    48.0   230.0  -.28E-05   .22E-05   .83E-05   .16E-04   .33E-04   .60E-04   .89E-04   .11E-03   .13E-03   .11E-03
  239    48.0   180.0   .18E-03   .12E-03   .98E-04   .74E-04   .51E-04   .28E-04   .91E-05  -.45E-06  -.18E-06
  248    56.0   230.0   .32E-05   .71E-05   .15E-04   .24E-04   .41E-04   .65E-04   .91E-04   .11E-03   .13E-03   .11E-03
  258    56.0   180.0   .18E-03   .12E-03   .98E-04   .74E-04   .51E-04   .28E-04   .91E-05  -.42E-06  -.17E-06
  267    65.0   230.0   .36E-05   .75E-05   .15E-04   .25E-04   .42E-04   .66E-04   .92E-04   .11E-03   .13E-03   .11E-03
  277    65.0   180.0   .18E-03   .12E-03   .98E-04   .75E-04   .51E-04   .28E-04   .92E-05  -.37E-06  -.15E-06
  286    75.0   230.0   .36E-05   .75E-05   .15E-04   .25E-04   .42E-04   .66E-04   .92E-04   .11E-03   .13E-03   .11E-03
  296    75.0   180.0   .18E-03   .12E-03   .98E-04   .75E-04   .51E-04   .28E-04   .93E-05  -.30E-06  -.11E-06
  305    86.0   230.0   .36E-05   .75E-05   .15E-04   .25E-04   .42E-04   .66E-04   .92E-04   .11E-03   .13E-03   .11E-03
  315    86.0   180.0   .18E-03   .12E-03   .98E-04   .75E-04   .51E-04   .28E-04   .94E-05  -.17E-06  -.51E-07
  324    98.0   230.0   .36E-05   .75E-05   .15E-04   .25E-04   .42E-04   .66E-04   .92E-04   .11E-03   .13E-03   .11E-03
  334    98.0   180.0   .18E-03   .12E-03   .98E-04   .75E-04   .51E-04   .29E-04   .97E-05   .66E-07   .60E-07
  343   111.0   230.0   .36E-05   .77E-05   .16E-04   .25E-04   .42E-04   .66E-04   .92E-04   .11E-03   .13E-03   .11E-03
  353   111.0   180.0   .17E-03   .12E-03   .99E-04   .76E-04   .52E-04   .29E-04   .10E-04   .54E-06   .26E-06
  362   125.0   230.0   .41E-05   .93E-05   .17E-04   .27E-04   .46E-04   .69E-04   .94E-04   .11E-03   .13E-03   .87E-04
  372   125.0   180.0   .15E-03   .11E-03   .90E-04   .68E-04   .45E-04   .24E-04   .74E-05   .81E-06   .45E-06


 Time  ***    360.0000 ***

    n    x(n)  z(n)     vz(n)     vz(n+1) ...

    1      .0   230.0  -.21E-01  -.20E-01  -.20E-01  -.19E-01  -.16E-01  -.13E-01  -.97E-02  -.72E-02  -.51E-02  -.16E-02
   11      .0   180.0  -.19E-02  -.49E-03  -.18E-03  -.52E-04  -.13E-04  -.56E-05  -.91E-05  -.12E-04  -.42E-05
   20     5.0   230.0  -.21E-01  -.22E-01  -.20E-01  -.19E-01  -.16E-01  -.12E-01  -.94E-02  -.70E-02  -.50E-02  -.13E-02
   30     5.0   180.0  -.14E-02  -.39E-03  -.14E-03  -.39E-04  -.86E-05  -.47E-05  -.82E-05  -.95E-05  -.40E-05
   39    10.0   230.0  -.22E-01  -.20E-01  -.19E-01  -.18E-01  -.14E-01  -.11E-01  -.83E-02  -.62E-02  -.43E-02  -.11E-02
   49    10.0   180.0  -.12E-02  -.34E-03  -.11E-03  -.30E-04  -.46E-05  -.26E-05  -.70E-05  -.88E-05  -.37E-05
   58    14.0   230.0  -.26E-01  -.22E-01  -.19E-01  -.16E-01  -.12E-01  -.91E-02  -.70E-02  -.52E-02  -.35E-02  -.94E-03
   68    14.0   180.0  -.99E-03  -.28E-03  -.89E-04  -.20E-04   .11E-07  -.35E-06  -.58E-05  -.81E-05  -.35E-05
   77    17.0   230.0  -.39E-01  -.20E-01  -.16E-01  -.13E-01  -.98E-02  -.75E-02  -.59E-02  -.44E-02  -.29E-02  -.80E-03
   87    17.0   180.0  -.81E-03  -.22E-03  -.69E-04  -.11E-04   .40E-05   .16E-05  -.48E-05  -.76E-05  -.32E-05
   96    19.0   230.0  -.10E-01  -.94E-02  -.10E-01  -.94E-02  -.79E-02  -.64E-02  -.51E-02  -.39E-02  -.25E-02  -.70E-03
  106    19.0   180.0  -.68E-03  -.19E-03  -.53E-04  -.42E-05   .71E-05   .32E-05  -.40E-05  -.71E-05  -.31E-05
  115    21.0   230.0  -.35E-02  -.43E-02  -.59E-02  -.65E-02  -.61E-02  -.53E-02  -.43E-02  -.33E-02  -.20E-02  -.60E-03
  125    21.0   180.0  -.56E-03  -.15E-03  -.38E-04   .23E-05   .10E-04   .47E-05  -.32E-05  -.67E-05  -.29E-05
  134    23.0   230.0  -.14E-02  -.21E-02  -.34E-02  -.43E-02  -.46E-02  -.43E-02  -.36E-02  -.28E-02  -.17E-02  -.49E-03
  144    23.0   180.0  -.43E-03  -.11E-03  -.21E-04   .96E-05   .14E-04   .65E-05  -.22E-05  -.62E-05  -.27E-05
  153    26.0   230.0  -.53E-03  -.96E-03  -.17E-02  -.25E-02  -.30E-02  -.30E-02  -.27E-02  -.21E-02  -.11E-02  -.34E-03
  163    26.0   180.0  -.26E-03  -.59E-04   .32E-06   .19E-04   .18E-04   .90E-05  -.87E-06  -.55E-05  -.24E-05
  172    30.0   230.0  -.21E-03  -.42E-03  -.79E-03  -.12E-02  -.16E-02  -.18E-02  -.16E-02  -.12E-02  -.62E-03  -.17E-03
  182    30.0   180.0  -.97E-04  -.48E-05   .25E-04   .31E-04   .24E-04   .12E-04   .89E-06  -.45E-05  -.20E-05
  191    35.0   230.0  -.87E-04  -.17E-03  -.31E-03  -.50E-03  -.71E-03  -.79E-03  -.69E-03  -.48E-03  -.21E-03  -.24E-04
  201    35.0   180.0   .34E-04   .43E-04   .48E-04   .43E-04   .31E-04   .16E-04   .29E-05  -.33E-05  -.15E-05
  210    41.0   230.0  -.37E-04  -.55E-04  -.88E-04  -.14E-03  -.20E-03  -.21E-03  -.16E-03  -.85E-04   .15E-04   .59E-04
  220    41.0   180.0   .11E-03   .77E-04   .67E-04   .53E-04   .37E-04   .19E-04   .50E-05  -.20E-05  -.10E-05
  229    48.0   230.0  -.10E-04  -.82E-05  -.84E-05  -.15E-04  -.18E-04  -.29E-05   .28E-04   .62E-04   .95E-04   .91E-04
  239    48.0   180.0   .15E-03   .96E-04   .79E-04   .61E-04   .41E-04   .23E-04   .69E-05  -.88E-06  -.55E-06
  248    56.0   230.0   .50E-06   .48E-05   .11E-04   .18E-04   .32E-04   .54E-04   .77E-04   .10E-03   .11E-03   .99E-04
  258    56.0   180.0   .16E-03   .11E-03   .86E-04   .66E-04   .45E-04   .25E-04   .84E-05   .44E-07  -.17E-06
  267    65.0   230.0   .36E-05   .77E-05   .16E-04   .26E-04   .42E-04   .64E-04   .87E-04   .11E-03   .12E-03   .10E-03
  277    65.0   180.0   .16E-03   .11E-03   .89E-04   .68E-04   .47E-04   .26E-04   .94E-05   .68E-06   .90E-07
  286    75.0   230.0   .39E-05   .81E-05   .16E-04   .26E-04   .43E-04   .65E-04   .88E-04   .11E-03   .12E-03   .10E-03
  296    75.0   180.0   .16E-03   .11E-03   .90E-04   .69E-04   .48E-04   .27E-04   .10E-04   .11E-05   .25E-06
  305    86.0   230.0   .39E-05   .81E-05   .17E-04   .27E-04   .44E-04   .65E-04   .88E-04   .11E-03   .12E-03   .10E-03
  315    86.0   180.0   .16E-03   .11E-03   .91E-04   .70E-04   .48E-04   .28E-04   .10E-04   .13E-05   .35E-06
  324    98.0   230.0   .40E-05   .82E-05   .17E-04   .27E-04   .44E-04   .65E-04   .88E-04   .11E-03   .12E-03   .10E-03
  334    98.0   180.0   .16E-03   .11E-03   .91E-04   .70E-04   .49E-04   .28E-04   .11E-04   .15E-05   .46E-06
  343   111.0   230.0   .40E-05   .84E-05   .17E-04   .27E-04   .44E-04   .66E-04   .88E-04   .11E-03   .12E-03   .99E-04
  353   111.0   180.0   .15E-03   .11E-03   .92E-04   .71E-04   .49E-04   .28E-04   .11E-04   .19E-05   .65E-06
  362   125.0   230.0   .46E-05   .10E-04   .18E-04   .29E-04   .47E-04   .68E-04   .90E-04   .11E-03   .12E-03   .78E-04
  372   125.0   180.0   .13E-03   .10E-03   .84E-04   .63E-04   .43E-04   .24E-04   .83E-05   .18E-05   .84E-06


 Time  ***    720.0000 ***

    n    x(n)  z(n)     vz(n)     vz(n+1) ...

    1      .0   230.0  -.21E-01  -.21E-01  -.22E-01  -.20E-01  -.16E-01  -.13E-01  -.10E-01  -.81E-02  -.65E-02  -.28E-02
   11      .0   180.0  -.45E-02  -.19E-02  -.12E-02  -.79E-03  -.52E-03  -.35E-03  -.24E-03  -.15E-03  -.54E-04
   20     5.0   230.0  -.20E-01  -.21E-01  -.21E-01  -.19E-01  -.16E-01  -.13E-01  -.99E-02  -.78E-02  -.66E-02  -.25E-02
   30     5.0   180.0  -.37E-02  -.17E-02  -.11E-02  -.69E-03  -.45E-03  -.31E-03  -.20E-03  -.13E-03  -.52E-04
   39    10.0   230.0  -.21E-01  -.20E-01  -.19E-01  -.18E-01  -.14E-01  -.11E-01  -.87E-02  -.70E-02  -.60E-02  -.22E-02
   49    10.0   180.0  -.34E-02  -.16E-02  -.10E-02  -.65E-03  -.43E-03  -.29E-03  -.19E-03  -.12E-03  -.50E-04
   58    14.0   230.0  -.25E-01  -.21E-01  -.18E-01  -.16E-01  -.12E-01  -.92E-02  -.74E-02  -.60E-02  -.52E-02  -.20E-02
   68    14.0   180.0  -.31E-02  -.15E-02  -.93E-03  -.60E-03  -.40E-03  -.28E-03  -.18E-03  -.11E-03  -.47E-04
   77    17.0   230.0  -.37E-01  -.19E-01  -.15E-01  -.12E-01  -.96E-02  -.76E-02  -.63E-02  -.52E-02  -.46E-02  -.17E-02
   87    17.0   180.0  -.28E-02  -.13E-02  -.86E-03  -.56E-03  -.38E-03  -.26E-03  -.17E-03  -.11E-03  -.45E-04
   96    19.0   230.0  -.10E-01  -.90E-02  -.96E-02  -.91E-02  -.78E-02  -.65E-02  -.55E-02  -.46E-02  -.41E-02  -.16E-02
  106    19.0   180.0  -.26E-02  -.12E-02  -.80E-03  -.53E-03  -.36E-03  -.25E-03  -.17E-03  -.10E-03  -.44E-04
  115    21.0   230.0  -.34E-02  -.41E-02  -.57E-02  -.63E-02  -.61E-02  -.54E-02  -.48E-02  -.41E-02  -.37E-02  -.15E-02
  125    21.0   180.0  -.23E-02  -.11E-02  -.75E-03  -.50E-03  -.34E-03  -.24E-03  -.16E-03  -.10E-03  -.42E-04
  134    23.0   230.0  -.13E-02  -.21E-02  -.34E-02  -.42E-02  -.46E-02  -.45E-02  -.41E-02  -.36E-02  -.33E-02  -.13E-02
  144    23.0   180.0  -.21E-02  -.10E-02  -.69E-03  -.46E-03  -.32E-03  -.22E-03  -.15E-03  -.94E-04  -.40E-04
  153    26.0   230.0  -.54E-03  -.97E-03  -.18E-02  -.25E-02  -.31E-02  -.32E-02  -.31E-02  -.29E-02  -.26E-02  -.11E-02
  163    26.0   180.0  -.17E-02  -.89E-03  -.60E-03  -.41E-03  -.29E-03  -.20E-03  -.14E-03  -.86E-04  -.36E-04
  172    30.0   230.0  -.23E-03  -.44E-03  -.84E-03  -.13E-02  -.18E-02  -.21E-02  -.21E-02  -.20E-02  -.19E-02  -.83E-03
  182    30.0   180.0  -.13E-02  -.69E-03  -.48E-03  -.34E-03  -.24E-03  -.17E-03  -.12E-03  -.75E-04  -.32E-04
  191    35.0   230.0  -.98E-04  -.19E-03  -.38E-03  -.62E-03  -.91E-03  -.12E-02  -.13E-02  -.12E-02  -.11E-02  -.53E-03
  201    35.0   180.0  -.83E-03  -.48E-03  -.35E-03  -.25E-03  -.19E-03  -.14E-03  -.95E-04  -.61E-04  -.26E-04
  210    41.0   230.0  -.42E-04  -.82E-04  -.16E-03  -.25E-03  -.40E-03  -.53E-03  -.59E-03  -.60E-03  -.53E-03  -.26E-03
  220    41.0   180.0  -.41E-03  -.27E-03  -.22E-03  -.17E-03  -.13E-03  -.99E-04  -.70E-04  -.45E-04  -.19E-04
  229    48.0   230.0  -.18E-04  -.28E-04  -.45E-04  -.74E-04  -.12E-03  -.16E-03  -.18E-03  -.18E-03  -.14E-03  -.60E-04
  239    48.0   180.0  -.12E-03  -.11E-03  -.10E-03  -.88E-04  -.73E-04  -.60E-04  -.43E-04  -.28E-04  -.12E-04
  248    56.0   230.0  -.52E-05  -.37E-05  -.90E-06  -.21E-05  -.55E-05  -.55E-05   .82E-06   .12E-04   .30E-04   .42E-04
  258    56.0   180.0   .44E-04  -.23E-05  -.17E-04  -.23E-04  -.25E-04  -.24E-04  -.18E-04  -.13E-04  -.51E-05
  267    65.0   230.0   .83E-06   .52E-05   .13E-04   .20E-04   .31E-04   .46E-04   .62E-04   .76E-04   .86E-04   .76E-04
  277    65.0   180.0   .11E-03   .57E-04   .37E-04   .22E-04   .12E-04   .50E-05   .17E-05   .51E-06   .61E-06
  286    75.0   230.0   .33E-05   .77E-05   .16E-04   .26E-04   .40E-04   .58E-04   .77E-04   .91E-04   .10E-03   .84E-04
  296    75.0   180.0   .13E-03   .83E-04   .65E-04   .49E-04   .36E-04   .25E-04   .16E-04   .10E-04   .48E-05
  305    86.0   230.0   .39E-05   .79E-05   .16E-04   .27E-04   .42E-04   .60E-04   .79E-04   .93E-04   .10E-03   .84E-04
  315    86.0   180.0   .14E-03   .93E-04   .77E-04   .63E-04   .49E-04   .37E-04   .25E-04   .16E-04   .74E-05
  324    98.0   230.0   .39E-05   .80E-05   .16E-04   .27E-04   .42E-04   .61E-04   .79E-04   .93E-04   .10E-03   .83E-04
  334    98.0   180.0   .14E-03   .95E-04   .82E-04   .69E-04   .55E-04   .43E-04   .30E-04   .19E-04   .88E-05
  343   111.0   230.0   .39E-05   .83E-05   .17E-04   .27E-04   .43E-04   .61E-04   .79E-04   .94E-04   .10E-03   .83E-04
  353   111.0   180.0   .13E-03   .96E-04   .84E-04   .71E-04   .58E-04   .45E-04   .32E-04   .20E-04   .96E-05
  362   125.0   230.0   .46E-05   .10E-04   .18E-04   .29E-04   .46E-04   .63E-04   .80E-04   .93E-04   .98E-04   .65E-04
  372   125.0   180.0   .11E-03   .90E-04   .77E-04   .65E-04   .53E-04   .41E-04   .28E-04   .17E-04   .10E-04


 Time  ***   1440.0000 ***

    n    x(n)  z(n)     vz(n)     vz(n+1) ...

    1      .0   230.0  -.20E-01  -.20E-01  -.22E-01  -.20E-01  -.17E-01  -.13E-01  -.10E-01  -.84E-02  -.70E-02  -.32E-02
   11      .0   180.0  -.56E-02  -.28E-02  -.21E-02  -.16E-02  -.12E-02  -.90E-03  -.64E-03  -.41E-03  -.14E-03
   20     5.0   230.0  -.20E-01  -.21E-01  -.21E-01  -.19E-01  -.16E-01  -.13E-01  -.10E-01  -.81E-02  -.70E-02  -.29E-02
   30     5.0   180.0  -.48E-02  -.26E-02  -.19E-02  -.14E-02  -.11E-02  -.79E-03  -.54E-03  -.34E-03  -.14E-03
   39    10.0   230.0  -.21E-01  -.20E-01  -.19E-01  -.18E-01  -.14E-01  -.11E-01  -.89E-02  -.72E-02  -.64E-02  -.26E-02
   49    10.0   180.0  -.45E-02  -.25E-02  -.18E-02  -.14E-02  -.10E-02  -.77E-03  -.53E-03  -.33E-03  -.13E-03
   58    14.0   230.0  -.25E-01  -.21E-01  -.18E-01  -.15E-01  -.12E-01  -.93E-02  -.76E-02  -.63E-02  -.57E-02  -.24E-02
   68    14.0   180.0  -.41E-02  -.23E-02  -.17E-02  -.13E-02  -.99E-03  -.74E-03  -.51E-03  -.32E-03  -.13E-03
   77    17.0   230.0  -.36E-01  -.19E-01  -.15E-01  -.12E-01  -.96E-02  -.77E-02  -.65E-02  -.55E-02  -.51E-02  -.22E-02
   87    17.0   180.0  -.38E-02  -.22E-02  -.16E-02  -.12E-02  -.95E-03  -.71E-03  -.49E-03  -.31E-03  -.13E-03
   96    19.0   230.0  -.98E-02  -.88E-02  -.95E-02  -.90E-02  -.78E-02  -.66E-02  -.57E-02  -.50E-02  -.47E-02  -.20E-02
  106    19.0   180.0  -.36E-02  -.21E-02  -.16E-02  -.12E-02  -.92E-03  -.69E-03  -.48E-03  -.30E-03  -.12E-03
  115    21.0   230.0  -.33E-02  -.40E-02  -.56E-02  -.62E-02  -.61E-02  -.56E-02  -.50E-02  -.45E-02  -.42E-02  -.19E-02
  125    21.0   180.0  -.34E-02  -.20E-02  -.15E-02  -.12E-02  -.89E-03  -.67E-03  -.46E-03  -.29E-03  -.12E-03
  134    23.0   230.0  -.13E-02  -.21E-02  -.34E-02  -.42E-02  -.47E-02  -.46E-02  -.43E-02  -.39E-02  -.38E-02  -.17E-02
  144    23.0   180.0  -.31E-02  -.18E-02  -.14E-02  -.11E-02  -.85E-03  -.64E-03  -.44E-03  -.28E-03  -.11E-03
  153    26.0   230.0  -.56E-03  -.99E-03  -.18E-02  -.25E-02  -.31E-02  -.34E-02  -.34E-02  -.32E-02  -.32E-02  -.15E-02
  163    26.0   180.0  -.28E-02  -.17E-02  -.13E-02  -.10E-02  -.79E-03  -.60E-03  -.41E-03  -.26E-03  -.11E-03
  172    30.0   230.0  -.24E-03  -.46E-03  -.89E-03  -.14E-02  -.19E-02  -.23E-02  -.24E-02  -.24E-02  -.25E-02  -.12E-02
  182    30.0   180.0  -.23E-02  -.14E-02  -.11E-02  -.91E-03  -.71E-03  -.54E-03  -.37E-03  -.23E-03  -.96E-04
  191    35.0   230.0  -.11E-03  -.22E-03  -.44E-03  -.70E-03  -.10E-02  -.14E-02  -.16E-02  -.17E-02  -.18E-02  -.95E-03
  201    35.0   180.0  -.18E-02  -.12E-02  -.95E-03  -.77E-03  -.61E-03  -.47E-03  -.32E-03  -.20E-03  -.82E-04
  210    41.0   230.0  -.54E-04  -.11E-03  -.21E-03  -.34E-03  -.55E-03  -.76E-03  -.92E-03  -.10E-02  -.11E-02  -.65E-03
  220    41.0   180.0  -.12E-02  -.86E-03  -.73E-03  -.61E-03  -.49E-03  -.38E-03  -.26E-03  -.16E-03  -.65E-04
  229    48.0   230.0  -.25E-04  -.47E-04  -.92E-04  -.15E-03  -.25E-03  -.37E-03  -.47E-03  -.54E-03  -.62E-03  -.37E-03
  239    48.0   180.0  -.74E-03  -.57E-03  -.51E-03  -.44E-03  -.36E-03  -.28E-03  -.19E-03  -.12E-03  -.47E-04
  248    56.0   230.0  -.10E-04  -.17E-04  -.31E-04  -.54E-04  -.92E-04  -.14E-03  -.18E-03  -.22E-03  -.25E-03  -.16E-03
  258    56.0   180.0  -.35E-03  -.32E-03  -.31E-03  -.27E-03  -.23E-03  -.18E-03  -.12E-03  -.70E-04  -.27E-04
  267    65.0   230.0  -.26E-05  -.21E-05  -.19E-05  -.47E-05  -.10E-04  -.19E-04  -.30E-04  -.40E-04  -.48E-04  -.27E-04
  277    65.0   180.0  -.10E-03  -.13E-03  -.14E-03  -.13E-03  -.11E-03  -.82E-04  -.48E-04  -.24E-04  -.78E-05
  286    75.0   230.0   .13E-05   .45E-05   .99E-05   .15E-04   .22E-04   .30E-04   .37E-04   .41E-04   .43E-04   .41E-04
  296    75.0   180.0   .41E-04  -.60E-05  -.23E-04  -.25E-04  -.17E-04  -.26E-05   .12E-04   .17E-04   .89E-05
  305    86.0   230.0   .29E-05   .66E-05   .14E-04   .21E-04   .32E-04   .46E-04   .58E-04   .68E-04   .74E-04   .65E-04
  315    86.0   180.0   .10E-03   .62E-04   .51E-04   .48E-04   .52E-04   .58E-04   .59E-04   .50E-04   .22E-04
  324    98.0   230.0   .33E-05   .69E-05   .14E-04   .22E-04   .34E-04   .49E-04   .63E-04   .74E-04   .81E-04   .70E-04
  334    98.0   180.0   .13E-03   .94E-04   .91E-04   .92E-04   .96E-04   .98E-04   .90E-04   .72E-04   .31E-04
  343   111.0   230.0   .34E-05   .71E-05   .14E-04   .22E-04   .35E-04   .50E-04   .63E-04   .75E-04   .82E-04   .70E-04
  353   111.0   180.0   .13E-03   .11E-03   .11E-03   .11E-03   .12E-03   .12E-03   .11E-03   .83E-04   .36E-04
  362   125.0   230.0   .39E-05   .87E-05   .16E-04   .24E-04   .37E-04   .51E-04   .64E-04   .75E-04   .80E-04   .56E-04
  372   125.0   180.0   .11E-03   .11E-03   .11E-03   .11E-03   .12E-03   .12E-03   .96E-04   .69E-04   .39E-04


 Time  ***   2160.0000 ***

    n    x(n)  z(n)     vz(n)     vz(n+1) ...

    1      .0   230.0  -.20E-01  -.20E-01  -.21E-01  -.20E-01  -.17E-01  -.13E-01  -.11E-01  -.84E-02  -.71E-02  -.33E-02
   11      .0   180.0  -.58E-02  -.30E-02  -.23E-02  -.18E-02  -.14E-02  -.11E-02  -.76E-03  -.45E-03  -.16E-03
   20     5.0   230.0  -.20E-01  -.21E-01  -.21E-01  -.19E-01  -.16E-01  -.13E-01  -.10E-01  -.82E-02  -.71E-02  -.30E-02
   30     5.0   180.0  -.50E-02  -.28E-02  -.21E-02  -.16E-02  -.12E-02  -.92E-03  -.66E-03  -.37E-03  -.16E-03
   39    10.0   230.0  -.21E-01  -.20E-01  -.19E-01  -.18E-01  -.14E-01  -.11E-01  -.89E-02  -.73E-02  -.65E-02  -.27E-02
   49    10.0   180.0  -.47E-02  -.27E-02  -.20E-02  -.16E-02  -.12E-02  -.90E-03  -.64E-03  -.36E-03  -.15E-03
   58    14.0   230.0  -.25E-01  -.21E-01  -.18E-01  -.15E-01  -.12E-01  -.94E-02  -.76E-02  -.64E-02  -.58E-02  -.25E-02
   68    14.0   180.0  -.43E-02  -.25E-02  -.19E-02  -.15E-02  -.12E-02  -.87E-03  -.62E-03  -.35E-03  -.15E-03
   77    17.0   230.0  -.36E-01  -.19E-01  -.15E-01  -.12E-01  -.96E-02  -.78E-02  -.65E-02  -.56E-02  -.52E-02  -.23E-02
   87    17.0   180.0  -.41E-02  -.24E-02  -.18E-02  -.14E-02  -.11E-02  -.84E-03  -.60E-03  -.34E-03  -.14E-03
   96    19.0   230.0  -.97E-02  -.88E-02  -.95E-02  -.90E-02  -.78E-02  -.67E-02  -.58E-02  -.51E-02  -.48E-02  -.21E-02
  106    19.0   180.0  -.38E-02  -.23E-02  -.18E-02  -.14E-02  -.11E-02  -.81E-03  -.58E-03  -.33E-03  -.14E-03
  115    21.0   230.0  -.33E-02  -.40E-02  -.56E-02  -.62E-02  -.61E-02  -.56E-02  -.50E-02  -.45E-02  -.44E-02  -.20E-02
  125    21.0   180.0  -.36E-02  -.22E-02  -.17E-02  -.13E-02  -.10E-02  -.79E-03  -.56E-03  -.32E-03  -.14E-03
  134    23.0   230.0  -.13E-02  -.21E-02  -.33E-02  -.42E-02  -.47E-02  -.46E-02  -.44E-02  -.40E-02  -.40E-02  -.18E-02
  144    23.0   180.0  -.34E-02  -.20E-02  -.16E-02  -.13E-02  -.10E-02  -.76E-03  -.54E-03  -.31E-03  -.13E-03
  153    26.0   230.0  -.56E-03  -.99E-03  -.18E-02  -.25E-02  -.32E-02  -.34E-02  -.35E-02  -.33E-02  -.34E-02  -.16E-02
  163    26.0   180.0  -.30E-02  -.19E-02  -.15E-02  -.12E-02  -.94E-03  -.72E-03  -.51E-03  -.29E-03  -.12E-03
  172    30.0   230.0  -.25E-03  -.47E-03  -.90E-03  -.14E-02  -.19E-02  -.23E-02  -.25E-02  -.25E-02  -.27E-02  -.14E-02
  182    30.0   180.0  -.26E-02  -.16E-02  -.13E-02  -.11E-02  -.86E-03  -.65E-03  -.47E-03  -.27E-03  -.11E-03
  191    35.0   230.0  -.12E-03  -.23E-03  -.45E-03  -.73E-03  -.11E-02  -.14E-02  -.17E-02  -.18E-02  -.20E-02  -.11E-02
  201    35.0   180.0  -.20E-02  -.14E-02  -.11E-02  -.94E-03  -.75E-03  -.57E-03  -.41E-03  -.23E-03  -.98E-04
  210    41.0   230.0  -.59E-04  -.12E-03  -.23E-03  -.38E-03  -.60E-03  -.84E-03  -.10E-02  -.12E-02  -.13E-02  -.76E-03
  220    41.0   180.0  -.15E-02  -.11E-02  -.91E-03  -.76E-03  -.62E-03  -.47E-03  -.33E-03  -.19E-03  -.80E-04
  229    48.0   230.0  -.29E-04  -.58E-04  -.12E-03  -.19E-03  -.31E-03  -.45E-03  -.58E-03  -.69E-03  -.80E-03  -.50E-03
  239    48.0   180.0  -.99E-03  -.74E-03  -.67E-03  -.57E-03  -.47E-03  -.36E-03  -.25E-03  -.14E-03  -.59E-04
  248    56.0   230.0  -.14E-04  -.27E-04  -.54E-04  -.90E-04  -.15E-03  -.22E-03  -.29E-03  -.36E-03  -.42E-03  -.28E-03
  258    56.0   180.0  -.57E-03  -.47E-03  -.44E-03  -.38E-03  -.32E-03  -.24E-03  -.16E-03  -.90E-04  -.36E-04
  267    65.0   230.0  -.64E-05  -.10E-04  -.19E-04  -.32E-04  -.54E-04  -.84E-04  -.12E-03  -.15E-03  -.17E-03  -.12E-03
  277    65.0   180.0  -.26E-03  -.24E-03  -.24E-03  -.21E-03  -.17E-03  -.12E-03  -.75E-04  -.36E-04  -.13E-04
  286    75.0   230.0  -.14E-05  -.77E-06  -.38E-06  -.13E-05  -.42E-05  -.94E-05  -.16E-04  -.23E-04  -.30E-04  -.14E-04
  296    75.0   180.0  -.56E-04  -.77E-04  -.82E-04  -.71E-04  -.47E-04  -.19E-04   .48E-05   .13E-04   .81E-05
  305    86.0   230.0   .12E-05   .34E-05   .79E-05   .13E-04   .19E-04   .25E-04   .32E-04   .37E-04   .41E-04   .41E-04
  315    86.0   180.0   .63E-04   .31E-04   .28E-04   .35E-04   .50E-04   .64E-04   .70E-04   .55E-04   .25E-04
  324    98.0   230.0   .24E-05   .53E-05   .11E-04   .17E-04   .27E-04   .38E-04   .50E-04   .60E-04   .69E-04   .64E-04
  334    98.0   180.0   .12E-03   .93E-04   .97E-04   .11E-03   .12E-03   .12E-03   .12E-03   .85E-04   .38E-04
  343   111.0   230.0   .28E-05   .59E-05   .12E-04   .18E-04   .29E-04   .42E-04   .54E-04   .67E-04   .77E-04   .71E-04
  353   111.0   180.0   .14E-03   .12E-03   .13E-03   .14E-03   .15E-03   .16E-03   .14E-03   .10E-03   .46E-04
  362   125.0   230.0   .33E-05   .73E-05   .13E-04   .20E-04   .31E-04   .44E-04   .56E-04   .69E-04   .78E-04   .59E-04
  372   125.0   180.0   .13E-03   .13E-03   .14E-03   .15E-03   .15E-03   .15E-03   .13E-03   .87E-04   .49E-04


 Time  ***   2880.0000 ***

    n    x(n)  z(n)     vz(n)     vz(n+1) ...

    1      .0   230.0  -.20E-01  -.20E-01  -.21E-01  -.20E-01  -.17E-01  -.13E-01  -.11E-01  -.85E-02  -.71E-02  -.33E-02
   11      .0   180.0  -.59E-02  -.31E-02  -.24E-02  -.19E-02  -.14E-02  -.11E-02  -.82E-03  -.42E-03  -.16E-03
   20     5.0   230.0  -.20E-01  -.21E-01  -.21E-01  -.19E-01  -.16E-01  -.13E-01  -.10E-01  -.82E-02  -.71E-02  -.30E-02
   30     5.0   180.0  -.51E-02  -.28E-02  -.22E-02  -.17E-02  -.13E-02  -.96E-03  -.71E-03  -.35E-03  -.16E-03
   39    10.0   230.0  -.21E-01  -.20E-01  -.19E-01  -.18E-01  -.14E-01  -.11E-01  -.90E-02  -.74E-02  -.65E-02  -.27E-02
   49    10.0   180.0  -.48E-02  -.27E-02  -.21E-02  -.16E-02  -.13E-02  -.93E-03  -.69E-03  -.34E-03  -.15E-03
   58    14.0   230.0  -.25E-01  -.21E-01  -.18E-01  -.15E-01  -.12E-01  -.94E-02  -.76E-02  -.64E-02  -.59E-02  -.25E-02
   68    14.0   180.0  -.44E-02  -.26E-02  -.20E-02  -.16E-02  -.12E-02  -.90E-03  -.66E-03  -.33E-03  -.15E-03
   77    17.0   230.0  -.36E-01  -.19E-01  -.15E-01  -.12E-01  -.96E-02  -.78E-02  -.65E-02  -.56E-02  -.53E-02  -.23E-02
   87    17.0   180.0  -.41E-02  -.25E-02  -.19E-02  -.15E-02  -.12E-02  -.87E-03  -.64E-03  -.32E-03  -.14E-03
   96    19.0   230.0  -.97E-02  -.87E-02  -.94E-02  -.89E-02  -.78E-02  -.67E-02  -.58E-02  -.51E-02  -.48E-02  -.22E-02
  106    19.0   180.0  -.39E-02  -.24E-02  -.18E-02  -.15E-02  -.11E-02  -.84E-03  -.63E-03  -.31E-03  -.14E-03
  115    21.0   230.0  -.33E-02  -.40E-02  -.56E-02  -.62E-02  -.61E-02  -.56E-02  -.51E-02  -.46E-02  -.44E-02  -.20E-02
  125    21.0   180.0  -.37E-02  -.22E-02  -.18E-02  -.14E-02  -.11E-02  -.82E-03  -.61E-03  -.30E-03  -.14E-03
  134    23.0   230.0  -.13E-02  -.21E-02  -.33E-02  -.42E-02  -.47E-02  -.46E-02  -.44E-02  -.41E-02  -.40E-02  -.19E-02
  144    23.0   180.0  -.35E-02  -.21E-02  -.17E-02  -.13E-02  -.11E-02  -.79E-03  -.59E-03  -.29E-03  -.13E-03
  153    26.0   230.0  -.56E-03  -.99E-03  -.18E-02  -.25E-02  -.32E-02  -.35E-02  -.35E-02  -.34E-02  -.34E-02  -.17E-02
  163    26.0   180.0  -.31E-02  -.19E-02  -.16E-02  -.13E-02  -.99E-03  -.74E-03  -.55E-03  -.27E-03  -.12E-03
  172    30.0   230.0  -.25E-03  -.47E-03  -.91E-03  -.14E-02  -.19E-02  -.23E-02  -.25E-02  -.26E-02  -.27E-02  -.14E-02
  182    30.0   180.0  -.27E-02  -.17E-02  -.14E-02  -.11E-02  -.90E-03  -.68E-03  -.50E-03  -.25E-03  -.11E-03
  191    35.0   230.0  -.12E-03  -.23E-03  -.46E-03  -.74E-03  -.11E-02  -.15E-02  -.17E-02  -.18E-02  -.20E-02  -.11E-02
  201    35.0   180.0  -.21E-02  -.14E-02  -.12E-02  -.99E-03  -.79E-03  -.60E-03  -.44E-03  -.22E-03  -.98E-04
  210    41.0   230.0  -.61E-04  -.12E-03  -.24E-03  -.39E-03  -.62E-03  -.87E-03  -.11E-02  -.12E-02  -.14E-02  -.81E-03
  220    41.0   180.0  -.16E-02  -.11E-02  -.97E-03  -.81E-03  -.65E-03  -.49E-03  -.36E-03  -.18E-03  -.80E-04
  229    48.0   230.0  -.32E-04  -.63E-04  -.13E-03  -.21E-03  -.34E-03  -.49E-03  -.63E-03  -.74E-03  -.87E-03  -.54E-03
  239    48.0   180.0  -.11E-02  -.81E-03  -.72E-03  -.62E-03  -.50E-03  -.38E-03  -.28E-03  -.14E-03  -.60E-04
  248    56.0   230.0  -.17E-04  -.32E-04  -.64E-04  -.11E-03  -.17E-03  -.26E-03  -.34E-03  -.42E-03  -.50E-03  -.33E-03
  258    56.0   180.0  -.67E-03  -.53E-03  -.49E-03  -.42E-03  -.34E-03  -.25E-03  -.18E-03  -.89E-04  -.37E-04
  267    65.0   230.0  -.81E-05  -.15E-04  -.28E-04  -.48E-04  -.81E-04  -.12E-03  -.16E-03  -.20E-03  -.24E-03  -.16E-03
  277    65.0   180.0  -.34E-03  -.29E-03  -.28E-03  -.24E-03  -.19E-03  -.13E-03  -.83E-04  -.38E-04  -.14E-04
  286    75.0   230.0  -.30E-05  -.46E-05  -.82E-05  -.15E-04  -.25E-04  -.39E-04  -.55E-04  -.69E-04  -.81E-04  -.50E-04
  296    75.0   180.0  -.12E-03  -.11E-03  -.11E-03  -.87E-04  -.54E-04  -.19E-04   .53E-05   .10E-04   .72E-05
  305    86.0   230.0  -.49E-08   .10E-05   .28E-05   .39E-05   .51E-05   .66E-05   .73E-05   .85E-05   .10E-04   .20E-04
  315    86.0   180.0   .31E-04   .13E-04   .18E-04   .33E-04   .54E-04   .72E-04   .79E-04   .51E-04   .25E-04
  324    98.0   230.0   .15E-05   .37E-05   .81E-05   .13E-04   .20E-04   .29E-04   .38E-04   .47E-04   .56E-04   .56E-04
  334    98.0   180.0   .11E-03   .92E-04   .10E-03   .12E-03   .13E-03   .14E-03   .13E-03   .82E-04   .38E-04
  343   111.0   230.0   .23E-05   .51E-05   .10E-04   .16E-04   .26E-04   .38E-04   .51E-04   .63E-04   .75E-04   .72E-04
  353   111.0   180.0   .15E-03   .13E-03   .15E-03   .16E-03   .18E-03   .18E-03   .16E-03   .10E-03   .47E-04
  362   125.0   230.0   .31E-05   .68E-05   .12E-04   .19E-04   .29E-04   .42E-04   .55E-04   .68E-04   .80E-04   .62E-04
  372   125.0   180.0   .14E-03   .14E-03   .15E-03   .17E-03   .18E-03   .17E-03   .15E-03   .87E-04   .50E-04


 Time  ***   4320.0000 ***

    n    x(n)  z(n)     vz(n)     vz(n+1) ...

    1      .0   230.0  -.20E-01  -.20E-01  -.21E-01  -.20E-01  -.17E-01  -.13E-01  -.11E-01  -.85E-02  -.71E-02  -.34E-02
   11      .0   180.0  -.61E-02  -.32E-02  -.24E-02  -.19E-02  -.15E-02  -.11E-02  -.75E-03  -.33E-03  -.14E-03
   20     5.0   230.0  -.20E-01  -.21E-01  -.21E-01  -.19E-01  -.16E-01  -.13E-01  -.10E-01  -.83E-02  -.71E-02  -.30E-02
   30     5.0   180.0  -.52E-02  -.29E-02  -.22E-02  -.17E-02  -.13E-02  -.98E-03  -.66E-03  -.28E-03  -.14E-03
   39    10.0   230.0  -.21E-01  -.20E-01  -.19E-01  -.18E-01  -.14E-01  -.11E-01  -.90E-02  -.74E-02  -.66E-02  -.28E-02
   49    10.0   180.0  -.48E-02  -.28E-02  -.21E-02  -.16E-02  -.12E-02  -.95E-03  -.64E-03  -.27E-03  -.13E-03
   58    14.0   230.0  -.24E-01  -.21E-01  -.18E-01  -.15E-01  -.12E-01  -.94E-02  -.77E-02  -.64E-02  -.59E-02  -.25E-02
   68    14.0   180.0  -.45E-02  -.26E-02  -.20E-02  -.16E-02  -.12E-02  -.91E-03  -.62E-03  -.26E-03  -.13E-03
   77    17.0   230.0  -.35E-01  -.18E-01  -.15E-01  -.12E-01  -.96E-02  -.78E-02  -.66E-02  -.57E-02  -.53E-02  -.23E-02
   87    17.0   180.0  -.42E-02  -.25E-02  -.19E-02  -.15E-02  -.12E-02  -.88E-03  -.60E-03  -.25E-03  -.12E-03
   96    19.0   230.0  -.97E-02  -.87E-02  -.94E-02  -.89E-02  -.78E-02  -.67E-02  -.58E-02  -.51E-02  -.49E-02  -.22E-02
  106    19.0   180.0  -.40E-02  -.24E-02  -.19E-02  -.15E-02  -.11E-02  -.86E-03  -.59E-03  -.25E-03  -.12E-03
  115    21.0   230.0  -.33E-02  -.40E-02  -.56E-02  -.62E-02  -.61E-02  -.56E-02  -.51E-02  -.46E-02  -.44E-02  -.21E-02
  125    21.0   180.0  -.38E-02  -.23E-02  -.18E-02  -.14E-02  -.11E-02  -.83E-03  -.57E-03  -.24E-03  -.12E-03
  134    23.0   230.0  -.13E-02  -.21E-02  -.33E-02  -.42E-02  -.47E-02  -.46E-02  -.44E-02  -.41E-02  -.40E-02  -.19E-02
  144    23.0   180.0  -.35E-02  -.22E-02  -.17E-02  -.14E-02  -.10E-02  -.80E-03  -.55E-03  -.23E-03  -.11E-03
  153    26.0   230.0  -.56E-03  -.99E-03  -.18E-02  -.25E-02  -.32E-02  -.35E-02  -.35E-02  -.34E-02  -.34E-02  -.17E-02
  163    26.0   180.0  -.32E-02  -.20E-02  -.16E-02  -.13E-02  -.98E-03  -.75E-03  -.52E-03  -.22E-03  -.11E-03
  172    30.0   230.0  -.25E-03  -.47E-03  -.91E-03  -.14E-02  -.19E-02  -.24E-02  -.26E-02  -.26E-02  -.27E-02  -.14E-02
  182    30.0   180.0  -.27E-02  -.17E-02  -.14E-02  -.12E-02  -.90E-03  -.69E-03  -.47E-03  -.20E-03  -.98E-04
  191    35.0   230.0  -.12E-03  -.24E-03  -.47E-03  -.75E-03  -.11E-02  -.15E-02  -.17E-02  -.19E-02  -.20E-02  -.11E-02
  201    35.0   180.0  -.22E-02  -.15E-02  -.12E-02  -.10E-02  -.78E-03  -.60E-03  -.42E-03  -.18E-03  -.85E-04
  210    41.0   230.0  -.62E-04  -.12E-03  -.24E-03  -.40E-03  -.63E-03  -.88E-03  -.11E-02  -.12E-02  -.14E-02  -.84E-03
  220    41.0   180.0  -.16E-02  -.11E-02  -.99E-03  -.81E-03  -.64E-03  -.49E-03  -.34E-03  -.15E-03  -.70E-04
  229    48.0   230.0  -.34E-04  -.65E-04  -.13E-03  -.22E-03  -.35E-03  -.51E-03  -.66E-03  -.78E-03  -.90E-03  -.57E-03
  239    48.0   180.0  -.11E-02  -.84E-03  -.74E-03  -.62E-03  -.48E-03  -.37E-03  -.26E-03  -.11E-03  -.52E-04
  248    56.0   230.0  -.18E-04  -.35E-04  -.70E-04  -.12E-03  -.19E-03  -.29E-03  -.37E-03  -.45E-03  -.53E-03  -.36E-03
  258    56.0   180.0  -.71E-03  -.55E-03  -.49E-03  -.41E-03  -.32E-03  -.24E-03  -.17E-03  -.71E-04  -.32E-04
  267    65.0   230.0  -.97E-05  -.18E-04  -.36E-04  -.60E-04  -.98E-04  -.15E-03  -.20E-03  -.24E-03  -.28E-03  -.19E-03
  277    65.0   180.0  -.38E-03  -.31E-03  -.28E-03  -.23E-03  -.16E-03  -.11E-03  -.73E-04  -.31E-04  -.12E-04
  286    75.0   230.0  -.45E-05  -.79E-05  -.15E-04  -.25E-04  -.42E-04  -.63E-04  -.85E-04  -.10E-03  -.12E-03  -.74E-04
  296    75.0   180.0  -.14E-03  -.12E-03  -.99E-04  -.65E-04  -.25E-04   .70E-05   .15E-04   .69E-05   .62E-05
  305    86.0   230.0  -.12E-05  -.15E-05  -.24E-05  -.46E-05  -.80E-05  -.12E-04  -.15E-04  -.17E-04  -.14E-04   .46E-05
  315    86.0   180.0   .19E-04   .19E-04   .37E-04   .63E-04   .89E-04   .10E-03   .91E-04   .39E-04   .22E-04
  324    98.0   230.0   .76E-06   .22E-05   .49E-05   .78E-05   .12E-04   .19E-04   .26E-04   .34E-04   .45E-04   .53E-04
  334    98.0   180.0   .12E-03   .11E-03   .13E-03   .15E-03   .17E-03   .17E-03   .15E-03   .64E-04   .33E-04
  343   111.0   230.0   .20E-05   .47E-05   .94E-05   .15E-04   .23E-04   .35E-04   .47E-04   .61E-04   .76E-04   .77E-04
  353   111.0   180.0   .17E-03   .16E-03   .18E-03   .21E-03   .22E-03   .22E-03   .18E-03   .79E-04   .40E-04
  362   125.0   230.0   .32E-05   .68E-05   .12E-04   .18E-04   .29E-04   .42E-04   .55E-04   .70E-04   .85E-04   .69E-04
  372   125.0   180.0   .16E-03   .17E-03   .19E-03   .21E-03   .22E-03   .20E-03   .17E-03   .71E-04   .43E-04


 Time  ***   5760.0000 ***

    n    x(n)  z(n)     vz(n)     vz(n+1) ...

    1      .0   230.0  -.20E-01  -.20E-01  -.21E-01  -.20E-01  -.17E-01  -.13E-01  -.11E-01  -.86E-02  -.72E-02  -.35E-02
   11      .0   180.0  -.61E-02  -.32E-02  -.25E-02  -.19E-02  -.15E-02  -.11E-02  -.56E-03  -.28E-03  -.12E-03
   20     5.0   230.0  -.20E-01  -.21E-01  -.21E-01  -.19E-01  -.16E-01  -.13E-01  -.10E-01  -.83E-02  -.71E-02  -.31E-02
   30     5.0   180.0  -.52E-02  -.29E-02  -.22E-02  -.17E-02  -.13E-02  -.95E-03  -.50E-03  -.24E-03  -.12E-03
   39    10.0   230.0  -.21E-01  -.20E-01  -.19E-01  -.18E-01  -.14E-01  -.11E-01  -.90E-02  -.74E-02  -.65E-02  -.28E-02
   49    10.0   180.0  -.48E-02  -.28E-02  -.21E-02  -.16E-02  -.12E-02  -.93E-03  -.49E-03  -.23E-03  -.11E-03
   58    14.0   230.0  -.24E-01  -.21E-01  -.18E-01  -.15E-01  -.12E-01  -.94E-02  -.77E-02  -.64E-02  -.58E-02  -.26E-02
   68    14.0   180.0  -.45E-02  -.26E-02  -.20E-02  -.15E-02  -.12E-02  -.89E-03  -.48E-03  -.22E-03  -.11E-03
   77    17.0   230.0  -.35E-01  -.18E-01  -.15E-01  -.12E-01  -.96E-02  -.78E-02  -.66E-02  -.57E-02  -.52E-02  -.24E-02
   87    17.0   180.0  -.42E-02  -.25E-02  -.19E-02  -.15E-02  -.11E-02  -.86E-03  -.46E-03  -.22E-03  -.11E-03
   96    19.0   230.0  -.97E-02  -.87E-02  -.94E-02  -.89E-02  -.78E-02  -.67E-02  -.58E-02  -.51E-02  -.48E-02  -.22E-02
  106    19.0   180.0  -.40E-02  -.24E-02  -.19E-02  -.14E-02  -.11E-02  -.84E-03  -.45E-03  -.21E-03  -.10E-03
  115    21.0   230.0  -.33E-02  -.40E-02  -.56E-02  -.62E-02  -.61E-02  -.56E-02  -.51E-02  -.46E-02  -.44E-02  -.21E-02
  125    21.0   180.0  -.38E-02  -.23E-02  -.18E-02  -.14E-02  -.11E-02  -.81E-03  -.43E-03  -.21E-03  -.10E-03
  134    23.0   230.0  -.13E-02  -.20E-02  -.33E-02  -.42E-02  -.47E-02  -.46E-02  -.44E-02  -.41E-02  -.40E-02  -.19E-02
  144    23.0   180.0  -.35E-02  -.22E-02  -.17E-02  -.13E-02  -.10E-02  -.78E-03  -.42E-03  -.20E-03  -.97E-04
  153    26.0   230.0  -.56E-03  -.99E-03  -.18E-02  -.25E-02  -.32E-02  -.35E-02  -.35E-02  -.34E-02  -.34E-02  -.17E-02
  163    26.0   180.0  -.32E-02  -.20E-02  -.16E-02  -.12E-02  -.95E-03  -.74E-03  -.40E-03  -.19E-03  -.91E-04
  172    30.0   230.0  -.25E-03  -.47E-03  -.91E-03  -.14E-02  -.19E-02  -.24E-02  -.26E-02  -.26E-02  -.27E-02  -.14E-02
  182    30.0   180.0  -.27E-02  -.17E-02  -.14E-02  -.11E-02  -.86E-03  -.67E-03  -.36E-03  -.17E-03  -.83E-04
  191    35.0   230.0  -.12E-03  -.24E-03  -.47E-03  -.75E-03  -.11E-02  -.15E-02  -.17E-02  -.19E-02  -.20E-02  -.11E-02
  201    35.0   180.0  -.22E-02  -.14E-02  -.12E-02  -.95E-03  -.74E-03  -.58E-03  -.32E-03  -.15E-03  -.73E-04
  210    41.0   230.0  -.63E-04  -.12E-03  -.25E-03  -.40E-03  -.63E-03  -.88E-03  -.11E-02  -.12E-02  -.14E-02  -.84E-03
  220    41.0   180.0  -.16E-02  -.11E-02  -.95E-03  -.77E-03  -.60E-03  -.48E-03  -.26E-03  -.12E-03  -.59E-04
  229    48.0   230.0  -.34E-04  -.66E-04  -.13E-03  -.22E-03  -.35E-03  -.51E-03  -.66E-03  -.77E-03  -.89E-03  -.58E-03
  239    48.0   180.0  -.11E-02  -.81E-03  -.70E-03  -.57E-03  -.44E-03  -.36E-03  -.20E-03  -.94E-04  -.44E-04
  248    56.0   230.0  -.18E-04  -.35E-04  -.71E-04  -.12E-03  -.19E-03  -.28E-03  -.38E-03  -.45E-03  -.52E-03  -.35E-03
  258    56.0   180.0  -.68E-03  -.52E-03  -.45E-03  -.36E-03  -.28E-03  -.22E-03  -.13E-03  -.60E-04  -.27E-04
  267    65.0   230.0  -.98E-05  -.18E-04  -.36E-04  -.60E-04  -.99E-04  -.15E-03  -.20E-03  -.24E-03  -.27E-03  -.19E-03
  277    65.0   180.0  -.35E-03  -.27E-03  -.23E-03  -.18E-03  -.12E-03  -.94E-04  -.57E-04  -.26E-04  -.10E-04
  286    75.0   230.0  -.46E-05  -.83E-05  -.16E-04  -.26E-04  -.42E-04  -.63E-04  -.83E-04  -.99E-04  -.11E-03  -.65E-04
  296    75.0   180.0  -.11E-03  -.79E-04  -.50E-04  -.13E-04   .19E-04   .26E-04   .96E-05   .60E-05   .53E-05
  305    86.0   230.0  -.15E-05  -.18E-05  -.25E-05  -.43E-05  -.78E-05  -.11E-04  -.13E-04  -.12E-04  -.55E-05   .16E-04
  315    86.0   180.0   .57E-04   .61E-04   .87E-04   .11E-03   .13E-03   .13E-03   .66E-04   .34E-04   .19E-04
  324    98.0   230.0   .77E-06   .24E-05   .55E-05   .86E-05   .13E-04   .21E-04   .30E-04   .42E-04   .56E-04   .66E-04
  334    98.0   180.0   .16E-03   .15E-03   .18E-03   .21E-03   .21E-03   .20E-03   .11E-03   .55E-04   .29E-04
  343   111.0   230.0   .22E-05   .50E-05   .10E-04   .16E-04   .25E-04   .39E-04   .53E-04   .70E-04   .89E-04   .92E-04
  353   111.0   180.0   .21E-03   .21E-03   .24E-03   .26E-03   .26E-03   .25E-03   .14E-03   .68E-04   .34E-04
  362   125.0   230.0   .33E-05   .73E-05   .13E-04   .20E-04   .32E-04   .47E-04   .62E-04   .81E-04   .10E-03   .82E-04
  372   125.0   180.0   .20E-03   .21E-03   .24E-03   .25E-03   .24E-03   .24E-03   .14E-03   .60E-04   .36E-04


 Time  ***   7200.0000 ***

    n    x(n)  z(n)     vz(n)     vz(n+1) ...

    1      .0   230.0  -.20E-01  -.20E-01  -.21E-01  -.20E-01  -.17E-01  -.13E-01  -.11E-01  -.86E-02  -.72E-02  -.36E-02
   11      .0   180.0  -.62E-02  -.33E-02  -.25E-02  -.19E-02  -.14E-02  -.78E-03  -.48E-03  -.24E-03  -.10E-03
   20     5.0   230.0  -.20E-01  -.21E-01  -.22E-01  -.19E-01  -.16E-01  -.13E-01  -.10E-01  -.83E-02  -.71E-02  -.31E-02
   30     5.0   180.0  -.52E-02  -.29E-02  -.22E-02  -.16E-02  -.13E-02  -.72E-03  -.43E-03  -.20E-03  -.10E-03
   39    10.0   230.0  -.21E-01  -.20E-01  -.19E-01  -.18E-01  -.14E-01  -.11E-01  -.90E-02  -.74E-02  -.65E-02  -.28E-02
   49    10.0   180.0  -.48E-02  -.28E-02  -.21E-02  -.16E-02  -.12E-02  -.70E-03  -.42E-03  -.20E-03  -.96E-04
   58    14.0   230.0  -.24E-01  -.21E-01  -.18E-01  -.15E-01  -.12E-01  -.94E-02  -.77E-02  -.65E-02  -.58E-02  -.26E-02
   68    14.0   180.0  -.45E-02  -.26E-02  -.20E-02  -.15E-02  -.12E-02  -.68E-03  -.41E-03  -.19E-03  -.93E-04
   77    17.0   230.0  -.35E-01  -.18E-01  -.15E-01  -.12E-01  -.96E-02  -.78E-02  -.66E-02  -.57E-02  -.52E-02  -.24E-02
   87    17.0   180.0  -.42E-02  -.25E-02  -.19E-02  -.15E-02  -.11E-02  -.66E-03  -.39E-03  -.19E-03  -.90E-04
   96    19.0   230.0  -.96E-02  -.86E-02  -.93E-02  -.89E-02  -.77E-02  -.67E-02  -.58E-02  -.51E-02  -.48E-02  -.23E-02
  106    19.0   180.0  -.40E-02  -.24E-02  -.18E-02  -.14E-02  -.11E-02  -.64E-03  -.38E-03  -.18E-03  -.88E-04
  115    21.0   230.0  -.33E-02  -.40E-02  -.55E-02  -.61E-02  -.61E-02  -.56E-02  -.51E-02  -.46E-02  -.43E-02  -.21E-02
  125    21.0   180.0  -.38E-02  -.23E-02  -.17E-02  -.13E-02  -.11E-02  -.62E-03  -.37E-03  -.18E-03  -.86E-04
  134    23.0   230.0  -.13E-02  -.20E-02  -.33E-02  -.42E-02  -.47E-02  -.46E-02  -.44E-02  -.41E-02  -.39E-02  -.20E-02
  144    23.0   180.0  -.35E-02  -.21E-02  -.17E-02  -.13E-02  -.10E-02  -.59E-03  -.36E-03  -.17E-03  -.83E-04
  153    26.0   230.0  -.56E-03  -.99E-03  -.18E-02  -.25E-02  -.32E-02  -.35E-02  -.35E-02  -.34E-02  -.33E-02  -.18E-02
  163    26.0   180.0  -.31E-02  -.19E-02  -.15E-02  -.12E-02  -.96E-03  -.56E-03  -.34E-03  -.16E-03  -.78E-04
  172    30.0   230.0  -.25E-03  -.47E-03  -.91E-03  -.14E-02  -.19E-02  -.23E-02  -.25E-02  -.26E-02  -.27E-02  -.15E-02
  182    30.0   180.0  -.27E-02  -.17E-02  -.14E-02  -.11E-02  -.86E-03  -.51E-03  -.31E-03  -.15E-03  -.71E-04
  191    35.0   230.0  -.12E-03  -.24E-03  -.47E-03  -.74E-03  -.11E-02  -.15E-02  -.17E-02  -.18E-02  -.20E-02  -.12E-02
  201    35.0   180.0  -.21E-02  -.14E-02  -.11E-02  -.90E-03  -.74E-03  -.44E-03  -.27E-03  -.13E-03  -.62E-04
  210    41.0   230.0  -.63E-04  -.12E-03  -.24E-03  -.40E-03  -.63E-03  -.88E-03  -.11E-02  -.12E-02  -.13E-02  -.85E-03
  220    41.0   180.0  -.16E-02  -.11E-02  -.89E-03  -.71E-03  -.60E-03  -.36E-03  -.22E-03  -.11E-03  -.51E-04
  229    48.0   230.0  -.34E-04  -.65E-04  -.13E-03  -.21E-03  -.35E-03  -.50E-03  -.64E-03  -.76E-03  -.85E-03  -.57E-03
  239    48.0   180.0  -.11E-02  -.75E-03  -.63E-03  -.51E-03  -.44E-03  -.27E-03  -.17E-03  -.80E-04  -.38E-04
  248    56.0   230.0  -.18E-04  -.35E-04  -.69E-04  -.11E-03  -.19E-03  -.28E-03  -.36E-03  -.43E-03  -.49E-03  -.34E-03
  258    56.0   180.0  -.62E-03  -.46E-03  -.39E-03  -.30E-03  -.27E-03  -.17E-03  -.11E-03  -.51E-04  -.23E-04
  267    65.0   230.0  -.94E-05  -.17E-04  -.34E-04  -.56E-04  -.91E-04  -.14E-03  -.18E-03  -.22E-03  -.24E-03  -.16E-03
  277    65.0   180.0  -.28E-03  -.21E-03  -.16E-03  -.12E-03  -.10E-03  -.73E-04  -.48E-04  -.22E-04  -.88E-05
  286    75.0   230.0  -.39E-05  -.66E-05  -.13E-04  -.21E-04  -.35E-04  -.51E-04  -.66E-04  -.77E-04  -.78E-04  -.37E-04
  296    75.0   180.0  -.39E-04  -.15E-04   .16E-04   .44E-04   .46E-04   .17E-04   .86E-05   .53E-05   .46E-05
  305    86.0   230.0  -.58E-06  -.21E-06   .37E-06   .36E-06   .35E-06   .17E-05   .53E-05   .12E-04   .25E-04   .46E-04
  315    86.0   180.0   .13E-03   .13E-03   .15E-03   .17E-03   .17E-03   .93E-04   .57E-04   .29E-04   .16E-04
  324    98.0   230.0   .16E-05   .39E-05   .86E-05   .14E-04   .22E-04   .34E-04   .49E-04   .66E-04   .86E-04   .97E-04
  334    98.0   180.0   .23E-03   .22E-03   .25E-03   .25E-03   .25E-03   .15E-03   .94E-04   .47E-04   .24E-04
  343   111.0   230.0   .27E-05   .65E-05   .13E-04   .21E-04   .34E-04   .52E-04   .72E-04   .95E-04   .12E-03   .12E-03
  353   111.0   180.0   .28E-03   .27E-03   .30E-03   .30E-03   .30E-03   .19E-03   .12E-03   .58E-04   .29E-04
  362   125.0   230.0   .41E-05   .92E-05   .16E-04   .26E-04   .41E-04   .60E-04   .81E-04   .11E-03   .13E-03   .11E-03
  372   125.0   180.0   .26E-03   .27E-03   .29E-03   .28E-03   .29E-03   .19E-03   .11E-03   .51E-04   .31E-04
