     *******************************************************************
     *                                                                 *
     *     LEAST SQUARES ANALYSIS OF SALINITY RESPONSE CURVE  SALT     *
     *                                                                 *
     *     EXAMPLE 1: TALL FESCUE   (CR53)                             *
     *     NOPT =  1: NP =  2                                          *
     *                                                                 *
     *******************************************************************


     LINEAR REGRESSION RESULTS FOR Y=YZERO-SLOPE*C
     =============================================

     YZERO =     .5752 WITH STANDARD ERROR OF     .0447
     SLOPE =     .0269 WITH STANDARD ERROR OF     .0046
     CORRELATION COEFFICIENT =     .9223


     CONTROL YIELD (YM) =     .5080
     THRESHOLD (CT) =    2.4985

     SLOPE FOR ORIGINAL DATA (S*YM) =   .026915
     SLOPE FOR RELATIVE YIELD DATA (S) =   .052983
     INTERSECTION AT ZERO SALINITY (YZERO) =    .57525
     SALINITY EXTRAPOLATED TO ZERO YIELD (CZERO)=  21.37251

       CONC       Y-OBS      Y-FITTED   DEVIATION   REL YIELD  INDEX
       .8000       .5080       .5537      -.0457      1.0000      1
      6.1000       .3970       .4111      -.0141       .7815      1
      7.3000       .4700       .3788       .0912       .9252      1
      8.3000       .3800       .3519       .0281       .7480      1
     10.9000       .2480       .2819      -.0339       .4882      1
     11.4000       .2930       .2684       .0246       .5768      1
     12.5000       .2380       .2388      -.0008       .4685      1
     13.7000       .1570       .2065      -.0495       .3091      1

     *******************************************************************
     *                                                                 *
     *     LEAST SQUARES ANALYSIS OF SALINITY RESPONSE CURVE  SALT     *
     *                                                                 *
     *     EXAMPLE 2: PERENNIAL RYE   (CR53)                           *
     *     NOPT =  2: NP =  1                                          *
     *                                                                 *
     *******************************************************************


     CONTROL YIELD (YM) =     .4670
     THRESHOLD (CT) =     .8000

     SLOPE FOR ORIGINAL DATA (S*YM) =   .016997
     SLOPE FOR RELATIVE YIELD DATA (S) =   .036396
     INTERSECTION AT ZERO SALINITY (YZERO) =    .48060
     SALINITY EXTRAPOLATED TO ZERO YIELD (CZERO)=  28.27559

       CONC       Y-OBS      Y-FITTED   DEVIATION   REL YIELD  INDEX
       .8000       .4670       .4670       .0000      1.0000      1
      6.1000       .4960       .3769       .1191      1.0621      1
      7.3000       .4330       .3565       .0765       .9272      1
      8.3000       .2450       .3395      -.0945       .5246      1
     10.9000       .3170       .2953       .0217       .6788      1
     11.4000       .2930       .2868       .0062       .6274      1
     12.5000       .2080       .2681      -.0601       .4454      1
     13.7000       .1790       .2477      -.0687       .3833      1

     *******************************************************************
     *                                                                 *
     *     LEAST SQUARES ANALYSIS OF SALINITY RESPONSE CURVE  SALT     *
     *                                                                 *
     *     EXAMPLE 3: TOMATO  (OSAWA, 1965)                            *
     *     NOPT =  3: NP =  2                                          *
     *                                                                 *
     *******************************************************************



     NIT    SSQ      SLOPE    YM   THRESH
      0    2.7844    .0371  2.0903   7.00
      1     .8335    .0480  1.5362   7.00
      2     .4352    .0966  1.6451   7.00
      3     .4334    .0938  1.6462   7.00
      4     .4334    .0938  1.6462   7.00
      5     .4334    .0938  1.6462   7.00


       CORRELATION MATRIX
       ==================
            1       2
       1  1.000
       2   .186   1.000


                                                  95% CONFIDENCE LIMITS
      VARIABLE    VALUE     S.E.COEFF     T-VALUE    LOWER        UPPER
      SLOPE      .093800      .02249       4.170      .0314       .1562
        YM      1.646228      .17475       9.421     1.1611      2.1314

     SLOPE FOR ORIGINAL DATA (S*YM) =   .154416
     SLOPE FOR RELATIVE YIELD DATA (S) =   .093800
     INTERSECTION AT ZERO SALINITY (YZERO) =   3.46286
     SALINITY EXTRAPOLATED TO ZERO YIELD (CZERO)=  17.66097

       CONC       Y-OBS      Y-FITTED   DEVIATION   REL YIELD  INDEX
      2.1000      2.1330      1.6462       .4868      1.2957      1
      3.9000      1.5570      1.6462      -.0892       .9458      1
      5.6000      1.5570      1.6462      -.0892       .9458      1
      9.1000       .9170      1.3220      -.4050       .5570      1
     15.8000       .3840       .2874       .0966       .2333      1
     28.0000       .0850       .0000       .0850       .0516      1

     *******************************************************************
     *                                                                 *
     *     LEAST SQUARES ANALYSIS OF SALINITY RESPONSE CURVE  SALT     *
     *                                                                 *
     *     EXAMPLE 4: GRAPEFRUIT (FEINERMAN ET AL., 1982)              *
     *     NOPT =  5: NP =  3                                          *
     *                                                                 *
     *******************************************************************



     NIT    SSQ      SLOPE  THRESH   YM  
      0  430.7430    .0161  5.5759 105.25
      1  195.6056    .0143  8.2178 102.93
      2  185.0657    .0136  7.7636 103.93
      3  185.0513    .0137  7.7787 103.95
      4  185.0513    .0137  7.7788 103.95
      5  185.0513    .0137  7.7788 103.95


       CORRELATION MATRIX
       ==================
            1       2       3
       1  1.000
       2   .634   1.000
       3  -.089   -.729   1.000


                                                  95% CONFIDENCE LIMITS
      VARIABLE    VALUE     S.E.COEFF     T-VALUE    LOWER        UPPER
      SLOPE      .013693      .00251       5.461      .0084       .0190
      THRESH    7.778832     1.63807       4.749     4.3061     11.2515
        YM    103.950000     1.70042      61.132   100.3451    107.5549

     SLOPE FOR ORIGINAL DATA (S*YM) =  1.423430
     SLOPE FOR RELATIVE YIELD DATA (S) =   .013693
     INTERSECTION AT ZERO SALINITY (YZERO) = 115.02270
     SALINITY EXTRAPOLATED TO ZERO YIELD (CZERO)=  80.80671

       CONC       Y-OBS      Y-FITTED   DEVIATION   REL YIELD  INDEX
      5.0690    100.7000    103.9500     -3.2500       .9687      1
      5.4690    100.4000    103.9500     -3.5500       .9658      1
      5.4760    107.4000    103.9500      3.4500      1.0332      1
      6.4100    107.3000    103.9500      3.3500      1.0322      1
      7.9800    103.9000    103.6637       .2363       .9995      1
      8.3060    100.2000    103.1997     -2.9997       .9639      1
      9.3460     99.4000    101.7193     -2.3193       .9562      1
     10.3250    103.0000    100.3258      2.6742       .9909      1
     10.3580    101.9000    100.2788      1.6212       .9803      1
     11.3810    101.7000     98.8226      2.8774       .9784      1
     11.4670    100.7000     98.7002      1.9998       .9687      1
     12.4140     93.1000     97.3522     -4.2522       .8956      1
     13.4110     93.8000     95.9330     -2.1330       .9024      1
     14.3990     97.8000     94.5267      3.2733       .9408      1
     14.4610     90.3000     94.4384     -4.1384       .8687      1
     16.1720     94.6000     92.0030      2.5970       .9101      1
     16.4570     92.6000     91.5973      1.0027       .8908      1
     17.3460     94.8000     90.3318      4.4682       .9120      1
     19.8220     81.9000     86.8074     -4.9074       .7879      1

     *******************************************************************
     *                                                                 *
     *     LEAST SQUARES ANALYSIS OF SALINITY RESPONSE CURVE  SALT     *
     *                                                                 *
     *     EXAMPLE 5: BROME GRASS   (MCELGUNN AND LAWRENCE, 1973)      *
     *     NOPT = 12: NP =  3                                          *
     *                                                                 *
     *******************************************************************



     NIT    SSQ       C50    P-EXP    YM 
      0     .3153  15.0000  2.0000   1.00
      1     .1180  18.4520  3.7775    .87
      2     .0155  15.3157  4.1837    .99
      3     .0031  16.1399  4.4869    .98
      4     .0031  16.1398  4.5331    .98
      5     .0031  16.1400  4.5327    .98
      6     .0031  16.1401  4.5326    .98
      7     .0031  16.1401  4.5325    .98


       CORRELATION MATRIX
       ==================
            1       2       3
       1  1.000
       2   .522   1.000
       3  -.699   -.530   1.000


                                                  95% CONFIDENCE LIMITS
      VARIABLE    VALUE     S.E.COEFF     T-VALUE    LOWER        UPPER
       C50     16.140120      .13078     123.418    15.8629     16.4174
       P-EXP    4.532518      .12101      37.456     4.2760      4.7891
         YM      .980355      .00864     113.493      .9620       .9987

       CONC       Y-OBS      Y-FITTED   DEVIATION   REL YIELD  INDEX
      4.0000      1.0000       .9786       .0214      1.0200      1
      5.9000       .9700       .9702      -.0002       .9894      1
      7.9000       .9300       .9433      -.0133       .9486      1
      9.8500       .8700       .8859      -.0159       .8874      1
     11.8000       .7900       .7895       .0005       .8058      1
     13.8000       .6700       .6572       .0128       .6834      1
     15.7500       .5100       .5173      -.0073       .5202      1
     17.7500       .3800       .3862      -.0062       .3876      1
     19.7000       .2900       .2827       .0073       .2958      1
     21.6500       .2100       .2049       .0051       .2142      1
     23.6500       .1600       .1474       .0126       .1632      1
     25.6000       .1200       .1078       .0122       .1224      1
     27.5000       .0800       .0804      -.0004       .0816      1
     29.5000       .0500       .0598      -.0098       .0510      1
     31.5000       .0300       .0451      -.0151       .0306      1
     33.5000       .0200       .0345      -.0145       .0204      1
     35.5000       .0100       .0268      -.0168       .0102      1
     37.5000       .0000       .0210      -.0210       .0000      1
     39.5000       .0000       .0167      -.0167       .0000      1

     *******************************************************************
     *                                                                 *
     *     LEAST SQUARES ANALYSIS OF SALINITY RESPONSE CURVE  SALT     *
     *                                                                 *
     *     EXAMPLE 6: CORN   (GRAIN)  (HOFFMAN ET AL., 1983)           *
     *     NOPT = 10: NP =  8                                          *
     *                                                                 *
     *******************************************************************



     NIT    SSQ      SLOPE  THRESH  SPR79  SPR80  SPR81  SPR79  SPR80  SPR81
      0     .2863    .0940  2.3250   1.31   1.31   1.31   1.31   1.31   1.31
      1     .1090    .1187  3.2878   1.19   1.21   1.39   1.05   1.24   1.24
      2     .0714    .1308  3.4693   1.20   1.22   1.37   1.12   1.23   1.24
      3     .0712    .1317  3.4775   1.20   1.22   1.37   1.12   1.23   1.24
      4     .0708    .1331  3.5250   1.19   1.22   1.37   1.12   1.23   1.24
      5     .0691    .1375  3.6628   1.19   1.21   1.37   1.12   1.22   1.23
      6     .0691    .1376  3.6618   1.19   1.21   1.37   1.12   1.22   1.23
      7     .0691    .1376  3.6619   1.19   1.21   1.37   1.12   1.22   1.23
      8     .0691    .1376  3.6619   1.19   1.21   1.37   1.12   1.22   1.23


       CORRELATION MATRIX
       ==================
            1       2       3       4       5       6       7       8
       1  1.000
       2   .776   1.000
       3  -.296   -.400   1.000
       4  -.233   -.417    .170   1.000
       5   .131   -.093    .045    .085   1.000
       6   .000    .000    .000    .000    .000   1.000
       7  -.282   -.409    .165    .178    .056    .000   1.000
       8   .012   -.234    .101    .141    .120    .000    .113   1.000


                                                  95% CONFIDENCE LIMITS
      VARIABLE    VALUE     S.E.COEFF     T-VALUE    LOWER        UPPER
      SLOPE      .137576      .00840      16.371      .1200       .1552
      THRESH    3.661890      .19821      18.475     3.2470      4.0768
       SPR79    1.186201      .02990      39.670     1.1236      1.2488
       SPR80    1.206878      .03356      35.960     1.1366      1.2771
       SPR81    1.365770      .03866      35.331     1.2849      1.4467
       SPR79    1.120000      .03016      37.138     1.0569      1.1831
       SPR80    1.216813      .03454      35.228     1.1445      1.2891
       SPR81    1.228492      .04491      27.352     1.1345      1.3225

     SLOPE FOR ORIGINAL DATA (S*YM) =   .163193
     SLOPE FOR RELATIVE YIELD DATA (S) =   .137576
     INTERSECTION AT ZERO SALINITY (YZERO) =   1.78380
     SALINITY EXTRAPOLATED TO ZERO YIELD (CZERO)=  10.93060

       CONC       Y-OBS      Y-FITTED   DEVIATION   REL YIELD  INDEX
      2.7000      1.1700      1.1862      -.0162       .9863      1
      3.0000      1.1800      1.1862      -.0062       .9948      1
      3.1000      1.1800      1.1862      -.0062       .9948      1
      3.7000      1.1700      1.1800      -.0100       .9863      1
      4.2000      1.1400      1.0984       .0416       .9611      1
      1.2000      1.2700      1.2069       .0631      1.0523      2
      2.4000      1.2300      1.2069       .0231      1.0192      2
      3.8000      1.1700      1.1839      -.0139       .9694      2
      5.2000       .9300       .9515      -.0215       .7706      2
      6.2000       .7000       .7855      -.0855       .5800      2
      1.9000      1.3400      1.3658      -.0258       .9811      3
      3.5000      1.2700      1.3658      -.0958       .9299      3
      6.1000      1.0500       .9077       .1423       .7688      3
      7.3000       .7300       .6822       .0478       .5345      3
      9.3000       .3200       .3064       .0136       .2343      3
      2.4000      1.1200      1.1200       .0000      1.0000      4
      2.6000      1.1400      1.1200       .0200      1.0179      4
      2.7000      1.1400      1.1200       .0200      1.0179      4
      2.9000      1.0800      1.1200      -.0400       .9643      4
      2.3000      1.2200      1.2168       .0032      1.0026      5
      2.9000      1.2000      1.2168      -.0168       .9862      5
      3.8000      1.1700      1.1937      -.0237       .9615      5
      4.8000      1.0700      1.0263       .0437       .8793      5
      3.0000      1.3200      1.2285       .0915      1.0745      6
      5.1000       .9300       .9854      -.0554       .7570      6
      6.5000       .7000       .7488      -.0488       .5698      6
      8.6000       .3400       .3939      -.0539       .2768      6

