

     *******************************************************************
     *                                                                 *
     *                             N3DADE                              *
     *                                                                 *
     *    ANALYTICAL SOLUTIONS FOR NONEQUILIBRIUM SOLUTE TRANSPORT     *
     *                IN 3-D SEMI-INFINITE POROUS MEDIA                *
     *                                                                 *
     *     FLUX-AVERAGED CONCENTRATIONS                                *
     *     Fig. 7: Instantaneous application from disc (cm,d)          *
     *                                                                 *
     *******************************************************************


     MODEL PARAMETERS
     ================

     NAME            VALUE

     dimensional
     V               20.00
     R                5.00
     Dx              10.00
     Dy               2.50
     Dz               2.50

     dimensionless
     BETA              .50
     OMEGA             .10
     MU1               .00
     MU2               .00


     CONSTANTS
     =========
     L  =   50.00
     Co =    1.00


     BOUNDARY VALUE PROBLEM    28
     ======================
     DIRAC INPUT FUNCTION
       t0=       .00        m=     20.00

     HEAVISIDE DISTRIBUTION FOR CIRCULAR GEOMETRY
         i       rin      rend
         1       .00      2.50


     INDEPENDENT VARIABLES
     =====================
     VARIABLE   INCREMENT        MINIMUM        MAXIMUM
     t              6.000          6.000         12.000
     x               .000         50.000         50.000
     y               .500           .000         10.000
     z               .000           .000           .000


PREDICTED CONCENTRATIONS
========================

      EQUILIBRIUM   NONEQUILIBRIUM     TOTAL
 NO    C     C/Co     C     C/Co     Ct    Ct/Co     t       x       y       z
  1   4.800  4.800    .075   .075  12.188 12.188    6.00   50.00     .00     .00
  2   4.756  4.756    .075   .075  12.078 12.078    6.00   50.00     .50     .00
  3   4.628  4.628    .073   .073  11.751 11.751    6.00   50.00    1.00     .00
  4   4.422  4.422    .069   .069  11.226 11.226    6.00   50.00    1.50     .00
  5   4.148  4.148    .064   .064  10.530 10.530    6.00   50.00    2.00     .00
  6   3.821  3.821    .059   .059   9.698  9.698    6.00   50.00    2.50     .00
  7   3.455  3.455    .053   .053   8.770  8.770    6.00   50.00    3.00     .00
  8   3.068  3.068    .046   .046   7.786  7.786    6.00   50.00    3.50     .00
  9   2.675  2.675    .040   .040   6.786  6.786    6.00   50.00    4.00     .00
 10   2.289  2.289    .034   .034   5.806  5.806    6.00   50.00    4.50     .00
 11   1.923  1.923    .028   .028   4.877  4.877    6.00   50.00    5.00     .00
 12   1.586  1.586    .022   .022   4.021  4.021    6.00   50.00    5.50     .00
 13   1.284  1.284    .018   .018   3.255  3.255    6.00   50.00    6.00     .00
 14   1.020  1.020    .014   .014   2.585  2.585    6.00   50.00    6.50     .00
 15    .796   .796    .011   .011   2.016  2.016    6.00   50.00    7.00     .00
 16    .609   .609    .008   .008   1.542  1.542    6.00   50.00    7.50     .00
 17    .457   .457    .006   .006   1.158  1.158    6.00   50.00    8.00     .00
 18    .337   .337    .004   .004    .853   .853    6.00   50.00    8.50     .00
 19    .244   .244    .003   .003    .617   .617    6.00   50.00    9.00     .00
 20    .173   .173    .002   .002    .438   .438    6.00   50.00    9.50     .00
 21    .120   .120    .001   .001    .305   .305    6.00   50.00   10.00     .00
 22    .015   .015    .150   .150    .411   .411   12.00   50.00     .00     .00
 23    .015   .015    .148   .148    .407   .407   12.00   50.00     .50     .00
 24    .014   .014    .144   .144    .396   .396   12.00   50.00    1.00     .00
 25    .014   .014    .138   .138    .379   .379   12.00   50.00    1.50     .00
 26    .013   .013    .129   .129    .355   .355   12.00   50.00    2.00     .00
 27    .012   .012    .119   .119    .328   .328   12.00   50.00    2.50     .00
 28    .011   .011    .108   .108    .297   .297   12.00   50.00    3.00     .00
 29    .009   .009    .096   .096    .264   .264   12.00   50.00    3.50     .00
 30    .008   .008    .084   .084    .230   .230   12.00   50.00    4.00     .00
 31    .007   .007    .072   .072    .198   .198   12.00   50.00    4.50     .00
 32    .006   .006    .061   .061    .167   .167   12.00   50.00    5.00     .00
 33    .005   .005    .050   .050    .138   .138   12.00   50.00    5.50     .00
 34    .004   .004    .041   .041    .112   .112   12.00   50.00    6.00     .00
 35    .003   .003    .033   .033    .090   .090   12.00   50.00    6.50     .00
 36    .003   .003    .026   .026    .071   .071   12.00   50.00    7.00     .00
 37    .002   .002    .020   .020    .055   .055   12.00   50.00    7.50     .00
 38    .002   .002    .015   .015    .041   .041   12.00   50.00    8.00     .00
 39    .001   .001    .011   .011    .031   .031   12.00   50.00    8.50     .00
 40    .001   .001    .008   .008    .023   .023   12.00   50.00    9.00     .00
 41    .001   .001    .006   .006    .016   .016   12.00   50.00    9.50     .00
 42    .000   .000    .004   .004    .012   .012   12.00   50.00   10.00     .00


     *******************************************************************
     *                                                                 *
     *                             N3DADE                              *
     *                                                                 *
     *    ANALYTICAL SOLUTIONS FOR NONEQUILIBRIUM SOLUTE TRANSPORT     *
     *                IN 3-D SEMI-INFINITE POROUS MEDIA                *
     *                                                                 *
     *     FLUX-AVERAGED CONCENTRATIONS                                *
     *     Fig. 7: Instantaneous application from disc (cm,d)          *
     *                                                                 *
     *******************************************************************


     MODEL PARAMETERS
     ================

     NAME            VALUE

     dimensional
     V               20.00
     R                5.00
     Dx              10.00
     Dy               2.50
     Dz               2.50

     dimensionless
     BETA              .50
     OMEGA            1.00
     MU1               .00
     MU2               .00


     CONSTANTS
     =========
     L  =   50.00
     Co =    1.00


     BOUNDARY VALUE PROBLEM    28
     ======================
     DIRAC INPUT FUNCTION
       t0=       .00        m=     20.00

     HEAVISIDE DISTRIBUTION FOR CIRCULAR GEOMETRY
         i       rin      rend
         1       .00      2.50


     INDEPENDENT VARIABLES
     =====================
     VARIABLE   INCREMENT        MINIMUM        MAXIMUM
     t              6.000          6.000         12.000
     x               .000         50.000         50.000
     y               .500           .000         10.000
     z               .000           .000           .000


PREDICTED CONCENTRATIONS
========================

      EQUILIBRIUM   NONEQUILIBRIUM     TOTAL
 NO    C     C/Co     C     C/Co     Ct    Ct/Co     t       x       y       z
  1   2.306  2.306    .343   .343   6.622  6.622    6.00   50.00     .00     .00
  2   2.284  2.284    .340   .340   6.560  6.560    6.00   50.00     .50     .00
  3   2.222  2.222    .330   .330   6.379  6.379    6.00   50.00    1.00     .00
  4   2.122  2.122    .314   .314   6.088  6.088    6.00   50.00    1.50     .00
  5   1.989  1.989    .292   .292   5.703  5.703    6.00   50.00    2.00     .00
  6   1.830  1.830    .267   .267   5.243  5.243    6.00   50.00    2.50     .00
  7   1.654  1.654    .239   .239   4.731  4.731    6.00   50.00    3.00     .00
  8   1.466  1.466    .210   .210   4.190  4.190    6.00   50.00    3.50     .00
  9   1.276  1.276    .180   .180   3.642  3.642    6.00   50.00    4.00     .00
 10   1.091  1.091    .152   .152   3.106  3.106    6.00   50.00    4.50     .00
 11    .915   .915    .125   .125   2.600  2.600    6.00   50.00    5.00     .00
 12    .753   .753    .102   .102   2.136  2.136    6.00   50.00    5.50     .00
 13    .608   .608    .081   .081   1.722  1.722    6.00   50.00    6.00     .00
 14    .482   .482    .063   .063   1.362  1.362    6.00   50.00    6.50     .00
 15    .375   .375    .048   .048   1.057  1.057    6.00   50.00    7.00     .00
 16    .286   .286    .036   .036    .805   .805    6.00   50.00    7.50     .00
 17    .215   .215    .026   .026    .602   .602    6.00   50.00    8.00     .00
 18    .158   .158    .019   .019    .441   .441    6.00   50.00    8.50     .00
 19    .114   .114    .013   .013    .317   .317    6.00   50.00    9.00     .00
 20    .081   .081    .009   .009    .224   .224    6.00   50.00    9.50     .00
 21    .056   .056    .006   .006    .155   .155    6.00   50.00   10.00     .00
 22    .394   .394    .560   .560   2.386  2.386   12.00   50.00     .00     .00
 23    .391   .391    .555   .555   2.365  2.365   12.00   50.00     .50     .00
 24    .380   .380    .540   .540   2.302  2.302   12.00   50.00    1.00     .00
 25    .364   .364    .516   .516   2.200  2.200   12.00   50.00    1.50     .00
 26    .342   .342    .485   .485   2.066  2.066   12.00   50.00    2.00     .00
 27    .315   .315    .447   .447   1.905  1.905   12.00   50.00    2.50     .00
 28    .286   .286    .404   .404   1.726  1.726   12.00   50.00    3.00     .00
 29    .255   .255    .359   .359   1.536  1.536   12.00   50.00    3.50     .00
 30    .223   .223    .314   .314   1.342  1.342   12.00   50.00    4.00     .00
 31    .192   .192    .269   .269   1.152  1.152   12.00   50.00    4.50     .00
 32    .162   .162    .227   .227    .972   .972   12.00   50.00    5.00     .00
 33    .135   .135    .188   .188    .806   .806   12.00   50.00    5.50     .00
 34    .110   .110    .153   .153    .656   .656   12.00   50.00    6.00     .00
 35    .088   .088    .122   .122    .525   .525   12.00   50.00    6.50     .00
 36    .070   .070    .096   .096    .413   .413   12.00   50.00    7.00     .00
 37    .054   .054    .074   .074    .320   .320   12.00   50.00    7.50     .00
 38    .041   .041    .056   .056    .243   .243   12.00   50.00    8.00     .00
 39    .031   .031    .042   .042    .182   .182   12.00   50.00    8.50     .00
 40    .023   .023    .031   .031    .134   .134   12.00   50.00    9.00     .00
 41    .017   .017    .022   .022    .097   .097   12.00   50.00    9.50     .00
 42    .012   .012    .016   .016    .069   .069   12.00   50.00   10.00     .00


     *******************************************************************
     *                                                                 *
     *                             N3DADE                              *
     *                                                                 *
     *    ANALYTICAL SOLUTIONS FOR NONEQUILIBRIUM SOLUTE TRANSPORT     *
     *                IN 3-D SEMI-INFINITE POROUS MEDIA                *
     *                                                                 *
     *     FLUX-AVERAGED CONCENTRATIONS                                *
     *     Fig. 7: Instantaneous application from disc (cm,d)          *
     *                                                                 *
     *******************************************************************


     MODEL PARAMETERS
     ================

     NAME            VALUE

     dimensional
     V               20.00
     R                5.00
     Dx              10.00
     Dy               2.50
     Dz               2.50

     dimensionless
     BETA              .50
     OMEGA           10.00
     MU1               .00
     MU2               .00


     CONSTANTS
     =========
     L  =   50.00
     Co =    1.00


     BOUNDARY VALUE PROBLEM    28
     ======================
     DIRAC INPUT FUNCTION
       t0=       .00        m=     20.00

     HEAVISIDE DISTRIBUTION FOR CIRCULAR GEOMETRY
         i       rin      rend
         1       .00      2.50


     INDEPENDENT VARIABLES
     =====================
     VARIABLE   INCREMENT        MINIMUM        MAXIMUM
     t              6.000          6.000         12.000
     x               .000         50.000         50.000
     y               .500           .000         10.000
     z               .000           .000           .000


PREDICTED CONCENTRATIONS
========================

      EQUILIBRIUM   NONEQUILIBRIUM     TOTAL
 NO    C     C/Co     C     C/Co     Ct    Ct/Co     t       x       y       z
  1    .125   .125    .063   .063    .470   .470    6.00   50.00     .00     .00
  2    .124   .124    .062   .062    .465   .465    6.00   50.00     .50     .00
  3    .120   .120    .060   .060    .450   .450    6.00   50.00    1.00     .00
  4    .114   .114    .057   .057    .426   .426    6.00   50.00    1.50     .00
  5    .105   .105    .052   .052    .395   .395    6.00   50.00    2.00     .00
  6    .096   .096    .048   .048    .358   .358    6.00   50.00    2.50     .00
  7    .085   .085    .042   .042    .317   .317    6.00   50.00    3.00     .00
  8    .074   .074    .036   .036    .275   .275    6.00   50.00    3.50     .00
  9    .063   .063    .031   .031    .233   .233    6.00   50.00    4.00     .00
 10    .052   .052    .026   .026    .194   .194    6.00   50.00    4.50     .00
 11    .042   .042    .021   .021    .157   .157    6.00   50.00    5.00     .00
 12    .034   .034    .016   .016    .125   .125    6.00   50.00    5.50     .00
 13    .026   .026    .013   .013    .097   .097    6.00   50.00    6.00     .00
 14    .020   .020    .010   .010    .074   .074    6.00   50.00    6.50     .00
 15    .015   .015    .007   .007    .055   .055    6.00   50.00    7.00     .00
 16    .011   .011    .005   .005    .040   .040    6.00   50.00    7.50     .00
 17    .008   .008    .004   .004    .028   .028    6.00   50.00    8.00     .00
 18    .005   .005    .003   .003    .020   .020    6.00   50.00    8.50     .00
 19    .004   .004    .002   .002    .013   .013    6.00   50.00    9.00     .00
 20    .002   .002    .001   .001    .009   .009    6.00   50.00    9.50     .00
 21    .002   .002    .001   .001    .006   .006    6.00   50.00   10.00     .00
 22   1.384  1.384   1.395  1.395   6.949  6.949   12.00   50.00     .00     .00
 23   1.372  1.372   1.383  1.383   6.886  6.886   12.00   50.00     .50     .00
 24   1.335  1.335   1.345  1.345   6.701  6.701   12.00   50.00    1.00     .00
 25   1.276  1.276   1.285  1.285   6.404  6.404   12.00   50.00    1.50     .00
 26   1.198  1.198   1.206  1.206   6.010  6.010   12.00   50.00    2.00     .00
 27   1.105  1.105   1.111  1.111   5.539  5.539   12.00   50.00    2.50     .00
 28   1.001  1.001   1.005  1.005   5.014  5.014   12.00   50.00    3.00     .00
 29    .890   .890    .893   .893   4.457  4.457   12.00   50.00    3.50     .00
 30    .778   .778    .779   .779   3.891  3.891   12.00   50.00    4.00     .00
 31    .668   .668    .667   .667   3.336  3.336   12.00   50.00    4.50     .00
 32    .563   .563    .561   .561   2.810  2.810   12.00   50.00    5.00     .00
 33    .466   .466    .464   .464   2.325  2.325   12.00   50.00    5.50     .00
 34    .379   .379    .376   .376   1.889  1.889   12.00   50.00    6.00     .00
 35    .303   .303    .300   .300   1.508  1.508   12.00   50.00    6.50     .00
 36    .238   .238    .235   .235   1.183  1.183   12.00   50.00    7.00     .00
 37    .184   .184    .181   .181    .912   .912   12.00   50.00    7.50     .00
 38    .140   .140    .137   .137    .690   .690   12.00   50.00    8.00     .00
 39    .104   .104    .101   .101    .514   .514   12.00   50.00    8.50     .00
 40    .076   .076    .074   .074    .376   .376   12.00   50.00    9.00     .00
 41    .055   .055    .053   .053    .270   .270   12.00   50.00    9.50     .00
 42    .039   .039    .037   .037    .191   .191   12.00   50.00   10.00     .00
