 Example 6 - Solute Transport with Kinetic Linear Cation Adsorption


 Program CHAIN_2D
 Time independent boundary conditions
 Vertical plane flow, V = L*L
 Units: L = cm   , T = day  , M = -


 Time:       .5000

    i    n    x      z    Code     Q          v           h       th       Temp     Conc
                                 [V/T]      [L/T]        [L]     [-]        [C]    [M/L3]

    1    1     .0     .0    1   .856E+01  -.171E+02         .0   .445       .00  .198E+02
    2    2    1.0     .0    1   .856E+01  -.171E+02         .0   .445       .00  .197E+02
    3   31     .0  -30.0    2  -.856E+01   .171E+02         .0   .445       .00  .343E-03
    4   32    1.0  -30.0    2  -.856E+01   .171E+02         .0   .445       .00  .329E-03


 Time:      1.0000

    i    n    x      z    Code     Q          v           h       th       Temp     Conc
                                 [V/T]      [L/T]        [L]     [-]        [C]    [M/L3]

    1    1     .0     .0    1   .856E+01  -.171E+02         .0   .445       .00  .198E+02
    2    2    1.0     .0    1   .856E+01  -.171E+02         .0   .445       .00  .198E+02
    3   31     .0  -30.0    2  -.856E+01   .171E+02         .0   .445       .00  .195E+00
    4   32    1.0  -30.0    2  -.856E+01   .171E+02         .0   .445       .00  .189E+00


 Time:      2.5000

    i    n    x      z    Code     Q          v           h       th       Temp     Conc
                                 [V/T]      [L/T]        [L]     [-]        [C]    [M/L3]

    1    1     .0     .0    1   .856E+01  -.171E+02         .0   .445       .00  .199E+02
    2    2    1.0     .0    1   .856E+01  -.171E+02         .0   .445       .00  .199E+02
    3   31     .0  -30.0    2  -.856E+01   .171E+02         .0   .445       .00  .129E+02
    4   32    1.0  -30.0    2  -.856E+01   .171E+02         .0   .445       .00  .128E+02


 Time:      5.0000

    i    n    x      z    Code     Q          v           h       th       Temp     Conc
                                 [V/T]      [L/T]        [L]     [-]        [C]    [M/L3]

    1    1     .0     .0    1   .856E+01  -.171E+02         .0   .445       .00  .199E+02
    2    2    1.0     .0    1   .856E+01  -.171E+02         .0   .445       .00  .199E+02
    3   31     .0  -30.0    2  -.856E+01   .171E+02         .0   .445       .00  .169E+02
    4   32    1.0  -30.0    2  -.856E+01   .171E+02         .0   .445       .00  .169E+02


 Time:      7.0000

    i    n    x      z    Code     Q          v           h       th       Temp     Conc
                                 [V/T]      [L/T]        [L]     [-]        [C]    [M/L3]

    1    1     .0     .0    1   .856E+01  -.171E+02         .0   .445       .00  .123E+00
    2    2    1.0     .0    1   .856E+01  -.171E+02         .0   .445       .00  .101E+00
    3   31     .0  -30.0    2  -.856E+01   .171E+02         .0   .445       .00  .937E+01
    4   32    1.0  -30.0    2  -.856E+01   .171E+02         .0   .445       .00  .942E+01


 Time:     10.0000

    i    n    x      z    Code     Q          v           h       th       Temp     Conc
                                 [V/T]      [L/T]        [L]     [-]        [C]    [M/L3]

    1    1     .0     .0    1   .856E+01  -.171E+02         .0   .445       .00  .456E-01
    2    2    1.0     .0    1   .856E+01  -.171E+02         .0   .445       .00  .460E-01
    3   31     .0  -30.0    2  -.856E+01   .171E+02         .0   .445       .00  .228E+01
    4   32    1.0  -30.0    2  -.856E+01   .171E+02         .0   .445       .00  .228E+01


 Time:     20.0000

    i    n    x      z    Code     Q          v           h       th       Temp     Conc
                                 [V/T]      [L/T]        [L]     [-]        [C]    [M/L3]

    1    1     .0     .0    1   .856E+01  -.171E+02         .0   .445       .00  .199E-02
    2    2    1.0     .0    1   .856E+01  -.171E+02         .0   .445       .00  .202E-02
    3   31     .0  -30.0    2  -.856E+01   .171E+02         .0   .445       .00  .169E+00
    4   32    1.0  -30.0    2  -.856E+01   .171E+02         .0   .445       .00  .170E+00
