

 Time  ***       .0000 *** Species   1

    n    x(n)   z(n)      Conc(n)   Conc(n+1)  ...

    1      .0      .0   .000E+00   .000E+00
    3      .0    -2.0   .000E+00   .000E+00
    5      .0    -4.0   .000E+00   .000E+00
    7      .0    -6.0   .000E+00   .000E+00
    9      .0    -8.0   .000E+00   .000E+00
   11      .0   -10.0   .000E+00   .000E+00
   13      .0   -12.0   .000E+00   .000E+00
   15      .0   -14.0   .000E+00   .000E+00
   17      .0   -16.0   .000E+00   .000E+00
   19      .0   -18.0   .000E+00   .000E+00
   21      .0   -20.0   .000E+00   .000E+00
   23      .0   -22.0   .000E+00   .000E+00
   25      .0   -24.0   .000E+00   .000E+00
   27      .0   -26.0   .000E+00   .000E+00
   29      .0   -28.0   .000E+00   .000E+00
   31      .0   -30.0   .000E+00   .000E+00


 Time  ***       .0000 *** Species   1

    n    x(n)   z(n)      Conc(n)   Conc(n+1)  ...

    1      .0      .0   .000E+00   .000E+00
    3      .0    -2.0   .000E+00   .000E+00
    5      .0    -4.0   .000E+00   .000E+00
    7      .0    -6.0   .000E+00   .000E+00
    9      .0    -8.0   .000E+00   .000E+00
   11      .0   -10.0   .000E+00   .000E+00
   13      .0   -12.0   .000E+00   .000E+00
   15      .0   -14.0   .000E+00   .000E+00
   17      .0   -16.0   .000E+00   .000E+00
   19      .0   -18.0   .000E+00   .000E+00
   21      .0   -20.0   .000E+00   .000E+00
   23      .0   -22.0   .000E+00   .000E+00
   25      .0   -24.0   .000E+00   .000E+00
   27      .0   -26.0   .000E+00   .000E+00
   29      .0   -28.0   .000E+00   .000E+00
   31      .0   -30.0   .000E+00   .000E+00


 Time  ***       .5000 *** Species   1

    n    x(n)   z(n)      Conc(n)   Conc(n+1)  ...

    1      .0      .0   .198E+02   .197E+02
    3      .0    -2.0   .187E+02   .186E+02
    5      .0    -4.0   .162E+02   .161E+02
    7      .0    -6.0   .123E+02   .123E+02
    9      .0    -8.0   .813E+01   .816E+01
   11      .0   -10.0   .467E+01   .472E+01
   13      .0   -12.0   .237E+01   .241E+01
   15      .0   -14.0   .108E+01   .111E+01
   17      .0   -16.0   .453E+00   .467E+00
   19      .0   -18.0   .176E+00   .182E+00
   21      .0   -20.0   .640E-01   .667E-01
   23      .0   -22.0   .221E-01   .232E-01
   25      .0   -24.0   .731E-02   .769E-02
   27      .0   -26.0   .233E-02   .246E-02
   29      .0   -28.0   .715E-03   .760E-03
   31      .0   -30.0   .343E-03   .329E-03


 Time  ***       .5000 *** Species   1

    n    x(n)   z(n)      Conc(n)   Conc(n+1)  ...

    1      .0      .0   .156E+01   .156E+01
    3      .0    -2.0   .111E+01   .111E+01
    5      .0    -4.0   .722E+00   .725E+00
    7      .0    -6.0   .422E+00   .426E+00
    9      .0    -8.0   .222E+00   .226E+00
   11      .0   -10.0   .106E+00   .108E+00
   13      .0   -12.0   .462E-01   .475E-01
   15      .0   -14.0   .187E-01   .193E-01
   17      .0   -16.0   .706E-02   .734E-02
   19      .0   -18.0   .252E-02   .264E-02
   21      .0   -20.0   .860E-03   .902E-03
   23      .0   -22.0   .281E-03   .296E-03
   25      .0   -24.0   .887E-04   .938E-04
   27      .0   -26.0   .272E-04   .288E-04
   29      .0   -28.0   .807E-05   .862E-05
   31      .0   -30.0   .380E-05   .363E-05


 Time  ***      1.0000 *** Species   1

    n    x(n)   z(n)      Conc(n)   Conc(n+1)  ...

    1      .0      .0   .198E+02   .198E+02
    3      .0    -2.0   .193E+02   .193E+02
    5      .0    -4.0   .188E+02   .188E+02
    7      .0    -6.0   .181E+02   .180E+02
    9      .0    -8.0   .169E+02   .169E+02
   11      .0   -10.0   .152E+02   .152E+02
   13      .0   -12.0   .129E+02   .129E+02
   15      .0   -14.0   .102E+02   .102E+02
   17      .0   -16.0   .755E+01   .756E+01
   19      .0   -18.0   .517E+01   .519E+01
   21      .0   -20.0   .330E+01   .332E+01
   23      .0   -22.0   .196E+01   .198E+01
   25      .0   -24.0   .110E+01   .111E+01
   27      .0   -26.0   .583E+00   .592E+00
   29      .0   -28.0   .292E+00   .299E+00
   31      .0   -30.0   .195E+00   .189E+00


 Time  ***      1.0000 *** Species   1

    n    x(n)   z(n)      Conc(n)   Conc(n+1)  ...

    1      .0      .0   .309E+01   .309E+01
    3      .0    -2.0   .266E+01   .266E+01
    5      .0    -4.0   .223E+01   .223E+01
    7      .0    -6.0   .181E+01   .181E+01
    9      .0    -8.0   .141E+01   .142E+01
   11      .0   -10.0   .106E+01   .106E+01
   13      .0   -12.0   .747E+00   .749E+00
   15      .0   -14.0   .499E+00   .501E+00
   17      .0   -16.0   .314E+00   .317E+00
   19      .0   -18.0   .187E+00   .189E+00
   21      .0   -20.0   .105E+00   .107E+00
   23      .0   -22.0   .562E-01   .571E-01
   25      .0   -24.0   .286E-01   .291E-01
   27      .0   -26.0   .139E-01   .142E-01
   29      .0   -28.0   .648E-02   .666E-02
   31      .0   -30.0   .411E-02   .399E-02


 Time  ***      2.5000 *** Species   1

    n    x(n)   z(n)      Conc(n)   Conc(n+1)  ...

    1      .0      .0   .199E+02   .199E+02
    3      .0    -2.0   .196E+02   .196E+02
    5      .0    -4.0   .193E+02   .193E+02
    7      .0    -6.0   .190E+02   .190E+02
    9      .0    -8.0   .187E+02   .187E+02
   11      .0   -10.0   .183E+02   .183E+02
   13      .0   -12.0   .179E+02   .179E+02
   15      .0   -14.0   .175E+02   .175E+02
   17      .0   -16.0   .171E+02   .171E+02
   19      .0   -18.0   .167E+02   .167E+02
   21      .0   -20.0   .162E+02   .162E+02
   23      .0   -22.0   .156E+02   .156E+02
   25      .0   -24.0   .150E+02   .150E+02
   27      .0   -26.0   .142E+02   .142E+02
   29      .0   -28.0   .133E+02   .133E+02
   31      .0   -30.0   .129E+02   .128E+02


 Time  ***      2.5000 *** Species   1

    n    x(n)   z(n)      Conc(n)   Conc(n+1)  ...

    1      .0      .0   .648E+01   .648E+01
    3      .0    -2.0   .613E+01   .613E+01
    5      .0    -4.0   .578E+01   .578E+01
    7      .0    -6.0   .543E+01   .543E+01
    9      .0    -8.0   .508E+01   .507E+01
   11      .0   -10.0   .472E+01   .472E+01
   13      .0   -12.0   .436E+01   .436E+01
   15      .0   -14.0   .401E+01   .401E+01
   17      .0   -16.0   .365E+01   .365E+01
   19      .0   -18.0   .330E+01   .330E+01
   21      .0   -20.0   .296E+01   .296E+01
   23      .0   -22.0   .262E+01   .262E+01
   25      .0   -24.0   .229E+01   .229E+01
   27      .0   -26.0   .197E+01   .197E+01
   29      .0   -28.0   .166E+01   .167E+01
   31      .0   -30.0   .152E+01   .151E+01


 Time  ***      5.0000 *** Species   1

    n    x(n)   z(n)      Conc(n)   Conc(n+1)  ...

    1      .0      .0   .199E+02   .199E+02
    3      .0    -2.0   .198E+02   .198E+02
    5      .0    -4.0   .197E+02   .197E+02
    7      .0    -6.0   .195E+02   .195E+02
    9      .0    -8.0   .194E+02   .194E+02
   11      .0   -10.0   .192E+02   .192E+02
   13      .0   -12.0   .190E+02   .190E+02
   15      .0   -14.0   .188E+02   .188E+02
   17      .0   -16.0   .186E+02   .186E+02
   19      .0   -18.0   .183E+02   .183E+02
   21      .0   -20.0   .181E+02   .181E+02
   23      .0   -22.0   .179E+02   .179E+02
   25      .0   -24.0   .176E+02   .176E+02
   27      .0   -26.0   .173E+02   .173E+02
   29      .0   -28.0   .170E+02   .170E+02
   31      .0   -30.0   .169E+02   .169E+02


 Time  ***      5.0000 *** Species   1

    n    x(n)   z(n)      Conc(n)   Conc(n+1)  ...

    1      .0      .0   .954E+01   .954E+01
    3      .0    -2.0   .932E+01   .932E+01
    5      .0    -4.0   .910E+01   .910E+01
    7      .0    -6.0   .887E+01   .887E+01
    9      .0    -8.0   .863E+01   .863E+01
   11      .0   -10.0   .839E+01   .839E+01
   13      .0   -12.0   .815E+01   .815E+01
   15      .0   -14.0   .790E+01   .790E+01
   17      .0   -16.0   .764E+01   .764E+01
   19      .0   -18.0   .738E+01   .738E+01
   21      .0   -20.0   .712E+01   .712E+01
   23      .0   -22.0   .685E+01   .685E+01
   25      .0   -24.0   .658E+01   .658E+01
   27      .0   -26.0   .631E+01   .631E+01
   29      .0   -28.0   .604E+01   .604E+01
   31      .0   -30.0   .590E+01   .590E+01


 Time  ***      7.0000 *** Species   1

    n    x(n)   z(n)      Conc(n)   Conc(n+1)  ...

    1      .0      .0   .123E+00   .101E+00
    3      .0    -2.0   .366E+00   .374E+00
    5      .0    -4.0   .637E+00   .636E+00
    7      .0    -6.0   .915E+00   .916E+00
    9      .0    -8.0   .121E+01   .121E+01
   11      .0   -10.0   .152E+01   .152E+01
   13      .0   -12.0   .186E+01   .186E+01
   15      .0   -14.0   .223E+01   .223E+01
   17      .0   -16.0   .267E+01   .268E+01
   19      .0   -18.0   .322E+01   .323E+01
   21      .0   -20.0   .392E+01   .393E+01
   23      .0   -22.0   .481E+01   .482E+01
   25      .0   -24.0   .591E+01   .592E+01
   27      .0   -26.0   .720E+01   .721E+01
   29      .0   -28.0   .865E+01   .863E+01
   31      .0   -30.0   .937E+01   .942E+01


 Time  ***      7.0000 *** Species   1

    n    x(n)   z(n)      Conc(n)   Conc(n+1)  ...

    1      .0      .0   .520E+01   .520E+01
    3      .0    -2.0   .544E+01   .544E+01
    5      .0    -4.0   .567E+01   .567E+01
    7      .0    -6.0   .590E+01   .590E+01
    9      .0    -8.0   .612E+01   .612E+01
   11      .0   -10.0   .633E+01   .633E+01
   13      .0   -12.0   .654E+01   .654E+01
   15      .0   -14.0   .673E+01   .673E+01
   17      .0   -16.0   .692E+01   .692E+01
   19      .0   -18.0   .709E+01   .708E+01
   21      .0   -20.0   .723E+01   .723E+01
   23      .0   -22.0   .736E+01   .736E+01
   25      .0   -24.0   .745E+01   .745E+01
   27      .0   -26.0   .751E+01   .751E+01
   29      .0   -28.0   .753E+01   .753E+01
   31      .0   -30.0   .753E+01   .753E+01


 Time  ***     10.0000 *** Species   1

    n    x(n)   z(n)      Conc(n)   Conc(n+1)  ...

    1      .0      .0   .456E-01   .460E-01
    3      .0    -2.0   .146E+00   .147E+00
    5      .0    -4.0   .255E+00   .255E+00
    7      .0    -6.0   .372E+00   .372E+00
    9      .0    -8.0   .496E+00   .497E+00
   11      .0   -10.0   .629E+00   .629E+00
   13      .0   -12.0   .770E+00   .770E+00
   15      .0   -14.0   .919E+00   .919E+00
   17      .0   -16.0   .108E+01   .108E+01
   19      .0   -18.0   .124E+01   .124E+01
   21      .0   -20.0   .141E+01   .141E+01
   23      .0   -22.0   .159E+01   .159E+01
   25      .0   -24.0   .178E+01   .178E+01
   27      .0   -26.0   .197E+01   .197E+01
   29      .0   -28.0   .218E+01   .217E+01
   31      .0   -30.0   .228E+01   .228E+01


 Time  ***     10.0000 *** Species   1

    n    x(n)   z(n)      Conc(n)   Conc(n+1)  ...

    1      .0      .0   .202E+01   .202E+01
    3      .0    -2.0   .217E+01   .217E+01
    5      .0    -4.0   .232E+01   .232E+01
    7      .0    -6.0   .247E+01   .247E+01
    9      .0    -8.0   .262E+01   .262E+01
   11      .0   -10.0   .277E+01   .277E+01
   13      .0   -12.0   .293E+01   .293E+01
   15      .0   -14.0   .308E+01   .308E+01
   17      .0   -16.0   .324E+01   .324E+01
   19      .0   -18.0   .339E+01   .339E+01
   21      .0   -20.0   .355E+01   .355E+01
   23      .0   -22.0   .370E+01   .370E+01
   25      .0   -24.0   .385E+01   .385E+01
   27      .0   -26.0   .400E+01   .400E+01
   29      .0   -28.0   .415E+01   .414E+01
   31      .0   -30.0   .422E+01   .422E+01


 Time  ***     20.0000 *** Species   1

    n    x(n)   z(n)      Conc(n)   Conc(n+1)  ...

    1      .0      .0   .199E-02   .202E-02
    3      .0    -2.0   .667E-02   .668E-02
    5      .0    -4.0   .121E-01   .121E-01
    7      .0    -6.0   .184E-01   .184E-01
    9      .0    -8.0   .255E-01   .255E-01
   11      .0   -10.0   .336E-01   .337E-01
   13      .0   -12.0   .427E-01   .428E-01
   15      .0   -14.0   .529E-01   .529E-01
   17      .0   -16.0   .642E-01   .643E-01
   19      .0   -18.0   .768E-01   .768E-01
   21      .0   -20.0   .905E-01   .906E-01
   23      .0   -22.0   .106E+00   .106E+00
   25      .0   -24.0   .122E+00   .122E+00
   27      .0   -26.0   .140E+00   .140E+00
   29      .0   -28.0   .160E+00   .159E+00
   31      .0   -30.0   .169E+00   .170E+00


 Time  ***     20.0000 *** Species   1

    n    x(n)   z(n)      Conc(n)   Conc(n+1)  ...

    1      .0      .0   .859E-01   .860E-01
    3      .0    -2.0   .100E+00   .100E+00
    5      .0    -4.0   .116E+00   .116E+00
    7      .0    -6.0   .133E+00   .133E+00
    9      .0    -8.0   .151E+00   .151E+00
   11      .0   -10.0   .170E+00   .170E+00
   13      .0   -12.0   .191E+00   .191E+00
   15      .0   -14.0   .212E+00   .212E+00
   17      .0   -16.0   .236E+00   .236E+00
   19      .0   -18.0   .260E+00   .260E+00
   21      .0   -20.0   .286E+00   .286E+00
   23      .0   -22.0   .313E+00   .313E+00
   25      .0   -24.0   .342E+00   .342E+00
   27      .0   -26.0   .372E+00   .372E+00
   29      .0   -28.0   .404E+00   .403E+00
   31      .0   -30.0   .420E+00   .421E+00
