 Example 5 - Solute Transport with Nonlinear Cation Adsorption - Freundlich isot
 erm

 Program CHAIN_2D
 Time independent boundary conditions
 Vertical plane flow, V = L*L
 Units: L = cm   , T = day  , M = -


 Time:      5.0000

    i    n    x      z    Code     Q          v           h       th       Temp     Conc
                                 [V/T]      [L/T]        [L]     [-]        [C]    [M/L3]

    1    1     .0     .0    1   .325E+01  -.649E+01         .0   .633       .00  .100E+02
    2    2    1.0     .0    1   .325E+01  -.649E+01         .0   .633       .00  .100E+02
    3   87     .0  -10.8    2  -.325E+01   .649E+01         .0   .633       .00  .412E+01
    4   88    1.0  -10.8    2  -.325E+01   .649E+01         .0   .633       .00  .405E+01


 Time:     10.0000

    i    n    x      z    Code     Q          v           h       th       Temp     Conc
                                 [V/T]      [L/T]        [L]     [-]        [C]    [M/L3]

    1    1     .0     .0    1   .325E+01  -.649E+01         .0   .633       .00  .100E+02
    2    2    1.0     .0    1   .325E+01  -.649E+01         .0   .633       .00  .100E+02
    3   87     .0  -10.8    2  -.325E+01   .649E+01         .0   .633       .00  .704E+01
    4   88    1.0  -10.8    2  -.325E+01   .649E+01         .0   .633       .00  .698E+01


 Time:     15.0000

    i    n    x      z    Code     Q          v           h       th       Temp     Conc
                                 [V/T]      [L/T]        [L]     [-]        [C]    [M/L3]

    1    1     .0     .0    1   .325E+01  -.649E+01         .0   .633       .00  .000E+00
    2    2    1.0     .0    1   .325E+01  -.649E+01         .0   .633       .00  .000E+00
    3   87     .0  -10.8    2  -.325E+01   .649E+01         .0   .633       .00  .851E+01
    4   88    1.0  -10.8    2  -.325E+01   .649E+01         .0   .633       .00  .846E+01


 Time:     20.0000

    i    n    x      z    Code     Q          v           h       th       Temp     Conc
                                 [V/T]      [L/T]        [L]     [-]        [C]    [M/L3]

    1    1     .0     .0    1   .325E+01  -.649E+01         .0   .633       .00  .000E+00
    2    2    1.0     .0    1   .325E+01  -.649E+01         .0   .633       .00  .000E+00
    3   87     .0  -10.8    2  -.325E+01   .649E+01         .0   .633       .00  .771E+01
    4   88    1.0  -10.8    2  -.325E+01   .649E+01         .0   .633       .00  .766E+01


 Time:     25.0000

    i    n    x      z    Code     Q          v           h       th       Temp     Conc
                                 [V/T]      [L/T]        [L]     [-]        [C]    [M/L3]

    1    1     .0     .0    1   .325E+01  -.649E+01         .0   .633       .00  .000E+00
    2    2    1.0     .0    1   .325E+01  -.649E+01         .0   .633       .00  .000E+00
    3   87     .0  -10.8    2  -.325E+01   .649E+01         .0   .633       .00  .225E+01
    4   88    1.0  -10.8    2  -.325E+01   .649E+01         .0   .633       .00  .220E+01
