

 Time  ***       .0000 *** Species   1

    n    x(n)   z(n)      Conc(n)   Conc(n+1)  ...

    1      .0      .0   .000E+00   .000E+00
    3      .0     -.3   .000E+00   .000E+00
    5      .0     -.5   .000E+00   .000E+00
    7      .0     -.8   .000E+00   .000E+00
    9      .0    -1.0   .000E+00   .000E+00
   11      .0    -1.3   .000E+00   .000E+00
   13      .0    -1.5   .000E+00   .000E+00
   15      .0    -1.8   .000E+00   .000E+00
   17      .0    -2.0   .000E+00   .000E+00
   19      .0    -2.3   .000E+00   .000E+00
   21      .0    -2.5   .000E+00   .000E+00
   23      .0    -2.8   .000E+00   .000E+00
   25      .0    -3.0   .000E+00   .000E+00
   27      .0    -3.3   .000E+00   .000E+00
   29      .0    -3.5   .000E+00   .000E+00
   31      .0    -3.8   .000E+00   .000E+00
   33      .0    -4.0   .000E+00   .000E+00
   35      .0    -4.3   .000E+00   .000E+00
   37      .0    -4.5   .000E+00   .000E+00
   39      .0    -4.8   .000E+00   .000E+00
   41      .0    -5.0   .000E+00   .000E+00
   43      .0    -5.3   .000E+00   .000E+00
   45      .0    -5.5   .000E+00   .000E+00
   47      .0    -5.8   .000E+00   .000E+00
   49      .0    -6.0   .000E+00   .000E+00
   51      .0    -6.3   .000E+00   .000E+00
   53      .0    -6.5   .000E+00   .000E+00
   55      .0    -6.8   .000E+00   .000E+00
   57      .0    -7.0   .000E+00   .000E+00
   59      .0    -7.3   .000E+00   .000E+00
   61      .0    -7.5   .000E+00   .000E+00
   63      .0    -7.8   .000E+00   .000E+00
   65      .0    -8.0   .000E+00   .000E+00
   67      .0    -8.3   .000E+00   .000E+00
   69      .0    -8.5   .000E+00   .000E+00
   71      .0    -8.8   .000E+00   .000E+00
   73      .0    -9.0   .000E+00   .000E+00
   75      .0    -9.3   .000E+00   .000E+00
   77      .0    -9.5   .000E+00   .000E+00
   79      .0    -9.8   .000E+00   .000E+00
   81      .0   -10.0   .000E+00   .000E+00
   83      .0   -10.3   .000E+00   .000E+00
   85      .0   -10.5   .000E+00   .000E+00
   87      .0   -10.8   .000E+00   .000E+00


 Time  ***      5.0000 *** Species   1

    n    x(n)   z(n)      Conc(n)   Conc(n+1)  ...

    1      .0      .0   .100E+02   .100E+02
    3      .0     -.3   .990E+01   .990E+01
    5      .0     -.5   .979E+01   .979E+01
    7      .0     -.8   .968E+01   .967E+01
    9      .0    -1.0   .955E+01   .954E+01
   11      .0    -1.3   .942E+01   .940E+01
   13      .0    -1.5   .928E+01   .926E+01
   15      .0    -1.8   .913E+01   .911E+01
   17      .0    -2.0   .898E+01   .895E+01
   19      .0    -2.3   .882E+01   .879E+01
   21      .0    -2.5   .865E+01   .862E+01
   23      .0    -2.8   .848E+01   .845E+01
   25      .0    -3.0   .831E+01   .828E+01
   27      .0    -3.3   .813E+01   .810E+01
   29      .0    -3.5   .795E+01   .792E+01
   31      .0    -3.8   .777E+01   .773E+01
   33      .0    -4.0   .758E+01   .755E+01
   35      .0    -4.3   .740E+01   .736E+01
   37      .0    -4.5   .721E+01   .718E+01
   39      .0    -4.8   .703E+01   .699E+01
   41      .0    -5.0   .684E+01   .681E+01
   43      .0    -5.3   .666E+01   .662E+01
   45      .0    -5.5   .648E+01   .644E+01
   47      .0    -5.8   .630E+01   .627E+01
   49      .0    -6.0   .613E+01   .609E+01
   51      .0    -6.3   .596E+01   .592E+01
   53      .0    -6.5   .579E+01   .576E+01
   55      .0    -6.8   .563E+01   .559E+01
   57      .0    -7.0   .547E+01   .544E+01
   59      .0    -7.3   .532E+01   .529E+01
   61      .0    -7.5   .518E+01   .514E+01
   63      .0    -7.8   .504E+01   .500E+01
   65      .0    -8.0   .491E+01   .487E+01
   67      .0    -8.3   .478E+01   .474E+01
   69      .0    -8.5   .467E+01   .463E+01
   71      .0    -8.8   .456E+01   .452E+01
   73      .0    -9.0   .446E+01   .442E+01
   75      .0    -9.3   .438E+01   .433E+01
   77      .0    -9.5   .430E+01   .425E+01
   79      .0    -9.8   .424E+01   .418E+01
   81      .0   -10.0   .418E+01   .413E+01
   83      .0   -10.3   .415E+01   .409E+01
   85      .0   -10.5   .412E+01   .406E+01
   87      .0   -10.8   .412E+01   .405E+01


 Time  ***     10.0000 *** Species   1

    n    x(n)   z(n)      Conc(n)   Conc(n+1)  ...

    1      .0      .0   .100E+02   .100E+02
    3      .0     -.3   .996E+01   .996E+01
    5      .0     -.5   .992E+01   .992E+01
    7      .0     -.8   .988E+01   .988E+01
    9      .0    -1.0   .984E+01   .983E+01
   11      .0    -1.3   .979E+01   .978E+01
   13      .0    -1.5   .973E+01   .972E+01
   15      .0    -1.8   .968E+01   .966E+01
   17      .0    -2.0   .962E+01   .960E+01
   19      .0    -2.3   .955E+01   .954E+01
   21      .0    -2.5   .949E+01   .947E+01
   23      .0    -2.8   .942E+01   .940E+01
   25      .0    -3.0   .935E+01   .932E+01
   27      .0    -3.3   .927E+01   .925E+01
   29      .0    -3.5   .919E+01   .917E+01
   31      .0    -3.8   .911E+01   .908E+01
   33      .0    -4.0   .903E+01   .900E+01
   35      .0    -4.3   .894E+01   .891E+01
   37      .0    -4.5   .885E+01   .882E+01
   39      .0    -4.8   .876E+01   .873E+01
   41      .0    -5.0   .867E+01   .864E+01
   43      .0    -5.3   .858E+01   .855E+01
   45      .0    -5.5   .848E+01   .845E+01
   47      .0    -5.8   .839E+01   .836E+01
   49      .0    -6.0   .829E+01   .826E+01
   51      .0    -6.3   .820E+01   .816E+01
   53      .0    -6.5   .810E+01   .807E+01
   55      .0    -6.8   .801E+01   .797E+01
   57      .0    -7.0   .792E+01   .788E+01
   59      .0    -7.3   .783E+01   .779E+01
   61      .0    -7.5   .774E+01   .770E+01
   63      .0    -7.8   .765E+01   .761E+01
   65      .0    -8.0   .757E+01   .753E+01
   67      .0    -8.3   .749E+01   .745E+01
   69      .0    -8.5   .741E+01   .737E+01
   71      .0    -8.8   .734E+01   .730E+01
   73      .0    -9.0   .728E+01   .723E+01
   75      .0    -9.3   .722E+01   .717E+01
   77      .0    -9.5   .717E+01   .712E+01
   79      .0    -9.8   .712E+01   .707E+01
   81      .0   -10.0   .709E+01   .703E+01
   83      .0   -10.3   .706E+01   .700E+01
   85      .0   -10.5   .704E+01   .698E+01
   87      .0   -10.8   .704E+01   .698E+01


 Time  ***     15.0000 *** Species   1

    n    x(n)   z(n)      Conc(n)   Conc(n+1)  ...

    1      .0      .0   .000E+00   .000E+00
    3      .0     -.3   .326E+01   .320E+01
    5      .0     -.5   .549E+01   .541E+01
    7      .0     -.8   .698E+01   .690E+01
    9      .0    -1.0   .798E+01   .791E+01
   11      .0    -1.3   .862E+01   .857E+01
   13      .0    -1.5   .904E+01   .900E+01
   15      .0    -1.8   .931E+01   .927E+01
   17      .0    -2.0   .947E+01   .944E+01
   19      .0    -2.3   .956E+01   .954E+01
   21      .0    -2.5   .961E+01   .959E+01
   23      .0    -2.8   .963E+01   .961E+01
   25      .0    -3.0   .964E+01   .961E+01
   27      .0    -3.3   .962E+01   .960E+01
   29      .0    -3.5   .960E+01   .958E+01
   31      .0    -3.8   .957E+01   .955E+01
   33      .0    -4.0   .954E+01   .951E+01
   35      .0    -4.3   .950E+01   .947E+01
   37      .0    -4.5   .946E+01   .943E+01
   39      .0    -4.8   .942E+01   .939E+01
   41      .0    -5.0   .937E+01   .934E+01
   43      .0    -5.3   .933E+01   .930E+01
   45      .0    -5.5   .928E+01   .925E+01
   47      .0    -5.8   .923E+01   .920E+01
   49      .0    -6.0   .918E+01   .915E+01
   51      .0    -6.3   .913E+01   .910E+01
   53      .0    -6.5   .908E+01   .905E+01
   55      .0    -6.8   .904E+01   .900E+01
   57      .0    -7.0   .899E+01   .895E+01
   59      .0    -7.3   .894E+01   .890E+01
   61      .0    -7.5   .889E+01   .886E+01
   63      .0    -7.8   .885E+01   .881E+01
   65      .0    -8.0   .880E+01   .876E+01
   67      .0    -8.3   .876E+01   .872E+01
   69      .0    -8.5   .872E+01   .868E+01
   71      .0    -8.8   .868E+01   .864E+01
   73      .0    -9.0   .864E+01   .860E+01
   75      .0    -9.3   .861E+01   .857E+01
   77      .0    -9.5   .858E+01   .854E+01
   79      .0    -9.8   .856E+01   .851E+01
   81      .0   -10.0   .854E+01   .849E+01
   83      .0   -10.3   .852E+01   .847E+01
   85      .0   -10.5   .851E+01   .846E+01
   87      .0   -10.8   .851E+01   .846E+01


 Time  ***     20.0000 *** Species   1

    n    x(n)   z(n)      Conc(n)   Conc(n+1)  ...

    1      .0      .0   .000E+00   .000E+00
    3      .0     -.3   .778E-01   .753E-01
    5      .0     -.5   .163E+00   .158E+00
    7      .0     -.8   .256E+00   .248E+00
    9      .0    -1.0   .358E+00   .346E+00
   11      .0    -1.3   .468E+00   .452E+00
   13      .0    -1.5   .588E+00   .568E+00
   15      .0    -1.8   .718E+00   .693E+00
   17      .0    -2.0   .858E+00   .829E+00
   19      .0    -2.3   .101E+01   .974E+00
   21      .0    -2.5   .117E+01   .113E+01
   23      .0    -2.8   .134E+01   .130E+01
   25      .0    -3.0   .153E+01   .147E+01
   27      .0    -3.3   .172E+01   .166E+01
   29      .0    -3.5   .192E+01   .186E+01
   31      .0    -3.8   .214E+01   .207E+01
   33      .0    -4.0   .236E+01   .229E+01
   35      .0    -4.3   .260E+01   .252E+01
   37      .0    -4.5   .284E+01   .275E+01
   39      .0    -4.8   .309E+01   .300E+01
   41      .0    -5.0   .335E+01   .325E+01
   43      .0    -5.3   .361E+01   .351E+01
   45      .0    -5.5   .388E+01   .377E+01
   47      .0    -5.8   .414E+01   .403E+01
   49      .0    -6.0   .441E+01   .430E+01
   51      .0    -6.3   .468E+01   .456E+01
   53      .0    -6.5   .495E+01   .483E+01
   55      .0    -6.8   .521E+01   .509E+01
   57      .0    -7.0   .547E+01   .534E+01
   59      .0    -7.3   .571E+01   .559E+01
   61      .0    -7.5   .596E+01   .583E+01
   63      .0    -7.8   .619E+01   .607E+01
   65      .0    -8.0   .641E+01   .629E+01
   67      .0    -8.3   .661E+01   .650E+01
   69      .0    -8.5   .681E+01   .669E+01
   71      .0    -8.8   .698E+01   .687E+01
   73      .0    -9.0   .715E+01   .704E+01
   75      .0    -9.3   .729E+01   .719E+01
   77      .0    -9.5   .741E+01   .732E+01
   79      .0    -9.8   .752E+01   .743E+01
   81      .0   -10.0   .760E+01   .752E+01
   83      .0   -10.3   .767E+01   .759E+01
   85      .0   -10.5   .770E+01   .764E+01
   87      .0   -10.8   .771E+01   .766E+01


 Time  ***     25.0000 *** Species   1

    n    x(n)   z(n)      Conc(n)   Conc(n+1)  ...

    1      .0      .0   .000E+00   .000E+00
    3      .0     -.3   .154E-01   .144E-01
    5      .0     -.5   .322E-01   .302E-01
    7      .0     -.8   .506E-01   .475E-01
    9      .0    -1.0   .706E-01   .663E-01
   11      .0    -1.3   .925E-01   .869E-01
   13      .0    -1.5   .116E+00   .109E+00
   15      .0    -1.8   .142E+00   .134E+00
   17      .0    -2.0   .170E+00   .160E+00
   19      .0    -2.3   .200E+00   .189E+00
   21      .0    -2.5   .233E+00   .220E+00
   23      .0    -2.8   .269E+00   .253E+00
   25      .0    -3.0   .307E+00   .289E+00
   27      .0    -3.3   .348E+00   .328E+00
   29      .0    -3.5   .391E+00   .370E+00
   31      .0    -3.8   .438E+00   .414E+00
   33      .0    -4.0   .488E+00   .462E+00
   35      .0    -4.3   .541E+00   .513E+00
   37      .0    -4.5   .598E+00   .567E+00
   39      .0    -4.8   .658E+00   .624E+00
   41      .0    -5.0   .721E+00   .684E+00
   43      .0    -5.3   .787E+00   .747E+00
   45      .0    -5.5   .856E+00   .814E+00
   47      .0    -5.8   .929E+00   .883E+00
   49      .0    -6.0   .100E+01   .956E+00
   51      .0    -6.3   .108E+01   .103E+01
   53      .0    -6.5   .116E+01   .111E+01
   55      .0    -6.8   .124E+01   .119E+01
   57      .0    -7.0   .133E+01   .127E+01
   59      .0    -7.3   .141E+01   .135E+01
   61      .0    -7.5   .150E+01   .144E+01
   63      .0    -7.8   .158E+01   .152E+01
   65      .0    -8.0   .167E+01   .160E+01
   67      .0    -8.3   .175E+01   .168E+01
   69      .0    -8.5   .183E+01   .176E+01
   71      .0    -8.8   .191E+01   .184E+01
   73      .0    -9.0   .198E+01   .191E+01
   75      .0    -9.3   .205E+01   .198E+01
   77      .0    -9.5   .211E+01   .204E+01
   79      .0    -9.8   .216E+01   .209E+01
   81      .0   -10.0   .220E+01   .213E+01
   83      .0   -10.3   .223E+01   .217E+01
   85      .0   -10.5   .225E+01   .219E+01
   87      .0   -10.8   .225E+01   .220E+01
