


                               Node( 87)

     time        hNew    theta    Temp       Conc       Sorb    
       .000       .000   .6330     .000   .000E+00   .000E+00
       .002       .000   .6330     .000   .346E-24   .000E+00
       .004       .000   .6330     .000   .175E-22   .000E+00
       .006       .000   .6330     .000   .435E-21   .000E+00
       .008       .000   .6330     .000   .713E-20   .000E+00
       .010       .000   .6330     .000   .868E-19   .000E+00
       .012       .000   .6330     .000   .835E-18   .000E+00
       .014       .000   .6330     .000   .663E-17   .000E+00
       .016       .000   .6330     .000   .447E-16   .000E+00
       .018       .000   .6330     .000   .261E-15   .000E+00
       .021       .000   .6330     .000   .287E-14   .000E+00
       .023       .000   .6330     .000   .220E-13   .000E+00
       .027       .000   .6330     .000   .296E-12   .000E+00
       .030       .000   .6330     .000   .235E-11   .000E+00
       .034       .000   .6330     .000   .285E-10   .000E+00
       .039       .000   .6330     .000   .200E-09   .000E+00
       .044       .000   .6330     .000   .189E-08   .000E+00
       .050       .000   .6330     .000   .109E-07   .000E+00
       .056       .000   .6330     .000   .466E-07   .000E+00
       .063       .000   .6330     .000   .243E-06   .000E+00
       .071       .000   .6330     .000   .920E-06   .000E+00
       .080       .000   .6330     .000   .394E-05   .000E+00
       .090       .000   .6330     .000   .126E-04   .000E+00
       .103       .000   .6330     .000   .432E-04   .000E+00
       .115       .000   .6330     .000   .115E-03   .000E+00
       .128       .000   .6330     .000   .254E-03   .000E+00
       .144       .000   .6330     .000   .593E-03   .000E+00
       .160       .000   .6330     .000   .117E-02   .000E+00
       .182       .000   .6330     .000   .239E-02   .000E+00
       .203       .000   .6330     .000   .423E-02   .000E+00
       .229       .000   .6330     .000   .749E-02   .000E+00
       .256       .000   .6330     .000   .119E-01   .000E+00
       .282       .000   .6330     .000   .174E-01   .000E+00
       .312       .000   .6330     .000   .250E-01   .000E+00
       .344       .000   .6330     .000   .344E-01   .000E+00
       .377       .000   .6330     .000   .459E-01   .000E+00
       .413       .000   .6330     .000   .597E-01   .000E+00
       .450       .000   .6330     .000   .760E-01   .000E+00
       .490       .000   .6330     .000   .949E-01   .000E+00
       .533       .000   .6330     .000   .117E+00   .000E+00
       .578       .000   .6330     .000   .142E+00   .000E+00
       .626       .000   .6330     .000   .171E+00   .000E+00
       .677       .000   .6330     .000   .203E+00   .000E+00
       .731       .000   .6330     .000   .239E+00   .000E+00
       .789       .000   .6330     .000   .280E+00   .000E+00
       .850       .000   .6330     .000   .325E+00   .000E+00
       .915       .000   .6330     .000   .374E+00   .000E+00
       .984       .000   .6330     .000   .429E+00   .000E+00
      1.057       .000   .6330     .000   .489E+00   .000E+00
      1.134       .000   .6330     .000   .555E+00   .000E+00
      1.217       .000   .6330     .000   .627E+00   .000E+00
      1.304       .000   .6330     .000   .704E+00   .000E+00
      1.396       .000   .6330     .000   .788E+00   .000E+00
      1.493       .000   .6330     .000   .879E+00   .000E+00
      1.595       .000   .6330     .000   .975E+00   .000E+00
      1.702       .000   .6330     .000   .108E+01   .000E+00
      1.815       .000   .6330     .000   .119E+01   .000E+00
      1.933       .000   .6330     .000   .130E+01   .000E+00
      2.058       .000   .6330     .000   .143E+01   .000E+00
      2.190       .000   .6330     .000   .155E+01   .000E+00
      2.327       .000   .6330     .000   .169E+01   .000E+00
      2.468       .000   .6330     .000   .183E+01   .000E+00
      2.617       .000   .6330     .000   .198E+01   .000E+00
      2.773       .000   .6330     .000   .213E+01   .000E+00
      2.932       .000   .6330     .000   .228E+01   .000E+00
      3.102       .000   .6330     .000   .245E+01   .000E+00
      3.274       .000   .6330     .000   .261E+01   .000E+00
      3.457       .000   .6330     .000   .278E+01   .000E+00
      3.646       .000   .6330     .000   .296E+01   .000E+00
      3.840       .000   .6330     .000   .313E+01   .000E+00
      4.033       .000   .6330     .000   .331E+01   .000E+00
      4.226       .000   .6330     .000   .347E+01   .000E+00
      4.420       .000   .6330     .000   .364E+01   .000E+00
      4.613       .000   .6330     .000   .380E+01   .000E+00
      4.807       .000   .6330     .000   .396E+01   .000E+00
      5.000       .000   .6330     .000   .412E+01   .000E+00
      5.238       .000   .6330     .000   .430E+01   .000E+00
      5.476       .000   .6330     .000   .449E+01   .000E+00
      5.726       .000   .6330     .000   .467E+01   .000E+00
      5.977       .000   .6330     .000   .485E+01   .000E+00
      6.239       .000   .6330     .000   .503E+01   .000E+00
      6.506       .000   .6330     .000   .521E+01   .000E+00
      6.774       .000   .6330     .000   .538E+01   .000E+00
      7.043       .000   .6330     .000   .555E+01   .000E+00
      7.327       .000   .6330     .000   .572E+01   .000E+00
      7.615       .000   .6330     .000   .589E+01   .000E+00
      7.908       .000   .6330     .000   .605E+01   .000E+00
      8.207       .000   .6330     .000   .621E+01   .000E+00
      8.505       .000   .6330     .000   .636E+01   .000E+00
      8.804       .000   .6330     .000   .651E+01   .000E+00
      9.103       .000   .6330     .000   .665E+01   .000E+00
      9.402       .000   .6330     .000   .679E+01   .000E+00
      9.701       .000   .6330     .000   .692E+01   .000E+00
     10.000       .000   .6330     .000   .704E+01   .000E+00
     10.327       .000   .6330     .000   .717E+01   .000E+00
     10.658       .000   .6330     .000   .730E+01   .000E+00
     10.992       .000   .6330     .000   .742E+01   .000E+00
     11.326       .000   .6330     .000   .753E+01   .000E+00
     11.660       .000   .6330     .000   .765E+01   .000E+00
     11.994       .000   .6330     .000   .775E+01   .000E+00
     12.328       .000   .6330     .000   .785E+01   .000E+00
     12.662       .000   .6330     .000   .795E+01   .000E+00
     12.996       .000   .6330     .000   .804E+01   .000E+00
     13.330       .000   .6330     .000   .813E+01   .000E+00
     13.664       .000   .6330     .000   .821E+01   .000E+00
     13.998       .000   .6330     .000   .829E+01   .000E+00
     14.332       .000   .6330     .000   .837E+01   .000E+00
     14.666       .000   .6330     .000   .844E+01   .000E+00
     15.000       .000   .6330     .000   .851E+01   .000E+00
     15.357       .000   .6330     .000   .858E+01   .000E+00
     15.439       .000   .6330     .000   .860E+01   .000E+00
     15.521       .000   .6330     .000   .861E+01   .000E+00
     15.602       .000   .6330     .000   .863E+01   .000E+00
     15.670       .000   .6330     .000   .864E+01   .000E+00
     15.752       .000   .6330     .000   .866E+01   .000E+00
     15.828       .000   .6330     .000   .867E+01   .000E+00
     15.909       .000   .6330     .000   .868E+01   .000E+00
     15.985       .000   .6330     .000   .870E+01   .000E+00
     16.067       .000   .6330     .000   .871E+01   .000E+00
     16.141       .000   .6330     .000   .873E+01   .000E+00
     16.223       .000   .6330     .000   .874E+01   .000E+00
     16.295       .000   .6330     .000   .875E+01   .000E+00
     16.375       .000   .6330     .000   .876E+01   .000E+00
     16.445       .000   .6330     .000   .878E+01   .000E+00
     16.522       .000   .6330     .000   .879E+01   .000E+00
     16.590       .000   .6330     .000   .880E+01   .000E+00
     16.664       .000   .6330     .000   .881E+01   .000E+00
     16.730       .000   .6330     .000   .882E+01   .000E+00
     16.801       .000   .6330     .000   .883E+01   .000E+00
     16.866       .000   .6330     .000   .883E+01   .000E+00
     16.934       .000   .6330     .000   .884E+01   .000E+00
     16.997       .000   .6330     .000   .885E+01   .000E+00
     17.063       .000   .6330     .000   .886E+01   .000E+00
     17.125       .000   .6330     .000   .886E+01   .000E+00
     17.189       .000   .6330     .000   .886E+01   .000E+00
     17.250       .000   .6330     .000   .887E+01   .000E+00
     17.312       .000   .6330     .000   .887E+01   .000E+00
     17.372       .000   .6330     .000   .887E+01   .000E+00
     17.433       .000   .6330     .000   .887E+01   .000E+00
     17.491       .000   .6330     .000   .887E+01   .000E+00
     17.551       .000   .6330     .000   .887E+01   .000E+00
     17.608       .000   .6330     .000   .887E+01   .000E+00
     17.666       .000   .6330     .000   .887E+01   .000E+00
     17.723       .000   .6330     .000   .886E+01   .000E+00
     17.780       .000   .6330     .000   .886E+01   .000E+00
     17.835       .000   .6330     .000   .885E+01   .000E+00
     17.891       .000   .6330     .000   .884E+01   .000E+00
     17.946       .000   .6330     .000   .884E+01   .000E+00
     18.001       .000   .6330     .000   .883E+01   .000E+00
     18.055       .000   .6330     .000   .882E+01   .000E+00
     18.109       .000   .6330     .000   .881E+01   .000E+00
     18.162       .000   .6330     .000   .879E+01   .000E+00
     18.215       .000   .6330     .000   .878E+01   .000E+00
     18.268       .000   .6330     .000   .877E+01   .000E+00
     18.320       .000   .6330     .000   .875E+01   .000E+00
     18.372       .000   .6330     .000   .873E+01   .000E+00
     18.424       .000   .6330     .000   .872E+01   .000E+00
     18.475       .000   .6330     .000   .870E+01   .000E+00
     18.526       .000   .6330     .000   .868E+01   .000E+00
     18.576       .000   .6330     .000   .866E+01   .000E+00
     18.627       .000   .6330     .000   .864E+01   .000E+00
     18.677       .000   .6330     .000   .862E+01   .000E+00
     18.726       .000   .6330     .000   .860E+01   .000E+00
     18.775       .000   .6330     .000   .857E+01   .000E+00
     18.824       .000   .6330     .000   .855E+01   .000E+00
     18.873       .000   .6330     .000   .853E+01   .000E+00
     18.921       .000   .6330     .000   .850E+01   .000E+00
     18.970       .000   .6330     .000   .847E+01   .000E+00
     19.018       .000   .6330     .000   .845E+01   .000E+00
     19.065       .000   .6330     .000   .842E+01   .000E+00
     19.111       .000   .6330     .000   .839E+01   .000E+00
     19.158       .000   .6330     .000   .836E+01   .000E+00
     19.205       .000   .6330     .000   .833E+01   .000E+00
     19.252       .000   .6330     .000   .830E+01   .000E+00
     19.298       .000   .6330     .000   .827E+01   .000E+00
     19.345       .000   .6330     .000   .824E+01   .000E+00
     19.391       .000   .6330     .000   .821E+01   .000E+00
     19.437       .000   .6330     .000   .817E+01   .000E+00
     19.483       .000   .6330     .000   .814E+01   .000E+00
     19.528       .000   .6330     .000   .810E+01   .000E+00
     19.574       .000   .6330     .000   .807E+01   .000E+00
     19.619       .000   .6330     .000   .803E+01   .000E+00
     19.664       .000   .6330     .000   .800E+01   .000E+00
     19.706       .000   .6330     .000   .796E+01   .000E+00
     19.748       .000   .6330     .000   .793E+01   .000E+00
     19.790       .000   .6330     .000   .790E+01   .000E+00
     19.832       .000   .6330     .000   .786E+01   .000E+00
     19.874       .000   .6330     .000   .782E+01   .000E+00
     19.916       .000   .6330     .000   .779E+01   .000E+00
     19.958       .000   .6330     .000   .775E+01   .000E+00
     20.000       .000   .6330     .000   .771E+01   .000E+00
     20.043       .000   .6330     .000   .767E+01   .000E+00
     20.087       .000   .6330     .000   .763E+01   .000E+00
     20.130       .000   .6330     .000   .759E+01   .000E+00
     20.173       .000   .6330     .000   .755E+01   .000E+00
     20.215       .000   .6330     .000   .751E+01   .000E+00
     20.258       .000   .6330     .000   .747E+01   .000E+00
     20.300       .000   .6330     .000   .743E+01   .000E+00
     20.342       .000   .6330     .000   .739E+01   .000E+00
     20.384       .000   .6330     .000   .735E+01   .000E+00
     20.426       .000   .6330     .000   .730E+01   .000E+00
     20.468       .000   .6330     .000   .726E+01   .000E+00
     20.510       .000   .6330     .000   .722E+01   .000E+00
     20.551       .000   .6330     .000   .718E+01   .000E+00
     20.593       .000   .6330     .000   .713E+01   .000E+00
     20.634       .000   .6330     .000   .709E+01   .000E+00
     20.675       .000   .6330     .000   .705E+01   .000E+00
     20.716       .000   .6330     .000   .700E+01   .000E+00
     20.757       .000   .6330     .000   .696E+01   .000E+00
     20.798       .000   .6330     .000   .691E+01   .000E+00
     20.838       .000   .6330     .000   .687E+01   .000E+00
     20.879       .000   .6330     .000   .683E+01   .000E+00
     20.919       .000   .6330     .000   .678E+01   .000E+00
     20.959       .000   .6330     .000   .674E+01   .000E+00
     20.999       .000   .6330     .000   .669E+01   .000E+00
     21.039       .000   .6330     .000   .665E+01   .000E+00
     21.079       .000   .6330     .000   .660E+01   .000E+00
     21.119       .000   .6330     .000   .656E+01   .000E+00
     21.158       .000   .6330     .000   .651E+01   .000E+00
     21.198       .000   .6330     .000   .647E+01   .000E+00
     21.237       .000   .6330     .000   .642E+01   .000E+00
     21.277       .000   .6330     .000   .638E+01   .000E+00
     21.316       .000   .6330     .000   .633E+01   .000E+00
     21.355       .000   .6330     .000   .629E+01   .000E+00
     21.394       .000   .6330     .000   .624E+01   .000E+00
     21.432       .000   .6330     .000   .620E+01   .000E+00
     21.471       .000   .6330     .000   .615E+01   .000E+00
     21.510       .000   .6330     .000   .611E+01   .000E+00
     21.548       .000   .6330     .000   .606E+01   .000E+00
     21.587       .000   .6330     .000   .602E+01   .000E+00
     21.625       .000   .6330     .000   .598E+01   .000E+00
     21.663       .000   .6330     .000   .593E+01   .000E+00
     21.701       .000   .6330     .000   .589E+01   .000E+00
     21.739       .000   .6330     .000   .584E+01   .000E+00
     21.777       .000   .6330     .000   .580E+01   .000E+00
     21.815       .000   .6330     .000   .575E+01   .000E+00
     21.853       .000   .6330     .000   .571E+01   .000E+00
     21.890       .000   .6330     .000   .566E+01   .000E+00
     21.928       .000   .6330     .000   .562E+01   .000E+00
     21.965       .000   .6330     .000   .557E+01   .000E+00
     22.003       .000   .6330     .000   .553E+01   .000E+00
     22.040       .000   .6330     .000   .548E+01   .000E+00
     22.077       .000   .6330     .000   .544E+01   .000E+00
     22.114       .000   .6330     .000   .540E+01   .000E+00
     22.151       .000   .6330     .000   .535E+01   .000E+00
     22.188       .000   .6330     .000   .531E+01   .000E+00
     22.225       .000   .6330     .000   .526E+01   .000E+00
     22.261       .000   .6330     .000   .522E+01   .000E+00
     22.298       .000   .6330     .000   .518E+01   .000E+00
     22.334       .000   .6330     .000   .513E+01   .000E+00
     22.371       .000   .6330     .000   .509E+01   .000E+00
     22.407       .000   .6330     .000   .505E+01   .000E+00
     22.443       .000   .6330     .000   .500E+01   .000E+00
     22.479       .000   .6330     .000   .496E+01   .000E+00
     22.515       .000   .6330     .000   .492E+01   .000E+00
     22.551       .000   .6330     .000   .488E+01   .000E+00
     22.587       .000   .6330     .000   .483E+01   .000E+00
     22.623       .000   .6330     .000   .479E+01   .000E+00
     22.659       .000   .6330     .000   .475E+01   .000E+00
     22.695       .000   .6330     .000   .471E+01   .000E+00
     22.730       .000   .6330     .000   .466E+01   .000E+00
     22.766       .000   .6330     .000   .462E+01   .000E+00
     22.801       .000   .6330     .000   .458E+01   .000E+00
     22.837       .000   .6330     .000   .454E+01   .000E+00
     22.872       .000   .6330     .000   .450E+01   .000E+00
     22.908       .000   .6330     .000   .446E+01   .000E+00
     22.943       .000   .6330     .000   .442E+01   .000E+00
     22.978       .000   .6330     .000   .438E+01   .000E+00
     23.012       .000   .6330     .000   .434E+01   .000E+00
     23.047       .000   .6330     .000   .429E+01   .000E+00
     23.082       .000   .6330     .000   .425E+01   .000E+00
     23.117       .000   .6330     .000   .421E+01   .000E+00
     23.152       .000   .6330     .000   .417E+01   .000E+00
     23.187       .000   .6330     .000   .413E+01   .000E+00
     23.221       .000   .6330     .000   .409E+01   .000E+00
     23.256       .000   .6330     .000   .406E+01   .000E+00
     23.290       .000   .6330     .000   .402E+01   .000E+00
     23.324       .000   .6330     .000   .398E+01   .000E+00
     23.358       .000   .6330     .000   .394E+01   .000E+00
     23.393       .000   .6330     .000   .390E+01   .000E+00
     23.427       .000   .6330     .000   .386E+01   .000E+00
     23.461       .000   .6330     .000   .382E+01   .000E+00
     23.495       .000   .6330     .000   .379E+01   .000E+00
     23.529       .000   .6330     .000   .375E+01   .000E+00
     23.563       .000   .6330     .000   .371E+01   .000E+00
     23.597       .000   .6330     .000   .367E+01   .000E+00
     23.631       .000   .6330     .000   .364E+01   .000E+00
     23.664       .000   .6330     .000   .360E+01   .000E+00
     23.698       .000   .6330     .000   .356E+01   .000E+00
     23.731       .000   .6330     .000   .353E+01   .000E+00
     23.764       .000   .6330     .000   .349E+01   .000E+00
     23.798       .000   .6330     .000   .345E+01   .000E+00
     23.831       .000   .6330     .000   .342E+01   .000E+00
     23.865       .000   .6330     .000   .338E+01   .000E+00
     23.898       .000   .6330     .000   .335E+01   .000E+00
     23.931       .000   .6330     .000   .331E+01   .000E+00
     23.964       .000   .6330     .000   .327E+01   .000E+00
     23.997       .000   .6330     .000   .324E+01   .000E+00
     24.030       .000   .6330     .000   .320E+01   .000E+00
     24.063       .000   .6330     .000   .317E+01   .000E+00
     24.096       .000   .6330     .000   .314E+01   .000E+00
     24.129       .000   .6330     .000   .310E+01   .000E+00
     24.162       .000   .6330     .000   .307E+01   .000E+00
     24.194       .000   .6330     .000   .303E+01   .000E+00
     24.226       .000   .6330     .000   .300E+01   .000E+00
     24.258       .000   .6330     .000   .297E+01   .000E+00
     24.291       .000   .6330     .000   .294E+01   .000E+00
     24.323       .000   .6330     .000   .290E+01   .000E+00
     24.355       .000   .6330     .000   .287E+01   .000E+00
     24.387       .000   .6330     .000   .284E+01   .000E+00
     24.420       .000   .6330     .000   .281E+01   .000E+00
     24.452       .000   .6330     .000   .277E+01   .000E+00
     24.484       .000   .6330     .000   .274E+01   .000E+00
     24.516       .000   .6330     .000   .271E+01   .000E+00
     24.548       .000   .6330     .000   .268E+01   .000E+00
     24.580       .000   .6330     .000   .265E+01   .000E+00
     24.612       .000   .6330     .000   .262E+01   .000E+00
     24.644       .000   .6330     .000   .259E+01   .000E+00
     24.676       .000   .6330     .000   .255E+01   .000E+00
     24.708       .000   .6330     .000   .252E+01   .000E+00
     24.740       .000   .6330     .000   .249E+01   .000E+00
     24.771       .000   .6330     .000   .246E+01   .000E+00
     24.803       .000   .6330     .000   .243E+01   .000E+00
     24.835       .000   .6330     .000   .240E+01   .000E+00
     24.866       .000   .6330     .000   .238E+01   .000E+00
     24.898       .000   .6330     .000   .235E+01   .000E+00
     24.929       .000   .6330     .000   .232E+01   .000E+00
     24.960       .000   .6330     .000   .229E+01   .000E+00
     24.980       .000   .6330     .000   .227E+01   .000E+00
     25.000       .000   .6330     .000   .225E+01   .000E+00
