 Example 4 - Solute Transport with Nitrification Chain


 Program CHAIN_2D
 Time independent boundary conditions
 Vertical plane flow, V = L*L
 Units: L = m    , T = days , M = -


 Time:     50.0000

    i    n    x      z    Code     Q          v           h       th       Temp     Conc
                                 [V/T]      [L/T]        [L]     [-]        [C]    [M/L3]

    1    1     .0     .0    1   .500E+00  -.100E+01         .0  1.000       .00  .998E+00  .184E-02 -.318E-04
    2    2    1.0     .0    1   .500E+00  -.100E+01         .0  1.000       .00  .998E+00  .179E-02  .820E-05
    3  401     .0 -200.0    2  -.500E+00   .100E+01         .0  1.000       .00  .000E+00  .000E+00  .000E+00
    4  402    1.0 -200.0    2  -.500E+00   .100E+01         .0  1.000       .00  .000E+00  .000E+00  .000E+00


 Time:    100.0000

    i    n    x      z    Code     Q          v           h       th       Temp     Conc
                                 [V/T]      [L/T]        [L]     [-]        [C]    [M/L3]

    1    1     .0     .0    1   .500E+00  -.100E+01         .0  1.000       .00  .998E+00  .184E-02 -.318E-04
    2    2    1.0     .0    1   .500E+00  -.100E+01         .0  1.000       .00  .998E+00  .179E-02  .820E-05
    3  401     .0 -200.0    2  -.500E+00   .100E+01         .0  1.000       .00  .000E+00  .852E-35  .118E-28
    4  402    1.0 -200.0    2  -.500E+00   .100E+01         .0  1.000       .00  .000E+00  .928E-35  .129E-28


 Time:    200.0000

    i    n    x      z    Code     Q          v           h       th       Temp     Conc
                                 [V/T]      [L/T]        [L]     [-]        [C]    [M/L3]

    1    1     .0     .0    1   .500E+00  -.100E+01         .0  1.000       .00  .998E+00  .184E-02 -.318E-04
    2    2    1.0     .0    1   .500E+00  -.100E+01         .0  1.000       .00  .998E+00  .179E-02  .820E-05
    3  401     .0 -200.0    2  -.500E+00   .100E+01         .0  1.000       .00  .390E-29  .528E-09  .324E-01
    4  402    1.0 -200.0    2  -.500E+00   .100E+01         .0  1.000       .00  .422E-29  .522E-09  .322E-01
