 Example 1 - Column Test

 Program SWMS_3D
 Date:  21. 7.    Time:  12:33:12
 Time independent boundary conditions
 Units: L = cm   , T = sec  , M = -

 Time [T]             Total     Sub-region number ...

       .0000                      1
 Volume  [L3]      .610E+02   .610E+02
 Water   [L3]      .471E+01   .471E+01
 InFlow  [L3/T]    .000E+00   .000E+00
 hMean   [L]      -.150E+03     -149.7

     60.0000                      1
 Volume  [L3]      .610E+02   .610E+02
 Water   [L3]      .551E+01   .551E+01
 InFlow  [L3/T]    .720E-02   .720E-02
 hMean   [L]      -.141E+03     -140.7
 WatBalT [L3]     -.927E-04
 WatBalR [%]           .012

    900.0000                      1
 Volume  [L3]      .610E+02   .610E+02
 Water   [L3]      .811E+01   .811E+01
 InFlow  [L3/T]    .212E-02   .212E-02
 hMean   [L]      -.114E+03     -114.3
 WatBalT [L3]     -.210E-03
 WatBalR [%]           .006

   1800.0000                      1
 Volume  [L3]      .610E+02   .610E+02
 Water   [L3]      .977E+01   .977E+01
 InFlow  [L3/T]    .165E-02   .165E-02
 hMean   [L]      -.978E+02      -97.8
 WatBalT [L3]     -.332E-03
 WatBalR [%]           .007

   2700.0000                      1
 Volume  [L3]      .610E+02   .610E+02
 Water   [L3]      .111E+02   .111E+02
 InFlow  [L3/T]    .144E-02   .144E-02
 hMean   [L]      -.842E+02      -84.2
 WatBalT [L3]     -.456E-03
 WatBalR [%]           .007

   3600.0000                      1
 Volume  [L3]      .610E+02   .610E+02
 Water   [L3]      .124E+02   .124E+02
 InFlow  [L3/T]    .132E-02   .132E-02
 hMean   [L]      -.720E+02      -72.0
 WatBalT [L3]     -.574E-03
 WatBalR [%]           .007

   5400.0000                      1
 Volume  [L3]      .610E+02   .610E+02
 Water   [L3]      .146E+02   .146E+02
 InFlow  [L3/T]    .118E-02   .118E-02
 hMean   [L]      -.496E+02      -49.6
 WatBalT [L3]     -.713E-03
 WatBalR [%]           .007
