 Example 1 - Column Test

 Program SWMS_3D
 Date:  21. 7.    Time:  12:33:12
 Time independent boundary conditions
 Units: L = cm   , T = sec  , M = -


 Time:     60.0000

    i    n    x      y      z    Code     Q          v           h       th       Qc         vc       Conc
                                       [L3/T]      [L/T]        [L]     [-]     [M/T]     [M/L2/T]   [M/L3]

    1    1     .0     .0   61.0    1   .240E-02  -.721E-02         .8   .350   .000E+00   .000E+00  .000E+00
    2    2    1.0     .0   61.0    1   .120E-02  -.721E-02         .8   .350   .000E+00   .000E+00  .000E+00
    3    3     .0    1.0   61.0    1   .120E-02  -.721E-02         .8   .350   .000E+00   .000E+00  .000E+00
    4    4    1.0    1.0   61.0    1   .240E-02  -.721E-02         .8   .350   .000E+00   .000E+00  .000E+00
    5  221     .0     .0     .0   -2   .000E+00   .000E+00     -149.9   .077   .000E+00   .000E+00  .000E+00
    6  222    1.0     .0     .0   -2   .000E+00   .000E+00     -149.9   .077   .000E+00   .000E+00  .000E+00
    7  223     .0    1.0     .0   -2   .000E+00   .000E+00     -149.9   .077   .000E+00   .000E+00  .000E+00
    8  224    1.0    1.0     .0   -2   .000E+00   .000E+00     -149.9   .077   .000E+00   .000E+00  .000E+00


 Time:    900.0000

    i    n    x      y      z    Code     Q          v           h       th       Qc         vc       Conc
                                       [L3/T]      [L/T]        [L]     [-]     [M/T]     [M/L2/T]   [M/L3]

    1    1     .0     .0   61.0    1   .707E-03  -.212E-02         .8   .350   .000E+00   .000E+00  .000E+00
    2    2    1.0     .0   61.0    1   .354E-03  -.212E-02         .8   .350   .000E+00   .000E+00  .000E+00
    3    3     .0    1.0   61.0    1   .354E-03  -.212E-02         .8   .350   .000E+00   .000E+00  .000E+00
    4    4    1.0    1.0   61.0    1   .707E-03  -.212E-02         .8   .350   .000E+00   .000E+00  .000E+00
    5  221     .0     .0     .0   -2   .000E+00   .000E+00     -149.2   .077   .000E+00   .000E+00  .000E+00
    6  222    1.0     .0     .0   -2   .000E+00   .000E+00     -149.3   .077   .000E+00   .000E+00  .000E+00
    7  223     .0    1.0     .0   -2   .000E+00   .000E+00     -149.3   .077   .000E+00   .000E+00  .000E+00
    8  224    1.0    1.0     .0   -2   .000E+00   .000E+00     -149.2   .077   .000E+00   .000E+00  .000E+00


 Time:   1800.0000

    i    n    x      y      z    Code     Q          v           h       th       Qc         vc       Conc
                                       [L3/T]      [L/T]        [L]     [-]     [M/T]     [M/L2/T]   [M/L3]

    1    1     .0     .0   61.0    1   .549E-03  -.165E-02         .8   .350   .000E+00   .000E+00  .000E+00
    2    2    1.0     .0   61.0    1   .275E-03  -.165E-02         .8   .350   .000E+00   .000E+00  .000E+00
    3    3     .0    1.0   61.0    1   .275E-03  -.165E-02         .8   .350   .000E+00   .000E+00  .000E+00
    4    4    1.0    1.0   61.0    1   .549E-03  -.165E-02         .8   .350   .000E+00   .000E+00  .000E+00
    5  221     .0     .0     .0   -2   .000E+00   .000E+00     -148.7   .077   .000E+00   .000E+00  .000E+00
    6  222    1.0     .0     .0   -2   .000E+00   .000E+00     -148.7   .077   .000E+00   .000E+00  .000E+00
    7  223     .0    1.0     .0   -2   .000E+00   .000E+00     -148.7   .077   .000E+00   .000E+00  .000E+00
    8  224    1.0    1.0     .0   -2   .000E+00   .000E+00     -148.7   .077   .000E+00   .000E+00  .000E+00


 Time:   2700.0000

    i    n    x      y      z    Code     Q          v           h       th       Qc         vc       Conc
                                       [L3/T]      [L/T]        [L]     [-]     [M/T]     [M/L2/T]   [M/L3]

    1    1     .0     .0   61.0    1   .481E-03  -.144E-02         .8   .350   .000E+00   .000E+00  .000E+00
    2    2    1.0     .0   61.0    1   .240E-03  -.144E-02         .8   .350   .000E+00   .000E+00  .000E+00
    3    3     .0    1.0   61.0    1   .240E-03  -.144E-02         .8   .350   .000E+00   .000E+00  .000E+00
    4    4    1.0    1.0   61.0    1   .481E-03  -.144E-02         .8   .350   .000E+00   .000E+00  .000E+00
    5  221     .0     .0     .0   -2   .000E+00   .000E+00     -148.3   .077   .000E+00   .000E+00  .000E+00
    6  222    1.0     .0     .0   -2   .000E+00   .000E+00     -148.3   .077   .000E+00   .000E+00  .000E+00
    7  223     .0    1.0     .0   -2   .000E+00   .000E+00     -148.3   .077   .000E+00   .000E+00  .000E+00
    8  224    1.0    1.0     .0   -2   .000E+00   .000E+00     -148.3   .077   .000E+00   .000E+00  .000E+00


 Time:   3600.0000

    i    n    x      y      z    Code     Q          v           h       th       Qc         vc       Conc
                                       [L3/T]      [L/T]        [L]     [-]     [M/T]     [M/L2/T]   [M/L3]

    1    1     .0     .0   61.0    1   .440E-03  -.132E-02         .8   .350   .000E+00   .000E+00  .000E+00
    2    2    1.0     .0   61.0    1   .220E-03  -.132E-02         .8   .350   .000E+00   .000E+00  .000E+00
    3    3     .0    1.0   61.0    1   .220E-03  -.132E-02         .8   .350   .000E+00   .000E+00  .000E+00
    4    4    1.0    1.0   61.0    1   .440E-03  -.132E-02         .8   .350   .000E+00   .000E+00  .000E+00
    5  221     .0     .0     .0   -2   .000E+00   .000E+00     -148.0   .077   .000E+00   .000E+00  .000E+00
    6  222    1.0     .0     .0   -2   .000E+00   .000E+00     -148.0   .077   .000E+00   .000E+00  .000E+00
    7  223     .0    1.0     .0   -2   .000E+00   .000E+00     -148.0   .077   .000E+00   .000E+00  .000E+00
    8  224    1.0    1.0     .0   -2   .000E+00   .000E+00     -148.0   .077   .000E+00   .000E+00  .000E+00


 Time:   5400.0000

    i    n    x      y      z    Code     Q          v           h       th       Qc         vc       Conc
                                       [L3/T]      [L/T]        [L]     [-]     [M/T]     [M/L2/T]   [M/L3]

    1    1     .0     .0   61.0    1   .394E-03  -.118E-02         .8   .350   .000E+00   .000E+00  .000E+00
    2    2    1.0     .0   61.0    1   .197E-03  -.118E-02         .8   .350   .000E+00   .000E+00  .000E+00
    3    3     .0    1.0   61.0    1   .197E-03  -.118E-02         .8   .350   .000E+00   .000E+00  .000E+00
    4    4    1.0    1.0   61.0    1   .394E-03  -.118E-02         .8   .350   .000E+00   .000E+00  .000E+00
    5  221     .0     .0     .0   -2   .000E+00   .000E+00     -147.4   .078   .000E+00   .000E+00  .000E+00
    6  222    1.0     .0     .0   -2   .000E+00   .000E+00     -147.5   .078   .000E+00   .000E+00  .000E+00
    7  223     .0    1.0     .0   -2   .000E+00   .000E+00     -147.5   .078   .000E+00   .000E+00  .000E+00
    8  224    1.0    1.0     .0   -2   .000E+00   .000E+00     -147.4   .078   .000E+00   .000E+00  .000E+00
