 Example 1 - Column Test

 Program SWMS_3D
 Date:  21. 7.    Time:  12:33:12
 Time independent boundary conditions
 Units: L = cm   , T = sec  , M = -


 Time  ***       .0000 ***

    n    x(n)   y(n)   z(n)       h(n)      h(n+1) ...

    1      .0      .0    61.0        .8        .8        .8        .8
    5      .0      .0    60.8    -150.0    -150.0    -150.0    -150.0
    9      .0      .0    60.5    -150.0    -150.0    -150.0    -150.0
   13      .0      .0    60.3    -150.0    -150.0    -150.0    -150.0
   17      .0      .0    60.0    -150.0    -150.0    -150.0    -150.0
   21      .0      .0    59.5    -150.0    -150.0    -150.0    -150.0
   25      .0      .0    59.0    -150.0    -150.0    -150.0    -150.0
   29      .0      .0    58.0    -150.0    -150.0    -150.0    -150.0
   33      .0      .0    57.0    -150.0    -150.0    -150.0    -150.0
   37      .0      .0    56.0    -150.0    -150.0    -150.0    -150.0
   41      .0      .0    55.0    -150.0    -150.0    -150.0    -150.0
   45      .0      .0    54.0    -150.0    -150.0    -150.0    -150.0
   49      .0      .0    53.0    -150.0    -150.0    -150.0    -150.0
   53      .0      .0    52.0    -150.0    -150.0    -150.0    -150.0
   57      .0      .0    51.0    -150.0    -150.0    -150.0    -150.0
   61      .0      .0    50.0    -150.0    -150.0    -150.0    -150.0
   65      .0      .0    49.0    -150.0    -150.0    -150.0    -150.0
   69      .0      .0    48.0    -150.0    -150.0    -150.0    -150.0
   73      .0      .0    47.0    -150.0    -150.0    -150.0    -150.0
   77      .0      .0    46.0    -150.0    -150.0    -150.0    -150.0
   81      .0      .0    45.0    -150.0    -150.0    -150.0    -150.0
   85      .0      .0    44.0    -150.0    -150.0    -150.0    -150.0
   89      .0      .0    43.0    -150.0    -150.0    -150.0    -150.0
   93      .0      .0    42.0    -150.0    -150.0    -150.0    -150.0
   97      .0      .0    41.0    -150.0    -150.0    -150.0    -150.0
  101      .0      .0    40.0    -150.0    -150.0    -150.0    -150.0
  105      .0      .0    39.0    -150.0    -150.0    -150.0    -150.0
  109      .0      .0    38.0    -150.0    -150.0    -150.0    -150.0
  113      .0      .0    37.0    -150.0    -150.0    -150.0    -150.0
  117      .0      .0    36.0    -150.0    -150.0    -150.0    -150.0
  121      .0      .0    35.0    -150.0    -150.0    -150.0    -150.0
  125      .0      .0    34.0    -150.0    -150.0    -150.0    -150.0
  129      .0      .0    33.0    -150.0    -150.0    -150.0    -150.0
  133      .0      .0    32.0    -150.0    -150.0    -150.0    -150.0
  137      .0      .0    31.0    -150.0    -150.0    -150.0    -150.0
  141      .0      .0    30.0    -150.0    -150.0    -150.0    -150.0
  145      .0      .0    29.0    -150.0    -150.0    -150.0    -150.0
  149      .0      .0    28.0    -150.0    -150.0    -150.0    -150.0
  153      .0      .0    27.0    -150.0    -150.0    -150.0    -150.0
  157      .0      .0    26.0    -150.0    -150.0    -150.0    -150.0
  161      .0      .0    25.0    -150.0    -150.0    -150.0    -150.0
  165      .0      .0    24.0    -150.0    -150.0    -150.0    -150.0
  169      .0      .0    23.0    -150.0    -150.0    -150.0    -150.0
  173      .0      .0    22.0    -150.0    -150.0    -150.0    -150.0
  177      .0      .0    21.0    -150.0    -150.0    -150.0    -150.0
  181      .0      .0    20.0    -150.0    -150.0    -150.0    -150.0
  185      .0      .0    18.0    -150.0    -150.0    -150.0    -150.0
  189      .0      .0    16.0    -150.0    -150.0    -150.0    -150.0
  193      .0      .0    14.0    -150.0    -150.0    -150.0    -150.0
  197      .0      .0    12.0    -150.0    -150.0    -150.0    -150.0
  201      .0      .0    10.0    -150.0    -150.0    -150.0    -150.0
  205      .0      .0     8.0    -150.0    -150.0    -150.0    -150.0
  209      .0      .0     6.0    -150.0    -150.0    -150.0    -150.0
  213      .0      .0     4.0    -150.0    -150.0    -150.0    -150.0
  217      .0      .0     2.0    -150.0    -150.0    -150.0    -150.0
  221      .0      .0      .0    -150.0    -150.0    -150.0    -150.0


 Time  ***     60.0000 ***

    n    x(n)   y(n)   z(n)       h(n)      h(n+1) ...

    1      .0      .0    61.0        .8        .8        .8        .8
    5      .0      .0    60.8      -1.5      -1.5      -1.5      -1.5
    9      .0      .0    60.5      -3.8      -3.8      -3.8      -3.8
   13      .0      .0    60.3      -6.0      -6.0      -6.0      -6.0
   17      .0      .0    60.0      -8.3      -8.3      -8.3      -8.3
   21      .0      .0    59.5     -12.7     -12.8     -12.8     -12.7
   25      .0      .0    59.0     -16.9     -17.3     -17.3     -16.9
   29      .0      .0    58.0     -30.7     -29.0     -29.0     -30.7
   33      .0      .0    57.0     -64.2     -64.5     -64.5     -64.2
   37      .0      .0    56.0    -139.7    -140.7    -140.7    -139.7
   41      .0      .0    55.0    -149.9    -149.9    -149.9    -149.9
   45      .0      .0    54.0    -150.0    -150.0    -150.0    -150.0
   49      .0      .0    53.0    -150.0    -150.0    -150.0    -150.0
   53      .0      .0    52.0    -150.0    -150.0    -150.0    -150.0
   57      .0      .0    51.0    -150.0    -150.0    -150.0    -150.0
   61      .0      .0    50.0    -150.0    -150.0    -150.0    -150.0
   65      .0      .0    49.0    -150.0    -150.0    -150.0    -150.0
   69      .0      .0    48.0    -150.0    -150.0    -150.0    -150.0
   73      .0      .0    47.0    -150.0    -150.0    -150.0    -150.0
   77      .0      .0    46.0    -150.0    -150.0    -150.0    -150.0
   81      .0      .0    45.0    -150.0    -150.0    -150.0    -150.0
   85      .0      .0    44.0    -150.0    -150.0    -150.0    -150.0
   89      .0      .0    43.0    -150.0    -150.0    -150.0    -150.0
   93      .0      .0    42.0    -150.0    -150.0    -150.0    -150.0
   97      .0      .0    41.0    -150.0    -150.0    -150.0    -150.0
  101      .0      .0    40.0    -150.0    -150.0    -150.0    -150.0
  105      .0      .0    39.0    -150.0    -150.0    -150.0    -150.0
  109      .0      .0    38.0    -150.0    -150.0    -150.0    -150.0
  113      .0      .0    37.0    -150.0    -150.0    -150.0    -150.0
  117      .0      .0    36.0    -150.0    -150.0    -150.0    -150.0
  121      .0      .0    35.0    -150.0    -150.0    -150.0    -150.0
  125      .0      .0    34.0    -150.0    -150.0    -150.0    -150.0
  129      .0      .0    33.0    -150.0    -150.0    -150.0    -150.0
  133      .0      .0    32.0    -150.0    -150.0    -150.0    -150.0
  137      .0      .0    31.0    -150.0    -150.0    -150.0    -150.0
  141      .0      .0    30.0    -150.0    -150.0    -150.0    -150.0
  145      .0      .0    29.0    -150.0    -150.0    -150.0    -150.0
  149      .0      .0    28.0    -150.0    -150.0    -150.0    -150.0
  153      .0      .0    27.0    -150.0    -150.0    -150.0    -150.0
  157      .0      .0    26.0    -150.0    -150.0    -150.0    -150.0
  161      .0      .0    25.0    -150.0    -150.0    -150.0    -150.0
  165      .0      .0    24.0    -150.0    -150.0    -150.0    -150.0
  169      .0      .0    23.0    -150.0    -150.0    -150.0    -150.0
  173      .0      .0    22.0    -150.0    -150.0    -150.0    -150.0
  177      .0      .0    21.0    -150.0    -150.0    -150.0    -150.0
  181      .0      .0    20.0    -150.0    -150.0    -150.0    -150.0
  185      .0      .0    18.0    -150.0    -150.0    -150.0    -150.0
  189      .0      .0    16.0    -150.0    -150.0    -150.0    -150.0
  193      .0      .0    14.0    -150.0    -150.0    -150.0    -150.0
  197      .0      .0    12.0    -150.0    -150.0    -150.0    -150.0
  201      .0      .0    10.0    -150.0    -150.0    -150.0    -150.0
  205      .0      .0     8.0    -150.0    -150.0    -150.0    -150.0
  209      .0      .0     6.0    -150.0    -150.0    -150.0    -150.0
  213      .0      .0     4.0    -150.0    -150.0    -150.0    -150.0
  217      .0      .0     2.0    -150.0    -150.0    -150.0    -150.0
  221      .0      .0      .0    -149.9    -149.9    -149.9    -149.9


 Time  ***    900.0000 ***

    n    x(n)   y(n)   z(n)       h(n)      h(n+1) ...

    1      .0      .0    61.0        .8        .8        .8        .8
    5      .0      .0    60.8        .3        .3        .3        .3
    9      .0      .0    60.5       -.2       -.2       -.2       -.2
   13      .0      .0    60.3       -.7       -.7       -.7       -.7
   17      .0      .0    60.0      -1.2      -1.2      -1.2      -1.2
   21      .0      .0    59.5      -2.2      -2.2      -2.2      -2.2
   25      .0      .0    59.0      -3.1      -3.1      -3.1      -3.1
   29      .0      .0    58.0      -5.1      -5.1      -5.1      -5.1
   33      .0      .0    57.0      -7.1      -7.1      -7.1      -7.1
   37      .0      .0    56.0      -9.0      -9.0      -9.0      -9.0
   41      .0      .0    55.0     -10.9     -10.9     -10.9     -10.9
   45      .0      .0    54.0     -12.8     -12.8     -12.8     -12.8
   49      .0      .0    53.0     -14.6     -14.6     -14.6     -14.6
   53      .0      .0    52.0     -16.4     -16.4     -16.4     -16.4
   57      .0      .0    51.0     -18.2     -18.3     -18.3     -18.2
   61      .0      .0    50.0     -20.4     -20.4     -20.4     -20.4
   65      .0      .0    49.0     -23.2     -23.3     -23.3     -23.2
   69      .0      .0    48.0     -27.6     -27.4     -27.4     -27.6
   73      .0      .0    47.0     -34.0     -34.4     -34.4     -34.0
   77      .0      .0    46.0     -47.3     -46.1     -46.1     -47.3
   81      .0      .0    45.0     -73.5     -74.5     -74.5     -73.5
   85      .0      .0    44.0    -126.7    -128.4    -128.4    -126.7
   89      .0      .0    43.0    -149.0    -148.4    -148.4    -149.0
   93      .0      .0    42.0    -149.9    -150.0    -150.0    -149.9
   97      .0      .0    41.0    -150.0    -150.0    -150.0    -150.0
  101      .0      .0    40.0    -150.0    -150.0    -150.0    -150.0
  105      .0      .0    39.0    -150.0    -150.0    -150.0    -150.0
  109      .0      .0    38.0    -150.0    -150.0    -150.0    -150.0
  113      .0      .0    37.0    -150.0    -150.0    -150.0    -150.0
  117      .0      .0    36.0    -150.0    -150.0    -150.0    -150.0
  121      .0      .0    35.0    -150.0    -150.0    -150.0    -150.0
  125      .0      .0    34.0    -150.0    -150.0    -150.0    -150.0
  129      .0      .0    33.0    -150.0    -150.0    -150.0    -150.0
  133      .0      .0    32.0    -150.0    -150.0    -150.0    -150.0
  137      .0      .0    31.0    -150.0    -150.0    -150.0    -150.0
  141      .0      .0    30.0    -150.0    -150.0    -150.0    -150.0
  145      .0      .0    29.0    -150.0    -150.0    -150.0    -150.0
  149      .0      .0    28.0    -150.0    -150.0    -150.0    -150.0
  153      .0      .0    27.0    -150.0    -150.0    -150.0    -150.0
  157      .0      .0    26.0    -150.0    -150.0    -150.0    -150.0
  161      .0      .0    25.0    -150.0    -150.0    -150.0    -150.0
  165      .0      .0    24.0    -150.0    -150.0    -150.0    -150.0
  169      .0      .0    23.0    -150.0    -150.0    -150.0    -150.0
  173      .0      .0    22.0    -150.0    -150.0    -150.0    -150.0
  177      .0      .0    21.0    -150.0    -150.0    -150.0    -150.0
  181      .0      .0    20.0    -150.0    -150.0    -150.0    -150.0
  185      .0      .0    18.0    -150.0    -150.0    -150.0    -150.0
  189      .0      .0    16.0    -150.0    -150.0    -150.0    -150.0
  193      .0      .0    14.0    -150.0    -150.0    -150.0    -150.0
  197      .0      .0    12.0    -150.0    -150.0    -150.0    -150.0
  201      .0      .0    10.0    -150.0    -150.0    -150.0    -150.0
  205      .0      .0     8.0    -150.0    -150.0    -150.0    -150.0
  209      .0      .0     6.0    -150.0    -150.0    -150.0    -150.0
  213      .0      .0     4.0    -150.0    -150.0    -150.0    -150.0
  217      .0      .0     2.0    -149.9    -149.9    -149.9    -149.9
  221      .0      .0      .0    -149.2    -149.3    -149.3    -149.2


 Time  ***   1800.0000 ***

    n    x(n)   y(n)   z(n)       h(n)      h(n+1) ...

    1      .0      .0    61.0        .8        .8        .8        .8
    5      .0      .0    60.8        .4        .4        .4        .4
    9      .0      .0    60.5        .1        .1        .1        .1
   13      .0      .0    60.3       -.2       -.2       -.2       -.2
   17      .0      .0    60.0       -.5       -.5       -.5       -.5
   21      .0      .0    59.5      -1.2      -1.2      -1.2      -1.2
   25      .0      .0    59.0      -1.8      -1.8      -1.8      -1.8
   29      .0      .0    58.0      -3.1      -3.1      -3.1      -3.1
   33      .0      .0    57.0      -4.4      -4.4      -4.4      -4.4
   37      .0      .0    56.0      -5.7      -5.7      -5.7      -5.7
   41      .0      .0    55.0      -7.0      -7.0      -7.0      -7.0
   45      .0      .0    54.0      -8.3      -8.3      -8.3      -8.3
   49      .0      .0    53.0      -9.6      -9.6      -9.6      -9.6
   53      .0      .0    52.0     -10.8     -10.8     -10.8     -10.8
   57      .0      .0    51.0     -12.1     -12.1     -12.1     -12.1
   61      .0      .0    50.0     -13.3     -13.3     -13.3     -13.3
   65      .0      .0    49.0     -14.5     -14.5     -14.5     -14.5
   69      .0      .0    48.0     -15.6     -15.7     -15.7     -15.6
   73      .0      .0    47.0     -16.8     -16.8     -16.8     -16.8
   77      .0      .0    46.0     -18.0     -18.0     -18.0     -18.0
   81      .0      .0    45.0     -19.3     -19.3     -19.3     -19.3
   85      .0      .0    44.0     -20.9     -20.9     -20.9     -20.9
   89      .0      .0    43.0     -22.9     -22.9     -22.9     -22.9
   93      .0      .0    42.0     -25.6     -25.5     -25.5     -25.6
   97      .0      .0    41.0     -29.2     -29.4     -29.4     -29.2
  101      .0      .0    40.0     -35.1     -34.8     -34.8     -35.1
  105      .0      .0    39.0     -44.0     -44.7     -44.7     -44.0
  109      .0      .0    38.0     -63.4     -62.0     -62.0     -63.4
  113      .0      .0    37.0    -101.3    -100.8    -100.8    -101.3
  117      .0      .0    36.0    -141.4    -143.0    -143.0    -141.4
  121      .0      .0    35.0    -149.6    -149.4    -149.4    -149.6
  125      .0      .0    34.0    -150.0    -150.0    -150.0    -150.0
  129      .0      .0    33.0    -150.0    -150.0    -150.0    -150.0
  133      .0      .0    32.0    -150.0    -150.0    -150.0    -150.0
  137      .0      .0    31.0    -150.0    -150.0    -150.0    -150.0
  141      .0      .0    30.0    -150.0    -150.0    -150.0    -150.0
  145      .0      .0    29.0    -150.0    -150.0    -150.0    -150.0
  149      .0      .0    28.0    -150.0    -150.0    -150.0    -150.0
  153      .0      .0    27.0    -150.0    -150.0    -150.0    -150.0
  157      .0      .0    26.0    -150.0    -150.0    -150.0    -150.0
  161      .0      .0    25.0    -150.0    -150.0    -150.0    -150.0
  165      .0      .0    24.0    -150.0    -150.0    -150.0    -150.0
  169      .0      .0    23.0    -150.0    -150.0    -150.0    -150.0
  173      .0      .0    22.0    -150.0    -150.0    -150.0    -150.0
  177      .0      .0    21.0    -150.0    -150.0    -150.0    -150.0
  181      .0      .0    20.0    -150.0    -150.0    -150.0    -150.0
  185      .0      .0    18.0    -150.0    -150.0    -150.0    -150.0
  189      .0      .0    16.0    -150.0    -150.0    -150.0    -150.0
  193      .0      .0    14.0    -150.0    -150.0    -150.0    -150.0
  197      .0      .0    12.0    -150.0    -150.0    -150.0    -150.0
  201      .0      .0    10.0    -150.0    -150.0    -150.0    -150.0
  205      .0      .0     8.0    -150.0    -150.0    -150.0    -150.0
  209      .0      .0     6.0    -150.0    -150.0    -150.0    -150.0
  213      .0      .0     4.0    -150.0    -150.0    -150.0    -150.0
  217      .0      .0     2.0    -149.8    -149.7    -149.7    -149.8
  221      .0      .0      .0    -148.7    -148.7    -148.7    -148.7


 Time  ***   2700.0000 ***

    n    x(n)   y(n)   z(n)       h(n)      h(n+1) ...

    1      .0      .0    61.0        .8        .8        .8        .8
    5      .0      .0    60.8        .5        .5        .5        .5
    9      .0      .0    60.5        .3        .3        .3        .3
   13      .0      .0    60.3        .0        .0        .0        .0
   17      .0      .0    60.0       -.2       -.2       -.2       -.2
   21      .0      .0    59.5       -.7       -.7       -.7       -.7
   25      .0      .0    59.0      -1.2      -1.2      -1.2      -1.2
   29      .0      .0    58.0      -2.3      -2.3      -2.3      -2.3
   33      .0      .0    57.0      -3.3      -3.3      -3.3      -3.3
   37      .0      .0    56.0      -4.3      -4.3      -4.3      -4.3
   41      .0      .0    55.0      -5.3      -5.3      -5.3      -5.3
   45      .0      .0    54.0      -6.3      -6.3      -6.3      -6.3
   49      .0      .0    53.0      -7.3      -7.3      -7.3      -7.3
   53      .0      .0    52.0      -8.3      -8.3      -8.3      -8.3
   57      .0      .0    51.0      -9.3      -9.3      -9.3      -9.3
   61      .0      .0    50.0     -10.3     -10.3     -10.3     -10.3
   65      .0      .0    49.0     -11.2     -11.2     -11.2     -11.2
   69      .0      .0    48.0     -12.2     -12.2     -12.2     -12.2
   73      .0      .0    47.0     -13.1     -13.1     -13.1     -13.1
   77      .0      .0    46.0     -14.1     -14.1     -14.1     -14.1
   81      .0      .0    45.0     -15.0     -15.0     -15.0     -15.0
   85      .0      .0    44.0     -15.9     -15.9     -15.9     -15.9
   89      .0      .0    43.0     -16.7     -16.7     -16.7     -16.7
   93      .0      .0    42.0     -17.6     -17.6     -17.6     -17.6
   97      .0      .0    41.0     -18.5     -18.6     -18.6     -18.5
  101      .0      .0    40.0     -19.7     -19.6     -19.6     -19.7
  105      .0      .0    39.0     -20.9     -21.0     -21.0     -20.9
  109      .0      .0    38.0     -22.6     -22.5     -22.5     -22.6
  113      .0      .0    37.0     -24.6     -24.6     -24.6     -24.6
  117      .0      .0    36.0     -27.3     -27.2     -27.2     -27.3
  121      .0      .0    35.0     -30.9     -31.1     -31.1     -30.9
  125      .0      .0    34.0     -36.6     -36.3     -36.3     -36.6
  129      .0      .0    33.0     -45.0     -45.6     -45.6     -45.0
  133      .0      .0    32.0     -62.4     -61.2     -61.2     -62.4
  137      .0      .0    31.0     -94.6     -94.7     -94.7     -94.6
  141      .0      .0    30.0    -136.6    -138.2    -138.2    -136.6
  145      .0      .0    29.0    -149.2    -148.8    -148.8    -149.2
  149      .0      .0    28.0    -149.9    -150.0    -150.0    -149.9
  153      .0      .0    27.0    -150.0    -150.0    -150.0    -150.0
  157      .0      .0    26.0    -150.0    -150.0    -150.0    -150.0
  161      .0      .0    25.0    -150.0    -150.0    -150.0    -150.0
  165      .0      .0    24.0    -150.0    -150.0    -150.0    -150.0
  169      .0      .0    23.0    -150.0    -150.0    -150.0    -150.0
  173      .0      .0    22.0    -150.0    -150.0    -150.0    -150.0
  177      .0      .0    21.0    -150.0    -150.0    -150.0    -150.0
  181      .0      .0    20.0    -150.0    -150.0    -150.0    -150.0
  185      .0      .0    18.0    -150.0    -150.0    -150.0    -150.0
  189      .0      .0    16.0    -150.0    -150.0    -150.0    -150.0
  193      .0      .0    14.0    -150.0    -150.0    -150.0    -150.0
  197      .0      .0    12.0    -150.0    -150.0    -150.0    -150.0
  201      .0      .0    10.0    -150.0    -150.0    -150.0    -150.0
  205      .0      .0     8.0    -150.0    -150.0    -150.0    -150.0
  209      .0      .0     6.0    -150.0    -150.0    -150.0    -150.0
  213      .0      .0     4.0    -149.9    -149.9    -149.9    -149.9
  217      .0      .0     2.0    -149.6    -149.5    -149.5    -149.6
  221      .0      .0      .0    -148.3    -148.3    -148.3    -148.3


 Time  ***   3600.0000 ***

    n    x(n)   y(n)   z(n)       h(n)      h(n+1) ...

    1      .0      .0    61.0        .8        .8        .8        .8
    5      .0      .0    60.8        .5        .5        .5        .5
    9      .0      .0    60.5        .3        .3        .3        .3
   13      .0      .0    60.3        .1        .1        .1        .1
   17      .0      .0    60.0       -.1       -.1       -.1       -.1
   21      .0      .0    59.5       -.5       -.5       -.5       -.5
   25      .0      .0    59.0       -.9       -.9       -.9       -.9
   29      .0      .0    58.0      -1.7      -1.7      -1.7      -1.7
   33      .0      .0    57.0      -2.6      -2.6      -2.6      -2.6
   37      .0      .0    56.0      -3.4      -3.4      -3.4      -3.4
   41      .0      .0    55.0      -4.3      -4.3      -4.3      -4.3
   45      .0      .0    54.0      -5.1      -5.1      -5.1      -5.1
   49      .0      .0    53.0      -5.9      -5.9      -5.9      -5.9
   53      .0      .0    52.0      -6.8      -6.8      -6.8      -6.8
   57      .0      .0    51.0      -7.6      -7.6      -7.6      -7.6
   61      .0      .0    50.0      -8.5      -8.5      -8.5      -8.5
   65      .0      .0    49.0      -9.3      -9.3      -9.3      -9.3
   69      .0      .0    48.0     -10.1     -10.1     -10.1     -10.1
   73      .0      .0    47.0     -10.9     -10.9     -10.9     -10.9
   77      .0      .0    46.0     -11.7     -11.7     -11.7     -11.7
   81      .0      .0    45.0     -12.5     -12.5     -12.5     -12.5
   85      .0      .0    44.0     -13.3     -13.3     -13.3     -13.3
   89      .0      .0    43.0     -14.0     -14.0     -14.0     -14.0
   93      .0      .0    42.0     -14.8     -14.8     -14.8     -14.8
   97      .0      .0    41.0     -15.5     -15.5     -15.5     -15.5
  101      .0      .0    40.0     -16.2     -16.2     -16.2     -16.2
  105      .0      .0    39.0     -16.9     -16.9     -16.9     -16.9
  109      .0      .0    38.0     -17.6     -17.6     -17.6     -17.6
  113      .0      .0    37.0     -18.4     -18.4     -18.4     -18.4
  117      .0      .0    36.0     -19.3     -19.3     -19.3     -19.3
  121      .0      .0    35.0     -20.3     -20.3     -20.3     -20.3
  125      .0      .0    34.0     -21.6     -21.6     -21.6     -21.6
  129      .0      .0    33.0     -23.1     -23.1     -23.1     -23.1
  133      .0      .0    32.0     -25.0     -24.9     -24.9     -25.0
  137      .0      .0    31.0     -27.4     -27.4     -27.4     -27.4
  141      .0      .0    30.0     -30.7     -30.6     -30.6     -30.7
  145      .0      .0    29.0     -35.2     -35.4     -35.4     -35.2
  149      .0      .0    28.0     -42.7     -42.3     -42.3     -42.7
  153      .0      .0    27.0     -54.2     -55.1     -55.1     -54.2
  157      .0      .0    26.0     -78.6     -77.4     -77.4     -78.6
  161      .0      .0    25.0    -120.2    -119.1    -119.1    -120.2
  165      .0      .0    24.0    -145.5    -146.6    -146.6    -145.5
  169      .0      .0    23.0    -149.8    -149.6    -149.6    -149.8
  173      .0      .0    22.0    -150.0    -150.0    -150.0    -150.0
  177      .0      .0    21.0    -150.0    -150.0    -150.0    -150.0
  181      .0      .0    20.0    -150.0    -150.0    -150.0    -150.0
  185      .0      .0    18.0    -150.0    -150.0    -150.0    -150.0
  189      .0      .0    16.0    -150.0    -150.0    -150.0    -150.0
  193      .0      .0    14.0    -150.0    -150.0    -150.0    -150.0
  197      .0      .0    12.0    -150.0    -150.0    -150.0    -150.0
  201      .0      .0    10.0    -150.0    -150.0    -150.0    -150.0
  205      .0      .0     8.0    -150.0    -150.0    -150.0    -150.0
  209      .0      .0     6.0    -150.0    -150.0    -150.0    -150.0
  213      .0      .0     4.0    -149.8    -149.8    -149.8    -149.8
  217      .0      .0     2.0    -149.4    -149.3    -149.3    -149.4
  221      .0      .0      .0    -148.0    -148.0    -148.0    -148.0


 Time  ***   5400.0000 ***

    n    x(n)   y(n)   z(n)       h(n)      h(n+1) ...

    1      .0      .0    61.0        .8        .8        .8        .8
    5      .0      .0    60.8        .6        .6        .6        .6
    9      .0      .0    60.5        .4        .4        .4        .4
   13      .0      .0    60.3        .3        .3        .3        .3
   17      .0      .0    60.0        .1        .1        .1        .1
   21      .0      .0    59.5       -.2       -.2       -.2       -.2
   25      .0      .0    59.0       -.5       -.5       -.5       -.5
   29      .0      .0    58.0      -1.2      -1.2      -1.2      -1.2
   33      .0      .0    57.0      -1.8      -1.8      -1.8      -1.8
   37      .0      .0    56.0      -2.4      -2.4      -2.4      -2.4
   41      .0      .0    55.0      -3.1      -3.1      -3.1      -3.1
   45      .0      .0    54.0      -3.7      -3.7      -3.7      -3.7
   49      .0      .0    53.0      -4.4      -4.4      -4.4      -4.4
   53      .0      .0    52.0      -5.0      -5.0      -5.0      -5.0
   57      .0      .0    51.0      -5.7      -5.7      -5.7      -5.7
   61      .0      .0    50.0      -6.3      -6.3      -6.3      -6.3
   65      .0      .0    49.0      -7.0      -7.0      -7.0      -7.0
   69      .0      .0    48.0      -7.6      -7.6      -7.6      -7.6
   73      .0      .0    47.0      -8.2      -8.2      -8.2      -8.2
   77      .0      .0    46.0      -8.9      -8.9      -8.9      -8.9
   81      .0      .0    45.0      -9.5      -9.5      -9.5      -9.5
   85      .0      .0    44.0     -10.1     -10.1     -10.1     -10.1
   89      .0      .0    43.0     -10.7     -10.7     -10.7     -10.7
   93      .0      .0    42.0     -11.4     -11.4     -11.4     -11.4
   97      .0      .0    41.0     -12.0     -12.0     -12.0     -12.0
  101      .0      .0    40.0     -12.6     -12.6     -12.6     -12.6
  105      .0      .0    39.0     -13.1     -13.1     -13.1     -13.1
  109      .0      .0    38.0     -13.7     -13.7     -13.7     -13.7
  113      .0      .0    37.0     -14.3     -14.3     -14.3     -14.3
  117      .0      .0    36.0     -14.9     -14.9     -14.9     -14.9
  121      .0      .0    35.0     -15.4     -15.4     -15.4     -15.4
  125      .0      .0    34.0     -15.9     -15.9     -15.9     -15.9
  129      .0      .0    33.0     -16.5     -16.5     -16.5     -16.5
  133      .0      .0    32.0     -17.0     -17.0     -17.0     -17.0
  137      .0      .0    31.0     -17.5     -17.5     -17.5     -17.5
  141      .0      .0    30.0     -18.1     -18.1     -18.1     -18.1
  145      .0      .0    29.0     -18.8     -18.8     -18.8     -18.8
  149      .0      .0    28.0     -19.5     -19.5     -19.5     -19.5
  153      .0      .0    27.0     -20.3     -20.3     -20.3     -20.3
  157      .0      .0    26.0     -21.3     -21.2     -21.2     -21.3
  161      .0      .0    25.0     -22.4     -22.4     -22.4     -22.4
  165      .0      .0    24.0     -23.8     -23.8     -23.8     -23.8
  169      .0      .0    23.0     -25.5     -25.6     -25.6     -25.5
  173      .0      .0    22.0     -27.8     -27.7     -27.7     -27.8
  177      .0      .0    21.0     -30.7     -30.8     -30.8     -30.7
  181      .0      .0    20.0     -34.9     -34.7     -34.7     -34.9
  185      .0      .0    18.0     -48.5     -49.0     -49.0     -48.5
  189      .0      .0    16.0     -81.8     -81.5     -81.5     -81.8
  193      .0      .0    14.0    -137.1    -136.5    -136.5    -137.1
  197      .0      .0    12.0    -149.4    -149.6    -149.6    -149.4
  201      .0      .0    10.0    -150.0    -150.0    -150.0    -150.0
  205      .0      .0     8.0    -150.0    -150.0    -150.0    -150.0
  209      .0      .0     6.0    -149.9    -149.9    -149.9    -149.9
  213      .0      .0     4.0    -149.7    -149.7    -149.7    -149.7
  217      .0      .0     2.0    -149.0    -149.0    -149.0    -149.0
  221      .0      .0      .0    -147.4    -147.5    -147.5    -147.4
