

 Time  ***     60.0000 ***

    n    x(n)   y(n)   z(n)       Q(n)      Q(n+1) ...

    1      .0      .0    61.0   .240E-02   .120E-02   .120E-02   .240E-02
    5      .0      .0    60.8   .000E+00   .000E+00   .000E+00   .000E+00
    9      .0      .0    60.5   .000E+00   .000E+00   .000E+00   .000E+00
   13      .0      .0    60.3   .000E+00   .000E+00   .000E+00   .000E+00
   17      .0      .0    60.0   .000E+00   .000E+00   .000E+00   .000E+00
   21      .0      .0    59.5   .000E+00   .000E+00   .000E+00   .000E+00
   25      .0      .0    59.0   .000E+00   .000E+00   .000E+00   .000E+00
   29      .0      .0    58.0   .000E+00   .000E+00   .000E+00   .000E+00
   33      .0      .0    57.0   .000E+00   .000E+00   .000E+00   .000E+00
   37      .0      .0    56.0   .000E+00   .000E+00   .000E+00   .000E+00
   41      .0      .0    55.0   .000E+00   .000E+00   .000E+00   .000E+00
   45      .0      .0    54.0   .000E+00   .000E+00   .000E+00   .000E+00
   49      .0      .0    53.0   .000E+00   .000E+00   .000E+00   .000E+00
   53      .0      .0    52.0   .000E+00   .000E+00   .000E+00   .000E+00
   57      .0      .0    51.0   .000E+00   .000E+00   .000E+00   .000E+00
   61      .0      .0    50.0   .000E+00   .000E+00   .000E+00   .000E+00
   65      .0      .0    49.0   .000E+00   .000E+00   .000E+00   .000E+00
   69      .0      .0    48.0   .000E+00   .000E+00   .000E+00   .000E+00
   73      .0      .0    47.0   .000E+00   .000E+00   .000E+00   .000E+00
   77      .0      .0    46.0   .000E+00   .000E+00   .000E+00   .000E+00
   81      .0      .0    45.0   .000E+00   .000E+00   .000E+00   .000E+00
   85      .0      .0    44.0   .000E+00   .000E+00   .000E+00   .000E+00
   89      .0      .0    43.0   .000E+00   .000E+00   .000E+00   .000E+00
   93      .0      .0    42.0   .000E+00   .000E+00   .000E+00   .000E+00
   97      .0      .0    41.0   .000E+00   .000E+00   .000E+00   .000E+00
  101      .0      .0    40.0   .000E+00   .000E+00   .000E+00   .000E+00
  105      .0      .0    39.0   .000E+00   .000E+00   .000E+00   .000E+00
  109      .0      .0    38.0   .000E+00   .000E+00   .000E+00   .000E+00
  113      .0      .0    37.0   .000E+00   .000E+00   .000E+00   .000E+00
  117      .0      .0    36.0   .000E+00   .000E+00   .000E+00   .000E+00
  121      .0      .0    35.0   .000E+00   .000E+00   .000E+00   .000E+00
  125      .0      .0    34.0   .000E+00   .000E+00   .000E+00   .000E+00
  129      .0      .0    33.0   .000E+00   .000E+00   .000E+00   .000E+00
  133      .0      .0    32.0   .000E+00   .000E+00   .000E+00   .000E+00
  137      .0      .0    31.0   .000E+00   .000E+00   .000E+00   .000E+00
  141      .0      .0    30.0   .000E+00   .000E+00   .000E+00   .000E+00
  145      .0      .0    29.0   .000E+00   .000E+00   .000E+00   .000E+00
  149      .0      .0    28.0   .000E+00   .000E+00   .000E+00   .000E+00
  153      .0      .0    27.0   .000E+00   .000E+00   .000E+00   .000E+00
  157      .0      .0    26.0   .000E+00   .000E+00   .000E+00   .000E+00
  161      .0      .0    25.0   .000E+00   .000E+00   .000E+00   .000E+00
  165      .0      .0    24.0   .000E+00   .000E+00   .000E+00   .000E+00
  169      .0      .0    23.0   .000E+00   .000E+00   .000E+00   .000E+00
  173      .0      .0    22.0   .000E+00   .000E+00   .000E+00   .000E+00
  177      .0      .0    21.0   .000E+00   .000E+00   .000E+00   .000E+00
  181      .0      .0    20.0   .000E+00   .000E+00   .000E+00   .000E+00
  185      .0      .0    18.0   .000E+00   .000E+00   .000E+00   .000E+00
  189      .0      .0    16.0   .000E+00   .000E+00   .000E+00   .000E+00
  193      .0      .0    14.0   .000E+00   .000E+00   .000E+00   .000E+00
  197      .0      .0    12.0   .000E+00   .000E+00   .000E+00   .000E+00
  201      .0      .0    10.0   .000E+00   .000E+00   .000E+00   .000E+00
  205      .0      .0     8.0   .000E+00   .000E+00   .000E+00   .000E+00
  209      .0      .0     6.0   .000E+00   .000E+00   .000E+00   .000E+00
  213      .0      .0     4.0   .000E+00   .000E+00   .000E+00   .000E+00
  217      .0      .0     2.0   .000E+00   .000E+00   .000E+00   .000E+00
  221      .0      .0      .0   .000E+00   .000E+00   .000E+00   .000E+00


 Time  ***    900.0000 ***

    n    x(n)   y(n)   z(n)       Q(n)      Q(n+1) ...

    1      .0      .0    61.0   .707E-03   .354E-03   .354E-03   .707E-03
    5      .0      .0    60.8   .000E+00   .000E+00   .000E+00   .000E+00
    9      .0      .0    60.5   .000E+00   .000E+00   .000E+00   .000E+00
   13      .0      .0    60.3   .000E+00   .000E+00   .000E+00   .000E+00
   17      .0      .0    60.0   .000E+00   .000E+00   .000E+00   .000E+00
   21      .0      .0    59.5   .000E+00   .000E+00   .000E+00   .000E+00
   25      .0      .0    59.0   .000E+00   .000E+00   .000E+00   .000E+00
   29      .0      .0    58.0   .000E+00   .000E+00   .000E+00   .000E+00
   33      .0      .0    57.0   .000E+00   .000E+00   .000E+00   .000E+00
   37      .0      .0    56.0   .000E+00   .000E+00   .000E+00   .000E+00
   41      .0      .0    55.0   .000E+00   .000E+00   .000E+00   .000E+00
   45      .0      .0    54.0   .000E+00   .000E+00   .000E+00   .000E+00
   49      .0      .0    53.0   .000E+00   .000E+00   .000E+00   .000E+00
   53      .0      .0    52.0   .000E+00   .000E+00   .000E+00   .000E+00
   57      .0      .0    51.0   .000E+00   .000E+00   .000E+00   .000E+00
   61      .0      .0    50.0   .000E+00   .000E+00   .000E+00   .000E+00
   65      .0      .0    49.0   .000E+00   .000E+00   .000E+00   .000E+00
   69      .0      .0    48.0   .000E+00   .000E+00   .000E+00   .000E+00
   73      .0      .0    47.0   .000E+00   .000E+00   .000E+00   .000E+00
   77      .0      .0    46.0   .000E+00   .000E+00   .000E+00   .000E+00
   81      .0      .0    45.0   .000E+00   .000E+00   .000E+00   .000E+00
   85      .0      .0    44.0   .000E+00   .000E+00   .000E+00   .000E+00
   89      .0      .0    43.0   .000E+00   .000E+00   .000E+00   .000E+00
   93      .0      .0    42.0   .000E+00   .000E+00   .000E+00   .000E+00
   97      .0      .0    41.0   .000E+00   .000E+00   .000E+00   .000E+00
  101      .0      .0    40.0   .000E+00   .000E+00   .000E+00   .000E+00
  105      .0      .0    39.0   .000E+00   .000E+00   .000E+00   .000E+00
  109      .0      .0    38.0   .000E+00   .000E+00   .000E+00   .000E+00
  113      .0      .0    37.0   .000E+00   .000E+00   .000E+00   .000E+00
  117      .0      .0    36.0   .000E+00   .000E+00   .000E+00   .000E+00
  121      .0      .0    35.0   .000E+00   .000E+00   .000E+00   .000E+00
  125      .0      .0    34.0   .000E+00   .000E+00   .000E+00   .000E+00
  129      .0      .0    33.0   .000E+00   .000E+00   .000E+00   .000E+00
  133      .0      .0    32.0   .000E+00   .000E+00   .000E+00   .000E+00
  137      .0      .0    31.0   .000E+00   .000E+00   .000E+00   .000E+00
  141      .0      .0    30.0   .000E+00   .000E+00   .000E+00   .000E+00
  145      .0      .0    29.0   .000E+00   .000E+00   .000E+00   .000E+00
  149      .0      .0    28.0   .000E+00   .000E+00   .000E+00   .000E+00
  153      .0      .0    27.0   .000E+00   .000E+00   .000E+00   .000E+00
  157      .0      .0    26.0   .000E+00   .000E+00   .000E+00   .000E+00
  161      .0      .0    25.0   .000E+00   .000E+00   .000E+00   .000E+00
  165      .0      .0    24.0   .000E+00   .000E+00   .000E+00   .000E+00
  169      .0      .0    23.0   .000E+00   .000E+00   .000E+00   .000E+00
  173      .0      .0    22.0   .000E+00   .000E+00   .000E+00   .000E+00
  177      .0      .0    21.0   .000E+00   .000E+00   .000E+00   .000E+00
  181      .0      .0    20.0   .000E+00   .000E+00   .000E+00   .000E+00
  185      .0      .0    18.0   .000E+00   .000E+00   .000E+00   .000E+00
  189      .0      .0    16.0   .000E+00   .000E+00   .000E+00   .000E+00
  193      .0      .0    14.0   .000E+00   .000E+00   .000E+00   .000E+00
  197      .0      .0    12.0   .000E+00   .000E+00   .000E+00   .000E+00
  201      .0      .0    10.0   .000E+00   .000E+00   .000E+00   .000E+00
  205      .0      .0     8.0   .000E+00   .000E+00   .000E+00   .000E+00
  209      .0      .0     6.0   .000E+00   .000E+00   .000E+00   .000E+00
  213      .0      .0     4.0   .000E+00   .000E+00   .000E+00   .000E+00
  217      .0      .0     2.0   .000E+00   .000E+00   .000E+00   .000E+00
  221      .0      .0      .0   .000E+00   .000E+00   .000E+00   .000E+00


 Time  ***   1800.0000 ***

    n    x(n)   y(n)   z(n)       Q(n)      Q(n+1) ...

    1      .0      .0    61.0   .549E-03   .275E-03   .275E-03   .549E-03
    5      .0      .0    60.8   .000E+00   .000E+00   .000E+00   .000E+00
    9      .0      .0    60.5   .000E+00   .000E+00   .000E+00   .000E+00
   13      .0      .0    60.3   .000E+00   .000E+00   .000E+00   .000E+00
   17      .0      .0    60.0   .000E+00   .000E+00   .000E+00   .000E+00
   21      .0      .0    59.5   .000E+00   .000E+00   .000E+00   .000E+00
   25      .0      .0    59.0   .000E+00   .000E+00   .000E+00   .000E+00
   29      .0      .0    58.0   .000E+00   .000E+00   .000E+00   .000E+00
   33      .0      .0    57.0   .000E+00   .000E+00   .000E+00   .000E+00
   37      .0      .0    56.0   .000E+00   .000E+00   .000E+00   .000E+00
   41      .0      .0    55.0   .000E+00   .000E+00   .000E+00   .000E+00
   45      .0      .0    54.0   .000E+00   .000E+00   .000E+00   .000E+00
   49      .0      .0    53.0   .000E+00   .000E+00   .000E+00   .000E+00
   53      .0      .0    52.0   .000E+00   .000E+00   .000E+00   .000E+00
   57      .0      .0    51.0   .000E+00   .000E+00   .000E+00   .000E+00
   61      .0      .0    50.0   .000E+00   .000E+00   .000E+00   .000E+00
   65      .0      .0    49.0   .000E+00   .000E+00   .000E+00   .000E+00
   69      .0      .0    48.0   .000E+00   .000E+00   .000E+00   .000E+00
   73      .0      .0    47.0   .000E+00   .000E+00   .000E+00   .000E+00
   77      .0      .0    46.0   .000E+00   .000E+00   .000E+00   .000E+00
   81      .0      .0    45.0   .000E+00   .000E+00   .000E+00   .000E+00
   85      .0      .0    44.0   .000E+00   .000E+00   .000E+00   .000E+00
   89      .0      .0    43.0   .000E+00   .000E+00   .000E+00   .000E+00
   93      .0      .0    42.0   .000E+00   .000E+00   .000E+00   .000E+00
   97      .0      .0    41.0   .000E+00   .000E+00   .000E+00   .000E+00
  101      .0      .0    40.0   .000E+00   .000E+00   .000E+00   .000E+00
  105      .0      .0    39.0   .000E+00   .000E+00   .000E+00   .000E+00
  109      .0      .0    38.0   .000E+00   .000E+00   .000E+00   .000E+00
  113      .0      .0    37.0   .000E+00   .000E+00   .000E+00   .000E+00
  117      .0      .0    36.0   .000E+00   .000E+00   .000E+00   .000E+00
  121      .0      .0    35.0   .000E+00   .000E+00   .000E+00   .000E+00
  125      .0      .0    34.0   .000E+00   .000E+00   .000E+00   .000E+00
  129      .0      .0    33.0   .000E+00   .000E+00   .000E+00   .000E+00
  133      .0      .0    32.0   .000E+00   .000E+00   .000E+00   .000E+00
  137      .0      .0    31.0   .000E+00   .000E+00   .000E+00   .000E+00
  141      .0      .0    30.0   .000E+00   .000E+00   .000E+00   .000E+00
  145      .0      .0    29.0   .000E+00   .000E+00   .000E+00   .000E+00
  149      .0      .0    28.0   .000E+00   .000E+00   .000E+00   .000E+00
  153      .0      .0    27.0   .000E+00   .000E+00   .000E+00   .000E+00
  157      .0      .0    26.0   .000E+00   .000E+00   .000E+00   .000E+00
  161      .0      .0    25.0   .000E+00   .000E+00   .000E+00   .000E+00
  165      .0      .0    24.0   .000E+00   .000E+00   .000E+00   .000E+00
  169      .0      .0    23.0   .000E+00   .000E+00   .000E+00   .000E+00
  173      .0      .0    22.0   .000E+00   .000E+00   .000E+00   .000E+00
  177      .0      .0    21.0   .000E+00   .000E+00   .000E+00   .000E+00
  181      .0      .0    20.0   .000E+00   .000E+00   .000E+00   .000E+00
  185      .0      .0    18.0   .000E+00   .000E+00   .000E+00   .000E+00
  189      .0      .0    16.0   .000E+00   .000E+00   .000E+00   .000E+00
  193      .0      .0    14.0   .000E+00   .000E+00   .000E+00   .000E+00
  197      .0      .0    12.0   .000E+00   .000E+00   .000E+00   .000E+00
  201      .0      .0    10.0   .000E+00   .000E+00   .000E+00   .000E+00
  205      .0      .0     8.0   .000E+00   .000E+00   .000E+00   .000E+00
  209      .0      .0     6.0   .000E+00   .000E+00   .000E+00   .000E+00
  213      .0      .0     4.0   .000E+00   .000E+00   .000E+00   .000E+00
  217      .0      .0     2.0   .000E+00   .000E+00   .000E+00   .000E+00
  221      .0      .0      .0   .000E+00   .000E+00   .000E+00   .000E+00


 Time  ***   2700.0000 ***

    n    x(n)   y(n)   z(n)       Q(n)      Q(n+1) ...

    1      .0      .0    61.0   .481E-03   .240E-03   .240E-03   .481E-03
    5      .0      .0    60.8   .000E+00   .000E+00   .000E+00   .000E+00
    9      .0      .0    60.5   .000E+00   .000E+00   .000E+00   .000E+00
   13      .0      .0    60.3   .000E+00   .000E+00   .000E+00   .000E+00
   17      .0      .0    60.0   .000E+00   .000E+00   .000E+00   .000E+00
   21      .0      .0    59.5   .000E+00   .000E+00   .000E+00   .000E+00
   25      .0      .0    59.0   .000E+00   .000E+00   .000E+00   .000E+00
   29      .0      .0    58.0   .000E+00   .000E+00   .000E+00   .000E+00
   33      .0      .0    57.0   .000E+00   .000E+00   .000E+00   .000E+00
   37      .0      .0    56.0   .000E+00   .000E+00   .000E+00   .000E+00
   41      .0      .0    55.0   .000E+00   .000E+00   .000E+00   .000E+00
   45      .0      .0    54.0   .000E+00   .000E+00   .000E+00   .000E+00
   49      .0      .0    53.0   .000E+00   .000E+00   .000E+00   .000E+00
   53      .0      .0    52.0   .000E+00   .000E+00   .000E+00   .000E+00
   57      .0      .0    51.0   .000E+00   .000E+00   .000E+00   .000E+00
   61      .0      .0    50.0   .000E+00   .000E+00   .000E+00   .000E+00
   65      .0      .0    49.0   .000E+00   .000E+00   .000E+00   .000E+00
   69      .0      .0    48.0   .000E+00   .000E+00   .000E+00   .000E+00
   73      .0      .0    47.0   .000E+00   .000E+00   .000E+00   .000E+00
   77      .0      .0    46.0   .000E+00   .000E+00   .000E+00   .000E+00
   81      .0      .0    45.0   .000E+00   .000E+00   .000E+00   .000E+00
   85      .0      .0    44.0   .000E+00   .000E+00   .000E+00   .000E+00
   89      .0      .0    43.0   .000E+00   .000E+00   .000E+00   .000E+00
   93      .0      .0    42.0   .000E+00   .000E+00   .000E+00   .000E+00
   97      .0      .0    41.0   .000E+00   .000E+00   .000E+00   .000E+00
  101      .0      .0    40.0   .000E+00   .000E+00   .000E+00   .000E+00
  105      .0      .0    39.0   .000E+00   .000E+00   .000E+00   .000E+00
  109      .0      .0    38.0   .000E+00   .000E+00   .000E+00   .000E+00
  113      .0      .0    37.0   .000E+00   .000E+00   .000E+00   .000E+00
  117      .0      .0    36.0   .000E+00   .000E+00   .000E+00   .000E+00
  121      .0      .0    35.0   .000E+00   .000E+00   .000E+00   .000E+00
  125      .0      .0    34.0   .000E+00   .000E+00   .000E+00   .000E+00
  129      .0      .0    33.0   .000E+00   .000E+00   .000E+00   .000E+00
  133      .0      .0    32.0   .000E+00   .000E+00   .000E+00   .000E+00
  137      .0      .0    31.0   .000E+00   .000E+00   .000E+00   .000E+00
  141      .0      .0    30.0   .000E+00   .000E+00   .000E+00   .000E+00
  145      .0      .0    29.0   .000E+00   .000E+00   .000E+00   .000E+00
  149      .0      .0    28.0   .000E+00   .000E+00   .000E+00   .000E+00
  153      .0      .0    27.0   .000E+00   .000E+00   .000E+00   .000E+00
  157      .0      .0    26.0   .000E+00   .000E+00   .000E+00   .000E+00
  161      .0      .0    25.0   .000E+00   .000E+00   .000E+00   .000E+00
  165      .0      .0    24.0   .000E+00   .000E+00   .000E+00   .000E+00
  169      .0      .0    23.0   .000E+00   .000E+00   .000E+00   .000E+00
  173      .0      .0    22.0   .000E+00   .000E+00   .000E+00   .000E+00
  177      .0      .0    21.0   .000E+00   .000E+00   .000E+00   .000E+00
  181      .0      .0    20.0   .000E+00   .000E+00   .000E+00   .000E+00
  185      .0      .0    18.0   .000E+00   .000E+00   .000E+00   .000E+00
  189      .0      .0    16.0   .000E+00   .000E+00   .000E+00   .000E+00
  193      .0      .0    14.0   .000E+00   .000E+00   .000E+00   .000E+00
  197      .0      .0    12.0   .000E+00   .000E+00   .000E+00   .000E+00
  201      .0      .0    10.0   .000E+00   .000E+00   .000E+00   .000E+00
  205      .0      .0     8.0   .000E+00   .000E+00   .000E+00   .000E+00
  209      .0      .0     6.0   .000E+00   .000E+00   .000E+00   .000E+00
  213      .0      .0     4.0   .000E+00   .000E+00   .000E+00   .000E+00
  217      .0      .0     2.0   .000E+00   .000E+00   .000E+00   .000E+00
  221      .0      .0      .0   .000E+00   .000E+00   .000E+00   .000E+00


 Time  ***   3600.0000 ***

    n    x(n)   y(n)   z(n)       Q(n)      Q(n+1) ...

    1      .0      .0    61.0   .440E-03   .220E-03   .220E-03   .440E-03
    5      .0      .0    60.8   .000E+00   .000E+00   .000E+00   .000E+00
    9      .0      .0    60.5   .000E+00   .000E+00   .000E+00   .000E+00
   13      .0      .0    60.3   .000E+00   .000E+00   .000E+00   .000E+00
   17      .0      .0    60.0   .000E+00   .000E+00   .000E+00   .000E+00
   21      .0      .0    59.5   .000E+00   .000E+00   .000E+00   .000E+00
   25      .0      .0    59.0   .000E+00   .000E+00   .000E+00   .000E+00
   29      .0      .0    58.0   .000E+00   .000E+00   .000E+00   .000E+00
   33      .0      .0    57.0   .000E+00   .000E+00   .000E+00   .000E+00
   37      .0      .0    56.0   .000E+00   .000E+00   .000E+00   .000E+00
   41      .0      .0    55.0   .000E+00   .000E+00   .000E+00   .000E+00
   45      .0      .0    54.0   .000E+00   .000E+00   .000E+00   .000E+00
   49      .0      .0    53.0   .000E+00   .000E+00   .000E+00   .000E+00
   53      .0      .0    52.0   .000E+00   .000E+00   .000E+00   .000E+00
   57      .0      .0    51.0   .000E+00   .000E+00   .000E+00   .000E+00
   61      .0      .0    50.0   .000E+00   .000E+00   .000E+00   .000E+00
   65      .0      .0    49.0   .000E+00   .000E+00   .000E+00   .000E+00
   69      .0      .0    48.0   .000E+00   .000E+00   .000E+00   .000E+00
   73      .0      .0    47.0   .000E+00   .000E+00   .000E+00   .000E+00
   77      .0      .0    46.0   .000E+00   .000E+00   .000E+00   .000E+00
   81      .0      .0    45.0   .000E+00   .000E+00   .000E+00   .000E+00
   85      .0      .0    44.0   .000E+00   .000E+00   .000E+00   .000E+00
   89      .0      .0    43.0   .000E+00   .000E+00   .000E+00   .000E+00
   93      .0      .0    42.0   .000E+00   .000E+00   .000E+00   .000E+00
   97      .0      .0    41.0   .000E+00   .000E+00   .000E+00   .000E+00
  101      .0      .0    40.0   .000E+00   .000E+00   .000E+00   .000E+00
  105      .0      .0    39.0   .000E+00   .000E+00   .000E+00   .000E+00
  109      .0      .0    38.0   .000E+00   .000E+00   .000E+00   .000E+00
  113      .0      .0    37.0   .000E+00   .000E+00   .000E+00   .000E+00
  117      .0      .0    36.0   .000E+00   .000E+00   .000E+00   .000E+00
  121      .0      .0    35.0   .000E+00   .000E+00   .000E+00   .000E+00
  125      .0      .0    34.0   .000E+00   .000E+00   .000E+00   .000E+00
  129      .0      .0    33.0   .000E+00   .000E+00   .000E+00   .000E+00
  133      .0      .0    32.0   .000E+00   .000E+00   .000E+00   .000E+00
  137      .0      .0    31.0   .000E+00   .000E+00   .000E+00   .000E+00
  141      .0      .0    30.0   .000E+00   .000E+00   .000E+00   .000E+00
  145      .0      .0    29.0   .000E+00   .000E+00   .000E+00   .000E+00
  149      .0      .0    28.0   .000E+00   .000E+00   .000E+00   .000E+00
  153      .0      .0    27.0   .000E+00   .000E+00   .000E+00   .000E+00
  157      .0      .0    26.0   .000E+00   .000E+00   .000E+00   .000E+00
  161      .0      .0    25.0   .000E+00   .000E+00   .000E+00   .000E+00
  165      .0      .0    24.0   .000E+00   .000E+00   .000E+00   .000E+00
  169      .0      .0    23.0   .000E+00   .000E+00   .000E+00   .000E+00
  173      .0      .0    22.0   .000E+00   .000E+00   .000E+00   .000E+00
  177      .0      .0    21.0   .000E+00   .000E+00   .000E+00   .000E+00
  181      .0      .0    20.0   .000E+00   .000E+00   .000E+00   .000E+00
  185      .0      .0    18.0   .000E+00   .000E+00   .000E+00   .000E+00
  189      .0      .0    16.0   .000E+00   .000E+00   .000E+00   .000E+00
  193      .0      .0    14.0   .000E+00   .000E+00   .000E+00   .000E+00
  197      .0      .0    12.0   .000E+00   .000E+00   .000E+00   .000E+00
  201      .0      .0    10.0   .000E+00   .000E+00   .000E+00   .000E+00
  205      .0      .0     8.0   .000E+00   .000E+00   .000E+00   .000E+00
  209      .0      .0     6.0   .000E+00   .000E+00   .000E+00   .000E+00
  213      .0      .0     4.0   .000E+00   .000E+00   .000E+00   .000E+00
  217      .0      .0     2.0   .000E+00   .000E+00   .000E+00   .000E+00
  221      .0      .0      .0   .000E+00   .000E+00   .000E+00   .000E+00


 Time  ***   5400.0000 ***

    n    x(n)   y(n)   z(n)       Q(n)      Q(n+1) ...

    1      .0      .0    61.0   .394E-03   .197E-03   .197E-03   .394E-03
    5      .0      .0    60.8   .000E+00   .000E+00   .000E+00   .000E+00
    9      .0      .0    60.5   .000E+00   .000E+00   .000E+00   .000E+00
   13      .0      .0    60.3   .000E+00   .000E+00   .000E+00   .000E+00
   17      .0      .0    60.0   .000E+00   .000E+00   .000E+00   .000E+00
   21      .0      .0    59.5   .000E+00   .000E+00   .000E+00   .000E+00
   25      .0      .0    59.0   .000E+00   .000E+00   .000E+00   .000E+00
   29      .0      .0    58.0   .000E+00   .000E+00   .000E+00   .000E+00
   33      .0      .0    57.0   .000E+00   .000E+00   .000E+00   .000E+00
   37      .0      .0    56.0   .000E+00   .000E+00   .000E+00   .000E+00
   41      .0      .0    55.0   .000E+00   .000E+00   .000E+00   .000E+00
   45      .0      .0    54.0   .000E+00   .000E+00   .000E+00   .000E+00
   49      .0      .0    53.0   .000E+00   .000E+00   .000E+00   .000E+00
   53      .0      .0    52.0   .000E+00   .000E+00   .000E+00   .000E+00
   57      .0      .0    51.0   .000E+00   .000E+00   .000E+00   .000E+00
   61      .0      .0    50.0   .000E+00   .000E+00   .000E+00   .000E+00
   65      .0      .0    49.0   .000E+00   .000E+00   .000E+00   .000E+00
   69      .0      .0    48.0   .000E+00   .000E+00   .000E+00   .000E+00
   73      .0      .0    47.0   .000E+00   .000E+00   .000E+00   .000E+00
   77      .0      .0    46.0   .000E+00   .000E+00   .000E+00   .000E+00
   81      .0      .0    45.0   .000E+00   .000E+00   .000E+00   .000E+00
   85      .0      .0    44.0   .000E+00   .000E+00   .000E+00   .000E+00
   89      .0      .0    43.0   .000E+00   .000E+00   .000E+00   .000E+00
   93      .0      .0    42.0   .000E+00   .000E+00   .000E+00   .000E+00
   97      .0      .0    41.0   .000E+00   .000E+00   .000E+00   .000E+00
  101      .0      .0    40.0   .000E+00   .000E+00   .000E+00   .000E+00
  105      .0      .0    39.0   .000E+00   .000E+00   .000E+00   .000E+00
  109      .0      .0    38.0   .000E+00   .000E+00   .000E+00   .000E+00
  113      .0      .0    37.0   .000E+00   .000E+00   .000E+00   .000E+00
  117      .0      .0    36.0   .000E+00   .000E+00   .000E+00   .000E+00
  121      .0      .0    35.0   .000E+00   .000E+00   .000E+00   .000E+00
  125      .0      .0    34.0   .000E+00   .000E+00   .000E+00   .000E+00
  129      .0      .0    33.0   .000E+00   .000E+00   .000E+00   .000E+00
  133      .0      .0    32.0   .000E+00   .000E+00   .000E+00   .000E+00
  137      .0      .0    31.0   .000E+00   .000E+00   .000E+00   .000E+00
  141      .0      .0    30.0   .000E+00   .000E+00   .000E+00   .000E+00
  145      .0      .0    29.0   .000E+00   .000E+00   .000E+00   .000E+00
  149      .0      .0    28.0   .000E+00   .000E+00   .000E+00   .000E+00
  153      .0      .0    27.0   .000E+00   .000E+00   .000E+00   .000E+00
  157      .0      .0    26.0   .000E+00   .000E+00   .000E+00   .000E+00
  161      .0      .0    25.0   .000E+00   .000E+00   .000E+00   .000E+00
  165      .0      .0    24.0   .000E+00   .000E+00   .000E+00   .000E+00
  169      .0      .0    23.0   .000E+00   .000E+00   .000E+00   .000E+00
  173      .0      .0    22.0   .000E+00   .000E+00   .000E+00   .000E+00
  177      .0      .0    21.0   .000E+00   .000E+00   .000E+00   .000E+00
  181      .0      .0    20.0   .000E+00   .000E+00   .000E+00   .000E+00
  185      .0      .0    18.0   .000E+00   .000E+00   .000E+00   .000E+00
  189      .0      .0    16.0   .000E+00   .000E+00   .000E+00   .000E+00
  193      .0      .0    14.0   .000E+00   .000E+00   .000E+00   .000E+00
  197      .0      .0    12.0   .000E+00   .000E+00   .000E+00   .000E+00
  201      .0      .0    10.0   .000E+00   .000E+00   .000E+00   .000E+00
  205      .0      .0     8.0   .000E+00   .000E+00   .000E+00   .000E+00
  209      .0      .0     6.0   .000E+00   .000E+00   .000E+00   .000E+00
  213      .0      .0     4.0   .000E+00   .000E+00   .000E+00   .000E+00
  217      .0      .0     2.0   .000E+00   .000E+00   .000E+00   .000E+00
  221      .0      .0      .0   .000E+00   .000E+00   .000E+00   .000E+00
