 Example 1 - Column Test

 Program SWMS_3D
 Date:  21. 7.    Time:  12:33:12
 Time independent boundary conditions
 Units: L = cm   , T = sec  , M = -


 Time  ***       .0000 ***

    n    x(n)   y(n)   z(n)      th(n)     th(n+1) ...

    1      .0      .0    61.0  .350  .350  .350  .350
    5      .0      .0    60.8  .077  .077  .077  .077
    9      .0      .0    60.5  .077  .077  .077  .077
   13      .0      .0    60.3  .077  .077  .077  .077
   17      .0      .0    60.0  .077  .077  .077  .077
   21      .0      .0    59.5  .077  .077  .077  .077
   25      .0      .0    59.0  .077  .077  .077  .077
   29      .0      .0    58.0  .077  .077  .077  .077
   33      .0      .0    57.0  .077  .077  .077  .077
   37      .0      .0    56.0  .077  .077  .077  .077
   41      .0      .0    55.0  .077  .077  .077  .077
   45      .0      .0    54.0  .077  .077  .077  .077
   49      .0      .0    53.0  .077  .077  .077  .077
   53      .0      .0    52.0  .077  .077  .077  .077
   57      .0      .0    51.0  .077  .077  .077  .077
   61      .0      .0    50.0  .077  .077  .077  .077
   65      .0      .0    49.0  .077  .077  .077  .077
   69      .0      .0    48.0  .077  .077  .077  .077
   73      .0      .0    47.0  .077  .077  .077  .077
   77      .0      .0    46.0  .077  .077  .077  .077
   81      .0      .0    45.0  .077  .077  .077  .077
   85      .0      .0    44.0  .077  .077  .077  .077
   89      .0      .0    43.0  .077  .077  .077  .077
   93      .0      .0    42.0  .077  .077  .077  .077
   97      .0      .0    41.0  .077  .077  .077  .077
  101      .0      .0    40.0  .077  .077  .077  .077
  105      .0      .0    39.0  .077  .077  .077  .077
  109      .0      .0    38.0  .077  .077  .077  .077
  113      .0      .0    37.0  .077  .077  .077  .077
  117      .0      .0    36.0  .077  .077  .077  .077
  121      .0      .0    35.0  .077  .077  .077  .077
  125      .0      .0    34.0  .077  .077  .077  .077
  129      .0      .0    33.0  .077  .077  .077  .077
  133      .0      .0    32.0  .077  .077  .077  .077
  137      .0      .0    31.0  .077  .077  .077  .077
  141      .0      .0    30.0  .077  .077  .077  .077
  145      .0      .0    29.0  .077  .077  .077  .077
  149      .0      .0    28.0  .077  .077  .077  .077
  153      .0      .0    27.0  .077  .077  .077  .077
  157      .0      .0    26.0  .077  .077  .077  .077
  161      .0      .0    25.0  .077  .077  .077  .077
  165      .0      .0    24.0  .077  .077  .077  .077
  169      .0      .0    23.0  .077  .077  .077  .077
  173      .0      .0    22.0  .077  .077  .077  .077
  177      .0      .0    21.0  .077  .077  .077  .077
  181      .0      .0    20.0  .077  .077  .077  .077
  185      .0      .0    18.0  .077  .077  .077  .077
  189      .0      .0    16.0  .077  .077  .077  .077
  193      .0      .0    14.0  .077  .077  .077  .077
  197      .0      .0    12.0  .077  .077  .077  .077
  201      .0      .0    10.0  .077  .077  .077  .077
  205      .0      .0     8.0  .077  .077  .077  .077
  209      .0      .0     6.0  .077  .077  .077  .077
  213      .0      .0     4.0  .077  .077  .077  .077
  217      .0      .0     2.0  .077  .077  .077  .077
  221      .0      .0      .0  .077  .077  .077  .077


 Time  ***     60.0000 ***

    n    x(n)   y(n)   z(n)      th(n)     th(n+1) ...

    1      .0      .0    61.0  .350  .350  .350  .350
    5      .0      .0    60.8  .349  .349  .349  .349
    9      .0      .0    60.5  .346  .346  .346  .346
   13      .0      .0    60.3  .340  .340  .340  .340
   17      .0      .0    60.0  .332  .332  .332  .332
   21      .0      .0    59.5  .313  .312  .312  .313
   25      .0      .0    59.0  .292  .290  .290  .292
   29      .0      .0    58.0  .228  .235  .235  .228
   33      .0      .0    57.0  .141  .141  .141  .141
   37      .0      .0    56.0  .080  .080  .080  .080
   41      .0      .0    55.0  .077  .077  .077  .077
   45      .0      .0    54.0  .077  .077  .077  .077
   49      .0      .0    53.0  .077  .077  .077  .077
   53      .0      .0    52.0  .077  .077  .077  .077
   57      .0      .0    51.0  .077  .077  .077  .077
   61      .0      .0    50.0  .077  .077  .077  .077
   65      .0      .0    49.0  .077  .077  .077  .077
   69      .0      .0    48.0  .077  .077  .077  .077
   73      .0      .0    47.0  .077  .077  .077  .077
   77      .0      .0    46.0  .077  .077  .077  .077
   81      .0      .0    45.0  .077  .077  .077  .077
   85      .0      .0    44.0  .077  .077  .077  .077
   89      .0      .0    43.0  .077  .077  .077  .077
   93      .0      .0    42.0  .077  .077  .077  .077
   97      .0      .0    41.0  .077  .077  .077  .077
  101      .0      .0    40.0  .077  .077  .077  .077
  105      .0      .0    39.0  .077  .077  .077  .077
  109      .0      .0    38.0  .077  .077  .077  .077
  113      .0      .0    37.0  .077  .077  .077  .077
  117      .0      .0    36.0  .077  .077  .077  .077
  121      .0      .0    35.0  .077  .077  .077  .077
  125      .0      .0    34.0  .077  .077  .077  .077
  129      .0      .0    33.0  .077  .077  .077  .077
  133      .0      .0    32.0  .077  .077  .077  .077
  137      .0      .0    31.0  .077  .077  .077  .077
  141      .0      .0    30.0  .077  .077  .077  .077
  145      .0      .0    29.0  .077  .077  .077  .077
  149      .0      .0    28.0  .077  .077  .077  .077
  153      .0      .0    27.0  .077  .077  .077  .077
  157      .0      .0    26.0  .077  .077  .077  .077
  161      .0      .0    25.0  .077  .077  .077  .077
  165      .0      .0    24.0  .077  .077  .077  .077
  169      .0      .0    23.0  .077  .077  .077  .077
  173      .0      .0    22.0  .077  .077  .077  .077
  177      .0      .0    21.0  .077  .077  .077  .077
  181      .0      .0    20.0  .077  .077  .077  .077
  185      .0      .0    18.0  .077  .077  .077  .077
  189      .0      .0    16.0  .077  .077  .077  .077
  193      .0      .0    14.0  .077  .077  .077  .077
  197      .0      .0    12.0  .077  .077  .077  .077
  201      .0      .0    10.0  .077  .077  .077  .077
  205      .0      .0     8.0  .077  .077  .077  .077
  209      .0      .0     6.0  .077  .077  .077  .077
  213      .0      .0     4.0  .077  .077  .077  .077
  217      .0      .0     2.0  .077  .077  .077  .077
  221      .0      .0      .0  .077  .077  .077  .077


 Time  ***    900.0000 ***

    n    x(n)   y(n)   z(n)      th(n)     th(n+1) ...

    1      .0      .0    61.0  .350  .350  .350  .350
    5      .0      .0    60.8  .350  .350  .350  .350
    9      .0      .0    60.5  .350  .350  .350  .350
   13      .0      .0    60.3  .350  .350  .350  .350
   17      .0      .0    60.0  .350  .350  .350  .350
   21      .0      .0    59.5  .349  .349  .349  .349
   25      .0      .0    59.0  .347  .347  .347  .347
   29      .0      .0    58.0  .343  .343  .343  .343
   33      .0      .0    57.0  .337  .337  .337  .337
   37      .0      .0    56.0  .329  .329  .329  .329
   41      .0      .0    55.0  .321  .321  .321  .321
   45      .0      .0    54.0  .312  .312  .312  .312
   49      .0      .0    53.0  .303  .303  .303  .303
   53      .0      .0    52.0  .294  .294  .294  .294
   57      .0      .0    51.0  .285  .285  .285  .285
   61      .0      .0    50.0  .274  .274  .274  .274
   65      .0      .0    49.0  .260  .260  .260  .260
   69      .0      .0    48.0  .241  .242  .242  .241
   73      .0      .0    47.0  .215  .214  .214  .215
   77      .0      .0    46.0  .175  .178  .178  .175
   81      .0      .0    45.0  .128  .127  .127  .128
   85      .0      .0    44.0  .086  .086  .086  .086
   89      .0      .0    43.0  .077  .077  .077  .077
   93      .0      .0    42.0  .077  .077  .077  .077
   97      .0      .0    41.0  .077  .077  .077  .077
  101      .0      .0    40.0  .077  .077  .077  .077
  105      .0      .0    39.0  .077  .077  .077  .077
  109      .0      .0    38.0  .077  .077  .077  .077
  113      .0      .0    37.0  .077  .077  .077  .077
  117      .0      .0    36.0  .077  .077  .077  .077
  121      .0      .0    35.0  .077  .077  .077  .077
  125      .0      .0    34.0  .077  .077  .077  .077
  129      .0      .0    33.0  .077  .077  .077  .077
  133      .0      .0    32.0  .077  .077  .077  .077
  137      .0      .0    31.0  .077  .077  .077  .077
  141      .0      .0    30.0  .077  .077  .077  .077
  145      .0      .0    29.0  .077  .077  .077  .077
  149      .0      .0    28.0  .077  .077  .077  .077
  153      .0      .0    27.0  .077  .077  .077  .077
  157      .0      .0    26.0  .077  .077  .077  .077
  161      .0      .0    25.0  .077  .077  .077  .077
  165      .0      .0    24.0  .077  .077  .077  .077
  169      .0      .0    23.0  .077  .077  .077  .077
  173      .0      .0    22.0  .077  .077  .077  .077
  177      .0      .0    21.0  .077  .077  .077  .077
  181      .0      .0    20.0  .077  .077  .077  .077
  185      .0      .0    18.0  .077  .077  .077  .077
  189      .0      .0    16.0  .077  .077  .077  .077
  193      .0      .0    14.0  .077  .077  .077  .077
  197      .0      .0    12.0  .077  .077  .077  .077
  201      .0      .0    10.0  .077  .077  .077  .077
  205      .0      .0     8.0  .077  .077  .077  .077
  209      .0      .0     6.0  .077  .077  .077  .077
  213      .0      .0     4.0  .077  .077  .077  .077
  217      .0      .0     2.0  .077  .077  .077  .077
  221      .0      .0      .0  .077  .077  .077  .077


 Time  ***   1800.0000 ***

    n    x(n)   y(n)   z(n)      th(n)     th(n+1) ...

    1      .0      .0    61.0  .350  .350  .350  .350
    5      .0      .0    60.8  .350  .350  .350  .350
    9      .0      .0    60.5  .350  .350  .350  .350
   13      .0      .0    60.3  .350  .350  .350  .350
   17      .0      .0    60.0  .350  .350  .350  .350
   21      .0      .0    59.5  .350  .350  .350  .350
   25      .0      .0    59.0  .349  .349  .349  .349
   29      .0      .0    58.0  .347  .347  .347  .347
   33      .0      .0    57.0  .345  .345  .345  .345
   37      .0      .0    56.0  .341  .341  .341  .341
   41      .0      .0    55.0  .337  .337  .337  .337
   45      .0      .0    54.0  .332  .332  .332  .332
   49      .0      .0    53.0  .327  .327  .327  .327
   53      .0      .0    52.0  .321  .321  .321  .321
   57      .0      .0    51.0  .316  .316  .316  .316
   61      .0      .0    50.0  .310  .310  .310  .310
   65      .0      .0    49.0  .304  .304  .304  .304
   69      .0      .0    48.0  .298  .298  .298  .298
   73      .0      .0    47.0  .292  .292  .292  .292
   77      .0      .0    46.0  .286  .286  .286  .286
   81      .0      .0    45.0  .280  .280  .280  .280
   85      .0      .0    44.0  .272  .272  .272  .272
   89      .0      .0    43.0  .262  .262  .262  .262
   93      .0      .0    42.0  .249  .250  .250  .249
   97      .0      .0    41.0  .234  .233  .233  .234
  101      .0      .0    40.0  .211  .212  .212  .211
  105      .0      .0    39.0  .184  .182  .182  .184
  109      .0      .0    38.0  .143  .145  .145  .143
  113      .0      .0    37.0  .102  .102  .102  .102
  117      .0      .0    36.0  .080  .079  .079  .080
  121      .0      .0    35.0  .077  .077  .077  .077
  125      .0      .0    34.0  .077  .077  .077  .077
  129      .0      .0    33.0  .077  .077  .077  .077
  133      .0      .0    32.0  .077  .077  .077  .077
  137      .0      .0    31.0  .077  .077  .077  .077
  141      .0      .0    30.0  .077  .077  .077  .077
  145      .0      .0    29.0  .077  .077  .077  .077
  149      .0      .0    28.0  .077  .077  .077  .077
  153      .0      .0    27.0  .077  .077  .077  .077
  157      .0      .0    26.0  .077  .077  .077  .077
  161      .0      .0    25.0  .077  .077  .077  .077
  165      .0      .0    24.0  .077  .077  .077  .077
  169      .0      .0    23.0  .077  .077  .077  .077
  173      .0      .0    22.0  .077  .077  .077  .077
  177      .0      .0    21.0  .077  .077  .077  .077
  181      .0      .0    20.0  .077  .077  .077  .077
  185      .0      .0    18.0  .077  .077  .077  .077
  189      .0      .0    16.0  .077  .077  .077  .077
  193      .0      .0    14.0  .077  .077  .077  .077
  197      .0      .0    12.0  .077  .077  .077  .077
  201      .0      .0    10.0  .077  .077  .077  .077
  205      .0      .0     8.0  .077  .077  .077  .077
  209      .0      .0     6.0  .077  .077  .077  .077
  213      .0      .0     4.0  .077  .077  .077  .077
  217      .0      .0     2.0  .077  .077  .077  .077
  221      .0      .0      .0  .077  .077  .077  .077


 Time  ***   2700.0000 ***

    n    x(n)   y(n)   z(n)      th(n)     th(n+1) ...

    1      .0      .0    61.0  .350  .350  .350  .350
    5      .0      .0    60.8  .350  .350  .350  .350
    9      .0      .0    60.5  .350  .350  .350  .350
   13      .0      .0    60.3  .350  .350  .350  .350
   17      .0      .0    60.0  .350  .350  .350  .350
   21      .0      .0    59.5  .350  .350  .350  .350
   25      .0      .0    59.0  .350  .350  .350  .350
   29      .0      .0    58.0  .349  .349  .349  .349
   33      .0      .0    57.0  .347  .347  .347  .347
   37      .0      .0    56.0  .345  .345  .345  .345
   41      .0      .0    55.0  .342  .342  .342  .342
   45      .0      .0    54.0  .339  .339  .339  .339
   49      .0      .0    53.0  .336  .336  .336  .336
   53      .0      .0    52.0  .332  .332  .332  .332
   57      .0      .0    51.0  .328  .328  .328  .328
   61      .0      .0    50.0  .324  .324  .324  .324
   65      .0      .0    49.0  .319  .319  .319  .319
   69      .0      .0    48.0  .315  .315  .315  .315
   73      .0      .0    47.0  .310  .310  .310  .310
   77      .0      .0    46.0  .306  .306  .306  .306
   81      .0      .0    45.0  .301  .301  .301  .301
   85      .0      .0    44.0  .297  .297  .297  .297
   89      .0      .0    43.0  .293  .293  .293  .293
   93      .0      .0    42.0  .288  .288  .288  .288
   97      .0      .0    41.0  .283  .283  .283  .283
  101      .0      .0    40.0  .278  .278  .278  .278
  105      .0      .0    39.0  .271  .271  .271  .271
  109      .0      .0    38.0  .264  .264  .264  .264
  113      .0      .0    37.0  .254  .254  .254  .254
  117      .0      .0    36.0  .242  .242  .242  .242
  121      .0      .0    35.0  .227  .226  .226  .227
  125      .0      .0    34.0  .206  .207  .207  .206
  129      .0      .0    33.0  .181  .179  .179  .181
  133      .0      .0    32.0  .144  .146  .146  .144
  137      .0      .0    31.0  .106  .106  .106  .106
  141      .0      .0    30.0  .082  .081  .081  .082
  145      .0      .0    29.0  .077  .077  .077  .077
  149      .0      .0    28.0  .077  .077  .077  .077
  153      .0      .0    27.0  .077  .077  .077  .077
  157      .0      .0    26.0  .077  .077  .077  .077
  161      .0      .0    25.0  .077  .077  .077  .077
  165      .0      .0    24.0  .077  .077  .077  .077
  169      .0      .0    23.0  .077  .077  .077  .077
  173      .0      .0    22.0  .077  .077  .077  .077
  177      .0      .0    21.0  .077  .077  .077  .077
  181      .0      .0    20.0  .077  .077  .077  .077
  185      .0      .0    18.0  .077  .077  .077  .077
  189      .0      .0    16.0  .077  .077  .077  .077
  193      .0      .0    14.0  .077  .077  .077  .077
  197      .0      .0    12.0  .077  .077  .077  .077
  201      .0      .0    10.0  .077  .077  .077  .077
  205      .0      .0     8.0  .077  .077  .077  .077
  209      .0      .0     6.0  .077  .077  .077  .077
  213      .0      .0     4.0  .077  .077  .077  .077
  217      .0      .0     2.0  .077  .077  .077  .077
  221      .0      .0      .0  .077  .077  .077  .077


 Time  ***   3600.0000 ***

    n    x(n)   y(n)   z(n)      th(n)     th(n+1) ...

    1      .0      .0    61.0  .350  .350  .350  .350
    5      .0      .0    60.8  .350  .350  .350  .350
    9      .0      .0    60.5  .350  .350  .350  .350
   13      .0      .0    60.3  .350  .350  .350  .350
   17      .0      .0    60.0  .350  .350  .350  .350
   21      .0      .0    59.5  .350  .350  .350  .350
   25      .0      .0    59.0  .350  .350  .350  .350
   29      .0      .0    58.0  .349  .349  .349  .349
   33      .0      .0    57.0  .348  .348  .348  .348
   37      .0      .0    56.0  .347  .347  .347  .347
   41      .0      .0    55.0  .345  .345  .345  .345
   45      .0      .0    54.0  .343  .343  .343  .343
   49      .0      .0    53.0  .340  .340  .340  .340
   53      .0      .0    52.0  .338  .338  .338  .338
   57      .0      .0    51.0  .335  .335  .335  .335
   61      .0      .0    50.0  .331  .331  .331  .331
   65      .0      .0    49.0  .328  .328  .328  .328
   69      .0      .0    48.0  .325  .325  .325  .325
   73      .0      .0    47.0  .321  .321  .321  .321
   77      .0      .0    46.0  .317  .317  .317  .317
   81      .0      .0    45.0  .314  .314  .314  .314
   85      .0      .0    44.0  .310  .310  .310  .310
   89      .0      .0    43.0  .306  .306  .306  .306
   93      .0      .0    42.0  .302  .302  .302  .302
   97      .0      .0    41.0  .299  .299  .299  .299
  101      .0      .0    40.0  .295  .295  .295  .295
  105      .0      .0    39.0  .292  .292  .292  .292
  109      .0      .0    38.0  .288  .288  .288  .288
  113      .0      .0    37.0  .284  .284  .284  .284
  117      .0      .0    36.0  .279  .279  .279  .279
  121      .0      .0    35.0  .274  .274  .274  .274
  125      .0      .0    34.0  .268  .268  .268  .268
  129      .0      .0    33.0  .261  .261  .261  .261
  133      .0      .0    32.0  .252  .252  .252  .252
  137      .0      .0    31.0  .242  .241  .241  .242
  141      .0      .0    30.0  .228  .228  .228  .228
  145      .0      .0    29.0  .211  .210  .210  .211
  149      .0      .0    28.0  .187  .189  .189  .187
  153      .0      .0    27.0  .160  .158  .158  .160
  157      .0      .0    26.0  .122  .123  .123  .122
  161      .0      .0    25.0  .090  .090  .090  .090
  165      .0      .0    24.0  .078  .078  .078  .078
  169      .0      .0    23.0  .077  .077  .077  .077
  173      .0      .0    22.0  .077  .077  .077  .077
  177      .0      .0    21.0  .077  .077  .077  .077
  181      .0      .0    20.0  .077  .077  .077  .077
  185      .0      .0    18.0  .077  .077  .077  .077
  189      .0      .0    16.0  .077  .077  .077  .077
  193      .0      .0    14.0  .077  .077  .077  .077
  197      .0      .0    12.0  .077  .077  .077  .077
  201      .0      .0    10.0  .077  .077  .077  .077
  205      .0      .0     8.0  .077  .077  .077  .077
  209      .0      .0     6.0  .077  .077  .077  .077
  213      .0      .0     4.0  .077  .077  .077  .077
  217      .0      .0     2.0  .077  .077  .077  .077
  221      .0      .0      .0  .077  .077  .077  .077


 Time  ***   5400.0000 ***

    n    x(n)   y(n)   z(n)      th(n)     th(n+1) ...

    1      .0      .0    61.0  .350  .350  .350  .350
    5      .0      .0    60.8  .350  .350  .350  .350
    9      .0      .0    60.5  .350  .350  .350  .350
   13      .0      .0    60.3  .350  .350  .350  .350
   17      .0      .0    60.0  .350  .350  .350  .350
   21      .0      .0    59.5  .350  .350  .350  .350
   25      .0      .0    59.0  .350  .350  .350  .350
   29      .0      .0    58.0  .350  .350  .350  .350
   33      .0      .0    57.0  .349  .349  .349  .349
   37      .0      .0    56.0  .348  .348  .348  .348
   41      .0      .0    55.0  .347  .347  .347  .347
   45      .0      .0    54.0  .346  .346  .346  .346
   49      .0      .0    53.0  .345  .345  .345  .345
   53      .0      .0    52.0  .343  .343  .343  .343
   57      .0      .0    51.0  .341  .341  .341  .341
   61      .0      .0    50.0  .339  .339  .339  .339
   65      .0      .0    49.0  .337  .337  .337  .337
   69      .0      .0    48.0  .335  .335  .335  .335
   73      .0      .0    47.0  .332  .332  .332  .332
   77      .0      .0    46.0  .330  .330  .330  .330
   81      .0      .0    45.0  .327  .327  .327  .327
   85      .0      .0    44.0  .324  .324  .324  .324
   89      .0      .0    43.0  .322  .322  .322  .322
   93      .0      .0    42.0  .319  .319  .319  .319
   97      .0      .0    41.0  .316  .316  .316  .316
  101      .0      .0    40.0  .313  .313  .313  .313
  105      .0      .0    39.0  .310  .310  .310  .310
  109      .0      .0    38.0  .308  .308  .308  .308
  113      .0      .0    37.0  .305  .305  .305  .305
  117      .0      .0    36.0  .302  .302  .302  .302
  121      .0      .0    35.0  .299  .299  .299  .299
  125      .0      .0    34.0  .296  .296  .296  .296
  129      .0      .0    33.0  .294  .294  .294  .294
  133      .0      .0    32.0  .291  .291  .291  .291
  137      .0      .0    31.0  .288  .288  .288  .288
  141      .0      .0    30.0  .285  .286  .286  .285
  145      .0      .0    29.0  .282  .282  .282  .282
  149      .0      .0    28.0  .279  .279  .279  .279
  153      .0      .0    27.0  .275  .275  .275  .275
  157      .0      .0    26.0  .270  .270  .270  .270
  161      .0      .0    25.0  .264  .264  .264  .264
  165      .0      .0    24.0  .258  .258  .258  .258
  169      .0      .0    23.0  .250  .250  .250  .250
  173      .0      .0    22.0  .240  .240  .240  .240
  177      .0      .0    21.0  .228  .227  .227  .228
  181      .0      .0    20.0  .212  .213  .213  .212
  185      .0      .0    18.0  .172  .171  .171  .172
  189      .0      .0    16.0  .119  .119  .119  .119
  193      .0      .0    14.0  .081  .082  .082  .081
  197      .0      .0    12.0  .077  .077  .077  .077
  201      .0      .0    10.0  .077  .077  .077  .077
  205      .0      .0     8.0  .077  .077  .077  .077
  209      .0      .0     6.0  .077  .077  .077  .077
  213      .0      .0     4.0  .077  .077  .077  .077
  217      .0      .0     2.0  .077  .077  .077  .077
  221      .0      .0      .0  .078  .078  .078  .078
