 Example 1 - Column Test                                                 
 
 Program SWMS_3D
 Date:  21. 7.    Time:  12:33:12
 Time independent boundary conditions
 Units: L = cm   , T = sec  , M = -    


 Time  ***     60.0000 ***

    n    x(n)  y(n)  z(n)     vy(n)     vy(n+1) ...

    1      .0      .0    61.0  -.42E-06   .00E+00   .00E+00   .42E-06
    5      .0      .0    60.8  -.17E-05  -.12E-06   .12E-06   .17E-05
    9      .0      .0    60.5  -.17E-07  -.96E-06   .96E-06   .17E-07
   13      .0      .0    60.3   .15E-05  -.19E-06   .19E-06  -.15E-05
   17      .0      .0    60.0   .78E-05  -.53E-06   .53E-06  -.78E-05
   21      .0      .0    59.5   .61E-04  -.33E-04   .33E-04  -.61E-04
   25      .0      .0    59.0  -.14E-03  -.26E-03   .26E-03   .14E-03
   29      .0      .0    58.0  -.29E-03  -.19E-04   .19E-04   .29E-03
   33      .0      .0    57.0  -.11E-05  -.43E-05   .43E-05   .11E-05
   37      .0      .0    56.0   .51E-06  -.17E-07   .17E-07  -.51E-06
   41      .0      .0    55.0   .48E-07   .22E-07  -.22E-07  -.48E-07
   45      .0      .0    54.0   .91E-10   .27E-08  -.27E-08  -.91E-10
   49      .0      .0    53.0   .11E-10   .00E+00   .00E+00  -.11E-10
   53      .0      .0    52.0   .00E+00   .00E+00   .00E+00   .00E+00
   57      .0      .0    51.0   .00E+00   .00E+00   .00E+00   .00E+00
   61      .0      .0    50.0   .00E+00   .00E+00   .00E+00   .00E+00
   65      .0      .0    49.0   .00E+00   .00E+00   .00E+00   .00E+00
   69      .0      .0    48.0   .00E+00   .00E+00   .00E+00   .00E+00
   73      .0      .0    47.0   .00E+00   .00E+00   .00E+00   .00E+00
   77      .0      .0    46.0   .00E+00   .00E+00   .00E+00   .00E+00
   81      .0      .0    45.0   .00E+00   .00E+00   .00E+00   .00E+00
   85      .0      .0    44.0   .00E+00   .00E+00   .00E+00   .00E+00
   89      .0      .0    43.0   .00E+00   .00E+00   .00E+00   .00E+00
   93      .0      .0    42.0   .00E+00   .00E+00   .00E+00   .00E+00
   97      .0      .0    41.0   .00E+00   .00E+00   .00E+00   .00E+00
  101      .0      .0    40.0   .00E+00   .00E+00   .00E+00   .00E+00
  105      .0      .0    39.0   .00E+00   .00E+00   .00E+00   .00E+00
  109      .0      .0    38.0   .00E+00   .00E+00   .00E+00   .00E+00
  113      .0      .0    37.0   .00E+00   .00E+00   .00E+00   .00E+00
  117      .0      .0    36.0   .00E+00   .00E+00   .00E+00   .00E+00
  121      .0      .0    35.0   .00E+00   .00E+00   .00E+00   .00E+00
  125      .0      .0    34.0   .00E+00   .00E+00   .00E+00   .00E+00
  129      .0      .0    33.0   .00E+00   .00E+00   .00E+00   .00E+00
  133      .0      .0    32.0   .00E+00   .00E+00   .00E+00   .00E+00
  137      .0      .0    31.0   .00E+00   .00E+00   .00E+00   .00E+00
  141      .0      .0    30.0   .00E+00   .00E+00   .00E+00   .00E+00
  145      .0      .0    29.0   .00E+00   .00E+00   .00E+00   .00E+00
  149      .0      .0    28.0   .00E+00   .00E+00   .00E+00   .00E+00
  153      .0      .0    27.0   .00E+00   .00E+00   .00E+00   .00E+00
  157      .0      .0    26.0   .00E+00   .00E+00   .00E+00   .00E+00
  161      .0      .0    25.0   .00E+00   .00E+00   .00E+00   .00E+00
  165      .0      .0    24.0   .00E+00   .00E+00   .00E+00   .00E+00
  169      .0      .0    23.0   .00E+00   .00E+00   .00E+00   .00E+00
  173      .0      .0    22.0   .00E+00   .00E+00   .00E+00   .00E+00
  177      .0      .0    21.0   .00E+00   .00E+00   .00E+00   .00E+00
  181      .0      .0    20.0   .00E+00   .00E+00   .00E+00   .00E+00
  185      .0      .0    18.0   .00E+00   .00E+00   .00E+00   .00E+00
  189      .0      .0    16.0   .00E+00   .00E+00   .00E+00   .00E+00
  193      .0      .0    14.0   .00E+00   .00E+00   .00E+00   .00E+00
  197      .0      .0    12.0   .00E+00   .00E+00   .00E+00   .00E+00
  201      .0      .0    10.0   .00E+00   .00E+00   .00E+00   .00E+00
  205      .0      .0     8.0   .00E+00   .00E+00   .00E+00   .00E+00
  209      .0      .0     6.0   .00E+00   .00E+00   .00E+00   .00E+00
  213      .0      .0     4.0   .00E+00   .64E-11  -.64E-11   .00E+00
  217      .0      .0     2.0   .25E-08   .51E-10  -.51E-10  -.25E-08
  221      .0      .0      .0   .20E-07   .13E-10  -.13E-10  -.20E-07


 Time  ***    900.0000 ***

    n    x(n)  y(n)  z(n)     vy(n)     vy(n+1) ...

    1      .0      .0    61.0  -.45E-08   .00E+00   .00E+00   .45E-08
    5      .0      .0    60.8  -.18E-07  -.12E-07   .12E-07   .18E-07
    9      .0      .0    60.5  -.15E-07  -.99E-07   .99E-07   .15E-07
   13      .0      .0    60.3  -.98E-07  -.39E-07   .39E-07   .98E-07
   17      .0      .0    60.0  -.46E-07  -.21E-06   .21E-06   .46E-07
   21      .0      .0    59.5  -.27E-06  -.62E-07   .62E-07   .27E-06
   25      .0      .0    59.0  -.13E-07  -.29E-06   .29E-06   .13E-07
   29      .0      .0    58.0   .16E-06   .55E-07  -.55E-07  -.16E-06
   33      .0      .0    57.0   .20E-06   .72E-06  -.72E-06  -.20E-06
   37      .0      .0    56.0   .14E-05   .37E-06  -.37E-06  -.14E-05
   41      .0      .0    55.0   .52E-06   .22E-05  -.22E-05  -.52E-06
   45      .0      .0    54.0   .28E-05   .75E-06  -.75E-06  -.28E-05
   49      .0      .0    53.0  -.48E-08   .38E-05  -.38E-05   .48E-08
   53      .0      .0    52.0  -.28E-05  -.19E-05   .19E-05   .28E-05
   57      .0      .0    51.0  -.50E-05  -.17E-04   .17E-04   .50E-05
   61      .0      .0    50.0  -.30E-04  -.88E-05   .88E-05   .30E-04
   65      .0      .0    49.0  -.13E-04  -.41E-04   .41E-04   .13E-04
   69      .0      .0    48.0  -.49E-04  -.17E-04   .17E-04   .49E-04
   73      .0      .0    47.0  -.22E-04  -.55E-04   .55E-04   .22E-04
   77      .0      .0    46.0  -.47E-04  -.85E-05   .85E-05   .47E-04
   81      .0      .0    45.0   .52E-06  -.74E-05   .74E-05  -.52E-06
   85      .0      .0    44.0   .13E-05  -.44E-07   .44E-07  -.13E-05
   89      .0      .0    43.0   .84E-07   .23E-06  -.23E-06  -.84E-07
   93      .0      .0    42.0   .78E-08   .28E-07  -.28E-07  -.78E-08
   97      .0      .0    41.0   .98E-09   .29E-09  -.29E-09  -.98E-09
  101      .0      .0    40.0   .17E-10   .36E-10  -.36E-10  -.17E-10
  105      .0      .0    39.0   .21E-11   .00E+00   .00E+00  -.21E-11
  109      .0      .0    38.0   .00E+00   .00E+00   .00E+00   .00E+00
  113      .0      .0    37.0   .00E+00   .00E+00   .00E+00   .00E+00
  117      .0      .0    36.0   .00E+00   .00E+00   .00E+00   .00E+00
  121      .0      .0    35.0   .00E+00   .00E+00   .00E+00   .00E+00
  125      .0      .0    34.0   .00E+00   .00E+00   .00E+00   .00E+00
  129      .0      .0    33.0   .00E+00   .00E+00   .00E+00   .00E+00
  133      .0      .0    32.0   .00E+00   .00E+00   .00E+00   .00E+00
  137      .0      .0    31.0   .00E+00   .00E+00   .00E+00   .00E+00
  141      .0      .0    30.0   .00E+00   .00E+00   .00E+00   .00E+00
  145      .0      .0    29.0   .00E+00   .00E+00   .00E+00   .00E+00
  149      .0      .0    28.0   .00E+00   .00E+00   .00E+00   .00E+00
  153      .0      .0    27.0   .00E+00   .00E+00   .00E+00   .00E+00
  157      .0      .0    26.0   .00E+00   .00E+00   .00E+00   .00E+00
  161      .0      .0    25.0   .00E+00   .00E+00   .00E+00   .00E+00
  165      .0      .0    24.0   .00E+00   .00E+00   .00E+00   .00E+00
  169      .0      .0    23.0   .00E+00   .00E+00   .00E+00   .00E+00
  173      .0      .0    22.0   .00E+00   .00E+00   .00E+00   .00E+00
  177      .0      .0    21.0   .00E+00   .00E+00   .00E+00   .00E+00
  181      .0      .0    20.0   .00E+00   .00E+00   .00E+00   .00E+00
  185      .0      .0    18.0   .00E+00   .00E+00   .00E+00   .00E+00
  189      .0      .0    16.0   .00E+00   .00E+00   .00E+00   .00E+00
  193      .0      .0    14.0   .00E+00   .00E+00   .00E+00   .00E+00
  197      .0      .0    12.0   .00E+00   .00E+00   .00E+00   .00E+00
  201      .0      .0    10.0   .00E+00   .00E+00   .00E+00   .00E+00
  205      .0      .0     8.0   .00E+00   .64E-11  -.64E-11   .00E+00
  209      .0      .0     6.0   .67E-10   .51E-10  -.51E-10  -.67E-10
  213      .0      .0     4.0   .54E-09   .69E-09  -.69E-09  -.54E-09
  217      .0      .0     2.0   .38E-08   .55E-08  -.55E-08  -.38E-08
  221      .0      .0      .0   .30E-07   .14E-08  -.14E-08  -.30E-07


 Time  ***   1800.0000 ***

    n    x(n)  y(n)  z(n)     vy(n)     vy(n+1) ...

    1      .0      .0    61.0   .11E-08   .00E+00   .00E+00  -.11E-08
    5      .0      .0    60.8   .44E-08  -.26E-08   .26E-08  -.44E-08
    9      .0      .0    60.5  -.48E-08  -.21E-07   .21E-07   .48E-08
   13      .0      .0    60.3  -.43E-07  -.17E-07   .17E-07   .43E-07
   17      .0      .0    60.0  -.26E-07  -.12E-06   .12E-06   .26E-07
   21      .0      .0    59.5  -.16E-06  -.44E-07   .44E-07   .16E-06
   25      .0      .0    59.0  -.44E-07  -.24E-06   .24E-06   .44E-07
   29      .0      .0    58.0  -.19E-06  -.32E-07   .32E-07   .19E-06
   33      .0      .0    57.0  -.83E-09  -.16E-07   .16E-07   .83E-09
   37      .0      .0    56.0   .18E-06   .42E-07  -.42E-07  -.18E-06
   41      .0      .0    55.0   .10E-06   .35E-06  -.35E-06  -.10E-06
   45      .0      .0    54.0   .64E-06   .15E-06  -.15E-06  -.64E-06
   49      .0      .0    53.0   .22E-06   .86E-06  -.86E-06  -.22E-06
   53      .0      .0    52.0   .11E-05   .27E-06  -.27E-06  -.11E-05
   57      .0      .0    51.0   .33E-06   .13E-05  -.13E-05  -.33E-06
   61      .0      .0    50.0   .15E-05   .37E-06  -.37E-06  -.15E-05
   65      .0      .0    49.0   .46E-06   .17E-05  -.17E-05  -.46E-06
   69      .0      .0    48.0   .21E-05  -.58E-07   .58E-07  -.21E-05
   73      .0      .0    47.0  -.83E-06  -.21E-05   .21E-05   .83E-06
   77      .0      .0    46.0  -.82E-05  -.20E-05   .20E-05   .82E-05
   81      .0      .0    45.0  -.35E-05  -.13E-04   .13E-04   .35E-05
   85      .0      .0    44.0  -.18E-04  -.47E-05   .47E-05   .18E-04
   89      .0      .0    43.0  -.60E-05  -.21E-04   .21E-04   .60E-05
   93      .0      .0    42.0  -.25E-04  -.77E-05   .77E-05   .25E-04
   97      .0      .0    41.0  -.10E-04  -.31E-04   .31E-04   .10E-04
  101      .0      .0    40.0  -.35E-04  -.12E-04   .12E-04   .35E-04
  105      .0      .0    39.0  -.11E-04  -.34E-04   .34E-04   .11E-04
  109      .0      .0    38.0  -.19E-04  -.52E-06   .52E-06   .19E-04
  113      .0      .0    37.0   .67E-07   .82E-06  -.82E-06  -.67E-07
  117      .0      .0    36.0   .80E-06   .34E-07  -.34E-07  -.80E-06
  121      .0      .0    35.0   .80E-07   .76E-07  -.76E-07  -.80E-07
  125      .0      .0    34.0   .36E-08   .94E-08  -.94E-08  -.36E-08
  129      .0      .0    33.0   .45E-09   .18E-09  -.18E-09  -.45E-09
  133      .0      .0    32.0   .17E-10   .23E-10  -.23E-10  -.17E-10
  137      .0      .0    31.0   .21E-11   .00E+00   .00E+00  -.21E-11
  141      .0      .0    30.0   .00E+00   .00E+00   .00E+00   .00E+00
  145      .0      .0    29.0   .00E+00   .00E+00   .00E+00   .00E+00
  149      .0      .0    28.0   .00E+00   .00E+00   .00E+00   .00E+00
  153      .0      .0    27.0   .00E+00   .00E+00   .00E+00   .00E+00
  157      .0      .0    26.0   .00E+00   .00E+00   .00E+00   .00E+00
  161      .0      .0    25.0   .00E+00   .00E+00   .00E+00   .00E+00
  165      .0      .0    24.0   .00E+00   .00E+00   .00E+00   .00E+00
  169      .0      .0    23.0   .00E+00   .00E+00   .00E+00   .00E+00
  173      .0      .0    22.0   .00E+00   .00E+00   .00E+00   .00E+00
  177      .0      .0    21.0   .00E+00   .00E+00   .00E+00   .00E+00
  181      .0      .0    20.0   .00E+00   .00E+00   .00E+00   .00E+00
  185      .0      .0    18.0   .00E+00   .00E+00   .00E+00   .00E+00
  189      .0      .0    16.0   .00E+00   .00E+00   .00E+00   .00E+00
  193      .0      .0    14.0   .00E+00   .00E+00   .00E+00   .00E+00
  197      .0      .0    12.0   .00E+00   .00E+00   .00E+00   .00E+00
  201      .0      .0    10.0   .36E-11   .00E+00   .00E+00  -.36E-11
  205      .0      .0     8.0   .29E-10   .30E-10  -.30E-10  -.29E-10
  209      .0      .0     6.0   .22E-09   .24E-09  -.24E-09  -.22E-09
  213      .0      .0     4.0   .17E-08   .11E-08  -.11E-08  -.17E-08
  217      .0      .0     2.0   .29E-08   .83E-08  -.83E-08  -.29E-08
  221      .0      .0      .0   .22E-07   .21E-08  -.21E-08  -.22E-07


 Time  ***   2700.0000 ***

    n    x(n)  y(n)  z(n)     vy(n)     vy(n+1) ...

    1      .0      .0    61.0  -.14E-09   .00E+00   .00E+00   .14E-09
    5      .0      .0    60.8  -.56E-09   .34E-09  -.34E-09   .56E-09
    9      .0      .0    60.5  -.16E-08   .27E-08  -.27E-08   .16E-08
   13      .0      .0    60.3  -.12E-07  -.10E-07   .10E-07   .12E-07
   17      .0      .0    60.0  -.16E-07  -.85E-07   .85E-07   .16E-07
   21      .0      .0    59.5  -.12E-06  -.33E-07   .33E-07   .12E-06
   25      .0      .0    59.0  -.38E-07  -.18E-06   .18E-06   .38E-07
   29      .0      .0    58.0  -.19E-06  -.37E-07   .37E-07   .19E-06
   33      .0      .0    57.0  -.28E-07  -.12E-06   .12E-06   .28E-07
   37      .0      .0    56.0  -.38E-07  -.55E-08   .55E-08   .38E-07
   41      .0      .0    55.0   .16E-07   .71E-07  -.71E-07  -.16E-07
   45      .0      .0    54.0   .16E-06   .49E-07  -.49E-07  -.16E-06
   49      .0      .0    53.0   .76E-07   .32E-06  -.32E-06  -.76E-07
   53      .0      .0    52.0   .45E-06   .11E-06  -.11E-06  -.45E-06
   57      .0      .0    51.0   .14E-06   .58E-06  -.58E-06  -.14E-06
   61      .0      .0    50.0   .65E-06   .17E-06  -.17E-06  -.65E-06
   65      .0      .0    49.0   .20E-06   .80E-06  -.80E-06  -.20E-06
   69      .0      .0    48.0   .93E-06   .23E-06  -.23E-06  -.93E-06
   73      .0      .0    47.0   .26E-06   .10E-05  -.10E-05  -.26E-06
   77      .0      .0    46.0   .11E-05   .28E-06  -.28E-06  -.11E-05
   81      .0      .0    45.0   .32E-06   .12E-05  -.12E-05  -.32E-06
   85      .0      .0    44.0   .14E-05   .47E-07  -.47E-07  -.14E-05
   89      .0      .0    43.0  -.42E-06  -.83E-06   .83E-06   .42E-06
   93      .0      .0    42.0  -.46E-05  -.10E-05   .10E-05   .46E-05
   97      .0      .0    41.0  -.18E-05  -.67E-05   .67E-05   .18E-05
  101      .0      .0    40.0  -.95E-05  -.25E-05   .25E-05   .95E-05
  105      .0      .0    39.0  -.33E-05  -.12E-04   .12E-04   .33E-05
  109      .0      .0    38.0  -.15E-04  -.41E-05   .41E-05   .15E-04
  113      .0      .0    37.0  -.49E-05  -.18E-04   .18E-04   .49E-05
  117      .0      .0    36.0  -.20E-04  -.60E-05   .60E-05   .20E-04
  121      .0      .0    35.0  -.76E-05  -.24E-04   .24E-04   .76E-05
  125      .0      .0    34.0  -.27E-04  -.93E-05   .93E-05   .27E-04
  129      .0      .0    33.0  -.92E-05  -.27E-04   .27E-04   .92E-05
  133      .0      .0    32.0  -.18E-04  -.14E-05   .14E-05   .18E-04
  137      .0      .0    31.0   .10E-06  -.33E-06   .33E-06  -.10E-06
  141      .0      .0    30.0   .85E-06   .17E-07  -.17E-07  -.85E-06
  145      .0      .0    29.0   .76E-07   .15E-06  -.15E-06  -.76E-07
  149      .0      .0    28.0   .87E-08   .19E-07  -.19E-07  -.87E-08
  153      .0      .0    27.0   .11E-08   .55E-09  -.55E-09  -.11E-08
  157      .0      .0    26.0   .29E-10   .69E-10  -.69E-10  -.29E-10
  161      .0      .0    25.0   .36E-11   .00E+00   .00E+00  -.36E-11
  165      .0      .0    24.0   .00E+00   .00E+00   .00E+00   .00E+00
  169      .0      .0    23.0   .00E+00   .00E+00   .00E+00   .00E+00
  173      .0      .0    22.0   .00E+00   .00E+00   .00E+00   .00E+00
  177      .0      .0    21.0   .00E+00   .00E+00   .00E+00   .00E+00
  181      .0      .0    20.0   .00E+00   .00E+00   .00E+00   .00E+00
  185      .0      .0    18.0   .00E+00   .00E+00   .00E+00   .00E+00
  189      .0      .0    16.0   .00E+00   .00E+00   .00E+00   .00E+00
  193      .0      .0    14.0   .00E+00   .00E+00   .00E+00   .00E+00
  197      .0      .0    12.0   .00E+00   .21E-11  -.21E-11   .00E+00
  201      .0      .0    10.0   .10E-10   .17E-10  -.17E-10  -.10E-10
  205      .0      .0     8.0   .80E-10   .72E-10  -.72E-10  -.80E-10
  209      .0      .0     6.0   .35E-09   .56E-09  -.56E-09  -.35E-09
  213      .0      .0     4.0   .28E-08   .12E-08  -.12E-08  -.28E-08
  217      .0      .0     2.0   .25E-08   .92E-08  -.92E-08  -.25E-08
  221      .0      .0      .0   .17E-07   .24E-08  -.24E-08  -.17E-07


 Time  ***   3600.0000 ***

    n    x(n)  y(n)  z(n)     vy(n)     vy(n+1) ...

    1      .0      .0    61.0   .32E-10   .00E+00   .00E+00  -.32E-10
    5      .0      .0    60.8   .13E-09  -.59E-10   .59E-10  -.13E-09
    9      .0      .0    60.5   .29E-09  -.47E-09   .47E-09  -.29E-09
   13      .0      .0    60.3   .22E-08  -.65E-08   .65E-08  -.22E-08
   17      .0      .0    60.0  -.11E-07  -.52E-07   .52E-07   .11E-07
   21      .0      .0    59.5  -.93E-07  -.24E-07   .24E-07   .93E-07
   25      .0      .0    59.0  -.32E-07  -.14E-06   .14E-06   .32E-07
   29      .0      .0    58.0  -.16E-06  -.33E-07   .33E-07   .16E-06
   33      .0      .0    57.0  -.29E-07  -.13E-06   .13E-06   .29E-07
   37      .0      .0    56.0  -.70E-07  -.20E-07   .20E-07   .70E-07
   41      .0      .0    55.0  -.30E-08  -.31E-07   .31E-07   .30E-08
   45      .0      .0    54.0   .46E-07   .97E-08  -.97E-08  -.46E-07
   49      .0      .0    53.0   .28E-07   .11E-06  -.11E-06  -.28E-07
   53      .0      .0    52.0   .18E-06   .46E-07  -.46E-07  -.18E-06
   57      .0      .0    51.0   .66E-07   .26E-06  -.26E-06  -.66E-07
   61      .0      .0    50.0   .35E-06   .88E-07  -.88E-07  -.35E-06
   65      .0      .0    49.0   .10E-06   .44E-06  -.44E-06  -.10E-06
   69      .0      .0    48.0   .49E-06   .13E-06  -.13E-06  -.49E-06
   73      .0      .0    47.0   .14E-06   .59E-06  -.59E-06  -.14E-06
   77      .0      .0    46.0   .65E-06   .16E-06  -.16E-06  -.65E-06
   81      .0      .0    45.0   .18E-06   .73E-06  -.73E-06  -.18E-06
   85      .0      .0    44.0   .80E-06   .20E-06  -.20E-06  -.80E-06
   89      .0      .0    43.0   .21E-06   .85E-06  -.85E-06  -.21E-06
   93      .0      .0    42.0   .89E-06   .22E-06  -.22E-06  -.89E-06
   97      .0      .0    41.0   .25E-06   .95E-06  -.95E-06  -.25E-06
  101      .0      .0    40.0   .11E-05  -.28E-07   .28E-07  -.11E-05
  105      .0      .0    39.0  -.38E-06  -.12E-05   .12E-05   .38E-06
  109      .0      .0    38.0  -.40E-05  -.77E-06   .77E-06   .40E-05
  113      .0      .0    37.0  -.13E-05  -.47E-05   .47E-05   .13E-05
  117      .0      .0    36.0  -.65E-05  -.18E-05   .18E-05   .65E-05
  121      .0      .0    35.0  -.22E-05  -.92E-05   .92E-05   .22E-05
  125      .0      .0    34.0  -.10E-04  -.28E-05   .28E-05   .10E-04
  129      .0      .0    33.0  -.34E-05  -.12E-04   .12E-04   .34E-05
  133      .0      .0    32.0  -.15E-04  -.39E-05   .39E-05   .15E-04
  137      .0      .0    31.0  -.49E-05  -.17E-04   .17E-04   .49E-05
  141      .0      .0    30.0  -.20E-04  -.59E-05   .59E-05   .20E-04
  145      .0      .0    29.0  -.72E-05  -.22E-04   .22E-04   .72E-05
  149      .0      .0    28.0  -.24E-04  -.83E-05   .83E-05   .24E-04
  153      .0      .0    27.0  -.48E-05  -.21E-04   .21E-04   .48E-05
  157      .0      .0    26.0  -.65E-05   .20E-06  -.20E-06   .65E-05
  161      .0      .0    25.0   .11E-08   .11E-05  -.11E-05  -.11E-08
  165      .0      .0    24.0   .49E-06   .65E-07  -.65E-07  -.49E-06
  169      .0      .0    23.0   .54E-07   .41E-07  -.41E-07  -.54E-07
  173      .0      .0    22.0   .29E-08   .51E-08  -.51E-08  -.29E-08
  177      .0      .0    21.0   .36E-09   .20E-09  -.20E-09  -.36E-09
  181      .0      .0    20.0   .11E-10   .25E-10  -.25E-10  -.11E-10
  185      .0      .0    18.0   .14E-11   .00E+00   .00E+00  -.14E-11
  189      .0      .0    16.0   .00E+00   .00E+00   .00E+00   .00E+00
  193      .0      .0    14.0   .00E+00   .00E+00   .00E+00   .00E+00
  197      .0      .0    12.0   .00E+00   .29E-11  -.29E-11   .00E+00
  201      .0      .0    10.0   .26E-10   .23E-10  -.23E-10  -.26E-10
  205      .0      .0     8.0   .21E-09   .12E-09  -.12E-09  -.21E-09
  209      .0      .0     6.0   .48E-09   .97E-09  -.97E-09  -.48E-09
  213      .0      .0     4.0   .36E-08   .13E-08  -.13E-08  -.36E-08
  217      .0      .0     2.0   .22E-08   .94E-08  -.94E-08  -.22E-08
  221      .0      .0      .0   .15E-07   .24E-08  -.24E-08  -.15E-07


 Time  ***   5400.0000 ***

    n    x(n)  y(n)  z(n)     vy(n)     vy(n+1) ...

    1      .0      .0    61.0   .43E-10   .00E+00   .00E+00  -.43E-10
    5      .0      .0    60.8   .17E-09  -.11E-09   .11E-09  -.17E-09
    9      .0      .0    60.5   .51E-09  -.86E-09   .86E-09  -.51E-09
   13      .0      .0    60.3   .39E-08  -.23E-08   .23E-08  -.39E-08
   17      .0      .0    60.0  -.60E-08  -.18E-07   .18E-07   .60E-08
   21      .0      .0    59.5  -.52E-07  -.15E-07   .15E-07   .52E-07
   25      .0      .0    59.0  -.22E-07  -.10E-06   .10E-06   .22E-07
   29      .0      .0    58.0  -.12E-06  -.26E-07   .26E-07   .12E-06
   33      .0      .0    57.0  -.26E-07  -.11E-06   .11E-06   .26E-07
   37      .0      .0    56.0  -.88E-07  -.21E-07   .21E-07   .88E-07
   41      .0      .0    55.0  -.16E-07  -.63E-07   .63E-07   .16E-07
   45      .0      .0    54.0  -.43E-07  -.83E-08   .83E-08   .43E-07
   49      .0      .0    53.0  -.17E-08  -.27E-08   .27E-08   .17E-08
   53      .0      .0    52.0   .29E-07   .82E-08  -.82E-08  -.29E-07
   57      .0      .0    51.0   .15E-07   .68E-07  -.68E-07  -.15E-07
   61      .0      .0    50.0   .94E-07   .25E-07  -.25E-07  -.94E-07
   65      .0      .0    49.0   .34E-07   .13E-06  -.13E-06  -.34E-07
   69      .0      .0    48.0   .18E-06   .45E-07  -.45E-07  -.18E-06
   73      .0      .0    47.0   .54E-07   .23E-06  -.23E-06  -.54E-07
   77      .0      .0    46.0   .25E-06   .68E-07  -.68E-07  -.25E-06
   81      .0      .0    45.0   .73E-07   .31E-06  -.31E-06  -.73E-07
   85      .0      .0    44.0   .33E-06   .87E-07  -.87E-07  -.33E-06
   89      .0      .0    43.0   .93E-07   .39E-06  -.39E-06  -.93E-07
   93      .0      .0    42.0   .41E-06   .11E-06  -.11E-06  -.41E-06
   97      .0      .0    41.0   .11E-06   .47E-06  -.47E-06  -.11E-06
  101      .0      .0    40.0   .49E-06   .12E-06  -.12E-06  -.49E-06
  105      .0      .0    39.0   .13E-06   .51E-06  -.51E-06  -.13E-06
  109      .0      .0    38.0   .56E-06   .14E-06  -.14E-06  -.56E-06
  113      .0      .0    37.0   .14E-06   .57E-06  -.57E-06  -.14E-06
  117      .0      .0    36.0   .59E-06   .15E-06  -.15E-06  -.59E-06
  121      .0      .0    35.0   .15E-06   .62E-06  -.62E-06  -.15E-06
  125      .0      .0    34.0   .63E-06   .17E-06  -.17E-06  -.63E-06
  129      .0      .0    33.0  -.42E-07   .71E-06  -.71E-06   .42E-07
  133      .0      .0    32.0  -.96E-06  -.27E-06   .27E-06   .96E-06
  137      .0      .0    31.0  -.51E-06  -.28E-05   .28E-05   .51E-06
  141      .0      .0    30.0  -.30E-05  -.81E-06   .81E-06   .30E-05
  145      .0      .0    29.0  -.10E-05  -.36E-05   .36E-05   .10E-05
  149      .0      .0    28.0  -.49E-05  -.13E-05   .13E-05   .49E-05
  153      .0      .0    27.0  -.16E-05  -.65E-05   .65E-05   .16E-05
  157      .0      .0    26.0  -.76E-05  -.19E-05   .19E-05   .76E-05
  161      .0      .0    25.0  -.23E-05  -.86E-05   .86E-05   .23E-05
  165      .0      .0    24.0  -.97E-05  -.27E-05   .27E-05   .97E-05
  169      .0      .0    23.0  -.33E-05  -.12E-04   .12E-04   .33E-05
  173      .0      .0    22.0  -.14E-04  -.38E-05   .38E-05   .14E-04
  177      .0      .0    21.0  -.59E-05  -.15E-04   .15E-04   .59E-05
  181      .0      .0    20.0  -.24E-04  -.82E-05   .82E-05   .24E-04
  185      .0      .0    18.0  -.24E-05  -.17E-04   .17E-04   .24E-05
  189      .0      .0    16.0  -.14E-05   .86E-07  -.86E-07   .14E-05
  193      .0      .0    14.0  -.71E-08   .33E-06  -.33E-06   .71E-08
  197      .0      .0    12.0   .72E-07   .29E-07  -.29E-07  -.72E-07
  201      .0      .0    10.0   .89E-08   .21E-08  -.21E-08  -.89E-08
  205      .0      .0     8.0   .59E-09   .48E-09  -.48E-09  -.59E-09
  209      .0      .0     6.0   .65E-09   .18E-08  -.18E-08  -.65E-09
  213      .0      .0     4.0   .46E-08   .13E-08  -.13E-08  -.46E-08
  217      .0      .0     2.0   .19E-08   .88E-08  -.88E-08  -.19E-08
  221      .0      .0      .0   .11E-07   .23E-08  -.23E-08  -.11E-07
