 Example 1 - Column Test

 Program SWMS_3D
 Date:  21. 7.    Time:  12:33:12
 Time independent boundary conditions
 Units: L = cm   , T = sec  , M = -


 Time  ***     60.0000 ***

    n    x(n)  y(n)  z(n)     vz(n)     vz(n+1) ...

    1      .0      .0    61.0  -.72E-02  -.72E-02  -.72E-02  -.72E-02
    5      .0      .0    60.8  -.72E-02  -.72E-02  -.72E-02  -.72E-02
    9      .0      .0    60.5  -.72E-02  -.72E-02  -.72E-02  -.72E-02
   13      .0      .0    60.3  -.72E-02  -.72E-02  -.72E-02  -.72E-02
   17      .0      .0    60.0  -.71E-02  -.71E-02  -.71E-02  -.71E-02
   21      .0      .0    59.5  -.68E-02  -.68E-02  -.68E-02  -.68E-02
   25      .0      .0    59.0  -.80E-02  -.78E-02  -.78E-02  -.80E-02
   29      .0      .0    58.0  -.43E-02  -.51E-02  -.51E-02  -.43E-02
   33      .0      .0    57.0  -.73E-03  -.71E-03  -.71E-03  -.73E-03
   37      .0      .0    56.0  -.22E-04  -.21E-04  -.21E-04  -.22E-04
   41      .0      .0    55.0  -.22E-05  -.21E-05  -.21E-05  -.22E-05
   45      .0      .0    54.0  -.39E-06  -.39E-06  -.39E-06  -.39E-06
   49      .0      .0    53.0  -.37E-06  -.37E-06  -.37E-06  -.37E-06
   53      .0      .0    52.0  -.37E-06  -.37E-06  -.37E-06  -.37E-06
   57      .0      .0    51.0  -.37E-06  -.37E-06  -.37E-06  -.37E-06
   61      .0      .0    50.0  -.37E-06  -.37E-06  -.37E-06  -.37E-06
   65      .0      .0    49.0  -.37E-06  -.37E-06  -.37E-06  -.37E-06
   69      .0      .0    48.0  -.37E-06  -.37E-06  -.37E-06  -.37E-06
   73      .0      .0    47.0  -.37E-06  -.37E-06  -.37E-06  -.37E-06
   77      .0      .0    46.0  -.37E-06  -.37E-06  -.37E-06  -.37E-06
   81      .0      .0    45.0  -.37E-06  -.37E-06  -.37E-06  -.37E-06
   85      .0      .0    44.0  -.37E-06  -.37E-06  -.37E-06  -.37E-06
   89      .0      .0    43.0  -.37E-06  -.37E-06  -.37E-06  -.37E-06
   93      .0      .0    42.0  -.37E-06  -.37E-06  -.37E-06  -.37E-06
   97      .0      .0    41.0  -.37E-06  -.37E-06  -.37E-06  -.37E-06
  101      .0      .0    40.0  -.37E-06  -.37E-06  -.37E-06  -.37E-06
  105      .0      .0    39.0  -.37E-06  -.37E-06  -.37E-06  -.37E-06
  109      .0      .0    38.0  -.37E-06  -.37E-06  -.37E-06  -.37E-06
  113      .0      .0    37.0  -.37E-06  -.37E-06  -.37E-06  -.37E-06
  117      .0      .0    36.0  -.37E-06  -.37E-06  -.37E-06  -.37E-06
  121      .0      .0    35.0  -.37E-06  -.37E-06  -.37E-06  -.37E-06
  125      .0      .0    34.0  -.37E-06  -.37E-06  -.37E-06  -.37E-06
  129      .0      .0    33.0  -.37E-06  -.37E-06  -.37E-06  -.37E-06
  133      .0      .0    32.0  -.37E-06  -.37E-06  -.37E-06  -.37E-06
  137      .0      .0    31.0  -.37E-06  -.37E-06  -.37E-06  -.37E-06
  141      .0      .0    30.0  -.37E-06  -.37E-06  -.37E-06  -.37E-06
  145      .0      .0    29.0  -.37E-06  -.37E-06  -.37E-06  -.37E-06
  149      .0      .0    28.0  -.37E-06  -.37E-06  -.37E-06  -.37E-06
  153      .0      .0    27.0  -.37E-06  -.37E-06  -.37E-06  -.37E-06
  157      .0      .0    26.0  -.37E-06  -.37E-06  -.37E-06  -.37E-06
  161      .0      .0    25.0  -.37E-06  -.37E-06  -.37E-06  -.37E-06
  165      .0      .0    24.0  -.37E-06  -.37E-06  -.37E-06  -.37E-06
  169      .0      .0    23.0  -.37E-06  -.37E-06  -.37E-06  -.37E-06
  173      .0      .0    22.0  -.37E-06  -.37E-06  -.37E-06  -.37E-06
  177      .0      .0    21.0  -.37E-06  -.37E-06  -.37E-06  -.37E-06
  181      .0      .0    20.0  -.37E-06  -.37E-06  -.37E-06  -.37E-06
  185      .0      .0    18.0  -.37E-06  -.37E-06  -.37E-06  -.37E-06
  189      .0      .0    16.0  -.37E-06  -.37E-06  -.37E-06  -.37E-06
  193      .0      .0    14.0  -.37E-06  -.37E-06  -.37E-06  -.37E-06
  197      .0      .0    12.0  -.37E-06  -.37E-06  -.37E-06  -.37E-06
  201      .0      .0    10.0  -.37E-06  -.37E-06  -.37E-06  -.37E-06
  205      .0      .0     8.0  -.37E-06  -.37E-06  -.37E-06  -.37E-06
  209      .0      .0     6.0  -.37E-06  -.37E-06  -.37E-06  -.37E-06
  213      .0      .0     4.0  -.37E-06  -.37E-06  -.37E-06  -.37E-06
  217      .0      .0     2.0  -.37E-06  -.37E-06  -.37E-06  -.37E-06
  221      .0      .0      .0  -.36E-06  -.36E-06  -.36E-06  -.36E-06


 Time  ***    900.0000 ***

    n    x(n)  y(n)  z(n)     vz(n)     vz(n+1) ...

    1      .0      .0    61.0  -.21E-02  -.21E-02  -.21E-02  -.21E-02
    5      .0      .0    60.8  -.21E-02  -.21E-02  -.21E-02  -.21E-02
    9      .0      .0    60.5  -.21E-02  -.21E-02  -.21E-02  -.21E-02
   13      .0      .0    60.3  -.21E-02  -.21E-02  -.21E-02  -.21E-02
   17      .0      .0    60.0  -.21E-02  -.21E-02  -.21E-02  -.21E-02
   21      .0      .0    59.5  -.21E-02  -.21E-02  -.21E-02  -.21E-02
   25      .0      .0    59.0  -.21E-02  -.21E-02  -.21E-02  -.21E-02
   29      .0      .0    58.0  -.21E-02  -.21E-02  -.21E-02  -.21E-02
   33      .0      .0    57.0  -.21E-02  -.21E-02  -.21E-02  -.21E-02
   37      .0      .0    56.0  -.21E-02  -.21E-02  -.21E-02  -.21E-02
   41      .0      .0    55.0  -.20E-02  -.20E-02  -.20E-02  -.20E-02
   45      .0      .0    54.0  -.20E-02  -.20E-02  -.20E-02  -.20E-02
   49      .0      .0    53.0  -.20E-02  -.20E-02  -.20E-02  -.20E-02
   53      .0      .0    52.0  -.20E-02  -.20E-02  -.20E-02  -.20E-02
   57      .0      .0    51.0  -.19E-02  -.19E-02  -.19E-02  -.19E-02
   61      .0      .0    50.0  -.18E-02  -.18E-02  -.18E-02  -.18E-02
   65      .0      .0    49.0  -.17E-02  -.17E-02  -.17E-02  -.17E-02
   69      .0      .0    48.0  -.15E-02  -.16E-02  -.16E-02  -.15E-02
   73      .0      .0    47.0  -.14E-02  -.13E-02  -.13E-02  -.14E-02
   77      .0      .0    46.0  -.86E-03  -.93E-03  -.93E-03  -.86E-03
   81      .0      .0    45.0  -.31E-03  -.29E-03  -.29E-03  -.31E-03
   85      .0      .0    44.0  -.30E-04  -.28E-04  -.28E-04  -.30E-04
   89      .0      .0    43.0  -.46E-05  -.46E-05  -.46E-05  -.46E-05
   93      .0      .0    42.0  -.57E-06  -.59E-06  -.59E-06  -.57E-06
   97      .0      .0    41.0  -.38E-06  -.38E-06  -.38E-06  -.38E-06
  101      .0      .0    40.0  -.37E-06  -.37E-06  -.37E-06  -.37E-06
  105      .0      .0    39.0  -.37E-06  -.37E-06  -.37E-06  -.37E-06
  109      .0      .0    38.0  -.37E-06  -.37E-06  -.37E-06  -.37E-06
  113      .0      .0    37.0  -.37E-06  -.37E-06  -.37E-06  -.37E-06
  117      .0      .0    36.0  -.37E-06  -.37E-06  -.37E-06  -.37E-06
  121      .0      .0    35.0  -.37E-06  -.37E-06  -.37E-06  -.37E-06
  125      .0      .0    34.0  -.37E-06  -.37E-06  -.37E-06  -.37E-06
  129      .0      .0    33.0  -.37E-06  -.37E-06  -.37E-06  -.37E-06
  133      .0      .0    32.0  -.37E-06  -.37E-06  -.37E-06  -.37E-06
  137      .0      .0    31.0  -.37E-06  -.37E-06  -.37E-06  -.37E-06
  141      .0      .0    30.0  -.37E-06  -.37E-06  -.37E-06  -.37E-06
  145      .0      .0    29.0  -.37E-06  -.37E-06  -.37E-06  -.37E-06
  149      .0      .0    28.0  -.37E-06  -.37E-06  -.37E-06  -.37E-06
  153      .0      .0    27.0  -.37E-06  -.37E-06  -.37E-06  -.37E-06
  157      .0      .0    26.0  -.37E-06  -.37E-06  -.37E-06  -.37E-06
  161      .0      .0    25.0  -.37E-06  -.37E-06  -.37E-06  -.37E-06
  165      .0      .0    24.0  -.37E-06  -.37E-06  -.37E-06  -.37E-06
  169      .0      .0    23.0  -.37E-06  -.37E-06  -.37E-06  -.37E-06
  173      .0      .0    22.0  -.37E-06  -.37E-06  -.37E-06  -.37E-06
  177      .0      .0    21.0  -.37E-06  -.37E-06  -.37E-06  -.37E-06
  181      .0      .0    20.0  -.37E-06  -.37E-06  -.37E-06  -.37E-06
  185      .0      .0    18.0  -.37E-06  -.37E-06  -.37E-06  -.37E-06
  189      .0      .0    16.0  -.37E-06  -.37E-06  -.37E-06  -.37E-06
  193      .0      .0    14.0  -.37E-06  -.37E-06  -.37E-06  -.37E-06
  197      .0      .0    12.0  -.37E-06  -.37E-06  -.37E-06  -.37E-06
  201      .0      .0    10.0  -.37E-06  -.37E-06  -.37E-06  -.37E-06
  205      .0      .0     8.0  -.37E-06  -.37E-06  -.37E-06  -.37E-06
  209      .0      .0     6.0  -.37E-06  -.37E-06  -.37E-06  -.37E-06
  213      .0      .0     4.0  -.37E-06  -.37E-06  -.37E-06  -.37E-06
  217      .0      .0     2.0  -.31E-06  -.31E-06  -.31E-06  -.31E-06
  221      .0      .0      .0  -.24E-06  -.25E-06  -.25E-06  -.24E-06


 Time  ***   1800.0000 ***

    n    x(n)  y(n)  z(n)     vz(n)     vz(n+1) ...

    1      .0      .0    61.0  -.16E-02  -.16E-02  -.16E-02  -.16E-02
    5      .0      .0    60.8  -.16E-02  -.16E-02  -.16E-02  -.16E-02
    9      .0      .0    60.5  -.16E-02  -.16E-02  -.16E-02  -.16E-02
   13      .0      .0    60.3  -.16E-02  -.16E-02  -.16E-02  -.16E-02
   17      .0      .0    60.0  -.16E-02  -.16E-02  -.16E-02  -.16E-02
   21      .0      .0    59.5  -.16E-02  -.16E-02  -.16E-02  -.16E-02
   25      .0      .0    59.0  -.16E-02  -.16E-02  -.16E-02  -.16E-02
   29      .0      .0    58.0  -.16E-02  -.16E-02  -.16E-02  -.16E-02
   33      .0      .0    57.0  -.16E-02  -.16E-02  -.16E-02  -.16E-02
   37      .0      .0    56.0  -.16E-02  -.16E-02  -.16E-02  -.16E-02
   41      .0      .0    55.0  -.16E-02  -.16E-02  -.16E-02  -.16E-02
   45      .0      .0    54.0  -.16E-02  -.16E-02  -.16E-02  -.16E-02
   49      .0      .0    53.0  -.16E-02  -.16E-02  -.16E-02  -.16E-02
   53      .0      .0    52.0  -.16E-02  -.16E-02  -.16E-02  -.16E-02
   57      .0      .0    51.0  -.16E-02  -.16E-02  -.16E-02  -.16E-02
   61      .0      .0    50.0  -.15E-02  -.15E-02  -.15E-02  -.15E-02
   65      .0      .0    49.0  -.15E-02  -.15E-02  -.15E-02  -.15E-02
   69      .0      .0    48.0  -.15E-02  -.15E-02  -.15E-02  -.15E-02
   73      .0      .0    47.0  -.15E-02  -.15E-02  -.15E-02  -.15E-02
   77      .0      .0    46.0  -.15E-02  -.15E-02  -.15E-02  -.15E-02
   81      .0      .0    45.0  -.14E-02  -.14E-02  -.14E-02  -.14E-02
   85      .0      .0    44.0  -.14E-02  -.14E-02  -.14E-02  -.14E-02
   89      .0      .0    43.0  -.13E-02  -.13E-02  -.13E-02  -.13E-02
   93      .0      .0    42.0  -.12E-02  -.12E-02  -.12E-02  -.12E-02
   97      .0      .0    41.0  -.12E-02  -.11E-02  -.11E-02  -.12E-02
  101      .0      .0    40.0  -.97E-03  -.10E-02  -.10E-02  -.97E-03
  105      .0      .0    39.0  -.79E-03  -.73E-03  -.73E-03  -.79E-03
  109      .0      .0    38.0  -.40E-03  -.44E-03  -.44E-03  -.40E-03
  113      .0      .0    37.0  -.82E-04  -.85E-04  -.85E-04  -.82E-04
  117      .0      .0    36.0  -.12E-04  -.11E-04  -.11E-04  -.12E-04
  121      .0      .0    35.0  -.18E-05  -.17E-05  -.17E-05  -.18E-05
  125      .0      .0    34.0  -.44E-06  -.45E-06  -.45E-06  -.44E-06
  129      .0      .0    33.0  -.38E-06  -.38E-06  -.38E-06  -.38E-06
  133      .0      .0    32.0  -.37E-06  -.37E-06  -.37E-06  -.37E-06
  137      .0      .0    31.0  -.37E-06  -.37E-06  -.37E-06  -.37E-06
  141      .0      .0    30.0  -.37E-06  -.37E-06  -.37E-06  -.37E-06
  145      .0      .0    29.0  -.37E-06  -.37E-06  -.37E-06  -.37E-06
  149      .0      .0    28.0  -.37E-06  -.37E-06  -.37E-06  -.37E-06
  153      .0      .0    27.0  -.37E-06  -.37E-06  -.37E-06  -.37E-06
  157      .0      .0    26.0  -.37E-06  -.37E-06  -.37E-06  -.37E-06
  161      .0      .0    25.0  -.37E-06  -.37E-06  -.37E-06  -.37E-06
  165      .0      .0    24.0  -.37E-06  -.37E-06  -.37E-06  -.37E-06
  169      .0      .0    23.0  -.37E-06  -.37E-06  -.37E-06  -.37E-06
  173      .0      .0    22.0  -.37E-06  -.37E-06  -.37E-06  -.37E-06
  177      .0      .0    21.0  -.37E-06  -.37E-06  -.37E-06  -.37E-06
  181      .0      .0    20.0  -.37E-06  -.37E-06  -.37E-06  -.37E-06
  185      .0      .0    18.0  -.37E-06  -.37E-06  -.37E-06  -.37E-06
  189      .0      .0    16.0  -.37E-06  -.37E-06  -.37E-06  -.37E-06
  193      .0      .0    14.0  -.37E-06  -.37E-06  -.37E-06  -.37E-06
  197      .0      .0    12.0  -.37E-06  -.37E-06  -.37E-06  -.37E-06
  201      .0      .0    10.0  -.37E-06  -.37E-06  -.37E-06  -.37E-06
  205      .0      .0     8.0  -.37E-06  -.37E-06  -.37E-06  -.37E-06
  209      .0      .0     6.0  -.37E-06  -.37E-06  -.37E-06  -.37E-06
  213      .0      .0     4.0  -.35E-06  -.35E-06  -.35E-06  -.35E-06
  217      .0      .0     2.0  -.26E-06  -.26E-06  -.26E-06  -.26E-06
  221      .0      .0      .0  -.18E-06  -.19E-06  -.19E-06  -.18E-06


 Time  ***   2700.0000 ***

    n    x(n)  y(n)  z(n)     vz(n)     vz(n+1) ...

    1      .0      .0    61.0  -.14E-02  -.14E-02  -.14E-02  -.14E-02
    5      .0      .0    60.8  -.14E-02  -.14E-02  -.14E-02  -.14E-02
    9      .0      .0    60.5  -.14E-02  -.14E-02  -.14E-02  -.14E-02
   13      .0      .0    60.3  -.14E-02  -.14E-02  -.14E-02  -.14E-02
   17      .0      .0    60.0  -.14E-02  -.14E-02  -.14E-02  -.14E-02
   21      .0      .0    59.5  -.14E-02  -.14E-02  -.14E-02  -.14E-02
   25      .0      .0    59.0  -.14E-02  -.14E-02  -.14E-02  -.14E-02
   29      .0      .0    58.0  -.14E-02  -.14E-02  -.14E-02  -.14E-02
   33      .0      .0    57.0  -.14E-02  -.14E-02  -.14E-02  -.14E-02
   37      .0      .0    56.0  -.14E-02  -.14E-02  -.14E-02  -.14E-02
   41      .0      .0    55.0  -.14E-02  -.14E-02  -.14E-02  -.14E-02
   45      .0      .0    54.0  -.14E-02  -.14E-02  -.14E-02  -.14E-02
   49      .0      .0    53.0  -.14E-02  -.14E-02  -.14E-02  -.14E-02
   53      .0      .0    52.0  -.14E-02  -.14E-02  -.14E-02  -.14E-02
   57      .0      .0    51.0  -.14E-02  -.14E-02  -.14E-02  -.14E-02
   61      .0      .0    50.0  -.14E-02  -.14E-02  -.14E-02  -.14E-02
   65      .0      .0    49.0  -.14E-02  -.14E-02  -.14E-02  -.14E-02
   69      .0      .0    48.0  -.14E-02  -.14E-02  -.14E-02  -.14E-02
   73      .0      .0    47.0  -.14E-02  -.14E-02  -.14E-02  -.14E-02
   77      .0      .0    46.0  -.13E-02  -.13E-02  -.13E-02  -.13E-02
   81      .0      .0    45.0  -.13E-02  -.13E-02  -.13E-02  -.13E-02
   85      .0      .0    44.0  -.13E-02  -.13E-02  -.13E-02  -.13E-02
   89      .0      .0    43.0  -.13E-02  -.13E-02  -.13E-02  -.13E-02
   93      .0      .0    42.0  -.13E-02  -.13E-02  -.13E-02  -.13E-02
   97      .0      .0    41.0  -.13E-02  -.13E-02  -.13E-02  -.13E-02
  101      .0      .0    40.0  -.12E-02  -.12E-02  -.12E-02  -.12E-02
  105      .0      .0    39.0  -.12E-02  -.12E-02  -.12E-02  -.12E-02
  109      .0      .0    38.0  -.11E-02  -.12E-02  -.12E-02  -.11E-02
  113      .0      .0    37.0  -.11E-02  -.11E-02  -.11E-02  -.11E-02
  117      .0      .0    36.0  -.10E-02  -.10E-02  -.10E-02  -.10E-02
  121      .0      .0    35.0  -.95E-03  -.93E-03  -.93E-03  -.95E-03
  125      .0      .0    34.0  -.81E-03  -.83E-03  -.83E-03  -.81E-03
  129      .0      .0    33.0  -.66E-03  -.62E-03  -.62E-03  -.66E-03
  133      .0      .0    32.0  -.37E-03  -.40E-03  -.40E-03  -.37E-03
  137      .0      .0    31.0  -.10E-03  -.10E-03  -.10E-03  -.10E-03
  141      .0      .0    30.0  -.15E-04  -.14E-04  -.14E-04  -.15E-04
  145      .0      .0    29.0  -.27E-05  -.27E-05  -.27E-05  -.27E-05
  149      .0      .0    28.0  -.52E-06  -.54E-06  -.54E-06  -.52E-06
  153      .0      .0    27.0  -.39E-06  -.38E-06  -.38E-06  -.39E-06
  157      .0      .0    26.0  -.38E-06  -.38E-06  -.38E-06  -.38E-06
  161      .0      .0    25.0  -.37E-06  -.37E-06  -.37E-06  -.37E-06
  165      .0      .0    24.0  -.37E-06  -.37E-06  -.37E-06  -.37E-06
  169      .0      .0    23.0  -.37E-06  -.37E-06  -.37E-06  -.37E-06
  173      .0      .0    22.0  -.37E-06  -.37E-06  -.37E-06  -.37E-06
  177      .0      .0    21.0  -.37E-06  -.37E-06  -.37E-06  -.37E-06
  181      .0      .0    20.0  -.37E-06  -.37E-06  -.37E-06  -.37E-06
  185      .0      .0    18.0  -.37E-06  -.37E-06  -.37E-06  -.37E-06
  189      .0      .0    16.0  -.37E-06  -.37E-06  -.37E-06  -.37E-06
  193      .0      .0    14.0  -.37E-06  -.37E-06  -.37E-06  -.37E-06
  197      .0      .0    12.0  -.37E-06  -.37E-06  -.37E-06  -.37E-06
  201      .0      .0    10.0  -.37E-06  -.37E-06  -.37E-06  -.37E-06
  205      .0      .0     8.0  -.37E-06  -.37E-06  -.37E-06  -.37E-06
  209      .0      .0     6.0  -.37E-06  -.37E-06  -.37E-06  -.37E-06
  213      .0      .0     4.0  -.34E-06  -.34E-06  -.34E-06  -.34E-06
  217      .0      .0     2.0  -.23E-06  -.23E-06  -.23E-06  -.23E-06
  221      .0      .0      .0  -.14E-06  -.15E-06  -.15E-06  -.14E-06


 Time  ***   3600.0000 ***

    n    x(n)  y(n)  z(n)     vz(n)     vz(n+1) ...

    1      .0      .0    61.0  -.13E-02  -.13E-02  -.13E-02  -.13E-02
    5      .0      .0    60.8  -.13E-02  -.13E-02  -.13E-02  -.13E-02
    9      .0      .0    60.5  -.13E-02  -.13E-02  -.13E-02  -.13E-02
   13      .0      .0    60.3  -.13E-02  -.13E-02  -.13E-02  -.13E-02
   17      .0      .0    60.0  -.13E-02  -.13E-02  -.13E-02  -.13E-02
   21      .0      .0    59.5  -.13E-02  -.13E-02  -.13E-02  -.13E-02
   25      .0      .0    59.0  -.13E-02  -.13E-02  -.13E-02  -.13E-02
   29      .0      .0    58.0  -.13E-02  -.13E-02  -.13E-02  -.13E-02
   33      .0      .0    57.0  -.13E-02  -.13E-02  -.13E-02  -.13E-02
   37      .0      .0    56.0  -.13E-02  -.13E-02  -.13E-02  -.13E-02
   41      .0      .0    55.0  -.13E-02  -.13E-02  -.13E-02  -.13E-02
   45      .0      .0    54.0  -.13E-02  -.13E-02  -.13E-02  -.13E-02
   49      .0      .0    53.0  -.13E-02  -.13E-02  -.13E-02  -.13E-02
   53      .0      .0    52.0  -.13E-02  -.13E-02  -.13E-02  -.13E-02
   57      .0      .0    51.0  -.13E-02  -.13E-02  -.13E-02  -.13E-02
   61      .0      .0    50.0  -.13E-02  -.13E-02  -.13E-02  -.13E-02
   65      .0      .0    49.0  -.13E-02  -.13E-02  -.13E-02  -.13E-02
   69      .0      .0    48.0  -.13E-02  -.13E-02  -.13E-02  -.13E-02
   73      .0      .0    47.0  -.13E-02  -.13E-02  -.13E-02  -.13E-02
   77      .0      .0    46.0  -.13E-02  -.13E-02  -.13E-02  -.13E-02
   81      .0      .0    45.0  -.13E-02  -.13E-02  -.13E-02  -.13E-02
   85      .0      .0    44.0  -.12E-02  -.12E-02  -.12E-02  -.12E-02
   89      .0      .0    43.0  -.12E-02  -.12E-02  -.12E-02  -.12E-02
   93      .0      .0    42.0  -.12E-02  -.12E-02  -.12E-02  -.12E-02
   97      .0      .0    41.0  -.12E-02  -.12E-02  -.12E-02  -.12E-02
  101      .0      .0    40.0  -.12E-02  -.12E-02  -.12E-02  -.12E-02
  105      .0      .0    39.0  -.12E-02  -.12E-02  -.12E-02  -.12E-02
  109      .0      .0    38.0  -.12E-02  -.12E-02  -.12E-02  -.12E-02
  113      .0      .0    37.0  -.11E-02  -.11E-02  -.11E-02  -.11E-02
  117      .0      .0    36.0  -.11E-02  -.11E-02  -.11E-02  -.11E-02
  121      .0      .0    35.0  -.11E-02  -.11E-02  -.11E-02  -.11E-02
  125      .0      .0    34.0  -.11E-02  -.11E-02  -.11E-02  -.11E-02
  129      .0      .0    33.0  -.10E-02  -.10E-02  -.10E-02  -.10E-02
  133      .0      .0    32.0  -.99E-03  -.99E-03  -.99E-03  -.99E-03
  137      .0      .0    31.0  -.94E-03  -.93E-03  -.93E-03  -.94E-03
  141      .0      .0    30.0  -.86E-03  -.87E-03  -.87E-03  -.86E-03
  145      .0      .0    29.0  -.77E-03  -.75E-03  -.75E-03  -.77E-03
  149      .0      .0    28.0  -.63E-03  -.65E-03  -.65E-03  -.63E-03
  153      .0      .0    27.0  -.47E-03  -.44E-03  -.44E-03  -.47E-03
  157      .0      .0    26.0  -.20E-03  -.20E-03  -.20E-03  -.20E-03
  161      .0      .0    25.0  -.34E-04  -.36E-04  -.36E-04  -.34E-04
  165      .0      .0    24.0  -.67E-05  -.66E-05  -.66E-05  -.67E-05
  169      .0      .0    23.0  -.11E-05  -.10E-05  -.10E-05  -.11E-05
  173      .0      .0    22.0  -.42E-06  -.43E-06  -.43E-06  -.42E-06
  177      .0      .0    21.0  -.38E-06  -.38E-06  -.38E-06  -.38E-06
  181      .0      .0    20.0  -.37E-06  -.37E-06  -.37E-06  -.37E-06
  185      .0      .0    18.0  -.37E-06  -.37E-06  -.37E-06  -.37E-06
  189      .0      .0    16.0  -.37E-06  -.37E-06  -.37E-06  -.37E-06
  193      .0      .0    14.0  -.37E-06  -.37E-06  -.37E-06  -.37E-06
  197      .0      .0    12.0  -.37E-06  -.37E-06  -.37E-06  -.37E-06
  201      .0      .0    10.0  -.37E-06  -.37E-06  -.37E-06  -.37E-06
  205      .0      .0     8.0  -.37E-06  -.37E-06  -.37E-06  -.37E-06
  209      .0      .0     6.0  -.36E-06  -.36E-06  -.36E-06  -.36E-06
  213      .0      .0     4.0  -.32E-06  -.32E-06  -.32E-06  -.32E-06
  217      .0      .0     2.0  -.21E-06  -.21E-06  -.21E-06  -.21E-06
  221      .0      .0      .0  -.12E-06  -.12E-06  -.12E-06  -.12E-06


 Time  ***   5400.0000 ***

    n    x(n)  y(n)  z(n)     vz(n)     vz(n+1) ...

    1      .0      .0    61.0  -.12E-02  -.12E-02  -.12E-02  -.12E-02
    5      .0      .0    60.8  -.12E-02  -.12E-02  -.12E-02  -.12E-02
    9      .0      .0    60.5  -.12E-02  -.12E-02  -.12E-02  -.12E-02
   13      .0      .0    60.3  -.12E-02  -.12E-02  -.12E-02  -.12E-02
   17      .0      .0    60.0  -.12E-02  -.12E-02  -.12E-02  -.12E-02
   21      .0      .0    59.5  -.12E-02  -.12E-02  -.12E-02  -.12E-02
   25      .0      .0    59.0  -.12E-02  -.12E-02  -.12E-02  -.12E-02
   29      .0      .0    58.0  -.12E-02  -.12E-02  -.12E-02  -.12E-02
   33      .0      .0    57.0  -.12E-02  -.12E-02  -.12E-02  -.12E-02
   37      .0      .0    56.0  -.12E-02  -.12E-02  -.12E-02  -.12E-02
   41      .0      .0    55.0  -.12E-02  -.12E-02  -.12E-02  -.12E-02
   45      .0      .0    54.0  -.12E-02  -.12E-02  -.12E-02  -.12E-02
   49      .0      .0    53.0  -.12E-02  -.12E-02  -.12E-02  -.12E-02
   53      .0      .0    52.0  -.12E-02  -.12E-02  -.12E-02  -.12E-02
   57      .0      .0    51.0  -.12E-02  -.12E-02  -.12E-02  -.12E-02
   61      .0      .0    50.0  -.12E-02  -.12E-02  -.12E-02  -.12E-02
   65      .0      .0    49.0  -.12E-02  -.12E-02  -.12E-02  -.12E-02
   69      .0      .0    48.0  -.12E-02  -.12E-02  -.12E-02  -.12E-02
   73      .0      .0    47.0  -.12E-02  -.12E-02  -.12E-02  -.12E-02
   77      .0      .0    46.0  -.12E-02  -.12E-02  -.12E-02  -.12E-02
   81      .0      .0    45.0  -.12E-02  -.12E-02  -.12E-02  -.12E-02
   85      .0      .0    44.0  -.11E-02  -.11E-02  -.11E-02  -.11E-02
   89      .0      .0    43.0  -.11E-02  -.11E-02  -.11E-02  -.11E-02
   93      .0      .0    42.0  -.11E-02  -.11E-02  -.11E-02  -.11E-02
   97      .0      .0    41.0  -.11E-02  -.11E-02  -.11E-02  -.11E-02
  101      .0      .0    40.0  -.11E-02  -.11E-02  -.11E-02  -.11E-02
  105      .0      .0    39.0  -.11E-02  -.11E-02  -.11E-02  -.11E-02
  109      .0      .0    38.0  -.11E-02  -.11E-02  -.11E-02  -.11E-02
  113      .0      .0    37.0  -.11E-02  -.11E-02  -.11E-02  -.11E-02
  117      .0      .0    36.0  -.11E-02  -.11E-02  -.11E-02  -.11E-02
  121      .0      .0    35.0  -.11E-02  -.11E-02  -.11E-02  -.11E-02
  125      .0      .0    34.0  -.11E-02  -.11E-02  -.11E-02  -.11E-02
  129      .0      .0    33.0  -.11E-02  -.11E-02  -.11E-02  -.11E-02
  133      .0      .0    32.0  -.11E-02  -.11E-02  -.11E-02  -.11E-02
  137      .0      .0    31.0  -.10E-02  -.10E-02  -.10E-02  -.10E-02
  141      .0      .0    30.0  -.10E-02  -.10E-02  -.10E-02  -.10E-02
  145      .0      .0    29.0  -.10E-02  -.10E-02  -.10E-02  -.10E-02
  149      .0      .0    28.0  -.10E-02  -.10E-02  -.10E-02  -.10E-02
  153      .0      .0    27.0  -.99E-03  -.99E-03  -.99E-03  -.99E-03
  157      .0      .0    26.0  -.97E-03  -.97E-03  -.97E-03  -.97E-03
  161      .0      .0    25.0  -.95E-03  -.94E-03  -.94E-03  -.95E-03
  165      .0      .0    24.0  -.91E-03  -.92E-03  -.92E-03  -.91E-03
  169      .0      .0    23.0  -.89E-03  -.88E-03  -.88E-03  -.89E-03
  173      .0      .0    22.0  -.83E-03  -.84E-03  -.84E-03  -.83E-03
  177      .0      .0    21.0  -.79E-03  -.78E-03  -.78E-03  -.79E-03
  181      .0      .0    20.0  -.76E-03  -.78E-03  -.78E-03  -.76E-03
  185      .0      .0    18.0  -.48E-03  -.46E-03  -.46E-03  -.48E-03
  189      .0      .0    16.0  -.11E-03  -.11E-03  -.11E-03  -.11E-03
  193      .0      .0    14.0  -.96E-05  -.99E-05  -.99E-05  -.96E-05
  197      .0      .0    12.0  -.16E-05  -.16E-05  -.16E-05  -.16E-05
  201      .0      .0    10.0  -.42E-06  -.41E-06  -.41E-06  -.42E-06
  205      .0      .0     8.0  -.37E-06  -.37E-06  -.37E-06  -.37E-06
  209      .0      .0     6.0  -.35E-06  -.35E-06  -.35E-06  -.35E-06
  213      .0      .0     4.0  -.29E-06  -.29E-06  -.29E-06  -.29E-06
  217      .0      .0     2.0  -.17E-06  -.17E-06  -.17E-06  -.17E-06
  221      .0      .0      .0  -.94E-07  -.98E-07  -.98E-07  -.94E-07
