 Example 2 - Grass Field Problem (Hupselse Beek 1982)                    
 
 Program SWMS_2D
 Time dependent boundary conditions
 Vertical plane flow, V = L*L
 Units: L = cm   , T = day  , M = -    


 Time:    120.0000

    i    n    x      z    Code     Q          v           h       th      Conc
                                 [V/T]      [L/T]        [L]     [-]     [M/L3]

    1    1     .0  230.0   -4   .120E+00  -.240E+00      -84.2   .305  .000E+00
    2    2    1.0  230.0   -4   .120E+00  -.240E+00      -84.2   .305  .000E+00
    3   65     .0     .0   -3  -.627E-02   .125E-01      132.9   .339  .000E+00
    4   66    1.0     .0   -3  -.627E-02   .125E-01      132.9   .339  .000E+00


 Time:    151.0000

    i    n    x      z    Code     Q          v           h       th      Conc
                                 [V/T]      [L/T]        [L]     [-]     [M/L3]

    1    1     .0  230.0   -4   .000E+00   .000E+00     -147.0   .263  .000E+00
    2    2    1.0  230.0   -4   .000E+00   .000E+00     -147.0   .263  .000E+00
    3   65     .0     .0   -3  -.361E-02   .722E-02      110.7   .339  .000E+00
    4   66    1.0     .0   -3  -.361E-02   .722E-02      110.7   .339  .000E+00


 Time:    181.0000

    i    n    x      z    Code     Q          v           h       th      Conc
                                 [V/T]      [L/T]        [L]     [-]     [M/L3]

    1    1     .0  230.0   -4   .500E-02  -.100E-01     -110.0   .285  .000E+00
    2    2    1.0  230.0   -4   .500E-02  -.100E-01     -110.0   .285  .000E+00
    3   65     .0     .0   -3  -.304E-02   .608E-02      106.0   .339  .000E+00
    4   66    1.0     .0   -3  -.304E-02   .608E-02      106.0   .339  .000E+00


 Time:    212.0000

    i    n    x      z    Code     Q          v           h       th      Conc
                                 [V/T]      [L/T]        [L]     [-]     [M/L3]

    1    1     .0  230.0   -4   .000E+00   .000E+00     -419.0   .186  .000E+00
    2    2    1.0  230.0   -4   .000E+00   .000E+00     -419.2   .186  .000E+00
    3   65     .0     .0   -3  -.749E-03   .150E-02       52.5   .339  .000E+00
    4   66    1.0     .0   -3  -.749E-03   .150E-02       52.5   .339  .000E+00


 Time:    243.0000

    i    n    x      z    Code     Q          v           h       th      Conc
                                 [V/T]      [L/T]        [L]     [-]     [M/L3]

    1    1     .0  230.0   -4   .250E-01  -.500E-01     -204.3   .237  .000E+00
    2    2    1.0  230.0   -4   .250E-01  -.500E-01     -204.3   .237  .000E+00
    3   65     .0     .0   -3  -.370E-03   .741E-03       27.0   .339  .000E+00
    4   66    1.0     .0   -3  -.370E-03   .741E-03       27.0   .339  .000E+00


 Time:    273.0000

    i    n    x      z    Code     Q          v           h       th      Conc
                                 [V/T]      [L/T]        [L]     [-]     [M/L3]

    1    1     .0  230.0   -4   .520E+00  -.104E+01      -98.4   .293  .000E+00
    2    2    1.0  230.0   -4   .520E+00  -.104E+01      -98.4   .293  .000E+00
    3   65     .0     .0   -3  -.240E-03   .479E-03       10.6   .339  .000E+00
    4   66    1.0     .0   -3  -.240E-03   .479E-03       10.6   .339  .000E+00
