

 TLevel   Time         dt      Iter  ItCum

    1    .900E+02    .200E-01    1     1
    2    .900E+02    .258E-01    2     3
    3    .901E+02    .341E-01    2     5
    4    .901E+02    .438E-01    2     7
    5    .902E+02    .584E-01    2     9
    6    .903E+02    .744E-01    2    11
    7    .903E+02    .929E-01    2    13
    8    .905E+02    .130E+00    2    15
    9    .907E+02    .173E+00    2    17
   10    .908E+02    .173E+00    2    19
   11    .910E+02    .173E+00    2    21
   12    .910E+02    .200E-01    2    23
   13    .910E+02    .258E-01    2    25
   14    .911E+02    .341E-01    2    27
   15    .911E+02    .438E-01    2    29
   16    .912E+02    .584E-01    2    31
   17    .913E+02    .744E-01    2    33
   18    .913E+02    .929E-01    2    35
   19    .915E+02    .130E+00    2    37
   20    .917E+02    .173E+00    2    39
   21    .918E+02    .173E+00    2    41
   22    .920E+02    .173E+00    2    43
   23    .920E+02    .200E-01    2    45
   24    .920E+02    .258E-01    1    46
   25    .921E+02    .341E-01    1    47
   26    .921E+02    .438E-01    2    49
   27    .922E+02    .584E-01    2    51
   28    .923E+02    .744E-01    2    53
   29    .923E+02    .929E-01    2    55
   30    .925E+02    .130E+00    2    57
   31    .927E+02    .173E+00    2    59
   32    .928E+02    .173E+00    2    61
   33    .930E+02    .173E+00    2    63
   34    .933E+02    .250E+00    2    65
   35    .936E+02    .375E+00    2    67
   36    .940E+02    .375E+00    2    69
   37    .945E+02    .500E+00    3    72
   38    .950E+02    .500E+00    3    75
   39    .950E+02    .200E-01    2    77
   40    .950E+02    .258E-01    2    79
   41    .951E+02    .341E-01    2    81
   42    .951E+02    .438E-01    2    83
   43    .952E+02    .584E-01    2    85
   44    .953E+02    .744E-01    2    87
   45    .953E+02    .929E-01    2    89
   46    .955E+02    .130E+00    2    91
   47    .957E+02    .173E+00    2    93
   48    .958E+02    .173E+00    2    95
   49    .960E+02    .173E+00    2    97
   50    .960E+02    .200E-01    2    99
   51    .960E+02    .258E-01    2   101
   52    .961E+02    .341E-01    2   103
   53    .961E+02    .438E-01    2   105
   54    .962E+02    .584E-01    2   107
   55    .963E+02    .744E-01    2   109
   56    .963E+02    .929E-01    2   111
   57    .965E+02    .130E+00    2   113
   58    .967E+02    .173E+00    2   115
   59    .968E+02    .173E+00    2   117
   60    .970E+02    .173E+00    2   119
   61    .970E+02    .200E-01    2   121
   62    .970E+02    .258E-01    2   123
   63    .971E+02    .341E-01    2   125
   64    .971E+02    .438E-01    2   127
   65    .972E+02    .584E-01    2   129
   66    .973E+02    .744E-01    2   131
   67    .973E+02    .929E-01    2   133
   68    .975E+02    .130E+00    2   135
   69    .977E+02    .173E+00    2   137
   70    .978E+02    .173E+00    2   139
   71    .980E+02    .173E+00    2   141
   72    .980E+02    .200E-01    2   143
   73    .980E+02    .258E-01    2   145
   74    .981E+02    .341E-01    2   147
   75    .981E+02    .438E-01    2   149
   76    .982E+02    .584E-01    2   151
   77    .983E+02    .744E-01    2   153
   78    .983E+02    .929E-01    2   155
   79    .985E+02    .130E+00    2   157
   80    .987E+02    .173E+00    2   159
   81    .988E+02    .173E+00    2   161
   82    .990E+02    .173E+00    2   163
   83    .990E+02    .200E-01    2   165
   84    .990E+02    .258E-01    2   167
   85    .991E+02    .341E-01    2   169
   86    .991E+02    .438E-01    2   171
   87    .992E+02    .584E-01    2   173
   88    .993E+02    .744E-01    2   175
   89    .993E+02    .929E-01    2   177
   90    .995E+02    .130E+00    2   179
   91    .997E+02    .173E+00    2   181
   92    .998E+02    .173E+00    2   183
   93    .100E+03    .173E+00    2   185
   94    .100E+03    .200E-01    2   187
   95    .100E+03    .258E-01    2   189
   96    .100E+03    .341E-01    2   191
   97    .100E+03    .438E-01    2   193
   98    .100E+03    .584E-01    2   195
   99    .100E+03    .744E-01    2   197
  100    .100E+03    .929E-01    2   199
  101    .100E+03    .130E+00    2   201
  102    .101E+03    .173E+00    2   203
  103    .101E+03    .173E+00    2   205
  104    .101E+03    .173E+00    2   207
  105    .101E+03    .200E-01    2   209
  106    .101E+03    .258E-01    2   211
  107    .101E+03    .341E-01    2   213
  108    .101E+03    .438E-01    2   215
  109    .101E+03    .584E-01    2   217
  110    .101E+03    .744E-01    2   219
  111    .101E+03    .929E-01    2   221
  112    .101E+03    .130E+00    2   223
  113    .102E+03    .173E+00    2   225
  114    .102E+03    .173E+00    2   227
  115    .102E+03    .173E+00    2   229
  116    .102E+03    .200E-01    2   231
  117    .102E+03    .258E-01    2   233
  118    .102E+03    .341E-01    2   235
  119    .102E+03    .438E-01    2   237
  120    .102E+03    .584E-01    2   239
  121    .102E+03    .744E-01    2   241
  122    .102E+03    .929E-01    2   243
  123    .102E+03    .130E+00    2   245
  124    .103E+03    .173E+00    2   247
  125    .103E+03    .173E+00    2   249
  126    .103E+03    .173E+00    2   251
  127    .103E+03    .250E+00    2   253
  128    .104E+03    .375E+00    2   255
  129    .104E+03    .375E+00    2   257
  130    .105E+03    .500E+00    3   260
  131    .105E+03    .500E+00    3   263
  132    .106E+03    .500E+00    3   266
  133    .106E+03    .500E+00    2   268
  134    .107E+03    .500E+00    3   271
  135    .107E+03    .500E+00    3   274
  136    .108E+03    .500E+00    3   277
  137    .108E+03    .500E+00    3   280
  138    .109E+03    .500E+00    3   283
  139    .109E+03    .500E+00    3   286
  140    .110E+03    .500E+00    2   288
  141    .110E+03    .500E+00    2   290
  142    .111E+03    .500E+00    2   292
  143    .111E+03    .500E+00    2   294
  144    .112E+03    .500E+00    2   296
  145    .112E+03    .500E+00    2   298
  146    .112E+03    .200E-01    2   300
  147    .112E+03    .258E-01    2   302
  148    .112E+03    .341E-01    2   304
  149    .112E+03    .438E-01    2   306
  150    .112E+03    .584E-01    2   308
  151    .112E+03    .744E-01    2   310
  152    .112E+03    .929E-01    2   312
  153    .112E+03    .130E+00    2   314
  154    .113E+03    .173E+00    2   316
  155    .113E+03    .173E+00    2   318
  156    .113E+03    .173E+00    2   320
  157    .113E+03    .250E+00    2   322
  158    .114E+03    .375E+00    2   324
  159    .114E+03    .375E+00    2   326
  160    .115E+03    .500E+00    2   328
  161    .115E+03    .500E+00    3   331
  162    .115E+03    .200E-01    1   332
  163    .115E+03    .258E-01    1   333
  164    .115E+03    .341E-01    2   335
  165    .115E+03    .438E-01    2   337
  166    .115E+03    .584E-01    2   339
  167    .115E+03    .744E-01    2   341
  168    .115E+03    .929E-01    2   343
  169    .115E+03    .130E+00    2   345
  170    .116E+03    .173E+00    2   347
  171    .116E+03    .173E+00    2   349
  172    .116E+03    .173E+00    2   351
  173    .116E+03    .250E+00    2   353
  174    .117E+03    .375E+00    2   355
  175    .117E+03    .375E+00    2   357
  176    .117E+03    .200E-01    1   358
  177    .117E+03    .258E-01    1   359
  178    .117E+03    .341E-01    2   361
  179    .117E+03    .438E-01    2   363
  180    .117E+03    .584E-01    2   365
  181    .117E+03    .744E-01    2   367
  182    .117E+03    .929E-01    2   369
  183    .117E+03    .130E+00    2   371
  184    .118E+03    .173E+00    2   373
  185    .118E+03    .173E+00    2   375
  186    .118E+03    .173E+00    2   377
  187    .118E+03    .200E-01    2   379
  188    .118E+03    .258E-01    2   381
  189    .118E+03    .341E-01    2   383
  190    .118E+03    .438E-01    2   385
  191    .118E+03    .584E-01    2   387
  192    .118E+03    .744E-01    2   389
  193    .118E+03    .929E-01    2   391
  194    .118E+03    .130E+00    2   393
  195    .119E+03    .173E+00    2   395
  196    .119E+03    .173E+00    2   397
  197    .119E+03    .173E+00    2   399
  198    .119E+03    .200E-01    1   400
  199    .119E+03    .258E-01    1   401
  200    .119E+03    .341E-01    1   402
  201    .119E+03    .438E-01    1   403
  202    .119E+03    .584E-01    1   404
  203    .119E+03    .744E-01    1   405
  204    .119E+03    .929E-01    1   406
  205    .119E+03    .130E+00    1   407
  206    .120E+03    .173E+00    2   409
  207    .120E+03    .173E+00    2   411
  208    .120E+03    .173E+00    2   413
  209    .120E+03    .200E-01    2   415
  210    .120E+03    .258E-01    2   417
  211    .120E+03    .341E-01    2   419
  212    .120E+03    .438E-01    3   422
  213    .120E+03    .584E-01    3   425
  214    .120E+03    .744E-01    3   428
  215    .120E+03    .929E-01    3   431
  216    .120E+03    .130E+00    3   434
  217    .121E+03    .173E+00    3   437
  218    .121E+03    .173E+00    3   440
  219    .121E+03    .173E+00    3   443
  220    .121E+03    .250E+00    3   446
  221    .122E+03    .375E+00    2   448
  222    .122E+03    .375E+00    2   450
  223    .122E+03    .200E-01    2   452
  224    .122E+03    .258E-01    2   454
  225    .122E+03    .341E-01    2   456
  226    .122E+03    .438E-01    2   458
  227    .122E+03    .584E-01    2   460
  228    .122E+03    .744E-01    2   462
  229    .122E+03    .929E-01    2   464
  230    .122E+03    .130E+00    2   466
  231    .123E+03    .173E+00    2   468
  232    .123E+03    .173E+00    2   470
  233    .123E+03    .173E+00    1   471
  234    .123E+03    .200E-01    2   473
  235    .123E+03    .258E-01    1   474
  236    .123E+03    .341E-01    1   475
  237    .123E+03    .438E-01    1   476
  238    .123E+03    .584E-01    1   477
  239    .123E+03    .744E-01    1   478
  240    .123E+03    .929E-01    1   479
  241    .123E+03    .130E+00    1   480
  242    .124E+03    .173E+00    1   481
  243    .124E+03    .173E+00    1   482
  244    .124E+03    .173E+00    1   483
  245    .124E+03    .200E-01    2   485
  246    .124E+03    .258E-01    3   488
  247    .124E+03    .341E-01    3   491
  248    .124E+03    .438E-01    3   494
  249    .124E+03    .584E-01    3   497
  250    .124E+03    .744E-01    3   500
  251    .124E+03    .929E-01    3   503
  252    .124E+03    .130E+00    3   506
  253    .125E+03    .173E+00    3   509
  254    .125E+03    .173E+00    3   512
  255    .125E+03    .173E+00    3   515
  256    .125E+03    .200E-01    3   518
  257    .125E+03    .258E-01    3   521
  258    .125E+03    .341E-01    3   524
  259    .125E+03    .438E-01    3   527
  260    .125E+03    .584E-01    3   530
  261    .125E+03    .744E-01    3   533
  262    .125E+03    .929E-01    3   536
  263    .125E+03    .130E+00    3   539
  264    .126E+03    .173E+00    3   542
  265    .126E+03    .173E+00    3   545
  266    .126E+03    .173E+00    3   548
  267    .126E+03    .200E-01    2   550
  268    .126E+03    .258E-01    2   552
  269    .126E+03    .341E-01    2   554
  270    .126E+03    .438E-01    2   556
  271    .126E+03    .584E-01    2   558
  272    .126E+03    .744E-01    2   560
  273    .126E+03    .929E-01    3   563
  274    .126E+03    .130E+00    3   566
  275    .127E+03    .173E+00    3   569
  276    .127E+03    .173E+00    3   572
  277    .127E+03    .173E+00    3   575
  278    .127E+03    .250E+00    2   577
  279    .128E+03    .375E+00    2   579
  280    .128E+03    .375E+00    2   581
  281    .129E+03    .500E+00    2   583
  282    .129E+03    .500E+00    3   586
  283    .130E+03    .500E+00    3   589
  284    .130E+03    .500E+00    3   592
  285    .131E+03    .500E+00    3   595
  286    .131E+03    .500E+00    3   598
  287    .132E+03    .500E+00    3   601
  288    .132E+03    .500E+00    3   604
  289    .133E+03    .500E+00    3   607
  290    .133E+03    .500E+00    3   610
  291    .134E+03    .500E+00    3   613
  292    .134E+03    .500E+00    3   616
  293    .135E+03    .500E+00    3   619
  294    .135E+03    .500E+00    3   622
  295    .136E+03    .500E+00    3   625
  296    .136E+03    .500E+00    3   628
  297    .136E+03    .200E-01    2   630
  298    .136E+03    .258E-01    2   632
  299    .136E+03    .341E-01    2   634
  300    .136E+03    .438E-01    2   636
  301    .136E+03    .584E-01    2   638
  302    .136E+03    .744E-01    2   640
  303    .136E+03    .929E-01    2   642
  304    .136E+03    .130E+00    2   644
  305    .137E+03    .173E+00    2   646
  306    .137E+03    .173E+00    2   648
  307    .137E+03    .173E+00    2   650
  308    .137E+03    .200E-01    2   652
  309    .137E+03    .258E-01    2   654
  310    .137E+03    .341E-01    2   656
  311    .137E+03    .438E-01    2   658
  312    .137E+03    .584E-01    2   660
  313    .137E+03    .744E-01    2   662
  314    .137E+03    .929E-01    2   664
  315    .137E+03    .130E+00    2   666
  316    .138E+03    .173E+00    2   668
  317    .138E+03    .173E+00    2   670
  318    .138E+03    .173E+00    2   672
  319    .138E+03    .200E-01    2   674
  320    .138E+03    .258E-01    2   676
  321    .138E+03    .341E-01    2   678
  322    .138E+03    .438E-01    2   680
  323    .138E+03    .584E-01    2   682
  324    .138E+03    .744E-01    2   684
  325    .138E+03    .929E-01    2   686
  326    .138E+03    .130E+00    2   688
  327    .139E+03    .173E+00    2   690
  328    .139E+03    .173E+00    2   692
  329    .139E+03    .173E+00    2   694
  330    .139E+03    .200E-01    2   696
  331    .139E+03    .258E-01    2   698
  332    .139E+03    .341E-01    2   700
  333    .139E+03    .438E-01    2   702
  334    .139E+03    .584E-01    2   704
  335    .139E+03    .744E-01    2   706
  336    .139E+03    .929E-01    2   708
  337    .139E+03    .130E+00    2   710
  338    .140E+03    .173E+00    2   712
  339    .140E+03    .173E+00    2   714
  340    .140E+03    .173E+00    2   716
  341    .140E+03    .250E+00    2   718
  342    .141E+03    .375E+00    2   720
  343    .141E+03    .375E+00    2   722
  344    .141E+03    .200E-01    2   724
  345    .141E+03    .258E-01    2   726
  346    .141E+03    .341E-01    2   728
  347    .141E+03    .438E-01    2   730
  348    .141E+03    .584E-01    2   732
  349    .141E+03    .744E-01    2   734
  350    .141E+03    .929E-01    2   736
  351    .141E+03    .130E+00    2   738
  352    .142E+03    .173E+00    2   740
  353    .142E+03    .173E+00    2   742
  354    .142E+03    .173E+00    2   744
  355    .142E+03    .200E-01    2   746
  356    .142E+03    .258E-01    1   747
  357    .142E+03    .341E-01    1   748
  358    .142E+03    .438E-01    1   749
  359    .142E+03    .584E-01    1   750
  360    .142E+03    .744E-01    1   751
  361    .142E+03    .929E-01    1   752
  362    .142E+03    .130E+00    1   753
  363    .143E+03    .173E+00    1   754
  364    .143E+03    .173E+00    1   755
  365    .143E+03    .173E+00    1   756
  366    .143E+03    .200E-01    2   758
  367    .143E+03    .258E-01    2   760
  368    .143E+03    .341E-01    2   762
  369    .143E+03    .438E-01    2   764
  370    .143E+03    .584E-01    2   766
  371    .143E+03    .744E-01    2   768
  372    .143E+03    .929E-01    2   770
  373    .143E+03    .130E+00    2   772
  374    .144E+03    .173E+00    2   774
  375    .144E+03    .173E+00    2   776
  376    .144E+03    .173E+00    2   778
  377    .144E+03    .250E+00    2   780
  378    .145E+03    .375E+00    2   782
  379    .145E+03    .375E+00    2   784
  380    .146E+03    .500E+00    3   787
  381    .146E+03    .500E+00    3   790
  382    .146E+03    .200E-01    2   792
  383    .146E+03    .258E-01    2   794
  384    .146E+03    .341E-01    2   796
  385    .146E+03    .438E-01    2   798
  386    .146E+03    .584E-01    2   800
  387    .146E+03    .744E-01    2   802
  388    .146E+03    .929E-01    2   804
  389    .146E+03    .130E+00    2   806
  390    .147E+03    .173E+00    2   808
  391    .147E+03    .173E+00    2   810
  392    .147E+03    .173E+00    2   812
  393    .147E+03    .200E-01    2   814
  394    .147E+03    .258E-01    2   816
  395    .147E+03    .341E-01    2   818
  396    .147E+03    .438E-01    2   820
  397    .147E+03    .584E-01    2   822
  398    .147E+03    .744E-01    2   824
  399    .147E+03    .929E-01    2   826
  400    .147E+03    .130E+00    2   828
  401    .148E+03    .173E+00    2   830
  402    .148E+03    .173E+00    2   832
  403    .148E+03    .173E+00    2   834
  404    .148E+03    .250E+00    2   836
  405    .149E+03    .375E+00    2   838
  406    .149E+03    .375E+00    2   840
  407    .150E+03    .500E+00    3   843
  408    .150E+03    .500E+00    3   846
  409    .151E+03    .500E+00    3   849
  410    .151E+03    .500E+00    3   852
  411    .152E+03    .500E+00    3   855
  412    .152E+03    .500E+00    3   858
  413    .153E+03    .500E+00    3   861
  414    .153E+03    .500E+00    3   864
  415    .154E+03    .500E+00    3   867
  416    .154E+03    .500E+00    3   870
  417    .155E+03    .500E+00    2   872
  418    .155E+03    .500E+00    3   875
  419    .156E+03    .500E+00    3   878
  420    .156E+03    .500E+00    3   881
  421    .156E+03    .200E-01    3   884
  422    .156E+03    .258E-01    3   887
  423    .156E+03    .341E-01    3   890
  424    .156E+03    .438E-01    3   893
  425    .156E+03    .584E-01    3   896
  426    .156E+03    .744E-01    3   899
  427    .156E+03    .929E-01    3   902
  428    .156E+03    .130E+00    4   906
  429    .157E+03    .130E+00    3   909
  430    .157E+03    .195E+00    4   913
  431    .157E+03    .195E+00    4   917
  432    .157E+03    .200E-01    2   919
  433    .157E+03    .196E+00    3   922
  434    .157E+03    .261E+00    3   925
  435    .158E+03    .261E+00    2   927
  436    .158E+03    .261E+00    2   929
  437    .159E+03    .500E+00    2   931
  438    .159E+03    .500E+00    2   933
  439    .160E+03    .500E+00    2   935
  440    .160E+03    .500E+00    2   937
  441    .161E+03    .500E+00    2   939
  442    .161E+03    .500E+00    2   941
  443    .161E+03    .200E-01    2   943
  444    .161E+03    .258E-01    2   945
  445    .161E+03    .341E-01    2   947
  446    .161E+03    .438E-01    2   949
  447    .161E+03    .584E-01    2   951
  448    .161E+03    .744E-01    2   953
  449    .161E+03    .929E-01    2   955
  450    .161E+03    .130E+00    2   957
  451    .162E+03    .173E+00    2   959
  452    .162E+03    .173E+00    2   961
  453    .162E+03    .173E+00    2   963
  454    .162E+03    .200E-01    3   966
  455    .162E+03    .258E-01    3   969
  456    .162E+03    .341E-01    3   972
  457    .162E+03    .438E-01    3   975
  458    .162E+03    .584E-01    3   978
  459    .162E+03    .744E-01    3   981
  460    .162E+03    .929E-01    3   984
  461    .162E+03    .130E+00    3   987
  462    .163E+03    .173E+00    3   990
  463    .163E+03    .173E+00    3   993
  464    .163E+03    .173E+00    3   996
  465    .163E+03    .200E-01    2   998
  466    .163E+03    .258E-01    2  1000
  467    .163E+03    .341E-01    2  1002
  468    .163E+03    .438E-01    2  1004
  469    .163E+03    .584E-01    2  1006
  470    .163E+03    .744E-01    2  1008
  471    .163E+03    .929E-01    2  1010
  472    .163E+03    .130E+00    3  1013
  473    .164E+03    .173E+00    3  1016
  474    .164E+03    .173E+00    3  1019
  475    .164E+03    .173E+00    3  1022
  476    .164E+03    .200E-01    2  1024
  477    .164E+03    .258E-01    2  1026
  478    .164E+03    .341E-01    2  1028
  479    .164E+03    .438E-01    2  1030
  480    .164E+03    .584E-01    2  1032
  481    .164E+03    .744E-01    2  1034
  482    .164E+03    .929E-01    2  1036
  483    .164E+03    .130E+00    2  1038
  484    .165E+03    .173E+00    2  1040
  485    .165E+03    .173E+00    2  1042
  486    .165E+03    .173E+00    2  1044
  487    .165E+03    .250E+00    2  1046
  488    .166E+03    .375E+00    2  1048
  489    .166E+03    .375E+00    2  1050
  490    .166E+03    .200E-01    3  1053
  491    .166E+03    .258E-01    3  1056
  492    .166E+03    .341E-01    3  1059
  493    .166E+03    .438E-01    3  1062
  494    .166E+03    .584E-01    3  1065
  495    .166E+03    .744E-01    3  1068
  496    .166E+03    .929E-01    3  1071
  497    .166E+03    .130E+00    3  1074
  498    .167E+03    .173E+00    3  1077
  499    .167E+03    .173E+00    3  1080
  500    .167E+03    .173E+00    3  1083
  501    .167E+03    .250E+00    3  1086
  502    .168E+03    .375E+00    3  1089
  503    .168E+03    .375E+00    2  1091
  504    .168E+03    .200E-01    2  1093
  505    .168E+03    .258E-01    2  1095
  506    .168E+03    .341E-01    2  1097
  507    .168E+03    .438E-01    2  1099
  508    .168E+03    .584E-01    2  1101
  509    .168E+03    .744E-01    2  1103
  510    .168E+03    .929E-01    2  1105
  511    .168E+03    .130E+00    2  1107
  512    .169E+03    .173E+00    2  1109
  513    .169E+03    .173E+00    2  1111
  514    .169E+03    .173E+00    2  1113
  515    .169E+03    .200E-01    3  1116
  516    .169E+03    .258E-01    3  1119
  517    .169E+03    .341E-01    3  1122
  518    .169E+03    .438E-01    3  1125
  519    .169E+03    .584E-01    3  1128
  520    .169E+03    .744E-01    3  1131
  521    .169E+03    .929E-01    3  1134
  522    .169E+03    .130E+00    3  1137
  523    .170E+03    .173E+00    3  1140
  524    .170E+03    .173E+00    3  1143
  525    .170E+03    .173E+00    3  1146
  526    .170E+03    .200E-01    2  1148
  527    .170E+03    .258E-01    2  1150
  528    .170E+03    .341E-01    2  1152
  529    .170E+03    .438E-01    2  1154
  530    .170E+03    .584E-01    2  1156
  531    .170E+03    .744E-01    2  1158
  532    .170E+03    .929E-01    2  1160
  533    .170E+03    .130E+00    2  1162
  534    .171E+03    .173E+00    2  1164
  535    .171E+03    .173E+00    2  1166
  536    .171E+03    .173E+00    2  1168
  537    .171E+03    .250E+00    2  1170
  538    .172E+03    .375E+00    2  1172
  539    .172E+03    .375E+00    2  1174
  540    .172E+03    .200E-01    3  1177
  541    .172E+03    .258E-01    3  1180
  542    .172E+03    .341E-01    3  1183
  543    .172E+03    .438E-01    3  1186
  544    .172E+03    .584E-01    3  1189
  545    .172E+03    .744E-01    3  1192
  546    .172E+03    .929E-01    4  1196
  547    .172E+03    .929E-01    4  1200
  548    .173E+03    .929E-01    3  1203
  549    .173E+03    .116E+00    4  1207
  550    .173E+03    .116E+00    3  1210
  551    .173E+03    .232E+00    4  1214
  552    .173E+03    .200E-01    3  1217
  553    .173E+03    .196E+00    3  1220
  554    .173E+03    .261E+00    3  1223
  555    .174E+03    .261E+00    3  1226
  556    .174E+03    .261E+00    3  1229
  557    .174E+03    .200E-01    2  1231
  558    .174E+03    .258E-01    2  1233
  559    .174E+03    .341E-01    2  1235
  560    .174E+03    .438E-01    2  1237
  561    .174E+03    .584E-01    2  1239
  562    .174E+03    .744E-01    2  1241
  563    .174E+03    .929E-01    2  1243
  564    .174E+03    .130E+00    2  1245
  565    .175E+03    .173E+00    2  1247
  566    .175E+03    .173E+00    2  1249
  567    .175E+03    .173E+00    2  1251
  568    .175E+03    .200E-01    2  1253
  569    .175E+03    .258E-01    2  1255
  570    .175E+03    .341E-01    2  1257
  571    .175E+03    .438E-01    2  1259
  572    .175E+03    .584E-01    2  1261
  573    .175E+03    .744E-01    2  1263
  574    .175E+03    .929E-01    2  1265
  575    .175E+03    .130E+00    2  1267
  576    .176E+03    .173E+00    2  1269
  577    .176E+03    .173E+00    2  1271
  578    .176E+03    .173E+00    2  1273
  579    .176E+03    .200E-01    3  1276
  580    .176E+03    .258E-01    3  1279
  581    .176E+03    .341E-01    3  1282
  582    .176E+03    .438E-01    3  1285
  583    .176E+03    .584E-01    3  1288
  584    .176E+03    .744E-01    3  1291
  585    .176E+03    .929E-01    3  1294
  586    .176E+03    .130E+00    3  1297
  587    .177E+03    .173E+00    3  1300
  588    .177E+03    .173E+00    3  1303
  589    .177E+03    .173E+00    3  1306
  590    .177E+03    .200E-01    2  1308
  591    .177E+03    .258E-01    2  1310
  592    .177E+03    .341E-01    2  1312
  593    .177E+03    .438E-01    2  1314
  594    .177E+03    .584E-01    2  1316
  595    .177E+03    .744E-01    2  1318
  596    .177E+03    .929E-01    2  1320
  597    .177E+03    .130E+00    2  1322
  598    .178E+03    .173E+00    2  1324
  599    .178E+03    .173E+00    2  1326
  600    .178E+03    .173E+00    2  1328
  601    .178E+03    .200E-01    3  1331
  602    .178E+03    .258E-01    3  1334
  603    .178E+03    .341E-01    3  1337
  604    .178E+03    .438E-01    3  1340
  605    .178E+03    .584E-01    3  1343
  606    .178E+03    .744E-01    3  1346
  607    .178E+03    .929E-01    3  1349
  608    .178E+03    .130E+00    3  1352
  609    .179E+03    .173E+00    3  1355
  610    .179E+03    .173E+00    3  1358
  611    .179E+03    .173E+00    3  1361
  612    .179E+03    .200E-01    2  1363
  613    .179E+03    .258E-01    2  1365
  614    .179E+03    .341E-01    2  1367
  615    .179E+03    .438E-01    2  1369
  616    .179E+03    .584E-01    2  1371
  617    .179E+03    .744E-01    2  1373
  618    .179E+03    .929E-01    2  1375
  619    .179E+03    .130E+00    2  1377
  620    .180E+03    .173E+00    2  1379
  621    .180E+03    .173E+00    2  1381
  622    .180E+03    .173E+00    2  1383
  623    .180E+03    .200E-01    2  1385
  624    .180E+03    .258E-01    2  1387
  625    .180E+03    .341E-01    2  1389
  626    .180E+03    .438E-01    2  1391
  627    .180E+03    .584E-01    2  1393
  628    .180E+03    .744E-01    2  1395
  629    .180E+03    .929E-01    2  1397
  630    .180E+03    .130E+00    2  1399
  631    .181E+03    .173E+00    2  1401
  632    .181E+03    .173E+00    2  1403
  633    .181E+03    .173E+00    2  1405
  634    .181E+03    .200E-01    2  1407
  635    .181E+03    .258E-01    2  1409
  636    .181E+03    .341E-01    2  1411
  637    .181E+03    .438E-01    2  1413
  638    .181E+03    .584E-01    2  1415
  639    .181E+03    .744E-01    2  1417
  640    .181E+03    .929E-01    2  1419
  641    .181E+03    .130E+00    2  1421
  642    .182E+03    .173E+00    2  1423
  643    .182E+03    .173E+00    2  1425
  644    .182E+03    .173E+00    2  1427
  645    .182E+03    .200E-01    2  1429
  646    .182E+03    .258E-01    2  1431
  647    .182E+03    .341E-01    2  1433
  648    .182E+03    .438E-01    2  1435
  649    .182E+03    .584E-01    2  1437
  650    .182E+03    .744E-01    2  1439
  651    .182E+03    .929E-01    2  1441
  652    .182E+03    .130E+00    2  1443
  653    .183E+03    .173E+00    2  1445
  654    .183E+03    .173E+00    2  1447
  655    .183E+03    .173E+00    2  1449
  656    .183E+03    .200E-01    2  1451
  657    .183E+03    .258E-01    2  1453
  658    .183E+03    .341E-01    2  1455
  659    .183E+03    .438E-01    3  1458
  660    .183E+03    .584E-01    3  1461
  661    .183E+03    .744E-01    3  1464
  662    .183E+03    .929E-01    3  1467
  663    .183E+03    .130E+00    3  1470
  664    .184E+03    .173E+00    3  1473
  665    .184E+03    .173E+00    3  1476
  666    .184E+03    .173E+00    3  1479
  667    .184E+03    .200E-01    2  1481
  668    .184E+03    .258E-01    2  1483
  669    .184E+03    .341E-01    2  1485
  670    .184E+03    .438E-01    2  1487
  671    .184E+03    .584E-01    2  1489
  672    .184E+03    .744E-01    2  1491
  673    .184E+03    .929E-01    2  1493
  674    .184E+03    .130E+00    2  1495
  675    .185E+03    .173E+00    2  1497
  676    .185E+03    .173E+00    2  1499
  677    .185E+03    .173E+00    2  1501
  678    .185E+03    .200E-01    1  1502
  679    .185E+03    .258E-01    1  1503
  680    .185E+03    .341E-01    2  1505
  681    .185E+03    .438E-01    2  1507
  682    .185E+03    .584E-01    2  1509
  683    .185E+03    .744E-01    2  1511
  684    .185E+03    .929E-01    2  1513
  685    .185E+03    .130E+00    2  1515
  686    .186E+03    .173E+00    2  1517
  687    .186E+03    .173E+00    2  1519
  688    .186E+03    .173E+00    2  1521
  689    .186E+03    .200E-01    2  1523
  690    .186E+03    .258E-01    2  1525
  691    .186E+03    .341E-01    2  1527
  692    .186E+03    .438E-01    2  1529
  693    .186E+03    .584E-01    2  1531
  694    .186E+03    .744E-01    2  1533
  695    .186E+03    .929E-01    2  1535
  696    .186E+03    .130E+00    2  1537
  697    .187E+03    .173E+00    2  1539
  698    .187E+03    .173E+00    2  1541
  699    .187E+03    .173E+00    2  1543
  700    .187E+03    .250E+00    2  1545
  701    .188E+03    .375E+00    2  1547
  702    .188E+03    .375E+00    2  1549
  703    .189E+03    .500E+00    3  1552
  704    .189E+03    .500E+00    3  1555
  705    .190E+03    .500E+00    3  1558
  706    .190E+03    .500E+00    3  1561
  707    .191E+03    .500E+00    2  1563
  708    .191E+03    .500E+00    2  1565
  709    .192E+03    .500E+00    3  1568
  710    .192E+03    .500E+00    3  1571
  711    .192E+03    .200E-01    1  1572
  712    .192E+03    .258E-01    1  1573
  713    .192E+03    .341E-01    2  1575
  714    .192E+03    .438E-01    2  1577
  715    .192E+03    .584E-01    2  1579
  716    .192E+03    .744E-01    2  1581
  717    .192E+03    .929E-01    2  1583
  718    .192E+03    .130E+00    2  1585
  719    .193E+03    .173E+00    2  1587
  720    .193E+03    .173E+00    2  1589
  721    .193E+03    .173E+00    2  1591
  722    .193E+03    .250E+00    2  1593
  723    .194E+03    .375E+00    2  1595
  724    .194E+03    .375E+00    2  1597
  725    .195E+03    .500E+00    3  1600
  726    .195E+03    .500E+00    3  1603
  727    .195E+03    .200E-01    2  1605
  728    .195E+03    .258E-01    2  1607
  729    .195E+03    .341E-01    2  1609
  730    .195E+03    .438E-01    2  1611
  731    .195E+03    .584E-01    3  1614
  732    .195E+03    .744E-01    3  1617
  733    .195E+03    .929E-01    3  1620
  734    .195E+03    .130E+00    3  1623
  735    .196E+03    .173E+00    3  1626
  736    .196E+03    .173E+00    3  1629
  737    .196E+03    .173E+00    3  1632
  738    .196E+03    .200E-01    2  1634
  739    .196E+03    .258E-01    2  1636
  740    .196E+03    .341E-01    2  1638
  741    .196E+03    .438E-01    2  1640
  742    .196E+03    .584E-01    2  1642
  743    .196E+03    .744E-01    2  1644
  744    .196E+03    .929E-01    2  1646
  745    .196E+03    .130E+00    2  1648
  746    .197E+03    .173E+00    2  1650
  747    .197E+03    .173E+00    2  1652
  748    .197E+03    .173E+00    2  1654
  749    .197E+03    .250E+00    2  1656
  750    .198E+03    .375E+00    2  1658
  751    .198E+03    .375E+00    2  1660
  752    .199E+03    .500E+00    3  1663
  753    .199E+03    .500E+00    3  1666
  754    .200E+03    .500E+00    2  1668
  755    .200E+03    .500E+00    2  1670
  756    .201E+03    .500E+00    2  1672
  757    .201E+03    .500E+00    2  1674
  758    .202E+03    .500E+00    2  1676
  759    .202E+03    .500E+00    3  1679
  760    .203E+03    .500E+00    2  1681
  761    .203E+03    .500E+00    2  1683
  762    .204E+03    .500E+00    2  1685
  763    .204E+03    .500E+00    2  1687
  764    .205E+03    .500E+00    2  1689
  765    .205E+03    .500E+00    2  1691
  766    .206E+03    .500E+00    2  1693
  767    .206E+03    .500E+00    2  1695
  768    .206E+03    .200E-01    2  1697
  769    .206E+03    .258E-01    1  1698
  770    .206E+03    .341E-01    1  1699
  771    .206E+03    .438E-01    2  1701
  772    .206E+03    .584E-01    2  1703
  773    .206E+03    .744E-01    2  1705
  774    .206E+03    .929E-01    2  1707
  775    .206E+03    .130E+00    2  1709
  776    .207E+03    .173E+00    2  1711
  777    .207E+03    .173E+00    2  1713
  778    .207E+03    .173E+00    2  1715
  779    .207E+03    .200E-01    2  1717
  780    .207E+03    .258E-01    2  1719
  781    .207E+03    .341E-01    2  1721
  782    .207E+03    .438E-01    2  1723
  783    .207E+03    .584E-01    2  1725
  784    .207E+03    .744E-01    2  1727
  785    .207E+03    .929E-01    2  1729
  786    .207E+03    .130E+00    2  1731
  787    .208E+03    .173E+00    2  1733
  788    .208E+03    .173E+00    2  1735
  789    .208E+03    .173E+00    2  1737
  790    .208E+03    .200E-01    2  1739
  791    .208E+03    .258E-01    1  1740
  792    .208E+03    .341E-01    1  1741
  793    .208E+03    .438E-01    2  1743
  794    .208E+03    .584E-01    2  1745
  795    .208E+03    .744E-01    2  1747
  796    .208E+03    .929E-01    2  1749
  797    .208E+03    .130E+00    2  1751
  798    .209E+03    .173E+00    2  1753
  799    .209E+03    .173E+00    2  1755
  800    .209E+03    .173E+00    2  1757
  801    .209E+03    .250E+00    2  1759
  802    .210E+03    .375E+00    2  1761
  803    .210E+03    .375E+00    3  1764
  804    .211E+03    .500E+00    3  1767
  805    .211E+03    .500E+00    3  1770
  806    .212E+03    .500E+00    3  1773
  807    .212E+03    .500E+00    3  1776
  808    .213E+03    .500E+00    2  1778
  809    .213E+03    .500E+00    2  1780
  810    .214E+03    .500E+00    3  1783
  811    .214E+03    .500E+00    3  1786
  812    .215E+03    .500E+00    3  1789
  813    .215E+03    .500E+00    3  1792
  814    .215E+03    .200E-01    1  1793
  815    .215E+03    .258E-01    1  1794
  816    .215E+03    .341E-01    2  1796
  817    .215E+03    .438E-01    2  1798
  818    .215E+03    .584E-01    2  1800
  819    .215E+03    .744E-01    2  1802
  820    .215E+03    .929E-01    2  1804
  821    .215E+03    .130E+00    2  1806
  822    .216E+03    .173E+00    2  1808
  823    .216E+03    .173E+00    2  1810
  824    .216E+03    .173E+00    2  1812
  825    .216E+03    .200E-01    3  1815
  826    .216E+03    .258E-01    3  1818
  827    .216E+03    .341E-01    4  1822
  828    .216E+03    .341E-01    4  1826
  829    .216E+03    .341E-01    3  1829
  830    .216E+03    .448E-01    4  1833
  831    .216E+03    .448E-01    4  1837
  832    .216E+03    .448E-01    4  1841
  833    .216E+03    .448E-01    3  1844
  834    .216E+03    .561E-01    4  1848
  835    .216E+03    .561E-01    4  1852
  836    .216E+03    .561E-01    3  1855
  837    .217E+03    .721E-01    3  1858
  838    .217E+03    .108E+00    4  1862
  839    .217E+03    .108E+00    4  1866
  840    .217E+03    .108E+00    4  1870
  841    .217E+03    .108E+00    4  1874
  842    .217E+03    .100E+00    3  1877
  843    .217E+03    .129E+00    3  1880
  844    .217E+03    .154E+00    3  1883
  845    .218E+03    .206E+00    3  1886
  846    .218E+03    .411E+00    3  1889
  847    .218E+03    .200E-01    2  1891
  848    .218E+03    .258E-01    2  1893
  849    .218E+03    .341E-01    2  1895
  850    .218E+03    .438E-01    2  1897
  851    .218E+03    .584E-01    2  1899
  852    .218E+03    .744E-01    2  1901
  853    .218E+03    .929E-01    2  1903
  854    .218E+03    .130E+00    2  1905
  855    .219E+03    .173E+00    2  1907
  856    .219E+03    .173E+00    2  1909
  857    .219E+03    .173E+00    2  1911
  858    .219E+03    .250E+00    2  1913
  859    .220E+03    .375E+00    2  1915
  860    .220E+03    .375E+00    2  1917
  861    .220E+03    .200E-01    3  1920
  862    .220E+03    .258E-01    3  1923
  863    .220E+03    .341E-01    3  1926
  864    .220E+03    .438E-01    3  1929
  865    .220E+03    .584E-01    3  1932
  866    .220E+03    .744E-01    3  1935
  867    .220E+03    .929E-01    3  1938
  868    .220E+03    .130E+00    3  1941
  869    .221E+03    .173E+00    3  1944
  870    .221E+03    .173E+00    3  1947
  871    .221E+03    .173E+00    3  1950
  872    .221E+03    .200E-01    2  1952
  873    .221E+03    .258E-01    2  1954
  874    .221E+03    .341E-01    2  1956
  875    .221E+03    .438E-01    2  1958
  876    .221E+03    .584E-01    2  1960
  877    .221E+03    .744E-01    2  1962
  878    .221E+03    .929E-01    2  1964
  879    .221E+03    .130E+00    2  1966
  880    .222E+03    .173E+00    2  1968
  881    .222E+03    .173E+00    2  1970
  882    .222E+03    .173E+00    2  1972
  883    .222E+03    .250E+00    2  1974
  884    .223E+03    .375E+00    2  1976
  885    .223E+03    .375E+00    2  1978
  886    .224E+03    .500E+00    3  1981
  887    .224E+03    .500E+00    3  1984
  888    .224E+03    .200E-01    2  1986
  889    .224E+03    .258E-01    1  1987
  890    .224E+03    .341E-01    1  1988
  891    .224E+03    .438E-01    1  1989
  892    .224E+03    .584E-01    1  1990
  893    .224E+03    .744E-01    2  1992
  894    .224E+03    .929E-01    2  1994
  895    .224E+03    .130E+00    2  1996
  896    .225E+03    .173E+00    2  1998
  897    .225E+03    .173E+00    2  2000
  898    .225E+03    .173E+00    2  2002
  899    .225E+03    .200E-01    3  2005
  900    .225E+03    .258E-01    3  2008
  901    .225E+03    .341E-01    3  2011
  902    .225E+03    .438E-01    3  2014
  903    .225E+03    .584E-01    3  2017
  904    .225E+03    .744E-01    3  2020
  905    .225E+03    .929E-01    3  2023
  906    .225E+03    .130E+00    3  2026
  907    .226E+03    .173E+00    3  2029
  908    .226E+03    .173E+00    3  2032
  909    .226E+03    .173E+00    3  2035
  910    .226E+03    .200E-01    3  2038
  911    .226E+03    .258E-01    3  2041
  912    .226E+03    .341E-01    3  2044
  913    .226E+03    .438E-01    3  2047
  914    .226E+03    .584E-01    4  2051
  915    .226E+03    .584E-01    3  2054
  916    .226E+03    .759E-01    4  2058
  917    .226E+03    .759E-01    4  2062
  918    .226E+03    .759E-01    4  2066
  919    .227E+03    .759E-01    3  2069
  920    .227E+03    .911E-01    4  2073
  921    .227E+03    .911E-01    4  2077
  922    .227E+03    .911E-01    3  2080
  923    .227E+03    .182E+00    5  2085
  924    .227E+03    .125E+00    3  2088
  925    .227E+03    .175E+00    3  2091
  926    .228E+03    .233E+00    3  2094
  927    .228E+03    .233E+00    3  2097
  928    .228E+03    .233E+00    2  2099
  929    .228E+03    .200E-01    3  2102
  930    .228E+03    .258E-01    3  2105
  931    .228E+03    .341E-01    3  2108
  932    .228E+03    .438E-01    3  2111
  933    .228E+03    .584E-01    3  2114
  934    .228E+03    .744E-01    3  2117
  935    .228E+03    .929E-01    3  2120
  936    .228E+03    .130E+00    4  2124
  937    .229E+03    .130E+00    4  2128
  938    .229E+03    .130E+00    4  2132
  939    .229E+03    .130E+00    3  2135
  940    .229E+03    .130E+00    4  2139
  941    .229E+03    .200E-01    2  2141
  942    .229E+03    .163E+00    3  2144
  943    .229E+03    .204E+00    3  2147
  944    .230E+03    .306E+00    4  2151
  945    .230E+03    .306E+00    4  2155
  946    .230E+03    .250E+00    4  2159
  947    .231E+03    .250E+00    3  2162
  948    .231E+03    .500E+00    3  2165
  949    .231E+03    .200E-01    2  2167
  950    .231E+03    .258E-01    2  2169
  951    .231E+03    .341E-01    2  2171
  952    .231E+03    .438E-01    2  2173
  953    .231E+03    .584E-01    2  2175
  954    .231E+03    .744E-01    2  2177
  955    .231E+03    .929E-01    2  2179
  956    .231E+03    .130E+00    2  2181
  957    .232E+03    .173E+00    2  2183
  958    .232E+03    .173E+00    2  2185
  959    .232E+03    .173E+00    2  2187
  960    .232E+03    .200E-01    2  2189
  961    .232E+03    .258E-01    2  2191
  962    .232E+03    .341E-01    2  2193
  963    .232E+03    .438E-01    2  2195
  964    .232E+03    .584E-01    2  2197
  965    .232E+03    .744E-01    2  2199
  966    .232E+03    .929E-01    2  2201
  967    .232E+03    .130E+00    2  2203
  968    .233E+03    .173E+00    2  2205
  969    .233E+03    .173E+00    2  2207
  970    .233E+03    .173E+00    2  2209
  971    .233E+03    .200E-01    2  2211
  972    .233E+03    .258E-01    2  2213
  973    .233E+03    .341E-01    2  2215
  974    .233E+03    .438E-01    2  2217
  975    .233E+03    .584E-01    2  2219
  976    .233E+03    .744E-01    2  2221
  977    .233E+03    .929E-01    2  2223
  978    .233E+03    .130E+00    2  2225
  979    .234E+03    .173E+00    2  2227
  980    .234E+03    .173E+00    2  2229
  981    .234E+03    .173E+00    2  2231
  982    .234E+03    .200E-01    1  2232
  983    .234E+03    .258E-01    1  2233
  984    .234E+03    .341E-01    1  2234
  985    .234E+03    .438E-01    1  2235
  986    .234E+03    .584E-01    1  2236
  987    .234E+03    .744E-01    1  2237
  988    .234E+03    .929E-01    1  2238
  989    .234E+03    .130E+00    1  2239
  990    .235E+03    .173E+00    2  2241
  991    .235E+03    .173E+00    2  2243
  992    .235E+03    .173E+00    2  2245
  993    .235E+03    .200E-01    2  2247
  994    .235E+03    .258E-01    2  2249
  995    .235E+03    .341E-01    2  2251
  996    .235E+03    .438E-01    2  2253
  997    .235E+03    .584E-01    2  2255
  998    .235E+03    .744E-01    2  2257
  999    .235E+03    .929E-01    2  2259
 1000    .235E+03    .130E+00    2  2261
 1001    .236E+03    .173E+00    2  2263
 1002    .236E+03    .173E+00    2  2265
 1003    .236E+03    .173E+00    2  2267
 1004    .236E+03    .200E-01    2  2269
 1005    .236E+03    .258E-01    2  2271
 1006    .236E+03    .341E-01    2  2273
 1007    .236E+03    .438E-01    2  2275
 1008    .236E+03    .584E-01    2  2277
 1009    .236E+03    .744E-01    2  2279
 1010    .236E+03    .929E-01    2  2281
 1011    .236E+03    .130E+00    2  2283
 1012    .237E+03    .173E+00    2  2285
 1013    .237E+03    .173E+00    2  2287
 1014    .237E+03    .173E+00    2  2289
 1015    .237E+03    .200E-01    3  2292
 1016    .237E+03    .258E-01    3  2295
 1017    .237E+03    .341E-01    3  2298
 1018    .237E+03    .438E-01    3  2301
 1019    .237E+03    .584E-01    3  2304
 1020    .237E+03    .744E-01    3  2307
 1021    .237E+03    .929E-01    3  2310
 1022    .237E+03    .130E+00    3  2313
 1023    .238E+03    .173E+00    3  2316
 1024    .238E+03    .173E+00    3  2319
 1025    .238E+03    .173E+00    3  2322
 1026    .238E+03    .200E-01    2  2324
 1027    .238E+03    .258E-01    2  2326
 1028    .238E+03    .341E-01    2  2328
 1029    .238E+03    .438E-01    2  2330
 1030    .238E+03    .584E-01    2  2332
 1031    .238E+03    .744E-01    2  2334
 1032    .238E+03    .929E-01    2  2336
 1033    .238E+03    .130E+00    2  2338
 1034    .239E+03    .173E+00    2  2340
 1035    .239E+03    .173E+00    2  2342
 1036    .239E+03    .173E+00    2  2344
 1037    .239E+03    .200E-01    2  2346
 1038    .239E+03    .258E-01    2  2348
 1039    .239E+03    .341E-01    2  2350
 1040    .239E+03    .438E-01    2  2352
 1041    .239E+03    .584E-01    2  2354
 1042    .239E+03    .744E-01    2  2356
 1043    .239E+03    .929E-01    2  2358
 1044    .239E+03    .130E+00    2  2360
 1045    .240E+03    .173E+00    2  2362
 1046    .240E+03    .173E+00    2  2364
 1047    .240E+03    .173E+00    2  2366
 1048    .240E+03    .250E+00    2  2368
 1049    .241E+03    .375E+00    2  2370
 1050    .241E+03    .375E+00    2  2372
 1051    .242E+03    .500E+00    2  2374
 1052    .242E+03    .500E+00    2  2376
 1053    .242E+03    .200E-01    2  2378
 1054    .242E+03    .258E-01    2  2380
 1055    .242E+03    .341E-01    2  2382
 1056    .242E+03    .438E-01    1  2383
 1057    .242E+03    .584E-01    1  2384
 1058    .242E+03    .744E-01    1  2385
 1059    .242E+03    .929E-01    1  2386
 1060    .242E+03    .130E+00    1  2387
 1061    .243E+03    .173E+00    1  2388
 1062    .243E+03    .173E+00    1  2389
 1063    .243E+03    .173E+00    1  2390
 1064    .243E+03    .200E-01    2  2392
 1065    .243E+03    .258E-01    2  2394
 1066    .243E+03    .341E-01    2  2396
 1067    .243E+03    .438E-01    2  2398
 1068    .243E+03    .584E-01    2  2400
 1069    .243E+03    .744E-01    2  2402
 1070    .243E+03    .929E-01    2  2404
 1071    .243E+03    .130E+00    2  2406
 1072    .244E+03    .173E+00    2  2408
 1073    .244E+03    .173E+00    2  2410
 1074    .244E+03    .173E+00    2  2412
 1075    .244E+03    .200E-01    2  2414
 1076    .244E+03    .258E-01    2  2416
 1077    .244E+03    .341E-01    2  2418
 1078    .244E+03    .438E-01    2  2420
 1079    .244E+03    .584E-01    2  2422
 1080    .244E+03    .744E-01    2  2424
 1081    .244E+03    .929E-01    2  2426
 1082    .244E+03    .130E+00    2  2428
 1083    .245E+03    .173E+00    2  2430
 1084    .245E+03    .173E+00    2  2432
 1085    .245E+03    .173E+00    2  2434
 1086    .245E+03    .250E+00    2  2436
 1087    .246E+03    .375E+00    2  2438
 1088    .246E+03    .375E+00    2  2440
 1089    .247E+03    .500E+00    3  2443
 1090    .247E+03    .500E+00    2  2445
 1091    .247E+03    .200E-01    1  2446
 1092    .247E+03    .258E-01    1  2447
 1093    .247E+03    .341E-01    1  2448
 1094    .247E+03    .438E-01    2  2450
 1095    .247E+03    .584E-01    1  2451
 1096    .247E+03    .744E-01    1  2452
 1097    .247E+03    .929E-01    2  2454
 1098    .247E+03    .130E+00    2  2456
 1099    .248E+03    .173E+00    2  2458
 1100    .248E+03    .173E+00    2  2460
 1101    .248E+03    .173E+00    2  2462
 1102    .248E+03    .200E-01    2  2464
 1103    .248E+03    .258E-01    1  2465
 1104    .248E+03    .341E-01    1  2466
 1105    .248E+03    .438E-01    1  2467
 1106    .248E+03    .584E-01    1  2468
 1107    .248E+03    .744E-01    1  2469
 1108    .248E+03    .929E-01    1  2470
 1109    .248E+03    .130E+00    2  2472
 1110    .249E+03    .173E+00    2  2474
 1111    .249E+03    .173E+00    2  2476
 1112    .249E+03    .173E+00    2  2478
 1113    .249E+03    .250E+00    2  2480
 1114    .250E+03    .375E+00    2  2482
 1115    .250E+03    .375E+00    2  2484
 1116    .251E+03    .500E+00    2  2486
 1117    .251E+03    .500E+00    2  2488
 1118    .252E+03    .500E+00    2  2490
 1119    .252E+03    .500E+00    2  2492
 1120    .253E+03    .500E+00    2  2494
 1121    .253E+03    .500E+00    2  2496
 1122    .254E+03    .500E+00    2  2498
 1123    .254E+03    .500E+00    2  2500
 1124    .255E+03    .500E+00    2  2502
 1125    .255E+03    .500E+00    2  2504
 1126    .256E+03    .500E+00    2  2506
 1127    .256E+03    .500E+00    2  2508
 1128    .257E+03    .500E+00    2  2510
 1129    .257E+03    .500E+00    2  2512
 1130    .258E+03    .500E+00    2  2514
 1131    .258E+03    .500E+00    2  2516
 1132    .259E+03    .500E+00    2  2518
 1133    .259E+03    .500E+00    2  2520
 1134    .260E+03    .500E+00    2  2522
 1135    .260E+03    .500E+00    2  2524
 1136    .261E+03    .500E+00    2  2526
 1137    .261E+03    .500E+00    2  2528
 1138    .262E+03    .500E+00    2  2530
 1139    .262E+03    .500E+00    2  2532
 1140    .262E+03    .200E-01    3  2535
 1141    .262E+03    .258E-01    3  2538
 1142    .262E+03    .341E-01    3  2541
 1143    .262E+03    .438E-01    3  2544
 1144    .262E+03    .584E-01    3  2547
 1145    .262E+03    .744E-01    3  2550
 1146    .262E+03    .929E-01    3  2553
 1147    .262E+03    .130E+00    3  2556
 1148    .263E+03    .173E+00    3  2559
 1149    .263E+03    .173E+00    3  2562
 1150    .263E+03    .173E+00    3  2565
 1151    .263E+03    .200E-01    3  2568
 1152    .263E+03    .258E-01    3  2571
 1153    .263E+03    .341E-01    3  2574
 1154    .263E+03    .438E-01    3  2577
 1155    .263E+03    .584E-01    3  2580
 1156    .263E+03    .744E-01    3  2583
 1157    .263E+03    .929E-01    3  2586
 1158    .263E+03    .130E+00    3  2589
 1159    .264E+03    .173E+00    3  2592
 1160    .264E+03    .173E+00    3  2595
 1161    .264E+03    .173E+00    3  2598
 1162    .264E+03    .250E+00    3  2601
 1163    .265E+03    .375E+00    3  2604
 1164    .265E+03    .375E+00    3  2607
 1165    .266E+03    .500E+00    2  2609
 1166    .266E+03    .500E+00    2  2611
 1167    .267E+03    .500E+00    2  2613
 1168    .267E+03    .500E+00    2  2615
 1169    .268E+03    .500E+00    2  2617
 1170    .268E+03    .500E+00    2  2619
 1171    .268E+03    .200E-01    3  2622
 1172    .268E+03    .258E-01    3  2625
 1173    .268E+03    .341E-01    3  2628
 1174    .268E+03    .438E-01    3  2631
 1175    .268E+03    .584E-01    3  2634
 1176    .268E+03    .744E-01    3  2637
 1177    .268E+03    .929E-01    3  2640
 1178    .268E+03    .130E+00    3  2643
 1179    .269E+03    .173E+00    3  2646
 1180    .269E+03    .173E+00    3  2649
 1181    .269E+03    .173E+00    3  2652
 1182    .269E+03    .200E-01    2  2654
 1183    .269E+03    .258E-01    2  2656
 1184    .269E+03    .341E-01    2  2658
 1185    .269E+03    .438E-01    2  2660
 1186    .269E+03    .584E-01    2  2662
 1187    .269E+03    .744E-01    2  2664
 1188    .269E+03    .929E-01    2  2666
 1189    .269E+03    .130E+00    2  2668
 1190    .270E+03    .173E+00    2  2670
 1191    .270E+03    .173E+00    2  2672
 1192    .270E+03    .173E+00    2  2674
 1193    .270E+03    .250E+00    2  2676
 1194    .271E+03    .375E+00    2  2678
 1195    .271E+03    .375E+00    2  2680
 1196    .272E+03    .500E+00    2  2682
 1197    .272E+03    .500E+00    2  2684
 1198    .272E+03    .200E-01    3  2687
 1199    .272E+03    .258E-01    3  2690
 1200    .272E+03    .341E-01    3  2693
 1201    .272E+03    .438E-01    4  2697
 1202    .272E+03    .438E-01    3  2700
 1203    .272E+03    .555E-01    3  2703
 1204    .272E+03    .777E-01    4  2707
 1205    .272E+03    .777E-01    4  2711
 1206    .272E+03    .777E-01    4  2715
 1207    .273E+03    .777E-01    3  2718
 1208    .273E+03    .932E-01    4  2722
 1209    .273E+03    .932E-01    3  2725
 1210    .273E+03    .140E+00    4  2729
 1211    .273E+03    .140E+00    4  2733
