$

     *******************************************************************
     *                                                                 *
     *     CXTFIT VERSION 2.1 (11/26/98)                               *
     *     ANALYTICAL SOLUTIONS FOR ONE-DIMENSIONAL CDE                *
     *     DIRECT PROBLRM                                              *
     *                                                                 *
     *     Fig4.5; Stochastic stream tube model with a random v        *
     *          BVP vs (IVP) (Dirac condition)                         *
     *                                                                 *
     *     DATA INPUT FILE:  fig4-5.in                                 *
     *                                                                 *
     *******************************************************************


     MODEL DESCRIPTION
     =================
        STOCHASTIC EQUILIBRIUM CDE WITH VARIABLE V & Kd (MODE=3)
         SD.v=SD.D, FIELD SCALE DISPERSIVITY IS CONSTANT ( =<D>/<V> )
          <R> = 1+RHO*<Kd>/THETA =    1.0000,  RHO/THETA =    4.0000
        ENSEMBLE AVERAGE OF RESIDENT CONCENTRATION (THIRD-TYPE INPUT)
        REAL TIME (t), POSITION(x)
          (D,V,mu, AND gamma ARE ALSO DIMENSIONAL)


     INITIAL VALUES OF COEFFICIENTS
     ==============================
     NAME        INITIAL VALUE
      <V>......     .5000E+02
      <D>......     .2000E+02
      <Kd>.....     .0000E+00
      mu1......     .0000E+00
      SD.v.....     .5000E+00
      SD.Kd....     .0000E+00
      SD.D.....     .5000E+00
     RhovKd....     .0000E+00


     BOUNDARY, INITIAL, AND PRODUCTION CONDITIONS
     ===========================================
       DIRAC DELTA INPUT , MASS =   1.0000
         AMOUNT OF SOLUTE DEPENDS ON LOCAL V  (input=V delta/<V>)
       SOLUTE FREE INITIAL CONDITION
       NO PRODUCTION TERM


$ T=  1.00000     (CONC. VS. DEPTH)
$ Sum(C*dZ) =     49.68837
$    Z          <C>          VAR(C)
      .0000   .28175E-05   .52619E-08
     2.0000   .80630E-04   .29612E-05
     4.0000   .66697E-03   .99072E-04
     6.0000   .30896E-02   .98979E-03
     8.0000   .98005E-02   .49706E-02
    10.0000   .23854E-01   .16193E-01
    12.0000   .47926E-01   .39417E-01
    14.0000   .83479E-01   .78062E-01
    16.0000   .13042E+00   .13286E+00
    18.0000   .18724E+00   .20172E+00
    20.0000   .25141E+00   .28061E+00
    22.0000   .31990E+00   .36483E+00
    24.0000   .38961E+00   .45003E+00
    26.0000   .45768E+00   .53293E+00
    28.0000   .52174E+00   .61147E+00
    30.0000   .57994E+00   .68465E+00
    32.0000   .63100E+00   .75224E+00
    34.0000   .67415E+00   .81447E+00
    36.0000   .70907E+00   .87169E+00
    38.0000   .73578E+00   .92425E+00
    40.0000   .75460E+00   .97234E+00
    42.0000   .76603E+00   .10160E+01
    44.0000   .77069E+00   .10551E+01
    46.0000   .76931E+00   .10896E+01
    48.0000   .76261E+00   .11190E+01
    50.0000   .75135E+00   .11434E+01
    52.0000   .73623E+00   .11624E+01
    54.0000   .71794E+00   .11759E+01
    56.0000   .69708E+00   .11841E+01
    58.0000   .67422E+00   .11870E+01
    60.0000   .64986E+00   .11847E+01
    62.0000   .62446E+00   .11776E+01
    64.0000   .59838E+00   .11660E+01
    66.0000   .57197E+00   .11503E+01
    68.0000   .54550E+00   .11308E+01
    70.0000   .51921E+00   .11080E+01
    72.0000   .49328E+00   .10823E+01
    74.0000   .46789E+00   .10543E+01
    76.0000   .44315E+00   .10242E+01
    78.0000   .41917E+00   .99259E+00
    80.0000   .39600E+00   .95971E+00
    82.0000   .37372E+00   .92596E+00
    84.0000   .35235E+00   .89164E+00
    86.0000   .33191E+00   .85703E+00
    88.0000   .31241E+00   .82239E+00
    90.0000   .29386E+00   .78793E+00
    92.0000   .27623E+00   .75384E+00
    94.0000   .25952E+00   .72028E+00
    96.0000   .24369E+00   .68739E+00
    98.0000   .22873E+00   .65528E+00
   100.0000   .21461E+00   .62403E+00
   102.0000   .20128E+00   .59373E+00
   104.0000   .18873E+00   .56441E+00
   106.0000   .17692E+00   .53613E+00
   108.0000   .16581E+00   .50891E+00
   110.0000   .15537E+00   .48276E+00
   112.0000   .14556E+00   .45769E+00
   114.0000   .13635E+00   .43369E+00
   116.0000   .12771E+00   .41075E+00
   118.0000   .11961E+00   .38886E+00
   120.0000   .11202E+00   .36799E+00
   122.0000   .10491E+00   .34811E+00
   124.0000   .98245E-01   .32921E+00
   126.0000   .92005E-01   .31125E+00
   128.0000   .86162E-01   .29420E+00
   130.0000   .80694E-01   .27802E+00
   132.0000   .75575E-01   .26269E+00
   134.0000   .70786E-01   .24816E+00
   136.0000   .66305E-01   .23440E+00
   138.0000   .62112E-01   .22138E+00
   140.0000   .58190E-01   .20906E+00
   142.0000   .54521E-01   .19741E+00
   144.0000   .51090E-01   .18640E+00
   146.0000   .47879E-01   .17599E+00
   148.0000   .44876E-01   .16617E+00
   150.0000   .42067E-01   .15689E+00
   152.0000   .39439E-01   .14812E+00
   154.0000   .36981E-01   .13985E+00
   156.0000   .34681E-01   .13205E+00
   158.0000   .32529E-01   .12468E+00
   160.0000   .30516E-01   .11773E+00
   162.0000   .28631E-01   .11117E+00
   164.0000   .26868E-01   .10499E+00
   166.0000   .25217E-01   .99155E-01
   168.0000   .23672E-01   .93652E-01
   170.0000   .22226E-01   .88462E-01
   172.0000   .20871E-01   .83567E-01
   174.0000   .19603E-01   .78950E-01
   176.0000   .18415E-01   .74596E-01
   178.0000   .17302E-01   .70489E-01
   180.0000   .16260E-01   .66616E-01
   182.0000   .15283E-01   .62962E-01
   184.0000   .14367E-01   .59516E-01
   186.0000   .13509E-01   .56265E-01
   188.0000   .12705E-01   .53199E-01
   190.0000   .11951E-01   .50306E-01
   192.0000   .11244E-01   .47577E-01
   194.0000   .10580E-01   .45001E-01
   196.0000   .99580E-02   .42571E-01
   198.0000   .93742E-02   .40277E-01
   200.0000   .88263E-02   .38113E-01
$

     *******************************************************************
     *                                                                 *
     *     CXTFIT VERSION 2.1 (11/26/98)                               *
     *     ANALYTICAL SOLUTIONS FOR ONE-DIMENSIONAL CDE                *
     *     DIRECT PROBLRM                                              *
     *                                                                 *
     *     Fig4.5; Stochastic stream tube model with a random v        *
     *          (BVP) vs IVP (Dirac condition)                         *
     *                                                                 *
     *     DATA INPUT FILE:  fig4-5.in                                 *
     *                                                                 *
     *******************************************************************


     MODEL DESCRIPTION
     =================
        STOCHASTIC EQUILIBRIUM CDE WITH VARIABLE V & Kd (MODE=3)
         SD.v=SD.D, FIELD SCALE DISPERSIVITY IS CONSTANT ( =<D>/<V> )
          <R> = 1+RHO*<Kd>/THETA =    1.0000,  RHO/THETA =    4.0000
        ENSEMBLE AVERAGE OF RESIDENT CONCENTRATION (THIRD-TYPE INPUT)
        REAL TIME (t), POSITION(x)
          (D,V,mu, AND gamma ARE ALSO DIMENSIONAL)


     INITIAL VALUES OF COEFFICIENTS
     ==============================
     NAME        INITIAL VALUE
      <V>......     .5000E+02
      <D>......     .2000E+02
      <Kd>.....     .0000E+00
      mu1......     .0000E+00
      SD.v.....     .5000E+00
      SD.Kd....     .0000E+00
      SD.D.....     .5000E+00
     RhovKd....     .0000E+00


     BOUNDARY, INITIAL, AND PRODUCTION CONDITIONS
     ===========================================
       SOLUTE FREE INPUT
       DELTA WITH CONSTANT INITIAL CONDITION
         C(Z,0) =   50.0000 * DELTA( Z -     .0000 ) +    .0000
       NO PRODUCTION TERM


$ T=  1.00000     (CONC. VS. DEPTH)
$ Sum(C*dZ) =     49.93137
$    Z          <C>          VAR(C)
      .0000   .16270E-04   .45080E-06
     2.0000   .44708E-03   .21250E-03
     4.0000   .33926E-02   .49916E-02
     6.0000   .14111E-01   .34304E-01
     8.0000   .39964E-01   .12223E+00
    10.0000   .87018E-01   .29324E+00
    12.0000   .15723E+00   .54361E+00
    14.0000   .24788E+00   .84351E+00
    16.0000   .35276E+00   .11516E+01
    18.0000   .46415E+00   .14304E+01
    20.0000   .57440E+00   .16547E+01
    22.0000   .67707E+00   .18139E+01
    24.0000   .76745E+00   .19089E+01
    26.0000   .84257E+00   .19483E+01
    28.0000   .90106E+00   .19440E+01
    30.0000   .94282E+00   .19080E+01
    32.0000   .96864E+00   .18508E+01
    34.0000   .97995E+00   .17807E+01
    36.0000   .97851E+00   .17037E+01
    38.0000   .96623E+00   .16238E+01
    40.0000   .94502E+00   .15435E+01
    42.0000   .91670E+00   .14642E+01
    44.0000   .88292E+00   .13866E+01
    46.0000   .84515E+00   .13110E+01
    48.0000   .80468E+00   .12374E+01
    50.0000   .76257E+00   .11660E+01
    52.0000   .71972E+00   .10968E+01
    54.0000   .67687E+00   .10297E+01
    56.0000   .63458E+00   .96488E+00
    58.0000   .59332E+00   .90235E+00
    60.0000   .55341E+00   .84224E+00
    62.0000   .51510E+00   .78463E+00
    64.0000   .47856E+00   .72961E+00
    66.0000   .44391E+00   .67724E+00
    68.0000   .41118E+00   .62759E+00
    70.0000   .38040E+00   .58066E+00
    72.0000   .35155E+00   .53646E+00
    74.0000   .32460E+00   .49495E+00
    76.0000   .29946E+00   .45609E+00
    78.0000   .27609E+00   .41981E+00
    80.0000   .25440E+00   .38603E+00
    82.0000   .23429E+00   .35464E+00
    84.0000   .21569E+00   .32554E+00
    86.0000   .19849E+00   .29861E+00
    88.0000   .18262E+00   .27374E+00
    90.0000   .16798E+00   .25080E+00
    92.0000   .15450E+00   .22968E+00
    94.0000   .14208E+00   .21025E+00
    96.0000   .13065E+00   .19241E+00
    98.0000   .12013E+00   .17604E+00
   100.0000   .11047E+00   .16102E+00
   102.0000   .10158E+00   .14727E+00
   104.0000   .93421E-01   .13467E+00
   106.0000   .85923E-01   .12315E+00
   108.0000   .79036E-01   .11261E+00
   110.0000   .72712E-01   .10298E+00
   112.0000   .66905E-01   .94179E-01
   114.0000   .61573E-01   .86136E-01
   116.0000   .56677E-01   .78791E-01
   118.0000   .52181E-01   .72083E-01
   120.0000   .48053E-01   .65957E-01
   122.0000   .44262E-01   .60364E-01
   124.0000   .40780E-01   .55258E-01
   126.0000   .37582E-01   .50595E-01
   128.0000   .34643E-01   .46338E-01
   130.0000   .31943E-01   .42450E-01
   132.0000   .29462E-01   .38899E-01
   134.0000   .27181E-01   .35656E-01
   136.0000   .25084E-01   .32693E-01
   138.0000   .23156E-01   .29985E-01
   140.0000   .21382E-01   .27511E-01
   142.0000   .19750E-01   .25249E-01
   144.0000   .18249E-01   .23181E-01
   146.0000   .16866E-01   .21290E-01
   148.0000   .15594E-01   .19559E-01
   150.0000   .14421E-01   .17976E-01
   152.0000   .13341E-01   .16526E-01
   154.0000   .12346E-01   .15199E-01
   156.0000   .11429E-01   .13984E-01
   158.0000   .10583E-01   .12870E-01
   160.0000   .98030E-02   .11849E-01
   162.0000   .90833E-02   .10914E-01
   164.0000   .84191E-02   .10055E-01
   166.0000   .78059E-02   .92682E-02
   168.0000   .72397E-02   .85456E-02
   170.0000   .67167E-02   .78823E-02
   172.0000   .62334E-02   .72731E-02
   174.0000   .57868E-02   .67134E-02
   176.0000   .53738E-02   .61991E-02
   178.0000   .49919E-02   .57262E-02
   180.0000   .46385E-02   .52914E-02
   182.0000   .43115E-02   .48913E-02
   184.0000   .40088E-02   .45231E-02
   186.0000   .37285E-02   .41841E-02
   188.0000   .34689E-02   .38719E-02
   190.0000   .32283E-02   .35842E-02
   192.0000   .30054E-02   .33191E-02
   194.0000   .27986E-02   .30747E-02
   196.0000   .26069E-02   .28493E-02
   198.0000   .24290E-02   .26413E-02
   200.0000   .22640E-02   .24493E-02
