$

     *******************************************************************
     *                                                                 *
     *     CXTFIT VERSION 2.1 (11/26/98)                               *
     *     ANALYTICAL SOLUTIONS FOR ONE-DIMENSIONAL CDE                *
     *     DIRECT PROBLRM                                              *
     *                                                                 *
     *     Fig4.7; Stochastic stream tube model with a random v        *
     *          CONSTANT DURATION vs. (CONSTANT MASS)                  *
     *                                                                 *
     *     DATA INPUT FILE:  fig4-7.in                                 *
     *                                                                 *
     *******************************************************************


     MODEL DESCRIPTION
     =================
        STOCHASTIC EQUILIBRIUM CDE WITH VARIABLE V & Kd (MODE=3)
         SD.v=SD.D, FIELD SCALE DISPERSIVITY IS CONSTANT ( =<D>/<V> )
          <R> = 1+RHO*<Kd>/THETA =    1.0000,  RHO/THETA =    4.0000
        ENSEMBLE AVERAGE OF RESIDENT CONCENTRATION (THIRD-TYPE INPUT)
        REAL TIME (t), POSITION(x)
          (D,V,mu, AND gamma ARE ALSO DIMENSIONAL)


     INITIAL VALUES OF COEFFICIENTS
     ==============================
     NAME        INITIAL VALUE
      <V>......     .5000E+02
      <D>......     .2000E+02
      <Kd>.....     .0000E+00
      mu1......     .0000E+00
      SD.v.....     .5000E+00
      SD.Kd....     .0000E+00
      SD.D.....     .5000E+00
     RhovKd....     .0000E+00


     BOUNDARY, INITIAL, AND PRODUCTION CONDITIONS
     ===========================================
       SINGLE PULSE OF CONC. =    1.0000 & DURATION =    1.0000
         DURATION TIME IS CONSTANT FOE ALL TUBES
       SOLUTE FREE INITIAL CONDITION
       NO PRODUCTION TERM


$ T=  3.00000     (CONC. VS. DEPTH)
$ Sum(C*dZ) =     48.93267
$    Z          <C>          VAR(C)
      .0000   .23404E-08   .21118E-12
     4.0000   .73305E-06   .99816E-08
     8.0000   .19308E-04   .14999E-05
    12.0000   .17346E-03   .29252E-04
    16.0000   .82957E-03   .21389E-03
    20.0000   .26574E-02   .88847E-03
    24.0000   .64982E-02   .25743E-02
    28.0000   .13132E-01   .58318E-02
    32.0000   .23081E-01   .11069E-01
    36.0000   .36506E-01   .18408E-01
    40.0000   .53216E-01   .27658E-01
    44.0000   .72730E-01   .38375E-01
    48.0000   .94381E-01   .49976E-01
    52.0000   .11740E+00   .61853E-01
    56.0000   .14103E+00   .73464E-01
    60.0000   .16454E+00   .84391E-01
    64.0000   .18729E+00   .94353E-01
    68.0000   .20877E+00   .10321E+00
    72.0000   .22857E+00   .11092E+00
    76.0000   .24639E+00   .11754E+00
    80.0000   .26206E+00   .12316E+00
    84.0000   .27546E+00   .12789E+00
    88.0000   .28658E+00   .13186E+00
    92.0000   .29544E+00   .13519E+00
    96.0000   .30215E+00   .13797E+00
   100.0000   .30680E+00   .14027E+00
   104.0000   .30956E+00   .14216E+00
   108.0000   .31056E+00   .14367E+00
   112.0000   .30999E+00   .14483E+00
   116.0000   .30800E+00   .14565E+00
   120.0000   .30476E+00   .14615E+00
   124.0000   .30044E+00   .14632E+00
   128.0000   .29518E+00   .14618E+00
   132.0000   .28913E+00   .14572E+00
   136.0000   .28243E+00   .14495E+00
   140.0000   .27518E+00   .14387E+00
   144.0000   .26750E+00   .14250E+00
   148.0000   .25950E+00   .14085E+00
   152.0000   .25126E+00   .13893E+00
   156.0000   .24286E+00   .13676E+00
   160.0000   .23436E+00   .13437E+00
   164.0000   .22584E+00   .13177E+00
   168.0000   .21733E+00   .12898E+00
   172.0000   .20889E+00   .12603E+00
   176.0000   .20056E+00   .12294E+00
   180.0000   .19236E+00   .11974E+00
   184.0000   .18432E+00   .11644E+00
   188.0000   .17647E+00   .11306E+00
   192.0000   .16882E+00   .10964E+00
   196.0000   .16139E+00   .10617E+00
   200.0000   .15418E+00   .10269E+00
   204.0000   .14720E+00   .99210E-01
   208.0000   .14047E+00   .95740E-01
   212.0000   .13397E+00   .92296E-01
   216.0000   .12772E+00   .88889E-01
   220.0000   .12171E+00   .85529E-01
   224.0000   .11593E+00   .82226E-01
   228.0000   .11039E+00   .78987E-01
   232.0000   .10509E+00   .75819E-01
   236.0000   .10001E+00   .72727E-01
   240.0000   .95149E-01   .69715E-01
   244.0000   .90506E-01   .66787E-01
   248.0000   .86072E-01   .63946E-01
   252.0000   .81840E-01   .61193E-01
   256.0000   .77803E-01   .58530E-01
   260.0000   .73955E-01   .55958E-01
   264.0000   .70289E-01   .53464E-01
   268.0000   .66797E-01   .51085E-01
   272.0000   .63473E-01   .48783E-01
   276.0000   .60310E-01   .46569E-01
   280.0000   .57300E-01   .44442E-01
   284.0000   .54438E-01   .42401E-01
   288.0000   .51718E-01   .40443E-01
   292.0000   .49131E-01   .38567E-01
   296.0000   .46674E-01   .36770E-01
   300.0000   .44339E-01   .35050E-01
   304.0000   .42120E-01   .33405E-01
   308.0000   .40014E-01   .31833E-01
   312.0000   .38013E-01   .30330E-01
   316.0000   .36114E-01   .28895E-01
   320.0000   .34310E-01   .27524E-01
   324.0000   .32598E-01   .26217E-01
   328.0000   .30973E-01   .24969E-01
   332.0000   .29430E-01   .23780E-01
   336.0000   .27966E-01   .22646E-01
   340.0000   .26576E-01   .21565E-01
   344.0000   .25257E-01   .20535E-01
   348.0000   .24005E-01   .19553E-01
   352.0000   .22817E-01   .18619E-01
   356.0000   .21690E-01   .17729E-01
   360.0000   .20620E-01   .16881E-01
   364.0000   .19604E-01   .16074E-01
   368.0000   .18640E-01   .15307E-01
   372.0000   .17725E-01   .14576E-01
   376.0000   .16857E-01   .13880E-01
   380.0000   .16033E-01   .13218E-01
   384.0000   .15251E-01   .12589E-01
   388.0000   .14508E-01   .11989E-01
   392.0000   .13803E-01   .11419E-01
   396.0000   .13133E-01   .10877E-01
   400.0000   .12498E-01   .10361E-01
$

     *******************************************************************
     *                                                                 *
     *     CXTFIT VERSION 2.1 (11/26/98)                               *
     *     ANALYTICAL SOLUTIONS FOR ONE-DIMENSIONAL CDE                *
     *     DIRECT PROBLRM                                              *
     *                                                                 *
     *     Fig4.7; Stochastic stream tube model with a random v        *
     *          (CONSTANT DURATION) vs. CONSTANT MASS                  *
     *                                                                 *
     *     DATA INPUT FILE:  fig4-7.in                                 *
     *                                                                 *
     *******************************************************************


     MODEL DESCRIPTION
     =================
        STOCHASTIC EQUILIBRIUM CDE WITH VARIABLE V & Kd (MODE=3)
         SD.v=SD.D, FIELD SCALE DISPERSIVITY IS CONSTANT ( =<D>/<V> )
          <R> = 1+RHO*<Kd>/THETA =    1.0000,  RHO/THETA =    4.0000
        ENSEMBLE AVERAGE OF TOTAL RESIDENT CONCENTRATION (THIRD-TYPE INPUT)
        REAL TIME (t), POSITION(x)
          (D,V,mu, AND gamma ARE ALSO DIMENSIONAL)


     INITIAL VALUES OF COEFFICIENTS
     ==============================
     NAME        INITIAL VALUE
      <V>......     .5000E+02
      <D>......     .2000E+02
      <Kd>.....     .0000E+00
      mu1......     .0000E+00
      SD.v.....     .5000E+00
      SD.Kd....     .0000E+00
      SD.D.....     .5000E+00
     RhovKd....     .0000E+00


     BOUNDARY, INITIAL, AND PRODUCTION CONDITIONS
     ===========================================
       SINGLE PULSE OF CONC. =    1.0000 & Mo/THETA =    1.0000
         DURATION TIME VARIES INVERSELY WITH LOCAL V
       SOLUTE FREE INITIAL CONDITION
       NO PRODUCTION TERM


$ T=  3.00000    (TOTAL RESIDENT CONC. VS. DEPTH)
$ Sum(Ct*dZ) =     49.27460 (TOTAL MASS)
$    Z         <Ct>          VAR(Ct)
      .0000   .26505E-01   .25023E-01
     4.0000   .37925E-01   .33307E-01
     8.0000   .51327E-01   .43427E-01
    12.0000   .66921E-01   .55067E-01
    16.0000   .84556E-01   .67856E-01
    20.0000   .10398E+00   .81373E-01
    24.0000   .12485E+00   .95117E-01
    28.0000   .14670E+00   .10855E+00
    32.0000   .16901E+00   .12115E+00
    36.0000   .19122E+00   .13251E+00
    40.0000   .21278E+00   .14233E+00
    44.0000   .23319E+00   .15045E+00
    48.0000   .25204E+00   .15686E+00
    52.0000   .26900E+00   .16164E+00
    56.0000   .28382E+00   .16495E+00
    60.0000   .29636E+00   .16700E+00
    64.0000   .30656E+00   .16798E+00
    68.0000   .31443E+00   .16810E+00
    72.0000   .32004E+00   .16754E+00
    76.0000   .32350E+00   .16645E+00
    80.0000   .32496E+00   .16494E+00
    84.0000   .32457E+00   .16310E+00
    88.0000   .32253E+00   .16100E+00
    92.0000   .31901E+00   .15868E+00
    96.0000   .31421E+00   .15617E+00
   100.0000   .30830E+00   .15349E+00
   104.0000   .30145E+00   .15064E+00
   108.0000   .29382E+00   .14764E+00
   112.0000   .28557E+00   .14448E+00
   116.0000   .27682E+00   .14119E+00
   120.0000   .26771E+00   .13775E+00
   124.0000   .25833E+00   .13420E+00
   128.0000   .24879E+00   .13053E+00
   132.0000   .23917E+00   .12676E+00
   136.0000   .22954E+00   .12290E+00
   140.0000   .21997E+00   .11898E+00
   144.0000   .21050E+00   .11501E+00
   148.0000   .20120E+00   .11101E+00
   152.0000   .19208E+00   .10699E+00
   156.0000   .18318E+00   .10297E+00
   160.0000   .17453E+00   .98970E-01
   164.0000   .16614E+00   .95004E-01
   168.0000   .15803E+00   .91084E-01
   172.0000   .15021E+00   .87224E-01
   176.0000   .14267E+00   .83435E-01
   180.0000   .13544E+00   .79726E-01
   184.0000   .12850E+00   .76107E-01
   188.0000   .12185E+00   .72584E-01
   192.0000   .11550E+00   .69163E-01
   196.0000   .10944E+00   .65850E-01
   200.0000   .10365E+00   .62646E-01
   204.0000   .98136E-01   .59556E-01
   208.0000   .92889E-01   .56580E-01
   212.0000   .87899E-01   .53719E-01
   216.0000   .83158E-01   .50973E-01
   220.0000   .78655E-01   .48341E-01
   224.0000   .74383E-01   .45823E-01
   228.0000   .70332E-01   .43416E-01
   232.0000   .66492E-01   .41118E-01
   236.0000   .62854E-01   .38927E-01
   240.0000   .59410E-01   .36839E-01
   244.0000   .56149E-01   .34852E-01
   248.0000   .53064E-01   .32963E-01
   252.0000   .50146E-01   .31168E-01
   256.0000   .47387E-01   .29464E-01
   260.0000   .44779E-01   .27846E-01
   264.0000   .42314E-01   .26313E-01
   268.0000   .39984E-01   .24860E-01
   272.0000   .37783E-01   .23484E-01
   276.0000   .35705E-01   .22181E-01
   280.0000   .33741E-01   .20948E-01
   284.0000   .31887E-01   .19782E-01
   288.0000   .30136E-01   .18679E-01
   292.0000   .28483E-01   .17637E-01
   296.0000   .26922E-01   .16652E-01
   300.0000   .25449E-01   .15721E-01
   304.0000   .24058E-01   .14843E-01
   308.0000   .22745E-01   .14013E-01
   312.0000   .21505E-01   .13230E-01
   316.0000   .20335E-01   .12490E-01
   320.0000   .19230E-01   .11793E-01
   324.0000   .18188E-01   .11134E-01
   328.0000   .17203E-01   .10513E-01
   332.0000   .16274E-01   .99269E-02
   336.0000   .15396E-01   .93741E-02
   340.0000   .14568E-01   .88527E-02
   344.0000   .13785E-01   .83608E-02
   348.0000   .13047E-01   .78969E-02
   352.0000   .12349E-01   .74593E-02
   356.0000   .11690E-01   .70467E-02
   360.0000   .11068E-01   .66574E-02
   364.0000   .10480E-01   .62903E-02
   368.0000   .99251E-02   .59441E-02
   372.0000   .94005E-02   .56175E-02
   376.0000   .89049E-02   .53094E-02
   380.0000   .84365E-02   .50188E-02
   384.0000   .79939E-02   .47447E-02
   388.0000   .75755E-02   .44861E-02
   392.0000   .71801E-02   .42421E-02
   396.0000   .68062E-02   .40119E-02
   400.0000   .64528E-02   .37946E-02
