$

     *******************************************************************
     *                                                                 *
     *     CXTFIT VERSION 2.0 (1/2/95)                                 *
     *     ANALYTICAL SOLUTIONS FOR ONE-DIMENSIONAL CDE                *
     *     DIRECT PROBLRM                                              *
     *                                                                 *
     *     Fig.7-7a. Two-site CDE (R=5, Alpha=0.08,f=0.3)              *
     *      Same Beta*R for different sets of R,Alpha,f (Dirac input)  *
     *                                                                 *
     *     DATA INPUT FILE:  FIG7-7A.IN                                *
     *                                                                 *
     *******************************************************************


     MODEL DESCRIPTION
     =================
        DETERMINISTIC NONEQUILIBRIUM CDE (MODE=2)
        FLUX-AVERAGED CONCENTRATION
        REAL TIME (t), POSITION(x)
          (D AND V ARE DIMENSIONAL;
              R,beta,omega,mu, AND gamma ARE DIMENSIONLESS)
        CHARACTERISTIC LENGTH =   50.0000
          FOR DIMENSIONLESS PARAMETERS


     INITIAL VALUES OF COEFFICIENTS
     ==============================
     NAME        INITIAL VALUE 
      V........     .2000E+02
      D........     .1000E+02
      R........     .5000E+01
      beta.....     .4400E+00
      omega....     .5600E+00
      mu1......     .0000E+00
      mu2......     .0000E+00


     BOUNDARY, INITIAL, AND PRODUCTION CONDITIONS
     ===========================================
       DIRAC DELTA INPUT , MASS =   1.0000
       SOLUTE FREE INITIAL CONDITION
       NO PRODUCTION TERM 
 
 
$ Z= 50.0000     (FLUX CONC. VS. TIME)
$ Sum(C1*dT)=       .8207, Sum(C2*dT)=       .5062
      .0000   .00000E+00   .00000E+00
      .2000   .00000E+00   .00000E+00
      .4000   .00000E+00   .00000E+00
      .6000   .00000E+00   .00000E+00
      .8000   .00000E+00   .00000E+00
     1.0000   .00000E+00   .00000E+00
     1.2000   .17048E-29   .00000E+00
     1.4000   .68641E-23   .00000E+00
     1.6000   .47608E-18   .00000E+00
     1.8000   .22090E-14   .00000E+00
     2.0000   .15468E-11   .00000E+00
     2.2000   .27418E-09   .00000E+00
     2.4000   .17364E-07   .00000E+00
     2.6000   .49927E-06   .23403E-08
     2.8000   .77113E-05   .46024E-07
     3.0000   .72532E-04   .52163E-06
     3.2000   .45620E-03   .39294E-05
     3.4000   .20608E-02   .21204E-04
     3.6000   .70675E-02   .86793E-04
     3.8000   .19226E-01   .28192E-03
     4.0000   .42969E-01   .75366E-03
     4.2000   .81164E-01   .17082E-02
     4.4000   .13262E+00   .33644E-02
     4.6000   .19111E+00   .58783E-02
     4.8000   .24681E+00   .92725E-02
     5.0000   .28958E+00   .13406E-01
     5.2000   .31231E+00   .18000E-01
     5.4000   .31278E+00   .22704E-01
     5.6000   .29356E+00   .27178E-01
     5.8000   .26037E+00   .31156E-01
     6.0000   .21999E+00   .34478E-01
     6.2000   .17852E+00   .37091E-01
     6.4000   .14036E+00   .39025E-01
     6.6000   .10799E+00   .40367E-01
     6.8000   .82266E-01   .41227E-01
     7.0000   .62877E-01   .41716E-01
     7.2000   .48905E-01   .41934E-01
     7.4000   .39210E-01   .41963E-01
     7.6000   .32689E-01   .41864E-01
     7.8000   .28408E-01   .41682E-01
     8.0000   .25641E-01   .41447E-01
     8.2000   .23862E-01   .41181E-01
     8.4000   .22705E-01   .40897E-01
     8.6000   .21932E-01   .40601E-01
     8.8000   .21388E-01   .40300E-01
     9.0000   .20979E-01   .39997E-01
     9.2000   .20648E-01   .39692E-01
     9.4000   .20362E-01   .39388E-01
     9.6000   .20102E-01   .39084E-01
     9.8000   .19857E-01   .38780E-01
    10.0000   .19622E-01   .38478E-01
    10.2000   .19392E-01   .38177E-01
    10.4000   .19166E-01   .37877E-01
    10.6000   .18945E-01   .37578E-01
    10.8000   .18725E-01   .37281E-01
    11.0000   .18509E-01   .36984E-01
    11.2000   .18295E-01   .36690E-01
    11.4000   .18084E-01   .36396E-01
    11.6000   .17875E-01   .36104E-01
    11.8000   .17668E-01   .35813E-01
    12.0000   .17463E-01   .35523E-01
    12.2000   .17261E-01   .35235E-01
    12.4000   .17061E-01   .34948E-01
    12.6000   .16863E-01   .34662E-01
    12.8000   .16668E-01   .34378E-01
    13.0000   .16474E-01   .34096E-01
    13.2000   .16283E-01   .33814E-01
    13.4000   .16094E-01   .33535E-01
    13.6000   .15907E-01   .33256E-01
    13.8000   .15722E-01   .32979E-01
    14.0000   .15539E-01   .32704E-01
    14.2000   .15358E-01   .32430E-01
    14.4000   .15180E-01   .32158E-01
    14.6000   .15003E-01   .31887E-01
    14.8000   .14828E-01   .31617E-01
    15.0000   .14655E-01   .31350E-01
    15.2000   .14484E-01   .31083E-01
    15.4000   .14315E-01   .30818E-01
    15.6000   .14148E-01   .30555E-01
    15.8000   .13983E-01   .30293E-01
    16.0000   .13820E-01   .30033E-01
    16.2000   .13658E-01   .29775E-01
    16.4000   .13498E-01   .29517E-01
    16.6000   .13340E-01   .29262E-01
    16.8000   .13184E-01   .29008E-01
    17.0000   .13030E-01   .28756E-01
    17.2000   .12877E-01   .28505E-01
    17.4000   .12726E-01   .28255E-01
    17.6000   .12577E-01   .28008E-01
    17.8000   .12430E-01   .27762E-01
    18.0000   .12284E-01   .27517E-01
    18.2000   .12139E-01   .27274E-01
    18.4000   .11997E-01   .27033E-01
    18.6000   .11856E-01   .26793E-01
    18.8000   .11716E-01   .26555E-01
    19.0000   .11579E-01   .26318E-01
    19.2000   .11442E-01   .26083E-01
    19.4000   .11308E-01   .25850E-01
    19.6000   .11175E-01   .25618E-01
    19.8000   .11043E-01   .25388E-01
    20.0000   .10913E-01   .25159E-01
$

     *******************************************************************
     *                                                                 *
     *     CXTFIT VERSION 2.0 (1/2/95)                                 *
     *     ANALYTICAL SOLUTIONS FOR ONE-DIMENSIONAL CDE                *
     *     DIRECT PROBLRM                                              *
     *                                                                 *
     *     Fig.7-7a. Two-site CDE (R=10,Alpha=0.028,f=0.135)           *
     *      Same Beta*R for different sets of R,Alpha,f (Dirac input)  *
     *                                                                 *
     *     DATA INPUT FILE:  FIG7-7A.IN                                *
     *                                                                 *
     *******************************************************************


     MODEL DESCRIPTION
     =================
        DETERMINISTIC NONEQUILIBRIUM CDE (MODE=2)
        FLUX-AVERAGED CONCENTRATION
        REAL TIME (t), POSITION(x)
          (D AND V ARE DIMENSIONAL;
              R,beta,omega,mu, AND gamma ARE DIMENSIONLESS)
        CHARACTERISTIC LENGTH =   50.0000
          FOR DIMENSIONLESS PARAMETERS


     INITIAL VALUES OF COEFFICIENTS
     ==============================
     NAME        INITIAL VALUE 
      V........     .2000E+02
      D........     .1000E+02
      R........     .1000E+02
      beta.....     .2200E+00
      omega....     .5500E+00
      mu1......     .0000E+00
      mu2......     .0000E+00


     BOUNDARY, INITIAL, AND PRODUCTION CONDITIONS
     ===========================================
       DIRAC DELTA INPUT , MASS =   1.0000
       SOLUTE FREE INITIAL CONDITION
       NO PRODUCTION TERM 
 
 
$ Z= 50.0000     (FLUX CONC. VS. TIME)
$ Sum(C1*dT)=       .6896, Sum(C2*dT)=       .2156
      .0000   .00000E+00   .00000E+00
      .2000   .00000E+00   .00000E+00
      .4000   .00000E+00   .00000E+00
      .6000   .00000E+00   .00000E+00
      .8000   .00000E+00   .00000E+00
     1.0000   .00000E+00   .00000E+00
     1.2000   .17085E-29   .00000E+00
     1.4000   .68816E-23   .00000E+00
     1.6000   .47747E-18   .00000E+00
     1.8000   .22163E-14   .00000E+00
     2.0000   .15525E-11   .00000E+00
     2.2000   .27528E-09   .00000E+00
     2.4000   .17440E-07   .00000E+00
     2.6000   .50123E-06   .83054E-09
     2.8000   .77422E-05   .16350E-07
     3.0000   .72827E-04   .18545E-06
     3.2000   .45805E-03   .13981E-05
     3.4000   .20689E-02   .75514E-05
     3.6000   .70939E-02   .30938E-04
     3.8000   .19291E-01   .10059E-03
     4.0000   .43091E-01   .26920E-03
     4.2000   .81334E-01   .61085E-03
     4.4000   .13276E+00   .12046E-02
     4.6000   .19104E+00   .21077E-02
     4.8000   .24623E+00   .33299E-02
     5.0000   .28815E+00   .48226E-02
     5.2000   .30965E+00   .64874E-02
     5.4000   .30862E+00   .82001E-02
     5.6000   .28771E+00   .98393E-02
     5.8000   .25281E+00   .11309E-01
     6.0000   .21083E+00   .12551E-01
     6.2000   .16797E+00   .13545E-01
     6.4000   .12869E+00   .14301E-01
     6.6000   .95475E-01   .14847E-01
     6.8000   .69156E-01   .15223E-01
     7.0000   .49395E-01   .15468E-01
     7.2000   .35227E-01   .15617E-01
     7.4000   .25470E-01   .15698E-01
     7.6000   .18983E-01   .15733E-01
     7.8000   .14802E-01   .15739E-01
     8.0000   .12179E-01   .15726E-01
     8.2000   .10570E-01   .15701E-01
     8.4000   .96004E-02   .15669E-01
     8.6000   .90231E-02   .15633E-01
     8.8000   .86799E-02   .15595E-01
     9.0000   .84732E-02   .15555E-01
     9.2000   .83445E-02   .15515E-01
     9.4000   .82596E-02   .15475E-01
     9.6000   .81988E-02   .15434E-01
     9.8000   .81511E-02   .15393E-01
    10.0000   .81104E-02   .15352E-01
    10.2000   .80735E-02   .15311E-01
    10.4000   .80387E-02   .15270E-01
    10.6000   .80049E-02   .15230E-01
    10.8000   .79717E-02   .15189E-01
    11.0000   .79389E-02   .15148E-01
    11.2000   .79064E-02   .15108E-01
    11.4000   .78740E-02   .15067E-01
    11.6000   .78418E-02   .15026E-01
    11.8000   .78098E-02   .14986E-01
    12.0000   .77778E-02   .14945E-01
    12.2000   .77460E-02   .14905E-01
    12.4000   .77143E-02   .14865E-01
    12.6000   .76828E-02   .14824E-01
    12.8000   .76514E-02   .14784E-01
    13.0000   .76201E-02   .14744E-01
    13.2000   .75889E-02   .14704E-01
    13.4000   .75578E-02   .14664E-01
    13.6000   .75269E-02   .14624E-01
    13.8000   .74961E-02   .14584E-01
    14.0000   .74654E-02   .14544E-01
    14.2000   .74348E-02   .14504E-01
    14.4000   .74043E-02   .14464E-01
    14.6000   .73740E-02   .14424E-01
    14.8000   .73438E-02   .14384E-01
    15.0000   .73137E-02   .14345E-01
    15.2000   .72837E-02   .14305E-01
    15.4000   .72538E-02   .14265E-01
    15.6000   .72241E-02   .14226E-01
    15.8000   .71944E-02   .14186E-01
    16.0000   .71649E-02   .14147E-01
    16.2000   .71355E-02   .14108E-01
    16.4000   .71062E-02   .14068E-01
    16.6000   .70771E-02   .14029E-01
    16.8000   .70480E-02   .13990E-01
    17.0000   .70191E-02   .13951E-01
    17.2000   .69902E-02   .13912E-01
    17.4000   .69615E-02   .13873E-01
    17.6000   .69329E-02   .13834E-01
    17.8000   .69044E-02   .13795E-01
    18.0000   .68761E-02   .13756E-01
    18.2000   .68478E-02   .13717E-01
    18.4000   .68197E-02   .13679E-01
    18.6000   .67916E-02   .13640E-01
    18.8000   .67637E-02   .13601E-01
    19.0000   .67359E-02   .13563E-01
    19.2000   .67081E-02   .13524E-01
    19.4000   .66805E-02   .13486E-01
    19.6000   .66530E-02   .13447E-01
    19.8000   .66257E-02   .13409E-01
    20.0000   .65984E-02   .13371E-01
