$

     *******************************************************************
     *                                                                 *
     *     CXTFIT VERSION 2.0 (1/2/95)                                 *
     *     ANALYTICAL SOLUTIONS FOR ONE-DIMENSIONAL CDE                *
     *     DIRECT PROBLRM                                              *
     *                                                                 *
     *     Fig.7-6a. Two-site CDE (Alpha=0.08,f=1 one-site model, Beta=*
     *      Effect of the fraction of equilibrium site, f              *
     *                                                                 *
     *     DATA INPUT FILE:  FIG7-6A.IN                                *
     *                                                                 *
     *******************************************************************


     MODEL DESCRIPTION
     =================
        DETERMINISTIC NONEQUILIBRIUM CDE (MODE=2)
        FLUX-AVERAGED CONCENTRATION
        REAL TIME (t), POSITION(x)
          (D AND V ARE DIMENSIONAL;
              R,beta,omega,mu, AND gamma ARE DIMENSIONLESS)
        CHARACTERISTIC LENGTH =   50.0000
          FOR DIMENSIONLESS PARAMETERS


     INITIAL VALUES OF COEFFICIENTS
     ==============================
     NAME        INITIAL VALUE
      V........     .2000E+02
      D........     .1000E+02
      R........     .5000E+01
      beta.....     .2000E+00
      omega....     .8000E+00
      mu1......     .0000E+00
      mu2......     .0000E+00


     BOUNDARY, INITIAL, AND PRODUCTION CONDITIONS
     ===========================================
       DIRAC DELTA INPUT , MASS =   1.0000
       SOLUTE FREE INITIAL CONDITION
       NO PRODUCTION TERM


$ Z= 50.0000     (FLUX CONC. VS. TIME)
$ Sum(C1*dT)=       .7853, Sum(C2*dT)=       .5120
      .0000   .00000E+00   .00000E+00
      .2000   .00000E+00   .00000E+00
      .4000   .00000E+00   .00000E+00
      .6000   .58709E-25   .00000E+00
      .8000   .98778E-15   .00000E+00
     1.0000   .54798E-09   .00000E+00
     1.2000   .17697E-05   .41099E-08
     1.4000   .30390E-03   .10768E-05
     1.6000   .83818E-02   .44094E-04
     1.8000   .68536E-01   .53575E-03
     2.0000   .23993E+00   .28318E-02
     2.2000   .45450E+00   .83599E-02
     2.4000   .54515E+00   .16406E-01
     2.6000   .46309E+00   .24330E-01
     2.8000   .30417E+00   .30050E-01
     3.0000   .16807E+00   .33251E-01
     3.2000   .87037E-01   .34675E-01
     3.4000   .49036E-01   .35161E-01
     3.6000   .34045E-01   .35243E-01
     3.8000   .28795E-01   .35174E-01
     4.0000   .27030E-01   .35057E-01
     4.2000   .26362E-01   .34923E-01
     4.4000   .26005E-01   .34784E-01
     4.6000   .25730E-01   .34643E-01
     4.8000   .25476E-01   .34499E-01
     5.0000   .25229E-01   .34354E-01
     5.2000   .24985E-01   .34207E-01
     5.4000   .24743E-01   .34059E-01
     5.6000   .24503E-01   .33909E-01
     5.8000   .24265E-01   .33758E-01
     6.0000   .24029E-01   .33605E-01
     6.2000   .23795E-01   .33452E-01
     6.4000   .23563E-01   .33296E-01
     6.6000   .23333E-01   .33140E-01
     6.8000   .23105E-01   .32983E-01
     7.0000   .22879E-01   .32824E-01
     7.2000   .22655E-01   .32664E-01
     7.4000   .22433E-01   .32504E-01
     7.6000   .22213E-01   .32342E-01
     7.8000   .21995E-01   .32180E-01
     8.0000   .21779E-01   .32016E-01
     8.2000   .21564E-01   .31852E-01
     8.4000   .21352E-01   .31687E-01
     8.6000   .21141E-01   .31521E-01
     8.8000   .20932E-01   .31355E-01
     9.0000   .20725E-01   .31188E-01
     9.2000   .20520E-01   .31020E-01
     9.4000   .20316E-01   .30852E-01
     9.6000   .20115E-01   .30683E-01
     9.8000   .19915E-01   .30514E-01
    10.0000   .19717E-01   .30344E-01
    10.2000   .19521E-01   .30174E-01
    10.4000   .19326E-01   .30003E-01
    10.6000   .19133E-01   .29832E-01
    10.8000   .18942E-01   .29661E-01
    11.0000   .18753E-01   .29489E-01
    11.2000   .18565E-01   .29317E-01
    11.4000   .18379E-01   .29145E-01
    11.6000   .18195E-01   .28973E-01
    11.8000   .18012E-01   .28800E-01
    12.0000   .17831E-01   .28627E-01
    12.2000   .17652E-01   .28455E-01
    12.4000   .17474E-01   .28282E-01
    12.6000   .17298E-01   .28109E-01
    12.8000   .17124E-01   .27936E-01
    13.0000   .16951E-01   .27763E-01
    13.2000   .16780E-01   .27590E-01
    13.4000   .16610E-01   .27417E-01
    13.6000   .16442E-01   .27244E-01
    13.8000   .16275E-01   .27071E-01
    14.0000   .16110E-01   .26899E-01
    14.2000   .15946E-01   .26726E-01
    14.4000   .15784E-01   .26554E-01
    14.6000   .15624E-01   .26381E-01
    14.8000   .15465E-01   .26209E-01
    15.0000   .15307E-01   .26038E-01
    15.2000   .15151E-01   .25866E-01
    15.4000   .14996E-01   .25695E-01
    15.6000   .14843E-01   .25524E-01
    15.8000   .14691E-01   .25353E-01
    16.0000   .14541E-01   .25182E-01
    16.2000   .14392E-01   .25012E-01
    16.4000   .14244E-01   .24843E-01
    16.6000   .14098E-01   .24673E-01
    16.8000   .13953E-01   .24504E-01
    17.0000   .13810E-01   .24336E-01
    17.2000   .13667E-01   .24167E-01
    17.4000   .13527E-01   .24000E-01
    17.6000   .13387E-01   .23832E-01
    17.8000   .13249E-01   .23665E-01
    18.0000   .13112E-01   .23499E-01
    18.2000   .12977E-01   .23333E-01
    18.4000   .12843E-01   .23168E-01
    18.6000   .12710E-01   .23003E-01
    18.8000   .12578E-01   .22838E-01
    19.0000   .12448E-01   .22674E-01
    19.2000   .12318E-01   .22511E-01
    19.4000   .12190E-01   .22348E-01
    19.6000   .12064E-01   .22186E-01
    19.8000   .11938E-01   .22024E-01
    20.0000   .11814E-01   .21863E-01
$

     *******************************************************************
     *                                                                 *
     *     CXTFIT VERSION 2.0 (1/2/95)                                 *
     *     ANALYTICAL SOLUTIONS FOR ONE-DIMENSIONAL CDE                *
     *     DIRECT PROBLRM                                              *
     *                                                                 *
     *     Fig.7-6a. Two-site CDE (Alpha=0.08,f=0.7)                   *
     *      Effect of the fraction of equilibrium site, f              *
     *                                                                 *
     *     DATA INPUT FILE:  FIG7-6A.IN                                *
     *                                                                 *
     *******************************************************************


     MODEL DESCRIPTION
     =================
        DETERMINISTIC NONEQUILIBRIUM CDE (MODE=2)
        FLUX-AVERAGED CONCENTRATION
        REAL TIME (t), POSITION(x)
          (D AND V ARE DIMENSIONAL;
              R,beta,omega,mu, AND gamma ARE DIMENSIONLESS)
        CHARACTERISTIC LENGTH =   50.0000
          FOR DIMENSIONLESS PARAMETERS


     INITIAL VALUES OF COEFFICIENTS
     ==============================
     NAME        INITIAL VALUE
      V........     .2000E+02
      D........     .1000E+02
      R........     .5000E+01
      beta.....     .4400E+00
      omega....     .5600E+00
      mu1......     .0000E+00
      mu2......     .0000E+00


     BOUNDARY, INITIAL, AND PRODUCTION CONDITIONS
     ===========================================
       DIRAC DELTA INPUT , MASS =   1.0000
       SOLUTE FREE INITIAL CONDITION
       NO PRODUCTION TERM


$ Z= 50.0000     (FLUX CONC. VS. TIME)
$ Sum(C1*dT)=       .8207, Sum(C2*dT)=       .5062
      .0000   .00000E+00   .00000E+00
      .2000   .00000E+00   .00000E+00
      .4000   .00000E+00   .00000E+00
      .6000   .00000E+00   .00000E+00
      .8000   .00000E+00   .00000E+00
     1.0000   .00000E+00   .00000E+00
     1.2000   .17048E-29   .00000E+00
     1.4000   .68641E-23   .00000E+00
     1.6000   .47608E-18   .00000E+00
     1.8000   .22090E-14   .00000E+00
     2.0000   .15468E-11   .00000E+00
     2.2000   .27418E-09   .00000E+00
     2.4000   .17364E-07   .00000E+00
     2.6000   .49927E-06   .23403E-08
     2.8000   .77113E-05   .46024E-07
     3.0000   .72532E-04   .52163E-06
     3.2000   .45620E-03   .39294E-05
     3.4000   .20608E-02   .21204E-04
     3.6000   .70675E-02   .86793E-04
     3.8000   .19226E-01   .28192E-03
     4.0000   .42969E-01   .75366E-03
     4.2000   .81164E-01   .17082E-02
     4.4000   .13262E+00   .33644E-02
     4.6000   .19111E+00   .58783E-02
     4.8000   .24681E+00   .92725E-02
     5.0000   .28958E+00   .13406E-01
     5.2000   .31231E+00   .18000E-01
     5.4000   .31278E+00   .22704E-01
     5.6000   .29356E+00   .27178E-01
     5.8000   .26037E+00   .31156E-01
     6.0000   .21999E+00   .34478E-01
     6.2000   .17852E+00   .37091E-01
     6.4000   .14036E+00   .39025E-01
     6.6000   .10799E+00   .40367E-01
     6.8000   .82266E-01   .41227E-01
     7.0000   .62877E-01   .41716E-01
     7.2000   .48905E-01   .41934E-01
     7.4000   .39210E-01   .41963E-01
     7.6000   .32689E-01   .41864E-01
     7.8000   .28408E-01   .41682E-01
     8.0000   .25641E-01   .41447E-01
     8.2000   .23862E-01   .41181E-01
     8.4000   .22705E-01   .40897E-01
     8.6000   .21932E-01   .40601E-01
     8.8000   .21388E-01   .40300E-01
     9.0000   .20979E-01   .39997E-01
     9.2000   .20648E-01   .39692E-01
     9.4000   .20362E-01   .39388E-01
     9.6000   .20102E-01   .39084E-01
     9.8000   .19857E-01   .38780E-01
    10.0000   .19622E-01   .38478E-01
    10.2000   .19392E-01   .38177E-01
    10.4000   .19166E-01   .37877E-01
    10.6000   .18945E-01   .37578E-01
    10.8000   .18725E-01   .37281E-01
    11.0000   .18509E-01   .36984E-01
    11.2000   .18295E-01   .36690E-01
    11.4000   .18084E-01   .36396E-01
    11.6000   .17875E-01   .36104E-01
    11.8000   .17668E-01   .35813E-01
    12.0000   .17463E-01   .35523E-01
    12.2000   .17261E-01   .35235E-01
    12.4000   .17061E-01   .34948E-01
    12.6000   .16863E-01   .34662E-01
    12.8000   .16668E-01   .34378E-01
    13.0000   .16474E-01   .34096E-01
    13.2000   .16283E-01   .33814E-01
    13.4000   .16094E-01   .33535E-01
    13.6000   .15907E-01   .33256E-01
    13.8000   .15722E-01   .32979E-01
    14.0000   .15539E-01   .32704E-01
    14.2000   .15358E-01   .32430E-01
    14.4000   .15180E-01   .32158E-01
    14.6000   .15003E-01   .31887E-01
    14.8000   .14828E-01   .31617E-01
    15.0000   .14655E-01   .31350E-01
    15.2000   .14484E-01   .31083E-01
    15.4000   .14315E-01   .30818E-01
    15.6000   .14148E-01   .30555E-01
    15.8000   .13983E-01   .30293E-01
    16.0000   .13820E-01   .30033E-01
    16.2000   .13658E-01   .29775E-01
    16.4000   .13498E-01   .29517E-01
    16.6000   .13340E-01   .29262E-01
    16.8000   .13184E-01   .29008E-01
    17.0000   .13030E-01   .28756E-01
    17.2000   .12877E-01   .28505E-01
    17.4000   .12726E-01   .28255E-01
    17.6000   .12577E-01   .28008E-01
    17.8000   .12430E-01   .27762E-01
    18.0000   .12284E-01   .27517E-01
    18.2000   .12139E-01   .27274E-01
    18.4000   .11997E-01   .27033E-01
    18.6000   .11856E-01   .26793E-01
    18.8000   .11716E-01   .26555E-01
    19.0000   .11579E-01   .26318E-01
    19.2000   .11442E-01   .26083E-01
    19.4000   .11308E-01   .25850E-01
    19.6000   .11175E-01   .25618E-01
    19.8000   .11043E-01   .25388E-01
    20.0000   .10913E-01   .25159E-01
$

     *******************************************************************
     *                                                                 *
     *     CXTFIT VERSION 2.0 (1/2/95)                                 *
     *     ANALYTICAL SOLUTIONS FOR ONE-DIMENSIONAL CDE                *
     *     DIRECT PROBLRM                                              *
     *                                                                 *
     *     Fig.7-6a. Two-site CDE (Alpha=0.08,f=0.7)                   *
     *      Effect of the fraction of equilibrium site, f              *
     *                                                                 *
     *     DATA INPUT FILE:  FIG7-6A.IN                                *
     *                                                                 *
     *******************************************************************


     MODEL DESCRIPTION
     =================
        DETERMINISTIC NONEQUILIBRIUM CDE (MODE=2)
        FLUX-AVERAGED CONCENTRATION
        REAL TIME (t), POSITION(x)
          (D AND V ARE DIMENSIONAL;
              R,beta,omega,mu, AND gamma ARE DIMENSIONLESS)
        CHARACTERISTIC LENGTH =   50.0000
          FOR DIMENSIONLESS PARAMETERS


     INITIAL VALUES OF COEFFICIENTS
     ==============================
     NAME        INITIAL VALUE
      V........     .2000E+02
      D........     .1000E+02
      R........     .5000E+01
      beta.....     .7600E+00
      omega....     .2400E+00
      mu1......     .0000E+00
      mu2......     .0000E+00


     BOUNDARY, INITIAL, AND PRODUCTION CONDITIONS
     ===========================================
       DIRAC DELTA INPUT , MASS =   1.0000
       SOLUTE FREE INITIAL CONDITION
       NO PRODUCTION TERM


$ Z= 50.0000     (FLUX CONC. VS. TIME)
$ Sum(C1*dT)=       .8971, Sum(C2*dT)=       .4857
      .0000   .00000E+00   .00000E+00
      .2000   .00000E+00   .00000E+00
      .4000   .00000E+00   .00000E+00
      .6000   .00000E+00   .00000E+00
      .8000   .00000E+00   .00000E+00
     1.0000   .00000E+00   .00000E+00
     1.2000   .00000E+00   .00000E+00
     1.4000   .00000E+00   .00000E+00
     1.6000   .00000E+00   .00000E+00
     1.8000   .00000E+00   .00000E+00
     2.0000   .00000E+00   .00000E+00
     2.2000   .52217E-27   .00000E+00
     2.4000   .21745E-23   .00000E+00
     2.6000   .22928E-20   .00000E+00
     2.8000   .82220E-18   .00000E+00
     3.0000   .12448E-15   .00000E+00
     3.2000   .93570E-14   .00000E+00
     3.4000   .39529E-12   .00000E+00
     3.6000   .10334E-10   .00000E+00
     3.8000   .18041E-09   .00000E+00
     4.0000   .22348E-08   .00000E+00
     4.2000   .20635E-07   .00000E+00
     4.4000   .14795E-06   .92533E-09
     4.6000   .85063E-06   .74095E-08
     4.8000   .40329E-05   .40304E-07
     5.0000   .16139E-04   .18027E-06
     5.2000   .55599E-04   .69050E-06
     5.4000   .16767E-03   .23102E-05
     5.6000   .44905E-03   .68555E-05
     5.8000   .10813E-02   .18276E-04
     6.0000   .23660E-02   .44252E-04
     6.2000   .47488E-02   .98261E-04
     6.4000   .88147E-02   .20178E-03
     6.6000   .15240E-01   .38605E-03
     6.8000   .24697E-01   .69269E-03
     7.0000   .37727E-01   .11724E-02
     7.2000   .54595E-01   .18818E-02
     7.4000   .75174E-01   .28777E-02
     7.6000   .98886E-01   .42105E-02
     7.8000   .12471E+00   .59169E-02
     8.0000   .15128E+00   .80140E-02
     8.2000   .17701E+00   .10495E-01
     8.4000   .20033E+00   .13328E-01
     8.6000   .21981E+00   .16457E-01
     8.8000   .23434E+00   .19808E-01
     9.0000   .24325E+00   .23292E-01
     9.2000   .24629E+00   .26815E-01
     9.4000   .24367E+00   .30285E-01
     9.6000   .23595E+00   .33617E-01
     9.8000   .22396E+00   .36738E-01
    10.0000   .20867E+00   .39592E-01
    10.2000   .19113E+00   .42138E-01
    10.4000   .17233E+00   .44354E-01
    10.6000   .15317E+00   .46233E-01
    10.8000   .13439E+00   .47780E-01
    11.0000   .11657E+00   .49011E-01
    11.2000   .10012E+00   .49951E-01
    11.4000   .85290E-01   .50627E-01
    11.6000   .72197E-01   .51070E-01
    11.8000   .60853E-01   .51313E-01
    12.0000   .51189E-01   .51385E-01
    12.2000   .43079E-01   .51316E-01
    12.4000   .36366E-01   .51130E-01
    12.6000   .30878E-01   .50850E-01
    12.8000   .26440E-01   .50497E-01
    13.0000   .22886E-01   .50085E-01
    13.2000   .20063E-01   .49630E-01
    13.4000   .17836E-01   .49143E-01
    13.6000   .16088E-01   .48631E-01
    13.8000   .14720E-01   .48103E-01
    14.0000   .13649E-01   .47564E-01
    14.2000   .12810E-01   .47019E-01
    14.4000   .12148E-01   .46471E-01
    14.6000   .11622E-01   .45922E-01
    14.8000   .11199E-01   .45374E-01
    15.0000   .10852E-01   .44828E-01
    15.2000   .10563E-01   .44287E-01
    15.4000   .10316E-01   .43749E-01
    15.6000   .10102E-01   .43217E-01
    15.8000   .99102E-02   .42690E-01
    16.0000   .97363E-02   .42168E-01
    16.2000   .95753E-02   .41652E-01
    16.4000   .94241E-02   .41142E-01
    16.6000   .92803E-02   .40637E-01
    16.8000   .91422E-02   .40138E-01
    17.0000   .90087E-02   .39645E-01
    17.2000   .88789E-02   .39158E-01
    17.4000   .87521E-02   .38676E-01
    17.6000   .86279E-02   .38200E-01
    17.8000   .85061E-02   .37730E-01
    18.0000   .83864E-02   .37265E-01
    18.2000   .82686E-02   .36806E-01
    18.4000   .81527E-02   .36352E-01
    18.6000   .80385E-02   .35903E-01
    18.8000   .79260E-02   .35460E-01
    19.0000   .78151E-02   .35022E-01
    19.2000   .77057E-02   .34590E-01
    19.4000   .75980E-02   .34162E-01
    19.6000   .74917E-02   .33739E-01
    19.8000   .73869E-02   .33322E-01
    20.0000   .72836E-02   .32910E-01
$

     *******************************************************************
     *                                                                 *
     *     CXTFIT VERSION 2.0 (1/2/95)                                 *
     *     ANALYTICAL SOLUTIONS FOR ONE-DIMENSIONAL CDE                *
     *     DIRECT PROBLRM                                              *
     *                                                                 *
     *     Fig.7-6a. Two-site CDE (f=1, equilibrium CDE, MODE=1)       *
     *      Effect of the fraction of equilibrium site, f              *
     *                                                                 *
     *     DATA INPUT FILE:  FIG7-6A.IN                                *
     *                                                                 *
     *******************************************************************


     MODEL DESCRIPTION
     =================
        DETERMINISTIC EQUILIBRIUM CDE (MODE=1)
        FLUX-AVERAGED CONCENTRATION
        REAL TIME (t), POSITION(x)
          (D,V,mu, AND gamma ARE ALSO DIMENSIONAL)


     INITIAL VALUES OF COEFFICIENTS
     ==============================
     NAME        INITIAL VALUE
      V........     .2000E+02
      D........     .1000E+02
      R........     .5000E+01
      mu.......     .0000E+00


     BOUNDARY, INITIAL, AND PRODUCTION CONDITIONS
     ===========================================
       DIRAC DELTA INPUT , MASS =   1.0000
       SOLUTE FREE INITIAL CONDITION
       NO PRODUCTION TERM


$ Z= 50.0000     (FLUX CONC. VS. TIME)
$ Sum(C*dT)=       .9997
$   TIME          C
      .0000   .00000E+00
      .2000   .00000E+00
      .4000   .00000E+00
      .6000   .00000E+00
      .8000   .00000E+00
     1.0000   .00000E+00
     1.2000   .00000E+00
     1.4000   .00000E+00
     1.6000   .00000E+00
     1.8000   .00000E+00
     2.0000   .00000E+00
     2.2000   .00000E+00
     2.4000   .00000E+00
     2.6000   .00000E+00
     2.8000   .13817E-28
     3.0000   .14227E-25
     3.2000   .58183E-23
     3.4000   .11127E-20
     3.6000   .11299E-18
     3.8000   .67337E-17
     4.0000   .25519E-15
     4.2000   .65622E-14
     4.4000   .12073E-12
     4.6000   .16605E-11
     4.8000   .17705E-10
     5.0000   .15093E-09
     5.2000   .10555E-08
     5.4000   .61918E-08
     5.6000   .31046E-07
     5.8000   .13525E-06
     6.0000   .51917E-06
     6.2000   .17778E-05
     6.4000   .54897E-05
     6.6000   .15431E-04
     6.8000   .39812E-04
     7.0000   .94986E-04
     7.2000   .21093E-03
     7.4000   .43856E-03
     7.6000   .85817E-03
     7.8000   .15879E-02
     8.0000   .27900E-02
     8.2000   .46727E-02
     8.4000   .74855E-02
     8.6000   .11506E-01
     8.8000   .17017E-01
     9.0000   .24279E-01
     9.2000   .33498E-01
     9.4000   .44788E-01
     9.6000   .58146E-01
     9.8000   .73432E-01
    10.0000   .90361E-01
    10.2000   .10851E+00
    10.4000   .12735E+00
    10.6000   .14624E+00
    10.8000   .16455E+00
    11.0000   .18159E+00
    11.2000   .19677E+00
    11.4000   .20956E+00
    11.6000   .21954E+00
    11.8000   .22644E+00
    12.0000   .23013E+00
    12.2000   .23062E+00
    12.4000   .22804E+00
    12.6000   .22264E+00
    12.8000   .21475E+00
    13.0000   .20475E+00
    13.2000   .19308E+00
    13.4000   .18017E+00
    13.6000   .16644E+00
    13.8000   .15229E+00
    14.0000   .13806E+00
    14.2000   .12406E+00
    14.4000   .11055E+00
    14.6000   .97714E-01
    14.8000   .85703E-01
    15.0000   .74611E-01
    15.2000   .64492E-01
    15.4000   .55364E-01
    15.6000   .47216E-01
    15.8000   .40013E-01
    16.0000   .33702E-01
    16.2000   .28221E-01
    16.4000   .23497E-01
    16.6000   .19459E-01
    16.8000   .16030E-01
    17.0000   .13138E-01
    17.2000   .10716E-01
    17.4000   .86991E-02
    17.6000   .70298E-02
    17.8000   .56560E-02
    18.0000   .45314E-02
    18.2000   .36155E-02
    18.4000   .28733E-02
    18.6000   .22748E-02
    18.8000   .17942E-02
    19.0000   .14101E-02
    19.2000   .11044E-02
    19.4000   .86203E-03
    19.6000   .67067E-03
    19.8000   .52014E-03
    20.0000   .40216E-03
