$

     *******************************************************************
     *                                                                 *
     *     CXTFIT VERSION 2.1 (4/17/99)                                *
     *     ANALYTICAL SOLUTIONS FOR ONE-DIMENSIONAL CDE                *
     *     NON-LINEAR LEAST-SQUARES ANALYSIS                           *
     *                                                                 *
     *     Fig.7-4: Estimation of duration time (MASS = 1 in Block B)  *
     *       EC (TDR) vs. Time at 10 cm  (After Dirk Mallants, No.121) *
     *                                                                 *
     *     DATA INPUT FILE:  Fig7-4.in                                 *
     *                                                                 *
     *******************************************************************


     MODEL DESCRIPTION
     =================
        DETERMINISTIC EQUILIBRIUM CDE (MODE=1)
        RESIDENT CONCENTRATION (THIRD-TYPE INPUT)
        REAL TIME (t), POSITION(x)
          (D,V,mu, AND gamma ARE ALSO DIMENSIONAL)


     INITIAL VALUES OF COEFFICIENTS
     ==============================
     NAME        INITIAL VALUE  FITTING   MIN VALUE     MAX VALUE
      V........     .3000E+01      Y      .1000E-01     .1000E+03
      D........     .1000E+01      Y      .1000E-01     .1000E+03
      R........     .1000E+01      N
      mu.......     .0000E+00      N
      Cin......     .1000E+01      N
      T2.......     .5000E+00      Y      .1000E+00     .2000E+01


     BOUNDARY, INITIAL, AND PRODUCTION CONDITIONS
     ===========================================
       <INITIAL ESTIMATE OF B.C.>
       SINGLE PULSE OF CONC. =    1.0000 & DURATION =     .5000
       SOLUTE FREE INITIAL CONDITION
       NO PRODUCTION TERM 


     PARAMETER ESTIMATION MODE
     =========================
       MAXIMUM NUMBER OF ITERATIONS =  150
       DURATION TIME, T2, IS FITTED TO THE DATA
           .1000 < T2 <    2.0000


     ITER     SSQ        V....     D....     T2...
      0    .2119E+00  .300E+01  .100E+01  .500E+00
      1    .8301E-01  .289E+01  .201E+01  .437E+00
      2    .2789E-01  .276E+01  .453E+01  .555E+00
      3    .6952E-02  .252E+01  .813E+01  .686E+00
      4    .2783E-02  .238E+01  .111E+02  .773E+00
      5    .2365E-02  .235E+01  .125E+02  .802E+00
      6    .2349E-02  .234E+01  .128E+02  .807E+00
      7    .2349E-02  .234E+01  .128E+02  .808E+00
      8    .2349E-02  .234E+01  .128E+02  .808E+00



     COVARIANCE MATRIX FOR FITTED PARAMETERS
     =======================================
                V....  D....  T2...
         V....  1.000
         D....  -.670  1.000
         T2...  -.873   .776  1.000

       RSQUARE FOR REGRESSION OF OBSERVED VS PREDICTED = .98309362
          (COEFFICIENT OF DETERMINATION)

       MEAN SQUARE FOR ERROR (MSE) =   .2796E-04


     NON-LINEAR LEAST SQUARES ANALYSIS, FINAL RESULTS
     ================================================

                                                95% CONFIDENCE LIMITS
      NAME      VALUE     S.E.COEFF. T-VALUE      LOWER        UPPER
      V....  .2339E+01   .4206E-01 .5561E+02   .2255E+01    .2422E+01
      D....  .1283E+02   .4878E+00 .2631E+02   .1186E+02    .1380E+02
      T2...  .8076E+00   .1873E-01 .4313E+02   .7704E+00    .8449E+00


     ------------------ORDERED BY COMPUTER INPUT-------------------
                                        CONCENTRATION         RESI-
$    NO    DISTANCE       TIME        OBS        FITTED       DUAL
      1     10.0000       .0000       .0000       .0000       .0000
      2     10.0000       .0167       .0000       .0000       .0000
      3     10.0000       .0833       .0000       .0000       .0000
      4     10.0000       .1667       .0002       .0000       .0002
      5     10.0000       .2500       .0032       .0000       .0032
      6     10.0000       .3333       .0059       .0002       .0057
      7     10.0000       .4167       .0100       .0008       .0092
      8     10.0000       .5000       .0129       .0022       .0107
      9     10.0000       .5833       .0179       .0046       .0133
     10     10.0000       .6667       .0233       .0082       .0151
     11     10.0000       .7500       .0286       .0129       .0157
     12     10.0000       .8333       .0336       .0187       .0149
     13     10.0000       .9167       .0399       .0255       .0144
     14     10.0000      1.0000       .0457       .0332       .0125
     15     10.0000      1.0833       .0490       .0417       .0073
     16     10.0000      1.1667       .0552       .0506       .0046
     17     10.0000      1.2500       .0601       .0596       .0005
     18     10.0000      1.3333       .0664       .0683      -.0019
     19     10.0000      1.4167       .0713       .0763      -.0050
     20     10.0000      1.5000       .0764       .0835      -.0071
     21     10.0000      1.5833       .0837       .0899      -.0062
     22     10.0000      1.6667       .0890       .0954      -.0064
     23     10.0000      1.7500       .0929       .1000      -.0071
     24     10.0000      1.8333       .0960       .1039      -.0079
     25     10.0000      1.9167       .0996       .1071      -.0075
     26     10.0000      2.0000       .1028       .1097      -.0069
     27     10.0000      2.1667       .1081       .1132      -.0051
     28     10.0000      2.3333       .1136       .1150      -.0014
     29     10.0000      2.5000       .1136       .1155      -.0019
     30     10.0000      2.6667       .1169       .1150       .0019
     31     10.0000      2.8333       .1166       .1137       .0029
     32     10.0000      3.0000       .1167       .1119       .0048
     33     10.0000      3.1667       .1147       .1097       .0050
     34     10.0000      3.3333       .1125       .1072       .0053
     35     10.0000      3.5000       .1105       .1045       .0060
     36     10.0000      3.6667       .1065       .1017       .0048
     37     10.0000      3.8333       .1043       .0988       .0055
     38     10.0000      4.0000       .1007       .0958       .0049
     39     10.0000      4.1667       .0985       .0929       .0056
     40     10.0000      4.3333       .0932       .0900       .0032
     41     10.0000      4.5000       .0918       .0871       .0047
     42     10.0000      4.6667       .0874       .0842       .0032
     43     10.0000      4.8333       .0822       .0815       .0007
     44     10.0000      5.0000       .0791       .0788       .0003
     45     10.0000      5.1667       .0771       .0761       .0010
     46     10.0000      5.3333       .0738       .0736       .0002
     47     10.0000      5.5000       .0712       .0711       .0001
     48     10.0000      5.6667       .0674       .0687      -.0013
     49     10.0000      5.8333       .0652       .0664      -.0012
     50     10.0000      6.0000       .0625       .0642      -.0017
     51     10.0000      6.3333       .0588       .0599      -.0011
     52     10.0000      6.6667       .0543       .0560      -.0017
     53     10.0000      7.0000       .0489       .0523      -.0034
     54     10.0000      7.3333       .0449       .0489      -.0040
     55     10.0000      7.6667       .0435       .0457      -.0022
     56     10.0000      8.0000       .0401       .0427      -.0026
     57     10.0000      8.3333       .0376       .0400      -.0024
     58     10.0000      8.6667       .0350       .0375      -.0025
     59     10.0000      9.0000       .0322       .0351      -.0029
     60     10.0000      9.5000       .0295       .0318      -.0023
     61     10.0000     10.0000       .0248       .0289      -.0041
     62     10.0000     10.5000       .0249       .0263      -.0014
     63     10.0000     11.0000       .0224       .0240      -.0016
     64     10.0000     11.5000       .0199       .0219      -.0020
     65     10.0000     12.0000       .0184       .0199      -.0015
     66     10.0000     12.5000       .0172       .0182      -.0010
     67     10.0000     13.0000       .0170       .0167       .0003
     68     10.0000     13.5000       .0150       .0152      -.0002
     69     10.0000     14.0000       .0144       .0140       .0004
     70     10.0000     14.5000       .0129       .0128       .0001
     71     10.0000     15.0000       .0118       .0117       .0001
     72     10.0000     21.0000       .0051       .0044       .0007
     73     10.0000     22.4167       .0032       .0035      -.0003
     74     10.0000     22.8333       .0032       .0033      -.0001
     75     10.0000     23.1667       .0035       .0031       .0004
     76     10.0000     23.6667       .0030       .0029       .0001
     77     10.0000     24.0000       .0020       .0028      -.0008
     78     10.0000     24.5000       .0031       .0025       .0006
     79     10.0000     25.0000       .0018       .0024      -.0006
     80     10.0000     26.0000       .0028       .0020       .0008
     81     10.0000     27.0000       .0011       .0017      -.0006
     82     10.0000     28.1667       .0017       .0015       .0002
     83     10.0000     29.1667       .0015       .0013       .0002
     84     10.0000     31.1667       .0010       .0010       .0000
     85     10.0000     32.5000       .0006       .0008      -.0002
     86     10.0000     35.0000       .0001       .0006      -.0005
     87     10.0000     35.8833       .0000       .0005      -.0005
