$

     *******************************************************************
     *                                                                 *
     *     CXTFIT VERSION 2.0 (1/2/95)                                 *
     *     ANALYTICAL SOLUTIONS FOR ONE-DIMENSIONAL CDE                *
     *     DIRECT PROBLRM                                              *
     *                                                                 *
     *     Fig.7-14a; Nonequilibrium field-scale transport (MODE=4)    *
     *         Negative correlation v-Kd (Alpha = 2.5), <cr>           *
     *                                                                 *
     *     DATA INPUT FILE:  fig7-14.in                                *
     *                                                                 *
     *******************************************************************


     MODEL DESCRIPTION
     =================
        STOCHASTIC ONE-SITE NONEQUILIBRIUM CDE WITH VARIABLE V & Kd (MODE=4)
         SD.D=0, LOCAL SCALE DISPERSION IS CONSTANT EVERYWHERE
          <R> = 1+RHO*<Kd>/THETA =    5.0000,  RHO/THETA =    4.0000
        ENSEMBLE AVERAGE OF RESIDENT CONCENTRATION (THIRD-TYPE INPUT)
        REAL TIME (t), POSITION(x)
          (D AND V ARE DIMENSIONAL;
              R,beta,omega,mu, AND gamma ARE DIMENSIONLESS)
        CHARACTERISTIC LENGTH =  100.0000
          FOR DIMENSIONLESS PARAMETERS
         DIMENSIONAL MEAN PHASE 2 CONC. <c2>


     INITIAL VALUES OF COEFFICIENTS
     ==============================
     NAME        INITIAL VALUE
      <V>......     .5000E+02
      <D>......     .2000E+02
      <Kd>.....     .1000E+01
      omega....     .2000E+02
      mu1......     .0000E+00
      mu2......     .0000E+00
      SD.v.....     .5000E+00
      SD.Kd....     .2000E+00
      SD.D.....     .0000E+00
     RhovKd....    -.1000E+01


     BOUNDARY, INITIAL, AND PRODUCTION CONDITIONS
     ===========================================
       DIRAC DELTA INPUT , MASS =   1.0000
         AMOUNT OF SOLUTE DEPENDS ON LOCAL V  (input=V delta/<V>)
       SOLUTE FREE INITIAL CONDITION
       NO PRODUCTION TERM


$ T=  1.00000     (CONC. VS. DEPTH)
$ Sum(C1*dZ) =    11.04183   Sum(s*dZ) =     9.71212
$    Z         <C1>           <s>          VAR(C1)       VAR(s)
      .0000   .37017E-01   .25190E+00   .13578E-02   .67987E-02
     1.0000   .93393E-01   .31615E+00   .39086E-02   .11288E-01
     2.0000   .14587E+00   .36167E+00   .64698E-02   .12765E-01
     3.0000   .19208E+00   .39127E+00   .82553E-02   .12006E-01
     4.0000   .23102E+00   .40790E+00   .91140E-02   .10373E-01
     5.0000   .26256E+00   .41430E+00   .92996E-02   .89152E-02
     6.0000   .28704E+00   .41284E+00   .91941E-02   .81618E-02
     7.0000   .30512E+00   .40554E+00   .91397E-02   .82454E-02
     8.0000   .31757E+00   .39403E+00   .93728E-02   .90654E-02
     9.0000   .32519E+00   .37962E+00   .10014E-01   .10417E-01
    10.0000   .32875E+00   .36331E+00   .11083E-01   .12073E-01
    11.0000   .32897E+00   .34590E+00   .12535E-01   .13832E-01
    12.0000   .32646E+00   .32797E+00   .14283E-01   .15536E-01
    13.0000   .32178E+00   .30995E+00   .16226E-01   .17078E-01
    14.0000   .31540E+00   .29216E+00   .18263E-01   .18388E-01
    15.0000   .30771E+00   .27482E+00   .20305E-01   .19434E-01
    16.0000   .29904E+00   .25810E+00   .22275E-01   .20207E-01
    17.0000   .28967E+00   .24208E+00   .24117E-01   .20717E-01
    18.0000   .27982E+00   .22684E+00   .25787E-01   .20983E-01
    19.0000   .26968E+00   .21240E+00   .27257E-01   .21032E-01
    20.0000   .25940E+00   .19878E+00   .28512E-01   .20893E-01
    21.0000   .24909E+00   .18595E+00   .29547E-01   .20595E-01
    22.0000   .23886E+00   .17391E+00   .30364E-01   .20168E-01
    23.0000   .22877E+00   .16263E+00   .30971E-01   .19636E-01
    24.0000   .21889E+00   .15207E+00   .31379E-01   .19023E-01
    25.0000   .20925E+00   .14221E+00   .31604E-01   .18351E-01
    26.0000   .19990E+00   .13299E+00   .31662E-01   .17636E-01
    27.0000   .19084E+00   .12440E+00   .31569E-01   .16895E-01
    28.0000   .18211E+00   .11638E+00   .31344E-01   .16139E-01
    29.0000   .17370E+00   .10890E+00   .31002E-01   .15379E-01
    30.0000   .16562E+00   .10193E+00   .30560E-01   .14624E-01
    31.0000   .15788E+00   .95439E-01   .30033E-01   .13880E-01
    32.0000   .15046E+00   .89386E-01   .29434E-01   .13153E-01
    33.0000   .14337E+00   .83745E-01   .28775E-01   .12446E-01
    34.0000   .13660E+00   .78487E-01   .28070E-01   .11763E-01
    35.0000   .13014E+00   .73585E-01   .27327E-01   .11106E-01
    36.0000   .12397E+00   .69015E-01   .26556E-01   .10477E-01
    37.0000   .11810E+00   .64752E-01   .25765E-01   .98751E-02
    38.0000   .11250E+00   .60776E-01   .24961E-01   .93019E-02
    39.0000   .10718E+00   .57066E-01   .24150E-01   .87572E-02
    40.0000   .10211E+00   .53603E-01   .23338E-01   .82405E-02
    41.0000   .97286E-01   .50370E-01   .22530E-01   .77514E-02
    42.0000   .92700E-01   .47350E-01   .21728E-01   .72890E-02
    43.0000   .88339E-01   .44528E-01   .20936E-01   .68525E-02
    44.0000   .84192E-01   .41891E-01   .20158E-01   .64410E-02
    45.0000   .80250E-01   .39424E-01   .19395E-01   .60533E-02
    46.0000   .76503E-01   .37118E-01   .18648E-01   .56884E-02
    47.0000   .72942E-01   .34959E-01   .17921E-01   .53452E-02
    48.0000   .69557E-01   .32939E-01   .17213E-01   .50226E-02
    49.0000   .66339E-01   .31047E-01   .16525E-01   .47196E-02
    50.0000   .63280E-01   .29274E-01   .15859E-01   .44351E-02
    51.0000   .60373E-01   .27613E-01   .15214E-01   .41681E-02
    52.0000   .57609E-01   .26055E-01   .14591E-01   .39175E-02
    53.0000   .54982E-01   .24594E-01   .13989E-01   .36824E-02
    54.0000   .52483E-01   .23224E-01   .13408E-01   .34618E-02
    55.0000   .50107E-01   .21937E-01   .12849E-01   .32550E-02
    56.0000   .47848E-01   .20729E-01   .12312E-01   .30611E-02
    57.0000   .45699E-01   .19594E-01   .11794E-01   .28793E-02
    58.0000   .43655E-01   .18527E-01   .11297E-01   .27087E-02
    59.0000   .41710E-01   .17525E-01   .10820E-01   .25488E-02
    60.0000   .39859E-01   .16582E-01   .10362E-01   .23989E-02
    61.0000   .38097E-01   .15695E-01   .99227E-02   .22583E-02
    62.0000   .36421E-01   .14860E-01   .95015E-02   .21264E-02
    63.0000   .34825E-01   .14074E-01   .90979E-02   .20027E-02
    64.0000   .33305E-01   .13334E-01   .87113E-02   .18867E-02
    65.0000   .31857E-01   .12637E-01   .83410E-02   .17778E-02
    66.0000   .30478E-01   .11980E-01   .79865E-02   .16757E-02
    67.0000   .29165E-01   .11360E-01   .76473E-02   .15798E-02
    68.0000   .27913E-01   .10776E-01   .73226E-02   .14898E-02
    69.0000   .26720E-01   .10225E-01   .70120E-02   .14052E-02
    70.0000   .25583E-01   .97045E-02   .67150E-02   .13259E-02
    71.0000   .24499E-01   .92133E-02   .64309E-02   .12513E-02
    72.0000   .23465E-01   .87495E-02   .61592E-02   .11813E-02
    73.0000   .22479E-01   .83113E-02   .58994E-02   .11155E-02
    74.0000   .21538E-01   .78973E-02   .56510E-02   .10536E-02
    75.0000   .20640E-01   .75059E-02   .54135E-02   .99545E-03
    76.0000   .19784E-01   .71358E-02   .51865E-02   .94076E-03
    77.0000   .18966E-01   .67857E-02   .49695E-02   .88931E-03
    78.0000   .18185E-01   .64545E-02   .47620E-02   .84090E-03
    79.0000   .17440E-01   .61411E-02   .45637E-02   .79534E-03
    80.0000   .16728E-01   .58443E-02   .43741E-02   .75246E-03
    81.0000   .16048E-01   .55633E-02   .41929E-02   .71208E-03
    82.0000   .15398E-01   .52971E-02   .40197E-02   .67405E-03
    83.0000   .14777E-01   .50448E-02   .38540E-02   .63822E-03
    84.0000   .14184E-01   .48058E-02   .36957E-02   .60445E-03
    85.0000   .13617E-01   .45791E-02   .35443E-02   .57261E-03
    86.0000   .13074E-01   .43642E-02   .33995E-02   .54260E-03
    87.0000   .12556E-01   .41603E-02   .32611E-02   .51430E-03
    88.0000   .12059E-01   .39668E-02   .31287E-02   .48761E-03
    89.0000   .11585E-01   .37832E-02   .30021E-02   .46242E-03
    90.0000   .11131E-01   .36089E-02   .28810E-02   .43864E-03
    91.0000   .10696E-01   .34434E-02   .27651E-02   .41619E-03
    92.0000   .10280E-01   .32862E-02   .26543E-02   .39499E-03
    93.0000   .98815E-02   .31368E-02   .25483E-02   .37499E-03
    94.0000   .95001E-02   .29949E-02   .24468E-02   .35606E-03
    95.0000   .91348E-02   .28600E-02   .23497E-02   .33818E-03
    96.0000   .87849E-02   .27317E-02   .22568E-02   .32128E-03
    97.0000   .84497E-02   .26097E-02   .21679E-02   .30529E-03
    98.0000   .81285E-02   .24937E-02   .20827E-02   .29017E-03
    99.0000   .78207E-02   .23833E-02   .20012E-02   .27587E-03
   100.0000   .75256E-02   .22782E-02   .19231E-02   .26233E-03
   101.0000   .72427E-02   .21782E-02   .18484E-02   .24952E-03
   102.0000   .69715E-02   .20830E-02   .17768E-02   .23739E-03
   103.0000   .67113E-02   .19923E-02   .17082E-02   .22590E-03
   104.0000   .64618E-02   .19060E-02   .16425E-02   .21501E-03
   105.0000   .62225E-02   .18237E-02   .15796E-02   .20470E-03
   106.0000   .59929E-02   .17453E-02   .15193E-02   .19493E-03
   107.0000   .57725E-02   .16705E-02   .14615E-02   .18566E-03
   108.0000   .55609E-02   .15993E-02   .14060E-02   .17687E-03
   109.0000   .53579E-02   .15313E-02   .13529E-02   .16854E-03
   110.0000   .51629E-02   .14665E-02   .13019E-02   .16064E-03
   111.0000   .49757E-02   .14047E-02   .12532E-02   .15314E-03
   112.0000   .47959E-02   .13458E-02   .12063E-02   .14602E-03
   113.0000   .46232E-02   .12895E-02   .11614E-02   .13923E-03
   114.0000   .44573E-02   .12358E-02   .11183E-02   .13281E-03
   115.0000   .42980E-02   .11845E-02   .10770E-02   .12674E-03
   116.0000   .41448E-02   .11355E-02   .10373E-02   .12095E-03
   117.0000   .39976E-02   .10888E-02   .99920E-03   .11544E-03
   118.0000   .38561E-02   .10441E-02   .96266E-03   .11021E-03
   119.0000   .37201E-02   .10014E-02   .92758E-03   .10524E-03
   120.0000   .35893E-02   .96066E-03   .89392E-03   .10051E-03
   121.0000   .34635E-02   .92168E-03   .86158E-03   .96008E-04
   122.0000   .33425E-02   .88442E-03   .83053E-03   .91729E-04
   123.0000   .32262E-02   .84880E-03   .80069E-03   .87657E-04
   124.0000   .31142E-02   .81473E-03   .77204E-03   .83781E-04
   125.0000   .30065E-02   .78215E-03   .74451E-03   .80092E-04
   126.0000   .29029E-02   .75098E-03   .71805E-03   .76580E-04
   127.0000   .28031E-02   .72111E-03   .69263E-03   .73235E-04
   128.0000   .27071E-02   .69258E-03   .66819E-03   .70049E-04
   129.0000   .26146E-02   .66526E-03   .64467E-03   .67013E-04
   130.0000   .25256E-02   .63912E-03   .62209E-03   .64120E-04
   131.0000   .24399E-02   .61409E-03   .60040E-03   .61363E-04
   132.0000   .23573E-02   .59012E-03   .57952E-03   .58735E-04
   133.0000   .22779E-02   .56716E-03   .55944E-03   .56229E-04
   134.0000   .22013E-02   .54518E-03   .54011E-03   .53839E-04
   135.0000   .21275E-02   .52411E-03   .52153E-03   .51559E-04
   136.0000   .20564E-02   .50397E-03   .50361E-03   .49384E-04
   137.0000   .19879E-02   .48463E-03   .48640E-03   .47308E-04
   138.0000   .19218E-02   .46609E-03   .46983E-03   .45328E-04
   139.0000   .18582E-02   .44832E-03   .45389E-03   .43437E-04
   140.0000   .17968E-02   .43128E-03   .43853E-03   .41631E-04
   141.0000   .17377E-02   .41494E-03   .42375E-03   .39907E-04
   142.0000   .16806E-02   .39927E-03   .40956E-03   .38260E-04
   143.0000   .16256E-02   .38424E-03   .39585E-03   .36687E-04
   144.0000   .15726E-02   .36982E-03   .38265E-03   .35184E-04
   145.0000   .15214E-02   .35599E-03   .36993E-03   .33747E-04
   146.0000   .14720E-02   .34271E-03   .35767E-03   .32374E-04
   147.0000   .14244E-02   .32997E-03   .34586E-03   .31061E-04
   148.0000   .13784E-02   .31774E-03   .33449E-03   .29806E-04
   149.0000   .13341E-02   .30600E-03   .32352E-03   .28606E-04
   150.0000   .12913E-02   .29473E-03   .31294E-03   .27458E-04
$

     *******************************************************************
     *                                                                 *
     *     CXTFIT VERSION 2.0 (1/2/95)                                 *
     *     ANALYTICAL SOLUTIONS FOR ONE-DIMENSIONAL CDE                *
     *     DIRECT PROBLRM                                              *
     *                                                                 *
     *     Fig.7-14a; Nonequilibrium field-scale transport (MODE=4)    *
     *         Negative correlation v-Kd (Alpha = 2.5), <cT>           *
     *                                                                 *
     *     DATA INPUT FILE:  fig7-14.in                                *
     *                                                                 *
     *******************************************************************


     MODEL DESCRIPTION
     =================
        STOCHASTIC ONE-SITE NONEQUILIBRIUM CDE WITH VARIABLE V & Kd (MODE=4)
         SD.D=0, LOCAL SCALE DISPERSION IS CONSTANT EVERYWHERE
          <R> = 1+RHO*<Kd>/THETA =    5.0000,  RHO/THETA =    4.0000
        ENSEMBLE AVERAGE OF TOTAL RESIDENT CONCENTRATION (THIRD-TYPE INPUT)
        REAL TIME (t), POSITION(x)
          (D AND V ARE DIMENSIONAL;
              R,beta,omega,mu, AND gamma ARE DIMENSIONLESS)
        CHARACTERISTIC LENGTH =  100.0000
          FOR DIMENSIONLESS PARAMETERS


     INITIAL VALUES OF COEFFICIENTS
     ==============================
     NAME        INITIAL VALUE
      <V>......     .5000E+02
      <D>......     .2000E+02
      <Kd>.....     .1000E+01
      omega....     .2000E+02
      mu1......     .0000E+00
      mu2......     .0000E+00
      SD.v.....     .5000E+00
      SD.Kd....     .2000E+00
      SD.D.....     .0000E+00
     RhovKd....    -.1000E+01


     BOUNDARY, INITIAL, AND PRODUCTION CONDITIONS
     ===========================================
       DIRAC DELTA INPUT , MASS =   1.0000
         AMOUNT OF SOLUTE DEPENDS ON LOCAL V  (input=V delta/<V>)
       SOLUTE FREE INITIAL CONDITION
       NO PRODUCTION TERM


$ T=  1.00000    (TOTAL RESIDENT CONC. VS. DEPTH)
$ Sum(Ct*dZ) =     49.89030 (TOTAL MASS)
$    Z         <Ct>          VAR(Ct)
      .0000   .10446E+01   .13400E+00
     1.0000   .13580E+01   .23724E+00
     2.0000   .15925E+01   .28285E+00
     3.0000   .17572E+01   .27905E+00
     4.0000   .18626E+01   .25113E+00
     5.0000   .19197E+01   .22168E+00
     6.0000   .19384E+01   .20407E+00
     7.0000   .19273E+01   .20342E+00
     8.0000   .18937E+01   .21938E+00
     9.0000   .18437E+01   .24863E+00
    10.0000   .17820E+01   .28673E+00
    11.0000   .17126E+01   .32928E+00
    12.0000   .16383E+01   .37254E+00
    13.0000   .15616E+01   .41365E+00
    14.0000   .14840E+01   .45062E+00
    15.0000   .14070E+01   .48223E+00
    16.0000   .13314E+01   .50788E+00
    17.0000   .12580E+01   .52743E+00
    18.0000   .11872E+01   .54106E+00
    19.0000   .11193E+01   .54917E+00
    20.0000   .10545E+01   .55228E+00
    21.0000   .99290E+00   .55099E+00
    22.0000   .93451E+00   .54590E+00
    23.0000   .87929E+00   .53760E+00
    24.0000   .82718E+00   .52666E+00
    25.0000   .77808E+00   .51358E+00
    26.0000   .73187E+00   .49883E+00
    27.0000   .68843E+00   .48281E+00
    28.0000   .64762E+00   .46587E+00
    29.0000   .60931E+00   .44832E+00
    30.0000   .57336E+00   .43042E+00
    31.0000   .53963E+00   .41238E+00
    32.0000   .50801E+00   .39437E+00
    33.0000   .47835E+00   .37656E+00
    34.0000   .45055E+00   .35904E+00
    35.0000   .42448E+00   .34193E+00
    36.0000   .40003E+00   .32528E+00
    37.0000   .37711E+00   .30915E+00
    38.0000   .35561E+00   .29359E+00
    39.0000   .33544E+00   .27861E+00
    40.0000   .31652E+00   .26423E+00
    41.0000   .29877E+00   .25047E+00
    42.0000   .28210E+00   .23732E+00
    43.0000   .26645E+00   .22478E+00
    44.0000   .25175E+00   .21283E+00
    45.0000   .23795E+00   .20146E+00
    46.0000   .22497E+00   .19067E+00
    47.0000   .21278E+00   .18042E+00
    48.0000   .20131E+00   .17070E+00
    49.0000   .19053E+00   .16149E+00
    50.0000   .18038E+00   .15277E+00
    51.0000   .17082E+00   .14452E+00
    52.0000   .16183E+00   .13672E+00
    53.0000   .15336E+00   .12934E+00
    54.0000   .14538E+00   .12237E+00
    55.0000   .13786E+00   .11578E+00
    56.0000   .13076E+00   .10955E+00
    57.0000   .12407E+00   .10367E+00
    58.0000   .11776E+00   .98119E-01
    59.0000   .11181E+00   .92877E-01
    60.0000   .10619E+00   .87928E-01
    61.0000   .10088E+00   .83255E-01
    62.0000   .95862E-01   .78844E-01
    63.0000   .91122E-01   .74679E-01
    64.0000   .86642E-01   .70747E-01
    65.0000   .82405E-01   .67035E-01
    66.0000   .78398E-01   .63530E-01
    67.0000   .74606E-01   .60221E-01
    68.0000   .71017E-01   .57095E-01
    69.0000   .67619E-01   .54143E-01
    70.0000   .64401E-01   .51355E-01
    71.0000   .61352E-01   .48721E-01
    72.0000   .58463E-01   .46232E-01
    73.0000   .55724E-01   .43879E-01
    74.0000   .53127E-01   .41656E-01
    75.0000   .50664E-01   .39555E-01
    76.0000   .48327E-01   .37567E-01
    77.0000   .46109E-01   .35689E-01
    78.0000   .44003E-01   .33911E-01
    79.0000   .42004E-01   .32230E-01
    80.0000   .40105E-01   .30639E-01
    81.0000   .38301E-01   .29133E-01
    82.0000   .36587E-01   .27708E-01
    83.0000   .34957E-01   .26358E-01
    84.0000   .33407E-01   .25080E-01
    85.0000   .31933E-01   .23869E-01
    86.0000   .30531E-01   .22722E-01
    87.0000   .29197E-01   .21635E-01
    88.0000   .27927E-01   .20605E-01
    89.0000   .26718E-01   .19628E-01
    90.0000   .25566E-01   .18701E-01
    91.0000   .24469E-01   .17822E-01
    92.0000   .23424E-01   .16989E-01
    93.0000   .22429E-01   .16198E-01
    94.0000   .21480E-01   .15448E-01
    95.0000   .20575E-01   .14735E-01
    96.0000   .19712E-01   .14058E-01
    97.0000   .18889E-01   .13415E-01
    98.0000   .18103E-01   .12804E-01
    99.0000   .17354E-01   .12224E-01
   100.0000   .16638E-01   .11673E-01
   101.0000   .15956E-01   .11149E-01
   102.0000   .15303E-01   .10650E-01
   103.0000   .14680E-01   .10176E-01
   104.0000   .14086E-01   .97252E-02
   105.0000   .13517E-01   .92961E-02
   106.0000   .12974E-01   .88877E-02
   107.0000   .12455E-01   .84990E-02
   108.0000   .11958E-01   .81289E-02
   109.0000   .11483E-01   .77764E-02
   110.0000   .11029E-01   .74401E-02
   111.0000   .10595E-01   .71209E-02
   112.0000   .10179E-01   .68161E-02
   113.0000   .97812E-02   .65256E-02
   114.0000   .94004E-02   .62487E-02
   115.0000   .90359E-02   .59847E-02
   116.0000   .86869E-02   .57329E-02
   117.0000   .83528E-02   .54927E-02
   118.0000   .80326E-02   .52638E-02
   119.0000   .77256E-02   .50451E-02
   120.0000   .74317E-02   .48364E-02
   121.0000   .71500E-02   .46371E-02
   122.0000   .68800E-02   .44469E-02
   123.0000   .66214E-02   .42651E-02
   124.0000   .63732E-02   .40915E-02
   125.0000   .61351E-02   .39257E-02
   126.0000   .59068E-02   .37662E-02
   127.0000   .56877E-02   .36158E-02
   128.0000   .54776E-02   .34710E-02
   129.0000   .52759E-02   .33325E-02
   130.0000   .50823E-02   .32001E-02
   131.0000   .48964E-02   .30735E-02
   132.0000   .47178E-02   .29523E-02
   133.0000   .45467E-02   .28364E-02
   134.0000   .43822E-02   .27254E-02
   135.0000   .42241E-02   .26192E-02
   136.0000   .40723E-02   .25176E-02
   137.0000   .39264E-02   .24202E-02
   138.0000   .37862E-02   .23270E-02
   139.0000   .36515E-02   .22377E-02
   140.0000   .35219E-02   .21522E-02
   141.0000   .33974E-02   .20702E-02
   142.0000   .32775E-02   .19916E-02
   143.0000   .31626E-02   .19163E-02
   144.0000   .30519E-02   .18441E-02
   145.0000   .29453E-02   .17749E-02
   146.0000   .28429E-02   .17085E-02
   147.0000   .27443E-02   .16449E-02
   148.0000   .26494E-02   .15838E-02
   149.0000   .25581E-02   .15240E-02
   150.0000   .24702E-02   .14689E-02
$

     *******************************************************************
     *                                                                 *
     *     CXTFIT VERSION 2.0 (1/2/95)                                 *
     *     ANALYTICAL SOLUTIONS FOR ONE-DIMENSIONAL CDE                *
     *     DIRECT PROBLRM                                              *
     *                                                                 *
     *     Fig.7-14b; Nonequilibrium field-scale transport (MODE=4)    *
     *         Negative correlation v-Kd (Alpha = 0.5), <cr>           *
     *                                                                 *
     *     DATA INPUT FILE:  fig7-14.in                                *
     *                                                                 *
     *******************************************************************


     MODEL DESCRIPTION
     =================
        STOCHASTIC ONE-SITE NONEQUILIBRIUM CDE WITH VARIABLE V & Kd (MODE=4)
         SD.D=0, LOCAL SCALE DISPERSION IS CONSTANT EVERYWHERE
          <R> = 1+RHO*<Kd>/THETA =    5.0000,  RHO/THETA =    4.0000
        ENSEMBLE AVERAGE OF RESIDENT CONCENTRATION (THIRD-TYPE INPUT)
        REAL TIME (t), POSITION(x)
          (D AND V ARE DIMENSIONAL;
              R,beta,omega,mu, AND gamma ARE DIMENSIONLESS)
        CHARACTERISTIC LENGTH =  100.0000
          FOR DIMENSIONLESS PARAMETERS
         DIMENSIONAL MEAN PHASE 2 CONC. <c2>


     INITIAL VALUES OF COEFFICIENTS
     ==============================
     NAME        INITIAL VALUE
      <V>......     .5000E+02
      <D>......     .2000E+02
      <Kd>.....     .1000E+01
      omega....     .4000E+01
      mu1......     .0000E+00
      mu2......     .0000E+00
      SD.v.....     .5000E+00
      SD.Kd....     .2000E+00
      SD.D.....     .0000E+00
     RhovKd....    -.1000E+01


     BOUNDARY, INITIAL, AND PRODUCTION CONDITIONS
     ===========================================
       DIRAC DELTA INPUT , MASS =   1.0000
         AMOUNT OF SOLUTE DEPENDS ON LOCAL V  (input=V delta/<V>)
       SOLUTE FREE INITIAL CONDITION
       NO PRODUCTION TERM


$ T=  1.00000     (CONC. VS. DEPTH)
$ Sum(C1*dZ) =    14.66986   Sum(s*dZ) =     8.69324
$    Z         <C1>           <s>          VAR(C1)       VAR(s)
      .0000   .96127E-02   .29793E+00   .11145E-03   .28204E-02
     1.0000   .23553E-01   .29155E+00   .30190E-03   .21899E-02
     2.0000   .36233E-01   .28481E+00   .52096E-03   .16668E-02
     3.0000   .47747E-01   .27786E+00   .73182E-03   .12538E-02
     4.0000   .58190E-01   .27077E+00   .91502E-03   .95002E-03
     5.0000   .67651E-01   .26360E+00   .10627E-02   .74814E-03
     6.0000   .76214E-01   .25639E+00   .11741E-02   .63563E-03
     7.0000   .83964E-01   .24917E+00   .12521E-02   .60024E-03
     8.0000   .90978E-01   .24198E+00   .13017E-02   .62952E-03
     9.0000   .97337E-01   .23485E+00   .13287E-02   .71205E-03
    10.0000   .10311E+00   .22780E+00   .13390E-02   .83732E-03
    11.0000   .10838E+00   .22085E+00   .13384E-02   .99591E-03
    12.0000   .11321E+00   .21401E+00   .13321E-02   .11795E-02
    13.0000   .11765E+00   .20729E+00   .13247E-02   .13809E-02
    14.0000   .12178E+00   .20071E+00   .13206E-02   .15939E-02
    15.0000   .12564E+00   .19425E+00   .13239E-02   .18134E-02
    16.0000   .12928E+00   .18794E+00   .13387E-02   .20350E-02
    17.0000   .13275E+00   .18177E+00   .13689E-02   .22552E-02
    18.0000   .13608E+00   .17574E+00   .14189E-02   .24712E-02
    19.0000   .13929E+00   .16985E+00   .14930E-02   .26804E-02
    20.0000   .14243E+00   .16411E+00   .15961E-02   .28812E-02
    21.0000   .14549E+00   .15851E+00   .17333E-02   .30718E-02
    22.0000   .14849E+00   .15305E+00   .19100E-02   .32511E-02
    23.0000   .15145E+00   .14772E+00   .21316E-02   .34183E-02
    24.0000   .15435E+00   .14254E+00   .24040E-02   .35725E-02
    25.0000   .15720E+00   .13749E+00   .27328E-02   .37133E-02
    26.0000   .15999E+00   .13257E+00   .31237E-02   .38403E-02
    27.0000   .16272E+00   .12779E+00   .35823E-02   .39534E-02
    28.0000   .16535E+00   .12314E+00   .41136E-02   .40525E-02
    29.0000   .16790E+00   .11862E+00   .47224E-02   .41377E-02
    30.0000   .17033E+00   .11422E+00   .54128E-02   .42092E-02
    31.0000   .17264E+00   .10996E+00   .61883E-02   .42673E-02
    32.0000   .17480E+00   .10582E+00   .70515E-02   .43122E-02
    33.0000   .17681E+00   .10180E+00   .80043E-02   .43445E-02
    34.0000   .17866E+00   .97901E-01   .90477E-02   .43646E-02
    35.0000   .18032E+00   .94125E-01   .10182E-01   .43731E-02
    36.0000   .18180E+00   .90468E-01   .11405E-01   .43705E-02
    37.0000   .18307E+00   .86929E-01   .12716E-01   .43576E-02
    38.0000   .18414E+00   .83504E-01   .14111E-01   .43350E-02
    39.0000   .18500E+00   .80193E-01   .15587E-01   .43033E-02
    40.0000   .18565E+00   .76993E-01   .17139E-01   .42632E-02
    41.0000   .18608E+00   .73902E-01   .18761E-01   .42155E-02
    42.0000   .18629E+00   .70919E-01   .20446E-01   .41608E-02
    43.0000   .18629E+00   .68041E-01   .22189E-01   .40998E-02
    44.0000   .18609E+00   .65265E-01   .23982E-01   .40331E-02
    45.0000   .18567E+00   .62590E-01   .25817E-01   .39615E-02
    46.0000   .18505E+00   .60013E-01   .27686E-01   .38855E-02
    47.0000   .18424E+00   .57532E-01   .29580E-01   .38057E-02
    48.0000   .18325E+00   .55144E-01   .31491E-01   .37227E-02
    49.0000   .18207E+00   .52846E-01   .33412E-01   .36371E-02
    50.0000   .18072E+00   .50637E-01   .35333E-01   .35492E-02
    51.0000   .17922E+00   .48513E-01   .37247E-01   .34597E-02
    52.0000   .17756E+00   .46472E-01   .39145E-01   .33690E-02
    53.0000   .17576E+00   .44512E-01   .41022E-01   .32774E-02
    54.0000   .17383E+00   .42629E-01   .42868E-01   .31853E-02
    55.0000   .17177E+00   .40822E-01   .44679E-01   .30931E-02
    56.0000   .16960E+00   .39088E-01   .46447E-01   .30010E-02
    57.0000   .16733E+00   .37425E-01   .48167E-01   .29094E-02
    58.0000   .16497E+00   .35830E-01   .49834E-01   .28186E-02
    59.0000   .16252E+00   .34300E-01   .51443E-01   .27286E-02
    60.0000   .16000E+00   .32833E-01   .52990E-01   .26398E-02
    61.0000   .15742E+00   .31428E-01   .54472E-01   .25523E-02
    62.0000   .15477E+00   .30082E-01   .55885E-01   .24663E-02
    63.0000   .15208E+00   .28792E-01   .57226E-01   .23819E-02
    64.0000   .14934E+00   .27556E-01   .58494E-01   .22991E-02
    65.0000   .14657E+00   .26373E-01   .59687E-01   .22182E-02
    66.0000   .14378E+00   .25240E-01   .60803E-01   .21392E-02
    67.0000   .14096E+00   .24156E-01   .61843E-01   .20620E-02
    68.0000   .13813E+00   .23117E-01   .62804E-01   .19869E-02
    69.0000   .13529E+00   .22124E-01   .63688E-01   .19138E-02
    70.0000   .13244E+00   .21173E-01   .64495E-01   .18427E-02
    71.0000   .12960E+00   .20263E-01   .65224E-01   .17737E-02
    72.0000   .12677E+00   .19393E-01   .65878E-01   .17067E-02
    73.0000   .12395E+00   .18560E-01   .66457E-01   .16418E-02
    74.0000   .12114E+00   .17764E-01   .66962E-01   .15790E-02
    75.0000   .11836E+00   .17002E-01   .67395E-01   .15181E-02
    76.0000   .11559E+00   .16273E-01   .67758E-01   .14593E-02
    77.0000   .11286E+00   .15576E-01   .68053E-01   .14025E-02
    78.0000   .11015E+00   .14909E-01   .68281E-01   .13476E-02
    79.0000   .10747E+00   .14271E-01   .68444E-01   .12946E-02
    80.0000   .10483E+00   .13662E-01   .68545E-01   .12435E-02
    81.0000   .10222E+00   .13079E-01   .68587E-01   .11943E-02
    82.0000   .99647E-01   .12521E-01   .68570E-01   .11468E-02
    83.0000   .97116E-01   .11988E-01   .68499E-01   .11011E-02
    84.0000   .94624E-01   .11478E-01   .68374E-01   .10570E-02
    85.0000   .92175E-01   .10990E-01   .68199E-01   .10147E-02
    86.0000   .89769E-01   .10524E-01   .67976E-01   .97388E-03
    87.0000   .87406E-01   .10078E-01   .67707E-01   .93467E-03
    88.0000   .85087E-01   .96520E-02   .67395E-01   .89697E-03
    89.0000   .82814E-01   .92443E-02   .67041E-01   .86073E-03
    90.0000   .80585E-01   .88544E-02   .66649E-01   .82591E-03
    91.0000   .78403E-01   .84816E-02   .66221E-01   .79246E-03
    92.0000   .76266E-01   .81250E-02   .65758E-01   .76033E-03
    93.0000   .74176E-01   .77839E-02   .65263E-01   .72948E-03
    94.0000   .72131E-01   .74578E-02   .64738E-01   .69986E-03
    95.0000   .70132E-01   .71458E-02   .64186E-01   .67143E-03
    96.0000   .68178E-01   .68474E-02   .63607E-01   .64414E-03
    97.0000   .66270E-01   .65620E-02   .63005E-01   .61796E-03
    98.0000   .64407E-01   .62890E-02   .62380E-01   .59284E-03
    99.0000   .62589E-01   .60278E-02   .61735E-01   .56875E-03
   100.0000   .60815E-01   .57779E-02   .61072E-01   .54563E-03
   101.0000   .59084E-01   .55388E-02   .60392E-01   .52347E-03
   102.0000   .57397E-01   .53101E-02   .59696E-01   .50221E-03
   103.0000   .55752E-01   .50913E-02   .58987E-01   .48182E-03
   104.0000   .54149E-01   .48819E-02   .58266E-01   .46228E-03
   105.0000   .52588E-01   .46814E-02   .57534E-01   .44354E-03
   106.0000   .51067E-01   .44897E-02   .56792E-01   .42557E-03
   107.0000   .49586E-01   .43061E-02   .56042E-01   .40834E-03
   108.0000   .48145E-01   .41304E-02   .55285E-01   .39183E-03
   109.0000   .46742E-01   .39622E-02   .54523E-01   .37601E-03
   110.0000   .45377E-01   .38012E-02   .53755E-01   .36083E-03
   111.0000   .44049E-01   .36471E-02   .52984E-01   .34629E-03
   112.0000   .42757E-01   .34996E-02   .52211E-01   .33235E-03
   113.0000   .41501E-01   .33583E-02   .51435E-01   .31899E-03
   114.0000   .40280E-01   .32230E-02   .50659E-01   .30618E-03
   115.0000   .39092E-01   .30934E-02   .49883E-01   .29390E-03
   116.0000   .37938E-01   .29693E-02   .49107E-01   .28214E-03
   117.0000   .36817E-01   .28505E-02   .48333E-01   .27086E-03
   118.0000   .35727E-01   .27366E-02   .47561E-01   .26004E-03
   119.0000   .34668E-01   .26276E-02   .46791E-01   .24968E-03
   120.0000   .33640E-01   .25231E-02   .46026E-01   .23974E-03
   121.0000   .32641E-01   .24230E-02   .45264E-01   .23022E-03
   122.0000   .31671E-01   .23271E-02   .44506E-01   .22109E-03
   123.0000   .30729E-01   .22352E-02   .43754E-01   .21234E-03
   124.0000   .29814E-01   .21471E-02   .43007E-01   .20395E-03
   125.0000   .28926E-01   .20627E-02   .42265E-01   .19590E-03
   126.0000   .28063E-01   .19818E-02   .41530E-01   .18819E-03
   127.0000   .27227E-01   .19042E-02   .40802E-01   .18079E-03
   128.0000   .26414E-01   .18299E-02   .40080E-01   .17370E-03
   129.0000   .25626E-01   .17586E-02   .39366E-01   .16690E-03
   130.0000   .24861E-01   .16902E-02   .38659E-01   .16037E-03
   131.0000   .24118E-01   .16246E-02   .37959E-01   .15412E-03
   132.0000   .23398E-01   .15618E-02   .37268E-01   .14812E-03
   133.0000   .22699E-01   .15015E-02   .36584E-01   .14236E-03
   134.0000   .22021E-01   .14437E-02   .35909E-01   .13684E-03
   135.0000   .21363E-01   .13882E-02   .35243E-01   .13155E-03
   136.0000   .20725E-01   .13350E-02   .34584E-01   .12647E-03
   137.0000   .20106E-01   .12839E-02   .33935E-01   .12159E-03
   138.0000   .19505E-01   .12349E-02   .33294E-01   .11692E-03
   139.0000   .18923E-01   .11879E-02   .32662E-01   .11243E-03
   140.0000   .18358E-01   .11427E-02   .32039E-01   .10813E-03
   141.0000   .17810E-01   .10994E-02   .31425E-01   .10399E-03
   142.0000   .17279E-01   .10579E-02   .30820E-01   .10003E-03
   143.0000   .16763E-01   .10179E-02   .30225E-01   .96222E-04
   144.0000   .16263E-01   .97963E-03   .29638E-01   .92568E-04
   145.0000   .15779E-01   .94285E-03   .29060E-01   .89061E-04
   146.0000   .15309E-01   .90752E-03   .28491E-01   .85694E-04
   147.0000   .14853E-01   .87360E-03   .27932E-01   .82461E-04
   148.0000   .14411E-01   .84102E-03   .27381E-01   .79357E-04
   149.0000   .13983E-01   .80973E-03   .26840E-01   .76376E-04
   150.0000   .13567E-01   .77967E-03   .26307E-01   .73513E-04
$

     *******************************************************************
     *                                                                 *
     *     CXTFIT VERSION 2.0 (1/2/95)                                 *
     *     ANALYTICAL SOLUTIONS FOR ONE-DIMENSIONAL CDE                *
     *     DIRECT PROBLRM                                              *
     *                                                                 *
     *     Fig.7-14b; Nonequilibrium field-scale transport (MODE=4)    *
     *         Negative correlation v-Kd (Alpha = 0.5), <cT>           *
     *                                                                 *
     *     DATA INPUT FILE:  fig7-14.in                                *
     *                                                                 *
     *******************************************************************


     MODEL DESCRIPTION
     =================
        STOCHASTIC ONE-SITE NONEQUILIBRIUM CDE WITH VARIABLE V & Kd (MODE=4)
         SD.D=0, LOCAL SCALE DISPERSION IS CONSTANT EVERYWHERE
          <R> = 1+RHO*<Kd>/THETA =    5.0000,  RHO/THETA =    4.0000
        ENSEMBLE AVERAGE OF TOTAL RESIDENT CONCENTRATION (THIRD-TYPE INPUT)
        REAL TIME (t), POSITION(x)
          (D AND V ARE DIMENSIONAL;
              R,beta,omega,mu, AND gamma ARE DIMENSIONLESS)
        CHARACTERISTIC LENGTH =  100.0000
          FOR DIMENSIONLESS PARAMETERS


     INITIAL VALUES OF COEFFICIENTS
     ==============================
     NAME        INITIAL VALUE
      <V>......     .5000E+02
      <D>......     .2000E+02
      <Kd>.....     .1000E+01
      omega....     .4000E+01
      mu1......     .0000E+00
      mu2......     .0000E+00
      SD.v.....     .5000E+00
      SD.Kd....     .2000E+00
      SD.D.....     .0000E+00
     RhovKd....    -.1000E+01


     BOUNDARY, INITIAL, AND PRODUCTION CONDITIONS
     ===========================================
       DIRAC DELTA INPUT , MASS =   1.0000
         AMOUNT OF SOLUTE DEPENDS ON LOCAL V  (input=V delta/<V>)
       SOLUTE FREE INITIAL CONDITION
       NO PRODUCTION TERM


$ T=  1.00000    (TOTAL RESIDENT CONC. VS. DEPTH)
$ Sum(Ct*dZ) =     49.44283 (TOTAL MASS)
$    Z         <Ct>          VAR(Ct)
      .0000   .12013E+01   .49150E-01
     1.0000   .11898E+01   .41234E-01
     2.0000   .11755E+01   .33879E-01
     3.0000   .11592E+01   .27424E-01
     4.0000   .11413E+01   .22125E-01
     5.0000   .11220E+01   .18083E-01
     6.0000   .11018E+01   .15266E-01
     7.0000   .10806E+01   .13599E-01
     8.0000   .10589E+01   .12970E-01
     9.0000   .10367E+01   .13253E-01
    10.0000   .10143E+01   .14313E-01
    11.0000   .99178E+00   .16018E-01
    12.0000   .96925E+00   .18237E-01
    13.0000   .94682E+00   .20853E-01
    14.0000   .92460E+00   .23759E-01
    15.0000   .90265E+00   .26863E-01
    16.0000   .88104E+00   .30087E-01
    17.0000   .85983E+00   .33368E-01
    18.0000   .83904E+00   .36656E-01
    19.0000   .81871E+00   .39915E-01
    20.0000   .79887E+00   .43119E-01
    21.0000   .77952E+00   .46253E-01
    22.0000   .76068E+00   .49307E-01
    23.0000   .74234E+00   .52280E-01
    24.0000   .72451E+00   .55177E-01
    25.0000   .70716E+00   .58005E-01
    26.0000   .69029E+00   .60773E-01
    27.0000   .67388E+00   .63493E-01
    28.0000   .65791E+00   .66174E-01
    29.0000   .64237E+00   .68828E-01
    30.0000   .62723E+00   .71464E-01
    31.0000   .61247E+00   .74089E-01
    32.0000   .59806E+00   .76710E-01
    33.0000   .58400E+00   .79332E-01
    34.0000   .57026E+00   .81954E-01
    35.0000   .55682E+00   .84578E-01
    36.0000   .54367E+00   .87202E-01
    37.0000   .53079E+00   .89821E-01
    38.0000   .51816E+00   .92430E-01
    39.0000   .50577E+00   .95024E-01
    40.0000   .49362E+00   .97593E-01
    41.0000   .48169E+00   .10013E+00
    42.0000   .46997E+00   .10263E+00
    43.0000   .45846E+00   .10507E+00
    44.0000   .44715E+00   .10746E+00
    45.0000   .43603E+00   .10978E+00
    46.0000   .42511E+00   .11203E+00
    47.0000   .41437E+00   .11418E+00
    48.0000   .40382E+00   .11625E+00
    49.0000   .39346E+00   .11821E+00
    50.0000   .38327E+00   .12007E+00
    51.0000   .37327E+00   .12181E+00
    52.0000   .36345E+00   .12344E+00
    53.0000   .35381E+00   .12495E+00
    54.0000   .34434E+00   .12633E+00
    55.0000   .33506E+00   .12758E+00
    56.0000   .32596E+00   .12871E+00
    57.0000   .31703E+00   .12970E+00
    58.0000   .30829E+00   .13057E+00
    59.0000   .29972E+00   .13130E+00
    60.0000   .29134E+00   .13191E+00
    61.0000   .28313E+00   .13239E+00
    62.0000   .27510E+00   .13274E+00
    63.0000   .26724E+00   .13297E+00
    64.0000   .25957E+00   .13308E+00
    65.0000   .25206E+00   .13307E+00
    66.0000   .24474E+00   .13295E+00
    67.0000   .23758E+00   .13272E+00
    68.0000   .23060E+00   .13238E+00
    69.0000   .22378E+00   .13194E+00
    70.0000   .21714E+00   .13141E+00
    71.0000   .21066E+00   .13078E+00
    72.0000   .20434E+00   .13007E+00
    73.0000   .19819E+00   .12927E+00
    74.0000   .19220E+00   .12840E+00
    75.0000   .18637E+00   .12745E+00
    76.0000   .18069E+00   .12643E+00
    77.0000   .17516E+00   .12535E+00
    78.0000   .16978E+00   .12421E+00
    79.0000   .16456E+00   .12301E+00
    80.0000   .15947E+00   .12176E+00
    81.0000   .15453E+00   .12046E+00
    82.0000   .14973E+00   .11912E+00
    83.0000   .14507E+00   .11773E+00
    84.0000   .14054E+00   .11632E+00
    85.0000   .13614E+00   .11487E+00
    86.0000   .13187E+00   .11339E+00
    87.0000   .12772E+00   .11189E+00
    88.0000   .12370E+00   .11036E+00
    89.0000   .11979E+00   .10881E+00
    90.0000   .11600E+00   .10725E+00
    91.0000   .11233E+00   .10568E+00
    92.0000   .10877E+00   .10409E+00
    93.0000   .10531E+00   .10250E+00
    94.0000   .10196E+00   .10090E+00
    95.0000   .98715E-01   .99294E-01
    96.0000   .95568E-01   .97689E-01
    97.0000   .92518E-01   .96083E-01
    98.0000   .89563E-01   .94479E-01
    99.0000   .86700E-01   .92879E-01
   100.0000   .83926E-01   .91285E-01
   101.0000   .81240E-01   .89697E-01
   102.0000   .78637E-01   .88118E-01
   103.0000   .76117E-01   .86547E-01
   104.0000   .73677E-01   .84988E-01
   105.0000   .71314E-01   .83441E-01
   106.0000   .69026E-01   .81906E-01
   107.0000   .66811E-01   .80385E-01
   108.0000   .64667E-01   .78878E-01
   109.0000   .62591E-01   .77387E-01
   110.0000   .60582E-01   .75912E-01
   111.0000   .58637E-01   .74453E-01
   112.0000   .56755E-01   .73012E-01
   113.0000   .54934E-01   .71589E-01
   114.0000   .53172E-01   .70183E-01
   115.0000   .51466E-01   .68797E-01
   116.0000   .49816E-01   .67429E-01
   117.0000   .48219E-01   .66080E-01
   118.0000   .46674E-01   .64751E-01
   119.0000   .45179E-01   .63442E-01
   120.0000   .43732E-01   .62152E-01
   121.0000   .42333E-01   .60883E-01
   122.0000   .40979E-01   .59633E-01
   123.0000   .39669E-01   .58404E-01
   124.0000   .38402E-01   .57195E-01
   125.0000   .37176E-01   .56006E-01
   126.0000   .35991E-01   .54837E-01
   127.0000   .34843E-01   .53688E-01
   128.0000   .33734E-01   .52559E-01
   129.0000   .32660E-01   .51451E-01
   130.0000   .31622E-01   .50362E-01
   131.0000   .30617E-01   .49293E-01
   132.0000   .29645E-01   .48243E-01
   133.0000   .28705E-01   .47213E-01
   134.0000   .27796E-01   .46203E-01
   135.0000   .26916E-01   .45211E-01
   136.0000   .26065E-01   .44238E-01
   137.0000   .25241E-01   .43284E-01
   138.0000   .24445E-01   .42349E-01
   139.0000   .23674E-01   .41432E-01
   140.0000   .22929E-01   .40533E-01
   141.0000   .22208E-01   .39651E-01
   142.0000   .21510E-01   .38788E-01
   143.0000   .20835E-01   .37941E-01
   144.0000   .20182E-01   .37112E-01
   145.0000   .19550E-01   .36300E-01
   146.0000   .18939E-01   .35504E-01
   147.0000   .18347E-01   .34725E-01
   148.0000   .17775E-01   .33962E-01
   149.0000   .17221E-01   .33214E-01
   150.0000   .16686E-01   .32483E-01
$

     *******************************************************************
     *                                                                 *
     *     CXTFIT VERSION 2.0 (1/2/95)                                 *
     *     ANALYTICAL SOLUTIONS FOR ONE-DIMENSIONAL CDE                *
     *     DIRECT PROBLRM                                              *
     *                                                                 *
     *     Fig.7-14c; Nonequilibrium field-scale transport (MODE=4)    *
     *         Negative correlation v-Kd (Alpha = 0.1), <cr>           *
     *                                                                 *
     *     DATA INPUT FILE:  fig7-14.in                                *
     *                                                                 *
     *******************************************************************


     MODEL DESCRIPTION
     =================
        STOCHASTIC ONE-SITE NONEQUILIBRIUM CDE WITH VARIABLE V & Kd (MODE=4)
         SD.D=0, LOCAL SCALE DISPERSION IS CONSTANT EVERYWHERE
          <R> = 1+RHO*<Kd>/THETA =    5.0000,  RHO/THETA =    4.0000
        ENSEMBLE AVERAGE OF RESIDENT CONCENTRATION (THIRD-TYPE INPUT)
        REAL TIME (t), POSITION(x)
          (D AND V ARE DIMENSIONAL;
              R,beta,omega,mu, AND gamma ARE DIMENSIONLESS)
        CHARACTERISTIC LENGTH =  100.0000
          FOR DIMENSIONLESS PARAMETERS
         DIMENSIONAL MEAN PHASE 2 CONC. <c2>


     INITIAL VALUES OF COEFFICIENTS
     ==============================
     NAME        INITIAL VALUE
      <V>......     .5000E+02
      <D>......     .2000E+02
      <Kd>.....     .1000E+01
      omega....     .8000E+00
      mu1......     .0000E+00
      mu2......     .0000E+00
      SD.v.....     .5000E+00
      SD.Kd....     .2000E+00
      SD.D.....     .0000E+00
     RhovKd....    -.1000E+01


     BOUNDARY, INITIAL, AND PRODUCTION CONDITIONS
     ===========================================
       DIRAC DELTA INPUT , MASS =   1.0000
         AMOUNT OF SOLUTE DEPENDS ON LOCAL V  (input=V delta/<V>)
       SOLUTE FREE INITIAL CONDITION
       NO PRODUCTION TERM


$ T=  1.00000     (CONC. VS. DEPTH)
$ Sum(C1*dZ) =    34.53543   Sum(s*dZ) =     3.59230
$    Z         <C1>           <s>          VAR(C1)       VAR(s)
      .0000   .11080E-02   .89802E-01   .13362E-04   .29630E-03
     1.0000   .24268E-02   .89006E-01   .34804E-04   .26951E-03
     2.0000   .38989E-02   .88190E-01   .76735E-04   .24435E-03
     3.0000   .55860E-02   .87372E-01   .15281E-03   .22062E-03
     4.0000   .75627E-02   .86552E-01   .28355E-03   .19856E-03
     5.0000   .99154E-02   .85725E-01   .49830E-03   .17831E-03
     6.0000   .12742E-01   .84886E-01   .83717E-03   .15984E-03
     7.0000   .16152E-01   .84031E-01   .13526E-02   .14323E-03
     8.0000   .20259E-01   .83155E-01   .21101E-02   .12858E-03
     9.0000   .25183E-01   .82256E-01   .31876E-02   .11607E-03
    10.0000   .31042E-01   .81330E-01   .46748E-02   .10588E-03
    11.0000   .37949E-01   .80372E-01   .66691E-02   .98282E-04
    12.0000   .46003E-01   .79379E-01   .92692E-02   .93522E-04
    13.0000   .55292E-01   .78348E-01   .12573E-01   .91857E-04
    14.0000   .65880E-01   .77274E-01   .16668E-01   .93519E-04
    15.0000   .77807E-01   .76156E-01   .21630E-01   .98699E-04
    16.0000   .91084E-01   .74992E-01   .27514E-01   .10753E-03
    17.0000   .10569E+00   .73780E-01   .34351E-01   .12008E-03
    18.0000   .12159E+00   .72519E-01   .42151E-01   .13633E-03
    19.0000   .13869E+00   .71211E-01   .50898E-01   .15619E-03
    20.0000   .15689E+00   .69855E-01   .60554E-01   .17946E-03
    21.0000   .17605E+00   .68453E-01   .71066E-01   .20588E-03
    22.0000   .19603E+00   .67009E-01   .82366E-01   .23510E-03
    23.0000   .21666E+00   .65524E-01   .94380E-01   .26671E-03
    24.0000   .23775E+00   .64003E-01   .10703E+00   .30025E-03
    25.0000   .25911E+00   .62451E-01   .12025E+00   .33522E-03
    26.0000   .28055E+00   .60871E-01   .13397E+00   .37110E-03
    27.0000   .30190E+00   .59268E-01   .14814E+00   .40738E-03
    28.0000   .32295E+00   .57648E-01   .16271E+00   .44355E-03
    29.0000   .34355E+00   .56015E-01   .17765E+00   .47912E-03
    30.0000   .36354E+00   .54375E-01   .19294E+00   .51364E-03
    31.0000   .38276E+00   .52732E-01   .20857E+00   .54670E-03
    32.0000   .40111E+00   .51091E-01   .22452E+00   .57796E-03
    33.0000   .41845E+00   .49458E-01   .24080E+00   .60710E-03
    34.0000   .43471E+00   .47835E-01   .25739E+00   .63388E-03
    35.0000   .44981E+00   .46228E-01   .27429E+00   .65810E-03
    36.0000   .46369E+00   .44639E-01   .29148E+00   .67963E-03
    37.0000   .47631E+00   .43073E-01   .30896E+00   .69839E-03
    38.0000   .48764E+00   .41533E-01   .32670E+00   .71432E-03
    39.0000   .49769E+00   .40020E-01   .34466E+00   .72744E-03
    40.0000   .50644E+00   .38538E-01   .36281E+00   .73777E-03
    41.0000   .51391E+00   .37088E-01   .38109E+00   .74539E-03
    42.0000   .52012E+00   .35673E-01   .39945E+00   .75040E-03
    43.0000   .52511E+00   .34293E-01   .41783E+00   .75291E-03
    44.0000   .52891E+00   .32950E-01   .43616E+00   .75306E-03
    45.0000   .53156E+00   .31644E-01   .45437E+00   .75099E-03
    46.0000   .53313E+00   .30376E-01   .47240E+00   .74688E-03
    47.0000   .53366E+00   .29148E-01   .49015E+00   .74088E-03
    48.0000   .53320E+00   .27958E-01   .50757E+00   .73315E-03
    49.0000   .53182E+00   .26806E-01   .52458E+00   .72387E-03
    50.0000   .52957E+00   .25694E-01   .54111E+00   .71319E-03
    51.0000   .52651E+00   .24620E-01   .55710E+00   .70128E-03
    52.0000   .52271E+00   .23584E-01   .57248E+00   .68828E-03
    53.0000   .51822E+00   .22585E-01   .58720E+00   .67436E-03
    54.0000   .51309E+00   .21623E-01   .60120E+00   .65963E-03
    55.0000   .50739E+00   .20698E-01   .61445E+00   .64425E-03
    56.0000   .50116E+00   .19808E-01   .62691E+00   .62832E-03
    57.0000   .49447E+00   .18952E-01   .63853E+00   .61197E-03
    58.0000   .48735E+00   .18130E-01   .64930E+00   .59529E-03
    59.0000   .47986E+00   .17341E-01   .65920E+00   .57838E-03
    60.0000   .47205E+00   .16584E-01   .66821E+00   .56134E-03
    61.0000   .46395E+00   .15858E-01   .67632E+00   .54423E-03
    62.0000   .45561E+00   .15162E-01   .68353E+00   .52714E-03
    63.0000   .44706E+00   .14494E-01   .68985E+00   .51012E-03
    64.0000   .43834E+00   .13855E-01   .69527E+00   .49323E-03
    65.0000   .42948E+00   .13243E-01   .69981E+00   .47653E-03
    66.0000   .42052E+00   .12657E-01   .70349E+00   .46004E-03
    67.0000   .41148E+00   .12096E-01   .70632E+00   .44382E-03
    68.0000   .40239E+00   .11560E-01   .70833E+00   .42789E-03
    69.0000   .39328E+00   .11047E-01   .70953E+00   .41229E-03
    70.0000   .38416E+00   .10556E-01   .70995E+00   .39703E-03
    71.0000   .37506E+00   .10087E-01   .70963E+00   .38213E-03
    72.0000   .36599E+00   .96379E-02   .70859E+00   .36761E-03
    73.0000   .35697E+00   .92091E-02   .70686E+00   .35347E-03
    74.0000   .34802E+00   .87994E-02   .70447E+00   .33974E-03
    75.0000   .33916E+00   .84079E-02   .70146E+00   .32641E-03
    76.0000   .33039E+00   .80339E-02   .69786E+00   .31349E-03
    77.0000   .32172E+00   .76766E-02   .69370E+00   .30097E-03
    78.0000   .31317E+00   .73354E-02   .68902E+00   .28886E-03
    79.0000   .30474E+00   .70095E-02   .68384E+00   .27716E-03
    80.0000   .29644E+00   .66982E-02   .67820E+00   .26586E-03
    81.0000   .28828E+00   .64010E-02   .67214E+00   .25495E-03
    82.0000   .28026E+00   .61173E-02   .66567E+00   .24444E-03
    83.0000   .27239E+00   .58463E-02   .65884E+00   .23431E-03
    84.0000   .26467E+00   .55876E-02   .65168E+00   .22456E-03
    85.0000   .25711E+00   .53407E-02   .64421E+00   .21517E-03
    86.0000   .24970E+00   .51049E-02   .63645E+00   .20614E-03
    87.0000   .24246E+00   .48798E-02   .62845E+00   .19746E-03
    88.0000   .23537E+00   .46649E-02   .62021E+00   .18912E-03
    89.0000   .22845E+00   .44597E-02   .61178E+00   .18112E-03
    90.0000   .22168E+00   .42639E-02   .60316E+00   .17343E-03
    91.0000   .21508E+00   .40769E-02   .59439E+00   .16605E-03
    92.0000   .20864E+00   .38984E-02   .58548E+00   .15897E-03
    93.0000   .20236E+00   .37280E-02   .57646E+00   .15219E-03
    94.0000   .19624E+00   .35653E-02   .56735E+00   .14568E-03
    95.0000   .19028E+00   .34100E-02   .55816E+00   .13944E-03
    96.0000   .18447E+00   .32617E-02   .54891E+00   .13347E-03
    97.0000   .17882E+00   .31201E-02   .53962E+00   .12774E-03
    98.0000   .17332E+00   .29849E-02   .53030E+00   .12226E-03
    99.0000   .16798E+00   .28558E-02   .52096E+00   .11701E-03
   100.0000   .16278E+00   .27325E-02   .51163E+00   .11199E-03
   101.0000   .15772E+00   .26147E-02   .50231E+00   .10718E-03
   102.0000   .15281E+00   .25023E-02   .49301E+00   .10257E-03
   103.0000   .14804E+00   .23949E-02   .48375E+00   .98167E-04
   104.0000   .14340E+00   .22923E-02   .47454E+00   .93952E-04
   105.0000   .13890E+00   .21943E-02   .46538E+00   .89919E-04
   106.0000   .13453E+00   .21007E-02   .45628E+00   .86061E-04
   107.0000   .13029E+00   .20113E-02   .44725E+00   .82370E-04
   108.0000   .12618E+00   .19259E-02   .43830E+00   .78840E-04
   109.0000   .12219E+00   .18443E-02   .42944E+00   .75464E-04
   110.0000   .11832E+00   .17663E-02   .42067E+00   .72236E-04
   111.0000   .11456E+00   .16917E-02   .41199E+00   .69148E-04
   112.0000   .11093E+00   .16205E-02   .40342E+00   .66196E-04
   113.0000   .10740E+00   .15524E-02   .39494E+00   .63372E-04
   114.0000   .10398E+00   .14873E-02   .38658E+00   .60673E-04
   115.0000   .10066E+00   .14251E-02   .37833E+00   .58091E-04
   116.0000   .97454E-01   .13656E-02   .37020E+00   .55623E-04
   117.0000   .94343E-01   .13088E-02   .36219E+00   .53263E-04
   118.0000   .91329E-01   .12544E-02   .35429E+00   .51006E-04
   119.0000   .88410E-01   .12024E-02   .34652E+00   .48848E-04
   120.0000   .85582E-01   .11527E-02   .33887E+00   .46785E-04
   121.0000   .82844E-01   .11052E-02   .33135E+00   .44812E-04
   122.0000   .80193E-01   .10597E-02   .32395E+00   .42925E-04
   123.0000   .77626E-01   .10162E-02   .31668E+00   .41121E-04
   124.0000   .75140E-01   .97454E-03   .30954E+00   .39395E-04
   125.0000   .72734E-01   .93471E-03   .30253E+00   .37745E-04
   126.0000   .70405E-01   .89660E-03   .29564E+00   .36167E-04
   127.0000   .68150E-01   .86014E-03   .28889E+00   .34658E-04
   128.0000   .65968E-01   .82524E-03   .28226E+00   .33214E-04
   129.0000   .63855E-01   .79183E-03   .27575E+00   .31833E-04
   130.0000   .61811E-01   .75986E-03   .26938E+00   .30512E-04
   131.0000   .59833E-01   .72925E-03   .26312E+00   .29249E-04
   132.0000   .57919E-01   .69995E-03   .25700E+00   .28040E-04
   133.0000   .56067E-01   .67188E-03   .25099E+00   .26884E-04
   134.0000   .54274E-01   .64501E-03   .24511E+00   .25777E-04
   135.0000   .52540E-01   .61928E-03   .23935E+00   .24718E-04
   136.0000   .50862E-01   .59463E-03   .23372E+00   .23705E-04
   137.0000   .49238E-01   .57102E-03   .22820E+00   .22736E-04
   138.0000   .47667E-01   .54841E-03   .22279E+00   .21808E-04
   139.0000   .46148E-01   .52674E-03   .21750E+00   .20920E-04
   140.0000   .44677E-01   .50598E-03   .21233E+00   .20070E-04
   141.0000   .43255E-01   .48608E-03   .20727E+00   .19256E-04
   142.0000   .41879E-01   .46702E-03   .20232E+00   .18477E-04
   143.0000   .40547E-01   .44874E-03   .19748E+00   .17731E-04
   144.0000   .39259E-01   .43123E-03   .19275E+00   .17017E-04
   145.0000   .38013E-01   .41444E-03   .18812E+00   .16333E-04
   146.0000   .36808E-01   .39834E-03   .18360E+00   .15678E-04
   147.0000   .35642E-01   .38290E-03   .17918E+00   .15051E-04
   148.0000   .34514E-01   .36810E-03   .17486E+00   .14450E-04
   149.0000   .33422E-01   .35391E-03   .17064E+00   .13874E-04
   150.0000   .32366E-01   .34029E-03   .16652E+00   .13323E-04
$

     *******************************************************************
     *                                                                 *
     *     CXTFIT VERSION 2.0 (1/2/95)                                 *
     *     ANALYTICAL SOLUTIONS FOR ONE-DIMENSIONAL CDE                *
     *     DIRECT PROBLRM                                              *
     *                                                                 *
     *     Fig.7-14c; Nonequilibrium field-scale transport (MODE=4)    *
     *         Negative correlation v-Kd (Alpha = 0.1), <cT>           *
     *                                                                 *
     *     DATA INPUT FILE:  fig7-14.in                                *
     *                                                                 *
     *******************************************************************


     MODEL DESCRIPTION
     =================
        STOCHASTIC ONE-SITE NONEQUILIBRIUM CDE WITH VARIABLE V & Kd (MODE=4)
         SD.D=0, LOCAL SCALE DISPERSION IS CONSTANT EVERYWHERE
          <R> = 1+RHO*<Kd>/THETA =    5.0000,  RHO/THETA =    4.0000
        ENSEMBLE AVERAGE OF TOTAL RESIDENT CONCENTRATION (THIRD-TYPE INPUT)
        REAL TIME (t), POSITION(x)
          (D AND V ARE DIMENSIONAL;
              R,beta,omega,mu, AND gamma ARE DIMENSIONLESS)
        CHARACTERISTIC LENGTH =  100.0000
          FOR DIMENSIONLESS PARAMETERS


     INITIAL VALUES OF COEFFICIENTS
     ==============================
     NAME        INITIAL VALUE
      <V>......     .5000E+02
      <D>......     .2000E+02
      <Kd>.....     .1000E+01
      omega....     .8000E+00
      mu1......     .0000E+00
      mu2......     .0000E+00
      SD.v.....     .5000E+00
      SD.Kd....     .2000E+00
      SD.D.....     .0000E+00
     RhovKd....    -.1000E+01


     BOUNDARY, INITIAL, AND PRODUCTION CONDITIONS
     ===========================================
       DIRAC DELTA INPUT , MASS =   1.0000
         AMOUNT OF SOLUTE DEPENDS ON LOCAL V  (input=V delta/<V>)
       SOLUTE FREE INITIAL CONDITION
       NO PRODUCTION TERM


$ T=  1.00000    (TOTAL RESIDENT CONC. VS. DEPTH)
$ Sum(Ct*dZ) =     48.90461 (TOTAL MASS)
$    Z         <Ct>          VAR(Ct)
      .0000   .36032E+00   .50158E-02
     1.0000   .35845E+00   .47724E-02
     2.0000   .35666E+00   .45829E-02
     3.0000   .35507E+00   .44558E-02
     4.0000   .35377E+00   .44102E-02
     5.0000   .35282E+00   .44678E-02
     6.0000   .35229E+00   .46560E-02
     7.0000   .35227E+00   .50066E-02
     8.0000   .35288E+00   .55628E-02
     9.0000   .35421E+00   .63758E-02
    10.0000   .35636E+00   .75058E-02
    11.0000   .35944E+00   .90187E-02
    12.0000   .36352E+00   .10985E-01
    13.0000   .36868E+00   .13474E-01
    14.0000   .37498E+00   .16558E-01
    15.0000   .38243E+00   .20299E-01
    16.0000   .39105E+00   .24751E-01
    17.0000   .40081E+00   .29961E-01
    18.0000   .41167E+00   .35961E-01
    19.0000   .42353E+00   .42772E-01
    20.0000   .43631E+00   .50404E-01
    21.0000   .44987E+00   .58859E-01
    22.0000   .46407E+00   .68133E-01
    23.0000   .47875E+00   .78216E-01
    24.0000   .49376E+00   .89101E-01
    25.0000   .50891E+00   .10078E+00
    26.0000   .52404E+00   .11324E+00
    27.0000   .53897E+00   .12648E+00
    28.0000   .55354E+00   .14050E+00
    29.0000   .56761E+00   .15529E+00
    30.0000   .58104E+00   .17085E+00
    31.0000   .59369E+00   .18718E+00
    32.0000   .60547E+00   .20425E+00
    33.0000   .61628E+00   .22206E+00
    34.0000   .62605E+00   .24057E+00
    35.0000   .63472E+00   .25975E+00
    36.0000   .64224E+00   .27956E+00
    37.0000   .64860E+00   .29992E+00
    38.0000   .65378E+00   .32078E+00
    39.0000   .65777E+00   .34206E+00
    40.0000   .66059E+00   .36368E+00
    41.0000   .66226E+00   .38553E+00
    42.0000   .66281E+00   .40753E+00
    43.0000   .66228E+00   .42957E+00
    44.0000   .66070E+00   .45155E+00
    45.0000   .65814E+00   .47336E+00
    46.0000   .65464E+00   .49489E+00
    47.0000   .65025E+00   .51606E+00
    48.0000   .64503E+00   .53675E+00
    49.0000   .63904E+00   .55689E+00
    50.0000   .63234E+00   .57637E+00
    51.0000   .62499E+00   .59514E+00
    52.0000   .61704E+00   .61310E+00
    53.0000   .60856E+00   .63021E+00
    54.0000   .59958E+00   .64640E+00
    55.0000   .59018E+00   .66164E+00
    56.0000   .58039E+00   .67588E+00
    57.0000   .57027E+00   .68908E+00
    58.0000   .55987E+00   .70124E+00
    59.0000   .54923E+00   .71233E+00
    60.0000   .53838E+00   .72235E+00
    61.0000   .52738E+00   .73129E+00
    62.0000   .51625E+00   .73917E+00
    63.0000   .50504E+00   .74598E+00
    64.0000   .49376E+00   .75175E+00
    65.0000   .48246E+00   .75650E+00
    66.0000   .47115E+00   .76025E+00
    67.0000   .45987E+00   .76302E+00
    68.0000   .44863E+00   .76485E+00
    69.0000   .43746E+00   .76577E+00
    70.0000   .42638E+00   .76582E+00
    71.0000   .41540E+00   .76503E+00
    72.0000   .40454E+00   .76344E+00
    73.0000   .39381E+00   .76108E+00
    74.0000   .38322E+00   .75801E+00
    75.0000   .37279E+00   .75425E+00
    76.0000   .36252E+00   .74984E+00
    77.0000   .35243E+00   .74484E+00
    78.0000   .34251E+00   .73927E+00
    79.0000   .33277E+00   .73317E+00
    80.0000   .32323E+00   .72658E+00
    81.0000   .31388E+00   .71954E+00
    82.0000   .30473E+00   .71209E+00
    83.0000   .29578E+00   .70425E+00
    84.0000   .28702E+00   .69607E+00
    85.0000   .27847E+00   .68757E+00
    86.0000   .27012E+00   .67879E+00
    87.0000   .26197E+00   .66975E+00
    88.0000   .25403E+00   .66049E+00
    89.0000   .24628E+00   .65103E+00
    90.0000   .23874E+00   .64140E+00
    91.0000   .23139E+00   .63162E+00
    92.0000   .22424E+00   .62171E+00
    93.0000   .21727E+00   .61170E+00
    94.0000   .21050E+00   .60161E+00
    95.0000   .20392E+00   .59146E+00
    96.0000   .19752E+00   .58126E+00
    97.0000   .19130E+00   .57104E+00
    98.0000   .18526E+00   .56080E+00
    99.0000   .17940E+00   .55057E+00
   100.0000   .17371E+00   .54036E+00
   101.0000   .16818E+00   .53018E+00
   102.0000   .16282E+00   .52005E+00
   103.0000   .15762E+00   .50996E+00
   104.0000   .15257E+00   .49995E+00
   105.0000   .14768E+00   .49000E+00
   106.0000   .14294E+00   .48014E+00
   107.0000   .13834E+00   .47037E+00
   108.0000   .13388E+00   .46069E+00
   109.0000   .12957E+00   .45112E+00
   110.0000   .12538E+00   .44166E+00
   111.0000   .12133E+00   .43232E+00
   112.0000   .11741E+00   .42309E+00
   113.0000   .11361E+00   .41399E+00
   114.0000   .10993E+00   .40501E+00
   115.0000   .10636E+00   .39617E+00
   116.0000   .10292E+00   .38746E+00
   117.0000   .99578E-01   .37888E+00
   118.0000   .96346E-01   .37044E+00
   119.0000   .93219E-01   .36214E+00
   120.0000   .90193E-01   .35399E+00
   121.0000   .87265E-01   .34597E+00
   122.0000   .84431E-01   .33809E+00
   123.0000   .81690E-01   .33036E+00
   124.0000   .79038E-01   .32276E+00
   125.0000   .76473E-01   .31531E+00
   126.0000   .73991E-01   .30801E+00
   127.0000   .71590E-01   .30084E+00
   128.0000   .69269E-01   .29381E+00
   129.0000   .67023E-01   .28693E+00
   130.0000   .64851E-01   .28018E+00
   131.0000   .62750E-01   .27357E+00
   132.0000   .60719E-01   .26709E+00
   133.0000   .58754E-01   .26076E+00
   134.0000   .56854E-01   .25455E+00
   135.0000   .55017E-01   .24848E+00
   136.0000   .53240E-01   .24254E+00
   137.0000   .51522E-01   .23672E+00
   138.0000   .49861E-01   .23104E+00
   139.0000   .48255E-01   .22547E+00
   140.0000   .46701E-01   .22004E+00
   141.0000   .45199E-01   .21472E+00
   142.0000   .43747E-01   .20952E+00
   143.0000   .42342E-01   .20444E+00
   144.0000   .40984E-01   .19948E+00
   145.0000   .39671E-01   .19463E+00
   146.0000   .38401E-01   .18989E+00
   147.0000   .37173E-01   .18526E+00
   148.0000   .35986E-01   .18074E+00
   149.0000   .34838E-01   .17633E+00
   150.0000   .33728E-01   .17201E+00
