$

     *******************************************************************
     *                                                                 *
     *     CXTFIT VERSION 2.0 (1/2/95)                                 *
     *     ANALYTICAL SOLUTIONS FOR ONE-DIMENSIONAL CDE                *
     *     DIRECT PROBLRM                                              *
     *                                                                 *
     *     Fig.7-11:Stochastic stream tube model with a random v       *
     *     Nonreactive solute (R=1), emsemble-averaged flux conc., <cf>*
     *                                                                 *
     *     DATA INPUT FILE:  FIG7-11.IN                                *
     *                                                                 *
     *******************************************************************


     MODEL DESCRIPTION
     =================
        STOCHASTIC EQUILIBRIUM CDE WITH VARIABLE V & Kd (MODE=3)
         SD.v=SD.D, FIELD SCALE DISPERSIVITY IS CONSTANT ( =<D>/<V> )
          <R> = 1+RHO*<Kd>/THETA =    1.0000,  RHO/THETA =    4.0000
        ENSEMBLE AVERAGE OF FLUX-AVERAGED CONCENTRATION <Cf>
        REAL TIME (t), POSITION(x)
          (D,V,mu, AND gamma ARE ALSO DIMENSIONAL)


     INITIAL VALUES OF COEFFICIENTS
     ==============================
     NAME        INITIAL VALUE
      <V>......     .5000E+02
      <D>......     .2000E+03
      <Kd>.....     .0000E+00
      mu1......     .0000E+00
      SD.v.....     .5000E+00
      SD.Kd....     .0000E+00
      SD.D.....     .5000E+00
     RhovKd....     .0000E+00


     BOUNDARY, INITIAL, AND PRODUCTION CONDITIONS
     ===========================================
       DIRAC DELTA INPUT , MASS =   1.0000
         AMOUNT OF SOLUTE DEPENDS ON LOCAL V  (input=V delta/<V>)
       SOLUTE FREE INITIAL CONDITION
       NO PRODUCTION TERM


$ Z=100.0000     (CONC. VS. TIME)
$ Sum(C*dT)=       .9266
$   TIME        <C>          VAR(C)
      .0000   .00000E+00   .00000E+00
      .0500   .37283E-12   .27915E-19
      .1000   .70514E-06   .28181E-07
      .1500   .57139E-04   .43329E-04
      .2000   .51220E-03   .78400E-03
      .2500   .20612E-02   .34877E-02
      .3000   .55572E-02   .92037E-02
      .3500   .11797E-01   .18682E-01
      .4000   .21294E-01   .32099E-01
      .4500   .34231E-01   .48953E-01
      .5000   .50462E-01   .68253E-01
      .5500   .69592E-01   .88760E-01
      .6000   .91062E-01   .10921E+00
      .6500   .11423E+00   .12848E+00
      .7000   .13845E+00   .14566E+00
      .7500   .16309E+00   .16014E+00
      .8000   .18758E+00   .17157E+00
      .8500   .21145E+00   .17983E+00
      .9000   .23429E+00   .18500E+00
      .9500   .25579E+00   .18731E+00
     1.0000   .27571E+00   .18706E+00
     1.0500   .29389E+00   .18464E+00
     1.1000   .31022E+00   .18044E+00
     1.1500   .32465E+00   .17482E+00
     1.2000   .33718E+00   .16816E+00
     1.2500   .34783E+00   .16077E+00
     1.3000   .35667E+00   .15293E+00
     1.3500   .36376E+00   .14488E+00
     1.4000   .36920E+00   .13681E+00
     1.4500   .37310E+00   .12888E+00
     1.5000   .37555E+00   .12119E+00
     1.5500   .37668E+00   .11384E+00
     1.6000   .37660E+00   .10687E+00
     1.6500   .37542E+00   .10034E+00
     1.7000   .37323E+00   .94240E-01
     1.7500   .37016E+00   .88591E-01
     1.8000   .36630E+00   .83377E-01
     1.8500   .36174E+00   .78585E-01
     1.9000   .35657E+00   .74190E-01
     1.9500   .35088E+00   .70167E-01
     2.0000   .34473E+00   .66490E-01
     2.0500   .33820E+00   .63128E-01
     2.1000   .33135E+00   .60053E-01
     2.1500   .32424E+00   .57238E-01
     2.2000   .31692E+00   .54656E-01
     2.2500   .30944E+00   .52281E-01
     2.3000   .30185E+00   .50092E-01
     2.3500   .29418E+00   .48067E-01
     2.4000   .28648E+00   .46187E-01
     2.4500   .27876E+00   .44435E-01
     2.5000   .27105E+00   .42795E-01
     2.5500   .26339E+00   .41254E-01
     2.6000   .25579E+00   .39801E-01
     2.6500   .24827E+00   .38424E-01
     2.7000   .24084E+00   .37115E-01
     2.7500   .23353E+00   .35867E-01
     2.8000   .22633E+00   .34672E-01
     2.8500   .21927E+00   .33524E-01
     2.9000   .21235E+00   .32420E-01
     2.9500   .20557E+00   .31355E-01
     3.0000   .19895E+00   .30325E-01
     3.0500   .19248E+00   .29328E-01
     3.1000   .18617E+00   .28361E-01
     3.1500   .18002E+00   .27423E-01
     3.2000   .17404E+00   .26511E-01
     3.2500   .16821E+00   .25625E-01
     3.3000   .16255E+00   .24764E-01
     3.3500   .15705E+00   .23925E-01
     3.4000   .15172E+00   .23109E-01
     3.4500   .14654E+00   .22316E-01
     3.5000   .14152E+00   .21544E-01
     3.5500   .13665E+00   .20793E-01
     3.6000   .13194E+00   .20062E-01
     3.6500   .12737E+00   .19352E-01
     3.7000   .12296E+00   .18662E-01
     3.7500   .11868E+00   .17992E-01
     3.8000   .11455E+00   .17341E-01
     3.8500   .11056E+00   .16710E-01
     3.9000   .10669E+00   .16097E-01
     3.9500   .10296E+00   .15503E-01
     4.0000   .99356E-01   .14927E-01
     4.0500   .95874E-01   .14369E-01
     4.1000   .92511E-01   .13829E-01
     4.1500   .89265E-01   .13306E-01
     4.2000   .86132E-01   .12801E-01
     4.2500   .83108E-01   .12312E-01
     4.3000   .80190E-01   .11840E-01
     4.3500   .77374E-01   .11383E-01
     4.4000   .74658E-01   .10942E-01
     4.4500   .72038E-01   .10517E-01
     4.5000   .69511E-01   .10107E-01
     4.5500   .67074E-01   .97108E-02
     4.6000   .64724E-01   .93291E-02
     4.6500   .62458E-01   .89613E-02
     4.7000   .60273E-01   .86069E-02
     4.7500   .58167E-01   .82656E-02
     4.8000   .56135E-01   .79370E-02
     4.8500   .54177E-01   .76206E-02
     4.9000   .52290E-01   .73162E-02
     4.9500   .50470E-01   .70233E-02
     5.0000   .48716E-01   .67417E-02
$

     *******************************************************************
     *                                                                 *
     *     CXTFIT VERSION 2.0 (1/2/95)                                 *
     *     ANALYTICAL SOLUTIONS FOR ONE-DIMENSIONAL CDE                *
     *     DIRECT PROBLRM                                              *
     *                                                                 *
     *     Fig.7-11:Stochastic stream tube model with a random v       *
     *     Nonreactive solute (R=1), field-scale flux conc., <vcf>/<v> *
     *                                                                 *
     *     DATA INPUT FILE:  FIG7-11.IN                                *
     *                                                                 *
     *******************************************************************


     MODEL DESCRIPTION
     =================
        STOCHASTIC EQUILIBRIUM CDE WITH VARIABLE V & Kd (MODE=3)
         SD.v=SD.D, FIELD SCALE DISPERSIVITY IS CONSTANT ( =<D>/<V> )
          <R> = 1+RHO*<Kd>/THETA =    1.0000,  RHO/THETA =    4.0000
        FIELD-SCALE FLUX-AVERAGED CONCENTRATION <VCf>/<V>
        REAL TIME (t), POSITION(x)
          (D,V,mu, AND gamma ARE ALSO DIMENSIONAL)


     INITIAL VALUES OF COEFFICIENTS
     ==============================
     NAME        INITIAL VALUE
      <V>......     .5000E+02
      <D>......     .2000E+03
      <Kd>.....     .0000E+00
      mu1......     .0000E+00
      SD.v.....     .5000E+00
      SD.Kd....     .0000E+00
      SD.D.....     .5000E+00
     RhovKd....     .0000E+00


     BOUNDARY, INITIAL, AND PRODUCTION CONDITIONS
     ===========================================
       DIRAC DELTA INPUT , MASS =   1.0000
         AMOUNT OF SOLUTE DEPENDS ON LOCAL V  (input=V delta/<V>)
       SOLUTE FREE INITIAL CONDITION
       NO PRODUCTION TERM


$ Z=100.0000     (CONC. VS. TIME)
$ Sum(C*dT)=       .9704
$   TIME        <C>          VAR(C)
      .0000   .00000E+00   .00000E+00
      .0500   .28928E-11   .17486E-17
      .1000   .51546E-05   .17293E-05
      .1500   .36928E-03   .23792E-02
      .2000   .28432E-02   .35221E-01
      .2500   .98090E-02   .11911E+00
      .3000   .23185E-01   .23629E+00
      .3500   .43685E-01   .36932E+00
      .4000   .71126E-01   .50458E+00
      .4500   .10437E+00   .62895E+00
      .5000   .14181E+00   .73281E+00
      .5500   .18169E+00   .81090E+00
      .6000   .22231E+00   .86177E+00
      .6500   .26220E+00   .88669E+00
      .7000   .30016E+00   .88868E+00
      .7500   .33531E+00   .87164E+00
      .8000   .36702E+00   .83971E+00
      .8500   .39490E+00   .79689E+00
      .9000   .41879E+00   .74676E+00
      .9500   .43865E+00   .69235E+00
     1.0000   .45459E+00   .63614E+00
     1.0500   .46679E+00   .58007E+00
     1.1000   .47549E+00   .52556E+00
     1.1500   .48097E+00   .47364E+00
     1.2000   .48353E+00   .42496E+00
     1.2500   .48347E+00   .37992E+00
     1.3000   .48111E+00   .33869E+00
     1.3500   .47673E+00   .30127E+00
     1.4000   .47060E+00   .26756E+00
     1.4500   .46298E+00   .23739E+00
     1.5000   .45412E+00   .21051E+00
     1.5500   .44422E+00   .18668E+00
     1.6000   .43349E+00   .16561E+00
     1.6500   .42209E+00   .14703E+00
     1.7000   .41018E+00   .13070E+00
     1.7500   .39791E+00   .11635E+00
     1.8000   .38538E+00   .10377E+00
     1.8500   .37271E+00   .92735E-01
     1.9000   .35998E+00   .83062E-01
     1.9500   .34728E+00   .74580E-01
     2.0000   .33466E+00   .67136E-01
     2.0500   .32219E+00   .60598E-01
     2.1000   .30992E+00   .54845E-01
     2.1500   .29787E+00   .49776E-01
     2.2000   .28609E+00   .45300E-01
     2.2500   .27459E+00   .41338E-01
     2.3000   .26340E+00   .37822E-01
     2.3500   .25253E+00   .34694E-01
     2.4000   .24200E+00   .31903E-01
     2.4500   .23180E+00   .29404E-01
     2.5000   .22195E+00   .27161E-01
     2.5500   .21244E+00   .25140E-01
     2.6000   .20327E+00   .23315E-01
     2.6500   .19445E+00   .21660E-01
     2.7000   .18596E+00   .20155E-01
     2.7500   .17781E+00   .18782E-01
     2.8000   .16998E+00   .17527E-01
     2.8500   .16246E+00   .16375E-01
     2.9000   .15526E+00   .15316E-01
     2.9500   .14836E+00   .14340E-01
     3.0000   .14175E+00   .13438E-01
     3.0500   .13542E+00   .12603E-01
     3.1000   .12936E+00   .11827E-01
     3.1500   .12357E+00   .11107E-01
     3.2000   .11804E+00   .10436E-01
     3.2500   .11274E+00   .98104E-02
     3.3000   .10769E+00   .92263E-02
     3.3500   .10286E+00   .86802E-02
     3.4000   .98243E-01   .81692E-02
     3.4500   .93837E-01   .76905E-02
     3.5000   .89632E-01   .72417E-02
     3.5500   .85617E-01   .68207E-02
     3.6000   .81786E-01   .64254E-02
     3.6500   .78129E-01   .60541E-02
     3.7000   .74640E-01   .57051E-02
     3.7500   .71311E-01   .53770E-02
     3.8000   .68134E-01   .50683E-02
     3.8500   .65104E-01   .47779E-02
     3.9000   .62213E-01   .45046E-02
     3.9500   .59455E-01   .42474E-02
     4.0000   .56824E-01   .40051E-02
     4.0500   .54314E-01   .37770E-02
     4.1000   .51920E-01   .35621E-02
     4.1500   .49636E-01   .33597E-02
     4.2000   .47457E-01   .31690E-02
     4.2500   .45379E-01   .29893E-02
     4.3000   .43395E-01   .28201E-02
     4.3500   .41503E-01   .26605E-02
     4.4000   .39698E-01   .25102E-02
     4.4500   .37975E-01   .23685E-02
     4.5000   .36331E-01   .22349E-02
     4.5500   .34762E-01   .21091E-02
     4.6000   .33265E-01   .19904E-02
     4.6500   .31836E-01   .18786E-02
     4.7000   .30471E-01   .17732E-02
     4.7500   .29169E-01   .16738E-02
     4.8000   .27926E-01   .15801E-02
     4.8500   .26739E-01   .14918E-02
     4.9000   .25605E-01   .14086E-02
     4.9500   .24523E-01   .13301E-02
     5.0000   .23489E-01   .12560E-02
$

     *******************************************************************
     *                                                                 *
     *     CXTFIT VERSION 2.0 (1/2/95)                                 *
     *     ANALYTICAL SOLUTIONS FOR ONE-DIMENSIONAL CDE                *
     *     DIRECT PROBLRM                                              *
     *                                                                 *
     *     Fig.7-11;Stochastic stream tube model with a random v       *
     *     Nonreactive solute (R=1), field-scale resident conc., <cr>  *
     *                                                                 *
     *     DATA INPUT FILE:  FIG7-11.IN                                *
     *                                                                 *
     *******************************************************************


     MODEL DESCRIPTION
     =================
        STOCHASTIC EQUILIBRIUM CDE WITH VARIABLE V & Kd (MODE=3)
         SD.v=SD.D, FIELD SCALE DISPERSIVITY IS CONSTANT ( =<D>/<V> )
          <R> = 1+RHO*<Kd>/THETA =    1.0000,  RHO/THETA =    4.0000
        ENSEMBLE AVERAGE OF RESIDENT CONCENTRATION (THIRD-TYPE INPUT)
        REAL TIME (t), POSITION(x)
          (D,V,mu, AND gamma ARE ALSO DIMENSIONAL)


     INITIAL VALUES OF COEFFICIENTS
     ==============================
     NAME        INITIAL VALUE
      <V>......     .5000E+02
      <D>......     .2000E+03
      <Kd>.....     .0000E+00
      mu1......     .0000E+00
      SD.v.....     .5000E+00
      SD.Kd....     .0000E+00
      SD.D.....     .5000E+00
     RhovKd....     .0000E+00


     BOUNDARY, INITIAL, AND PRODUCTION CONDITIONS
     ===========================================
       DIRAC DELTA INPUT , MASS =   1.0000
         AMOUNT OF SOLUTE DEPENDS ON LOCAL V  (input=V delta/<V>)
       SOLUTE FREE INITIAL CONDITION
       NO PRODUCTION TERM


$ Z=100.0000     (CONC. VS. TIME)
$ Sum(C*dT)=       .9168
$   TIME        <C>          VAR(C)
      .0000   .00000E+00   .00000E+00
      .0500   .12137E-12   .30592E-20
      .1000   .37889E-06   .90263E-08
      .1500   .37415E-04   .22439E-04
      .2000   .36596E-03   .51125E-03
      .2500   .15356E-02   .25055E-02
      .3000   .42744E-02   .68910E-02
      .3500   .92674E-02   .14385E-01
      .4000   .17041E-01   .25256E-01
      .4500   .27837E-01   .39271E-01
      .5000   .41627E-01   .55737E-01
      .5500   .58151E-01   .73696E-01
      .6000   .76989E-01   .92103E-01
      .6500   .97623E-01   .10996E+00
      .7000   .11950E+00   .12644E+00
      .7500   .14207E+00   .14088E+00
      .8000   .16481E+00   .15288E+00
      .8500   .18729E+00   .16222E+00
      .9000   .20909E+00   .16885E+00
      .9500   .22991E+00   .17288E+00
     1.0000   .24950E+00   .17452E+00
     1.0500   .26765E+00   .17402E+00
     1.1000   .28425E+00   .17170E+00
     1.1500   .29920E+00   .16789E+00
     1.2000   .31247E+00   .16288E+00
     1.2500   .32405E+00   .15697E+00
     1.3000   .33397E+00   .15043E+00
     1.3500   .34227E+00   .14349E+00
     1.4000   .34902E+00   .13635E+00
     1.4500   .35429E+00   .12916E+00
     1.5000   .35817E+00   .12206E+00
     1.5500   .36075E+00   .11515E+00
     1.6000   .36213E+00   .10851E+00
     1.6500   .36240E+00   .10218E+00
     1.7000   .36165E+00   .96207E-01
     1.7500   .35999E+00   .90607E-01
     1.8000   .35750E+00   .85387E-01
     1.8500   .35427E+00   .80543E-01
     1.9000   .35037E+00   .76065E-01
     1.9500   .34589E+00   .71937E-01
     2.0000   .34090E+00   .68140E-01
     2.0500   .33547E+00   .64651E-01
     2.1000   .32966E+00   .61449E-01
     2.1500   .32353E+00   .58509E-01
     2.2000   .31712E+00   .55808E-01
     2.2500   .31050E+00   .53323E-01
     2.3000   .30370E+00   .51034E-01
     2.3500   .29677E+00   .48919E-01
     2.4000   .28974E+00   .46962E-01
     2.4500   .28264E+00   .45143E-01
     2.5000   .27550E+00   .43448E-01
     2.5500   .26836E+00   .41863E-01
     2.6000   .26123E+00   .40375E-01
     2.6500   .25413E+00   .38973E-01
     2.7000   .24709E+00   .37648E-01
     2.7500   .24011E+00   .36390E-01
     2.8000   .23322E+00   .35192E-01
     2.8500   .22642E+00   .34047E-01
     2.9000   .21973E+00   .32950E-01
     2.9500   .21316E+00   .31896E-01
     3.0000   .20670E+00   .30880E-01
     3.0500   .20038E+00   .29900E-01
     3.1000   .19418E+00   .28952E-01
     3.1500   .18812E+00   .28034E-01
     3.2000   .18221E+00   .27142E-01
     3.2500   .17643E+00   .26277E-01
     3.3000   .17080E+00   .25436E-01
     3.3500   .16532E+00   .24618E-01
     3.4000   .15998E+00   .23821E-01
     3.4500   .15478E+00   .23046E-01
     3.5000   .14973E+00   .22291E-01
     3.5500   .14482E+00   .21556E-01
     3.6000   .14006E+00   .20840E-01
     3.6500   .13543E+00   .20143E-01
     3.7000   .13094E+00   .19465E-01
     3.7500   .12659E+00   .18804E-01
     3.8000   .12236E+00   .18161E-01
     3.8500   .11827E+00   .17536E-01
     3.9000   .11431E+00   .16928E-01
     3.9500   .11048E+00   .16338E-01
     4.0000   .10676E+00   .15764E-01
     4.0500   .10317E+00   .15206E-01
     4.1000   .99690E-01   .14665E-01
     4.1500   .96325E-01   .14140E-01
     4.2000   .93071E-01   .13631E-01
     4.2500   .89925E-01   .13138E-01
     4.3000   .86883E-01   .12659E-01
     4.3500   .83943E-01   .12196E-01
     4.4000   .81102E-01   .11748E-01
     4.4500   .78356E-01   .11314E-01
     4.5000   .75703E-01   .10894E-01
     4.5500   .73140E-01   .10488E-01
     4.6000   .70665E-01   .10095E-01
     4.6500   .68274E-01   .97163E-02
     4.7000   .65965E-01   .93500E-02
     4.7500   .63735E-01   .89964E-02
     4.8000   .61582E-01   .86550E-02
     4.8500   .59503E-01   .83256E-02
     4.9000   .57496E-01   .80079E-02
     4.9500   .55558E-01   .77014E-02
     5.0000   .53687E-01   .74060E-02
