$

     *******************************************************************
     *                                                                 *
     *     CXTFIT VERSION 2.1 (4/17/99)                                *
     *     ANALYTICAL SOLUTIONS FOR ONE-DIMENSIONAL CDE                *
     *     NON-LINEAR LEAST-SQUARES ANALYSIS                           *
     *                                                                 *
     *     Fig.7-3b:Steady saturated flow in a sand column             *
     *       EC vs. Time at 11 cm  (sho shiozawa, unpublished, f5)     *
     *                                                                 *
     *     DATA INPUT FILE:  Fig7-3b.in                                *
     *                                                                 *
     *******************************************************************


     MODEL DESCRIPTION
     =================
        DETERMINISTIC EQUILIBRIUM CDE (MODE=1)
        RESIDENT CONCENTRATION (THIRD-TYPE INPUT)
        REAL TIME (t), POSITION(x)
          (D,V,mu, AND gamma ARE ALSO DIMENSIONAL)


     INITIAL VALUES OF COEFFICIENTS
     ==============================
     NAME        INITIAL VALUE  FITTING   MIN VALUE     MAX VALUE
      V........     .3000E+00      Y      .1000E-01     .1000E+03
      D........     .3000E+00      Y      .1000E-02     .1000E+03
      R........     .1000E+01      N
      mu.......     .0000E+00      N


     BOUNDARY, INITIAL, AND PRODUCTION CONDITIONS
     ===========================================
       SOLUTE FREE INPUT
       CONSTANT INITIAL CONC. =    1.0000
       NO PRODUCTION TERM


     PARAMETER ESTIMATION MODE
     =========================
       MAXIMUM NUMBER OF ITERATIONS =  150


     ITER     SSQ        V....     D....
      0    .2098E+01  .300E+00  .300E+00
      1    .7435E+00  .257E+00  .150E+00
      2    .2146E+00  .257E+00  .757E-01
      3    .5790E-01  .258E+00  .242E-01
      4    .1157E-01  .258E+00  .332E-01
      5    .9840E-02  .258E+00  .355E-01
      6    .9825E-02  .258E+00  .357E-01
      7    .9825E-02  .258E+00  .357E-01



     COVARIANCE MATRIX FOR FITTED PARAMETERS
     =======================================
                V....  D....
         V....  1.000
         D....   .051  1.000

       RSQUARE FOR REGRESSION OF OBSERVED VS PREDICTED = .99837695
          (COEFFICIENT OF DETERMINATION)

       MEAN SQUARE FOR ERROR (MSE) =   .1965E-03


     NON-LINEAR LEAST SQUARES ANALYSIS, FINAL RESULTS
     ================================================

                                                95% CONFIDENCE LIMITS
      NAME      VALUE     S.E.COEFF. T-VALUE      LOWER        UPPER
      V....  .2581E+00   .3038E-03 .8494E+03   .2575E+00    .2587E+00
      D....  .3570E-01   .8497E-03 .4201E+02   .3399E-01    .3740E-01


     ------------------ORDERED BY COMPUTER INPUT-------------------
                                        CONCENTRATION         RESI-
$    NO    DISTANCE       TIME        OBS        FITTED       DUAL
      1     11.0000     27.3700      1.0000       .9977       .0023
      2     11.0000     29.3700       .9974       .9913       .0061
      3     11.0000     30.8700       .9703       .9801      -.0098
      4     11.0000     32.3700       .9518       .9601      -.0083
      5     11.0000     32.8700       .9481       .9509      -.0028
      6     11.0000     33.8700       .9401       .9282       .0119
      7     11.0000     34.3700       .9349       .9145       .0204
      8     11.0000     34.8700       .9176       .8991       .0185
      9     11.0000     35.3700       .8774       .8822      -.0048
     10     11.0000     35.8700       .8709       .8636       .0073
     11     11.0000     36.3700       .8638       .8434       .0204
     12     11.0000     36.8700       .8345       .8216       .0129
     13     11.0000     37.3700       .8048       .7984       .0064
     14     11.0000     37.8700       .7968       .7738       .0230
     15     11.0000     38.3700       .7460       .7479      -.0019
     16     11.0000     38.8700       .7276       .7210       .0066
     17     11.0000     39.3700       .6889       .6931      -.0042
     18     11.0000     39.8700       .6714       .6644       .0070
     19     11.0000     40.3700       .6337       .6351      -.0014
     20     11.0000     40.8700       .6071       .6053       .0018
     21     11.0000     41.3700       .5705       .5754      -.0049
     22     11.0000     41.8700       .5345       .5453      -.0108
     23     11.0000     42.3700       .4999       .5153      -.0154
     24     11.0000     42.8700       .4652       .4857      -.0205
     25     11.0000     43.3700       .4515       .4564      -.0049
     26     11.0000     43.8700       .4180       .4277      -.0097
     27     11.0000     44.3700       .3853       .3997      -.0144
     28     11.0000     44.8700       .3631       .3725      -.0094
     29     11.0000     45.3700       .3314       .3462      -.0148
     30     11.0000     45.8700       .3200       .3209      -.0009
     31     11.0000     46.3700       .2890       .2966      -.0076
     32     11.0000     46.8700       .2684       .2735      -.0051
     33     11.0000     47.3700       .2479       .2516      -.0037
     34     11.0000     47.8700       .2278       .2308      -.0030
     35     11.0000     48.3700       .2076       .2112      -.0036
     36     11.0000     48.8700       .1876       .1928      -.0052
     37     11.0000     49.8700       .1678       .1595       .0083
     38     11.0000     50.8700       .1384       .1307       .0077
     39     11.0000     51.8700       .1192       .1062       .0130
     40     11.0000     52.8700       .1004       .0855       .0149
     41     11.0000     53.8700       .0913       .0683       .0230
     42     11.0000     54.8700       .0829       .0541       .0288
     43     11.0000     55.8700       .0647       .0426       .0221
     44     11.0000     56.8700       .0564       .0332       .0232
     45     11.0000     57.8700       .0480       .0258       .0222
     46     11.0000     58.8700       .0398       .0198       .0200
     47     11.0000     60.3700       .0321       .0132       .0189
     48     11.0000     60.8700       .0327       .0115       .0212
     49     11.0000     62.3700       .0246       .0076       .0170
     50     11.0000     63.8700       .0264       .0049       .0215
     51     11.0000     64.8700       .0171       .0036       .0135
     52     11.0000     66.3700       .0181       .0023       .0158
$

     *******************************************************************
     *                                                                 *
     *     CXTFIT VERSION 2.1 (4/17/99)                                *
     *     ANALYTICAL SOLUTIONS FOR ONE-DIMENSIONAL CDE                *
     *     NON-LINEAR LEAST-SQUARES ANALYSIS                           *
     *                                                                 *
     *     Fig.7-3b:Steady saturated flow in a sand column             *
     *       EC vs. Time at 17 cm  (sho shiozawa, unpublished, f5)     *
     *                                                                 *
     *     DATA INPUT FILE:  Fig7-3b.in                                *
     *                                                                 *
     *******************************************************************


     MODEL DESCRIPTION
     =================
        DETERMINISTIC EQUILIBRIUM CDE (MODE=1)
        RESIDENT CONCENTRATION (THIRD-TYPE INPUT)
        REAL TIME (t), POSITION(x)
          (D,V,mu, AND gamma ARE ALSO DIMENSIONAL)


     INITIAL VALUES OF COEFFICIENTS
     ==============================
     NAME        INITIAL VALUE  FITTING   MIN VALUE     MAX VALUE
      V........     .3000E+00      Y      .1000E-01     .1000E+03
      D........     .3000E+00      Y      .1000E-02     .1000E+03
      R........     .1000E+01      N
      mu.......     .0000E+00      N


     BOUNDARY, INITIAL, AND PRODUCTION CONDITIONS
     ===========================================
       SOLUTE FREE INPUT
       CONSTANT INITIAL CONC. =    1.0000
       NO PRODUCTION TERM


     PARAMETER ESTIMATION MODE
     =========================
       MAXIMUM NUMBER OF ITERATIONS =  150


     ITER     SSQ        V....     D....
      0    .2393E+01  .300E+00  .300E+00
      1    .6057E+00  .264E+00  .150E+00
      2    .1407E+00  .257E+00  .757E-01
      3    .2168E-01  .253E+00  .323E-01
      4    .1070E-01  .254E+00  .382E-01
      5    .1049E-01  .254E+00  .392E-01
      6    .1049E-01  .254E+00  .393E-01
      7    .1049E-01  .254E+00  .393E-01



     COVARIANCE MATRIX FOR FITTED PARAMETERS
     =======================================
                V....  D....
         V....  1.000
         D....   .010  1.000

       RSQUARE FOR REGRESSION OF OBSERVED VS PREDICTED = .99836587
          (COEFFICIENT OF DETERMINATION)

       MEAN SQUARE FOR ERROR (MSE) =   .2332E-03


     NON-LINEAR LEAST SQUARES ANALYSIS, FINAL RESULTS
     ================================================

                                                95% CONFIDENCE LIMITS
      NAME      VALUE     S.E.COEFF. T-VALUE      LOWER        UPPER
      V....  .2543E+00   .3226E-03 .7882E+03   .2536E+00    .2549E+00
      D....  .3930E-01   .1134E-02 .3467E+02   .3702E-01    .4159E-01


     ------------------ORDERED BY COMPUTER INPUT-------------------
                                        CONCENTRATION         RESI-
$    NO    DISTANCE       TIME        OBS        FITTED       DUAL
      1     17.0000     37.8700       .9971      1.0000      -.0029
      2     17.0000     39.3700       .9877      1.0000      -.0123
      3     17.0000     40.8700       .9867       .9999      -.0132
      4     17.0000     42.3700       .9862       .9997      -.0135
      5     17.0000     44.3700       .9857       .9990      -.0133
      6     17.0000     45.8700       .9751       .9976      -.0225
      7     17.0000     47.3700       .9844       .9951      -.0107
      8     17.0000     48.8700       .9741       .9905      -.0164
      9     17.0000     50.3700       .9738       .9829      -.0091
     10     17.0000     51.8700       .9541       .9711      -.0170
     11     17.0000     53.3700       .9531       .9538      -.0007
     12     17.0000     54.8700       .9276       .9299      -.0023
     13     17.0000     55.8700       .9181       .9099       .0082
     14     17.0000     56.8700       .8986       .8864       .0122
     15     17.0000     58.3700       .8530       .8445       .0085
     16     17.0000     58.8700       .8435       .8288       .0147
     17     17.0000     59.8700       .8068       .7949       .0119
     18     17.0000     60.8700       .7694       .7580       .0114
     19     17.0000     61.3700       .7508       .7386       .0122
     20     17.0000     61.8700       .7320       .7186       .0134
     21     17.0000     62.3700       .6950       .6980      -.0030
     22     17.0000     63.3700       .6570       .6554       .0016
     23     17.0000     64.3700       .6193       .6115       .0078
     24     17.0000     65.3700       .5711       .5669       .0042
     25     17.0000     66.3700       .5135       .5221      -.0086
     26     17.0000     67.3700       .4647       .4777      -.0130
     27     17.0000     68.3700       .4162       .4342      -.0180
     28     17.0000     69.3700       .3678       .3921      -.0243
     29     17.0000     70.3700       .3283       .3518      -.0235
     30     17.0000     71.3700       .2891       .3136      -.0245
     31     17.0000     72.3700       .2778       .2778       .0000
     32     17.0000     73.3700       .2478       .2446       .0032
     33     17.0000     74.3700       .2086       .2140      -.0054
     34     17.0000     75.3700       .1792       .1861      -.0069
     35     17.0000     76.3700       .1684       .1609       .0075
     36     17.0000     77.8700       .1296       .1280       .0016
     37     17.0000     79.3700       .1280       .1005       .0275
     38     17.0000     80.8700       .0905       .0780       .0125
     39     17.0000     82.3700       .0804       .0598       .0206
     40     17.0000     83.8700       .0616       .0454       .0162
     41     17.0000     85.3700       .0519       .0341       .0178
     42     17.0000     86.8700       .0514       .0253       .0261
     43     17.0000     88.3700       .0419       .0186       .0233
     44     17.0000     90.3700       .0413       .0122       .0291
     45     17.0000     91.8700       .0318       .0087       .0231
     46     17.0000     93.8700       .0223       .0056       .0167
     47     17.0000     95.8700       .0128       .0035       .0093
$

     *******************************************************************
     *                                                                 *
     *     CXTFIT VERSION 2.1 (4/17/99)                                *
     *     ANALYTICAL SOLUTIONS FOR ONE-DIMENSIONAL CDE                *
     *     NON-LINEAR LEAST-SQUARES ANALYSIS                           *
     *                                                                 *
     *     Fig.7-3a:Steady saturated flow in a sand column             *
     *       EC vs. Time at 23 cm  (sho shiozawa, unpublished, f5)     *
     *                                                                 *
     *     DATA INPUT FILE:  Fig7-3b.in                                *
     *                                                                 *
     *******************************************************************


     MODEL DESCRIPTION
     =================
        DETERMINISTIC EQUILIBRIUM CDE (MODE=1)
        RESIDENT CONCENTRATION (THIRD-TYPE INPUT)
        REAL TIME (t), POSITION(x)
          (D,V,mu, AND gamma ARE ALSO DIMENSIONAL)


     INITIAL VALUES OF COEFFICIENTS
     ==============================
     NAME        INITIAL VALUE  FITTING   MIN VALUE     MAX VALUE
      V........     .3000E+00      Y      .1000E-01     .1000E+03
      D........     .3000E+00      Y      .1000E-02     .1000E+03
      R........     .1000E+01      N
      mu.......     .0000E+00      N


     BOUNDARY, INITIAL, AND PRODUCTION CONDITIONS
     ===========================================
       SOLUTE FREE INPUT
       CONSTANT INITIAL CONC. =    1.0000
       NO PRODUCTION TERM


     PARAMETER ESTIMATION MODE
     =========================
       MAXIMUM NUMBER OF ITERATIONS =  150


     ITER     SSQ        V....     D....
      0    .3851E+01  .300E+00  .300E+00
      1    .1430E+01  .226E+00  .689E-01
      2    .1147E+00  .250E+00  .765E-01
      3    .2085E-01  .249E+00  .392E-01
      4    .1853E-01  .249E+00  .423E-01
      5    .1850E-01  .249E+00  .428E-01
      6    .1850E-01  .249E+00  .428E-01
      7    .1850E-01  .249E+00  .428E-01



     COVARIANCE MATRIX FOR FITTED PARAMETERS
     =======================================
                V....  D....
         V....  1.000
         D....  -.067  1.000

       RSQUARE FOR REGRESSION OF OBSERVED VS PREDICTED = .99740179
          (COEFFICIENT OF DETERMINATION)

       MEAN SQUARE FOR ERROR (MSE) =   .3627E-03


     NON-LINEAR LEAST SQUARES ANALYSIS, FINAL RESULTS
     ================================================

                                                95% CONFIDENCE LIMITS
      NAME      VALUE     S.E.COEFF. T-VALUE      LOWER        UPPER
      V....  .2495E+00   .3457E-03 .7215E+03   .2488E+00    .2501E+00
      D....  .4281E-01   .1519E-02 .2819E+02   .3977E-01    .4586E-01


     ------------------ORDERED BY COMPUTER INPUT-------------------
                                        CONCENTRATION         RESI-
$    NO    DISTANCE       TIME        OBS        FITTED       DUAL
      1     23.0000     55.8700       .9901      1.0000      -.0099
      2     23.0000     57.3700       .9715      1.0000      -.0285
      3     23.0000     58.8700       .9715       .9999      -.0284
      4     23.0000     60.3700       .9715       .9998      -.0283
      5     23.0000     61.8700       .9714       .9995      -.0281
      6     23.0000     63.3700       .9710       .9990      -.0280
      7     23.0000     64.8700       .9708       .9982      -.0274
      8     23.0000     66.3700       .9712       .9967      -.0255
      9     23.0000     67.8700       .9620       .9943      -.0323
     10     23.0000     69.3700       .9627       .9905      -.0278
     11     23.0000     70.8700       .9634       .9849      -.0215
     12     23.0000     72.3700       .9652       .9770      -.0118
     13     23.0000     73.8700       .9585       .9660      -.0075
     14     23.0000     74.8700       .9517       .9568      -.0051
     15     23.0000     75.8700       .9359       .9457      -.0098
     16     23.0000     76.8700       .9392       .9327       .0065
     17     23.0000     77.8700       .9245       .9177       .0068
     18     23.0000     78.8700       .9091       .9006       .0085
     19     23.0000     79.8700       .8847       .8812       .0035
     20     23.0000     80.8700       .8708       .8596       .0112
     21     23.0000     81.8700       .8552       .8358       .0194
     22     23.0000     82.8700       .8293       .8099       .0194
     23     23.0000     83.8700       .7927       .7820       .0107
     24     23.0000     84.8700       .7742       .7522       .0220
     25     23.0000     85.8700       .7362       .7207       .0155
     26     23.0000     86.8700       .6967       .6879       .0088
     27     23.0000     87.8700       .6569       .6539       .0030
     28     23.0000     88.8700       .6157       .6190      -.0033
     29     23.0000     89.8700       .5735       .5835      -.0100
     30     23.0000     90.8700       .5407       .5477      -.0070
     31     23.0000     91.3700       .5288       .5298      -.0010
     32     23.0000     92.8700       .4647       .4765      -.0118
     33     23.0000     93.8700       .4217       .4416      -.0199
     34     23.0000     94.8700       .3884       .4075      -.0191
     35     23.0000     95.8700       .3654       .3744      -.0090
     36     23.0000     96.8700       .3326       .3426      -.0100
     37     23.0000     97.8700       .2911       .3121      -.0210
     38     23.0000     99.3700       .2479       .2693      -.0214
     39     23.0000    100.8700       .2242       .2302      -.0060
     40     23.0000    102.3700       .2015       .1950       .0065
     41     23.0000    103.8700       .1626       .1638      -.0012
     42     23.0000    105.3700       .1594       .1363       .0231
     43     23.0000    108.3700       .1214       .0920       .0294
     44     23.0000    109.8700       .0869       .0747       .0122
     45     23.0000    112.8700       .0695       .0480       .0215
     46     23.0000    114.3700       .0529       .0381       .0148
     47     23.0000    117.3700       .0537       .0234       .0303
     48     23.0000    118.8700       .0458       .0182       .0276
     49     23.0000    120.3700       .0380       .0140       .0240
     50     23.0000    124.3700       .0310       .0068       .0242
     51     23.0000    128.3700       .0241       .0032       .0209
     52     23.0000    130.3700       .0245       .0021       .0224
     53     23.0000    131.8700       .0162       .0016       .0146
