$

     *******************************************************************
     *                                                                 *
     *     CXTFIT VERSION 2.1 (4/17/99)                                *
     *     ANALYTICAL SOLUTIONS FOR ONE-DIMENSIONAL CDE                *
     *     NON-LINEAR LEAST-SQUARES ANALYSIS                           *
     *                                                                 *
     *     Fig.7-9b:BORON EFFLUENT (Exp3-1,van Genuchten,1974)         *
     *     (Kd=1.04, unit, cm, d, micro g)(see CXTFIT ver.1,EX.4A,Fig.5*
     *                                                                 *
     *     DATA INPUT FILE:  Fig7-9b.in                                *
     *                                                                 *
     *******************************************************************


     MODEL DESCRIPTION
     =================
        DETERMINISTIC NONEQUILIBRIUM CDE (MODE=2)
        FLUX-AVERAGED CONCENTRATION
        REDUCED TIME (T), POSITION(Z)
          (ALL PARAMETERS EXCEPT D AND V ARE DIMENSIONLESS)
        CHARACTERISTIC LENGTH =   30.0000
          FOR DIMENSIONLESS PARAMETERS


     INITIAL VALUES OF COEFFICIENTS
     ==============================
     NAME        INITIAL VALUE   FITTING
      V........     .3850E+02      N
      D........     .1550E+02      N
      R........     .3900E+01      N
      beta.....     .5000E+00      Y
      omega....     .2000E+00      Y
      mu1......     .0000E+00      N
      mu2......     .0000E+00      N


     BOUNDARY, INITIAL, AND PRODUCTION CONDITIONS
     ===========================================
       SINGLE PULSE OF CONC. =    1.0000 & DURATION =    6.4940
       SOLUTE FREE INITIAL CONDITION
       NO PRODUCTION TERM


     PARAMETER ESTIMATION MODE
     =========================
       MAXIMUM NUMBER OF ITERATIONS =   50
       TWO-REGION PHYSICAL NONEQUILIBRIUM MODEL


     ITER     SSQ        beta.     omega
      0    .1563E+01  .500E+00  .200E+00
      1    .1628E+00  .554E+00  .564E+00
      2    .8561E-01  .571E+00  .712E+00
      3    .8460E-01  .576E+00  .707E+00
      4    .8459E-01  .578E+00  .700E+00
      5    .8459E-01  .578E+00  .700E+00



     COVARIANCE MATRIX FOR FITTED PARAMETERS
     =======================================
                beta.  omega
         beta.  1.000
         omega  -.756  1.000

       RSQUARE FOR REGRESSION OF OBSERVED VS PREDICTED = .96970578
          (COEFFICIENT OF DETERMINATION)

       MEAN SQUARE FOR ERROR (MSE) =   .3021E-02


     NON-LINEAR LEAST SQUARES ANALYSIS, FINAL RESULTS
     ================================================

                                                95% CONFIDENCE LIMITS
      NAME      VALUE     S.E.COEFF. T-VALUE      LOWER        UPPER
      beta.  .5780E+00   .1410E-01 .4100E+02   .5492E+00    .6069E+00
      omega  .6999E+00   .8397E-01 .8336E+01   .5279E+00    .8720E+00


     ------------------ORDERED BY COMPUTER INPUT-------------------
                                        CONCENTRATION         RESI-
$    NO    DISTANCE       TIME        OBS        FITTED       DUAL
      1      1.0000      1.8000       .0150       .0592      -.0442
      2      1.0000      1.9500       .0750       .1250      -.0500
      3      1.0000      2.1000       .1700       .2117      -.0417
      4      1.0000      2.2500       .2650       .3048      -.0398
      5      1.0000      2.4000       .3400       .3901      -.0501
      6      1.0000      2.6000       .4300       .4794      -.0494
      7      1.0000      2.8500       .5350       .5524      -.0174
      8      1.0000      3.1500       .6200       .6055       .0145
      9      1.0000      3.5000       .6870       .6481       .0389
     10      1.0000      4.0000       .7380       .6971       .0409
     11      1.0000      4.6000       .7770       .7468       .0302
     12      1.0000      5.3000       .8190       .7949       .0241
     13      1.0000      6.0000       .8520       .8341       .0179
     14      1.0000      6.7000       .8800       .8661       .0139
     15      1.0000      7.3000       .8820       .8887      -.0067
     16      1.0000      7.7500       .8520       .9030      -.0510
     17      1.0000      8.0000       .7760       .9052      -.1292
     18      1.0000      8.2500       .6990       .8720      -.1730
     19      1.0000      8.5500       .6210       .7396      -.1186
     20      1.0000      8.9000       .5270       .5392      -.0122
     21      1.0000      9.3000       .4330       .3983       .0347
     22      1.0000      9.8000       .3570       .3231       .0339
     23      1.0000     10.5000       .2690       .2615       .0075
     24      1.0000     11.5000       .1860       .1945      -.0085
     25      1.0000     12.7000       .1330       .1356      -.0026
     26      1.0000     14.0000       .0900       .0912      -.0012
     27      1.0000     15.5000       .0540       .0573      -.0033
     28      1.0000     17.0000       .0400       .0358       .0042
     29      1.0000     18.5000       .0290       .0222       .0068
     30      1.0000     20.0000       .0250       .0137       .0113
$

     *******************************************************************
     *                                                                 *
     *     CXTFIT VERSION 2.1 (4/17/99)                                *
     *     ANALYTICAL SOLUTIONS FOR ONE-DIMENSIONAL CDE                *
     *     NON-LINEAR LEAST-SQUARES ANALYSIS                           *
     *                                                                 *
     *     Table 7.2a:BORON EFFLUENT (Exp3-1,van Genuchten,1974)       *
     *     (Kd=1.04, unit, cm, d, micro g)(Two parameters, Initial Beta*
     *                                                                 *
     *     DATA INPUT FILE:  Fig7-9b.in                                *
     *                                                                 *
     *******************************************************************


     MODEL DESCRIPTION
     =================
        DETERMINISTIC NONEQUILIBRIUM CDE (MODE=2)
        FLUX-AVERAGED CONCENTRATION
        REDUCED TIME (T), POSITION(Z)
          (ALL PARAMETERS EXCEPT D AND V ARE DIMENSIONLESS)
        CHARACTERISTIC LENGTH =   30.0000
          FOR DIMENSIONLESS PARAMETERS


     INITIAL VALUES OF COEFFICIENTS
     ==============================
     NAME        INITIAL VALUE   FITTING
      V........     .3850E+02      N
      D........     .1550E+02      N
      R........     .3900E+01      N
      beta.....     .1000E+00      Y
      omega....     .2000E+00      Y
      mu1......     .0000E+00      N
      mu2......     .0000E+00      N


     BOUNDARY, INITIAL, AND PRODUCTION CONDITIONS
     ===========================================
       SINGLE PULSE OF CONC. =    1.0000 & DURATION =    6.4940
       SOLUTE FREE INITIAL CONDITION
       NO PRODUCTION TERM


     PARAMETER ESTIMATION MODE
     =========================
       MAXIMUM NUMBER OF ITERATIONS =   50
       TWO-REGION PHYSICAL NONEQUILIBRIUM MODEL


     ITER     SSQ        beta.     omega
      0    .5794E+01  .100E+00  .200E+00
      1    .2284E+01  .100E+01  .685E+00
      2    .9638E+00  .500E+00  .342E+00
      3    .1251E+00  .545E+00  .688E+00
      4    .8585E-01  .567E+00  .748E+00
      5    .8463E-01  .576E+00  .711E+00
      6    .8459E-01  .578E+00  .701E+00
      7    .8459E-01  .578E+00  .701E+00



     COVARIANCE MATRIX FOR FITTED PARAMETERS
     =======================================
                beta.  omega
         beta.  1.000
         omega  -.756  1.000

       RSQUARE FOR REGRESSION OF OBSERVED VS PREDICTED = .96970628
          (COEFFICIENT OF DETERMINATION)

       MEAN SQUARE FOR ERROR (MSE) =   .3021E-02


     NON-LINEAR LEAST SQUARES ANALYSIS, FINAL RESULTS
     ================================================

                                                95% CONFIDENCE LIMITS
      NAME      VALUE     S.E.COEFF. T-VALUE      LOWER        UPPER
      beta.  .5778E+00   .1410E-01 .4097E+02   .5489E+00    .6067E+00
      omega  .7008E+00   .8405E-01 .8339E+01   .5287E+00    .8730E+00


     ------------------ORDERED BY COMPUTER INPUT-------------------
                                        CONCENTRATION         RESI-
$    NO    DISTANCE       TIME        OBS        FITTED       DUAL
      1      1.0000      1.8000       .0150       .0594      -.0444
      2      1.0000      1.9500       .0750       .1253      -.0503
      3      1.0000      2.1000       .1700       .2120      -.0420
      4      1.0000      2.2500       .2650       .3050      -.0400
      5      1.0000      2.4000       .3400       .3902      -.0502
      6      1.0000      2.6000       .4300       .4794      -.0494
      7      1.0000      2.8500       .5350       .5523      -.0173
      8      1.0000      3.1500       .6200       .6053       .0147
      9      1.0000      3.5000       .6870       .6479       .0391
     10      1.0000      4.0000       .7380       .6970       .0410
     11      1.0000      4.6000       .7770       .7467       .0303
     12      1.0000      5.3000       .8190       .7948       .0242
     13      1.0000      6.0000       .8520       .8341       .0179
     14      1.0000      6.7000       .8800       .8661       .0139
     15      1.0000      7.3000       .8820       .8887      -.0067
     16      1.0000      7.7500       .8520       .9030      -.0510
     17      1.0000      8.0000       .7760       .9051      -.1291
     18      1.0000      8.2500       .6990       .8719      -.1729
     19      1.0000      8.5500       .6210       .7393      -.1183
     20      1.0000      8.9000       .5270       .5390      -.0120
     21      1.0000      9.3000       .4330       .3984       .0346
     22      1.0000      9.8000       .3570       .3233       .0337
     23      1.0000     10.5000       .2690       .2617       .0073
     24      1.0000     11.5000       .1860       .1946      -.0086
     25      1.0000     12.7000       .1330       .1356      -.0026
     26      1.0000     14.0000       .0900       .0912      -.0012
     27      1.0000     15.5000       .0540       .0573      -.0033
     28      1.0000     17.0000       .0400       .0358       .0042
     29      1.0000     18.5000       .0290       .0222       .0068
     30      1.0000     20.0000       .0250       .0137       .0113
$

     *******************************************************************
     *                                                                 *
     *     CXTFIT VERSION 2.1 (4/17/99)                                *
     *     ANALYTICAL SOLUTIONS FOR ONE-DIMENSIONAL CDE                *
     *     NON-LINEAR LEAST-SQUARES ANALYSIS                           *
     *                                                                 *
     *     Table 7.2b:BORON EFFLUENT (Exp3-1,van Genuchten,1974)       *
     *     (Kd=1.04, unit, cm, d, micro g)(Three parameters,Initial Bet*
     *                                                                 *
     *     DATA INPUT FILE:  Fig7-9b.in                                *
     *                                                                 *
     *******************************************************************


     MODEL DESCRIPTION
     =================
        DETERMINISTIC NONEQUILIBRIUM CDE (MODE=2)
        FLUX-AVERAGED CONCENTRATION
        REDUCED TIME (T), POSITION(Z)
          (ALL PARAMETERS EXCEPT D AND V ARE DIMENSIONLESS)
        CHARACTERISTIC LENGTH =   30.0000
          FOR DIMENSIONLESS PARAMETERS


     INITIAL VALUES OF COEFFICIENTS
     ==============================
     NAME        INITIAL VALUE   FITTING
      V........     .3850E+02      N
      D........     .1550E+02      Y
      R........     .3900E+01      N
      beta.....     .5000E+00      Y
      omega....     .2000E+00      Y
      mu1......     .0000E+00      N
      mu2......     .0000E+00      N


     BOUNDARY, INITIAL, AND PRODUCTION CONDITIONS
     ===========================================
       SINGLE PULSE OF CONC. =    1.0000 & DURATION =    6.4940
       SOLUTE FREE INITIAL CONDITION
       NO PRODUCTION TERM


     PARAMETER ESTIMATION MODE
     =========================
       MAXIMUM NUMBER OF ITERATIONS =   50
       TWO-REGION PHYSICAL NONEQUILIBRIUM MODEL


     ITER     SSQ        D....     beta.     omega
      0    .1563E+01  .155E+02  .500E+00  .200E+00
      1    .1692E+00  .367E+02  .566E+00  .505E+00
      2    .6617E-01  .606E+02  .646E+00  .475E+00
      3    .6290E-01  .541E+02  .654E+00  .442E+00
      4    .6280E-01  .495E+02  .645E+00  .468E+00
      5    .6279E-01  .505E+02  .648E+00  .459E+00
      6    .6279E-01  .500E+02  .647E+00  .462E+00
      7    .6279E-01  .502E+02  .647E+00  .461E+00
      8    .6279E-01  .502E+02  .647E+00  .461E+00



     COVARIANCE MATRIX FOR FITTED PARAMETERS
     =======================================
                D....  beta.  omega
         D....  1.000
         beta.   .899  1.000
         omega  -.793  -.926  1.000

       RSQUARE FOR REGRESSION OF OBSERVED VS PREDICTED = .97751256
          (COEFFICIENT OF DETERMINATION)

       MEAN SQUARE FOR ERROR (MSE) =   .2326E-02


     NON-LINEAR LEAST SQUARES ANALYSIS, FINAL RESULTS
     ================================================

                                                95% CONFIDENCE LIMITS
      NAME      VALUE     S.E.COEFF. T-VALUE      LOWER        UPPER
      D....  .5017E+02   .1747E+02 .2871E+01   .1431E+02    .8603E+02
      beta.  .6472E+00   .3796E-01 .1705E+02   .5693E+00    .7251E+00
      omega  .4610E+00   .1233E+00 .3740E+01   .2081E+00    .7139E+00


     ------------------ORDERED BY COMPUTER INPUT-------------------
                                        CONCENTRATION         RESI-
$    NO    DISTANCE       TIME        OBS        FITTED       DUAL
      1      1.0000      1.8000       .0150       .1179      -.1029
      2      1.0000      1.9500       .0750       .1732      -.0982
      3      1.0000      2.1000       .1700       .2343      -.0643
      4      1.0000      2.2500       .2650       .2975      -.0325
      5      1.0000      2.4000       .3400       .3595      -.0195
      6      1.0000      2.6000       .4300       .4363      -.0063
      7      1.0000      2.8500       .5350       .5187       .0163
      8      1.0000      3.1500       .6200       .5962       .0238
      9      1.0000      3.5000       .6870       .6617       .0253
     10      1.0000      4.0000       .7380       .7237       .0143
     11      1.0000      4.6000       .7770       .7722       .0048
     12      1.0000      5.3000       .8190       .8125       .0065
     13      1.0000      6.0000       .8520       .8442       .0078
     14      1.0000      6.7000       .8800       .8702       .0098
     15      1.0000      7.3000       .8820       .8890      -.0070
     16      1.0000      7.7500       .8520       .8926      -.0406
     17      1.0000      8.0000       .7760       .8682      -.0922
     18      1.0000      8.2500       .6990       .8101      -.1111
     19      1.0000      8.5500       .6210       .7040      -.0830
     20      1.0000      8.9000       .5270       .5651      -.0381
     21      1.0000      9.3000       .4330       .4289       .0041
     22      1.0000      9.8000       .3570       .3142       .0428
     23      1.0000     10.5000       .2690       .2279       .0411
     24      1.0000     11.5000       .1860       .1663       .0197
     25      1.0000     12.7000       .1330       .1210       .0120
     26      1.0000     14.0000       .0900       .0863       .0037
     27      1.0000     15.5000       .0540       .0583      -.0043
     28      1.0000     17.0000       .0400       .0394       .0006
     29      1.0000     18.5000       .0290       .0265       .0025
     30      1.0000     20.0000       .0250       .0178       .0072
$

     *******************************************************************
     *                                                                 *
     *     CXTFIT VERSION 2.1 (4/17/99)                                *
     *     ANALYTICAL SOLUTIONS FOR ONE-DIMENSIONAL CDE                *
     *     NON-LINEAR LEAST-SQUARES ANALYSIS                           *
     *                                                                 *
     *     Table 7.2b:BORON EFFLUENT (Exp3-1,van Genuchten,1974)       *
     *     (Kd=1.04, unit, cm, d, micro g)(Three parameters,Initial Bet*
     *                                                                 *
     *     DATA INPUT FILE:  Fig7-9b.in                                *
     *                                                                 *
     *******************************************************************


     MODEL DESCRIPTION
     =================
        DETERMINISTIC NONEQUILIBRIUM CDE (MODE=2)
        FLUX-AVERAGED CONCENTRATION
        REDUCED TIME (T), POSITION(Z)
          (ALL PARAMETERS EXCEPT D AND V ARE DIMENSIONLESS)
        CHARACTERISTIC LENGTH =   30.0000
          FOR DIMENSIONLESS PARAMETERS


     INITIAL VALUES OF COEFFICIENTS
     ==============================
     NAME        INITIAL VALUE   FITTING
      V........     .3850E+02      N
      D........     .1550E+02      Y
      R........     .3900E+01      N
      beta.....     .1000E+00      Y
      omega....     .2000E+00      Y
      mu1......     .0000E+00      N
      mu2......     .0000E+00      N


     BOUNDARY, INITIAL, AND PRODUCTION CONDITIONS
     ===========================================
       SINGLE PULSE OF CONC. =    1.0000 & DURATION =    6.4940
       SOLUTE FREE INITIAL CONDITION
       NO PRODUCTION TERM


     PARAMETER ESTIMATION MODE
     =========================
       MAXIMUM NUMBER OF ITERATIONS =   50
       TWO-REGION PHYSICAL NONEQUILIBRIUM MODEL


     ITER     SSQ        D....     beta.     omega
      0    .5794E+01  .155E+02  .100E+00  .200E+00
      1    .1870E+01  .198E+04  .100E+01  .741E+00
      2    .1762E+01  .149E+04  .750E+00  .556E+00
      3    .1629E+01  .169E+04  .100E+01  .290E+01
      4    .2119E+00  .213E+03  .100E-03  .100E+03
      5    .1626E+00  .358E+03  .100E+01  .100E+03
      6    .1604E+00  .353E+03  .960E+00  .100E+03
      7    .1577E+00  .347E+03  .100E+01  .100E+03
      8    .1563E+00  .344E+03  .916E+00  .100E+03
      9    .1560E+00  .343E+03  .100E+01  .100E+03
     10    .1549E+00  .340E+03  .899E+00  .100E+03
     11    .1539E+00  .338E+03  .100E+01  .100E+03
     12    .1532E+00  .335E+03  .875E+00  .100E+03
     13    .1524E+00  .333E+03  .100E+01  .100E+03
     14    .1520E+00  .331E+03  .856E+00  .100E+03
     15    .1514E+00  .329E+03  .100E+01  .100E+03
     16    .1511E+00  .327E+03  .839E+00  .100E+03
     17    .1506E+00  .326E+03  .100E+01  .100E+03
     18    .1505E+00  .324E+03  .826E+00  .100E+03
     19    .1500E+00  .323E+03  .100E+01  .100E+03
     20    .1499E+00  .323E+03  .982E+00  .100E+03
     21    .1497E+00  .322E+03  .100E+01  .100E+03
     22    .1496E+00  .321E+03  .981E+00  .100E+03
     23    .1494E+00  .320E+03  .100E+01  .100E+03
     24    .1493E+00  .320E+03  .980E+00  .100E+03
     25    .1492E+00  .319E+03  .100E+01  .100E+03
     26    .1492E+00  .319E+03  .980E+00  .100E+03
     27    .1490E+00  .318E+03  .100E+01  .100E-06
     28    .1427E+00  .304E+03  .981E+00  .537E-04
     29    .1208E+00  .233E+03  .912E+00  .444E-01
     30    .7698E-01  .369E+02  .656E+00  .389E+00
     31    .6346E-01  .430E+02  .639E+00  .482E+00
     32    .6283E-01  .489E+02  .646E+00  .461E+00
     33    .6279E-01  .498E+02  .647E+00  .463E+00
     34    .6279E-01  .501E+02  .647E+00  .461E+00
     35    .6279E-01  .501E+02  .647E+00  .461E+00
     36    .6279E-01  .501E+02  .647E+00  .461E+00



     COVARIANCE MATRIX FOR FITTED PARAMETERS
     =======================================
                D....  beta.  omega
         D....  1.000
         beta.   .899  1.000
         omega  -.793  -.926  1.000

       RSQUARE FOR REGRESSION OF OBSERVED VS PREDICTED = .97751252
          (COEFFICIENT OF DETERMINATION)

       MEAN SQUARE FOR ERROR (MSE) =   .2326E-02


     NON-LINEAR LEAST SQUARES ANALYSIS, FINAL RESULTS
     ================================================

                                                95% CONFIDENCE LIMITS
      NAME      VALUE     S.E.COEFF. T-VALUE      LOWER        UPPER
      D....  .5013E+02   .1747E+02 .2870E+01   .1429E+02    .8597E+02
      beta.  .6471E+00   .3795E-01 .1705E+02   .5692E+00    .7250E+00
      omega  .4613E+00   .1233E+00 .3742E+01   .2084E+00    .7143E+00


     ------------------ORDERED BY COMPUTER INPUT-------------------
                                        CONCENTRATION         RESI-
$    NO    DISTANCE       TIME        OBS        FITTED       DUAL
      1      1.0000      1.8000       .0150       .1179      -.1029
      2      1.0000      1.9500       .0750       .1732      -.0982
      3      1.0000      2.1000       .1700       .2343      -.0643
      4      1.0000      2.2500       .2650       .2975      -.0325
      5      1.0000      2.4000       .3400       .3595      -.0195
      6      1.0000      2.6000       .4300       .4363      -.0063
      7      1.0000      2.8500       .5350       .5187       .0163
      8      1.0000      3.1500       .6200       .5962       .0238
      9      1.0000      3.5000       .6870       .6616       .0254
     10      1.0000      4.0000       .7380       .7237       .0143
     11      1.0000      4.6000       .7770       .7721       .0049
     12      1.0000      5.3000       .8190       .8125       .0065
     13      1.0000      6.0000       .8520       .8442       .0078
     14      1.0000      6.7000       .8800       .8702       .0098
     15      1.0000      7.3000       .8820       .8890      -.0070
     16      1.0000      7.7500       .8520       .8926      -.0406
     17      1.0000      8.0000       .7760       .8682      -.0922
     18      1.0000      8.2500       .6990       .8101      -.1111
     19      1.0000      8.5500       .6210       .7040      -.0830
     20      1.0000      8.9000       .5270       .5651      -.0381
     21      1.0000      9.3000       .4330       .4289       .0041
     22      1.0000      9.8000       .3570       .3142       .0428
     23      1.0000     10.5000       .2690       .2279       .0411
     24      1.0000     11.5000       .1860       .1664       .0196
     25      1.0000     12.7000       .1330       .1210       .0120
     26      1.0000     14.0000       .0900       .0863       .0037
     27      1.0000     15.5000       .0540       .0584      -.0044
     28      1.0000     17.0000       .0400       .0393       .0007
     29      1.0000     18.5000       .0290       .0265       .0025
     30      1.0000     20.0000       .0250       .0178       .0072
