$

     *******************************************************************
     *                                                                 *
     *     CXTFIT VERSION 2.0 (1/2/95)                                 *
     *     ANALYTICAL SOLUTIONS FOR ONE-DIMENSIONAL CDE                *
     *     DIRECT PROBLRM                                              *
     *                                                                 *
     *     Fig.7-2a: Flux vs. (Resident) Conc. For the IVP (a)P=2      *
     *       Toride et al.,1993 (SSSAJ p1406-1409)                     *
     *                                                                 *
     *     DATA INPUT FILE:  FIG7-2A.IN                                *
     *                                                                 *
     *******************************************************************


     MODEL DESCRIPTION
     =================
        DETERMINISTIC EQUILIBRIUM CDE (MODE=1)
        FLUX-AVERAGED CONCENTRATION
        REDUCED TIME (T), POSITION(Z)
          (ALL PARAMETERS EXCEPT D AND V ARE DIMENSIONLESS)
        CHARACTERISTIC LENGTH =   50.0000
          FOR DIMENSIONLESS PARAMETERS


     INITIAL VALUES OF COEFFICIENTS
     ==============================
     NAME        INITIAL VALUE
      V........     .5000E+02
      D........     .1250E+04
      R........     .1000E+01
      mu.......     .0000E+00


     BOUNDARY, INITIAL, AND PRODUCTION CONDITIONS
     ===========================================
       SOLUTE FREE INPUT
         3 STEPS INITIAL CONDITION
       CONC.    STARTING POSITION
           .00000    .00000
          1.00000    .50000
           .00000   1.00000
       NO PRODUCTION TERM


$ T=   .05000   (FLUX-AVERAGED CONC. VS. DEPTH)
$ Sum(C*dZ) =       .50648
$    Z            C
      .0000   .00000E+00
      .0250  -.18167E-01
      .0500  -.37610E-01
      .0750  -.58722E-01
      .1000  -.81860E-01
      .1250  -.10731E+00
      .1500  -.13525E+00
      .1750  -.16571E+00
      .2000  -.19850E+00
      .2250  -.23326E+00
      .2500  -.26936E+00
      .2750  -.30593E+00
      .3000  -.34184E+00
      .3250  -.37576E+00
      .3500  -.40616E+00
      .3750  -.43139E+00
      .4000  -.44972E+00
      .4250  -.45946E+00
      .4500  -.45899E+00
      .4750  -.44692E+00
      .5000  -.42211E+00
      .5250  -.38376E+00
      .5500  -.33150E+00
      .5750  -.26537E+00
      .6000  -.18590E+00
      .6250  -.94059E-01
      .6500   .87552E-02
      .6750   .12075E+00
      .7000   .23979E+00
      .7250   .36351E+00
      .7500   .48932E+00
      .7750   .61453E+00
      .8000   .73645E+00
      .8250   .85241E+00
      .8500   .95988E+00
      .8750   .10565E+01
      .9000   .11403E+01
      .9250   .12096E+01
      .9500   .12629E+01
      .9750   .12994E+01
     1.0000   .13187E+01
     1.0250   .13208E+01
     1.0500   .13062E+01
     1.0750   .12759E+01
     1.1000   .12313E+01
     1.1250   .11742E+01
     1.1500   .11065E+01
     1.1750   .10306E+01
     1.2000   .94862E+00
     1.2250   .86303E+00
     1.2500   .77600E+00
     1.2750   .68960E+00
     1.3000   .60565E+00
     1.3250   .52567E+00
     1.3500   .45089E+00
     1.3750   .38217E+00
     1.4000   .32009E+00
     1.4250   .26491E+00
     1.4500   .21662E+00
     1.4750   .17502E+00
     1.5000   .13971E+00
     1.5250   .11019E+00
     1.5500   .85854E-01
     1.5750   .66086E-01
     1.6000   .50254E-01
     1.6250   .37751E-01
     1.6500   .28014E-01
     1.6750   .20536E-01
     1.7000   .14870E-01
     1.7250   .10636E-01
     1.7500   .75149E-02
     1.7750   .52446E-02
     1.8000   .36153E-02
     1.8250   .24616E-02
     1.8500   .16555E-02
     1.8750   .10997E-02
     1.9000   .72153E-03
     1.9250   .46758E-03
     1.9500   .29928E-03
     1.9750   .18920E-03
     2.0000   .11813E-03
     2.0250   .72849E-04
     2.0500   .44371E-04
     2.0750   .26693E-04
     2.1000   .15859E-04
     2.1250   .93063E-05
     2.1500   .53936E-05
     2.1750   .30873E-05
     2.2000   .17453E-05
     2.2250   .97447E-06
     2.2500   .53735E-06
     2.2750   .29265E-06
     2.3000   .15741E-06
     2.3250   .83617E-07
     2.3500   .43869E-07
     2.3750   .22730E-07
     2.4000   .11632E-07
     2.4250   .58787E-08
     2.4500   .29343E-08
     2.4750   .14464E-08
     2.5000   .70420E-09
$

     *******************************************************************
     *                                                                 *
     *     CXTFIT VERSION 2.0 (1/2/95)                                 *
     *     ANALYTICAL SOLUTIONS FOR ONE-DIMENSIONAL CDE                *
     *     DIRECT PROBLRM                                              *
     *                                                                 *
     *     Fig.7-2a: (Flux) vs. Resident Conc. For the IVP (a)P=2      *
     *       Toride et al.,1993 (SSSAJ p1406-1409)                     *
     *                                                                 *
     *     DATA INPUT FILE:  FIG7-2A.IN                                *
     *                                                                 *
     *******************************************************************


     MODEL DESCRIPTION
     =================
        DETERMINISTIC EQUILIBRIUM CDE (MODE=1)
        RESIDENT CONCENTRATION (THIRD-TYPE INPUT)
        REDUCED TIME (T), POSITION(Z)
          (ALL PARAMETERS EXCEPT D AND V ARE DIMENSIONLESS)
        CHARACTERISTIC LENGTH =   50.0000
          FOR DIMENSIONLESS PARAMETERS


     INITIAL VALUES OF COEFFICIENTS
     ==============================
     NAME        INITIAL VALUE
      V........     .5000E+02
      D........     .1250E+04
      R........     .1000E+01
      mu.......     .0000E+00


     BOUNDARY, INITIAL, AND PRODUCTION CONDITIONS
     ===========================================
       SOLUTE FREE INPUT
         3 STEPS INITIAL CONDITION
       CONC.    STARTING POSITION
           .00000    .00000
          1.00000    .50000
           .00000   1.00000
       NO PRODUCTION TERM


$ T=   .05000    (RESIDENT AND TOTAL RESIDENT CONC. VS. DEPTH)
$ Sum(C*dZ) =      .50000   Sum(Ct*dZ) =      .50000 (TOTAL MASS)
$    Z          C           Ct (=R*C)
      .0000   .12889E-01   .12889E-01
      .0250   .14007E-01   .14007E-01
      .0500   .16145E-01   .16145E-01
      .0750   .19429E-01   .19429E-01
      .1000   .24015E-01   .24015E-01
      .1250   .30080E-01   .30080E-01
      .1500   .37824E-01   .37824E-01
      .1750   .47462E-01   .47462E-01
      .2000   .59216E-01   .59216E-01
      .2250   .73306E-01   .73306E-01
      .2500   .89937E-01   .89937E-01
      .2750   .10929E+00   .10929E+00
      .3000   .13150E+00   .13150E+00
      .3250   .15664E+00   .15664E+00
      .3500   .18473E+00   .18473E+00
      .3750   .21569E+00   .21569E+00
      .4000   .24936E+00   .24936E+00
      .4250   .28549E+00   .28549E+00
      .4500   .32372E+00   .32372E+00
      .4750   .36360E+00   .36360E+00
      .5000   .40458E+00   .40458E+00
      .5250   .44605E+00   .44605E+00
      .5500   .48733E+00   .48733E+00
      .5750   .52769E+00   .52769E+00
      .6000   .56638E+00   .56638E+00
      .6250   .60267E+00   .60267E+00
      .6500   .63582E+00   .63582E+00
      .6750   .66516E+00   .66516E+00
      .7000   .69007E+00   .69007E+00
      .7250   .71003E+00   .71003E+00
      .7500   .72460E+00   .72460E+00
      .7750   .73347E+00   .73347E+00
      .8000   .73645E+00   .73645E+00
      .8250   .73347E+00   .73347E+00
      .8500   .72460E+00   .72460E+00
      .8750   .71003E+00   .71003E+00
      .9000   .69007E+00   .69007E+00
      .9250   .66516E+00   .66516E+00
      .9500   .63582E+00   .63582E+00
      .9750   .60267E+00   .60267E+00
     1.0000   .56638E+00   .56638E+00
     1.0250   .52769E+00   .52769E+00
     1.0500   .48733E+00   .48733E+00
     1.0750   .44605E+00   .44605E+00
     1.1000   .40458E+00   .40458E+00
     1.1250   .36359E+00   .36359E+00
     1.1500   .32372E+00   .32372E+00
     1.1750   .28548E+00   .28548E+00
     1.2000   .24934E+00   .24934E+00
     1.2250   .21565E+00   .21565E+00
     1.2500   .18467E+00   .18467E+00
     1.2750   .15656E+00   .15656E+00
     1.3000   .13138E+00   .13138E+00
     1.3250   .10911E+00   .10911E+00
     1.3500   .89683E-01   .89683E-01
     1.3750   .72938E-01   .72938E-01
     1.4000   .58690E-01   .58690E-01
     1.4250   .46721E-01   .46721E-01
     1.4500   .36791E-01   .36791E-01
     1.4750   .28656E-01   .28656E-01
     1.5000   .22075E-01   .22075E-01
     1.5250   .16817E-01   .16817E-01
     1.5500   .12670E-01   .12670E-01
     1.5750   .94382E-02   .94382E-02
     1.6000   .69518E-02   .69518E-02
     1.6250   .50625E-02   .50625E-02
     1.6500   .36448E-02   .36448E-02
     1.6750   .25941E-02   .25941E-02
     1.7000   .18251E-02   .18251E-02
     1.7250   .12693E-02   .12693E-02
     1.7500   .87259E-03   .87259E-03
     1.7750   .59289E-03   .59289E-03
     1.8000   .39816E-03   .39816E-03
     1.8250   .26427E-03   .26427E-03
     1.8500   .17335E-03   .17335E-03
     1.8750   .11237E-03   .11237E-03
     1.9000   .71988E-04   .71988E-04
     1.9250   .45574E-04   .45574E-04
     1.9500   .28511E-04   .28511E-04
     1.9750   .17625E-04   .17625E-04
     2.0000   .10759E-04   .10759E-04
     2.0250   .64931E-05   .64931E-05
     2.0500   .38720E-05   .38720E-05
     2.0750   .22815E-05   .22815E-05
     2.1000   .13282E-05   .13282E-05
     2.1250   .76396E-06   .76396E-06
     2.1500   .43416E-06   .43416E-06
     2.1750   .24377E-06   .24377E-06
     2.2000   .13522E-06   .13522E-06
     2.2250   .74109E-07   .74109E-07
     2.2500   .40125E-07   .40125E-07
     2.2750   .21463E-07   .21463E-07
     2.3000   .11342E-07   .11342E-07
     2.3250   .59214E-08   .59214E-08
     2.3500   .30539E-08   .30539E-08
     2.3750   .15560E-08   .15560E-08
     2.4000   .78316E-09   .78316E-09
     2.4250   .38941E-09   .38941E-09
     2.4500   .19127E-09   .19127E-09
     2.4750   .92808E-10   .92808E-10
     2.5000   .44485E-10   .44485E-10
