$

     *******************************************************************
     *                                                                 *
     *     CXTFIT VERSION 2.1 (4/17/99)                                *
     *     ANALYTICAL SOLUTIONS FOR ONE-DIMENSIONAL CDE                *
     *     NON-LINEAR LEAST-SQUARES ANALYSIS                           *
     *                                                                 *
     *     Fig.7-3a:Steady saturated flow in a sand column             *
     *       EC vs. Time at 11 cm  (sho shiozawa, unpublished, f0)     *
     *                                                                 *
     *     DATA INPUT FILE:  Fig7-3a.in                                *
     *                                                                 *
     *******************************************************************


     MODEL DESCRIPTION
     =================
        DETERMINISTIC EQUILIBRIUM CDE (MODE=1)
        RESIDENT CONCENTRATION (THIRD-TYPE INPUT)
        REAL TIME (t), POSITION(x)
          (D,V,mu, AND gamma ARE ALSO DIMENSIONAL)


     INITIAL VALUES OF COEFFICIENTS
     ==============================
     NAME        INITIAL VALUE  FITTING   MIN VALUE     MAX VALUE
      V........     .3000E+01      Y      .1000E-01     .1000E+03
      D........     .1000E+01      Y      .1000E-01     .1000E+03
      R........     .1000E+01      N
      mu.......     .0000E+00      N


     BOUNDARY, INITIAL, AND PRODUCTION CONDITIONS
     ===========================================
       STEP INPUT OF CONC. =    1.0000
       SOLUTE FREE INITIAL CONDITION
       NO PRODUCTION TERM 


     PARAMETER ESTIMATION MODE
     =========================
       MAXIMUM NUMBER OF ITERATIONS =  150


     ITER     SSQ        V....     D....
      0    .2910E+01  .300E+01  .100E+01
      1    .1276E+01  .222E+01  .503E+00
      2    .6790E-01  .250E+01  .199E+00
      3    .2133E-02  .245E+01  .157E+00
      4    .1702E-02  .245E+01  .154E+00
      5    .1702E-02  .245E+01  .154E+00



     COVARIANCE MATRIX FOR FITTED PARAMETERS
     =======================================
                V....  D....
         V....  1.000
         D....   .074  1.000

       RSQUARE FOR REGRESSION OF OBSERVED VS PREDICTED = .99969272
          (COEFFICIENT OF DETERMINATION)

       MEAN SQUARE FOR ERROR (MSE) =   .5156E-04


     NON-LINEAR LEAST SQUARES ANALYSIS, FINAL RESULTS
     ================================================

                                                95% CONFIDENCE LIMITS
      NAME      VALUE     S.E.COEFF. T-VALUE      LOWER        UPPER
      V....  .2451E+01   .1483E-02 .1653E+04   .2448E+01    .2455E+01
      D....  .1540E+00   .2523E-02 .6104E+02   .1489E+00    .1591E+00


     ------------------ORDERED BY COMPUTER INPUT-------------------
                                        CONCENTRATION         RESI-
$    NO    DISTANCE       TIME        OBS        FITTED       DUAL
      1     11.0000      2.5200       .0000       .0000       .0000
      2     11.0000      2.6800       .0002       .0000       .0002
      3     11.0000      2.9300       .0005       .0000       .0005
      4     11.0000      3.1800       .0013       .0006       .0007
      5     11.0000      3.3500       .0027       .0030      -.0003
      6     11.0000      3.4300       .0040       .0057      -.0017
      7     11.0000      3.6000       .0141       .0192      -.0051
      8     11.0000      3.6800       .0258       .0312      -.0054
      9     11.0000      3.7700       .0375       .0509      -.0134
     10     11.0000      3.8500       .0641       .0752      -.0111
     11     11.0000      3.9300       .0956       .1066      -.0110
     12     11.0000      4.0200       .1418       .1510      -.0092
     13     11.0000      4.1000       .1920       .1985      -.0065
     14     11.0000      4.1800       .2560       .2528       .0032
     15     11.0000      4.2700       .3258       .3208       .0050
     16     11.0000      4.3500       .3930       .3854       .0076
     17     11.0000      4.4300       .4620       .4521       .0099
     18     11.0000      4.5200       .5306       .5272       .0034
     19     11.0000      4.6000       .5986       .5921       .0065
     20     11.0000      4.6800       .6626       .6535       .0091
     21     11.0000      4.7700       .7165       .7169      -.0004
     22     11.0000      4.8500       .7689       .7672       .0017
     23     11.0000      4.9300       .8108       .8115      -.0007
     24     11.0000      5.0200       .8497       .8539      -.0042
     25     11.0000      5.1000       .8785       .8853      -.0068
     26     11.0000      5.1800       .9034       .9112      -.0078
     27     11.0000      5.2700       .9241       .9345      -.0104
     28     11.0000      5.3500       .9404       .9508      -.0104
     29     11.0000      5.4300       .9554       .9634      -.0080
     30     11.0000      5.6000       .9674       .9814      -.0140
     31     11.0000      5.7700       .9821       .9910      -.0089
     32     11.0000      5.9300       .9885       .9957      -.0072
     33     11.0000      6.1000       .9938       .9981      -.0043
     34     11.0000      6.4300       .9961       .9997      -.0036
     35     11.0000      6.7700      1.0000       .9999       .0001
$

     *******************************************************************
     *                                                                 *
     *     CXTFIT VERSION 2.1 (4/17/99)                                *
     *     ANALYTICAL SOLUTIONS FOR ONE-DIMENSIONAL CDE                *
     *     NON-LINEAR LEAST-SQUARES ANALYSIS                           *
     *                                                                 *
     *     Fig.7-3a:Steady saturated flow in a sand column             *
     *       EC vs. Time at 17 cm  (sho shiozawa, unpublished, f0)     *
     *                                                                 *
     *     DATA INPUT FILE:  Fig7-3a.in                                *
     *                                                                 *
     *******************************************************************


     MODEL DESCRIPTION
     =================
        DETERMINISTIC EQUILIBRIUM CDE (MODE=1)
        RESIDENT CONCENTRATION (THIRD-TYPE INPUT)
        REAL TIME (t), POSITION(x)
          (D,V,mu, AND gamma ARE ALSO DIMENSIONAL)


     INITIAL VALUES OF COEFFICIENTS
     ==============================
     NAME        INITIAL VALUE  FITTING   MIN VALUE     MAX VALUE
      V........     .3000E+01      Y      .1000E-01     .1000E+03
      D........     .1000E+01      Y      .1000E-01     .1000E+03
      R........     .1000E+01      N
      mu.......     .0000E+00      N


     BOUNDARY, INITIAL, AND PRODUCTION CONDITIONS
     ===========================================
       STEP INPUT OF CONC. =    1.0000
       SOLUTE FREE INITIAL CONDITION
       NO PRODUCTION TERM 


     PARAMETER ESTIMATION MODE
     =========================
       MAXIMUM NUMBER OF ITERATIONS =  150


     ITER     SSQ        V....     D....
      0    .3601E+01  .300E+01  .100E+01
      1    .3526E+01  .221E+01  .202E+00
      2    .4462E+00  .248E+01  .487E+00
      3    .1085E+00  .250E+01  .249E+00
      4    .2053E-01  .251E+01  .929E-01
      5    .3057E-02  .251E+01  .121E+00
      6    .2715E-02  .251E+01  .126E+00
      7    .2714E-02  .251E+01  .126E+00
      8    .2714E-02  .251E+01  .126E+00



     COVARIANCE MATRIX FOR FITTED PARAMETERS
     =======================================
                V....  D....
         V....  1.000
         D....   .023  1.000

       RSQUARE FOR REGRESSION OF OBSERVED VS PREDICTED = .99946885
          (COEFFICIENT OF DETERMINATION)

       MEAN SQUARE FOR ERROR (MSE) =   .8225E-04


     NON-LINEAR LEAST SQUARES ANALYSIS, FINAL RESULTS
     ================================================

                                                95% CONFIDENCE LIMITS
      NAME      VALUE     S.E.COEFF. T-VALUE      LOWER        UPPER
      V....  .2513E+01   .1333E-02 .1885E+04   .2511E+01    .2516E+01
      D....  .1264E+00   .2565E-02 .4928E+02   .1212E+00    .1316E+00


     ------------------ORDERED BY COMPUTER INPUT-------------------
                                        CONCENTRATION         RESI-
$    NO    DISTANCE       TIME        OBS        FITTED       DUAL
      1     17.0000      5.1000       .0001       .0001       .0000
      2     17.0000      5.4300       .0011       .0021      -.0010
      3     17.0000      5.6800       .0059       .0114      -.0055
      4     17.0000      5.7700       .0141       .0192      -.0051
      5     17.0000      5.9300       .0351       .0433      -.0082
      6     17.0000      6.0200       .0541       .0646      -.0105
      7     17.0000      6.1000       .0783       .0892      -.0109
      8     17.0000      6.1800       .1123       .1199      -.0076
      9     17.0000      6.2700       .1521       .1618      -.0097
     10     17.0000      6.3500       .1990       .2055      -.0065
     11     17.0000      6.4300       .2542       .2550      -.0008
     12     17.0000      6.5200       .3170       .3164       .0006
     13     17.0000      6.6000       .3792       .3748       .0044
     14     17.0000      6.6800       .4455       .4356       .0099
     15     17.0000      6.7700       .5114       .5048       .0066
     16     17.0000      6.8500       .5740       .5655       .0085
     17     17.0000      6.9300       .6368       .6241       .0127
     18     17.0000      7.0200       .6917       .6859       .0058
     19     17.0000      7.1000       .7396       .7362       .0034
     20     17.0000      7.1800       .7853       .7816       .0037
     21     17.0000      7.2700       .8226       .8264      -.0038
     22     17.0000      7.3500       .8562       .8605      -.0043
     23     17.0000      7.4300       .8807       .8895      -.0088
     24     17.0000      7.5200       .9012       .9163      -.0151
     25     17.0000      7.6000       .9203       .9356      -.0153
     26     17.0000      7.7700       .9470       .9646      -.0176
     27     17.0000      7.9300       .9612       .9809      -.0197
     28     17.0000      8.1000       .9748       .9906      -.0158
     29     17.0000      8.4300       .9867       .9980      -.0113
     30     17.0000      8.6800       .9916       .9994      -.0078
     31     17.0000      9.1800       .9989      1.0000      -.0011
     32     17.0000      9.4300       .9992      1.0000      -.0008
     33     17.0000      9.5200       .9995      1.0000      -.0005
     34     17.0000      9.7700       .9998      1.0000      -.0002
     35     17.0000      9.9300      1.0000      1.0000       .0000
$

     *******************************************************************
     *                                                                 *
     *     CXTFIT VERSION 2.1 (4/17/99)                                *
     *     ANALYTICAL SOLUTIONS FOR ONE-DIMENSIONAL CDE                *
     *     NON-LINEAR LEAST-SQUARES ANALYSIS                           *
     *                                                                 *
     *     Fig.7-3a:Steady saturated flow in a sand column             *
     *       EC vs. Time at 23 cm  (sho shiozawa, unpublished, f0)     *
     *                                                                 *
     *     DATA INPUT FILE:  Fig7-3a.in                                *
     *                                                                 *
     *******************************************************************


     MODEL DESCRIPTION
     =================
        DETERMINISTIC EQUILIBRIUM CDE (MODE=1)
        RESIDENT CONCENTRATION (THIRD-TYPE INPUT)
        REAL TIME (t), POSITION(x)
          (D,V,mu, AND gamma ARE ALSO DIMENSIONAL)


     INITIAL VALUES OF COEFFICIENTS
     ==============================
     NAME        INITIAL VALUE  FITTING   MIN VALUE     MAX VALUE
      V........     .3000E+01      Y      .1000E-01     .1000E+03
      D........     .1000E+01      Y      .1000E-01     .1000E+03
      R........     .1000E+01      N
      mu.......     .0000E+00      N


     BOUNDARY, INITIAL, AND PRODUCTION CONDITIONS
     ===========================================
       STEP INPUT OF CONC. =    1.0000
       SOLUTE FREE INITIAL CONDITION
       NO PRODUCTION TERM 


     PARAMETER ESTIMATION MODE
     =========================
       MAXIMUM NUMBER OF ITERATIONS =  150


     ITER     SSQ        V....     D....
      0    .5726E+01  .300E+01  .100E+01
      1    .2284E+01  .227E+01  .104E+01
      2    .6215E+00  .247E+01  .526E+00
      3    .1930E+00  .250E+01  .268E+00
      4    .1411E+00  .251E+01  .459E-01
      5    .1266E-01  .251E+01  .877E-01
      6    .1632E-02  .251E+01  .108E+00
      7    .1514E-02  .251E+01  .110E+00
      8    .1514E-02  .251E+01  .110E+00



     COVARIANCE MATRIX FOR FITTED PARAMETERS
     =======================================
                V....  D....
         V....  1.000
         D....  -.019  1.000

       RSQUARE FOR REGRESSION OF OBSERVED VS PREDICTED = .99969769
          (COEFFICIENT OF DETERMINATION)

       MEAN SQUARE FOR ERROR (MSE) =   .4588E-04


     NON-LINEAR LEAST SQUARES ANALYSIS, FINAL RESULTS
     ================================================

                                                95% CONFIDENCE LIMITS
      NAME      VALUE     S.E.COEFF. T-VALUE      LOWER        UPPER
      V....  .2506E+01   .7654E-03 .3275E+04   .2505E+01    .2508E+01
      D....  .1103E+00   .1601E-02 .6886E+02   .1070E+00    .1135E+00


     ------------------ORDERED BY COMPUTER INPUT-------------------
                                        CONCENTRATION         RESI-
$    NO    DISTANCE       TIME        OBS        FITTED       DUAL
      1     23.0000      7.1000       .0001       .0000       .0001
      2     23.0000      7.3500       .0024       .0002       .0022
      3     23.0000      7.5200       .0049       .0006       .0043
      4     23.0000      7.7700       .0061       .0035       .0026
      5     23.0000      8.0200       .0129       .0146      -.0017
      6     23.0000      8.1000       .0202       .0217      -.0015
      7     23.0000      8.1800       .0292       .0314      -.0022
      8     23.0000      8.2700       .0396       .0461      -.0065
      9     23.0000      8.3500       .0600       .0633      -.0033
     10     23.0000      8.4300       .0770       .0848      -.0078
     11     23.0000      8.5200       .1062       .1148      -.0086
     12     23.0000      8.6000       .1393       .1468      -.0075
     13     23.0000      8.6800       .1794       .1840      -.0046
     14     23.0000      8.7700       .2250       .2317      -.0067
     15     23.0000      8.8500       .2788       .2789      -.0001
     16     23.0000      8.9300       .3331       .3298       .0033
     17     23.0000      9.0200       .3902       .3904      -.0002
     18     23.0000      9.1000       .4545       .4462       .0083
     19     23.0000      9.1800       .5147       .5025       .0122
     20     23.0000      9.2700       .5704       .5652       .0052
     21     23.0000      9.3500       .6281       .6192       .0089
     22     23.0000      9.4300       .6796       .6705       .0091
     23     23.0000      9.5200       .7249       .7241       .0008
     24     23.0000      9.6000       .7679       .7674       .0005
     25     23.0000      9.6800       .8035       .8064      -.0029
     26     23.0000      9.7700       .8381       .8449      -.0068
     27     23.0000      9.8500       .8674       .8742      -.0068
     28     23.0000      9.9300       .8907       .8993      -.0086
     29     23.0000     10.0200       .9127       .9228      -.0101
     30     23.0000     10.1800       .9371       .9536      -.0165
     31     23.0000     10.3500       .9632       .9744      -.0112
     32     23.0000     10.6800       .9853       .9930      -.0077
     33     23.0000     11.0200       .9949       .9985      -.0036
     34     23.0000     11.3500       .9992       .9997      -.0005
     35     23.0000     11.6000      1.0000       .9999       .0001
