$

     *******************************************************************
     *                                                                 *
     *     CXTFIT VERSION 2.0 (1/2/95)                                 *
     *     ANALYTICAL SOLUTIONS FOR ONE-DIMENSIONAL CDE                *
     *     DIRECT PROBLRM                                              *
     *                                                                 *
     *     Fig.7-5. Nonequilibrium one-site CDE (Beta=1/R, Alpha=0.08) *
     *      Effect of the nonequilibrium parameter alpha               *
     *                                                                 *
     *     DATA INPUT FILE:  FIG7-5.IN                                 *
     *                                                                 *
     *******************************************************************


     MODEL DESCRIPTION
     =================
        DETERMINISTIC NONEQUILIBRIUM CDE (MODE=2)
        FLUX-AVERAGED CONCENTRATION
        REAL TIME (t), POSITION(x)
          (D AND V ARE DIMENSIONAL;
              R,beta,omega,mu, AND gamma ARE DIMENSIONLESS)
        CHARACTERISTIC LENGTH =   50.0000
          FOR DIMENSIONLESS PARAMETERS


     INITIAL VALUES OF COEFFICIENTS
     ==============================
     NAME        INITIAL VALUE
      V........     .2000E+02
      D........     .1000E+02
      R........     .5000E+01
      beta.....     .2000E+00
      omega....     .8000E+00
      mu1......     .0000E+00
      mu2......     .0000E+00


     BOUNDARY, INITIAL, AND PRODUCTION CONDITIONS
     ===========================================
       DIRAC DELTA INPUT , MASS =   1.0000
       SOLUTE FREE INITIAL CONDITION
       NO PRODUCTION TERM


$ Z= 50.0000     (FLUX CONC. VS. TIME)
$ Sum(C1*dT)=       .7853, Sum(C2*dT)=       .5120
      .0000   .00000E+00   .00000E+00
      .2000   .00000E+00   .00000E+00
      .4000   .00000E+00   .00000E+00
      .6000   .58709E-25   .00000E+00
      .8000   .98778E-15   .00000E+00
     1.0000   .54798E-09   .00000E+00
     1.2000   .17697E-05   .41099E-08
     1.4000   .30390E-03   .10768E-05
     1.6000   .83818E-02   .44094E-04
     1.8000   .68536E-01   .53575E-03
     2.0000   .23993E+00   .28318E-02
     2.2000   .45450E+00   .83599E-02
     2.4000   .54515E+00   .16406E-01
     2.6000   .46309E+00   .24330E-01
     2.8000   .30417E+00   .30050E-01
     3.0000   .16807E+00   .33251E-01
     3.2000   .87037E-01   .34675E-01
     3.4000   .49036E-01   .35161E-01
     3.6000   .34045E-01   .35243E-01
     3.8000   .28795E-01   .35174E-01
     4.0000   .27030E-01   .35057E-01
     4.2000   .26362E-01   .34923E-01
     4.4000   .26005E-01   .34784E-01
     4.6000   .25730E-01   .34643E-01
     4.8000   .25476E-01   .34499E-01
     5.0000   .25229E-01   .34354E-01
     5.2000   .24985E-01   .34207E-01
     5.4000   .24743E-01   .34059E-01
     5.6000   .24503E-01   .33909E-01
     5.8000   .24265E-01   .33758E-01
     6.0000   .24029E-01   .33605E-01
     6.2000   .23795E-01   .33452E-01
     6.4000   .23563E-01   .33296E-01
     6.6000   .23333E-01   .33140E-01
     6.8000   .23105E-01   .32983E-01
     7.0000   .22879E-01   .32824E-01
     7.2000   .22655E-01   .32664E-01
     7.4000   .22433E-01   .32504E-01
     7.6000   .22213E-01   .32342E-01
     7.8000   .21995E-01   .32180E-01
     8.0000   .21779E-01   .32016E-01
     8.2000   .21564E-01   .31852E-01
     8.4000   .21352E-01   .31687E-01
     8.6000   .21141E-01   .31521E-01
     8.8000   .20932E-01   .31355E-01
     9.0000   .20725E-01   .31188E-01
     9.2000   .20520E-01   .31020E-01
     9.4000   .20316E-01   .30852E-01
     9.6000   .20115E-01   .30683E-01
     9.8000   .19915E-01   .30514E-01
    10.0000   .19717E-01   .30344E-01
    10.2000   .19521E-01   .30174E-01
    10.4000   .19326E-01   .30003E-01
    10.6000   .19133E-01   .29832E-01
    10.8000   .18942E-01   .29661E-01
    11.0000   .18753E-01   .29489E-01
    11.2000   .18565E-01   .29317E-01
    11.4000   .18379E-01   .29145E-01
    11.6000   .18195E-01   .28973E-01
    11.8000   .18012E-01   .28800E-01
    12.0000   .17831E-01   .28627E-01
    12.2000   .17652E-01   .28455E-01
    12.4000   .17474E-01   .28282E-01
    12.6000   .17298E-01   .28109E-01
    12.8000   .17124E-01   .27936E-01
    13.0000   .16951E-01   .27763E-01
    13.2000   .16780E-01   .27590E-01
    13.4000   .16610E-01   .27417E-01
    13.6000   .16442E-01   .27244E-01
    13.8000   .16275E-01   .27071E-01
    14.0000   .16110E-01   .26899E-01
    14.2000   .15946E-01   .26726E-01
    14.4000   .15784E-01   .26554E-01
    14.6000   .15624E-01   .26381E-01
    14.8000   .15465E-01   .26209E-01
    15.0000   .15307E-01   .26038E-01
    15.2000   .15151E-01   .25866E-01
    15.4000   .14996E-01   .25695E-01
    15.6000   .14843E-01   .25524E-01
    15.8000   .14691E-01   .25353E-01
    16.0000   .14541E-01   .25182E-01
    16.2000   .14392E-01   .25012E-01
    16.4000   .14244E-01   .24843E-01
    16.6000   .14098E-01   .24673E-01
    16.8000   .13953E-01   .24504E-01
    17.0000   .13810E-01   .24336E-01
    17.2000   .13667E-01   .24167E-01
    17.4000   .13527E-01   .24000E-01
    17.6000   .13387E-01   .23832E-01
    17.8000   .13249E-01   .23665E-01
    18.0000   .13112E-01   .23499E-01
    18.2000   .12977E-01   .23333E-01
    18.4000   .12843E-01   .23168E-01
    18.6000   .12710E-01   .23003E-01
    18.8000   .12578E-01   .22838E-01
    19.0000   .12448E-01   .22674E-01
    19.2000   .12318E-01   .22511E-01
    19.4000   .12190E-01   .22348E-01
    19.6000   .12064E-01   .22186E-01
    19.8000   .11938E-01   .22024E-01
    20.0000   .11814E-01   .21863E-01
$

     *******************************************************************
     *                                                                 *
     *     CXTFIT VERSION 2.0 (1/2/95)                                 *
     *     ANALYTICAL SOLUTIONS FOR ONE-DIMENSIONAL CDE                *
     *     DIRECT PROBLRM                                              *
     *                                                                 *
     *     Fig.7-5. Nonequilibrium one-site CDE (Beta=1/R, Alpha=0.2)  *
     *      Effect of the nonequilibrium parameter alpha               *
     *                                                                 *
     *     DATA INPUT FILE:  FIG7-5.IN                                 *
     *                                                                 *
     *******************************************************************


     MODEL DESCRIPTION
     =================
        DETERMINISTIC NONEQUILIBRIUM CDE (MODE=2)
        FLUX-AVERAGED CONCENTRATION
        REAL TIME (t), POSITION(x)
          (D AND V ARE DIMENSIONAL;
              R,beta,omega,mu, AND gamma ARE DIMENSIONLESS)
        CHARACTERISTIC LENGTH =   50.0000
          FOR DIMENSIONLESS PARAMETERS


     INITIAL VALUES OF COEFFICIENTS
     ==============================
     NAME        INITIAL VALUE
      V........     .2000E+02
      D........     .1000E+02
      R........     .5000E+01
      beta.....     .2000E+00
      omega....     .2000E+01
      mu1......     .0000E+00
      mu2......     .0000E+00


     BOUNDARY, INITIAL, AND PRODUCTION CONDITIONS
     ===========================================
       DIRAC DELTA INPUT , MASS =   1.0000
       SOLUTE FREE INITIAL CONDITION
       NO PRODUCTION TERM


$ Z= 50.0000     (FLUX CONC. VS. TIME)
$ Sum(C1*dT)=       .8059, Sum(C2*dT)=       .6630
      .0000   .00000E+00   .00000E+00
      .2000   .00000E+00   .00000E+00
      .4000   .00000E+00   .00000E+00
      .6000   .44017E-25   .00000E+00
      .8000   .67281E-15   .00000E+00
     1.0000   .33908E-09   .00000E+00
     1.2000   .99941E-06   .58553E-08
     1.4000   .15648E-03   .14056E-05
     1.6000   .39432E-02   .52880E-04
     1.8000   .29567E-01   .59313E-03
     2.0000   .95519E-01   .29143E-02
     2.2000   .16896E+00   .80768E-02
     2.4000   .19369E+00   .15080E-01
     2.6000   .16481E+00   .21637E-01
     2.8000   .11888E+00   .26339E-01
     3.0000   .83898E-01   .29222E-01
     3.2000   .65126E-01   .30949E-01
     3.4000   .57122E-01   .32107E-01
     3.6000   .54190E-01   .33020E-01
     3.8000   .53164E-01   .33826E-01
     4.0000   .52737E-01   .34575E-01
     4.2000   .52466E-01   .35282E-01
     4.4000   .52221E-01   .35951E-01
     4.6000   .51969E-01   .36584E-01
     4.8000   .51703E-01   .37182E-01
     5.0000   .51422E-01   .37746E-01
     5.2000   .51126E-01   .38276E-01
     5.4000   .50815E-01   .38774E-01
     5.6000   .50491E-01   .39240E-01
     5.8000   .50154E-01   .39674E-01
     6.0000   .49805E-01   .40078E-01
     6.2000   .49445E-01   .40453E-01
     6.4000   .49073E-01   .40798E-01
     6.6000   .48692E-01   .41115E-01
     6.8000   .48301E-01   .41404E-01
     7.0000   .47901E-01   .41667E-01
     7.2000   .47492E-01   .41903E-01
     7.4000   .47076E-01   .42114E-01
     7.6000   .46652E-01   .42300E-01
     7.8000   .46222E-01   .42463E-01
     8.0000   .45785E-01   .42601E-01
     8.2000   .45343E-01   .42717E-01
     8.4000   .44895E-01   .42812E-01
     8.6000   .44442E-01   .42884E-01
     8.8000   .43985E-01   .42936E-01
     9.0000   .43524E-01   .42968E-01
     9.2000   .43059E-01   .42981E-01
     9.4000   .42591E-01   .42975E-01
     9.6000   .42120E-01   .42951E-01
     9.8000   .41647E-01   .42909E-01
    10.0000   .41172E-01   .42850E-01
    10.2000   .40695E-01   .42775E-01
    10.4000   .40216E-01   .42684E-01
    10.6000   .39736E-01   .42577E-01
    10.8000   .39255E-01   .42457E-01
    11.0000   .38774E-01   .42322E-01
    11.2000   .38293E-01   .42173E-01
    11.4000   .37811E-01   .42012E-01
    11.6000   .37330E-01   .41837E-01
    11.8000   .36850E-01   .41651E-01
    12.0000   .36370E-01   .41454E-01
    12.2000   .35892E-01   .41245E-01
    12.4000   .35414E-01   .41026E-01
    12.6000   .34938E-01   .40796E-01
    12.8000   .34464E-01   .40558E-01
    13.0000   .33992E-01   .40309E-01
    13.2000   .33521E-01   .40053E-01
    13.4000   .33053E-01   .39787E-01
    13.6000   .32587E-01   .39514E-01
    13.8000   .32124E-01   .39234E-01
    14.0000   .31663E-01   .38946E-01
    14.2000   .31205E-01   .38651E-01
    14.4000   .30750E-01   .38350E-01
    14.6000   .30298E-01   .38044E-01
    14.8000   .29849E-01   .37731E-01
    15.0000   .29403E-01   .37413E-01
    15.2000   .28961E-01   .37091E-01
    15.4000   .28522E-01   .36763E-01
    15.6000   .28087E-01   .36432E-01
    15.8000   .27655E-01   .36096E-01
    16.0000   .27227E-01   .35757E-01
    16.2000   .26802E-01   .35414E-01
    16.4000   .26382E-01   .35068E-01
    16.6000   .25966E-01   .34719E-01
    16.8000   .25553E-01   .34368E-01
    17.0000   .25145E-01   .34014E-01
    17.2000   .24740E-01   .33658E-01
    17.4000   .24340E-01   .33301E-01
    17.6000   .23944E-01   .32942E-01
    17.8000   .23552E-01   .32581E-01
    18.0000   .23164E-01   .32220E-01
    18.2000   .22781E-01   .31857E-01
    18.4000   .22402E-01   .31494E-01
    18.6000   .22027E-01   .31130E-01
    18.8000   .21656E-01   .30766E-01
    19.0000   .21290E-01   .30401E-01
    19.2000   .20929E-01   .30037E-01
    19.4000   .20571E-01   .29673E-01
    19.6000   .20218E-01   .29309E-01
    19.8000   .19870E-01   .28946E-01
    20.0000   .19526E-01   .28583E-01
$

     *******************************************************************
     *                                                                 *
     *     CXTFIT VERSION 2.0 (1/2/95)                                 *
     *     ANALYTICAL SOLUTIONS FOR ONE-DIMENSIONAL CDE                *
     *     DIRECT PROBLRM                                              *
     *                                                                 *
     *     Fig.7-5. Nonequilibrium one-site CDE (Beta=1/R, Alpha=1)    *
     *      Effect of the nonequilibrium parameter alpha               *
     *                                                                 *
     *     DATA INPUT FILE:  FIG7-5.IN                                 *
     *                                                                 *
     *******************************************************************


     MODEL DESCRIPTION
     =================
        DETERMINISTIC NONEQUILIBRIUM CDE (MODE=2)
        FLUX-AVERAGED CONCENTRATION
        REAL TIME (t), POSITION(x)
          (D AND V ARE DIMENSIONAL;
              R,beta,omega,mu, AND gamma ARE DIMENSIONLESS)
        CHARACTERISTIC LENGTH =   50.0000
          FOR DIMENSIONLESS PARAMETERS


     INITIAL VALUES OF COEFFICIENTS
     ==============================
     NAME        INITIAL VALUE
      V........     .2000E+02
      D........     .1000E+02
      R........     .5000E+01
      beta.....     .2000E+00
      omega....     .1000E+02
      mu1......     .0000E+00
      mu2......     .0000E+00


     BOUNDARY, INITIAL, AND PRODUCTION CONDITIONS
     ===========================================
       DIRAC DELTA INPUT , MASS =   1.0000
       SOLUTE FREE INITIAL CONDITION
       NO PRODUCTION TERM


$ Z= 50.0000     (FLUX CONC. VS. TIME)
$ Sum(C1*dT)=       .9266, Sum(C2*dT)=       .8981
      .0000   .00000E+00   .00000E+00
      .2000   .00000E+00   .00000E+00
      .4000   .00000E+00   .00000E+00
      .6000   .64533E-26   .00000E+00
      .8000   .52011E-16   .00000E+00
     1.0000   .13822E-10   .00000E+00
     1.2000   .24703E-07   .75962E-09
     1.4000   .22899E-05   .11078E-06
     1.6000   .36713E-04   .26775E-05
     1.8000   .19736E-03   .21192E-04
     2.0000   .54748E-03   .83159E-04
     2.2000   .10538E-02   .21273E-03
     2.4000   .16919E-02   .42288E-03
     2.6000   .24800E-02   .72429E-03
     2.8000   .34394E-02   .11297E-02
     3.0000   .45806E-02   .16526E-02
     3.2000   .59082E-02   .23049E-02
     3.4000   .74238E-02   .30972E-02
     3.6000   .91268E-02   .40382E-02
     3.8000   .11014E-01   .51347E-02
     4.0000   .13080E-01   .63913E-02
     4.2000   .15316E-01   .78107E-02
     4.4000   .17713E-01   .93934E-02
     4.6000   .20258E-01   .11138E-01
     4.8000   .22937E-01   .13040E-01
     5.0000   .25736E-01   .15095E-01
     5.2000   .28637E-01   .17294E-01
     5.4000   .31623E-01   .19629E-01
     5.6000   .34676E-01   .22088E-01
     5.8000   .37776E-01   .24660E-01
     6.0000   .40906E-01   .27330E-01
     6.2000   .44045E-01   .30085E-01
     6.4000   .47175E-01   .32909E-01
     6.6000   .50278E-01   .35786E-01
     6.8000   .53335E-01   .38700E-01
     7.0000   .56330E-01   .41635E-01
     7.2000   .59246E-01   .44573E-01
     7.4000   .62067E-01   .47499E-01
     7.6000   .64781E-01   .50395E-01
     7.8000   .67372E-01   .53248E-01
     8.0000   .69831E-01   .56041E-01
     8.2000   .72146E-01   .58759E-01
     8.4000   .74308E-01   .61391E-01
     8.6000   .76309E-01   .63922E-01
     8.8000   .78143E-01   .66342E-01
     9.0000   .79804E-01   .68639E-01
     9.2000   .81288E-01   .70805E-01
     9.4000   .82593E-01   .72830E-01
     9.6000   .83718E-01   .74708E-01
     9.8000   .84661E-01   .76433E-01
    10.0000   .85424E-01   .77998E-01
    10.2000   .86008E-01   .79402E-01
    10.4000   .86415E-01   .80640E-01
    10.6000   .86651E-01   .81712E-01
    10.8000   .86718E-01   .82616E-01
    11.0000   .86621E-01   .83353E-01
    11.2000   .86367E-01   .83924E-01
    11.4000   .85962E-01   .84331E-01
    11.6000   .85412E-01   .84578E-01
    11.8000   .84725E-01   .84667E-01
    12.0000   .83907E-01   .84603E-01
    12.2000   .82967E-01   .84390E-01
    12.4000   .81913E-01   .84035E-01
    12.6000   .80752E-01   .83544E-01
    12.8000   .79493E-01   .82921E-01
    13.0000   .78143E-01   .82175E-01
    13.2000   .76712E-01   .81311E-01
    13.4000   .75206E-01   .80337E-01
    13.6000   .73634E-01   .79261E-01
    13.8000   .72003E-01   .78089E-01
    14.0000   .70322E-01   .76829E-01
    14.2000   .68597E-01   .75489E-01
    14.4000   .66835E-01   .74075E-01
    14.6000   .65044E-01   .72595E-01
    14.8000   .63229E-01   .71057E-01
    15.0000   .61397E-01   .69466E-01
    15.2000   .59555E-01   .67831E-01
    15.4000   .57707E-01   .66158E-01
    15.6000   .55859E-01   .64453E-01
    15.8000   .54015E-01   .62723E-01
    16.0000   .52181E-01   .60972E-01
    16.2000   .50361E-01   .59208E-01
    16.4000   .48558E-01   .57435E-01
    16.6000   .46776E-01   .55659E-01
    16.8000   .45019E-01   .53884E-01
    17.0000   .43289E-01   .52114E-01
    17.2000   .41589E-01   .50355E-01
    17.4000   .39922E-01   .48609E-01
    17.6000   .38289E-01   .46881E-01
    17.8000   .36693E-01   .45174E-01
    18.0000   .35135E-01   .43490E-01
    18.2000   .33616E-01   .41833E-01
    18.4000   .32138E-01   .40204E-01
    18.6000   .30702E-01   .38607E-01
    18.8000   .29307E-01   .37043E-01
    19.0000   .27955E-01   .35513E-01
    19.2000   .26646E-01   .34020E-01
    19.4000   .25380E-01   .32564E-01
    19.6000   .24158E-01   .31147E-01
    19.8000   .22978E-01   .29769E-01
    20.0000   .21841E-01   .28431E-01
$

     *******************************************************************
     *                                                                 *
     *     CXTFIT VERSION 2.0 (1/2/95)                                 *
     *     ANALYTICAL SOLUTIONS FOR ONE-DIMENSIONAL CDE                *
     *     DIRECT PROBLRM                                              *
     *                                                                 *
     *     Fig.7-5. Equilibrium CDE (Alpha=infinity), MODE=1           *
     *      Effect of the nonequilibrium parameter alpha               *
     *                                                                 *
     *     DATA INPUT FILE:  FIG7-5.IN                                 *
     *                                                                 *
     *******************************************************************


     MODEL DESCRIPTION
     =================
        DETERMINISTIC EQUILIBRIUM CDE (MODE=1)
        FLUX-AVERAGED CONCENTRATION
        REAL TIME (t), POSITION(x)
          (D,V,mu, AND gamma ARE ALSO DIMENSIONAL)


     INITIAL VALUES OF COEFFICIENTS
     ==============================
     NAME        INITIAL VALUE
      V........     .2000E+02
      D........     .1000E+02
      R........     .5000E+01
      mu.......     .0000E+00


     BOUNDARY, INITIAL, AND PRODUCTION CONDITIONS
     ===========================================
       DIRAC DELTA INPUT , MASS =   1.0000
       SOLUTE FREE INITIAL CONDITION
       NO PRODUCTION TERM


$ Z= 50.0000     (FLUX CONC. VS. TIME)
$ Sum(C*dT)=       .9997
$   TIME          C
      .0000   .00000E+00
      .2000   .00000E+00
      .4000   .00000E+00
      .6000   .00000E+00
      .8000   .00000E+00
     1.0000   .00000E+00
     1.2000   .00000E+00
     1.4000   .00000E+00
     1.6000   .00000E+00
     1.8000   .00000E+00
     2.0000   .00000E+00
     2.2000   .00000E+00
     2.4000   .00000E+00
     2.6000   .00000E+00
     2.8000   .13817E-28
     3.0000   .14227E-25
     3.2000   .58183E-23
     3.4000   .11127E-20
     3.6000   .11299E-18
     3.8000   .67337E-17
     4.0000   .25519E-15
     4.2000   .65622E-14
     4.4000   .12073E-12
     4.6000   .16605E-11
     4.8000   .17705E-10
     5.0000   .15093E-09
     5.2000   .10555E-08
     5.4000   .61918E-08
     5.6000   .31046E-07
     5.8000   .13525E-06
     6.0000   .51917E-06
     6.2000   .17778E-05
     6.4000   .54897E-05
     6.6000   .15431E-04
     6.8000   .39812E-04
     7.0000   .94986E-04
     7.2000   .21093E-03
     7.4000   .43856E-03
     7.6000   .85817E-03
     7.8000   .15879E-02
     8.0000   .27900E-02
     8.2000   .46727E-02
     8.4000   .74855E-02
     8.6000   .11506E-01
     8.8000   .17017E-01
     9.0000   .24279E-01
     9.2000   .33498E-01
     9.4000   .44788E-01
     9.6000   .58146E-01
     9.8000   .73432E-01
    10.0000   .90361E-01
    10.2000   .10851E+00
    10.4000   .12735E+00
    10.6000   .14624E+00
    10.8000   .16455E+00
    11.0000   .18159E+00
    11.2000   .19677E+00
    11.4000   .20956E+00
    11.6000   .21954E+00
    11.8000   .22644E+00
    12.0000   .23013E+00
    12.2000   .23062E+00
    12.4000   .22804E+00
    12.6000   .22264E+00
    12.8000   .21475E+00
    13.0000   .20475E+00
    13.2000   .19308E+00
    13.4000   .18017E+00
    13.6000   .16644E+00
    13.8000   .15229E+00
    14.0000   .13806E+00
    14.2000   .12406E+00
    14.4000   .11055E+00
    14.6000   .97714E-01
    14.8000   .85703E-01
    15.0000   .74611E-01
    15.2000   .64492E-01
    15.4000   .55364E-01
    15.6000   .47216E-01
    15.8000   .40013E-01
    16.0000   .33702E-01
    16.2000   .28221E-01
    16.4000   .23497E-01
    16.6000   .19459E-01
    16.8000   .16030E-01
    17.0000   .13138E-01
    17.2000   .10716E-01
    17.4000   .86991E-02
    17.6000   .70298E-02
    17.8000   .56560E-02
    18.0000   .45314E-02
    18.2000   .36155E-02
    18.4000   .28733E-02
    18.6000   .22748E-02
    18.8000   .17942E-02
    19.0000   .14101E-02
    19.2000   .11044E-02
    19.4000   .86203E-03
    19.6000   .67067E-03
    19.8000   .52014E-03
    20.0000   .40216E-03
