$

     *******************************************************************
     *                                                                 *
     *     CXTFIT VERSION 2.0 (1/2/95)                                 *
     *     ANALYTICAL SOLUTIONS FOR ONE-DIMENSIONAL CDE                *
     *     DIRECT PROBLRM                                              *
     *                                                                 *
     *     Fig.7-8a. IVP for the nonequilibrium CDE                    *
     *      Effect of beta, beta=0.1 (Toride et. al, 1993, WRR, p2167-2*
     *                                                                 *
     *     DATA INPUT FILE:  FIG7-8.IN                                 *
     *                                                                 *
     *******************************************************************


     MODEL DESCRIPTION
     =================
        DETERMINISTIC NONEQUILIBRIUM CDE (MODE=2)
        RESIDENT CONCENTRATION (THIRD-TYPE INPUT)
        REDUCED TIME (T), POSITION(Z)
          (ALL PARAMETERS EXCEPT D AND V ARE DIMENSIONLESS)
        CHARACTERISTIC LENGTH =   50.0000
          FOR DIMENSIONLESS PARAMETERS


     INITIAL VALUES OF COEFFICIENTS
     ==============================
     NAME        INITIAL VALUE 
      V........     .2000E+02
      D........     .1000E+03
      R........     .2000E+01
      beta.....     .1000E+00
      omega....     .1000E+01
      mu1......     .2000E+00
      mu2......     .2000E+00


     BOUNDARY, INITIAL, AND PRODUCTION CONDITIONS
     ===========================================
       SOLUTE FREE INPUT
         3 STEPS INITIAL CONDITION
       CONC.    STARTING POSITION
           .30000    .00000
          1.00000    .50000
           .10000   1.00000
       NO PRODUCTION TERM 
 
 
$ T= 1.00000   (RESIDENT AND TOTAL RESIDENT CONC. VS. DEPTH)
$ Sum(C1*dZ) =      .41855   Sum(C2*dZ) =      .61966
$ MASS  PHASE 1 =      .08371  PHASE 2 =    1.11538  TOTAL =     1.19909
$    Z             C1           C2         BR*C1      (1-B)R*C2        Ct
      .0000   .14251E-01   .16281E+00   .28502E-02   .29306E+00   .29591E+00
      .0250   .17798E-01   .16498E+00   .35597E-02   .29697E+00   .30053E+00
      .0500   .21324E-01   .16712E+00   .42648E-02   .30082E+00   .30508E+00
      .0750   .24822E-01   .16923E+00   .49643E-02   .30461E+00   .30957E+00
      .1000   .28302E-01   .17130E+00   .56605E-02   .30833E+00   .31399E+00
      .1250   .31773E-01   .17334E+00   .63546E-02   .31201E+00   .31837E+00
      .1500   .35244E-01   .17536E+00   .70488E-02   .31566E+00   .32270E+00
      .1750   .38728E-01   .17738E+00   .77456E-02   .31928E+00   .32702E+00
      .2000   .42241E-01   .17939E+00   .84481E-02   .32290E+00   .33135E+00
      .2250   .45804E-01   .18141E+00   .91608E-02   .32654E+00   .33570E+00
      .2500   .49446E-01   .18347E+00   .98893E-02   .33024E+00   .34013E+00
      .2750   .53203E-01   .18557E+00   .10641E-01   .33403E+00   .34467E+00
      .3000   .57123E-01   .18776E+00   .11425E-01   .33797E+00   .34939E+00
      .3250   .61265E-01   .19007E+00   .12253E-01   .34212E+00   .35437E+00
      .3500   .65710E-01   .19254E+00   .13142E-01   .34658E+00   .35972E+00
      .3750   .70561E-01   .19526E+00   .14112E-01   .35146E+00   .36557E+00
      .4000   .75952E-01   .19829E+00   .15190E-01   .35692E+00   .37211E+00
      .4250   .82058E-01   .20176E+00   .16412E-01   .36317E+00   .37958E+00
      .4500   .89104E-01   .20581E+00   .17821E-01   .37045E+00   .38827E+00
      .4750   .97385E-01   .21063E+00   .19477E-01   .37913E+00   .39861E+00
      .5000   .10729E+00   .57587E+00   .21457E-01   .10366E+01   .10580E+01
      .5250   .11807E+00   .58226E+00   .23615E-01   .10481E+01   .10717E+01
      .5500   .12870E+00   .58849E+00   .25740E-01   .10593E+01   .10850E+01
      .5750   .13916E+00   .59458E+00   .27832E-01   .10702E+01   .10981E+01
      .6000   .14946E+00   .60051E+00   .29891E-01   .10809E+01   .11108E+01
      .6250   .15957E+00   .60628E+00   .31915E-01   .10913E+01   .11232E+01
      .6500   .16950E+00   .61189E+00   .33901E-01   .11014E+01   .11353E+01
      .6750   .17922E+00   .61734E+00   .35845E-01   .11112E+01   .11471E+01
      .7000   .18872E+00   .62261E+00   .37744E-01   .11207E+01   .11584E+01
      .7250   .19796E+00   .62768E+00   .39592E-01   .11298E+01   .11694E+01
      .7500   .20691E+00   .63255E+00   .41382E-01   .11386E+01   .11800E+01
      .7750   .21552E+00   .63718E+00   .43104E-01   .11469E+01   .11900E+01
      .8000   .22373E+00   .64154E+00   .44747E-01   .11548E+01   .11995E+01
      .8250   .23147E+00   .64558E+00   .46294E-01   .11620E+01   .12083E+01
      .8500   .23863E+00   .64923E+00   .47725E-01   .11686E+01   .12163E+01
      .8750   .24506E+00   .65243E+00   .49012E-01   .11744E+01   .12234E+01
      .9000   .25057E+00   .65503E+00   .50114E-01   .11791E+01   .12292E+01
      .9250   .25503E+00   .65695E+00   .51006E-01   .11825E+01   .12335E+01
      .9500   .25809E+00   .65798E+00   .51618E-01   .11844E+01   .12360E+01
      .9750   .25937E+00   .65786E+00   .51875E-01   .11841E+01   .12360E+01
     1.0000   .25838E+00   .19419E+00   .51676E-01   .34954E+00   .40122E+00
     1.0250   .25605E+00   .19176E+00   .51210E-01   .34517E+00   .39638E+00
     1.0500   .25373E+00   .18938E+00   .50746E-01   .34088E+00   .39162E+00
     1.0750   .25141E+00   .18704E+00   .50281E-01   .33667E+00   .38696E+00
     1.1000   .24909E+00   .18475E+00   .49817E-01   .33255E+00   .38237E+00
     1.1250   .24677E+00   .18250E+00   .49354E-01   .32850E+00   .37786E+00
     1.1500   .24445E+00   .18030E+00   .48891E-01   .32453E+00   .37342E+00
     1.1750   .24215E+00   .17813E+00   .48429E-01   .32064E+00   .36907E+00
     1.2000   .23984E+00   .17601E+00   .47968E-01   .31682E+00   .36479E+00
     1.2250   .23754E+00   .17393E+00   .47509E-01   .31308E+00   .36059E+00
     1.2500   .23525E+00   .17189E+00   .47051E-01   .30941E+00   .35646E+00
     1.2750   .23297E+00   .16989E+00   .46594E-01   .30581E+00   .35240E+00
     1.3000   .23070E+00   .16793E+00   .46140E-01   .30228E+00   .34842E+00
     1.3250   .22844E+00   .16601E+00   .45687E-01   .29882E+00   .34451E+00
     1.3500   .22618E+00   .16413E+00   .45237E-01   .29543E+00   .34067E+00
     1.3750   .22395E+00   .16228E+00   .44789E-01   .29211E+00   .33690E+00
     1.4000   .22172E+00   .16047E+00   .44344E-01   .28885E+00   .33319E+00
     1.4250   .21950E+00   .15870E+00   .43901E-01   .28566E+00   .32956E+00
     1.4500   .21730E+00   .15696E+00   .43461E-01   .28253E+00   .32599E+00
     1.4750   .21512E+00   .15526E+00   .43023E-01   .27947E+00   .32249E+00
     1.5000   .21295E+00   .15359E+00   .42589E-01   .27647E+00   .31906E+00
     1.5250   .21079E+00   .15196E+00   .42158E-01   .27353E+00   .31569E+00
     1.5500   .20865E+00   .15036E+00   .41730E-01   .27065E+00   .31238E+00
     1.5750   .20653E+00   .14879E+00   .41305E-01   .26783E+00   .30914E+00
     1.6000   .20442E+00   .14726E+00   .40884E-01   .26507E+00   .30595E+00
     1.6250   .20233E+00   .14576E+00   .40466E-01   .26237E+00   .30283E+00
     1.6500   .20026E+00   .14429E+00   .40052E-01   .25972E+00   .29977E+00
     1.6750   .19821E+00   .14285E+00   .39642E-01   .25713E+00   .29677E+00
     1.7000   .19617E+00   .14144E+00   .39235E-01   .25459E+00   .29382E+00
     1.7250   .19416E+00   .14006E+00   .38832E-01   .25210E+00   .29094E+00
     1.7500   .19216E+00   .13871E+00   .38432E-01   .24967E+00   .28811E+00
     1.7750   .19019E+00   .13738E+00   .38037E-01   .24729E+00   .28533E+00
     1.8000   .18823E+00   .13609E+00   .37646E-01   .24496E+00   .28261E+00
     1.8250   .18629E+00   .13482E+00   .37258E-01   .24268E+00   .27994E+00
     1.8500   .18437E+00   .13359E+00   .36875E-01   .24045E+00   .27733E+00
     1.8750   .18248E+00   .13237E+00   .36495E-01   .23827E+00   .27477E+00
     1.9000   .18060E+00   .13119E+00   .36120E-01   .23614E+00   .27226E+00
     1.9250   .17874E+00   .13003E+00   .35749E-01   .23405E+00   .26980E+00
     1.9500   .17691E+00   .12889E+00   .35382E-01   .23201E+00   .26739E+00
     1.9750   .17510E+00   .12778E+00   .35019E-01   .23001E+00   .26503E+00
     2.0000   .17330E+00   .12670E+00   .34661E-01   .22805E+00   .26272E+00
     2.0250   .17153E+00   .12564E+00   .34306E-01   .22614E+00   .26045E+00
     2.0500   .16978E+00   .12460E+00   .33956E-01   .22428E+00   .25823E+00
     2.0750   .16805E+00   .12358E+00   .33611E-01   .22245E+00   .25606E+00
     2.1000   .16635E+00   .12259E+00   .33269E-01   .22066E+00   .25393E+00
     2.1250   .16466E+00   .12162E+00   .32932E-01   .21891E+00   .25185E+00
     2.1500   .16299E+00   .12067E+00   .32599E-01   .21721E+00   .24981E+00
     2.1750   .16135E+00   .11974E+00   .32270E-01   .21554E+00   .24781E+00
     2.2000   .15973E+00   .11884E+00   .31946E-01   .21391E+00   .24585E+00
     2.2250   .15813E+00   .11795E+00   .31625E-01   .21231E+00   .24394E+00
     2.2500   .15655E+00   .11709E+00   .31310E-01   .21075E+00   .24206E+00
     2.2750   .15499E+00   .11624E+00   .30998E-01   .20923E+00   .24023E+00
     2.3000   .15345E+00   .11541E+00   .30691E-01   .20774E+00   .23843E+00
     2.3250   .15194E+00   .11461E+00   .30388E-01   .20629E+00   .23668E+00
     2.3500   .15044E+00   .11382E+00   .30089E-01   .20487E+00   .23496E+00
     2.3750   .14897E+00   .11305E+00   .29794E-01   .20348E+00   .23328E+00
     2.4000   .14752E+00   .11229E+00   .29503E-01   .20213E+00   .23163E+00
     2.4250   .14609E+00   .11156E+00   .29217E-01   .20080E+00   .23002E+00
     2.4500   .14468E+00   .11084E+00   .28935E-01   .19951E+00   .22844E+00
     2.4750   .14329E+00   .11014E+00   .28657E-01   .19825E+00   .22690E+00
     2.5000   .14192E+00   .10945E+00   .28383E-01   .19701E+00   .22540E+00
$

     *******************************************************************
     *                                                                 *
     *     CXTFIT VERSION 2.0 (1/2/95)                                 *
     *     ANALYTICAL SOLUTIONS FOR ONE-DIMENSIONAL CDE                *
     *     DIRECT PROBLRM                                              *
     *                                                                 *
     *     Fig.7-8a. IVP for the nonequilibrium CDE (Data at Z=0.5 and *
     *      Effect of beta, beta=0.1 (Toride et. al, 1993, WRR, p2167-2*
     *                                                                 *
     *     DATA INPUT FILE:  FIG7-8.IN                                 *
     *                                                                 *
     *******************************************************************


     MODEL DESCRIPTION
     =================
        DETERMINISTIC NONEQUILIBRIUM CDE (MODE=2)
        RESIDENT CONCENTRATION (THIRD-TYPE INPUT)
        REDUCED TIME (T), POSITION(Z)
          (ALL PARAMETERS EXCEPT D AND V ARE DIMENSIONLESS)
        CHARACTERISTIC LENGTH =   50.0000
          FOR DIMENSIONLESS PARAMETERS


     INITIAL VALUES OF COEFFICIENTS
     ==============================
     NAME        INITIAL VALUE 
      V........     .2000E+02
      D........     .1000E+03
      R........     .2000E+01
      beta.....     .1000E+00
      omega....     .1000E+01
      mu1......     .2000E+00
      mu2......     .2000E+00


     BOUNDARY, INITIAL, AND PRODUCTION CONDITIONS
     ===========================================
       SOLUTE FREE INPUT
         3 STEPS INITIAL CONDITION
       CONC.    STARTING POSITION
           .30000    .00000
          1.00000    .50000
           .10000   1.00000
       NO PRODUCTION TERM 
 
 
$ T= 1.00000   (RESIDENT AND TOTAL RESIDENT CONC. VS. DEPTH)
$ Sum(C1*dZ) =      .09141   Sum(C2*dZ) =      .21818
$ MASS  PHASE 1 =      .01828  PHASE 2 =     .39273  TOTAL =      .41101
$    Z             C1           C2         BR*C1      (1-B)R*C2        Ct
      .4999   .10724E+00   .21645E+00   .21449E-01   .38961E+00   .41106E+00
      .9999   .25839E+00   .65628E+00   .51678E-01   .11813E+01   .12330E+01
$

     *******************************************************************
     *                                                                 *
     *     CXTFIT VERSION 2.0 (1/2/95)                                 *
     *     ANALYTICAL SOLUTIONS FOR ONE-DIMENSIONAL CDE                *
     *     DIRECT PROBLRM                                              *
     *                                                                 *
     *     Fig.7-8b. IVP for the nonequilibrium CDE                    *
     *      Effect of beta, beta=0.5 (Toride et. al, 1993, WRR, p2167-2*
     *                                                                 *
     *     DATA INPUT FILE:  FIG7-8.IN                                 *
     *                                                                 *
     *******************************************************************


     MODEL DESCRIPTION
     =================
        DETERMINISTIC NONEQUILIBRIUM CDE (MODE=2)
        RESIDENT CONCENTRATION (THIRD-TYPE INPUT)
        REDUCED TIME (T), POSITION(Z)
          (ALL PARAMETERS EXCEPT D AND V ARE DIMENSIONLESS)
        CHARACTERISTIC LENGTH =   50.0000
          FOR DIMENSIONLESS PARAMETERS


     INITIAL VALUES OF COEFFICIENTS
     ==============================
     NAME        INITIAL VALUE 
      V........     .2000E+02
      D........     .1000E+03
      R........     .2000E+01
      beta.....     .5000E+00
      omega....     .1000E+01
      mu1......     .2000E+00
      mu2......     .2000E+00


     BOUNDARY, INITIAL, AND PRODUCTION CONDITIONS
     ===========================================
       SOLUTE FREE INPUT
         3 STEPS INITIAL CONDITION
       CONC.    STARTING POSITION
           .30000    .00000
          1.00000    .50000
           .10000   1.00000
       NO PRODUCTION TERM 
 
 
$ T= 1.00000   (RESIDENT AND TOTAL RESIDENT CONC. VS. DEPTH)
$ Sum(C1*dZ) =      .58678   Sum(C2*dZ) =      .62982
$ MASS  PHASE 1 =      .58678  PHASE 2 =     .62982  TOTAL =     1.21660
$    Z             C1           C2         BR*C1      (1-B)R*C2        Ct
      .0000   .12450E-01   .10810E+00   .12450E-01   .10810E+00   .12055E+00
      .0250   .15618E-01   .11253E+00   .15618E-01   .11253E+00   .12815E+00
      .0500   .18900E-01   .11695E+00   .18900E-01   .11695E+00   .13585E+00
      .0750   .22299E-01   .12135E+00   .22299E-01   .12135E+00   .14365E+00
      .1000   .25821E-01   .12576E+00   .25821E-01   .12576E+00   .15158E+00
      .1250   .29473E-01   .13016E+00   .29473E-01   .13016E+00   .15963E+00
      .1500   .33264E-01   .13457E+00   .33264E-01   .13457E+00   .16783E+00
      .1750   .37205E-01   .13900E+00   .37205E-01   .13900E+00   .17620E+00
      .2000   .41312E-01   .14346E+00   .41312E-01   .14346E+00   .18477E+00
      .2250   .45605E-01   .14799E+00   .45605E-01   .14799E+00   .19359E+00
      .2500   .50109E-01   .15261E+00   .50109E-01   .15261E+00   .20272E+00
      .2750   .54855E-01   .15736E+00   .54855E-01   .15736E+00   .21222E+00
      .3000   .59884E-01   .16231E+00   .59884E-01   .16231E+00   .22220E+00
      .3250   .65246E-01   .16752E+00   .65246E-01   .16752E+00   .23277E+00
      .3500   .71005E-01   .17309E+00   .71005E-01   .17309E+00   .24410E+00
      .3750   .77239E-01   .17915E+00   .77239E-01   .17915E+00   .25639E+00
      .4000   .84044E-01   .18585E+00   .84044E-01   .18585E+00   .26989E+00
      .4250   .91550E-01   .19341E+00   .91550E-01   .19341E+00   .28496E+00
      .4500   .99905E-01   .20209E+00   .99905E-01   .20209E+00   .30199E+00
      .4750   .10930E+00   .21224E+00   .10930E+00   .21224E+00   .32153E+00
      .5000   .11996E+00   .43514E+00   .11996E+00   .43514E+00   .55510E+00
      .5250   .13146E+00   .44826E+00   .13146E+00   .44826E+00   .57973E+00
      .5500   .14318E+00   .46120E+00   .14318E+00   .46120E+00   .60439E+00
      .5750   .15511E+00   .47395E+00   .15511E+00   .47395E+00   .62905E+00
      .6000   .16721E+00   .48647E+00   .16721E+00   .48647E+00   .65368E+00
      .6250   .17947E+00   .49876E+00   .17947E+00   .49876E+00   .67823E+00
      .6500   .19186E+00   .51079E+00   .19186E+00   .51079E+00   .70265E+00
      .6750   .20435E+00   .52252E+00   .20435E+00   .52252E+00   .72687E+00
      .7000   .21692E+00   .53392E+00   .21692E+00   .53392E+00   .75083E+00
      .7250   .22951E+00   .54494E+00   .22951E+00   .54494E+00   .77445E+00
      .7500   .24207E+00   .55554E+00   .24207E+00   .55554E+00   .79761E+00
      .7750   .25456E+00   .56564E+00   .25456E+00   .56564E+00   .82020E+00
      .8000   .26689E+00   .57516E+00   .26689E+00   .57516E+00   .84205E+00
      .8250   .27899E+00   .58400E+00   .27899E+00   .58400E+00   .86299E+00
      .8500   .29076E+00   .59202E+00   .29076E+00   .59202E+00   .88277E+00
      .8750   .30206E+00   .59904E+00   .30206E+00   .59904E+00   .90110E+00
      .9000   .31258E+00   .60483E+00   .31258E+00   .60483E+00   .91741E+00
      .9250   .32249E+00   .60918E+00   .32249E+00   .60918E+00   .93166E+00
      .9500   .33138E+00   .61169E+00   .33138E+00   .61169E+00   .94308E+00
      .9750   .33901E+00   .61191E+00   .33901E+00   .61191E+00   .95092E+00
     1.0000   .34503E+00   .33819E+00   .34503E+00   .33819E+00   .68321E+00
     1.0250   .34998E+00   .33376E+00   .34998E+00   .33376E+00   .68373E+00
     1.0500   .35462E+00   .32913E+00   .35462E+00   .32913E+00   .68375E+00
     1.0750   .35894E+00   .32432E+00   .35894E+00   .32432E+00   .68326E+00
     1.1000   .36294E+00   .31932E+00   .36294E+00   .31932E+00   .68226E+00
     1.1250   .36659E+00   .31416E+00   .36659E+00   .31416E+00   .68075E+00
     1.1500   .36989E+00   .30885E+00   .36989E+00   .30885E+00   .67874E+00
     1.1750   .37284E+00   .30339E+00   .37284E+00   .30339E+00   .67623E+00
     1.2000   .37541E+00   .29781E+00   .37541E+00   .29781E+00   .67321E+00
     1.2250   .37759E+00   .29211E+00   .37759E+00   .29211E+00   .66970E+00
     1.2500   .37939E+00   .28631E+00   .37939E+00   .28631E+00   .66570E+00
     1.2750   .38079E+00   .28041E+00   .38079E+00   .28041E+00   .66120E+00
     1.3000   .38178E+00   .27445E+00   .38178E+00   .27445E+00   .65622E+00
     1.3250   .38235E+00   .26842E+00   .38235E+00   .26842E+00   .65077E+00
     1.3500   .38250E+00   .26234E+00   .38250E+00   .26234E+00   .64484E+00
     1.3750   .38223E+00   .25623E+00   .38223E+00   .25623E+00   .63846E+00
     1.4000   .38152E+00   .25010E+00   .38152E+00   .25010E+00   .63162E+00
     1.4250   .38038E+00   .24396E+00   .38038E+00   .24396E+00   .62435E+00
     1.4500   .37881E+00   .23783E+00   .37881E+00   .23783E+00   .61664E+00
     1.4750   .37681E+00   .23172E+00   .37681E+00   .23172E+00   .60852E+00
     1.5000   .37437E+00   .22563E+00   .37437E+00   .22563E+00   .60000E+00
     1.5250   .37150E+00   .21960E+00   .37150E+00   .21960E+00   .59110E+00
     1.5500   .36821E+00   .21362E+00   .36821E+00   .21362E+00   .58183E+00
     1.5750   .36450E+00   .20771E+00   .36450E+00   .20771E+00   .57222E+00
     1.6000   .36039E+00   .20188E+00   .36039E+00   .20188E+00   .56228E+00
     1.6250   .35589E+00   .19615E+00   .35589E+00   .19615E+00   .55203E+00
     1.6500   .35100E+00   .19051E+00   .35100E+00   .19051E+00   .54151E+00
     1.6750   .34574E+00   .18499E+00   .34574E+00   .18499E+00   .53073E+00
     1.7000   .34014E+00   .17959E+00   .34014E+00   .17959E+00   .51973E+00
     1.7250   .33421E+00   .17431E+00   .33421E+00   .17431E+00   .50852E+00
     1.7500   .32796E+00   .16918E+00   .32796E+00   .16918E+00   .49714E+00
     1.7750   .32143E+00   .16419E+00   .32143E+00   .16419E+00   .48563E+00
     1.8000   .31464E+00   .15935E+00   .31464E+00   .15935E+00   .47400E+00
     1.8250   .30761E+00   .15467E+00   .30761E+00   .15467E+00   .46229E+00
     1.8500   .30038E+00   .15015E+00   .30038E+00   .15015E+00   .45053E+00
     1.8750   .29296E+00   .14580E+00   .29296E+00   .14580E+00   .43875E+00
     1.9000   .28538E+00   .14161E+00   .28538E+00   .14161E+00   .42699E+00
     1.9250   .27768E+00   .13759E+00   .27768E+00   .13759E+00   .41528E+00
     1.9500   .26989E+00   .13375E+00   .26989E+00   .13375E+00   .40364E+00
     1.9750   .26204E+00   .13008E+00   .26204E+00   .13008E+00   .39212E+00
     2.0000   .25415E+00   .12659E+00   .25415E+00   .12659E+00   .38073E+00
     2.0250   .24625E+00   .12326E+00   .24625E+00   .12326E+00   .36951E+00
     2.0500   .23838E+00   .12011E+00   .23838E+00   .12011E+00   .35849E+00
     2.0750   .23056E+00   .11713E+00   .23056E+00   .11713E+00   .34769E+00
     2.1000   .22281E+00   .11432E+00   .22281E+00   .11432E+00   .33713E+00
     2.1250   .21518E+00   .11167E+00   .21518E+00   .11167E+00   .32685E+00
     2.1500   .20767E+00   .10918E+00   .20767E+00   .10918E+00   .31685E+00
     2.1750   .20031E+00   .10685E+00   .20031E+00   .10685E+00   .30716E+00
     2.2000   .19313E+00   .10466E+00   .19313E+00   .10466E+00   .29780E+00
     2.2250   .18614E+00   .10263E+00   .18614E+00   .10263E+00   .28877E+00
     2.2500   .17936E+00   .10074E+00   .17936E+00   .10074E+00   .28010E+00
     2.2750   .17281E+00   .98978E-01   .17281E+00   .98978E-01   .27178E+00
     2.3000   .16649E+00   .97350E-01   .16649E+00   .97350E-01   .26384E+00
     2.3250   .16042E+00   .95847E-01   .16042E+00   .95847E-01   .25627E+00
     2.3500   .15461E+00   .94462E-01   .15461E+00   .94462E-01   .24907E+00
     2.3750   .14907E+00   .93189E-01   .14907E+00   .93189E-01   .24225E+00
     2.4000   .14379E+00   .92022E-01   .14379E+00   .92022E-01   .23581E+00
     2.4250   .13879E+00   .90954E-01   .13879E+00   .90954E-01   .22974E+00
     2.4500   .13406E+00   .89981E-01   .13406E+00   .89981E-01   .22404E+00
     2.4750   .12960E+00   .89095E-01   .12960E+00   .89095E-01   .21869E+00
     2.5000   .12541E+00   .88291E-01   .12541E+00   .88291E-01   .21370E+00
$

     *******************************************************************
     *                                                                 *
     *     CXTFIT VERSION 2.0 (1/2/95)                                 *
     *     ANALYTICAL SOLUTIONS FOR ONE-DIMENSIONAL CDE                *
     *     DIRECT PROBLRM                                              *
     *                                                                 *
     *     Fig.7-8b. IVP for the nonequilibrium CDE (Data at Z=0.5,1)  *
     *      Effect of beta, beta=0.5 (Toride et. al, 1993, WRR, p2167-2*
     *                                                                 *
     *     DATA INPUT FILE:  FIG7-8.IN                                 *
     *                                                                 *
     *******************************************************************


     MODEL DESCRIPTION
     =================
        DETERMINISTIC NONEQUILIBRIUM CDE (MODE=2)
        RESIDENT CONCENTRATION (THIRD-TYPE INPUT)
        REDUCED TIME (T), POSITION(Z)
          (ALL PARAMETERS EXCEPT D AND V ARE DIMENSIONLESS)
        CHARACTERISTIC LENGTH =   50.0000
          FOR DIMENSIONLESS PARAMETERS


     INITIAL VALUES OF COEFFICIENTS
     ==============================
     NAME        INITIAL VALUE 
      V........     .2000E+02
      D........     .1000E+03
      R........     .2000E+01
      beta.....     .5000E+00
      omega....     .1000E+01
      mu1......     .2000E+00
      mu2......     .2000E+00


     BOUNDARY, INITIAL, AND PRODUCTION CONDITIONS
     ===========================================
       SOLUTE FREE INPUT
         3 STEPS INITIAL CONDITION
       CONC.    STARTING POSITION
           .30000    .00000
          1.00000    .50000
           .10000   1.00000
       NO PRODUCTION TERM 
 
 
$ T= 1.00000   (RESIDENT AND TOTAL RESIDENT CONC. VS. DEPTH)
$ Sum(C1*dZ) =      .11623   Sum(C2*dZ) =      .20838
$ MASS  PHASE 1 =      .11623  PHASE 2 =     .20838  TOTAL =      .32461
$    Z             C1           C2         BR*C1      (1-B)R*C2        Ct
      .4999   .11992E+00   .22425E+00   .11992E+00   .22425E+00   .34417E+00
      .9999   .34501E+00   .60928E+00   .34501E+00   .60928E+00   .95429E+00
$

     *******************************************************************
     *                                                                 *
     *     CXTFIT VERSION 2.0 (1/2/95)                                 *
     *     ANALYTICAL SOLUTIONS FOR ONE-DIMENSIONAL CDE                *
     *     DIRECT PROBLRM                                              *
     *                                                                 *
     *     Fig.7-8c. IVP for the nonequilibrium CDE                    *
     *      Effect of beta, beta=0.9 (Toride et. al, 1993, WRR, p2167-2*
     *                                                                 *
     *     DATA INPUT FILE:  FIG7-8.IN                                 *
     *                                                                 *
     *******************************************************************


     MODEL DESCRIPTION
     =================
        DETERMINISTIC NONEQUILIBRIUM CDE (MODE=2)
        RESIDENT CONCENTRATION (THIRD-TYPE INPUT)
        REDUCED TIME (T), POSITION(Z)
          (ALL PARAMETERS EXCEPT D AND V ARE DIMENSIONLESS)
        CHARACTERISTIC LENGTH =   50.0000
          FOR DIMENSIONLESS PARAMETERS


     INITIAL VALUES OF COEFFICIENTS
     ==============================
     NAME        INITIAL VALUE 
      V........     .2000E+02
      D........     .1000E+03
      R........     .2000E+01
      beta.....     .9000E+00
      omega....     .1000E+01
      mu1......     .2000E+00
      mu2......     .2000E+00


     BOUNDARY, INITIAL, AND PRODUCTION CONDITIONS
     ===========================================
       SOLUTE FREE INPUT
         3 STEPS INITIAL CONDITION
       CONC.    STARTING POSITION
           .30000    .00000
          1.00000    .50000
           .10000   1.00000
       NO PRODUCTION TERM 
 
 
$ T= 1.00000   (RESIDENT AND TOTAL RESIDENT CONC. VS. DEPTH)
$ Sum(C1*dZ) =      .62700   Sum(C2*dZ) =      .54606
$ MASS  PHASE 1 =     1.12860  PHASE 2 =     .10921  TOTAL =     1.23782
$    Z             C1           C2         BR*C1      (1-B)R*C2        Ct
      .0000   .97654E-02   .13900E-01   .17578E-01   .27799E-02   .20358E-01
      .0250   .12390E-01   .17396E-01   .22302E-01   .34792E-02   .25781E-01
      .0500   .15400E-01   .21316E-01   .27719E-01   .42631E-02   .31982E-01
      .0750   .18820E-01   .25670E-01   .33875E-01   .51340E-02   .39009E-01
      .1000   .22675E-01   .30467E-01   .40814E-01   .60935E-02   .46908E-01
      .1250   .26987E-01   .35713E-01   .48577E-01   .71426E-02   .55720E-01
      .1500   .31779E-01   .41411E-01   .57202E-01   .82821E-02   .65484E-01
      .1750   .37068E-01   .47562E-01   .66723E-01   .95125E-02   .76235E-01
      .2000   .42872E-01   .54169E-01   .77170E-01   .10834E-01   .88004E-01
      .2250   .49206E-01   .61232E-01   .88572E-01   .12246E-01   .10082E+00
      .2500   .56084E-01   .68753E-01   .10095E+00   .13751E-01   .11470E+00
      .2750   .63515E-01   .76737E-01   .11433E+00   .15347E-01   .12968E+00
      .3000   .71512E-01   .85191E-01   .12872E+00   .17038E-01   .14576E+00
      .3250   .80082E-01   .94124E-01   .14415E+00   .18825E-01   .16297E+00
      .3500   .89232E-01   .10355E+00   .16062E+00   .20710E-01   .18133E+00
      .3750   .98968E-01   .11350E+00   .17814E+00   .22699E-01   .20084E+00
      .4000   .10930E+00   .12398E+00   .19674E+00   .24796E-01   .22153E+00
      .4250   .12022E+00   .13503E+00   .21640E+00   .27006E-01   .24341E+00
      .4500   .13175E+00   .14668E+00   .23715E+00   .29335E-01   .26648E+00
      .4750   .14387E+00   .15896E+00   .25897E+00   .31792E-01   .29077E+00
      .5000   .15660E+00   .17364E+00   .28188E+00   .34727E-01   .31660E+00
      .5250   .16991E+00   .18719E+00   .30583E+00   .37437E-01   .34327E+00
      .5500   .18378E+00   .20125E+00   .33081E+00   .40250E-01   .37106E+00
      .5750   .19821E+00   .21581E+00   .35678E+00   .43162E-01   .39994E+00
      .6000   .21317E+00   .23082E+00   .38370E+00   .46165E-01   .42987E+00
      .6250   .22863E+00   .24625E+00   .41153E+00   .49250E-01   .46078E+00
      .6500   .24455E+00   .26203E+00   .44020E+00   .52406E-01   .49260E+00
      .6750   .26090E+00   .27810E+00   .46963E+00   .55621E-01   .52525E+00
      .7000   .27763E+00   .29439E+00   .49973E+00   .58877E-01   .55861E+00
      .7250   .29467E+00   .31079E+00   .53040E+00   .62158E-01   .59256E+00
      .7500   .31195E+00   .32721E+00   .56151E+00   .65442E-01   .62696E+00
      .7750   .32940E+00   .34353E+00   .59292E+00   .68706E-01   .66163E+00
      .8000   .34692E+00   .35962E+00   .62446E+00   .71923E-01   .69639E+00
      .8250   .36442E+00   .37532E+00   .65595E+00   .75065E-01   .73102E+00
      .8500   .38176E+00   .39049E+00   .68718E+00   .78098E-01   .76527E+00
      .8750   .39876E+00   .40498E+00   .71777E+00   .80996E-01   .79877E+00
      .9000   .41549E+00   .41864E+00   .74788E+00   .83727E-01   .83160E+00
      .9250   .43169E+00   .43126E+00   .77704E+00   .86252E-01   .86329E+00
      .9500   .44723E+00   .44268E+00   .80502E+00   .88536E-01   .89356E+00
      .9750   .46197E+00   .45272E+00   .83155E+00   .90544E-01   .92210E+00
     1.0000   .47577E+00   .45898E+00   .85638E+00   .91796E-01   .94818E+00
     1.0250   .48848E+00   .46587E+00   .87926E+00   .93175E-01   .97243E+00
     1.0500   .49998E+00   .47118E+00   .89996E+00   .94235E-01   .99419E+00
     1.0750   .51014E+00   .47482E+00   .91825E+00   .94964E-01   .10132E+01
     1.1000   .51885E+00   .47675E+00   .93393E+00   .95350E-01   .10293E+01
     1.1250   .52600E+00   .47694E+00   .94680E+00   .95388E-01   .10422E+01
     1.1500   .53151E+00   .47539E+00   .95671E+00   .95078E-01   .10518E+01
     1.1750   .53529E+00   .47211E+00   .96353E+00   .94422E-01   .10580E+01
     1.2000   .53730E+00   .46714E+00   .96715E+00   .93428E-01   .10606E+01
     1.2250   .53751E+00   .46054E+00   .96751E+00   .92109E-01   .10596E+01
     1.2500   .53588E+00   .45240E+00   .96459E+00   .90479E-01   .10551E+01
     1.2750   .53245E+00   .44280E+00   .95840E+00   .88560E-01   .10470E+01
     1.3000   .52722E+00   .43187E+00   .94900E+00   .86374E-01   .10354E+01
     1.3250   .52027E+00   .41973E+00   .93648E+00   .83946E-01   .10204E+01
     1.3500   .51165E+00   .40653E+00   .92096E+00   .81306E-01   .10023E+01
     1.3750   .50146E+00   .39242E+00   .90262E+00   .78483E-01   .98111E+00
     1.4000   .48981E+00   .37754E+00   .88166E+00   .75509E-01   .95716E+00
     1.4250   .47683E+00   .36208E+00   .85829E+00   .72415E-01   .93070E+00
     1.4500   .46265E+00   .34617E+00   .83277E+00   .69234E-01   .90201E+00
     1.4750   .44744E+00   .32999E+00   .80538E+00   .65997E-01   .87138E+00
     1.5000   .43134E+00   .31368E+00   .77640E+00   .62735E-01   .83914E+00
     1.5250   .41452E+00   .29738E+00   .74614E+00   .59477E-01   .80561E+00
     1.5500   .39715E+00   .28125E+00   .71488E+00   .56250E-01   .77113E+00
     1.5750   .37941E+00   .26540E+00   .68294E+00   .53080E-01   .73601E+00
     1.6000   .36145E+00   .24994E+00   .65060E+00   .49989E-01   .70059E+00
     1.6250   .34343E+00   .23498E+00   .61817E+00   .46997E-01   .66516E+00
     1.6500   .32550E+00   .22061E+00   .58590E+00   .44121E-01   .63002E+00
     1.6750   .30781E+00   .20688E+00   .55406E+00   .41376E-01   .59544E+00
     1.7000   .29049E+00   .19387E+00   .52287E+00   .38773E-01   .56165E+00
     1.7250   .27364E+00   .18161E+00   .49256E+00   .36321E-01   .52888E+00
     1.7500   .25738E+00   .17013E+00   .46329E+00   .34025E-01   .49731E+00
     1.7750   .24179E+00   .15945E+00   .43523E+00   .31889E-01   .46712E+00
     1.8000   .22695E+00   .14957E+00   .40850E+00   .29914E-01   .43842E+00
     1.8250   .21290E+00   .14049E+00   .38322E+00   .28099E-01   .41132E+00
     1.8500   .19969E+00   .13220E+00   .35945E+00   .26440E-01   .38589E+00
     1.8750   .18735E+00   .12467E+00   .33724E+00   .24933E-01   .36217E+00
     1.9000   .17590E+00   .11786E+00   .31662E+00   .23572E-01   .34019E+00
     1.9250   .16533E+00   .11175E+00   .29759E+00   .22350E-01   .31994E+00
     1.9500   .15563E+00   .10630E+00   .28013E+00   .21259E-01   .30139E+00
     1.9750   .14678E+00   .10145E+00   .26421E+00   .20291E-01   .28450E+00
     2.0000   .13877E+00   .97177E-01   .24978E+00   .19435E-01   .26922E+00
     2.0250   .13154E+00   .93423E-01   .23678E+00   .18685E-01   .25546E+00
     2.0500   .12507E+00   .90146E-01   .22512E+00   .18029E-01   .24315E+00
     2.0750   .11930E+00   .87300E-01   .21474E+00   .17460E-01   .23220E+00
     2.1000   .11419E+00   .84843E-01   .20555E+00   .16969E-01   .22252E+00
     2.1250   .10969E+00   .82733E-01   .19745E+00   .16547E-01   .21400E+00
     2.1500   .10575E+00   .80931E-01   .19036E+00   .16186E-01   .20654E+00
     2.1750   .10232E+00   .79400E-01   .18418E+00   .15880E-01   .20006E+00
     2.2000   .99352E-01   .78107E-01   .17883E+00   .15621E-01   .19446E+00
     2.2250   .96795E-01   .77021E-01   .17423E+00   .15404E-01   .18963E+00
     2.2500   .94604E-01   .76113E-01   .17029E+00   .15223E-01   .18551E+00
     2.2750   .92740E-01   .75358E-01   .16693E+00   .15072E-01   .18200E+00
     2.3000   .91161E-01   .74734E-01   .16409E+00   .14947E-01   .17904E+00
     2.3250   .89831E-01   .74221E-01   .16170E+00   .14844E-01   .17654E+00
     2.3500   .88718E-01   .73801E-01   .15969E+00   .14760E-01   .17445E+00
     2.3750   .87791E-01   .73460E-01   .15802E+00   .14692E-01   .17272E+00
     2.4000   .87024E-01   .73184E-01   .15664E+00   .14637E-01   .17128E+00
     2.4250   .86392E-01   .72962E-01   .15551E+00   .14592E-01   .17010E+00
     2.4500   .85874E-01   .72784E-01   .15457E+00   .14557E-01   .16913E+00
     2.4750   .85453E-01   .72642E-01   .15382E+00   .14528E-01   .16834E+00
     2.5000   .85112E-01   .72530E-01   .15320E+00   .14506E-01   .16771E+00
