$

     *******************************************************************
     *                                                                 *
     *     CXTFIT VERSION 2.0 (1/2/95)                                 *
     *     ANALYTICAL SOLUTIONS FOR ONE-DIMENSIONAL CDE                *
     *     DIRECT PROBLRM                                              *
     *                                                                 *
     *     Fig.7-2b: Flux vs. (Resident) Conc. For the IVP (a)P=10     *
     *       Toride et al.,1993 (SSSAJ p1406-1409)                     *
     *                                                                 *
     *     DATA INPUT FILE:  FIG7-2B.IN                                *
     *                                                                 *
     *******************************************************************


     MODEL DESCRIPTION
     =================
        DETERMINISTIC EQUILIBRIUM CDE (MODE=1)
        FLUX-AVERAGED CONCENTRATION
        REDUCED TIME (T), POSITION(Z)
          (ALL PARAMETERS EXCEPT D AND V ARE DIMENSIONLESS)
        CHARACTERISTIC LENGTH =   50.0000
          FOR DIMENSIONLESS PARAMETERS


     INITIAL VALUES OF COEFFICIENTS
     ==============================
     NAME        INITIAL VALUE
      V........     .5000E+02
      D........     .2500E+03
      R........     .1000E+01
      mu.......     .0000E+00


     BOUNDARY, INITIAL, AND PRODUCTION CONDITIONS
     ===========================================
       SOLUTE FREE INPUT
         3 STEPS INITIAL CONDITION
       CONC.    STARTING POSITION
           .00000    .00000
          1.00000    .50000
           .00000   1.00000
       NO PRODUCTION TERM


$ T=   .05000   (FLUX-AVERAGED CONC. VS. DEPTH)
$ Sum(C*dZ) =       .50000
$    Z            C
      .0000   .00000E+00
      .0250  -.30864E-06
      .0500  -.11917E-05
      .0750  -.40101E-05
      .1000  -.12585E-04
      .1250  -.37030E-04
      .1500  -.10214E-03
      .1750  -.26415E-03
      .2000  -.64001E-03
      .2250  -.14520E-02
      .2500  -.30819E-02
      .2750  -.61137E-02
      .3000  -.11319E-01
      .3250  -.19515E-01
      .3500  -.31241E-01
      .3750  -.46218E-01
      .4000  -.62710E-01
      .4250  -.76999E-01
      .4500  -.83315E-01
      .4750  -.74510E-01
      .5000  -.43528E-01
      .5250   .14626E-01
      .5500   .10106E+00
      .5750   .21204E+00
      .6000   .33941E+00
      .6250   .47227E+00
      .6500   .59948E+00
      .6750   .71197E+00
      .7000   .80432E+00
      .7250   .87512E+00
      .7500   .92634E+00
      .7750   .96215E+00
      .8000   .98758E+00
      .8250   .10074E+01
      .8500   .10255E+01
      .8750   .10436E+01
      .9000   .10616E+01
      .9250   .10766E+01
      .9500   .10831E+01
      .9750   .10745E+01
     1.0000   .10435E+01
     1.0250   .98537E+00
     1.0500   .89894E+00
     1.0750   .78796E+00
     1.1000   .66060E+00
     1.1250   .52776E+00
     1.1500   .40063E+00
     1.1750   .28830E+00
     1.2000   .19632E+00
     1.2250   .12634E+00
     1.2500   .76741E-01
     1.2750   .43964E-01
     1.3000   .23738E-01
     1.3250   .12073E-01
     1.3500   .57818E-02
     1.3750   .26061E-02
     1.4000   .11054E-02
     1.4250   .44104E-03
     1.4500   .16552E-03
     1.4750   .58407E-04
     1.5000   .19381E-04
     1.5250   .60466E-05
     1.5500   .17734E-05
     1.5750   .48890E-06
     1.6000   .12669E-06
     1.6250   .30855E-07
     1.6500   .70625E-08
     1.6750   .15192E-08
     1.7000   .30712E-09
     1.7250   .58342E-10
     1.7500   .10415E-10
     1.7750   .17469E-11
     1.8000   .27534E-12
     1.8250   .40745E-13
     1.8500   .56621E-14
     1.8750   .77716E-15
     1.9000   .11102E-15
     1.9250   .00000E+00
     1.9500   .00000E+00
     1.9750   .00000E+00
     2.0000   .00000E+00
     2.0250   .00000E+00
     2.0500   .00000E+00
     2.0750   .00000E+00
     2.1000   .00000E+00
     2.1250   .00000E+00
     2.1500   .00000E+00
     2.1750   .00000E+00
     2.2000   .00000E+00
     2.2250   .00000E+00
     2.2500   .00000E+00
     2.2750   .00000E+00
     2.3000   .00000E+00
     2.3250   .00000E+00
     2.3500   .00000E+00
     2.3750   .00000E+00
     2.4000   .00000E+00
     2.4250   .00000E+00
     2.4500   .00000E+00
     2.4750   .00000E+00
     2.5000   .00000E+00
$

     *******************************************************************
     *                                                                 *
     *     CXTFIT VERSION 2.0 (1/2/95)                                 *
     *     ANALYTICAL SOLUTIONS FOR ONE-DIMENSIONAL CDE                *
     *     DIRECT PROBLRM                                              *
     *                                                                 *
     *     Fig.7-2b: (Flux) vs. Resident Conc. For the IVP (a)P=10     *
     *       Toride et al.,1993 (SSSAJ p1406-1409)                     *
     *                                                                 *
     *     DATA INPUT FILE:  FIG7-2B.IN                                *
     *                                                                 *
     *******************************************************************


     MODEL DESCRIPTION
     =================
        DETERMINISTIC EQUILIBRIUM CDE (MODE=1)
        RESIDENT CONCENTRATION (THIRD-TYPE INPUT)
        REDUCED TIME (T), POSITION(Z)
          (ALL PARAMETERS EXCEPT D AND V ARE DIMENSIONLESS)
        CHARACTERISTIC LENGTH =   50.0000
          FOR DIMENSIONLESS PARAMETERS


     INITIAL VALUES OF COEFFICIENTS
     ==============================
     NAME        INITIAL VALUE
      V........     .5000E+02
      D........     .2500E+03
      R........     .1000E+01
      mu.......     .0000E+00


     BOUNDARY, INITIAL, AND PRODUCTION CONDITIONS
     ===========================================
       SOLUTE FREE INPUT
         3 STEPS INITIAL CONDITION
       CONC.    STARTING POSITION
           .00000    .00000
          1.00000    .50000
           .00000   1.00000
       NO PRODUCTION TERM


$ T=   .05000    (RESIDENT AND TOTAL RESIDENT CONC. VS. DEPTH)
$ Sum(C*dZ) =      .50000   Sum(Ct*dZ) =      .50000 (TOTAL MASS)
$    Z          C           Ct (=R*C)
      .0000   .34724E-07   .34724E-07
      .0250   .80835E-07   .80835E-07
      .0500   .28802E-06   .28802E-06
      .0750   .10174E-05   .10174E-05
      .1000   .33977E-05   .33977E-05
      .1250   .10688E-04   .10688E-04
      .1500   .31686E-04   .31686E-04
      .1750   .88445E-04   .88445E-04
      .2000   .23267E-03   .23267E-03
      .2250   .57709E-03   .57709E-03
      .2500   .13500E-02   .13500E-02
      .2750   .29798E-02   .29798E-02
      .3000   .62097E-02   .62097E-02
      .3250   .12224E-01   .12224E-01
      .3500   .22750E-01   .22750E-01
      .3750   .40059E-01   .40059E-01
      .4000   .66807E-01   .66807E-01
      .4250   .10565E+00   .10565E+00
      .4500   .15866E+00   .15866E+00
      .4750   .22663E+00   .22663E+00
      .5000   .30854E+00   .30854E+00
      .5250   .40129E+00   .40129E+00
      .5500   .50000E+00   .50000E+00
      .5750   .59871E+00   .59871E+00
      .6000   .69146E+00   .69146E+00
      .6250   .77336E+00   .77336E+00
      .6500   .84131E+00   .84131E+00
      .6750   .89426E+00   .89426E+00
      .7000   .93296E+00   .93296E+00
      .7250   .95936E+00   .95936E+00
      .7500   .97590E+00   .97590E+00
      .7750   .98480E+00   .98480E+00
      .8000   .98758E+00   .98758E+00
      .8250   .98480E+00   .98480E+00
      .8500   .97590E+00   .97590E+00
      .8750   .95936E+00   .95936E+00
      .9000   .93296E+00   .93296E+00
      .9250   .89426E+00   .89426E+00
      .9500   .84131E+00   .84131E+00
      .9750   .77336E+00   .77336E+00
     1.0000   .69146E+00   .69146E+00
     1.0250   .59871E+00   .59871E+00
     1.0500   .50000E+00   .50000E+00
     1.0750   .40129E+00   .40129E+00
     1.1000   .30854E+00   .30854E+00
     1.1250   .22663E+00   .22663E+00
     1.1500   .15866E+00   .15866E+00
     1.1750   .10565E+00   .10565E+00
     1.2000   .66807E-01   .66807E-01
     1.2250   .40059E-01   .40059E-01
     1.2500   .22750E-01   .22750E-01
     1.2750   .12224E-01   .12224E-01
     1.3000   .62097E-02   .62097E-02
     1.3250   .29798E-02   .29798E-02
     1.3500   .13500E-02   .13500E-02
     1.3750   .57709E-03   .57709E-03
     1.4000   .23267E-03   .23267E-03
     1.4250   .88445E-04   .88445E-04
     1.4500   .31686E-04   .31686E-04
     1.4750   .10688E-04   .10688E-04
     1.5000   .33976E-05   .33976E-05
     1.5250   .10171E-05   .10171E-05
     1.5500   .28665E-06   .28665E-06
     1.5750   .76049E-07   .76049E-07
     1.6000   .18990E-07   .18990E-07
     1.6250   .44622E-08   .44622E-08
     1.6500   .98659E-09   .98659E-09
     1.6750   .20523E-09   .20523E-09
     1.7000   .40160E-10   .40160E-10
     1.7250   .73923E-11   .73923E-11
     1.7500   .12799E-11   .12799E-11
     1.7750   .20839E-12   .20839E-12
     1.8000   .31863E-13   .31863E-13
     1.8250   .45519E-14   .45519E-14
     1.8500   .66613E-15   .66613E-15
     1.8750   .11102E-15   .11102E-15
     1.9000   .00000E+00   .00000E+00
     1.9250   .00000E+00   .00000E+00
     1.9500   .00000E+00   .00000E+00
     1.9750   .00000E+00   .00000E+00
     2.0000   .00000E+00   .00000E+00
     2.0250   .00000E+00   .00000E+00
     2.0500   .00000E+00   .00000E+00
     2.0750   .00000E+00   .00000E+00
     2.1000   .00000E+00   .00000E+00
     2.1250   .00000E+00   .00000E+00
     2.1500   .00000E+00   .00000E+00
     2.1750   .00000E+00   .00000E+00
     2.2000   .00000E+00   .00000E+00
     2.2250   .00000E+00   .00000E+00
     2.2500   .00000E+00   .00000E+00
     2.2750   .00000E+00   .00000E+00
     2.3000   .00000E+00   .00000E+00
     2.3250   .00000E+00   .00000E+00
     2.3500   .00000E+00   .00000E+00
     2.3750   .00000E+00   .00000E+00
     2.4000   .00000E+00   .00000E+00
     2.4250   .00000E+00   .00000E+00
     2.4500   .00000E+00   .00000E+00
     2.4750   .00000E+00   .00000E+00
     2.5000   .00000E+00   .00000E+00
