$

     *******************************************************************
     *                                                                 *
     *     CXTFIT VERSION 2.0 (1/2/95)                                 *
     *     ANALYTICAL SOLUTIONS FOR ONE-DIMENSIONAL CDE                *
     *     DIRECT PROBLRM                                              *
     *                                                                 *
     *     Fig.7-10; Stochastic stream tube model with a random v      *
     *     Nonreactive solute (R=1), Effect of sigma v (Sig-v=0.5)     *
     *                                                                 *
     *     DATA INPUT FILE:  FIG7-10.IN                                *
     *                                                                 *
     *******************************************************************


     MODEL DESCRIPTION
     =================
        STOCHASTIC EQUILIBRIUM CDE WITH VARIABLE V & Kd (MODE=3)
         SD.v=SD.D, FIELD SCALE DISPERSIVITY IS CONSTANT ( =<D>/<V> )
          <R> = 1+RHO*<Kd>/THETA =    1.0000,  RHO/THETA =    4.0000
        ENSEMBLE AVERAGE OF RESIDENT CONCENTRATION (THIRD-TYPE INPUT)
        REAL TIME (t), POSITION(x)
          (D,V,mu, AND gamma ARE ALSO DIMENSIONAL)


     INITIAL VALUES OF COEFFICIENTS
     ==============================
     NAME        INITIAL VALUE
      <V>......     .2000E+02
      <D>......     .2000E+02
      <Kd>.....     .0000E+00
      mu1......     .0000E+00
      SD.v.....     .5000E+00
      SD.Kd....     .0000E+00
      SD.D.....     .5000E+00
     RhovKd....     .0000E+00


     BOUNDARY, INITIAL, AND PRODUCTION CONDITIONS
     ===========================================
       SINGLE PULSE OF CONC. =    1.0000 & DURATION =    2.0000
         DURATION TIME IS CONSTANT FOE ALL TUBES
       SOLUTE FREE INITIAL CONDITION
       NO PRODUCTION TERM


$ T=  3.00000     (CONC. VS. DEPTH)
$ Sum(C*dZ) =     39.83392
$    Z          <C>          VAR(C)
      .0000   .25962E-02   .34994E-04
     2.0000   .11980E-01   .66159E-03
     4.0000   .33378E-01   .39799E-02
     6.0000   .70709E-01   .13071E-01
     8.0000   .12429E+00   .29186E-01
    10.0000   .19039E+00   .49813E-01
    12.0000   .26449E+00   .70721E-01
    14.0000   .34054E+00   .87704E-01
    16.0000   .41356E+00   .98577E-01
    18.0000   .47985E+00   .10330E+00
    20.0000   .53709E+00   .10329E+00
    22.0000   .58410E+00   .10058E+00
    24.0000   .62064E+00   .97145E-01
    26.0000   .64709E+00   .94482E-01
    28.0000   .66421E+00   .93529E-01
    30.0000   .67299E+00   .94686E-01
    32.0000   .67452E+00   .97936E-01
    34.0000   .66988E+00   .10298E+00
    36.0000   .66011E+00   .10938E+00
    38.0000   .64617E+00   .11661E+00
    40.0000   .62890E+00   .12418E+00
    42.0000   .60907E+00   .13164E+00
    44.0000   .58734E+00   .13863E+00
    46.0000   .56426E+00   .14488E+00
    48.0000   .54031E+00   .15017E+00
    50.0000   .51589E+00   .15440E+00
    52.0000   .49132E+00   .15749E+00
    54.0000   .46687E+00   .15945E+00
    56.0000   .44276E+00   .16031E+00
    58.0000   .41916E+00   .16014E+00
    60.0000   .39620E+00   .15901E+00
    62.0000   .37398E+00   .15703E+00
    64.0000   .35258E+00   .15431E+00
    66.0000   .33203E+00   .15094E+00
    68.0000   .31238E+00   .14704E+00
    70.0000   .29364E+00   .14270E+00
    72.0000   .27582E+00   .13801E+00
    74.0000   .25890E+00   .13306E+00
    76.0000   .24288E+00   .12793E+00
    78.0000   .22773E+00   .12268E+00
    80.0000   .21343E+00   .11737E+00
    82.0000   .19994E+00   .11206E+00
    84.0000   .18725E+00   .10677E+00
    86.0000   .17530E+00   .10156E+00
    88.0000   .16408E+00   .96457E-01
    90.0000   .15355E+00   .91476E-01
    92.0000   .14366E+00   .86640E-01
    94.0000   .13439E+00   .81964E-01
    96.0000   .12571E+00   .77459E-01
    98.0000   .11758E+00   .73132E-01
   100.0000   .10997E+00   .68989E-01
   102.0000   .10284E+00   .65030E-01
   104.0000   .96180E-01   .61256E-01
   106.0000   .89949E-01   .57667E-01
   108.0000   .84124E-01   .54258E-01
   110.0000   .78680E-01   .51026E-01
   112.0000   .73593E-01   .47967E-01
   114.0000   .68839E-01   .45074E-01
   116.0000   .64398E-01   .42342E-01
   118.0000   .60249E-01   .39765E-01
   120.0000   .56373E-01   .37335E-01
   122.0000   .52753E-01   .35047E-01
   124.0000   .49372E-01   .32894E-01
   126.0000   .46214E-01   .30869E-01
   128.0000   .43264E-01   .28966E-01
   130.0000   .40508E-01   .27178E-01
   132.0000   .37934E-01   .25499E-01
   134.0000   .35529E-01   .23923E-01
   136.0000   .33282E-01   .22444E-01
   138.0000   .31183E-01   .21057E-01
   140.0000   .29221E-01   .19757E-01
   142.0000   .27388E-01   .18537E-01
   144.0000   .25675E-01   .17394E-01
   146.0000   .24073E-01   .16322E-01
   148.0000   .22575E-01   .15318E-01
   150.0000   .21175E-01   .14377E-01
   152.0000   .19866E-01   .13495E-01
   154.0000   .18641E-01   .12669E-01
   156.0000   .17495E-01   .11895E-01
   158.0000   .16423E-01   .11170E-01
   160.0000   .15420E-01   .10491E-01
   162.0000   .14481E-01   .98539E-02
   164.0000   .13602E-01   .92573E-02
   166.0000   .12780E-01   .86983E-02
   168.0000   .12009E-01   .81743E-02
   170.0000   .11287E-01   .76833E-02
   172.0000   .10611E-01   .72230E-02
   174.0000   .99777E-02   .67915E-02
   176.0000   .93840E-02   .63870E-02
   178.0000   .88275E-02   .60077E-02
   180.0000   .83057E-02   .56520E-02
   182.0000   .78165E-02   .53184E-02
   184.0000   .73576E-02   .50054E-02
   186.0000   .69271E-02   .47118E-02
   188.0000   .65232E-02   .44362E-02
   190.0000   .61441E-02   .41776E-02
   192.0000   .57883E-02   .39349E-02
   194.0000   .54542E-02   .37070E-02
   196.0000   .51405E-02   .34930E-02
   198.0000   .48459E-02   .32921E-02
   200.0000   .45690E-02   .31033E-02
$

     *******************************************************************
     *                                                                 *
     *     CXTFIT VERSION 2.0 (1/2/95)                                 *
     *     ANALYTICAL SOLUTIONS FOR ONE-DIMENSIONAL CDE                *
     *     DIRECT PROBLRM                                              *
     *                                                                 *
     *     Fig.7-10; Stochastic stream tube model with a random v      *
     *     Nonreactive solute (R=1), Effect of sigma v (Sig-v=0.3)     *
     *                                                                 *
     *     DATA INPUT FILE:  FIG7-10.IN                                *
     *                                                                 *
     *******************************************************************


     MODEL DESCRIPTION
     =================
        STOCHASTIC EQUILIBRIUM CDE WITH VARIABLE V & Kd (MODE=3)
         SD.v=SD.D, FIELD SCALE DISPERSIVITY IS CONSTANT ( =<D>/<V> )
          <R> = 1+RHO*<Kd>/THETA =    1.0000,  RHO/THETA =    4.0000
        ENSEMBLE AVERAGE OF RESIDENT CONCENTRATION (THIRD-TYPE INPUT)
        REAL TIME (t), POSITION(x)
          (D,V,mu, AND gamma ARE ALSO DIMENSIONAL)


     INITIAL VALUES OF COEFFICIENTS
     ==============================
     NAME        INITIAL VALUE
      <V>......     .2000E+02
      <D>......     .2000E+02
      <Kd>.....     .0000E+00
      mu1......     .0000E+00
      SD.v.....     .3000E+00
      SD.Kd....     .0000E+00
      SD.D.....     .3000E+00
     RhovKd....     .0000E+00


     BOUNDARY, INITIAL, AND PRODUCTION CONDITIONS
     ===========================================
       SINGLE PULSE OF CONC. =    1.0000 & DURATION =    2.0000
         DURATION TIME IS CONSTANT FOE ALL TUBES
       SOLUTE FREE INITIAL CONDITION
       NO PRODUCTION TERM


$ T=  3.00000     (CONC. VS. DEPTH)
$ Sum(C*dZ) =     39.99979
$    Z          <C>          VAR(C)
      .0000   .77442E-03   .18965E-05
     2.0000   .37628E-02   .42062E-04
     4.0000   .11771E-01   .35581E-03
     6.0000   .28979E-01   .17614E-02
     8.0000   .59913E-01   .59318E-02
    10.0000   .10780E+00   .14622E-01
    12.0000   .17393E+00   .28442E-01
    14.0000   .25567E+00   .45303E-01
    16.0000   .34783E+00   .61150E-01
    18.0000   .44374E+00   .71891E-01
    20.0000   .53676E+00   .75297E-01
    22.0000   .62141E+00   .71648E-01
    24.0000   .69393E+00   .63130E-01
    26.0000   .75233E+00   .52677E-01
    28.0000   .79610E+00   .42974E-01
    30.0000   .82575E+00   .35920E-01
    32.0000   .84245E+00   .32522E-01
    34.0000   .84769E+00   .33035E-01
    36.0000   .84302E+00   .37183E-01
    38.0000   .82995E+00   .44372E-01
    40.0000   .80989E+00   .53843E-01
    42.0000   .78410E+00   .64782E-01
    44.0000   .75374E+00   .76393E-01
    46.0000   .71981E+00   .87941E-01
    48.0000   .68324E+00   .98789E-01
    50.0000   .64485E+00   .10842E+00
    52.0000   .60536E+00   .11643E+00
    54.0000   .56541E+00   .12258E+00
    56.0000   .52556E+00   .12673E+00
    58.0000   .48631E+00   .12885E+00
    60.0000   .44804E+00   .12904E+00
    62.0000   .41109E+00   .12745E+00
    64.0000   .37572E+00   .12429E+00
    66.0000   .34213E+00   .11981E+00
    68.0000   .31046E+00   .11427E+00
    70.0000   .28079E+00   .10792E+00
    72.0000   .25317E+00   .10103E+00
    74.0000   .22759E+00   .93797E-01
    76.0000   .20403E+00   .86436E-01
    78.0000   .18243E+00   .79107E-01
    80.0000   .16272E+00   .71947E-01
    82.0000   .14480E+00   .65060E-01
    84.0000   .12857E+00   .58525E-01
    86.0000   .11393E+00   .52394E-01
    88.0000   .10077E+00   .46702E-01
    90.0000   .88966E-01   .41463E-01
    92.0000   .78414E-01   .36678E-01
    94.0000   .69006E-01   .32339E-01
    96.0000   .60637E-01   .28429E-01
    98.0000   .53212E-01   .24924E-01
   100.0000   .46636E-01   .21798E-01
   102.0000   .40825E-01   .19022E-01
   104.0000   .35698E-01   .16567E-01
   106.0000   .31184E-01   .14402E-01
   108.0000   .27215E-01   .12501E-01
   110.0000   .23730E-01   .10835E-01
   112.0000   .20675E-01   .93789E-02
   114.0000   .18000E-01   .81094E-02
   116.0000   .15660E-01   .70047E-02
   118.0000   .13616E-01   .60451E-02
   120.0000   .11832E-01   .52129E-02
   122.0000   .10276E-01   .44922E-02
   124.0000   .89208E-02   .38689E-02
   126.0000   .77409E-02   .33303E-02
   128.0000   .67145E-02   .28656E-02
   130.0000   .58221E-02   .24647E-02
   132.0000   .50468E-02   .21193E-02
   134.0000   .43736E-02   .18220E-02
   136.0000   .37893E-02   .15660E-02
   138.0000   .32823E-02   .13458E-02
   140.0000   .28427E-02   .11564E-02
   142.0000   .24616E-02   .99369E-03
   144.0000   .21314E-02   .85383E-03
   146.0000   .18453E-02   .73366E-03
   148.0000   .15975E-02   .63044E-03
   150.0000   .13829E-02   .54178E-03
   152.0000   .11971E-02   .46563E-03
   154.0000   .10362E-02   .40024E-03
   156.0000   .89704E-03   .34406E-03
   158.0000   .77656E-03   .29585E-03
   160.0000   .67230E-03   .25443E-03
   162.0000   .58208E-03   .21885E-03
   164.0000   .50401E-03   .18828E-03
   166.0000   .43645E-03   .16202E-03
   168.0000   .37799E-03   .13946E-03
   170.0000   .32741E-03   .12006E-03
   172.0000   .28363E-03   .10339E-03
   174.0000   .24572E-03   .89061E-04
   176.0000   .21295E-03   .76737E-04
   178.0000   .18456E-03   .66112E-04
   180.0000   .15999E-03   .57014E-04
   182.0000   .13871E-03   .49165E-04
   184.0000   .12029E-03   .42408E-04
   186.0000   .10433E-03   .36590E-04
   188.0000   .90509E-04   .31555E-04
   190.0000   .78535E-04   .27261E-04
   192.0000   .68160E-04   .23540E-04
   194.0000   .59168E-04   .20332E-04
   196.0000   .51373E-04   .17566E-04
   198.0000   .44615E-04   .15180E-04
   200.0000   .38755E-04   .13120E-04
$

     *******************************************************************
     *                                                                 *
     *     CXTFIT VERSION 2.0 (1/2/95)                                 *
     *     ANALYTICAL SOLUTIONS FOR ONE-DIMENSIONAL CDE                *
     *     DIRECT PROBLRM                                              *
     *                                                                 *
     *     Fig.7-10; Stochastic stream tube model with a random v      *
     *     Nonreactive solute (R=1), Effect of sigma v (Sig-v=0.1)     *
     *                                                                 *
     *     DATA INPUT FILE:  FIG7-10.IN                                *
     *                                                                 *
     *******************************************************************


     MODEL DESCRIPTION
     =================
        STOCHASTIC EQUILIBRIUM CDE WITH VARIABLE V & Kd (MODE=3)
         SD.v=SD.D, FIELD SCALE DISPERSIVITY IS CONSTANT ( =<D>/<V> )
          <R> = 1+RHO*<Kd>/THETA =    1.0000,  RHO/THETA =    4.0000
        ENSEMBLE AVERAGE OF RESIDENT CONCENTRATION (THIRD-TYPE INPUT)
        REAL TIME (t), POSITION(x)
          (D,V,mu, AND gamma ARE ALSO DIMENSIONAL)


     INITIAL VALUES OF COEFFICIENTS
     ==============================
     NAME        INITIAL VALUE
      <V>......     .2000E+02
      <D>......     .2000E+02
      <Kd>.....     .0000E+00
      mu1......     .0000E+00
      SD.v.....     .1000E+00
      SD.Kd....     .0000E+00
      SD.D.....     .1000E+00
     RhovKd....     .0000E+00


     BOUNDARY, INITIAL, AND PRODUCTION CONDITIONS
     ===========================================
       SINGLE PULSE OF CONC. =    1.0000 & DURATION =    2.0000
         DURATION TIME IS CONSTANT FOE ALL TUBES
       SOLUTE FREE INITIAL CONDITION
       NO PRODUCTION TERM


$ T=  3.00000     (CONC. VS. DEPTH)
$ Sum(C*dZ) =     40.00015
$    Z          <C>          VAR(C)
      .0000   .26468E-03   .27000E-07
     2.0000   .13260E-02   .66101E-06
     4.0000   .44580E-02   .70054E-05
     6.0000   .12137E-01   .47343E-04
     8.0000   .28078E-01   .22501E-03
    10.0000   .57819E-01   .80835E-03
    12.0000   .10674E+00   .22589E-02
    14.0000   .17862E+00   .49909E-02
    16.0000   .27353E+00   .88486E-02
    18.0000   .38657E+00   .12742E-01
    20.0000   .50851E+00   .15055E-01
    22.0000   .62802E+00   .14726E-01
    24.0000   .73473E+00   .12009E-01
    26.0000   .82166E+00   .81975E-02
    28.0000   .88623E+00   .46754E-02
    30.0000   .92962E+00   .22022E-02
    32.0000   .95525E+00   .85641E-03
    34.0000   .96714E+00   .37509E-03
    36.0000   .96874E+00   .48567E-03
    38.0000   .96241E+00   .10570E-02
    40.0000   .94940E+00   .21085E-02
    42.0000   .93012E+00   .37581E-02
    44.0000   .90448E+00   .61543E-02
    46.0000   .87226E+00   .94056E-02
    48.0000   .83330E+00   .13512E-01
    50.0000   .78773E+00   .18315E-01
    52.0000   .73601E+00   .23477E-01
    54.0000   .67902E+00   .28512E-01
    56.0000   .61797E+00   .32865E-01
    58.0000   .55436E+00   .36009E-01
    60.0000   .48985E+00   .37564E-01
    62.0000   .42612E+00   .37367E-01
    64.0000   .36476E+00   .35498E-01
    66.0000   .30714E+00   .32256E-01
    68.0000   .25436E+00   .28077E-01
    70.0000   .20713E+00   .23446E-01
    72.0000   .16585E+00   .18812E-01
    74.0000   .13057E+00   .14525E-01
    76.0000   .10108E+00   .10808E-01
    78.0000   .76955E-01   .77614E-02
    80.0000   .57624E-01   .53875E-02
    82.0000   .42447E-01   .36201E-02
    84.0000   .30766E-01   .23582E-02
    86.0000   .21947E-01   .14914E-02
    88.0000   .15413E-01   .91698E-03
    90.0000   .10658E-01   .54894E-03
    92.0000   .72601E-02   .32039E-03
    94.0000   .48727E-02   .18256E-03
    96.0000   .32233E-02   .10168E-03
    98.0000   .21022E-02   .55432E-04
   100.0000   .13522E-02   .29611E-04
   102.0000   .85802E-03   .15518E-04
   104.0000   .53731E-03   .79859E-05
   106.0000   .33216E-03   .40398E-05
   108.0000   .20277E-03   .20106E-05
   110.0000   .12227E-03   .98528E-06
   112.0000   .72857E-04   .47572E-06
   114.0000   .42909E-04   .22643E-06
   116.0000   .24986E-04   .10630E-06
   118.0000   .14390E-04   .49227E-07
   120.0000   .81981E-05   .22493E-07
   122.0000   .46221E-05   .10174E-07
   124.0000   .25795E-05   .45294E-08
   126.0000   .14253E-05   .19889E-08
   128.0000   .77996E-06   .86095E-09
   130.0000   .42279E-06   .36711E-09
   132.0000   .22708E-06   .15407E-09
   134.0000   .12087E-06   .60033E-10
   136.0000   .63767E-07   .23989E-10
   138.0000   .33351E-07   .93834E-11
   140.0000   .17294E-07   .35880E-11
   142.0000   .88927E-08   .14614E-11
   144.0000   .45343E-08   .54049E-12
   146.0000   .22981E-08   .19501E-12
   148.0000   .11531E-08   .68562E-13
   150.0000   .57381E-09   .23464E-13
   152.0000   .28316E-09   .78094E-14
   154.0000   .13855E-09   .25253E-14
   156.0000   .65689E-10   .79272E-15
   158.0000   .31427E-10   .24139E-15
   160.0000   .14890E-10   .71251E-16
   162.0000   .69825E-11   .20372E-16
   164.0000   .32403E-11   .65809E-17
   166.0000   .14873E-11   .17872E-17
   168.0000   .67501E-12   .47002E-18
   170.0000   .30277E-12   .11959E-18
   172.0000   .13417E-12   .29424E-19
   174.0000   .58713E-13   .69988E-20
   176.0000   .27378E-13   .16088E-20
   178.0000   .11784E-13   .35731E-21
   180.0000   .50063E-14   .76647E-22
   182.0000   .20986E-14   .15877E-22
   184.0000   .86768E-15   .31754E-23
   186.0000   .35373E-15   .61300E-24
   188.0000   .14215E-15   .11421E-24
   190.0000   .56286E-16   .20532E-25
   192.0000   .21956E-16   .35611E-26
   194.0000   .84345E-17   .59583E-27
   196.0000   .31902E-17   .96154E-28
   198.0000   .11878E-17   .14965E-28
   200.0000   .43523E-18   .22460E-29
