$

     *******************************************************************
     *                                                                 *
     *     CXTFIT VERSION 2.0 (1/2/95)                                 *
     *     ANALYTICAL SOLUTIONS FOR ONE-DIMENSIONAL CDE                *
     *     DIRECT PROBLRM                                              *
     *                                                                 *
     *     Fig.7-13; Stochastic stream tube model with a random v      *
     *     Reactive solute, Effect of corretation v-Kd (=1)            *
     *                                                                 *
     *     DATA INPUT FILE:  FIG7-13.IN                                *
     *                                                                 *
     *******************************************************************


     MODEL DESCRIPTION
     =================
        STOCHASTIC EQUILIBRIUM CDE WITH VARIABLE V & Kd (MODE=3)
         SD.D=0, LOCAL SCALE DISPERSION IS CONSTANT EVERYWHERE
          <R> = 1+RHO*<Kd>/THETA =    5.0000,  RHO/THETA =    4.0000
        ENSEMBLE AVERAGE OF RESIDENT CONCENTRATION (THIRD-TYPE INPUT)
        REAL TIME (t), POSITION(x)
          (D,V,mu, AND gamma ARE ALSO DIMENSIONAL)


     INITIAL VALUES OF COEFFICIENTS
     ==============================
     NAME        INITIAL VALUE
      <V>......     .5000E+02
      <D>......     .2000E+02
      <Kd>.....     .1000E+01
      mu1......     .0000E+00
      SD.v.....     .5000E+00
      SD.Kd....     .2000E+00
      SD.D.....     .0000E+00
     RhovKd....     .1000E+01


     BOUNDARY, INITIAL, AND PRODUCTION CONDITIONS
     ===========================================
       DIRAC DELTA INPUT , MASS =   1.0000
         AMOUNT OF SOLUTE DEPENDS ON LOCAL V  (input=V delta/<V>)
       SOLUTE FREE INITIAL CONDITION
       NO PRODUCTION TERM


$ T=  5.00000     (CONC. VS. DEPTH)
$ Sum(C*dZ) =      9.46525
$    Z          <C>          VAR(C)
      .0000   .60274E-04   .32739E-06
     1.5000   .13588E-03   .11266E-05
     3.0000   .26928E-03   .32520E-05
     4.5000   .49306E-03   .83169E-05
     6.0000   .85297E-03   .19396E-04
     7.5000   .14110E-02   .41944E-04
     9.0000   .22477E-02   .85031E-04
    10.5000   .34642E-02   .16277E-03
    12.0000   .51822E-02   .29574E-03
    13.5000   .75419E-02   .51181E-03
    15.0000   .10697E-01   .84624E-03
    16.5000   .14808E-01   .13402E-02
    18.0000   .20030E-01   .20373E-02
    19.5000   .26500E-01   .29785E-02
    21.0000   .34323E-01   .41956E-02
    22.5000   .43557E-01   .57050E-02
    24.0000   .54199E-01   .75023E-02
    25.5000   .66178E-01   .95603E-02
    27.0000   .79346E-01   .11831E-01
    28.5000   .93483E-01   .14254E-01
    30.0000   .10830E+00   .16762E-01
    31.5000   .12347E+00   .19296E-01
    33.0000   .13860E+00   .21813E-01
    34.5000   .15331E+00   .24293E-01
    36.0000   .16723E+00   .26743E-01
    37.5000   .17999E+00   .29189E-01
    39.0000   .19129E+00   .31671E-01
    40.5000   .20089E+00   .34233E-01
    42.0000   .20859E+00   .36910E-01
    43.5000   .21430E+00   .39719E-01
    45.0000   .21797E+00   .42655E-01
    46.5000   .21963E+00   .45686E-01
    48.0000   .21936E+00   .48758E-01
    49.5000   .21730E+00   .51799E-01
    51.0000   .21362E+00   .54723E-01
    52.5000   .20849E+00   .57444E-01
    54.0000   .20213E+00   .59879E-01
    55.5000   .19475E+00   .61954E-01
    57.0000   .18656E+00   .63611E-01
    58.5000   .17775E+00   .64810E-01
    60.0000   .16852E+00   .65529E-01
    61.5000   .15902E+00   .65763E-01
    63.0000   .14941E+00   .65525E-01
    64.5000   .13982E+00   .64839E-01
    66.0000   .13036E+00   .63741E-01
    67.5000   .12112E+00   .62276E-01
    69.0000   .11218E+00   .60493E-01
    70.5000   .10359E+00   .58442E-01
    72.0000   .95386E-01   .56175E-01
    73.5000   .87610E-01   .53741E-01
    75.0000   .80277E-01   .51188E-01
    76.5000   .73395E-01   .48558E-01
    78.0000   .66965E-01   .45889E-01
    79.5000   .60982E-01   .43216E-01
    81.0000   .55435E-01   .40568E-01
    82.5000   .50310E-01   .37969E-01
    84.0000   .45590E-01   .35438E-01
    85.5000   .41253E-01   .32992E-01
    87.0000   .37281E-01   .30642E-01
    88.5000   .33650E-01   .28399E-01
    90.0000   .30338E-01   .26266E-01
    91.5000   .27324E-01   .24249E-01
    93.0000   .24586E-01   .22349E-01
    94.5000   .22102E-01   .20565E-01
    96.0000   .19853E-01   .18896E-01
    97.5000   .17819E-01   .17339E-01
    99.0000   .15982E-01   .15891E-01
   100.5000   .14325E-01   .14547E-01
   102.0000   .12833E-01   .13302E-01
   103.5000   .11490E-01   .12152E-01
   105.0000   .10282E-01   .11091E-01
   106.5000   .91969E-02   .10115E-01
   108.0000   .82229E-02   .92168E-02
   109.5000   .73494E-02   .83927E-02
   111.0000   .65664E-02   .76373E-02
   112.5000   .58650E-02   .69455E-02
   114.0000   .52371E-02   .63129E-02
   115.5000   .46753E-02   .57349E-02
   117.0000   .41728E-02   .52074E-02
   118.5000   .37236E-02   .47263E-02
   120.0000   .33222E-02   .42879E-02
   121.5000   .29637E-02   .38887E-02
   123.0000   .26435E-02   .35254E-02
   124.5000   .23577E-02   .31951E-02
   126.0000   .21026E-02   .28949E-02
   127.5000   .18750E-02   .26223E-02
   129.0000   .16719E-02   .23747E-02
   130.5000   .14908E-02   .21501E-02
   132.0000   .13293E-02   .19463E-02
   133.5000   .11853E-02   .17616E-02
   135.0000   .10569E-02   .15941E-02
   136.5000   .94246E-03   .14423E-02
   138.0000   .84043E-03   .13049E-02
   139.5000   .74948E-03   .11804E-02
   141.0000   .66842E-03   .10677E-02
   142.5000   .59617E-03   .96569E-03
   144.0000   .53177E-03   .87337E-03
   145.5000   .47437E-03   .78983E-03
   147.0000   .42321E-03   .71425E-03
   148.5000   .37761E-03   .64589E-03
   150.0000   .33696E-03   .58407E-03
$

     *******************************************************************
     *                                                                 *
     *     CXTFIT VERSION 2.0 (1/2/95)                                 *
     *     ANALYTICAL SOLUTIONS FOR ONE-DIMENSIONAL CDE                *
     *     DIRECT PROBLRM                                              *
     *                                                                 *
     *     Fig.7-13; Stochastic stream tube model with a random v      *
     *     Reactive solute, Effect of corretation v-Kd (=-1)           *
     *                                                                 *
     *     DATA INPUT FILE:  FIG7-13.IN                                *
     *                                                                 *
     *******************************************************************


     MODEL DESCRIPTION
     =================
        STOCHASTIC EQUILIBRIUM CDE WITH VARIABLE V & Kd (MODE=3)
         SD.D=0, LOCAL SCALE DISPERSION IS CONSTANT EVERYWHERE
          <R> = 1+RHO*<Kd>/THETA =    5.0000,  RHO/THETA =    4.0000
        ENSEMBLE AVERAGE OF RESIDENT CONCENTRATION (THIRD-TYPE INPUT)
        REAL TIME (t), POSITION(x)
          (D,V,mu, AND gamma ARE ALSO DIMENSIONAL)


     INITIAL VALUES OF COEFFICIENTS
     ==============================
     NAME        INITIAL VALUE
      <V>......     .5000E+02
      <D>......     .2000E+02
      <Kd>.....     .1000E+01
      mu1......     .0000E+00
      SD.v.....     .5000E+00
      SD.Kd....     .2000E+00
      SD.D.....     .0000E+00
     RhovKd....    -.1000E+01


     BOUNDARY, INITIAL, AND PRODUCTION CONDITIONS
     ===========================================
       DIRAC DELTA INPUT , MASS =   1.0000
         AMOUNT OF SOLUTE DEPENDS ON LOCAL V  (input=V delta/<V>)
       SOLUTE FREE INITIAL CONDITION
       NO PRODUCTION TERM


$ T=  5.00000     (CONC. VS. DEPTH)
$ Sum(C*dZ) =      9.79722
$    Z          <C>          VAR(C)
      .0000   .35540E-03   .43351E-05
     1.5000   .87166E-03   .18493E-04
     3.0000   .17555E-02   .56889E-04
     4.5000   .31346E-02   .14149E-03
     6.0000   .51302E-02   .30098E-03
     7.5000   .78395E-02   .56664E-03
     9.0000   .11321E-01   .96689E-03
    10.5000   .15587E-01   .15222E-02
    12.0000   .20598E-01   .22410E-02
    13.5000   .26271E-01   .31199E-02
    15.0000   .32490E-01   .41460E-02
    16.5000   .39118E-01   .53006E-02
    18.0000   .46006E-01   .65621E-02
    19.5000   .53009E-01   .79091E-02
    21.0000   .59989E-01   .93226E-02
    22.5000   .66823E-01   .10787E-01
    24.0000   .73406E-01   .12289E-01
    25.5000   .79653E-01   .13821E-01
    27.0000   .85499E-01   .15374E-01
    28.5000   .90896E-01   .16944E-01
    30.0000   .95811E-01   .18525E-01
    31.5000   .10023E+00   .20112E-01
    33.0000   .10414E+00   .21702E-01
    34.5000   .10754E+00   .23289E-01
    36.0000   .11046E+00   .24867E-01
    37.5000   .11290E+00   .26432E-01
    39.0000   .11489E+00   .27975E-01
    40.5000   .11645E+00   .29492E-01
    42.0000   .11761E+00   .30976E-01
    43.5000   .11839E+00   .32421E-01
    45.0000   .11883E+00   .33820E-01
    46.5000   .11895E+00   .35169E-01
    48.0000   .11878E+00   .36463E-01
    49.5000   .11835E+00   .37696E-01
    51.0000   .11768E+00   .38866E-01
    52.5000   .11679E+00   .39969E-01
    54.0000   .11571E+00   .41003E-01
    55.5000   .11447E+00   .41965E-01
    57.0000   .11307E+00   .42854E-01
    58.5000   .11155E+00   .43670E-01
    60.0000   .10991E+00   .44412E-01
    61.5000   .10817E+00   .45081E-01
    63.0000   .10635E+00   .45678E-01
    64.5000   .10447E+00   .46202E-01
    66.0000   .10253E+00   .46657E-01
    67.5000   .10054E+00   .47044E-01
    69.0000   .98513E-01   .47364E-01
    70.5000   .96463E-01   .47620E-01
    72.0000   .94396E-01   .47815E-01
    73.5000   .92318E-01   .47950E-01
    75.0000   .90236E-01   .48029E-01
    76.5000   .88157E-01   .48053E-01
    78.0000   .86085E-01   .48027E-01
    79.5000   .84025E-01   .47952E-01
    81.0000   .81982E-01   .47831E-01
    82.5000   .79958E-01   .47668E-01
    84.0000   .77958E-01   .47464E-01
    85.5000   .75983E-01   .47222E-01
    87.0000   .74037E-01   .46945E-01
    88.5000   .72121E-01   .46635E-01
    90.0000   .70237E-01   .46295E-01
    91.5000   .68386E-01   .45927E-01
    93.0000   .66570E-01   .45533E-01
    94.5000   .64789E-01   .45116E-01
    96.0000   .63044E-01   .44677E-01
    97.5000   .61336E-01   .44218E-01
    99.0000   .59666E-01   .43742E-01
   100.5000   .58032E-01   .43251E-01
   102.0000   .56437E-01   .42745E-01
   103.5000   .54878E-01   .42226E-01
   105.0000   .53358E-01   .41697E-01
   106.5000   .51874E-01   .41158E-01
   108.0000   .50427E-01   .40610E-01
   109.5000   .49017E-01   .40056E-01
   111.0000   .47643E-01   .39496E-01
   112.5000   .46304E-01   .38931E-01
   114.0000   .45001E-01   .38362E-01
   115.5000   .43733E-01   .37791E-01
   117.0000   .42498E-01   .37219E-01
   118.5000   .41297E-01   .36645E-01
   120.0000   .40129E-01   .36071E-01
   121.5000   .38992E-01   .35498E-01
   123.0000   .37888E-01   .34926E-01
   124.5000   .36814E-01   .34356E-01
   126.0000   .35770E-01   .33788E-01
   127.5000   .34755E-01   .33224E-01
   129.0000   .33770E-01   .32663E-01
   130.5000   .32812E-01   .32105E-01
   132.0000   .31882E-01   .31553E-01
   133.5000   .30978E-01   .31005E-01
   135.0000   .30101E-01   .30461E-01
   136.5000   .29248E-01   .29924E-01
   138.0000   .28421E-01   .29391E-01
   139.5000   .27617E-01   .28865E-01
   141.0000   .26837E-01   .28345E-01
   142.5000   .26079E-01   .27831E-01
   144.0000   .25344E-01   .27323E-01
   145.5000   .24630E-01   .26822E-01
   147.0000   .23937E-01   .26328E-01
   148.5000   .23264E-01   .25840E-01
   150.0000   .22611E-01   .25359E-01
$

     *******************************************************************
     *                                                                 *
     *     CXTFIT VERSION 2.0 (1/2/95)                                 *
     *     ANALYTICAL SOLUTIONS FOR ONE-DIMENSIONAL CDE                *
     *     DIRECT PROBLRM                                              *
     *                                                                 *
     *     Fig.7-13; Stochastic stream tube model with a random v      *
     *     Reactive solute, Effect of corretation v-Kd (=0)            *
     *                                                                 *
     *     DATA INPUT FILE:  FIG7-13.IN                                *
     *                                                                 *
     *******************************************************************


     MODEL DESCRIPTION
     =================
        STOCHASTIC EQUILIBRIUM CDE WITH VARIABLE V & Kd (MODE=3)
         SD.D=0, LOCAL SCALE DISPERSION IS CONSTANT EVERYWHERE
          <R> = 1+RHO*<Kd>/THETA =    5.0000,  RHO/THETA =    4.0000
        ENSEMBLE AVERAGE OF RESIDENT CONCENTRATION (THIRD-TYPE INPUT)
        REAL TIME (t), POSITION(x)
          (D,V,mu, AND gamma ARE ALSO DIMENSIONAL)


     INITIAL VALUES OF COEFFICIENTS
     ==============================
     NAME        INITIAL VALUE
      <V>......     .5000E+02
      <D>......     .2000E+02
      <Kd>.....     .1000E+01
      mu1......     .0000E+00
      SD.v.....     .5000E+00
      SD.Kd....     .2000E+00
      SD.D.....     .0000E+00
     RhovKd....     .0000E+00


     BOUNDARY, INITIAL, AND PRODUCTION CONDITIONS
     ===========================================
       DIRAC DELTA INPUT , MASS =   1.0000
         AMOUNT OF SOLUTE DEPENDS ON LOCAL V  (input=V delta/<V>)
       SOLUTE FREE INITIAL CONDITION
       NO PRODUCTION TERM


$ T=  5.00000     (CONC. VS. DEPTH)
$ Sum(C*dZ) =      9.86780
$    Z          <C>          VAR(C)
      .0000   .17254E-03   .15230E-05
     1.5000   .41495E-03   .61167E-05
     3.0000   .84484E-03   .19031E-04
     4.5000   .15526E-02   .49807E-04
     6.0000   .26475E-02   .11427E-03
     7.5000   .42522E-02   .23552E-03
     9.0000   .64924E-02   .44342E-03
    10.5000   .94846E-02   .77189E-03
    12.0000   .13322E-01   .12545E-02
    13.5000   .18064E-01   .19191E-02
    15.0000   .23725E-01   .27830E-02
    16.5000   .30271E-01   .38506E-02
    18.0000   .37624E-01   .51127E-02
    19.5000   .45661E-01   .65484E-02
    21.0000   .54228E-01   .81296E-02
    22.5000   .63149E-01   .98248E-02
    24.0000   .72237E-01   .11604E-01
    25.5000   .81307E-01   .13440E-01
    27.0000   .90185E-01   .15314E-01
    28.5000   .98714E-01   .17211E-01
    30.0000   .10676E+00   .19123E-01
    31.5000   .11421E+00   .21047E-01
    33.0000   .12097E+00   .22980E-01
    34.5000   .12700E+00   .24921E-01
    36.0000   .13225E+00   .26868E-01
    37.5000   .13671E+00   .28818E-01
    39.0000   .14038E+00   .30764E-01
    40.5000   .14328E+00   .32698E-01
    42.0000   .14543E+00   .34610E-01
    43.5000   .14687E+00   .36489E-01
    45.0000   .14764E+00   .38320E-01
    46.5000   .14781E+00   .40091E-01
    48.0000   .14740E+00   .41788E-01
    49.5000   .14649E+00   .43399E-01
    51.0000   .14512E+00   .44910E-01
    52.5000   .14334E+00   .46313E-01
    54.0000   .14121E+00   .47598E-01
    55.5000   .13876E+00   .48758E-01
    57.0000   .13605E+00   .49788E-01
    58.5000   .13312E+00   .50685E-01
    60.0000   .13000E+00   .51447E-01
    61.5000   .12673E+00   .52074E-01
    63.0000   .12335E+00   .52567E-01
    64.5000   .11988E+00   .52930E-01
    66.0000   .11634E+00   .53166E-01
    67.5000   .11277E+00   .53279E-01
    69.0000   .10917E+00   .53276E-01
    70.5000   .10558E+00   .53162E-01
    72.0000   .10201E+00   .52945E-01
    73.5000   .98466E-01   .52631E-01
    75.0000   .94964E-01   .52227E-01
    76.5000   .91516E-01   .51740E-01
    78.0000   .88129E-01   .51178E-01
    79.5000   .84811E-01   .50548E-01
    81.0000   .81568E-01   .49856E-01
    82.5000   .78404E-01   .49110E-01
    84.0000   .75324E-01   .48315E-01
    85.5000   .72330E-01   .47478E-01
    87.0000   .69423E-01   .46605E-01
    88.5000   .66607E-01   .45700E-01
    90.0000   .63880E-01   .44770E-01
    91.5000   .61245E-01   .43819E-01
    93.0000   .58699E-01   .42852E-01
    94.5000   .56243E-01   .41872E-01
    96.0000   .53875E-01   .40884E-01
    97.5000   .51594E-01   .39891E-01
    99.0000   .49400E-01   .38896E-01
   100.5000   .47289E-01   .37902E-01
   102.0000   .45260E-01   .36911E-01
   103.5000   .43311E-01   .35935E-01
   105.0000   .41440E-01   .34950E-01
   106.5000   .39645E-01   .33984E-01
   108.0000   .37923E-01   .33029E-01
   109.5000   .36272E-01   .32087E-01
   111.0000   .34689E-01   .31159E-01
   112.5000   .33174E-01   .30246E-01
   114.0000   .31722E-01   .29350E-01
   115.5000   .30332E-01   .28471E-01
   117.0000   .29002E-01   .27610E-01
   118.5000   .27729E-01   .26767E-01
   120.0000   .26511E-01   .25942E-01
   121.5000   .25347E-01   .25136E-01
   123.0000   .24233E-01   .24350E-01
   124.5000   .23168E-01   .23583E-01
   126.0000   .22150E-01   .22835E-01
   127.5000   .21176E-01   .22107E-01
   129.0000   .20246E-01   .21398E-01
   130.5000   .19357E-01   .20708E-01
   132.0000   .18508E-01   .20037E-01
   133.5000   .17696E-01   .19386E-01
   135.0000   .16921E-01   .18752E-01
   136.5000   .16180E-01   .18138E-01
   138.0000   .15472E-01   .17541E-01
   139.5000   .14796E-01   .16962E-01
   141.0000   .14151E-01   .16401E-01
   142.5000   .13534E-01   .15857E-01
   144.0000   .12945E-01   .15330E-01
   145.5000   .12382E-01   .14819E-01
   147.0000   .11844E-01   .14324E-01
   148.5000   .11331E-01   .13845E-01
   150.0000   .10841E-01   .13381E-01
