$

     *******************************************************************
     *                                                                 *
     *     CXTFIT VERSION 2.0 (1/2/95)                                 *
     *     ANALYTICAL SOLUTIONS FOR ONE-DIMENSIONAL CDE                *
     *     DIRECT PROBLRM                                              *
     *                                                                 *
     *     Fig.7-1: The deterministic CDE (BVP+PVP)                    *
     *       Effect of the first-decay constant (Mu=0)                 *
     *                                                                 *
     *     DATA INPUT FILE:  FIG7-1.IN                                 *
     *                                                                 *
     *******************************************************************


     MODEL DESCRIPTION
     =================
        DETERMINISTIC EQUILIBRIUM CDE (MODE=1)
        RESIDENT CONCENTRATION (THIRD-TYPE INPUT)
        REAL TIME (t), POSITION(x)
          (D,V,mu, AND gamma ARE ALSO DIMENSIONAL)


     INITIAL VALUES OF COEFFICIENTS
     ==============================
     NAME        INITIAL VALUE
      V........     .2500E+02
      D........     .3750E+02
      R........     .3000E+01
      mu.......     .0000E+00


     BOUNDARY, INITIAL, AND PRODUCTION CONDITIONS
     ===========================================
       SINGLE PULSE OF CONC. =    1.0000 & DURATION =    5.0000
       SOLUTE FREE INITIAL CONDITION
       CONSTANT PRODUCTION   GAMMA =     .5000


$ T=  7.50000    (RESIDENT AND TOTAL RESIDENT CONC. VS. DEPTH)
$ Sum(C*dZ) =   127.59297   Sum(Ct*dZ) =   382.77890 (TOTAL MASS)
$    Z          C           Ct (=R*C)
      .0000   .31515E-01   .94546E-01
     1.0000   .52780E-01   .15834E+00
     2.0000   .74677E-01   .22403E+00
     3.0000   .97425E-01   .29227E+00
     4.0000   .12129E+00   .36386E+00
     5.0000   .14658E+00   .43973E+00
     6.0000   .17364E+00   .52091E+00
     7.0000   .20286E+00   .60857E+00
     8.0000   .23464E+00   .70392E+00
     9.0000   .26939E+00   .80817E+00
    10.0000   .30749E+00   .92248E+00
    11.0000   .34929E+00   .10479E+01
    12.0000   .39505E+00   .11852E+01
    13.0000   .44403E+00   .13321E+01
    14.0000   .49780E+00   .14934E+01
    15.0000   .55558E+00   .16667E+01
    16.0000   .61712E+00   .18514E+01
    17.0000   .68200E+00   .20460E+01
    18.0000   .74967E+00   .22490E+01
    19.0000   .81944E+00   .24583E+01
    20.0000   .89052E+00   .26716E+01
    21.0000   .96208E+00   .28862E+01
    22.0000   .10332E+01   .30997E+01
    23.0000   .11031E+01   .33094E+01
    24.0000   .11710E+01   .35130E+01
    25.0000   .12361E+01   .37083E+01
    26.0000   .12979E+01   .38936E+01
    27.0000   .13559E+01   .40676E+01
    28.0000   .14097E+01   .42292E+01
    29.0000   .14594E+01   .43782E+01
    30.0000   .15048E+01   .45143E+01
    31.0000   .15460E+01   .46379E+01
    32.0000   .15831E+01   .47494E+01
    33.0000   .16165E+01   .48496E+01
    34.0000   .16464E+01   .49393E+01
    35.0000   .16731E+01   .50194E+01
    36.0000   .16970E+01   .50909E+01
    37.0000   .17182E+01   .51545E+01
    38.0000   .17370E+01   .52111E+01
    39.0000   .17537E+01   .52611E+01
    40.0000   .17684E+01   .53052E+01
    41.0000   .17812E+01   .53437E+01
    42.0000   .17923E+01   .53770E+01
    43.0000   .18017E+01   .54050E+01
    44.0000   .18093E+01   .54280E+01
    45.0000   .18153E+01   .54460E+01
    46.0000   .18197E+01   .54590E+01
    47.0000   .18223E+01   .54668E+01
    48.0000   .18231E+01   .54694E+01
    49.0000   .18223E+01   .54668E+01
    50.0000   .18197E+01   .54590E+01
    51.0000   .18153E+01   .54458E+01
    52.0000   .18091E+01   .54274E+01
    53.0000   .18013E+01   .54039E+01
    54.0000   .17917E+01   .53752E+01
    55.0000   .17806E+01   .53417E+01
    56.0000   .17678E+01   .53035E+01
    57.0000   .17536E+01   .52609E+01
    58.0000   .17381E+01   .52142E+01
    59.0000   .17213E+01   .51638E+01
    60.0000   .17034E+01   .51101E+01
    61.0000   .16845E+01   .50534E+01
    62.0000   .16648E+01   .49944E+01
    63.0000   .16445E+01   .49334E+01
    64.0000   .16236E+01   .48709E+01
    65.0000   .16025E+01   .48075E+01
    66.0000   .15812E+01   .47436E+01
    67.0000   .15599E+01   .46798E+01
    68.0000   .15388E+01   .46164E+01
    69.0000   .15180E+01   .45540E+01
    70.0000   .14976E+01   .44929E+01
    71.0000   .14778E+01   .44335E+01
    72.0000   .14587E+01   .43761E+01
    73.0000   .14403E+01   .43210E+01
    74.0000   .14228E+01   .42685E+01
    75.0000   .14062E+01   .42187E+01
    76.0000   .13906E+01   .41718E+01
    77.0000   .13760E+01   .41279E+01
    78.0000   .13623E+01   .40870E+01
    79.0000   .13497E+01   .40492E+01
    80.0000   .13381E+01   .40144E+01
    81.0000   .13275E+01   .39825E+01
    82.0000   .13179E+01   .39536E+01
    83.0000   .13091E+01   .39274E+01
    84.0000   .13013E+01   .39038E+01
    85.0000   .12943E+01   .38828E+01
    86.0000   .12880E+01   .38641E+01
    87.0000   .12825E+01   .38475E+01
    88.0000   .12777E+01   .38330E+01
    89.0000   .12734E+01   .38203E+01
    90.0000   .12697E+01   .38092E+01
    91.0000   .12666E+01   .37997E+01
    92.0000   .12638E+01   .37914E+01
    93.0000   .12615E+01   .37844E+01
    94.0000   .12595E+01   .37784E+01
    95.0000   .12578E+01   .37734E+01
    96.0000   .12564E+01   .37691E+01
    97.0000   .12552E+01   .37656E+01
    98.0000   .12542E+01   .37626E+01
    99.0000   .12534E+01   .37602E+01
   100.0000   .12527E+01   .37582E+01
$

     *******************************************************************
     *                                                                 *
     *     CXTFIT VERSION 2.0 (1/2/95)                                 *
     *     ANALYTICAL SOLUTIONS FOR ONE-DIMENSIONAL CDE                *
     *     DIRECT PROBLRM                                              *
     *                                                                 *
     *     Fig.7-1: The deterministic CDE (BVP+PVP)                    *
     *       Effect of the first-decay constant (Mu=0.25)              *
     *                                                                 *
     *     DATA INPUT FILE:  FIG7-1.IN                                 *
     *                                                                 *
     *******************************************************************


     MODEL DESCRIPTION
     =================
        DETERMINISTIC EQUILIBRIUM CDE (MODE=1)
        RESIDENT CONCENTRATION (THIRD-TYPE INPUT)
        REAL TIME (t), POSITION(x)
          (D,V,mu, AND gamma ARE ALSO DIMENSIONAL)


     INITIAL VALUES OF COEFFICIENTS
     ==============================
     NAME        INITIAL VALUE
      V........     .2500E+02
      D........     .3750E+02
      R........     .3000E+01
      mu.......     .2500E+00


     BOUNDARY, INITIAL, AND PRODUCTION CONDITIONS
     ===========================================
       SINGLE PULSE OF CONC. =    1.0000 & DURATION =    5.0000
       SOLUTE FREE INITIAL CONDITION
       CONSTANT PRODUCTION   GAMMA =     .5000


$ T=  7.50000    (RESIDENT AND TOTAL RESIDENT CONC. VS. DEPTH)
$ Sum(C*dZ) =    94.56798   Sum(Ct*dZ) =   283.70394 (TOTAL MASS)
$    Z          C           Ct (=R*C)
      .0000   .30308E-01   .90924E-01
     1.0000   .50615E-01   .15185E+00
     2.0000   .71222E-01   .21367E+00
     3.0000   .92298E-01   .27689E+00
     4.0000   .11405E+00   .34215E+00
     5.0000   .13671E+00   .41014E+00
     6.0000   .16056E+00   .48167E+00
     7.0000   .18587E+00   .55761E+00
     8.0000   .21296E+00   .63889E+00
     9.0000   .24213E+00   .72640E+00
    10.0000   .27367E+00   .82100E+00
    11.0000   .30781E+00   .92343E+00
    12.0000   .34474E+00   .10342E+01
    13.0000   .38436E+00   .11531E+01
    14.0000   .42704E+00   .12811E+01
    15.0000   .47250E+00   .14175E+01
    16.0000   .52052E+00   .15616E+01
    17.0000   .57075E+00   .17123E+01
    18.0000   .62273E+00   .18682E+01
    19.0000   .67589E+00   .20277E+01
    20.0000   .72960E+00   .21888E+01
    21.0000   .78320E+00   .23496E+01
    22.0000   .83597E+00   .25079E+01
    23.0000   .88727E+00   .26618E+01
    24.0000   .93647E+00   .28094E+01
    25.0000   .98303E+00   .29491E+01
    26.0000   .10265E+01   .30796E+01
    27.0000   .10666E+01   .31999E+01
    28.0000   .11032E+01   .33095E+01
    29.0000   .11360E+01   .34080E+01
    30.0000   .11652E+01   .34956E+01
    31.0000   .11909E+01   .35726E+01
    32.0000   .12132E+01   .36395E+01
    33.0000   .12324E+01   .36971E+01
    34.0000   .12488E+01   .37463E+01
    35.0000   .12626E+01   .37877E+01
    36.0000   .12741E+01   .38224E+01
    37.0000   .12837E+01   .38511E+01
    38.0000   .12915E+01   .38746E+01
    39.0000   .12978E+01   .38934E+01
    40.0000   .13027E+01   .39080E+01
    41.0000   .13063E+01   .39190E+01
    42.0000   .13089E+01   .39266E+01
    43.0000   .13104E+01   .39311E+01
    44.0000   .13109E+01   .39327E+01
    45.0000   .13104E+01   .39313E+01
    46.0000   .13091E+01   .39272E+01
    47.0000   .13068E+01   .39204E+01
    48.0000   .13036E+01   .39109E+01
    49.0000   .12996E+01   .38987E+01
    50.0000   .12946E+01   .38837E+01
    51.0000   .12887E+01   .38662E+01
    52.0000   .12820E+01   .38461E+01
    53.0000   .12745E+01   .38234E+01
    54.0000   .12661E+01   .37983E+01
    55.0000   .12569E+01   .37708E+01
    56.0000   .12471E+01   .37412E+01
    57.0000   .12365E+01   .37095E+01
    58.0000   .12253E+01   .36760E+01
    59.0000   .12136E+01   .36409E+01
    60.0000   .12014E+01   .36043E+01
    61.0000   .11889E+01   .35666E+01
    62.0000   .11760E+01   .35280E+01
    63.0000   .11629E+01   .34888E+01
    64.0000   .11497E+01   .34491E+01
    65.0000   .11365E+01   .34094E+01
    66.0000   .11232E+01   .33697E+01
    67.0000   .11102E+01   .33305E+01
    68.0000   .10973E+01   .32919E+01
    69.0000   .10847E+01   .32542E+01
    70.0000   .10725E+01   .32175E+01
    71.0000   .10607E+01   .31821E+01
    72.0000   .10494E+01   .31481E+01
    73.0000   .10386E+01   .31157E+01
    74.0000   .10283E+01   .30849E+01
    75.0000   .10186E+01   .30558E+01
    76.0000   .10095E+01   .30285E+01
    77.0000   .10010E+01   .30031E+01
    78.0000   .99316E+00   .29795E+01
    79.0000   .98590E+00   .29577E+01
    80.0000   .97925E+00   .29377E+01
    81.0000   .97318E+00   .29195E+01
    82.0000   .96767E+00   .29030E+01
    83.0000   .96271E+00   .28881E+01
    84.0000   .95825E+00   .28748E+01
    85.0000   .95428E+00   .28628E+01
    86.0000   .95076E+00   .28523E+01
    87.0000   .94765E+00   .28429E+01
    88.0000   .94492E+00   .28348E+01
    89.0000   .94254E+00   .28276E+01
    90.0000   .94047E+00   .28214E+01
    91.0000   .93868E+00   .28161E+01
    92.0000   .93715E+00   .28115E+01
    93.0000   .93585E+00   .28075E+01
    94.0000   .93473E+00   .28042E+01
    95.0000   .93380E+00   .28014E+01
    96.0000   .93301E+00   .27990E+01
    97.0000   .93235E+00   .27971E+01
    98.0000   .93180E+00   .27954E+01
    99.0000   .93135E+00   .27941E+01
   100.0000   .93098E+00   .27929E+01
$

     *******************************************************************
     *                                                                 *
     *     CXTFIT VERSION 2.0 (1/2/95)                                 *
     *     ANALYTICAL SOLUTIONS FOR ONE-DIMENSIONAL CDE                *
     *     DIRECT PROBLRM                                              *
     *                                                                 *
     *     Fig.7-1: The deterministic CDE (BVP+PVP)                    *
     *       Effect of the first-decay constant (Mu=0.5)               *
     *                                                                 *
     *     DATA INPUT FILE:  FIG7-1.IN                                 *
     *                                                                 *
     *******************************************************************


     MODEL DESCRIPTION
     =================
        DETERMINISTIC EQUILIBRIUM CDE (MODE=1)
        RESIDENT CONCENTRATION (THIRD-TYPE INPUT)
        REAL TIME (t), POSITION(x)
          (D,V,mu, AND gamma ARE ALSO DIMENSIONAL)


     INITIAL VALUES OF COEFFICIENTS
     ==============================
     NAME        INITIAL VALUE
      V........     .2500E+02
      D........     .3750E+02
      R........     .3000E+01
      mu.......     .5000E+00


     BOUNDARY, INITIAL, AND PRODUCTION CONDITIONS
     ===========================================
       SINGLE PULSE OF CONC. =    1.0000 & DURATION =    5.0000
       SOLUTE FREE INITIAL CONDITION
       CONSTANT PRODUCTION   GAMMA =     .5000


$ T=  7.50000    (RESIDENT AND TOTAL RESIDENT CONC. VS. DEPTH)
$ Sum(C*dZ) =    72.21285   Sum(Ct*dZ) =   216.63854 (TOTAL MASS)
$    Z          C           Ct (=R*C)
      .0000   .29238E-01   .87715E-01
     1.0000   .48701E-01   .14610E+00
     2.0000   .68184E-01   .20455E+00
     3.0000   .87823E-01   .26347E+00
     4.0000   .10778E+00   .32335E+00
     5.0000   .12825E+00   .38475E+00
     6.0000   .14944E+00   .44831E+00
     7.0000   .17157E+00   .51471E+00
     8.0000   .19489E+00   .58466E+00
     9.0000   .21962E+00   .65886E+00
    10.0000   .24598E+00   .73795E+00
    11.0000   .27416E+00   .82249E+00
    12.0000   .30350E+00   .91051E+00
    13.0000   .33627E+00   .10088E+01
    14.0000   .37038E+00   .11112E+01
    15.0000   .40640E+00   .12192E+01
    16.0000   .44413E+00   .13324E+01
    17.0000   .48328E+00   .14498E+01
    18.0000   .52347E+00   .15704E+01
    19.0000   .56425E+00   .16928E+01
    20.0000   .60513E+00   .18154E+01
    21.0000   .64555E+00   .19366E+01
    22.0000   .68498E+00   .20550E+01
    23.0000   .72291E+00   .21687E+01
    24.0000   .75886E+00   .22766E+01
    25.0000   .79243E+00   .23773E+01
    26.0000   .82329E+00   .24699E+01
    27.0000   .85122E+00   .25537E+01
    28.0000   .87611E+00   .26283E+01
    29.0000   .89790E+00   .26937E+01
    30.0000   .91666E+00   .27500E+01
    31.0000   .93252E+00   .27976E+01
    32.0000   .94566E+00   .28370E+01
    33.0000   .95630E+00   .28689E+01
    34.0000   .96470E+00   .28941E+01
    35.0000   .97112E+00   .29134E+01
    36.0000   .97581E+00   .29274E+01
    37.0000   .97901E+00   .29370E+01
    38.0000   .98094E+00   .29428E+01
    39.0000   .98179E+00   .29454E+01
    40.0000   .98172E+00   .29452E+01
    41.0000   .98086E+00   .29426E+01
    42.0000   .97933E+00   .29380E+01
    43.0000   .97719E+00   .29316E+01
    44.0000   .97451E+00   .29235E+01
    45.0000   .97134E+00   .29140E+01
    46.0000   .96771E+00   .29031E+01
    47.0000   .96363E+00   .28909E+01
    48.0000   .95913E+00   .28774E+01
    49.0000   .95422E+00   .28627E+01
    50.0000   .94891E+00   .28467E+01
    51.0000   .94320E+00   .28296E+01
    52.0000   .93712E+00   .28114E+01
    53.0000   .93067E+00   .27920E+01
    54.0000   .92388E+00   .27716E+01
    55.0000   .91677E+00   .27503E+01
    56.0000   .90936E+00   .27281E+01
    57.0000   .90169E+00   .27051E+01
    58.0000   .89379E+00   .26814E+01
    59.0000   .88570E+00   .26571E+01
    60.0000   .87746E+00   .26324E+01
    61.0000   .86910E+00   .26073E+01
    62.0000   .86069E+00   .25821E+01
    63.0000   .85225E+00   .25567E+01
    64.0000   .84384E+00   .25315E+01
    65.0000   .83551E+00   .25065E+01
    66.0000   .82729E+00   .24819E+01
    67.0000   .81923E+00   .24577E+01
    68.0000   .81136E+00   .24341E+01
    69.0000   .80374E+00   .24112E+01
    70.0000   .79638E+00   .23891E+01
    71.0000   .78931E+00   .23679E+01
    72.0000   .78257E+00   .23477E+01
    73.0000   .77617E+00   .23285E+01
    74.0000   .77013E+00   .23104E+01
    75.0000   .76445E+00   .22934E+01
    76.0000   .75915E+00   .22774E+01
    77.0000   .75422E+00   .22627E+01
    78.0000   .74967E+00   .22490E+01
    79.0000   .74548E+00   .22365E+01
    80.0000   .74166E+00   .22250E+01
    81.0000   .73818E+00   .22145E+01
    82.0000   .73503E+00   .22051E+01
    83.0000   .73220E+00   .21966E+01
    84.0000   .72967E+00   .21890E+01
    85.0000   .72742E+00   .21822E+01
    86.0000   .72542E+00   .21763E+01
    87.0000   .72366E+00   .21710E+01
    88.0000   .72213E+00   .21664E+01
    89.0000   .72079E+00   .21624E+01
    90.0000   .71962E+00   .21589E+01
    91.0000   .71862E+00   .21559E+01
    92.0000   .71777E+00   .21533E+01
    93.0000   .71703E+00   .21511E+01
    94.0000   .71641E+00   .21492E+01
    95.0000   .71589E+00   .21477E+01
    96.0000   .71545E+00   .21464E+01
    97.0000   .71509E+00   .21453E+01
    98.0000   .71478E+00   .21443E+01
    99.0000   .71453E+00   .21436E+01
   100.0000   .71432E+00   .21430E+01
$

     *******************************************************************
     *                                                                 *
     *     CXTFIT VERSION 2.0 (1/2/95)                                 *
     *     ANALYTICAL SOLUTIONS FOR ONE-DIMENSIONAL CDE                *
     *     DIRECT PROBLRM                                              *
     *                                                                 *
     *     Fig.7-1: The deterministic CDE (BVP+PVP)                    *
     *       Effect of the first-decay constant (Mu=1.0)               *
     *                                                                 *
     *     DATA INPUT FILE:  FIG7-1.IN                                 *
     *                                                                 *
     *******************************************************************


     MODEL DESCRIPTION
     =================
        DETERMINISTIC EQUILIBRIUM CDE (MODE=1)
        RESIDENT CONCENTRATION (THIRD-TYPE INPUT)
        REAL TIME (t), POSITION(x)
          (D,V,mu, AND gamma ARE ALSO DIMENSIONAL)


     INITIAL VALUES OF COEFFICIENTS
     ==============================
     NAME        INITIAL VALUE
      V........     .2500E+02
      D........     .3750E+02
      R........     .3000E+01
      mu.......     .1000E+01


     BOUNDARY, INITIAL, AND PRODUCTION CONDITIONS
     ===========================================
       SINGLE PULSE OF CONC. =    1.0000 & DURATION =    5.0000
       SOLUTE FREE INITIAL CONDITION
       CONSTANT PRODUCTION   GAMMA =     .5000


$ T=  7.50000    (RESIDENT AND TOTAL RESIDENT CONC. VS. DEPTH)
$ Sum(C*dZ) =    45.79709   Sum(Ct*dZ) =   137.39127 (TOTAL MASS)
$    Z          C           Ct (=R*C)
      .0000   .27418E-01   .82254E-01
     1.0000   .45455E-01   .13636E+00
     2.0000   .63068E-01   .18921E+00
     3.0000   .80362E-01   .24109E+00
     4.0000   .97452E-01   .29236E+00
     5.0000   .11447E+00   .34341E+00
     6.0000   .13156E+00   .39468E+00
     7.0000   .14887E+00   .44661E+00
     8.0000   .16656E+00   .49967E+00
     9.0000   .18477E+00   .55430E+00
    10.0000   .20364E+00   .61092E+00
    11.0000   .22305E+00   .66916E+00
    12.0000   .24348E+00   .73045E+00
    13.0000   .26507E+00   .79522E+00
    14.0000   .28733E+00   .86198E+00
    15.0000   .31039E+00   .93116E+00
    16.0000   .33413E+00   .10024E+01
    17.0000   .35836E+00   .10751E+01
    18.0000   .38286E+00   .11486E+01
    19.0000   .40733E+00   .12220E+01
    20.0000   .43146E+00   .12944E+01
    21.0000   .45492E+00   .13648E+01
    22.0000   .47740E+00   .14322E+01
    23.0000   .49859E+00   .14958E+01
    24.0000   .51821E+00   .15546E+01
    25.0000   .53605E+00   .16081E+01
    26.0000   .55193E+00   .16558E+01
    27.0000   .56576E+00   .16973E+01
    28.0000   .57749E+00   .17325E+01
    29.0000   .58716E+00   .17615E+01
    30.0000   .59482E+00   .17845E+01
    31.0000   .60062E+00   .18018E+01
    32.0000   .60469E+00   .18141E+01
    33.0000   .60723E+00   .18217E+01
    34.0000   .60843E+00   .18253E+01
    35.0000   .60847E+00   .18254E+01
    36.0000   .60755E+00   .18227E+01
    37.0000   .60585E+00   .18175E+01
    38.0000   .60352E+00   .18105E+01
    39.0000   .60069E+00   .18021E+01
    40.0000   .59750E+00   .17925E+01
    41.0000   .59403E+00   .17821E+01
    42.0000   .59036E+00   .17711E+01
    43.0000   .58655E+00   .17596E+01
    44.0000   .58265E+00   .17479E+01
    45.0000   .57869E+00   .17361E+01
    46.0000   .57469E+00   .17241E+01
    47.0000   .57067E+00   .17120E+01
    48.0000   .56665E+00   .17000E+01
    49.0000   .56263E+00   .16879E+01
    50.0000   .55861E+00   .16758E+01
    51.0000   .55459E+00   .16638E+01
    52.0000   .55059E+00   .16518E+01
    53.0000   .54660E+00   .16398E+01
    54.0000   .54263E+00   .16279E+01
    55.0000   .53868E+00   .16160E+01
    56.0000   .53476E+00   .16043E+01
    57.0000   .53087E+00   .15926E+01
    58.0000   .52702E+00   .15811E+01
    59.0000   .52322E+00   .15696E+01
    60.0000   .51947E+00   .15584E+01
    61.0000   .51579E+00   .15474E+01
    62.0000   .51218E+00   .15365E+01
    63.0000   .50865E+00   .15260E+01
    64.0000   .50522E+00   .15157E+01
    65.0000   .50189E+00   .15057E+01
    66.0000   .49867E+00   .14960E+01
    67.0000   .49557E+00   .14867E+01
    68.0000   .49260E+00   .14778E+01
    69.0000   .48976E+00   .14693E+01
    70.0000   .48706E+00   .14612E+01
    71.0000   .48450E+00   .14535E+01
    72.0000   .48209E+00   .14463E+01
    73.0000   .47983E+00   .14395E+01
    74.0000   .47771E+00   .14331E+01
    75.0000   .47575E+00   .14272E+01
    76.0000   .47392E+00   .14218E+01
    77.0000   .47225E+00   .14167E+01
    78.0000   .47071E+00   .14121E+01
    79.0000   .46930E+00   .14079E+01
    80.0000   .46803E+00   .14041E+01
    81.0000   .46688E+00   .14006E+01
    82.0000   .46584E+00   .13975E+01
    83.0000   .46492E+00   .13948E+01
    84.0000   .46409E+00   .13923E+01
    85.0000   .46336E+00   .13901E+01
    86.0000   .46272E+00   .13882E+01
    87.0000   .46216E+00   .13865E+01
    88.0000   .46166E+00   .13850E+01
    89.0000   .46124E+00   .13837E+01
    90.0000   .46087E+00   .13826E+01
    91.0000   .46055E+00   .13817E+01
    92.0000   .46028E+00   .13809E+01
    93.0000   .46005E+00   .13802E+01
    94.0000   .45986E+00   .13796E+01
    95.0000   .45970E+00   .13791E+01
    96.0000   .45956E+00   .13787E+01
    97.0000   .45945E+00   .13783E+01
    98.0000   .45935E+00   .13781E+01
    99.0000   .45927E+00   .13778E+01
   100.0000   .45921E+00   .13776E+01
