$

     *******************************************************************
     *                                                                 *
     *     CXTFIT VERSION 2.0 (1/2/95)                                 *
     *     ANALYTICAL SOLUTIONS FOR ONE-DIMENSIONAL CDE                *
     *     DIRECT PROBLRM                                              *
     *                                                                 *
     *     Fig.7-7b. Two-site CDE (R=5, Alpha=0.08,f=0.3)              *
     *      Same Beta*R for different sets of R,Alpha,f (Pulse input)  *
     *                                                                 *
     *     DATA INPUT FILE:  FIG7-7B.IN                                *
     *                                                                 *
     *******************************************************************


     MODEL DESCRIPTION
     =================
        DETERMINISTIC NONEQUILIBRIUM CDE (MODE=2)
        FLUX-AVERAGED CONCENTRATION
        REAL TIME (t), POSITION(x)
          (D AND V ARE DIMENSIONAL;
              R,beta,omega,mu, AND gamma ARE DIMENSIONLESS)
        CHARACTERISTIC LENGTH =   50.0000
          FOR DIMENSIONLESS PARAMETERS


     INITIAL VALUES OF COEFFICIENTS
     ==============================
     NAME        INITIAL VALUE 
      V........     .2000E+02
      D........     .1000E+02
      R........     .5000E+01
      beta.....     .4400E+00
      omega....     .5600E+00
      mu1......     .0000E+00
      mu2......     .0000E+00


     BOUNDARY, INITIAL, AND PRODUCTION CONDITIONS
     ===========================================
       SINGLE PULSE OF CONC. =    1.0000 & DURATION =    5.0000
       SOLUTE FREE INITIAL CONDITION
       NO PRODUCTION TERM 
 
 
$ Z= 50.0000     (FLUX CONC. VS. TIME)
$ Sum(C1*dT)=      3.9526, Sum(C2*dT)=      2.1919
      .0000   .00000E+00   .00000E+00
      .2000   .00000E+00   .00000E+00
      .4000   .00000E+00   .00000E+00
      .6000   .00000E+00   .00000E+00
      .8000   .00000E+00   .00000E+00
     1.0000   .00000E+00   .00000E+00
     1.2000   .00000E+00   .00000E+00
     1.4000   .00000E+00   .00000E+00
     1.6000   .00000E+00   .00000E+00
     1.8000   .00000E+00   .00000E+00
     2.0000   .00000E+00   .00000E+00
     2.2000   .00000E+00   .00000E+00
     2.4000   .00000E+00   .00000E+00
     2.6000   .28902E-07   .00000E+00
     2.8000   .57826E-06   .00000E+00
     3.0000   .65644E-05   .40579E-07
     3.2000   .49515E-04   .38803E-06
     3.4000   .26758E-03   .24879E-05
     3.6000   .10970E-02   .11986E-04
     3.8000   .35701E-02   .45683E-04
     4.0000   .95646E-02   .14304E-03
     4.2000   .21733E-01   .37927E-03
     4.4000   .42930E-01   .87318E-03
     4.6000   .75264E-01   .17824E-02
     4.8000   .11919E+00   .32834E-02
     5.0000   .17312E+00   .55408E-02
     5.2000   .23368E+00   .86765E-02
     5.4000   .29655E+00   .12748E-01
     5.6000   .35747E+00   .17742E-01
     5.8000   .41304E+00   .23585E-01
     6.0000   .46114E+00   .30160E-01
     6.2000   .50096E+00   .37329E-01
     6.4000   .53277E+00   .44951E-01
     6.6000   .55749E+00   .52899E-01
     6.8000   .57641E+00   .61066E-01
     7.0000   .59082E+00   .69365E-01
     7.2000   .60192E+00   .77734E-01
     7.4000   .61067E+00   .86127E-01
     7.6000   .61781E+00   .94511E-01
     7.8000   .62389E+00   .10287E+00
     8.0000   .62927E+00   .11118E+00
     8.2000   .63416E+00   .11944E+00
     8.4000   .63859E+00   .12765E+00
     8.6000   .64222E+00   .13579E+00
     8.8000   .64408E+00   .14385E+00
     9.0000   .64232E+00   .15178E+00
     9.2000   .63431E+00   .15951E+00
     9.4000   .61721E+00   .16693E+00
     9.6000   .58893E+00   .17386E+00
     9.8000   .54899E+00   .18015E+00
    10.0000   .49901E+00   .18562E+00
    10.2000   .44235E+00   .19015E+00
    10.4000   .38334E+00   .19368E+00
    10.6000   .32623E+00   .19623E+00
    10.8000   .27443E+00   .19787E+00
    11.0000   .23005E+00   .19873E+00
    11.2000   .19391E+00   .19892E+00
    11.4000   .16574E+00   .19861E+00
    11.6000   .14461E+00   .19791E+00
    11.8000   .12925E+00   .19694E+00
    12.0000   .11835E+00   .19577E+00
    12.2000   .11073E+00   .19448E+00
    12.4000   .10541E+00   .19310E+00
    12.6000   .10166E+00   .19168E+00
    12.8000   .98935E-01   .19023E+00
    13.0000   .96864E-01   .18876E+00
    13.2000   .95203E-01   .18729E+00
    13.4000   .93792E-01   .18582E+00
    13.6000   .92533E-01   .18435E+00
    13.8000   .91367E-01   .18288E+00
    14.0000   .90258E-01   .18142E+00
    14.2000   .89186E-01   .17996E+00
    14.4000   .88140E-01   .17851E+00
    14.6000   .87112E-01   .17707E+00
    14.8000   .86099E-01   .17564E+00
    15.0000   .85100E-01   .17421E+00
    15.2000   .84112E-01   .17278E+00
    15.4000   .83136E-01   .17137E+00
    15.6000   .82172E-01   .16996E+00
    15.8000   .81218E-01   .16856E+00
    16.0000   .80275E-01   .16717E+00
    16.2000   .79342E-01   .16578E+00
    16.4000   .78420E-01   .16440E+00
    16.6000   .77508E-01   .16303E+00
    16.8000   .76606E-01   .16166E+00
    17.0000   .75714E-01   .16031E+00
    17.2000   .74833E-01   .15896E+00
    17.4000   .73961E-01   .15761E+00
    17.6000   .73099E-01   .15628E+00
    17.8000   .72246E-01   .15495E+00
    18.0000   .71403E-01   .15363E+00
    18.2000   .70570E-01   .15232E+00
    18.4000   .69746E-01   .15102E+00
    18.6000   .68931E-01   .14972E+00
    18.8000   .68125E-01   .14843E+00
    19.0000   .67329E-01   .14715E+00
    19.2000   .66541E-01   .14588E+00
    19.4000   .65762E-01   .14461E+00
    19.6000   .64992E-01   .14335E+00
    19.8000   .64231E-01   .14210E+00
    20.0000   .63478E-01   .14086E+00
$

     *******************************************************************
     *                                                                 *
     *     CXTFIT VERSION 2.0 (1/2/95)                                 *
     *     ANALYTICAL SOLUTIONS FOR ONE-DIMENSIONAL CDE                *
     *     DIRECT PROBLRM                                              *
     *                                                                 *
     *     Fig.7-7b. Two-site CDE (R=10,Alpha=0.028,f=0.135)           *
     *      Same Beta*R for different sets of R,Alpha,f (Pulse input)  *
     *                                                                 *
     *     DATA INPUT FILE:  FIG7-7B.IN                                *
     *                                                                 *
     *******************************************************************


     MODEL DESCRIPTION
     =================
        DETERMINISTIC NONEQUILIBRIUM CDE (MODE=2)
        FLUX-AVERAGED CONCENTRATION
        REAL TIME (t), POSITION(x)
          (D AND V ARE DIMENSIONAL;
              R,beta,omega,mu, AND gamma ARE DIMENSIONLESS)
        CHARACTERISTIC LENGTH =   50.0000
          FOR DIMENSIONLESS PARAMETERS


     INITIAL VALUES OF COEFFICIENTS
     ==============================
     NAME        INITIAL VALUE 
      V........     .2000E+02
      D........     .1000E+02
      R........     .1000E+02
      beta.....     .2200E+00
      omega....     .5500E+00
      mu1......     .0000E+00
      mu2......     .0000E+00


     BOUNDARY, INITIAL, AND PRODUCTION CONDITIONS
     ===========================================
       SINGLE PULSE OF CONC. =    1.0000 & DURATION =    5.0000
       SOLUTE FREE INITIAL CONDITION
       NO PRODUCTION TERM 
 
 
$ Z= 50.0000     (FLUX CONC. VS. TIME)
$ Sum(C1*dT)=      3.3628, Sum(C2*dT)=       .9068
      .0000   .00000E+00   .00000E+00
      .2000   .00000E+00   .00000E+00
      .4000   .00000E+00   .00000E+00
      .6000   .00000E+00   .00000E+00
      .8000   .00000E+00   .00000E+00
     1.0000   .00000E+00   .00000E+00
     1.2000   .00000E+00   .00000E+00
     1.4000   .00000E+00   .00000E+00
     1.6000   .00000E+00   .00000E+00
     1.8000   .00000E+00   .00000E+00
     2.0000   .00000E+00   .00000E+00
     2.2000   .00000E+00   .00000E+00
     2.4000   .00000E+00   .00000E+00
     2.6000   .29018E-07   .00000E+00
     2.8000   .58057E-06   .00000E+00
     3.0000   .65910E-05   .11059E-07
     3.2000   .49717E-04   .13614E-06
     3.4000   .26865E-03   .88339E-06
     3.6000   .11013E-02   .42683E-05
     3.8000   .35831E-02   .16286E-04
     4.0000   .95961E-02   .51045E-04
     4.2000   .21794E-01   .13548E-03
     4.4000   .43024E-01   .31223E-03
     4.6000   .75369E-01   .63803E-03
     4.8000   .11924E+00   .11767E-02
     5.0000   .17297E+00   .19881E-02
     5.2000   .23313E+00   .31171E-02
     5.4000   .29532E+00   .45861E-02
     5.6000   .35524E+00   .63921E-02
     5.8000   .40947E+00   .85103E-02
     6.0000   .45590E+00   .10900E-01
     6.2000   .49375E+00   .13514E-01
     6.4000   .52332E+00   .16302E-01
     6.6000   .54562E+00   .19220E-01
     6.8000   .56197E+00   .22230E-01
     7.0000   .57372E+00   .25301E-01
     7.2000   .58210E+00   .28411E-01
     7.4000   .58811E+00   .31543E-01
     7.6000   .59251E+00   .34687E-01
     7.8000   .59585E+00   .37834E-01
     8.0000   .59852E+00   .40981E-01
     8.2000   .60074E+00   .44124E-01
     8.4000   .60253E+00   .47260E-01
     8.6000   .60356E+00   .50387E-01
     8.8000   .60284E+00   .53498E-01
     9.0000   .59854E+00   .56578E-01
     9.2000   .58802E+00   .59601E-01
     9.4000   .56845E+00   .62523E-01
     9.6000   .53775E+00   .65288E-01
     9.8000   .49552E+00   .67832E-01
    10.0000   .44341E+00   .70095E-01
    10.2000   .38487E+00   .72032E-01
    10.4000   .32429E+00   .73622E-01
    10.6000   .26597E+00   .74866E-01
    10.8000   .21335E+00   .75789E-01
    11.0000   .16851E+00   .76433E-01
    11.2000   .13225E+00   .76845E-01
    11.4000   .10425E+00   .77074E-01
    11.6000   .83517E-01   .77165E-01
    11.8000   .68735E-01   .77157E-01
    12.0000   .58542E-01   .77079E-01
    12.2000   .51717E-01   .76954E-01
    12.4000   .47257E-01   .76799E-01
    12.6000   .44398E-01   .76624E-01
    12.8000   .42585E-01   .76437E-01
    13.0000   .41435E-01   .76244E-01
    13.2000   .40694E-01   .76045E-01
    13.4000   .40200E-01   .75845E-01
    13.6000   .39851E-01   .75644E-01
    13.8000   .39586E-01   .75441E-01
    14.0000   .39369E-01   .75239E-01
    14.2000   .39178E-01   .75037E-01
    14.4000   .39002E-01   .74835E-01
    14.6000   .38834E-01   .74633E-01
    14.8000   .38671E-01   .74431E-01
    15.0000   .38511E-01   .74229E-01
    15.2000   .38352E-01   .74028E-01
    15.4000   .38195E-01   .73827E-01
    15.6000   .38038E-01   .73626E-01
    15.8000   .37883E-01   .73425E-01
    16.0000   .37728E-01   .73225E-01
    16.2000   .37573E-01   .73025E-01
    16.4000   .37419E-01   .72825E-01
    16.6000   .37266E-01   .72625E-01
    16.8000   .37113E-01   .72426E-01
    17.0000   .36961E-01   .72227E-01
    17.2000   .36810E-01   .72028E-01
    17.4000   .36659E-01   .71830E-01
    17.6000   .36509E-01   .71631E-01
    17.8000   .36359E-01   .71433E-01
    18.0000   .36210E-01   .71236E-01
    18.2000   .36061E-01   .71038E-01
    18.4000   .35913E-01   .70841E-01
    18.6000   .35766E-01   .70644E-01
    18.8000   .35619E-01   .70447E-01
    19.0000   .35473E-01   .70251E-01
    19.2000   .35328E-01   .70055E-01
    19.4000   .35182E-01   .69859E-01
    19.6000   .35038E-01   .69664E-01
    19.8000   .34894E-01   .69469E-01
    20.0000   .34751E-01   .69274E-01
