 Example 2 - Grass Field Problem (Hupselse Beek 1982)                    
 
 Program SWMS_3D
 Date:  21. 7.    Time:  12:34:19
 Time dependent boundary conditions
 Units: L = cm   , T = day  , M = -    


 Time:    120.0000

    i    n    x      y      z    Code     Q          v           h       th       Qc         vc       Conc
                                       [L3/T]      [L/T]        [L]     [-]     [M/T]     [M/L2/T]   [M/L3]

    1    1     .0     .0  230.0   -4   .800E-01  -.240E+00      -84.2   .305   .000E+00   .000E+00  .000E+00
    2    2    1.0     .0  230.0   -4   .400E-01  -.240E+00      -84.2   .305   .000E+00   .000E+00  .000E+00
    3    3     .0    1.0  230.0   -4   .400E-01  -.240E+00      -84.2   .305   .000E+00   .000E+00  .000E+00
    4    4    1.0    1.0  230.0   -4   .800E-01  -.240E+00      -84.2   .305   .000E+00   .000E+00  .000E+00
    5  129     .0     .0     .0   -3  -.418E-02   .125E-01      133.2   .339   .000E+00   .000E+00  .000E+00
    6  130    1.0     .0     .0   -3  -.209E-02   .125E-01      133.2   .339   .000E+00   .000E+00  .000E+00
    7  131     .0    1.0     .0   -3  -.209E-02   .125E-01      133.2   .339   .000E+00   .000E+00  .000E+00
    8  132    1.0    1.0     .0   -3  -.418E-02   .125E-01      133.2   .339   .000E+00   .000E+00  .000E+00


 Time:    151.0000

    i    n    x      y      z    Code     Q          v           h       th       Qc         vc       Conc
                                       [L3/T]      [L/T]        [L]     [-]     [M/T]     [M/L2/T]   [M/L3]

    1    1     .0     .0  230.0   -4   .000E+00   .000E+00     -147.2   .263   .000E+00   .000E+00  .000E+00
    2    2    1.0     .0  230.0   -4   .000E+00   .000E+00     -147.2   .263   .000E+00   .000E+00  .000E+00
    3    3     .0    1.0  230.0   -4   .000E+00   .000E+00     -147.2   .263   .000E+00   .000E+00  .000E+00
    4    4    1.0    1.0  230.0   -4   .000E+00   .000E+00     -147.2   .263   .000E+00   .000E+00  .000E+00
    5  129     .0     .0     .0   -3  -.240E-02   .719E-02      110.5   .339   .000E+00   .000E+00  .000E+00
    6  130    1.0     .0     .0   -3  -.120E-02   .719E-02      110.5   .339   .000E+00   .000E+00  .000E+00
    7  131     .0    1.0     .0   -3  -.120E-02   .719E-02      110.5   .339   .000E+00   .000E+00  .000E+00
    8  132    1.0    1.0     .0   -3  -.240E-02   .719E-02      110.5   .339   .000E+00   .000E+00  .000E+00


 Time:    181.0000

    i    n    x      y      z    Code     Q          v           h       th       Qc         vc       Conc
                                       [L3/T]      [L/T]        [L]     [-]     [M/T]     [M/L2/T]   [M/L3]

    1    1     .0     .0  230.0   -4   .333E-02  -.100E-01     -108.2   .286   .000E+00   .000E+00  .000E+00
    2    2    1.0     .0  230.0   -4   .167E-02  -.100E-01     -108.2   .286   .000E+00   .000E+00  .000E+00
    3    3     .0    1.0  230.0   -4   .167E-02  -.100E-01     -108.2   .286   .000E+00   .000E+00  .000E+00
    4    4    1.0    1.0  230.0   -4   .333E-02  -.100E-01     -108.2   .286   .000E+00   .000E+00  .000E+00
    5  129     .0     .0     .0   -3  -.197E-02   .590E-02      105.5   .339   .000E+00   .000E+00  .000E+00
    6  130    1.0     .0     .0   -3  -.984E-03   .590E-02      105.5   .339   .000E+00   .000E+00  .000E+00
    7  131     .0    1.0     .0   -3  -.984E-03   .590E-02      105.5   .339   .000E+00   .000E+00  .000E+00
    8  132    1.0    1.0     .0   -3  -.197E-02   .590E-02      105.5   .339   .000E+00   .000E+00  .000E+00


 Time:    212.0000

    i    n    x      y      z    Code     Q          v           h       th       Qc         vc       Conc
                                       [L3/T]      [L/T]        [L]     [-]     [M/T]     [M/L2/T]   [M/L3]

    1    1     .0     .0  230.0   -4   .000E+00   .000E+00     -422.1   .186   .000E+00   .000E+00  .000E+00
    2    2    1.0     .0  230.0   -4   .000E+00   .000E+00     -422.3   .186   .000E+00   .000E+00  .000E+00
    3    3     .0    1.0  230.0   -4   .000E+00   .000E+00     -422.3   .186   .000E+00   .000E+00  .000E+00
    4    4    1.0    1.0  230.0   -4   .000E+00   .000E+00     -422.1   .186   .000E+00   .000E+00  .000E+00
    5  129     .0     .0     .0   -3  -.495E-03   .148E-02       52.1   .339   .000E+00   .000E+00  .000E+00
    6  130    1.0     .0     .0   -3  -.247E-03   .148E-02       52.1   .339   .000E+00   .000E+00  .000E+00
    7  131     .0    1.0     .0   -3  -.247E-03   .148E-02       52.1   .339   .000E+00   .000E+00  .000E+00
    8  132    1.0    1.0     .0   -3  -.495E-03   .148E-02       52.1   .339   .000E+00   .000E+00  .000E+00


 Time:    243.0000

    i    n    x      y      z    Code     Q          v           h       th       Qc         vc       Conc
                                       [L3/T]      [L/T]        [L]     [-]     [M/T]     [M/L2/T]   [M/L3]

    1    1     .0     .0  230.0   -4   .167E-01  -.500E-01     -206.0   .237   .000E+00   .000E+00  .000E+00
    2    2    1.0     .0  230.0   -4   .833E-02  -.500E-01     -206.0   .237   .000E+00   .000E+00  .000E+00
    3    3     .0    1.0  230.0   -4   .833E-02  -.500E-01     -206.0   .237   .000E+00   .000E+00  .000E+00
    4    4    1.0    1.0  230.0   -4   .167E-01  -.500E-01     -206.0   .237   .000E+00   .000E+00  .000E+00
    5  129     .0     .0     .0   -3  -.243E-03   .729E-03       26.4   .339   .000E+00   .000E+00  .000E+00
    6  130    1.0     .0     .0   -3  -.122E-03   .729E-03       26.4   .339   .000E+00   .000E+00  .000E+00
    7  131     .0    1.0     .0   -3  -.122E-03   .729E-03       26.4   .339   .000E+00   .000E+00  .000E+00
    8  132    1.0    1.0     .0   -3  -.243E-03   .729E-03       26.4   .339   .000E+00   .000E+00  .000E+00


 Time:    273.0000

    i    n    x      y      z    Code     Q          v           h       th       Qc         vc       Conc
                                       [L3/T]      [L/T]        [L]     [-]     [M/T]     [M/L2/T]   [M/L3]

    1    1     .0     .0  230.0   -4   .347E+00  -.104E+01     -103.1   .290   .000E+00   .000E+00  .000E+00
    2    2    1.0     .0  230.0   -4   .173E+00  -.104E+01     -103.1   .290   .000E+00   .000E+00  .000E+00
    3    3     .0    1.0  230.0   -4   .173E+00  -.104E+01     -103.1   .290   .000E+00   .000E+00  .000E+00
    4    4    1.0    1.0  230.0   -4   .347E+00  -.104E+01     -103.1   .290   .000E+00   .000E+00  .000E+00
    5  129     .0     .0     .0   -3  -.157E-03   .471E-03        9.8   .339   .000E+00   .000E+00  .000E+00
    6  130    1.0     .0     .0   -3  -.784E-04   .471E-03        9.8   .339   .000E+00   .000E+00  .000E+00
    7  131     .0    1.0     .0   -3  -.784E-04   .471E-03        9.8   .339   .000E+00   .000E+00  .000E+00
    8  132    1.0    1.0     .0   -3  -.157E-03   .471E-03        9.8   .339   .000E+00   .000E+00  .000E+00
