 Example 2 - Grass Field Problem (Hupselse Beek 1982)                    
 
 Program SWMS_3D
 Date:  21. 7.    Time:  12:34:19
 Time dependent boundary conditions
 Units: L = cm   , T = day  , M = -    

 Max. number of iterations             20
 Absolute water content tolerance [-]  .00050
 Absolute pressure head tolerance [L]  .05000


 MatNum,        thR    thS    tha    thm      alpha         n          Ks          Kk          thk

    1           .000   .399   .000   .399    .174E-01    .138E+01    .298E+02    .298E+02    .399E+00
    2           .000   .339   .000   .339    .139E-01    .160E+01    .453E+02    .453E+02    .339E+00


 MatNum          Qe     Q        h         C         K
 
    1          1.000   .399      .000   .30E-06    .298E+02
    1           .990   .395    -5.282   .10E-02    .105E+02
    1           .900   .359   -33.237   .13E-02    .202E+01
    1           .850   .339   -49.451   .12E-02    .106E+01
    1           .750   .299   -90.493   .81E-03    .315E+00
    1           .650   .259  -152.895   .51E-03    .899E-01
    1           .500   .200  -342.544   .20E-03    .104E-01
    1           .350   .140  -925.067   .55E-04    .611E-03
    1           .200   .080 -4159.356   .72E-05    .756E-05
    1           .100   .040-26368.180   .57E-06    .333E-07
 
    2          1.000   .339      .000   .00E+00    .453E+02
    2           .990   .336    -7.568   .70E-03    .250E+02
    2           .900   .305   -35.571   .13E-02    .727E+01
    2           .850   .288   -49.021   .12E-02    .443E+01
    2           .750   .254   -78.478   .10E-02    .173E+01
    2           .650   .220  -115.837   .78E-03    .656E+00
    2           .500   .170  -204.185   .42E-03    .126E+00
    2           .350   .119  -395.102   .17E-03    .148E-01
    2           .200   .068 -1031.622   .39E-04    .553E-03
    2           .100   .034 -3284.115   .62E-05    .971E-05
