 Example 2 - Grass Field Problem (Hupselse Beek 1982)

 Program SWMS_3D
 Date:  21. 7.    Time:  12:34:19
 Time dependent boundary conditions
 Units: L = cm   , T = day  , M = -
 All cumulative fluxes (CumQ) are positive out of the region

     Time     CumQAP      CumQRP     CumQA      CumQR     CumQ3       CumQ1      CumQS      CumQ5       CumQ6 ....
      [T]      [L3]        [L3]       [L3]       [L3]      [L3]        [L3]       [L3]       [L3]        [L3]

     90.0200   .000E+00   .320E-02   .000E+00   .320E-02   .775E-03   .000E+00   .000E+00   .000E+00   .000E+00
     90.0458   .000E+00   .733E-02   .000E+00   .733E-02   .177E-02   .000E+00   .000E+00   .000E+00   .000E+00
     90.0799   .000E+00   .128E-01   .000E+00   .128E-01   .309E-02   .000E+00   .000E+00   .000E+00   .000E+00
     90.1237   .000E+00   .198E-01   .000E+00   .198E-01   .477E-02   .000E+00   .000E+00   .000E+00   .000E+00
     90.1821   .000E+00   .291E-01   .000E+00   .291E-01   .701E-02   .000E+00   .000E+00   .000E+00   .000E+00
     90.2565   .000E+00   .410E-01   .000E+00   .410E-01   .984E-02   .000E+00   .000E+00   .000E+00   .000E+00
     90.3494   .000E+00   .559E-01   .000E+00   .559E-01   .134E-01   .000E+00   .000E+00   .000E+00   .000E+00
     90.4795   .000E+00   .767E-01   .000E+00   .767E-01   .183E-01   .000E+00   .000E+00   .000E+00   .000E+00
     90.6530   .000E+00   .104E+00   .000E+00   .104E+00   .247E-01   .000E+00   .000E+00   .000E+00   .000E+00
     90.8265   .000E+00   .132E+00   .000E+00   .132E+00   .311E-01   .000E+00   .000E+00   .000E+00   .000E+00
     91.0000   .000E+00   .160E+00   .000E+00   .160E+00   .373E-01   .000E+00   .000E+00   .000E+00   .000E+00
     91.2500  -.175E-01   .205E+00  -.175E-01   .205E+00   .463E-01   .000E+00   .000E+00   .000E+00   .000E+00
     91.6250  -.437E-01   .273E+00  -.437E-01   .273E+00   .594E-01   .000E+00   .000E+00   .000E+00   .000E+00
     92.0000  -.700E-01   .340E+00  -.700E-01   .340E+00   .722E-01   .000E+00   .000E+00   .000E+00   .000E+00
     92.5000  -.800E-01   .405E+00  -.800E-01   .405E+00   .889E-01   .000E+00   .000E+00   .000E+00   .000E+00
     93.0000  -.900E-01   .470E+00  -.900E-01   .470E+00   .105E+00   .000E+00   .000E+00   .000E+00   .000E+00
     93.5000  -.900E-01   .570E+00  -.900E-01   .570E+00   .121E+00   .000E+00   .000E+00   .000E+00   .000E+00
     94.0000  -.900E-01   .670E+00  -.900E-01   .670E+00   .136E+00   .000E+00   .000E+00   .000E+00   .000E+00
     94.5000  -.900E-01   .810E+00  -.900E-01   .810E+00   .151E+00   .000E+00   .000E+00   .000E+00   .000E+00
     95.0000  -.900E-01   .950E+00  -.900E-01   .950E+00   .164E+00   .000E+00   .000E+00   .000E+00   .000E+00
     95.5000  -.125E+00   .104E+01  -.125E+00   .104E+01   .178E+00   .000E+00   .000E+00   .000E+00   .000E+00
     96.0000  -.160E+00   .113E+01  -.160E+00   .113E+01   .190E+00   .000E+00   .000E+00   .000E+00   .000E+00
     96.5000  -.305E+00   .117E+01  -.305E+00   .117E+01   .202E+00   .000E+00   .000E+00   .000E+00   .000E+00
     97.0000  -.450E+00   .121E+01  -.450E+00   .121E+01   .215E+00   .000E+00   .000E+00   .000E+00   .000E+00
     97.5000  -.670E+00   .128E+01  -.670E+00   .128E+01   .227E+00   .000E+00   .000E+00   .000E+00   .000E+00
     98.0000  -.890E+00   .135E+01  -.890E+00   .135E+01   .240E+00   .000E+00   .000E+00   .000E+00   .000E+00
     98.5000  -.990E+00   .141E+01  -.990E+00   .141E+01   .254E+00   .000E+00   .000E+00   .000E+00   .000E+00
     99.0000  -.109E+01   .146E+01  -.109E+01   .146E+01   .268E+00   .000E+00   .000E+00   .000E+00   .000E+00
     99.5000  -.124E+01   .152E+01  -.124E+01   .152E+01   .283E+00   .000E+00   .000E+00   .000E+00   .000E+00
    100.0000  -.138E+01   .157E+01  -.138E+01   .157E+01   .298E+00   .000E+00   .000E+00   .000E+00   .000E+00
    100.5000  -.154E+01   .163E+01  -.154E+01   .163E+01   .313E+00   .000E+00   .000E+00   .000E+00   .000E+00
    101.0000  -.170E+01   .168E+01  -.170E+01   .168E+01   .329E+00   .000E+00   .000E+00   .000E+00   .000E+00
    101.5000  -.194E+01   .174E+01  -.194E+01   .174E+01   .345E+00   .000E+00   .000E+00   .000E+00   .000E+00
    102.0000  -.219E+01   .179E+01  -.219E+01   .179E+01   .362E+00   .000E+00   .000E+00   .000E+00   .000E+00
    102.5000  -.220E+01   .187E+01  -.220E+01   .187E+01   .381E+00   .000E+00   .000E+00   .000E+00   .000E+00
    103.0000  -.220E+01   .195E+01  -.220E+01   .195E+01   .400E+00   .000E+00   .000E+00   .000E+00   .000E+00
    103.5000  -.220E+01   .204E+01  -.220E+01   .204E+01   .418E+00   .000E+00   .000E+00   .000E+00   .000E+00
    104.0000  -.220E+01   .212E+01  -.220E+01   .212E+01   .435E+00   .000E+00   .000E+00   .000E+00   .000E+00
    104.5000  -.220E+01   .223E+01  -.220E+01   .223E+01   .452E+00   .000E+00   .000E+00   .000E+00   .000E+00
    105.0000  -.220E+01   .234E+01  -.220E+01   .234E+01   .468E+00   .000E+00   .000E+00   .000E+00   .000E+00
    105.5000  -.220E+01   .245E+01  -.220E+01   .245E+01   .483E+00   .000E+00   .000E+00   .000E+00   .000E+00
    106.0000  -.220E+01   .255E+01  -.220E+01   .255E+01   .497E+00   .000E+00   .000E+00   .000E+00   .000E+00
    106.5000  -.220E+01   .267E+01  -.220E+01   .267E+01   .511E+00   .000E+00   .000E+00   .000E+00   .000E+00
    107.0000  -.220E+01   .278E+01  -.220E+01   .278E+01   .524E+00   .000E+00   .000E+00   .000E+00   .000E+00
    107.5000  -.220E+01   .290E+01  -.220E+01   .290E+01   .537E+00   .000E+00   .000E+00   .000E+00   .000E+00
    108.0000  -.220E+01   .301E+01  -.220E+01   .301E+01   .549E+00   .000E+00   .000E+00   .000E+00   .000E+00
    108.5000  -.220E+01   .313E+01  -.220E+01   .313E+01   .561E+00   .000E+00   .000E+00   .000E+00   .000E+00
    109.0000  -.220E+01   .325E+01  -.220E+01   .325E+01   .572E+00   .000E+00   .000E+00   .000E+00   .000E+00
    109.5000  -.220E+01   .334E+01  -.220E+01   .334E+01   .583E+00   .000E+00   .000E+00   .000E+00   .000E+00
    110.0000  -.220E+01   .343E+01  -.220E+01   .343E+01   .593E+00   .000E+00   .000E+00   .000E+00   .000E+00
    110.5000  -.220E+01   .351E+01  -.220E+01   .351E+01   .603E+00   .000E+00   .000E+00   .000E+00   .000E+00
    111.0000  -.220E+01   .358E+01  -.220E+01   .358E+01   .613E+00   .000E+00   .000E+00   .000E+00   .000E+00
    111.5000  -.220E+01   .368E+01  -.220E+01   .368E+01   .622E+00   .000E+00   .000E+00   .000E+00   .000E+00
    112.0000  -.220E+01   .377E+01  -.220E+01   .377E+01   .631E+00   .000E+00   .000E+00   .000E+00   .000E+00
    112.5000  -.221E+01   .385E+01  -.221E+01   .385E+01   .640E+00   .000E+00   .000E+00   .000E+00   .000E+00
    113.0000  -.221E+01   .392E+01  -.221E+01   .392E+01   .649E+00   .000E+00   .000E+00   .000E+00   .000E+00
    113.5000  -.222E+01   .403E+01  -.222E+01   .403E+01   .657E+00   .000E+00   .000E+00   .000E+00   .000E+00
    114.0000  -.222E+01   .414E+01  -.222E+01   .414E+01   .665E+00   .000E+00   .000E+00   .000E+00   .000E+00
    114.5000  -.222E+01   .426E+01  -.222E+01   .426E+01   .673E+00   .000E+00   .000E+00   .000E+00   .000E+00
    115.0000  -.222E+01   .437E+01  -.222E+01   .437E+01   .681E+00   .000E+00   .000E+00   .000E+00   .000E+00
    115.5000  -.223E+01   .447E+01  -.223E+01   .447E+01   .688E+00   .000E+00   .000E+00   .000E+00   .000E+00
    116.0000  -.224E+01   .457E+01  -.224E+01   .457E+01   .695E+00   .000E+00   .000E+00   .000E+00   .000E+00
    116.5000  -.224E+01   .466E+01  -.224E+01   .466E+01   .702E+00   .000E+00   .000E+00   .000E+00   .000E+00
    117.0000  -.224E+01   .474E+01  -.224E+01   .474E+01   .709E+00   .000E+00   .000E+00   .000E+00   .000E+00
    117.5000  -.225E+01   .481E+01  -.225E+01   .481E+01   .716E+00   .000E+00   .000E+00   .000E+00   .000E+00
    118.0000  -.226E+01   .488E+01  -.226E+01   .488E+01   .722E+00   .000E+00   .000E+00   .000E+00   .000E+00
    118.5000  -.239E+01   .495E+01  -.239E+01   .495E+01   .728E+00   .000E+00   .000E+00   .000E+00   .000E+00
    119.0000  -.252E+01   .501E+01  -.252E+01   .501E+01   .735E+00   .000E+00   .000E+00   .000E+00   .000E+00
    119.5000  -.264E+01   .507E+01  -.264E+01   .507E+01   .741E+00   .000E+00   .000E+00   .000E+00   .000E+00
    120.0000  -.276E+01   .512E+01  -.276E+01   .512E+01   .747E+00   .000E+00   .000E+00   .000E+00   .000E+00
    120.5000  -.307E+01   .516E+01  -.307E+01   .516E+01   .754E+00   .000E+00   .000E+00   .000E+00   .000E+00
    121.0000  -.337E+01   .520E+01  -.337E+01   .520E+01   .760E+00   .000E+00   .000E+00   .000E+00   .000E+00
    121.5000  -.337E+01   .531E+01  -.337E+01   .531E+01   .767E+00   .000E+00   .000E+00   .000E+00   .000E+00
    122.0000  -.337E+01   .541E+01  -.337E+01   .541E+01   .774E+00   .000E+00   .000E+00   .000E+00   .000E+00
    122.5000  -.347E+01   .548E+01  -.347E+01   .548E+01   .781E+00   .000E+00   .000E+00   .000E+00   .000E+00
    123.0000  -.356E+01   .555E+01  -.356E+01   .555E+01   .788E+00   .000E+00   .000E+00   .000E+00   .000E+00
    123.5000  -.365E+01   .566E+01  -.365E+01   .566E+01   .795E+00   .000E+00   .000E+00   .000E+00   .000E+00
    124.0000  -.373E+01   .576E+01  -.373E+01   .576E+01   .802E+00   .000E+00   .000E+00   .000E+00   .000E+00
    124.5000  -.412E+01   .580E+01  -.412E+01   .580E+01   .809E+00   .000E+00   .000E+00   .000E+00   .000E+00
    125.0000  -.451E+01   .583E+01  -.451E+01   .583E+01   .816E+00   .000E+00   .000E+00   .000E+00   .000E+00
    125.5000  -.510E+01   .588E+01  -.510E+01   .588E+01   .824E+00   .000E+00   .000E+00   .000E+00   .000E+00
    126.0000  -.569E+01   .593E+01  -.569E+01   .593E+01   .833E+00   .000E+00   .000E+00   .000E+00   .000E+00
    126.5000  -.603E+01   .598E+01  -.603E+01   .598E+01   .843E+00   .000E+00   .000E+00   .000E+00   .000E+00
    127.0000  -.637E+01   .603E+01  -.637E+01   .603E+01   .855E+00   .000E+00   .000E+00   .000E+00   .000E+00
    127.5000  -.637E+01   .611E+01  -.637E+01   .611E+01   .869E+00   .000E+00   .000E+00   .000E+00   .000E+00
    128.0000  -.637E+01   .619E+01  -.637E+01   .619E+01   .884E+00   .000E+00   .000E+00   .000E+00   .000E+00
    128.5000  -.637E+01   .632E+01  -.637E+01   .632E+01   .898E+00   .000E+00   .000E+00   .000E+00   .000E+00
    129.0000  -.637E+01   .645E+01  -.637E+01   .645E+01   .912E+00   .000E+00   .000E+00   .000E+00   .000E+00
    129.5000  -.637E+01   .658E+01  -.637E+01   .658E+01   .925E+00   .000E+00   .000E+00   .000E+00   .000E+00
    130.0000  -.637E+01   .671E+01  -.637E+01   .671E+01   .938E+00   .000E+00   .000E+00   .000E+00   .000E+00
    130.5000  -.637E+01   .684E+01  -.637E+01   .684E+01   .950E+00   .000E+00   .000E+00   .000E+00   .000E+00
    131.0000  -.637E+01   .696E+01  -.637E+01   .696E+01   .961E+00   .000E+00   .000E+00   .000E+00   .000E+00
    131.5000  -.637E+01   .712E+01  -.637E+01   .712E+01   .972E+00   .000E+00   .000E+00   .000E+00   .000E+00
    132.0000  -.637E+01   .727E+01  -.637E+01   .727E+01   .982E+00   .000E+00   .000E+00   .000E+00   .000E+00
    132.5000  -.637E+01   .745E+01  -.637E+01   .745E+01   .992E+00   .000E+00   .000E+00   .000E+00   .000E+00
    133.0000  -.637E+01   .762E+01  -.637E+01   .762E+01   .100E+01   .000E+00   .000E+00   .000E+00   .000E+00
    133.5000  -.637E+01   .783E+01  -.637E+01   .783E+01   .101E+01   .000E+00   .000E+00   .000E+00   .000E+00
    134.0000  -.637E+01   .803E+01  -.637E+01   .803E+01   .102E+01   .000E+00   .000E+00   .000E+00   .000E+00
    134.5000  -.637E+01   .823E+01  -.637E+01   .823E+01   .103E+01   .000E+00   .000E+00   .000E+00   .000E+00
    135.0000  -.637E+01   .842E+01  -.637E+01   .842E+01   .103E+01   .000E+00   .000E+00   .000E+00   .000E+00
    135.5000  -.637E+01   .862E+01  -.637E+01   .862E+01   .104E+01   .000E+00   .000E+00   .000E+00   .000E+00
    136.0000  -.637E+01   .882E+01  -.637E+01   .882E+01   .105E+01   .000E+00   .000E+00   .000E+00   .000E+00
    136.5000  -.647E+01   .891E+01  -.647E+01   .891E+01   .105E+01   .000E+00   .000E+00   .000E+00   .000E+00
    137.0000  -.656E+01   .899E+01  -.656E+01   .899E+01   .106E+01   .000E+00   .000E+00   .000E+00   .000E+00
    137.5000  -.669E+01   .912E+01  -.669E+01   .912E+01   .107E+01   .000E+00   .000E+00   .000E+00   .000E+00
    138.0000  -.682E+01   .924E+01  -.682E+01   .924E+01   .107E+01   .000E+00   .000E+00   .000E+00   .000E+00
    138.5000  -.683E+01   .939E+01  -.683E+01   .939E+01   .108E+01   .000E+00   .000E+00   .000E+00   .000E+00
    139.0000  -.683E+01   .953E+01  -.683E+01   .953E+01   .108E+01   .000E+00   .000E+00   .000E+00   .000E+00
    139.5000  -.693E+01   .961E+01  -.693E+01   .961E+01   .109E+01   .000E+00   .000E+00   .000E+00   .000E+00
    140.0000  -.703E+01   .968E+01  -.703E+01   .968E+01   .110E+01   .000E+00   .000E+00   .000E+00   .000E+00
    140.5000  -.703E+01   .976E+01  -.703E+01   .976E+01   .110E+01   .000E+00   .000E+00   .000E+00   .000E+00
    141.0000  -.703E+01   .984E+01  -.703E+01   .984E+01   .111E+01   .000E+00   .000E+00   .000E+00   .000E+00
    141.5000  -.716E+01   .990E+01  -.716E+01   .990E+01   .111E+01   .000E+00   .000E+00   .000E+00   .000E+00
    142.0000  -.728E+01   .996E+01  -.728E+01   .996E+01   .112E+01   .000E+00   .000E+00   .000E+00   .000E+00
    142.5000  -.738E+01   .101E+02  -.738E+01   .101E+02   .112E+01   .000E+00   .000E+00   .000E+00   .000E+00
    143.0000  -.748E+01   .102E+02  -.748E+01   .102E+02   .113E+01   .000E+00   .000E+00   .000E+00   .000E+00
    143.5000  -.752E+01   .103E+02  -.752E+01   .103E+02   .113E+01   .000E+00   .000E+00   .000E+00   .000E+00
    144.0000  -.755E+01   .104E+02  -.755E+01   .104E+02   .114E+01   .000E+00   .000E+00   .000E+00   .000E+00
    144.5000  -.755E+01   .105E+02  -.755E+01   .105E+02   .114E+01   .000E+00   .000E+00   .000E+00   .000E+00
    145.0000  -.755E+01   .106E+02  -.755E+01   .106E+02   .115E+01   .000E+00   .000E+00   .000E+00   .000E+00
    145.5000  -.755E+01   .109E+02  -.755E+01   .109E+02   .115E+01   .000E+00   .000E+00   .000E+00   .000E+00
    146.0000  -.755E+01   .111E+02  -.755E+01   .111E+02   .116E+01   .000E+00   .000E+00   .000E+00   .000E+00
    146.5000  -.770E+01   .113E+02  -.770E+01   .113E+02   .116E+01   .000E+00   .000E+00   .000E+00   .000E+00
    147.0000  -.784E+01   .115E+02  -.784E+01   .115E+02   .117E+01   .000E+00   .000E+00   .000E+00   .000E+00
    147.5000  -.785E+01   .116E+02  -.785E+01   .116E+02   .117E+01   .000E+00   .000E+00   .000E+00   .000E+00
    148.0000  -.785E+01   .117E+02  -.785E+01   .117E+02   .118E+01   .000E+00   .000E+00   .000E+00   .000E+00
    148.5000  -.785E+01   .119E+02  -.785E+01   .119E+02   .118E+01   .000E+00   .000E+00   .000E+00   .000E+00
    149.0000  -.785E+01   .120E+02  -.785E+01   .120E+02   .119E+01   .000E+00   .000E+00   .000E+00   .000E+00
    149.5000  -.785E+01   .122E+02  -.785E+01   .122E+02   .119E+01   .000E+00   .000E+00   .000E+00   .000E+00
    150.0000  -.785E+01   .124E+02  -.785E+01   .124E+02   .119E+01   .000E+00   .000E+00   .000E+00   .000E+00
    150.5000  -.785E+01   .126E+02  -.785E+01   .126E+02   .120E+01   .000E+00   .000E+00   .000E+00   .000E+00
    151.0000  -.785E+01   .129E+02  -.785E+01   .129E+02   .120E+01   .000E+00   .000E+00   .000E+00   .000E+00
    151.5000  -.785E+01   .131E+02  -.785E+01   .131E+02   .120E+01   .000E+00   .000E+00   .000E+00   .000E+00
    152.0000  -.785E+01   .133E+02  -.785E+01   .133E+02   .121E+01   .000E+00   .000E+00   .000E+00   .000E+00
    152.5000  -.785E+01   .135E+02  -.785E+01   .135E+02   .121E+01   .000E+00   .000E+00   .000E+00   .000E+00
    153.0000  -.785E+01   .137E+02  -.785E+01   .137E+02   .121E+01   .000E+00   .000E+00   .000E+00   .000E+00
    153.5000  -.785E+01   .139E+02  -.785E+01   .139E+02   .122E+01   .000E+00   .000E+00   .000E+00   .000E+00
    154.0000  -.785E+01   .141E+02  -.785E+01   .141E+02   .122E+01   .000E+00   .000E+00   .000E+00   .000E+00
    154.5000  -.785E+01   .143E+02  -.785E+01   .143E+02   .122E+01   .000E+00   .000E+00   .000E+00   .000E+00
    155.0000  -.785E+01   .144E+02  -.785E+01   .144E+02   .122E+01   .000E+00   .000E+00   .000E+00   .000E+00
    155.5000  -.785E+01   .146E+02  -.785E+01   .146E+02   .123E+01   .000E+00   .000E+00   .000E+00   .000E+00
    156.0000  -.785E+01   .149E+02  -.785E+01   .149E+02   .123E+01   .000E+00   .000E+00   .000E+00   .000E+00
    156.5000  -.839E+01   .150E+02  -.839E+01   .150E+02   .123E+01   .000E+00   .000E+00   .000E+00   .000E+00
    157.0000  -.892E+01   .152E+02  -.892E+01   .152E+02   .123E+01   .000E+00   .000E+00   .000E+00   .000E+00
    157.5000  -.893E+01   .153E+02  -.893E+01   .153E+02   .124E+01   .000E+00   .000E+00   .000E+00   .000E+00
    158.0000  -.893E+01   .155E+02  -.893E+01   .155E+02   .124E+01   .000E+00   .000E+00   .000E+00   .000E+00
    158.5000  -.893E+01   .157E+02  -.893E+01   .157E+02   .124E+01   .000E+00   .000E+00   .000E+00   .000E+00
    159.0000  -.893E+01   .159E+02  -.893E+01   .159E+02   .124E+01   .000E+00   .000E+00   .000E+00   .000E+00
    159.5000  -.893E+01   .160E+02  -.893E+01   .160E+02   .125E+01   .000E+00   .000E+00   .000E+00   .000E+00
    160.0000  -.893E+01   .162E+02  -.893E+01   .162E+02   .125E+01   .000E+00   .000E+00   .000E+00   .000E+00
    160.5000  -.893E+01   .163E+02  -.893E+01   .163E+02   .125E+01   .000E+00   .000E+00   .000E+00   .000E+00
    161.0000  -.893E+01   .165E+02  -.893E+01   .165E+02   .125E+01   .000E+00   .000E+00   .000E+00   .000E+00
    161.5000  -.904E+01   .166E+02  -.904E+01   .166E+02   .125E+01   .000E+00   .000E+00   .000E+00   .000E+00
    162.0000  -.915E+01   .167E+02  -.915E+01   .167E+02   .126E+01   .000E+00   .000E+00   .000E+00   .000E+00
    162.5000  -.940E+01   .168E+02  -.940E+01   .168E+02   .126E+01   .000E+00   .000E+00   .000E+00   .000E+00
    163.0000  -.965E+01   .170E+02  -.965E+01   .170E+02   .126E+01   .000E+00   .000E+00   .000E+00   .000E+00
    163.5000  -.988E+01   .170E+02  -.988E+01   .170E+02   .126E+01   .000E+00   .000E+00   .000E+00   .000E+00
    164.0000  -.101E+02   .171E+02  -.101E+02   .171E+02   .126E+01   .000E+00   .000E+00   .000E+00   .000E+00
    164.5000  -.101E+02   .172E+02  -.101E+02   .172E+02   .126E+01   .000E+00   .000E+00   .000E+00   .000E+00
    165.0000  -.101E+02   .173E+02  -.101E+02   .173E+02   .127E+01   .000E+00   .000E+00   .000E+00   .000E+00
    165.5000  -.101E+02   .174E+02  -.101E+02   .174E+02   .127E+01   .000E+00   .000E+00   .000E+00   .000E+00
    166.0000  -.101E+02   .175E+02  -.101E+02   .175E+02   .127E+01   .000E+00   .000E+00   .000E+00   .000E+00
    166.5000  -.105E+02   .176E+02  -.105E+02   .176E+02   .127E+01   .000E+00   .000E+00   .000E+00   .000E+00
    167.0000  -.109E+02   .176E+02  -.109E+02   .176E+02   .127E+01   .000E+00   .000E+00   .000E+00   .000E+00
    167.5000  -.109E+02   .177E+02  -.109E+02   .177E+02   .128E+01   .000E+00   .000E+00   .000E+00   .000E+00
    168.0000  -.109E+02   .178E+02  -.109E+02   .178E+02   .128E+01   .000E+00   .000E+00   .000E+00   .000E+00
    168.5000  -.110E+02   .179E+02  -.110E+02   .179E+02   .128E+01   .000E+00   .000E+00   .000E+00   .000E+00
    169.0000  -.111E+02   .180E+02  -.111E+02   .180E+02   .128E+01   .000E+00   .000E+00   .000E+00   .000E+00
    169.5000  -.115E+02   .180E+02  -.115E+02   .180E+02   .128E+01   .000E+00   .000E+00   .000E+00   .000E+00
    170.0000  -.119E+02   .181E+02  -.119E+02   .181E+02   .128E+01   .000E+00   .000E+00   .000E+00   .000E+00
    170.5000  -.119E+02   .182E+02  -.119E+02   .182E+02   .129E+01   .000E+00   .000E+00   .000E+00   .000E+00
    171.0000  -.119E+02   .183E+02  -.119E+02   .183E+02   .129E+01   .000E+00   .000E+00   .000E+00   .000E+00
    171.5000  -.119E+02   .184E+02  -.119E+02   .184E+02   .129E+01   .000E+00   .000E+00   .000E+00   .000E+00
    172.0000  -.119E+02   .185E+02  -.119E+02   .185E+02   .129E+01   .000E+00   .000E+00   .000E+00   .000E+00
    172.5000  -.127E+02   .186E+02  -.127E+02   .186E+02   .130E+01   .000E+00   .000E+00   .000E+00   .000E+00
    173.0000  -.135E+02   .187E+02  -.135E+02   .187E+02   .130E+01   .000E+00   .000E+00   .000E+00   .000E+00
    173.5000  -.136E+02   .189E+02  -.136E+02   .189E+02   .130E+01   .000E+00   .000E+00   .000E+00   .000E+00
    174.0000  -.136E+02   .191E+02  -.136E+02   .191E+02   .130E+01   .000E+00   .000E+00   .000E+00   .000E+00
    174.5000  -.138E+02   .191E+02  -.138E+02   .191E+02   .130E+01   .000E+00   .000E+00   .000E+00   .000E+00
    175.0000  -.139E+02   .192E+02  -.139E+02   .192E+02   .131E+01   .000E+00   .000E+00   .000E+00   .000E+00
    175.5000  -.139E+02   .194E+02  -.139E+02   .194E+02   .131E+01   .000E+00   .000E+00   .000E+00   .000E+00
    176.0000  -.139E+02   .195E+02  -.139E+02   .195E+02   .131E+01   .000E+00   .000E+00   .000E+00   .000E+00
    176.5000  -.142E+02   .197E+02  -.142E+02   .197E+02   .131E+01   .000E+00   .000E+00   .000E+00   .000E+00
    177.0000  -.145E+02   .199E+02  -.145E+02   .199E+02   .132E+01   .000E+00   .000E+00   .000E+00   .000E+00
    177.5000  -.146E+02   .200E+02  -.146E+02   .200E+02   .132E+01   .000E+00   .000E+00   .000E+00   .000E+00
    178.0000  -.147E+02   .201E+02  -.147E+02   .201E+02   .132E+01   .000E+00   .000E+00   .000E+00   .000E+00
    178.5000  -.151E+02   .202E+02  -.151E+02   .202E+02   .132E+01   .000E+00   .000E+00   .000E+00   .000E+00
    179.0000  -.155E+02   .203E+02  -.155E+02   .203E+02   .133E+01   .000E+00   .000E+00   .000E+00   .000E+00
    179.5000  -.158E+02   .204E+02  -.158E+02   .204E+02   .133E+01   .000E+00   .000E+00   .000E+00   .000E+00
    180.0000  -.161E+02   .205E+02  -.161E+02   .205E+02   .133E+01   .000E+00   .000E+00   .000E+00   .000E+00
    180.5000  -.161E+02   .206E+02  -.161E+02   .206E+02   .133E+01   .000E+00   .000E+00   .000E+00   .000E+00
    181.0000  -.161E+02   .208E+02  -.161E+02   .208E+02   .134E+01   .000E+00   .000E+00   .000E+00   .000E+00
    181.5000  -.161E+02   .209E+02  -.161E+02   .209E+02   .134E+01   .000E+00   .000E+00   .000E+00   .000E+00
    182.0000  -.161E+02   .210E+02  -.161E+02   .210E+02   .134E+01   .000E+00   .000E+00   .000E+00   .000E+00
    182.5000  -.162E+02   .212E+02  -.162E+02   .212E+02   .135E+01   .000E+00   .000E+00   .000E+00   .000E+00
    183.0000  -.162E+02   .214E+02  -.162E+02   .214E+02   .135E+01   .000E+00   .000E+00   .000E+00   .000E+00
    183.5000  -.164E+02   .214E+02  -.164E+02   .214E+02   .135E+01   .000E+00   .000E+00   .000E+00   .000E+00
    184.0000  -.166E+02   .215E+02  -.166E+02   .215E+02   .136E+01   .000E+00   .000E+00   .000E+00   .000E+00
    184.5000  -.166E+02   .216E+02  -.166E+02   .216E+02   .136E+01   .000E+00   .000E+00   .000E+00   .000E+00
    185.0000  -.166E+02   .217E+02  -.166E+02   .217E+02   .136E+01   .000E+00   .000E+00   .000E+00   .000E+00
    185.5000  -.166E+02   .219E+02  -.166E+02   .219E+02   .136E+01   .000E+00   .000E+00   .000E+00   .000E+00
    186.0000  -.167E+02   .221E+02  -.167E+02   .221E+02   .137E+01   .000E+00   .000E+00   .000E+00   .000E+00
    186.5000  -.167E+02   .222E+02  -.167E+02   .222E+02   .137E+01   .000E+00   .000E+00   .000E+00   .000E+00
    187.0000  -.167E+02   .223E+02  -.167E+02   .223E+02   .137E+01   .000E+00   .000E+00   .000E+00   .000E+00
    187.5000  -.167E+02   .224E+02  -.167E+02   .224E+02   .138E+01   .000E+00   .000E+00   .000E+00   .000E+00
    188.0000  -.167E+02   .226E+02  -.167E+02   .226E+02   .138E+01   .000E+00   .000E+00   .000E+00   .000E+00
    188.5000  -.167E+02   .228E+02  -.167E+02   .228E+02   .138E+01   .000E+00   .000E+00   .000E+00   .000E+00
    189.0000  -.167E+02   .230E+02  -.167E+02   .230E+02   .138E+01   .000E+00   .000E+00   .000E+00   .000E+00
    189.5000  -.167E+02   .233E+02  -.167E+02   .233E+02   .139E+01   .000E+00   .000E+00   .000E+00   .000E+00
    190.0000  -.167E+02   .235E+02  -.167E+02   .235E+02   .139E+01   .000E+00   .000E+00   .000E+00   .000E+00
    190.5000  -.167E+02   .237E+02  -.167E+02   .237E+02   .139E+01   .000E+00   .000E+00   .000E+00   .000E+00
    191.0000  -.167E+02   .238E+02  -.167E+02   .238E+02   .139E+01   .000E+00   .000E+00   .000E+00   .000E+00
    191.5000  -.167E+02   .240E+02  -.167E+02   .240E+02   .140E+01   .000E+00   .000E+00   .000E+00   .000E+00
    192.0000  -.167E+02   .242E+02  -.167E+02   .242E+02   .140E+01   .000E+00   .000E+00   .000E+00   .000E+00
    192.5000  -.167E+02   .244E+02  -.167E+02   .244E+02   .140E+01   .000E+00   .000E+00   .000E+00   .000E+00
    193.0000  -.167E+02   .246E+02  -.167E+02   .246E+02   .140E+01   .000E+00   .000E+00   .000E+00   .000E+00
    193.5000  -.167E+02   .249E+02  -.167E+02   .249E+02   .140E+01   .000E+00   .000E+00   .000E+00   .000E+00
    194.0000  -.167E+02   .251E+02  -.167E+02   .251E+02   .141E+01   .000E+00   .000E+00   .000E+00   .000E+00
    194.5000  -.167E+02   .254E+02  -.167E+02   .254E+02   .141E+01   .000E+00   .000E+00   .000E+00   .000E+00
    195.0000  -.167E+02   .256E+02  -.167E+02   .256E+02   .141E+01   .000E+00   .000E+00   .000E+00   .000E+00
    195.5000  -.168E+02   .258E+02  -.168E+02   .258E+02   .141E+01   .000E+00   .000E+00   .000E+00   .000E+00
    196.0000  -.169E+02   .260E+02  -.169E+02   .260E+02   .141E+01   .000E+00   .000E+00   .000E+00   .000E+00
    196.5000  -.169E+02   .261E+02  -.169E+02   .261E+02   .141E+01   .000E+00   .000E+00   .000E+00   .000E+00
    197.0000  -.169E+02   .263E+02  -.169E+02   .263E+02   .142E+01   .000E+00   .000E+00   .000E+00   .000E+00
    197.5000  -.169E+02   .265E+02  -.169E+02   .265E+02   .142E+01   .000E+00   .000E+00   .000E+00   .000E+00
    198.0000  -.169E+02   .267E+02  -.169E+02   .267E+02   .142E+01   .000E+00   .000E+00   .000E+00   .000E+00
    198.5000  -.169E+02   .269E+02  -.169E+02   .269E+02   .142E+01   .000E+00   .000E+00   .000E+00   .000E+00
    199.0000  -.169E+02   .271E+02  -.169E+02   .271E+02   .142E+01   .000E+00   .000E+00   .000E+00   .000E+00
    199.5000  -.169E+02   .272E+02  -.169E+02   .272E+02   .142E+01   .000E+00   .000E+00   .000E+00   .000E+00
    200.0000  -.169E+02   .274E+02  -.169E+02   .274E+02   .142E+01   .000E+00   .000E+00   .000E+00   .000E+00
    200.5000  -.169E+02   .276E+02  -.169E+02   .276E+02   .143E+01   .000E+00   .000E+00   .000E+00   .000E+00
    201.0000  -.169E+02   .277E+02  -.169E+02   .277E+02   .143E+01   .000E+00   .000E+00   .000E+00   .000E+00
    201.5000  -.169E+02   .279E+02  -.169E+02   .279E+02   .143E+01   .000E+00   .000E+00   .000E+00   .000E+00
    202.0000  -.169E+02   .281E+02  -.169E+02   .281E+02   .143E+01   .000E+00   .000E+00   .000E+00   .000E+00
    202.5000  -.169E+02   .282E+02  -.169E+02   .282E+02   .143E+01   .000E+00   .000E+00   .000E+00   .000E+00
    203.0000  -.169E+02   .283E+02  -.169E+02   .283E+02   .143E+01   .000E+00   .000E+00   .000E+00   .000E+00
    203.5000  -.169E+02   .285E+02  -.169E+02   .285E+02   .143E+01   .000E+00   .000E+00   .000E+00   .000E+00
    204.0000  -.169E+02   .286E+02  -.169E+02   .286E+02   .143E+01   .000E+00   .000E+00   .000E+00   .000E+00
    204.5000  -.169E+02   .287E+02  -.169E+02   .287E+02   .143E+01   .000E+00   .000E+00   .000E+00   .000E+00
    205.0000  -.169E+02   .289E+02  -.169E+02   .289E+02   .144E+01   .000E+00   .000E+00   .000E+00   .000E+00
    205.5000  -.169E+02   .290E+02  -.169E+02   .290E+02   .144E+01   .000E+00   .000E+00   .000E+00   .000E+00
    206.0000  -.169E+02   .291E+02  -.169E+02   .291E+02   .144E+01   .000E+00   .000E+00   .000E+00   .000E+00
    206.5000  -.169E+02   .292E+02  -.169E+02   .292E+02   .144E+01   .000E+00   .000E+00   .000E+00   .000E+00
    207.0000  -.169E+02   .293E+02  -.169E+02   .293E+02   .144E+01   .000E+00   .000E+00   .000E+00   .000E+00
    207.5000  -.170E+02   .294E+02  -.170E+02   .294E+02   .144E+01   .000E+00   .000E+00   .000E+00   .000E+00
    208.0000  -.170E+02   .296E+02  -.170E+02   .296E+02   .144E+01   .000E+00   .000E+00   .000E+00   .000E+00
    208.5000  -.170E+02   .297E+02  -.170E+02   .297E+02   .144E+01   .000E+00   .000E+00   .000E+00   .000E+00
    209.0000  -.171E+02   .299E+02  -.171E+02   .299E+02   .144E+01   .000E+00   .000E+00   .000E+00   .000E+00
    209.5000  -.171E+02   .301E+02  -.171E+02   .301E+02   .144E+01   .000E+00   .000E+00   .000E+00   .000E+00
    210.0000  -.171E+02   .304E+02  -.171E+02   .304E+02   .144E+01   .000E+00   .000E+00   .000E+00   .000E+00
    210.5000  -.171E+02   .307E+02  -.171E+02   .307E+02   .145E+01   .000E+00   .000E+00   .000E+00   .000E+00
    211.0000  -.171E+02   .309E+02  -.171E+02   .309E+02   .145E+01   .000E+00   .000E+00   .000E+00   .000E+00
    211.5000  -.171E+02   .313E+02  -.171E+02   .313E+02   .145E+01   .000E+00   .000E+00   .000E+00   .000E+00
    212.0000  -.171E+02   .316E+02  -.171E+02   .316E+02   .145E+01   .000E+00   .000E+00   .000E+00   .000E+00
    212.5000  -.171E+02   .317E+02  -.171E+02   .317E+02   .145E+01   .000E+00   .000E+00   .000E+00   .000E+00
    213.0000  -.171E+02   .318E+02  -.171E+02   .318E+02   .145E+01   .000E+00   .000E+00   .000E+00   .000E+00
    213.5000  -.171E+02   .321E+02  -.171E+02   .321E+02   .145E+01   .000E+00   .000E+00   .000E+00   .000E+00
    214.0000  -.171E+02   .324E+02  -.171E+02   .324E+02   .145E+01   .000E+00   .000E+00   .000E+00   .000E+00
    214.5000  -.171E+02   .327E+02  -.171E+02   .327E+02   .145E+01   .000E+00   .000E+00   .000E+00   .000E+00
    215.0000  -.171E+02   .330E+02  -.171E+02   .329E+02   .145E+01   .000E+00   .000E+00   .000E+00   .000E+00
    215.5000  -.171E+02   .332E+02  -.171E+02   .331E+02   .145E+01   .000E+00   .000E+00   .000E+00   .000E+00
    216.0000  -.171E+02   .334E+02  -.171E+02   .333E+02   .145E+01   .000E+00   .000E+00   .000E+00   .000E+00
    216.5000  -.173E+02   .334E+02  -.173E+02   .333E+02   .145E+01   .000E+00   .000E+00   .000E+00   .000E+00
    216.6667  -.174E+02   .334E+02  -.174E+02   .334E+02   .145E+01   .000E+00   .000E+00   .000E+00   .000E+00
    216.8333  -.175E+02   .334E+02  -.175E+02   .334E+02   .145E+01   .000E+00   .000E+00   .000E+00   .000E+00
    217.0000  -.176E+02   .334E+02  -.176E+02   .334E+02   .145E+01   .000E+00   .000E+00   .000E+00   .000E+00
    217.1429  -.176E+02   .335E+02  -.176E+02   .334E+02   .145E+01   .000E+00   .000E+00   .000E+00   .000E+00
    217.3571  -.176E+02   .335E+02  -.176E+02   .335E+02   .145E+01   .000E+00   .000E+00   .000E+00   .000E+00
    217.5714  -.176E+02   .336E+02  -.176E+02   .336E+02   .145E+01   .000E+00   .000E+00   .000E+00   .000E+00
    218.0000  -.176E+02   .337E+02  -.176E+02   .337E+02   .146E+01   .000E+00   .000E+00   .000E+00   .000E+00
    218.5000  -.176E+02   .338E+02  -.176E+02   .338E+02   .146E+01   .000E+00   .000E+00   .000E+00   .000E+00
    219.0000  -.177E+02   .339E+02  -.177E+02   .338E+02   .146E+01   .000E+00   .000E+00   .000E+00   .000E+00
    219.5000  -.177E+02   .340E+02  -.177E+02   .340E+02   .146E+01   .000E+00   .000E+00   .000E+00   .000E+00
    220.0000  -.177E+02   .341E+02  -.177E+02   .341E+02   .146E+01   .000E+00   .000E+00   .000E+00   .000E+00
    220.5000  -.178E+02   .341E+02  -.178E+02   .341E+02   .146E+01   .000E+00   .000E+00   .000E+00   .000E+00
    221.0000  -.179E+02   .342E+02  -.179E+02   .341E+02   .146E+01   .000E+00   .000E+00   .000E+00   .000E+00
    221.5000  -.179E+02   .343E+02  -.179E+02   .343E+02   .146E+01   .000E+00   .000E+00   .000E+00   .000E+00
    222.0000  -.180E+02   .345E+02  -.180E+02   .345E+02   .146E+01   .000E+00   .000E+00   .000E+00   .000E+00
    222.5000  -.180E+02   .347E+02  -.180E+02   .346E+02   .146E+01   .000E+00   .000E+00   .000E+00   .000E+00
    223.0000  -.180E+02   .348E+02  -.180E+02   .348E+02   .146E+01   .000E+00   .000E+00   .000E+00   .000E+00
    223.5000  -.180E+02   .350E+02  -.180E+02   .350E+02   .146E+01   .000E+00   .000E+00   .000E+00   .000E+00
    224.0000  -.180E+02   .352E+02  -.180E+02   .351E+02   .146E+01   .000E+00   .000E+00   .000E+00   .000E+00
    224.5000  -.180E+02   .353E+02  -.180E+02   .353E+02   .146E+01   .000E+00   .000E+00   .000E+00   .000E+00
    225.0000  -.180E+02   .355E+02  -.180E+02   .354E+02   .146E+01   .000E+00   .000E+00   .000E+00   .000E+00
    225.5000  -.181E+02   .356E+02  -.181E+02   .355E+02   .146E+01   .000E+00   .000E+00   .000E+00   .000E+00
    226.0000  -.183E+02   .357E+02  -.183E+02   .357E+02   .146E+01   .000E+00   .000E+00   .000E+00   .000E+00
    226.5000  -.188E+02   .358E+02  -.188E+02   .357E+02   .146E+01   .000E+00   .000E+00   .000E+00   .000E+00
    226.6667  -.189E+02   .358E+02  -.189E+02   .358E+02   .146E+01   .000E+00   .000E+00   .000E+00   .000E+00
    226.8333  -.191E+02   .358E+02  -.191E+02   .358E+02   .146E+01   .000E+00   .000E+00   .000E+00   .000E+00
    227.0000  -.192E+02   .358E+02  -.192E+02   .358E+02   .146E+01   .000E+00   .000E+00   .000E+00   .000E+00
    227.1429  -.192E+02   .359E+02  -.192E+02   .358E+02   .146E+01   .000E+00   .000E+00   .000E+00   .000E+00
    227.2857  -.192E+02   .359E+02  -.192E+02   .359E+02   .146E+01   .000E+00   .000E+00   .000E+00   .000E+00
    227.4643  -.192E+02   .360E+02  -.192E+02   .359E+02   .146E+01   .000E+00   .000E+00   .000E+00   .000E+00
    227.7321  -.192E+02   .360E+02  -.192E+02   .360E+02   .146E+01   .000E+00   .000E+00   .000E+00   .000E+00
    228.0000  -.192E+02   .361E+02  -.192E+02   .361E+02   .146E+01   .000E+00   .000E+00   .000E+00   .000E+00
    228.3333  -.196E+02   .362E+02  -.196E+02   .361E+02   .146E+01   .000E+00   .000E+00   .000E+00   .000E+00
    228.6667  -.199E+02   .362E+02  -.199E+02   .362E+02   .146E+01   .000E+00   .000E+00   .000E+00   .000E+00
    229.0000  -.202E+02   .363E+02  -.202E+02   .363E+02   .147E+01   .000E+00   .000E+00   .000E+00   .000E+00
    229.3333  -.205E+02   .364E+02  -.205E+02   .364E+02   .147E+01   .000E+00   .000E+00   .000E+00   .000E+00
    229.6667  -.207E+02   .365E+02  -.207E+02   .364E+02   .147E+01   .000E+00   .000E+00   .000E+00   .000E+00
    230.0000  -.210E+02   .366E+02  -.210E+02   .365E+02   .147E+01   .000E+00   .000E+00   .000E+00   .000E+00
    230.3333  -.210E+02   .367E+02  -.210E+02   .366E+02   .147E+01   .000E+00   .000E+00   .000E+00   .000E+00
    230.6667  -.210E+02   .368E+02  -.210E+02   .367E+02   .147E+01   .000E+00   .000E+00   .000E+00   .000E+00
    231.0000  -.210E+02   .369E+02  -.210E+02   .368E+02   .147E+01   .000E+00   .000E+00   .000E+00   .000E+00
    231.5000  -.211E+02   .370E+02  -.211E+02   .370E+02   .147E+01   .000E+00   .000E+00   .000E+00   .000E+00
    232.0000  -.212E+02   .372E+02  -.212E+02   .371E+02   .147E+01   .000E+00   .000E+00   .000E+00   .000E+00
    232.5000  -.213E+02   .373E+02  -.213E+02   .372E+02   .147E+01   .000E+00   .000E+00   .000E+00   .000E+00
    233.0000  -.213E+02   .374E+02  -.213E+02   .373E+02   .147E+01   .000E+00   .000E+00   .000E+00   .000E+00
    233.5000  -.214E+02   .375E+02  -.214E+02   .374E+02   .147E+01   .000E+00   .000E+00   .000E+00   .000E+00
    234.0000  -.214E+02   .375E+02  -.214E+02   .375E+02   .147E+01   .000E+00   .000E+00   .000E+00   .000E+00
    234.5000  -.214E+02   .376E+02  -.214E+02   .376E+02   .147E+01   .000E+00   .000E+00   .000E+00   .000E+00
    235.0000  -.215E+02   .377E+02  -.215E+02   .376E+02   .147E+01   .000E+00   .000E+00   .000E+00   .000E+00
    235.5000  -.216E+02   .378E+02  -.216E+02   .377E+02   .147E+01   .000E+00   .000E+00   .000E+00   .000E+00
    236.0000  -.217E+02   .379E+02  -.217E+02   .378E+02   .147E+01   .000E+00   .000E+00   .000E+00   .000E+00
    236.5000  -.217E+02   .380E+02  -.217E+02   .379E+02   .147E+01   .000E+00   .000E+00   .000E+00   .000E+00
    237.0000  -.217E+02   .381E+02  -.217E+02   .380E+02   .147E+01   .000E+00   .000E+00   .000E+00   .000E+00
    237.5000  -.220E+02   .381E+02  -.220E+02   .381E+02   .147E+01   .000E+00   .000E+00   .000E+00   .000E+00
    238.0000  -.223E+02   .381E+02  -.223E+02   .381E+02   .147E+01   .000E+00   .000E+00   .000E+00   .000E+00
    238.5000  -.224E+02   .382E+02  -.224E+02   .382E+02   .147E+01   .000E+00   .000E+00   .000E+00   .000E+00
    239.0000  -.225E+02   .383E+02  -.225E+02   .383E+02   .147E+01   .000E+00   .000E+00   .000E+00   .000E+00
    239.5000  -.225E+02   .384E+02  -.225E+02   .384E+02   .147E+01   .000E+00   .000E+00   .000E+00   .000E+00
    240.0000  -.225E+02   .385E+02  -.225E+02   .384E+02   .147E+01   .000E+00   .000E+00   .000E+00   .000E+00
    240.5000  -.225E+02   .386E+02  -.225E+02   .385E+02   .147E+01   .000E+00   .000E+00   .000E+00   .000E+00
    241.0000  -.225E+02   .387E+02  -.225E+02   .386E+02   .147E+01   .000E+00   .000E+00   .000E+00   .000E+00
    241.5000  -.225E+02   .388E+02  -.225E+02   .388E+02   .147E+01   .000E+00   .000E+00   .000E+00   .000E+00
    242.0000  -.225E+02   .390E+02  -.225E+02   .389E+02   .147E+01   .000E+00   .000E+00   .000E+00   .000E+00
    242.5000  -.226E+02   .391E+02  -.226E+02   .390E+02   .147E+01   .000E+00   .000E+00   .000E+00   .000E+00
    243.0000  -.226E+02   .391E+02  -.226E+02   .391E+02   .148E+01   .000E+00   .000E+00   .000E+00   .000E+00
    243.5000  -.226E+02   .392E+02  -.226E+02   .392E+02   .148E+01   .000E+00   .000E+00   .000E+00   .000E+00
    244.0000  -.227E+02   .393E+02  -.227E+02   .392E+02   .148E+01   .000E+00   .000E+00   .000E+00   .000E+00
    244.5000  -.228E+02   .394E+02  -.228E+02   .393E+02   .148E+01   .000E+00   .000E+00   .000E+00   .000E+00
    245.0000  -.229E+02   .395E+02  -.229E+02   .395E+02   .148E+01   .000E+00   .000E+00   .000E+00   .000E+00
    245.5000  -.229E+02   .396E+02  -.229E+02   .396E+02   .148E+01   .000E+00   .000E+00   .000E+00   .000E+00
    246.0000  -.229E+02   .398E+02  -.229E+02   .397E+02   .148E+01   .000E+00   .000E+00   .000E+00   .000E+00
    246.5000  -.229E+02   .399E+02  -.229E+02   .399E+02   .148E+01   .000E+00   .000E+00   .000E+00   .000E+00
    247.0000  -.229E+02   .401E+02  -.229E+02   .400E+02   .148E+01   .000E+00   .000E+00   .000E+00   .000E+00
    247.5000  -.229E+02   .402E+02  -.229E+02   .401E+02   .148E+01   .000E+00   .000E+00   .000E+00   .000E+00
    248.0000  -.229E+02   .402E+02  -.229E+02   .402E+02   .148E+01   .000E+00   .000E+00   .000E+00   .000E+00
    248.5000  -.229E+02   .403E+02  -.229E+02   .402E+02   .148E+01   .000E+00   .000E+00   .000E+00   .000E+00
    249.0000  -.229E+02   .403E+02  -.229E+02   .403E+02   .148E+01   .000E+00   .000E+00   .000E+00   .000E+00
    249.5000  -.229E+02   .404E+02  -.229E+02   .403E+02   .148E+01   .000E+00   .000E+00   .000E+00   .000E+00
    250.0000  -.229E+02   .404E+02  -.229E+02   .404E+02   .148E+01   .000E+00   .000E+00   .000E+00   .000E+00
    250.5000  -.229E+02   .405E+02  -.229E+02   .405E+02   .148E+01   .000E+00   .000E+00   .000E+00   .000E+00
    251.0000  -.229E+02   .406E+02  -.229E+02   .406E+02   .148E+01   .000E+00   .000E+00   .000E+00   .000E+00
    251.5000  -.229E+02   .407E+02  -.229E+02   .407E+02   .148E+01   .000E+00   .000E+00   .000E+00   .000E+00
    252.0000  -.229E+02   .408E+02  -.229E+02   .408E+02   .148E+01   .000E+00   .000E+00   .000E+00   .000E+00
    252.5000  -.229E+02   .410E+02  -.229E+02   .409E+02   .148E+01   .000E+00   .000E+00   .000E+00   .000E+00
    253.0000  -.229E+02   .411E+02  -.229E+02   .410E+02   .148E+01   .000E+00   .000E+00   .000E+00   .000E+00
    253.5000  -.229E+02   .412E+02  -.229E+02   .411E+02   .148E+01   .000E+00   .000E+00   .000E+00   .000E+00
    254.0000  -.229E+02   .412E+02  -.229E+02   .412E+02   .148E+01   .000E+00   .000E+00   .000E+00   .000E+00
    254.5000  -.229E+02   .413E+02  -.229E+02   .413E+02   .148E+01   .000E+00   .000E+00   .000E+00   .000E+00
    255.0000  -.229E+02   .414E+02  -.229E+02   .413E+02   .148E+01   .000E+00   .000E+00   .000E+00   .000E+00
    255.5000  -.229E+02   .414E+02  -.229E+02   .414E+02   .148E+01   .000E+00   .000E+00   .000E+00   .000E+00
    256.0000  -.229E+02   .415E+02  -.229E+02   .415E+02   .148E+01   .000E+00   .000E+00   .000E+00   .000E+00
    256.5000  -.229E+02   .416E+02  -.229E+02   .415E+02   .148E+01   .000E+00   .000E+00   .000E+00   .000E+00
    257.0000  -.229E+02   .416E+02  -.229E+02   .416E+02   .148E+01   .000E+00   .000E+00   .000E+00   .000E+00
    257.5000  -.229E+02   .417E+02  -.229E+02   .417E+02   .149E+01   .000E+00   .000E+00   .000E+00   .000E+00
    258.0000  -.229E+02   .418E+02  -.229E+02   .418E+02   .149E+01   .000E+00   .000E+00   .000E+00   .000E+00
    258.5000  -.229E+02   .419E+02  -.229E+02   .419E+02   .149E+01   .000E+00   .000E+00   .000E+00   .000E+00
    259.0000  -.229E+02   .420E+02  -.229E+02   .419E+02   .149E+01   .000E+00   .000E+00   .000E+00   .000E+00
    259.5000  -.229E+02   .421E+02  -.229E+02   .420E+02   .149E+01   .000E+00   .000E+00   .000E+00   .000E+00
    260.0000  -.229E+02   .422E+02  -.229E+02   .421E+02   .149E+01   .000E+00   .000E+00   .000E+00   .000E+00
    260.5000  -.229E+02   .422E+02  -.229E+02   .422E+02   .149E+01   .000E+00   .000E+00   .000E+00   .000E+00
    261.0000  -.229E+02   .423E+02  -.229E+02   .423E+02   .149E+01   .000E+00   .000E+00   .000E+00   .000E+00
    261.5000  -.229E+02   .424E+02  -.229E+02   .424E+02   .149E+01   .000E+00   .000E+00   .000E+00   .000E+00
    262.0000  -.229E+02   .425E+02  -.229E+02   .425E+02   .149E+01   .000E+00   .000E+00   .000E+00   .000E+00
    262.5000  -.231E+02   .426E+02  -.231E+02   .426E+02   .149E+01   .000E+00   .000E+00   .000E+00   .000E+00
    263.0000  -.233E+02   .427E+02  -.233E+02   .427E+02   .149E+01   .000E+00   .000E+00   .000E+00   .000E+00
    263.5000  -.235E+02   .428E+02  -.235E+02   .428E+02   .149E+01   .000E+00   .000E+00   .000E+00   .000E+00
    264.0000  -.238E+02   .429E+02  -.238E+02   .429E+02   .149E+01   .000E+00   .000E+00   .000E+00   .000E+00
    264.5000  -.238E+02   .430E+02  -.238E+02   .430E+02   .149E+01   .000E+00   .000E+00   .000E+00   .000E+00
    265.0000  -.238E+02   .431E+02  -.238E+02   .431E+02   .149E+01   .000E+00   .000E+00   .000E+00   .000E+00
    265.5000  -.238E+02   .432E+02  -.238E+02   .432E+02   .149E+01   .000E+00   .000E+00   .000E+00   .000E+00
    266.0000  -.238E+02   .433E+02  -.238E+02   .433E+02   .149E+01   .000E+00   .000E+00   .000E+00   .000E+00
    266.5000  -.238E+02   .434E+02  -.238E+02   .434E+02   .149E+01   .000E+00   .000E+00   .000E+00   .000E+00
    267.0000  -.238E+02   .435E+02  -.238E+02   .434E+02   .149E+01   .000E+00   .000E+00   .000E+00   .000E+00
    267.5000  -.238E+02   .436E+02  -.238E+02   .435E+02   .149E+01   .000E+00   .000E+00   .000E+00   .000E+00
    268.0000  -.238E+02   .437E+02  -.238E+02   .436E+02   .149E+01   .000E+00   .000E+00   .000E+00   .000E+00
    268.5000  -.241E+02   .437E+02  -.241E+02   .437E+02   .149E+01   .000E+00   .000E+00   .000E+00   .000E+00
    269.0000  -.243E+02   .438E+02  -.243E+02   .437E+02   .149E+01   .000E+00   .000E+00   .000E+00   .000E+00
    269.5000  -.244E+02   .439E+02  -.244E+02   .438E+02   .149E+01   .000E+00   .000E+00   .000E+00   .000E+00
    270.0000  -.244E+02   .440E+02  -.244E+02   .439E+02   .149E+01   .000E+00   .000E+00   .000E+00   .000E+00
    270.5000  -.244E+02   .441E+02  -.244E+02   .440E+02   .149E+01   .000E+00   .000E+00   .000E+00   .000E+00
    271.0000  -.244E+02   .442E+02  -.244E+02   .441E+02   .149E+01   .000E+00   .000E+00   .000E+00   .000E+00
    271.5000  -.244E+02   .443E+02  -.244E+02   .442E+02   .149E+01   .000E+00   .000E+00   .000E+00   .000E+00
    272.0000  -.244E+02   .444E+02  -.244E+02   .443E+02   .149E+01   .000E+00   .000E+00   .000E+00   .000E+00
    272.5000  -.249E+02   .444E+02  -.249E+02   .443E+02   .149E+01   .000E+00   .000E+00   .000E+00   .000E+00
    273.0000  -.254E+02   .444E+02  -.254E+02   .443E+02   .149E+01   .000E+00   .000E+00   .000E+00   .000E+00
