 Example 2 - Grass Field Problem (Hupselse Beek 1982)

 Program SWMS_3D
 Date:  21. 7.    Time:  12:34:19
 Time dependent boundary conditions
 Units: L = cm   , T = day  , M = -


 Time  ***     90.0000 ***

    n    x(n)   y(n)   z(n)       h(n)      h(n+1) ...

    1      .0      .0   230.0     -55.0     -55.0     -55.0     -55.0
    5      .0      .0   229.0     -54.0     -54.0     -54.0     -54.0
    9      .0      .0   228.0     -53.0     -53.0     -53.0     -53.0
   13      .0      .0   226.0     -51.0     -51.0     -51.0     -51.0
   17      .0      .0   224.0     -49.0     -49.0     -49.0     -49.0
   21      .0      .0   220.0     -45.0     -45.0     -45.0     -45.0
   25      .0      .0   215.0     -40.0     -40.0     -40.0     -40.0
   29      .0      .0   210.0     -35.0     -35.0     -35.0     -35.0
   33      .0      .0   205.0     -30.0     -30.0     -30.0     -30.0
   37      .0      .0   200.0     -25.0     -25.0     -25.0     -25.0
   41      .0      .0   190.0     -15.0     -15.0     -15.0     -15.0
   45      .0      .0   180.0      -5.0      -5.0      -5.0      -5.0
   49      .0      .0   170.0       5.0       5.0       5.0       5.0
   53      .0      .0   160.0      15.0      15.0      15.0      15.0
   57      .0      .0   150.0      25.0      25.0      25.0      25.0
   61      .0      .0   140.0      35.0      35.0      35.0      35.0
   65      .0      .0   130.0      45.0      45.0      45.0      45.0
   69      .0      .0   120.0      55.0      55.0      55.0      55.0
   73      .0      .0   110.0      65.0      65.0      65.0      65.0
   77      .0      .0   100.0      75.0      75.0      75.0      75.0
   81      .0      .0    90.0      85.0      85.0      85.0      85.0
   85      .0      .0    80.0      95.0      95.0      95.0      95.0
   89      .0      .0    70.0     105.0     105.0     105.0     105.0
   93      .0      .0    60.0     115.0     115.0     115.0     115.0
   97      .0      .0    50.0     125.0     125.0     125.0     125.0
  101      .0      .0    40.0     135.0     135.0     135.0     135.0
  105      .0      .0    30.0     145.0     145.0     145.0     145.0
  109      .0      .0    20.0     155.0     155.0     155.0     155.0
  113      .0      .0    10.0     165.0     165.0     165.0     165.0
  117      .0      .0     5.0     170.0     170.0     170.0     170.0
  121      .0      .0     2.0     173.0     173.0     173.0     173.0
  125      .0      .0     1.0     174.0     174.0     174.0     174.0
  129      .0      .0      .0     175.0     175.0     175.0     175.0


 Time  ***    120.0000 ***

    n    x(n)   y(n)   z(n)       h(n)      h(n+1) ...

    1      .0      .0   230.0     -84.2     -84.2     -84.2     -84.2
    5      .0      .0   229.0     -83.8     -83.8     -83.8     -83.8
    9      .0      .0   228.0     -83.5     -83.5     -83.5     -83.5
   13      .0      .0   226.0     -82.7     -82.7     -82.7     -82.7
   17      .0      .0   224.0     -81.8     -81.8     -81.8     -81.8
   21      .0      .0   220.0     -79.8     -79.8     -79.8     -79.8
   25      .0      .0   215.0     -76.9     -76.9     -76.9     -76.9
   29      .0      .0   210.0     -73.5     -73.5     -73.5     -73.5
   33      .0      .0   205.0     -69.7     -69.7     -69.7     -69.7
   37      .0      .0   200.0     -65.5     -65.5     -65.5     -65.5
   41      .0      .0   190.0     -56.5     -56.5     -56.5     -56.5
   45      .0      .0   180.0     -46.7     -46.7     -46.7     -46.7
   49      .0      .0   170.0     -36.7     -36.7     -36.7     -36.7
   53      .0      .0   160.0     -26.8     -26.8     -26.8     -26.8
   57      .0      .0   150.0     -16.8     -16.8     -16.8     -16.8
   61      .0      .0   140.0      -6.8      -6.8      -6.8      -6.8
   65      .0      .0   130.0       3.2       3.2       3.2       3.2
   69      .0      .0   120.0      13.2      13.2      13.2      13.2
   73      .0      .0   110.0      23.2      23.2      23.2      23.2
   77      .0      .0   100.0      33.2      33.2      33.2      33.2
   81      .0      .0    90.0      43.2      43.2      43.2      43.2
   85      .0      .0    80.0      53.2      53.2      53.2      53.2
   89      .0      .0    70.0      63.2      63.2      63.2      63.2
   93      .0      .0    60.0      73.2      73.2      73.2      73.2
   97      .0      .0    50.0      83.2      83.2      83.2      83.2
  101      .0      .0    40.0      93.2      93.2      93.2      93.2
  105      .0      .0    30.0     103.2     103.2     103.2     103.2
  109      .0      .0    20.0     113.2     113.2     113.2     113.2
  113      .0      .0    10.0     123.2     123.2     123.2     123.2
  117      .0      .0     5.0     128.2     128.2     128.2     128.2
  121      .0      .0     2.0     131.2     131.2     131.2     131.2
  125      .0      .0     1.0     132.2     132.2     132.2     132.2
  129      .0      .0      .0     133.2     133.2     133.2     133.2


 Time  ***    151.0000 ***

    n    x(n)   y(n)   z(n)       h(n)      h(n+1) ...

    1      .0      .0   230.0    -147.2    -147.2    -147.2    -147.2
    5      .0      .0   229.0    -146.2    -146.2    -146.2    -146.2
    9      .0      .0   228.0    -145.2    -145.2    -145.2    -145.2
   13      .0      .0   226.0    -143.2    -143.2    -143.2    -143.2
   17      .0      .0   224.0    -140.8    -140.8    -140.8    -140.8
   21      .0      .0   220.0    -135.4    -135.4    -135.4    -135.4
   25      .0      .0   215.0    -127.6    -127.6    -127.6    -127.6
   29      .0      .0   210.0    -119.0    -119.0    -119.0    -119.0
   33      .0      .0   205.0    -109.8    -109.8    -109.8    -109.8
   37      .0      .0   200.0    -100.5    -100.5    -100.5    -100.5
   41      .0      .0   190.0     -82.8     -82.9     -82.9     -82.8
   45      .0      .0   180.0     -71.0     -71.0     -71.0     -71.0
   49      .0      .0   170.0     -60.3     -60.3     -60.3     -60.3
   53      .0      .0   160.0     -49.8     -49.8     -49.8     -49.8
   57      .0      .0   150.0     -39.6     -39.6     -39.6     -39.6
   61      .0      .0   140.0     -29.5     -29.5     -29.5     -29.5
   65      .0      .0   130.0     -19.4     -19.4     -19.4     -19.4
   69      .0      .0   120.0      -9.4      -9.4      -9.4      -9.4
   73      .0      .0   110.0        .6        .6        .6        .6
   77      .0      .0   100.0      10.6      10.6      10.6      10.6
   81      .0      .0    90.0      20.6      20.6      20.6      20.6
   85      .0      .0    80.0      30.6      30.6      30.6      30.6
   89      .0      .0    70.0      40.6      40.6      40.6      40.6
   93      .0      .0    60.0      50.6      50.6      50.6      50.6
   97      .0      .0    50.0      60.5      60.5      60.5      60.5
  101      .0      .0    40.0      70.5      70.5      70.5      70.5
  105      .0      .0    30.0      80.5      80.5      80.5      80.5
  109      .0      .0    20.0      90.5      90.5      90.5      90.5
  113      .0      .0    10.0     100.5     100.5     100.5     100.5
  117      .0      .0     5.0     105.5     105.5     105.5     105.5
  121      .0      .0     2.0     108.5     108.5     108.5     108.5
  125      .0      .0     1.0     109.5     109.5     109.5     109.5
  129      .0      .0      .0     110.5     110.5     110.5     110.5


 Time  ***    181.0000 ***

    n    x(n)   y(n)   z(n)       h(n)      h(n+1) ...

    1      .0      .0   230.0    -108.2    -108.2    -108.2    -108.2
    5      .0      .0   229.0    -107.3    -107.3    -107.3    -107.3
    9      .0      .0   228.0    -106.4    -106.4    -106.4    -106.4
   13      .0      .0   226.0    -104.8    -104.8    -104.8    -104.8
   17      .0      .0   224.0    -103.3    -103.3    -103.3    -103.3
   21      .0      .0   220.0    -100.6    -100.6    -100.6    -100.6
   25      .0      .0   215.0     -97.7     -97.7     -97.7     -97.7
   29      .0      .0   210.0     -94.9     -94.9     -94.9     -94.9
   33      .0      .0   205.0     -92.1     -92.1     -92.1     -92.1
   37      .0      .0   200.0     -89.1     -89.1     -89.1     -89.1
   41      .0      .0   190.0     -82.4     -82.4     -82.4     -82.4
   45      .0      .0   180.0     -73.3     -73.3     -73.3     -73.3
   49      .0      .0   170.0     -63.8     -63.8     -63.8     -63.8
   53      .0      .0   160.0     -54.1     -54.1     -54.1     -54.1
   57      .0      .0   150.0     -44.3     -44.3     -44.3     -44.3
   61      .0      .0   140.0     -34.4     -34.4     -34.4     -34.4
   65      .0      .0   130.0     -24.5     -24.5     -24.5     -24.5
   69      .0      .0   120.0     -14.5     -14.5     -14.5     -14.5
   73      .0      .0   110.0      -4.5      -4.5      -4.5      -4.5
   77      .0      .0   100.0       5.5       5.5       5.5       5.5
   81      .0      .0    90.0      15.5      15.5      15.5      15.5
   85      .0      .0    80.0      25.5      25.5      25.5      25.5
   89      .0      .0    70.0      35.5      35.5      35.5      35.5
   93      .0      .0    60.0      45.5      45.5      45.5      45.5
   97      .0      .0    50.0      55.5      55.5      55.5      55.5
  101      .0      .0    40.0      65.5      65.5      65.5      65.5
  105      .0      .0    30.0      75.5      75.5      75.5      75.5
  109      .0      .0    20.0      85.5      85.5      85.5      85.5
  113      .0      .0    10.0      95.5      95.5      95.5      95.5
  117      .0      .0     5.0     100.5     100.5     100.5     100.5
  121      .0      .0     2.0     103.5     103.5     103.5     103.5
  125      .0      .0     1.0     104.5     104.5     104.5     104.5
  129      .0      .0      .0     105.5     105.5     105.5     105.5


 Time  ***    212.0000 ***

    n    x(n)   y(n)   z(n)       h(n)      h(n+1) ...

    1      .0      .0   230.0    -422.1    -422.3    -422.3    -422.1
    5      .0      .0   229.0    -422.3    -422.2    -422.2    -422.3
    9      .0      .0   228.0    -423.9    -423.8    -423.8    -423.9
   13      .0      .0   226.0    -424.7    -424.9    -424.9    -424.7
   17      .0      .0   224.0    -421.6    -421.5    -421.5    -421.6
   21      .0      .0   220.0    -403.7    -403.8    -403.8    -403.7
   25      .0      .0   215.0    -365.7    -365.6    -365.6    -365.7
   29      .0      .0   210.0    -319.0    -319.0    -319.0    -319.0
   33      .0      .0   205.0    -271.9    -271.9    -271.9    -271.9
   37      .0      .0   200.0    -228.8    -228.8    -228.8    -228.8
   41      .0      .0   190.0    -166.9    -167.0    -167.0    -166.9
   45      .0      .0   180.0    -144.2    -144.2    -144.2    -144.2
   49      .0      .0   170.0    -128.5    -128.5    -128.5    -128.5
   53      .0      .0   160.0    -114.7    -114.7    -114.7    -114.7
   57      .0      .0   150.0    -102.2    -102.2    -102.2    -102.2
   61      .0      .0   140.0     -90.6     -90.6     -90.6     -90.6
   65      .0      .0   130.0     -79.5     -79.5     -79.5     -79.5
   69      .0      .0   120.0     -68.8     -68.8     -68.8     -68.8
   73      .0      .0   110.0     -58.4     -58.4     -58.4     -58.4
   77      .0      .0   100.0     -48.1     -48.1     -48.1     -48.1
   81      .0      .0    90.0     -38.0     -38.0     -38.0     -38.0
   85      .0      .0    80.0     -27.9     -27.9     -27.9     -27.9
   89      .0      .0    70.0     -17.9     -17.9     -17.9     -17.9
   93      .0      .0    60.0      -7.9      -7.9      -7.9      -7.9
   97      .0      .0    50.0       2.1       2.1       2.1       2.1
  101      .0      .0    40.0      12.1      12.1      12.1      12.1
  105      .0      .0    30.0      22.1      22.1      22.1      22.1
  109      .0      .0    20.0      32.1      32.1      32.1      32.1
  113      .0      .0    10.0      42.1      42.1      42.1      42.1
  117      .0      .0     5.0      47.1      47.1      47.1      47.1
  121      .0      .0     2.0      50.1      50.1      50.1      50.1
  125      .0      .0     1.0      51.1      51.1      51.1      51.1
  129      .0      .0      .0      52.1      52.1      52.1      52.1


 Time  ***    243.0000 ***

    n    x(n)   y(n)   z(n)       h(n)      h(n+1) ...

    1      .0      .0   230.0    -206.0    -206.0    -206.0    -206.0
    5      .0      .0   229.0    -206.2    -206.2    -206.2    -206.2
    9      .0      .0   228.0    -206.4    -206.4    -206.4    -206.4
   13      .0      .0   226.0    -206.5    -206.5    -206.5    -206.5
   17      .0      .0   224.0    -206.3    -206.3    -206.3    -206.3
   21      .0      .0   220.0    -204.9    -204.9    -204.9    -204.9
   25      .0      .0   215.0    -201.5    -201.5    -201.5    -201.5
   29      .0      .0   210.0    -196.7    -196.7    -196.7    -196.7
   33      .0      .0   205.0    -190.6    -190.6    -190.6    -190.6
   37      .0      .0   200.0    -183.4    -183.4    -183.4    -183.4
   41      .0      .0   190.0    -167.5    -167.5    -167.5    -167.5
   45      .0      .0   180.0    -155.5    -155.5    -155.5    -155.5
   49      .0      .0   170.0    -144.7    -144.7    -144.7    -144.7
   53      .0      .0   160.0    -134.2    -134.2    -134.2    -134.2
   57      .0      .0   150.0    -123.9    -123.9    -123.9    -123.9
   61      .0      .0   140.0    -113.7    -113.7    -113.7    -113.7
   65      .0      .0   130.0    -103.6    -103.6    -103.6    -103.6
   69      .0      .0   120.0     -93.6     -93.6     -93.6     -93.6
   73      .0      .0   110.0     -83.6     -83.6     -83.6     -83.6
   77      .0      .0   100.0     -73.6     -73.6     -73.6     -73.6
   81      .0      .0    90.0     -63.6     -63.6     -63.6     -63.6
   85      .0      .0    80.0     -53.6     -53.6     -53.6     -53.6
   89      .0      .0    70.0     -43.6     -43.6     -43.6     -43.6
   93      .0      .0    60.0     -33.6     -33.6     -33.6     -33.6
   97      .0      .0    50.0     -23.6     -23.6     -23.6     -23.6
  101      .0      .0    40.0     -13.6     -13.6     -13.6     -13.6
  105      .0      .0    30.0      -3.6      -3.6      -3.6      -3.6
  109      .0      .0    20.0       6.4       6.4       6.4       6.4
  113      .0      .0    10.0      16.4      16.4      16.4      16.4
  117      .0      .0     5.0      21.4      21.4      21.4      21.4
  121      .0      .0     2.0      24.4      24.4      24.4      24.4
  125      .0      .0     1.0      25.4      25.4      25.4      25.4
  129      .0      .0      .0      26.4      26.4      26.4      26.4


 Time  ***    273.0000 ***

    n    x(n)   y(n)   z(n)       h(n)      h(n+1) ...

    1      .0      .0   230.0    -103.1    -103.1    -103.1    -103.1
    5      .0      .0   229.0    -106.6    -106.6    -106.6    -106.6
    9      .0      .0   228.0    -110.3    -110.3    -110.3    -110.3
   13      .0      .0   226.0    -118.1    -118.1    -118.1    -118.1
   17      .0      .0   224.0    -126.6    -126.7    -126.7    -126.6
   21      .0      .0   220.0    -145.1    -145.1    -145.1    -145.1
   25      .0      .0   215.0    -168.5    -168.4    -168.4    -168.5
   29      .0      .0   210.0    -188.0    -188.1    -188.1    -188.0
   33      .0      .0   205.0    -200.3    -200.3    -200.3    -200.3
   37      .0      .0   200.0    -204.3    -204.4    -204.4    -204.3
   41      .0      .0   190.0    -194.3    -194.3    -194.3    -194.3
   45      .0      .0   180.0    -181.6    -181.6    -181.6    -181.6
   49      .0      .0   170.0    -169.3    -169.3    -169.3    -169.3
   53      .0      .0   160.0    -157.2    -157.2    -157.2    -157.2
   57      .0      .0   150.0    -145.4    -145.4    -145.4    -145.4
   61      .0      .0   140.0    -134.0    -134.0    -134.0    -134.0
   65      .0      .0   130.0    -122.9    -122.9    -122.9    -122.9
   69      .0      .0   120.0    -112.0    -112.0    -112.0    -112.0
   73      .0      .0   110.0    -101.4    -101.4    -101.4    -101.4
   77      .0      .0   100.0     -91.0     -91.0     -91.0     -91.0
   81      .0      .0    90.0     -80.7     -80.7     -80.7     -80.7
   85      .0      .0    80.0     -70.5     -70.5     -70.5     -70.5
   89      .0      .0    70.0     -60.4     -60.4     -60.4     -60.4
   93      .0      .0    60.0     -50.3     -50.3     -50.3     -50.3
   97      .0      .0    50.0     -40.2     -40.2     -40.2     -40.2
  101      .0      .0    40.0     -30.2     -30.2     -30.2     -30.2
  105      .0      .0    30.0     -20.2     -20.2     -20.2     -20.2
  109      .0      .0    20.0     -10.2     -10.2     -10.2     -10.2
  113      .0      .0    10.0       -.2       -.2       -.2       -.2
  117      .0      .0     5.0       4.8       4.8       4.8       4.8
  121      .0      .0     2.0       7.8       7.8       7.8       7.8
  125      .0      .0     1.0       8.8       8.8       8.8       8.8
  129      .0      .0      .0       9.8       9.8       9.8       9.8
