 Example 2 - Grass Field Problem (Hupselse Beek 1982)                    
 
 Program SWMS_3D
 Date:  21. 7.    Time:  12:34:19
 Time dependent boundary conditions
 Units: L = cm   , T = day  , M = -    


     Time         hAtm       hRoot     hKode3     hKode1      hSeep     hKode5     hKode6 ... 
      [T]          [L]        [L]        [L]        [L]        [L]        [L]        [L]

     90.0200      -55.1      -34.5      175.0         .0         .0         .0         .0
     90.0458      -55.1      -34.6      174.8         .0         .0         .0         .0
     90.0799      -55.2      -34.6      174.7         .0         .0         .0         .0
     90.1237      -55.3      -34.7      174.5         .0         .0         .0         .0
     90.1821      -55.5      -34.8      174.4         .0         .0         .0         .0
     90.2565      -55.8      -35.0      174.1         .0         .0         .0         .0
     90.3494      -56.1      -35.3      173.9         .0         .0         .0         .0
     90.4795      -56.5      -35.6      173.5         .0         .0         .0         .0
     90.6530      -57.1      -36.0      172.9         .0         .0         .0         .0
     90.8265      -57.6      -36.5      172.4         .0         .0         .0         .0
     91.0000      -58.2      -37.1      171.9         .0         .0         .0         .0
     91.2500      -58.0      -37.6      171.2         .0         .0         .0         .0
     91.6250      -58.7      -38.1      170.2         .0         .0         .0         .0
     92.0000      -59.5      -39.0      169.4         .0         .0         .0         .0
     92.5000      -61.1      -39.8      168.4         .0         .0         .0         .0
     93.0000      -62.3      -40.9      167.4         .0         .0         .0         .0
     93.5000      -64.5      -42.0      165.9         .0         .0         .0         .0
     94.0000      -66.3      -43.8      164.3         .0         .0         .0         .0
     94.5000      -68.9      -45.5      162.3         .0         .0         .0         .0
     95.0000      -71.2      -47.9      160.3         .0         .0         .0         .0
     95.5000      -70.7      -50.1      159.0         .0         .0         .0         .0
     96.0000      -71.2      -50.8      158.0         .0         .0         .0         .0
     96.5000      -65.7      -51.6      158.1         .0         .0         .0         .0
     97.0000      -63.6      -49.7      159.0         .0         .0         .0         .0
     97.5000      -59.7      -48.2      160.3         .0         .0         .0         .0
     98.0000      -57.8      -46.1      162.1         .0         .0         .0         .0
     98.5000      -60.6      -44.1      163.3         .0         .0         .0         .0
     99.0000      -60.9      -44.1      164.0         .0         .0         .0         .0
     99.5000      -58.9      -43.8      164.9         .0         .0         .0         .0
    100.0000      -57.8      -42.6      166.0         .0         .0         .0         .0
    100.5000      -56.3      -41.5      167.2         .0         .0         .0         .0
    101.0000      -55.1      -40.2      168.6         .0         .0         .0         .0
    101.5000      -51.1      -38.9      170.9         .0         .0         .0         .0
    102.0000      -48.8      -36.2      173.7         .0         .0         .0         .0
    102.5000      -54.9      -33.5      173.5         .0         .0         .0         .0
    103.0000      -57.2      -35.3      172.4         .0         .0         .0         .0
    103.5000      -59.1      -36.9      170.9         .0         .0         .0         .0
    104.0000      -60.8      -38.6      169.4         .0         .0         .0         .0
    104.5000      -62.9      -40.2      167.6         .0         .0         .0         .0
    105.0000      -64.8      -42.1      165.8         .0         .0         .0         .0
    105.5000      -66.6      -44.0      164.1         .0         .0         .0         .0
    106.0000      -68.4      -45.8      162.5         .0         .0         .0         .0
    106.5000      -70.4      -47.5      160.8         .0         .0         .0         .0
    107.0000      -72.3      -49.4      159.1         .0         .0         .0         .0
    107.5000      -74.2      -51.2      157.5         .0         .0         .0         .0
    108.0000      -76.0      -53.0      155.9         .0         .0         .0         .0
    108.5000      -77.9      -54.7      154.3         .0         .0         .0         .0
    109.0000      -79.7      -56.5      152.7         .0         .0         .0         .0
    109.5000      -80.9      -58.3      151.4         .0         .0         .0         .0
    110.0000      -82.1      -59.5      150.1         .0         .0         .0         .0
    110.5000      -83.1      -60.7      149.0         .0         .0         .0         .0
    111.0000      -84.1      -61.7      148.0         .0         .0         .0         .0
    111.5000      -85.6      -62.8      146.8         .0         .0         .0         .0
    112.0000      -87.0      -64.2      145.7         .0         .0         .0         .0
    112.5000      -87.6      -65.5      144.7         .0         .0         .0         .0
    113.0000      -88.4      -66.3      143.7         .0         .0         .0         .0
    113.5000      -90.1      -67.2      142.6         .0         .0         .0         .0
    114.0000      -91.7      -68.8      141.5         .0         .0         .0         .0
    114.5000      -93.8      -70.2      140.2         .0         .0         .0         .0
    115.0000      -95.6      -71.8      139.0         .0         .0         .0         .0
    115.5000      -96.1      -73.4      137.9         .0         .0         .0         .0
    116.0000      -97.0      -74.4      136.8         .0         .0         .0         .0
    116.5000      -98.5      -75.4      135.8         .0         .0         .0         .0
    117.0000      -99.6      -76.4      134.9         .0         .0         .0         .0
    117.5000      -99.4      -77.5      134.0         .0         .0         .0         .0
    118.0000      -99.7      -77.9      133.2         .0         .0         .0         .0
    118.5000      -90.3      -78.5      132.8         .0         .0         .0         .0
    119.0000      -86.9      -76.1      132.6         .0         .0         .0         .0
    119.5000      -85.4      -74.3      132.8         .0         .0         .0         .0
    120.0000      -84.2      -73.1      133.2         .0         .0         .0         .0
    120.5000      -72.5      -72.1      134.2         .0         .0         .0         .0
    121.0000      -68.2      -67.1      135.9         .0         .0         .0         .0
    121.5000      -82.8      -63.3      137.0         .0         .0         .0         .0
    122.0000      -89.2      -67.4      137.2         .0         .0         .0         .0
    122.5000      -85.3      -70.5      137.3         .0         .0         .0         .0
    123.0000      -84.3      -70.1      137.4         .0         .0         .0         .0
    123.5000      -85.3      -69.7      137.3         .0         .0         .0         .0
    124.0000      -85.9      -70.3      137.1         .0         .0         .0         .0
    124.5000      -68.0      -70.7      138.1         .0         .0         .0         .0
    125.0000      -62.0      -63.5      140.5         .0         .0         .0         .0
    125.5000      -52.2      -58.2      144.9         .0         .0         .0         .0
    126.0000      -48.2      -51.0      151.4         .0         .0         .0         .0
    126.5000      -52.1      -45.3      157.4         .0         .0         .0         .0
    127.0000      -51.3      -43.6      162.7         .0         .0         .0         .0
    127.5000      -61.8      -40.8      164.2         .0         .0         .0         .0
    128.0000      -65.3      -43.4      163.8         .0         .0         .0         .0
    128.5000      -68.2      -45.2      162.3         .0         .0         .0         .0
    129.0000      -70.7      -47.5      160.5         .0         .0         .0         .0
    129.5000      -72.9      -49.7      158.7         .0         .0         .0         .0
    130.0000      -75.0      -51.7      156.9         .0         .0         .0         .0
    130.5000      -77.0      -53.7      155.2         .0         .0         .0         .0
    131.0000      -78.9      -55.6      153.5         .0         .0         .0         .0
    131.5000      -81.4      -57.4      151.7         .0         .0         .0         .0
    132.0000      -83.9      -59.7      149.8         .0         .0         .0         .0
    132.5000      -86.8      -62.0      147.8         .0         .0         .0         .0
    133.0000      -89.5      -64.5      145.8         .0         .0         .0         .0
    133.5000      -92.9      -67.0      143.7         .0         .0         .0         .0
    134.0000      -96.2      -69.9      141.6         .0         .0         .0         .0
    134.5000      -99.2      -72.8      139.5         .0         .0         .0         .0
    135.0000     -102.1      -75.4      137.5         .0         .0         .0         .0
    135.5000     -105.1      -78.0      135.5         .0         .0         .0         .0
    136.0000     -108.1      -80.7      133.6         .0         .0         .0         .0
    136.5000      -98.6      -83.3      132.2         .0         .0         .0         .0
    137.0000      -94.9      -80.9      131.4         .0         .0         .0         .0
    137.5000      -91.2      -79.3      130.7         .0         .0         .0         .0
    138.0000      -89.7      -78.2      130.3         .0         .0         .0         .0
    138.5000      -99.4      -77.5      129.7         .0         .0         .0         .0
    139.0000     -104.1      -80.6      128.9         .0         .0         .0         .0
    139.5000      -96.7      -83.2      128.3         .0         .0         .0         .0
    140.0000      -94.2      -81.6      128.0         .0         .0         .0         .0
    140.5000     -101.5      -80.4      127.6         .0         .0         .0         .0
    141.0000     -104.5      -82.2      127.2         .0         .0         .0         .0
    141.5000      -94.7      -83.7      126.9         .0         .0         .0         .0
    142.0000      -91.4      -81.4      126.8         .0         .0         .0         .0
    142.5000      -92.4      -79.7      126.8         .0         .0         .0         .0
    143.0000      -92.8      -79.9      126.7         .0         .0         .0         .0
    143.5000      -98.1      -80.2      126.5         .0         .0         .0         .0
    144.0000     -100.5      -81.7      126.2         .0         .0         .0         .0
    144.5000     -106.6      -83.0      125.7         .0         .0         .0         .0
    145.0000     -110.5      -86.0      124.9         .0         .0         .0         .0
    145.5000     -116.4      -88.4      123.7         .0         .0         .0         .0
    146.0000     -121.8      -92.7      122.3         .0         .0         .0         .0
    146.5000     -108.6      -96.6      120.9         .0         .0         .0         .0
    147.0000     -104.8      -95.0      119.7         .0         .0         .0         .0
    147.5000     -115.1      -93.9      118.8         .0         .0         .0         .0
    148.0000     -118.8      -95.3      117.9         .0         .0         .0         .0
    148.5000     -123.3      -96.9      117.0         .0         .0         .0         .0
    149.0000     -126.9      -99.7      115.9         .0         .0         .0         .0
    149.5000     -132.3     -102.2      114.7         .0         .0         .0         .0
    150.0000     -137.4     -106.1      113.4         .0         .0         .0         .0
    150.5000     -142.3     -109.8      112.0         .0         .0         .0         .0
    151.0000     -147.2     -113.4      110.5         .0         .0         .0         .0
    151.5000     -151.2     -116.9      109.1         .0         .0         .0         .0
    152.0000     -155.0     -119.8      107.6         .0         .0         .0         .0
    152.5000     -160.2     -122.7      106.1         .0         .0         .0         .0
    153.0000     -165.4     -126.6      104.6         .0         .0         .0         .0
    153.5000     -169.8     -130.4      103.1         .0         .0         .0         .0
    154.0000     -174.0     -133.5      101.6         .0         .0         .0         .0
    154.5000     -174.4     -136.6      100.2         .0         .0         .0         .0
    155.0000     -174.8     -137.0       98.9         .0         .0         .0         .0
    155.5000     -179.8     -137.7       97.6         .0         .0         .0         .0
    156.0000     -185.1     -141.8       96.3         .0         .0         .0         .0
    156.5000     -103.5     -145.7       95.1         .0         .0         .0         .0
    157.0000      -84.6     -123.8       94.3         .0         .0         .0         .0
    157.5000     -116.4     -107.1       93.7         .0         .0         .0         .0
    158.0000     -130.5     -111.5       93.3         .0         .0         .0         .0
    158.5000     -141.3     -116.8       92.9         .0         .0         .0         .0
    159.0000     -149.7     -122.2       92.4         .0         .0         .0         .0
    159.5000     -155.6     -127.0       91.8         .0         .0         .0         .0
    160.0000     -160.6     -130.5       91.1         .0         .0         .0         .0
    160.5000     -166.2     -133.8       90.4         .0         .0         .0         .0
    161.0000     -171.7     -137.6       89.6         .0         .0         .0         .0
    161.5000     -149.5     -141.3       88.8         .0         .0         .0         .0
    162.0000     -140.6     -136.6       88.1         .0         .0         .0         .0
    162.5000     -118.2     -132.6       87.5         .0         .0         .0         .0
    163.0000     -109.4     -125.4       87.0         .0         .0         .0         .0
    163.5000     -104.0     -119.0       86.7         .0         .0         .0         .0
    164.0000      -99.5     -112.5       86.6         .0         .0         .0         .0
    164.5000     -120.1     -107.2       86.7         .0         .0         .0         .0
    165.0000     -130.4     -112.1       86.8         .0         .0         .0         .0
    165.5000     -138.0     -116.9       86.9         .0         .0         .0         .0
    166.0000     -143.6     -120.7       86.8         .0         .0         .0         .0
    166.5000      -98.0     -124.1       86.8         .0         .0         .0         .0
    167.0000      -85.3     -111.0       87.0         .0         .0         .0         .0
    167.5000     -110.7     -100.4       87.4         .0         .0         .0         .0
    168.0000     -122.9     -105.5       87.7         .0         .0         .0         .0
    168.5000     -117.7     -110.9       88.1         .0         .0         .0         .0
    169.0000     -117.0     -111.4       88.3         .0         .0         .0         .0
    169.5000      -89.6     -111.5       88.7         .0         .0         .0         .0
    170.0000      -80.8     -101.7       89.3         .0         .0         .0         .0
    170.5000     -105.2      -93.7       90.0         .0         .0         .0         .0
    171.0000     -117.3      -99.9       90.6         .0         .0         .0         .0
    171.5000     -125.7     -105.9       91.1         .0         .0         .0         .0
    172.0000     -132.3     -110.6       91.3         .0         .0         .0         .0
    172.5000      -71.4     -114.7       91.7         .0         .0         .0         .0
    173.0000      -58.7      -94.0       92.7         .0         .0         .0         .0
    173.5000      -83.2      -79.0       94.2         .0         .0         .0         .0
    174.0000      -93.5      -84.9       95.6         .0         .0         .0         .0
    174.5000      -96.5      -90.6       96.9         .0         .0         .0         .0
    175.0000      -98.8      -92.9       97.9         .0         .0         .0         .0
    175.5000     -112.7      -94.6       98.6         .0         .0         .0         .0
    176.0000     -121.5     -100.7       99.0         .0         .0         .0         .0
    176.5000      -96.2     -106.0       99.1         .0         .0         .0         .0
    177.0000      -89.3     -101.4       99.3         .0         .0         .0         .0
    177.5000     -104.9      -97.3       99.5         .0         .0         .0         .0
    178.0000     -110.6      -99.5       99.7         .0         .0         .0         .0
    178.5000      -84.5     -101.7      100.1         .0         .0         .0         .0
    179.0000      -76.8      -93.5      100.8         .0         .0         .0         .0
    179.5000      -77.7      -86.8      101.9         .0         .0         .0         .0
    180.0000      -76.5      -83.8      103.3         .0         .0         .0         .0
    180.5000      -97.1      -81.5      104.6         .0         .0         .0         .0
    181.0000     -108.2      -88.4      105.5         .0         .0         .0         .0
    181.5000     -113.9      -94.6      105.9         .0         .0         .0         .0
    182.0000     -118.8      -98.6      106.0         .0         .0         .0         .0
    182.5000     -126.9     -101.9      105.8         .0         .0         .0         .0
    183.0000     -133.5     -107.0      105.2         .0         .0         .0         .0
    183.5000     -107.7     -111.4      104.8         .0         .0         .0         .0
    184.0000      -98.9     -104.2      104.6         .0         .0         .0         .0
    184.5000     -115.3      -98.5      104.5         .0         .0         .0         .0
    185.0000     -122.8     -102.1      104.3         .0         .0         .0         .0
    185.5000     -127.0     -105.6      103.9         .0         .0         .0         .0
    186.0000     -131.3     -109.0      103.4         .0         .0         .0         .0
    186.5000     -135.9     -112.1      102.8         .0         .0         .0         .0
    187.0000     -138.6     -113.8      102.2         .0         .0         .0         .0
    187.5000     -144.4     -115.4      101.5         .0         .0         .0         .0
    188.0000     -149.5     -119.3      100.6         .0         .0         .0         .0
    188.5000     -155.8     -122.7       99.7         .0         .0         .0         .0
    189.0000     -161.9     -127.2       98.6         .0         .0         .0         .0
    189.5000     -170.5     -131.4       97.5         .0         .0         .0         .0
    190.0000     -179.1     -137.4       96.2         .0         .0         .0         .0
    190.5000     -181.6     -143.1       95.0         .0         .0         .0         .0
    191.0000     -183.5     -144.3       93.8         .0         .0         .0         .0
    191.5000     -187.2     -145.7       92.6         .0         .0         .0         .0
    192.0000     -191.3     -148.6       91.4         .0         .0         .0         .0
    192.5000     -196.8     -151.6       90.2         .0         .0         .0         .0
    193.0000     -203.2     -156.4       89.0         .0         .0         .0         .0
    193.5000     -211.9     -161.1       87.7         .0         .0         .0         .0
    194.0000     -220.0     -166.3       86.4         .0         .0         .0         .0
    194.5000     -228.9     -171.4       85.2         .0         .0         .0         .0
    195.0000     -237.7     -176.9       83.9         .0         .0         .0         .0
    195.5000     -197.0     -182.4       82.6         .0         .0         .0         .0
    196.0000     -182.4     -176.9       81.4         .0         .0         .0         .0
    196.5000     -205.2     -172.0       80.2         .0         .0         .0         .0
    197.0000     -213.2     -173.3       79.1         .0         .0         .0         .0
    197.5000     -222.7     -175.1       78.0         .0         .0         .0         .0
    198.0000     -230.3     -179.1       77.0         .0         .0         .0         .0
    198.5000     -239.0     -183.1       75.9         .0         .0         .0         .0
    199.0000     -248.1     -188.6       74.9         .0         .0         .0         .0
    199.5000     -252.2     -194.1       73.8         .0         .0         .0         .0
    200.0000     -255.5     -195.7       72.8         .0         .0         .0         .0
    200.5000     -260.6     -197.4       71.8         .0         .0         .0         .0
    201.0000     -265.6     -200.9       70.8         .0         .0         .0         .0
    201.5000     -270.3     -204.2       69.7         .0         .0         .0         .0
    202.0000     -275.1     -207.3       68.8         .0         .0         .0         .0
    202.5000     -276.5     -210.4       67.8         .0         .0         .0         .0
    203.0000     -277.9     -211.0       66.9         .0         .0         .0         .0
    203.5000     -280.5     -211.9       65.9         .0         .0         .0         .0
    204.0000     -283.2     -214.0       65.0         .0         .0         .0         .0
    204.5000     -283.8     -216.1       64.2         .0         .0         .0         .0
    205.0000     -284.5     -216.5       63.3         .0         .0         .0         .0
    205.5000     -285.6     -217.2       62.4         .0         .0         .0         .0
    206.0000     -286.9     -218.4       61.6         .0         .0         .0         .0
    206.5000     -283.3     -219.6       60.8         .0         .0         .0         .0
    207.0000     -281.3     -219.2       60.0         .0         .0         .0         .0
    207.5000     -263.9     -218.9       59.2         .0         .0         .0         .0
    208.0000     -256.0     -217.5       58.5         .0         .0         .0         .0
    208.5000     -259.6     -216.1       57.7         .0         .0         .0         .0
    209.0000     -261.9     -218.7       56.9         .0         .0         .0         .0
    209.5000     -284.9     -221.2       56.2         .0         .0         .0         .0
    210.0000     -304.9     -231.1       55.4         .0         .0         .0         .0
    210.5000     -327.4     -241.6       54.6         .0         .0         .0         .0
    211.0000     -353.4     -255.4       53.8         .0         .0         .0         .0
    211.5000     -385.4     -270.0       53.0         .0         .0         .0         .0
    212.0000     -422.2     -289.6       52.1         .0         .0         .0         .0
    212.5000     -432.9     -310.6       51.2         .0         .0         .0         .0
    213.0000     -439.8     -308.5       50.3         .0         .0         .0         .0
    213.5000     -470.7     -307.5       49.4         .0         .0         .0         .0
    214.0000     -506.1     -326.7       48.5         .0         .0         .0         .0
    214.5000     -548.6     -346.9       47.6         .0         .0         .0         .0
    215.0000     -596.4     -369.1       46.7         .0         .0         .0         .0
    215.5000     -614.0     -393.3       45.8         .0         .0         .0         .0
    216.0000     -635.3     -401.8       44.9         .0         .0         .0         .0
    216.5000     -290.2     -410.8       44.0         .0         .0         .0         .0
    216.6667     -257.7     -350.0       43.7         .0         .0         .0         .0
    216.8333     -236.6     -333.1       43.4         .0         .0         .0         .0
    217.0000     -220.5     -317.3       43.1         .0         .0         .0         .0
    217.1429     -271.2     -302.8       42.8         .0         .0         .0         .0
    217.3571     -304.5     -301.3       42.5         .0         .0         .0         .0
    217.5714     -326.4     -301.5       42.1         .0         .0         .0         .0
    218.0000     -357.3     -302.8       41.4         .0         .0         .0         .0
    218.5000     -343.7     -306.9       40.6         .0         .0         .0         .0
    219.0000     -338.8     -300.3       39.8         .0         .0         .0         .0
    219.5000     -365.3     -294.7       39.0         .0         .0         .0         .0
    220.0000     -378.0     -295.1       38.3         .0         .0         .0         .0
    220.5000     -293.9     -296.0       37.6         .0         .0         .0         .0
    221.0000     -263.4     -280.6       36.9         .0         .0         .0         .0
    221.5000     -275.9     -266.1       36.3         .0         .0         .0         .0
    222.0000     -278.9     -267.4       35.7         .0         .0         .0         .0
    222.5000     -315.3     -269.0       35.0         .0         .0         .0         .0
    223.0000     -336.1     -275.2       34.4         .0         .0         .0         .0
    223.5000     -356.7     -281.9       33.8         .0         .0         .0         .0
    224.0000     -375.8     -291.1       33.2         .0         .0         .0         .0
    224.5000     -377.4     -300.6       32.6         .0         .0         .0         .0
    225.0000     -383.0     -303.6       32.0         .0         .0         .0         .0
    225.5000     -272.7     -307.0       31.4         .0         .0         .0         .0
    226.0000     -240.6     -294.7       30.8         .0         .0         .0         .0
    226.5000     -145.6     -282.7       30.2         .0         .0         .0         .0
    226.6667     -132.6     -240.1       30.0         .0         .0         .0         .0
    226.8333     -123.7     -228.0       29.8         .0         .0         .0         .0
    227.0000     -116.6     -216.4       29.7         .0         .0         .0         .0
    227.1429     -147.3     -205.2       29.5         .0         .0         .0         .0
    227.2857     -162.4     -203.9       29.3         .0         .0         .0         .0
    227.4643     -175.9     -203.7       29.1         .0         .0         .0         .0
    227.7321     -190.3     -204.3       28.8         .0         .0         .0         .0
    228.0000     -202.7     -206.1       28.6         .0         .0         .0         .0
    228.3333     -128.8     -208.7       28.2         .0         .0         .0         .0
    228.6667     -110.4     -193.0       27.9         .0         .0         .0         .0
    229.0000     -100.3     -178.1       27.6         .0         .0         .0         .0
    229.3333      -99.6     -164.0       27.3         .0         .0         .0         .0
    229.6667      -96.6     -154.0       27.0         .0         .0         .0         .0
    230.0000      -93.7     -145.5       26.7         .0         .0         .0         .0
    230.3333     -122.4     -137.9       26.5         .0         .0         .0         .0
    230.6667     -138.0     -141.7       26.3         .0         .0         .0         .0
    231.0000     -150.3     -146.9       26.2         .0         .0         .0         .0
    231.5000     -141.1     -152.7       26.0         .0         .0         .0         .0
    232.0000     -141.2     -156.0       25.9         .0         .0         .0         .0
    232.5000     -155.9     -158.6       25.9         .0         .0         .0         .0
    233.0000     -163.1     -162.1       25.9         .0         .0         .0         .0
    233.5000     -170.2     -165.8       25.9         .0         .0         .0         .0
    234.0000     -174.8     -168.7       26.0         .0         .0         .0         .0
    234.5000     -175.9     -171.4       26.0         .0         .0         .0         .0
    235.0000     -177.7     -173.2       26.1         .0         .0         .0         .0
    235.5000     -168.0     -174.9       26.1         .0         .0         .0         .0
    236.0000     -165.0     -175.4       26.1         .0         .0         .0         .0
    236.5000     -177.3     -175.6       26.2         .0         .0         .0         .0
    237.0000     -183.0     -178.5       26.2         .0         .0         .0         .0
    237.5000     -138.0     -181.4       26.2         .0         .0         .0         .0
    238.0000     -123.3     -169.0       26.2         .0         .0         .0         .0
    238.5000     -137.1     -157.5       26.1         .0         .0         .0         .0
    239.0000     -141.1     -157.0       26.1         .0         .0         .0         .0
    239.5000     -153.0     -157.2       26.2         .0         .0         .0         .0
    240.0000     -158.6     -159.1       26.2         .0         .0         .0         .0
    240.5000     -174.5     -161.3       26.2         .0         .0         .0         .0
    241.0000     -185.7     -167.9       26.3         .0         .0         .0         .0
    241.5000     -197.7     -174.4       26.3         .0         .0         .0         .0
    242.0000     -209.1     -182.3       26.4         .0         .0         .0         .0
    242.5000     -205.9     -190.3       26.4         .0         .0         .0         .0
    243.0000     -206.0     -191.7       26.4         .0         .0         .0         .0
    243.5000     -197.7     -192.9       26.4         .0         .0         .0         .0
    244.0000     -194.6     -192.9       26.3         .0         .0         .0         .0
    244.5000     -187.6     -192.7       26.3         .0         .0         .0         .0
    245.0000     -185.3     -193.3       26.2         .0         .0         .0         .0
    245.5000     -209.2     -193.7       26.1         .0         .0         .0         .0
    246.0000     -222.4     -199.3       26.0         .0         .0         .0         .0
    246.5000     -236.1     -204.9       25.8         .0         .0         .0         .0
    247.0000     -248.4     -213.0       25.7         .0         .0         .0         .0
    247.5000     -250.5     -220.8       25.5         .0         .0         .0         .0
    248.0000     -254.1     -223.2       25.3         .0         .0         .0         .0
    248.5000     -248.3     -225.8       25.1         .0         .0         .0         .0
    249.0000     -245.4     -224.0       24.8         .0         .0         .0         .0
    249.5000     -254.3     -222.5       24.6         .0         .0         .0         .0
    250.0000     -258.6     -223.9       24.3         .0         .0         .0         .0
    250.5000     -265.3     -225.3       24.1         .0         .0         .0         .0
    251.0000     -271.5     -229.7       23.8         .0         .0         .0         .0
    251.5000     -277.6     -233.8       23.6         .0         .0         .0         .0
    252.0000     -283.6     -237.8       23.3         .0         .0         .0         .0
    252.5000     -290.8     -241.7       23.0         .0         .0         .0         .0
    253.0000     -298.1     -246.5       22.7         .0         .0         .0         .0
    253.5000     -303.2     -251.1       22.4         .0         .0         .0         .0
    254.0000     -308.1     -254.0       22.1         .0         .0         .0         .0
    254.5000     -310.8     -256.9       21.8         .0         .0         .0         .0
    255.0000     -313.3     -258.1       21.5         .0         .0         .0         .0
    255.5000     -315.1     -259.4       21.2         .0         .0         .0         .0
    256.0000     -316.8     -260.3       20.8         .0         .0         .0         .0
    256.5000     -318.9     -261.3       20.5         .0         .0         .0         .0
    257.0000     -320.9     -262.7       20.2         .0         .0         .0         .0
    257.5000     -325.9     -264.0       19.8         .0         .0         .0         .0
    258.0000     -331.4     -268.0       19.5         .0         .0         .0         .0
    258.5000     -334.1     -271.8       19.2         .0         .0         .0         .0
    259.0000     -336.3     -272.9       18.8         .0         .0         .0         .0
    259.5000     -341.2     -274.1       18.5         .0         .0         .0         .0
    260.0000     -346.2     -277.6       18.1         .0         .0         .0         .0
    260.5000     -348.4     -281.0       17.8         .0         .0         .0         .0
    261.0000     -350.5     -282.0       17.4         .0         .0         .0         .0
    261.5000     -356.0     -283.1       17.1         .0         .0         .0         .0
    262.0000     -361.6     -287.1       16.7         .0         .0         .0         .0
    262.5000     -247.6     -290.9       16.4         .0         .0         .0         .0
    263.0000     -216.3     -278.6       16.0         .0         .0         .0         .0
    263.5000     -175.5     -266.9       15.6         .0         .0         .0         .0
    264.0000     -156.9     -246.6       15.3         .0         .0         .0         .0
    264.5000     -205.0     -228.3       14.9         .0         .0         .0         .0
    265.0000     -228.3     -229.7       14.6         .0         .0         .0         .0
    265.5000     -244.2     -233.4       14.2         .0         .0         .0         .0
    266.0000     -257.4     -237.0       13.9         .0         .0         .0         .0
    266.5000     -267.9     -241.2       13.5         .0         .0         .0         .0
    267.0000     -276.8     -245.1       13.2         .0         .0         .0         .0
    267.5000     -284.9     -249.0       12.9         .0         .0         .0         .0
    268.0000     -293.1     -252.9       12.6         .0         .0         .0         .0
    268.5000     -185.7     -256.9       12.3         .0         .0         .0         .0
    269.0000     -157.4     -236.4       12.0         .0         .0         .0         .0
    269.5000     -192.8     -217.8       11.7         .0         .0         .0         .0
    270.0000     -206.6     -219.2       11.4         .0         .0         .0         .0
    270.5000     -227.7     -221.9       11.1         .0         .0         .0         .0
    271.0000     -240.3     -225.3       10.8         .0         .0         .0         .0
    271.5000     -252.2     -228.9       10.5         .0         .0         .0         .0
    272.0000     -264.1     -234.5       10.3         .0         .0         .0         .0
    272.5000     -130.2     -240.6       10.0         .0         .0         .0         .0
    273.0000     -103.1     -203.9        9.8         .0         .0         .0         .0
