

 Time  ***    120.0000 ***

    n    x(n)   y(n)   z(n)       Q(n)      Q(n+1) ...

    1      .0      .0   230.0   .800E-01   .400E-01   .400E-01   .800E-01
    5      .0      .0   229.0   .000E+00   .000E+00   .000E+00   .000E+00
    9      .0      .0   228.0   .000E+00   .000E+00   .000E+00   .000E+00
   13      .0      .0   226.0   .000E+00   .000E+00   .000E+00   .000E+00
   17      .0      .0   224.0   .000E+00   .000E+00   .000E+00   .000E+00
   21      .0      .0   220.0   .000E+00   .000E+00   .000E+00   .000E+00
   25      .0      .0   215.0   .000E+00   .000E+00   .000E+00   .000E+00
   29      .0      .0   210.0   .000E+00   .000E+00   .000E+00   .000E+00
   33      .0      .0   205.0   .000E+00   .000E+00   .000E+00   .000E+00
   37      .0      .0   200.0   .000E+00   .000E+00   .000E+00   .000E+00
   41      .0      .0   190.0   .000E+00   .000E+00   .000E+00   .000E+00
   45      .0      .0   180.0   .000E+00   .000E+00   .000E+00   .000E+00
   49      .0      .0   170.0   .000E+00   .000E+00   .000E+00   .000E+00
   53      .0      .0   160.0   .000E+00   .000E+00   .000E+00   .000E+00
   57      .0      .0   150.0   .000E+00   .000E+00   .000E+00   .000E+00
   61      .0      .0   140.0   .000E+00   .000E+00   .000E+00   .000E+00
   65      .0      .0   130.0   .000E+00   .000E+00   .000E+00   .000E+00
   69      .0      .0   120.0   .000E+00   .000E+00   .000E+00   .000E+00
   73      .0      .0   110.0   .000E+00   .000E+00   .000E+00   .000E+00
   77      .0      .0   100.0   .000E+00   .000E+00   .000E+00   .000E+00
   81      .0      .0    90.0   .000E+00   .000E+00   .000E+00   .000E+00
   85      .0      .0    80.0   .000E+00   .000E+00   .000E+00   .000E+00
   89      .0      .0    70.0   .000E+00   .000E+00   .000E+00   .000E+00
   93      .0      .0    60.0   .000E+00   .000E+00   .000E+00   .000E+00
   97      .0      .0    50.0   .000E+00   .000E+00   .000E+00   .000E+00
  101      .0      .0    40.0   .000E+00   .000E+00   .000E+00   .000E+00
  105      .0      .0    30.0   .000E+00   .000E+00   .000E+00   .000E+00
  109      .0      .0    20.0   .000E+00   .000E+00   .000E+00   .000E+00
  113      .0      .0    10.0   .000E+00   .000E+00   .000E+00   .000E+00
  117      .0      .0     5.0   .000E+00   .000E+00   .000E+00   .000E+00
  121      .0      .0     2.0   .000E+00   .000E+00   .000E+00   .000E+00
  125      .0      .0     1.0   .000E+00   .000E+00   .000E+00   .000E+00
  129      .0      .0      .0  -.418E-02  -.209E-02  -.209E-02  -.418E-02


 Time  ***    151.0000 ***

    n    x(n)   y(n)   z(n)       Q(n)      Q(n+1) ...

    1      .0      .0   230.0   .000E+00   .000E+00   .000E+00   .000E+00
    5      .0      .0   229.0   .000E+00   .000E+00   .000E+00   .000E+00
    9      .0      .0   228.0   .000E+00   .000E+00   .000E+00   .000E+00
   13      .0      .0   226.0   .000E+00   .000E+00   .000E+00   .000E+00
   17      .0      .0   224.0   .000E+00   .000E+00   .000E+00   .000E+00
   21      .0      .0   220.0   .000E+00   .000E+00   .000E+00   .000E+00
   25      .0      .0   215.0   .000E+00   .000E+00   .000E+00   .000E+00
   29      .0      .0   210.0   .000E+00   .000E+00   .000E+00   .000E+00
   33      .0      .0   205.0   .000E+00   .000E+00   .000E+00   .000E+00
   37      .0      .0   200.0   .000E+00   .000E+00   .000E+00   .000E+00
   41      .0      .0   190.0   .000E+00   .000E+00   .000E+00   .000E+00
   45      .0      .0   180.0   .000E+00   .000E+00   .000E+00   .000E+00
   49      .0      .0   170.0   .000E+00   .000E+00   .000E+00   .000E+00
   53      .0      .0   160.0   .000E+00   .000E+00   .000E+00   .000E+00
   57      .0      .0   150.0   .000E+00   .000E+00   .000E+00   .000E+00
   61      .0      .0   140.0   .000E+00   .000E+00   .000E+00   .000E+00
   65      .0      .0   130.0   .000E+00   .000E+00   .000E+00   .000E+00
   69      .0      .0   120.0   .000E+00   .000E+00   .000E+00   .000E+00
   73      .0      .0   110.0   .000E+00   .000E+00   .000E+00   .000E+00
   77      .0      .0   100.0   .000E+00   .000E+00   .000E+00   .000E+00
   81      .0      .0    90.0   .000E+00   .000E+00   .000E+00   .000E+00
   85      .0      .0    80.0   .000E+00   .000E+00   .000E+00   .000E+00
   89      .0      .0    70.0   .000E+00   .000E+00   .000E+00   .000E+00
   93      .0      .0    60.0   .000E+00   .000E+00   .000E+00   .000E+00
   97      .0      .0    50.0   .000E+00   .000E+00   .000E+00   .000E+00
  101      .0      .0    40.0   .000E+00   .000E+00   .000E+00   .000E+00
  105      .0      .0    30.0   .000E+00   .000E+00   .000E+00   .000E+00
  109      .0      .0    20.0   .000E+00   .000E+00   .000E+00   .000E+00
  113      .0      .0    10.0   .000E+00   .000E+00   .000E+00   .000E+00
  117      .0      .0     5.0   .000E+00   .000E+00   .000E+00   .000E+00
  121      .0      .0     2.0   .000E+00   .000E+00   .000E+00   .000E+00
  125      .0      .0     1.0   .000E+00   .000E+00   .000E+00   .000E+00
  129      .0      .0      .0  -.240E-02  -.120E-02  -.120E-02  -.240E-02


 Time  ***    181.0000 ***

    n    x(n)   y(n)   z(n)       Q(n)      Q(n+1) ...

    1      .0      .0   230.0   .333E-02   .167E-02   .167E-02   .333E-02
    5      .0      .0   229.0   .000E+00   .000E+00   .000E+00   .000E+00
    9      .0      .0   228.0   .000E+00   .000E+00   .000E+00   .000E+00
   13      .0      .0   226.0   .000E+00   .000E+00   .000E+00   .000E+00
   17      .0      .0   224.0   .000E+00   .000E+00   .000E+00   .000E+00
   21      .0      .0   220.0   .000E+00   .000E+00   .000E+00   .000E+00
   25      .0      .0   215.0   .000E+00   .000E+00   .000E+00   .000E+00
   29      .0      .0   210.0   .000E+00   .000E+00   .000E+00   .000E+00
   33      .0      .0   205.0   .000E+00   .000E+00   .000E+00   .000E+00
   37      .0      .0   200.0   .000E+00   .000E+00   .000E+00   .000E+00
   41      .0      .0   190.0   .000E+00   .000E+00   .000E+00   .000E+00
   45      .0      .0   180.0   .000E+00   .000E+00   .000E+00   .000E+00
   49      .0      .0   170.0   .000E+00   .000E+00   .000E+00   .000E+00
   53      .0      .0   160.0   .000E+00   .000E+00   .000E+00   .000E+00
   57      .0      .0   150.0   .000E+00   .000E+00   .000E+00   .000E+00
   61      .0      .0   140.0   .000E+00   .000E+00   .000E+00   .000E+00
   65      .0      .0   130.0   .000E+00   .000E+00   .000E+00   .000E+00
   69      .0      .0   120.0   .000E+00   .000E+00   .000E+00   .000E+00
   73      .0      .0   110.0   .000E+00   .000E+00   .000E+00   .000E+00
   77      .0      .0   100.0   .000E+00   .000E+00   .000E+00   .000E+00
   81      .0      .0    90.0   .000E+00   .000E+00   .000E+00   .000E+00
   85      .0      .0    80.0   .000E+00   .000E+00   .000E+00   .000E+00
   89      .0      .0    70.0   .000E+00   .000E+00   .000E+00   .000E+00
   93      .0      .0    60.0   .000E+00   .000E+00   .000E+00   .000E+00
   97      .0      .0    50.0   .000E+00   .000E+00   .000E+00   .000E+00
  101      .0      .0    40.0   .000E+00   .000E+00   .000E+00   .000E+00
  105      .0      .0    30.0   .000E+00   .000E+00   .000E+00   .000E+00
  109      .0      .0    20.0   .000E+00   .000E+00   .000E+00   .000E+00
  113      .0      .0    10.0   .000E+00   .000E+00   .000E+00   .000E+00
  117      .0      .0     5.0   .000E+00   .000E+00   .000E+00   .000E+00
  121      .0      .0     2.0   .000E+00   .000E+00   .000E+00   .000E+00
  125      .0      .0     1.0   .000E+00   .000E+00   .000E+00   .000E+00
  129      .0      .0      .0  -.197E-02  -.984E-03  -.984E-03  -.197E-02


 Time  ***    212.0000 ***

    n    x(n)   y(n)   z(n)       Q(n)      Q(n+1) ...

    1      .0      .0   230.0   .000E+00   .000E+00   .000E+00   .000E+00
    5      .0      .0   229.0   .000E+00   .000E+00   .000E+00   .000E+00
    9      .0      .0   228.0   .000E+00   .000E+00   .000E+00   .000E+00
   13      .0      .0   226.0   .000E+00   .000E+00   .000E+00   .000E+00
   17      .0      .0   224.0   .000E+00   .000E+00   .000E+00   .000E+00
   21      .0      .0   220.0   .000E+00   .000E+00   .000E+00   .000E+00
   25      .0      .0   215.0   .000E+00   .000E+00   .000E+00   .000E+00
   29      .0      .0   210.0   .000E+00   .000E+00   .000E+00   .000E+00
   33      .0      .0   205.0   .000E+00   .000E+00   .000E+00   .000E+00
   37      .0      .0   200.0   .000E+00   .000E+00   .000E+00   .000E+00
   41      .0      .0   190.0   .000E+00   .000E+00   .000E+00   .000E+00
   45      .0      .0   180.0   .000E+00   .000E+00   .000E+00   .000E+00
   49      .0      .0   170.0   .000E+00   .000E+00   .000E+00   .000E+00
   53      .0      .0   160.0   .000E+00   .000E+00   .000E+00   .000E+00
   57      .0      .0   150.0   .000E+00   .000E+00   .000E+00   .000E+00
   61      .0      .0   140.0   .000E+00   .000E+00   .000E+00   .000E+00
   65      .0      .0   130.0   .000E+00   .000E+00   .000E+00   .000E+00
   69      .0      .0   120.0   .000E+00   .000E+00   .000E+00   .000E+00
   73      .0      .0   110.0   .000E+00   .000E+00   .000E+00   .000E+00
   77      .0      .0   100.0   .000E+00   .000E+00   .000E+00   .000E+00
   81      .0      .0    90.0   .000E+00   .000E+00   .000E+00   .000E+00
   85      .0      .0    80.0   .000E+00   .000E+00   .000E+00   .000E+00
   89      .0      .0    70.0   .000E+00   .000E+00   .000E+00   .000E+00
   93      .0      .0    60.0   .000E+00   .000E+00   .000E+00   .000E+00
   97      .0      .0    50.0   .000E+00   .000E+00   .000E+00   .000E+00
  101      .0      .0    40.0   .000E+00   .000E+00   .000E+00   .000E+00
  105      .0      .0    30.0   .000E+00   .000E+00   .000E+00   .000E+00
  109      .0      .0    20.0   .000E+00   .000E+00   .000E+00   .000E+00
  113      .0      .0    10.0   .000E+00   .000E+00   .000E+00   .000E+00
  117      .0      .0     5.0   .000E+00   .000E+00   .000E+00   .000E+00
  121      .0      .0     2.0   .000E+00   .000E+00   .000E+00   .000E+00
  125      .0      .0     1.0   .000E+00   .000E+00   .000E+00   .000E+00
  129      .0      .0      .0  -.495E-03  -.247E-03  -.247E-03  -.495E-03


 Time  ***    243.0000 ***

    n    x(n)   y(n)   z(n)       Q(n)      Q(n+1) ...

    1      .0      .0   230.0   .167E-01   .833E-02   .833E-02   .167E-01
    5      .0      .0   229.0   .000E+00   .000E+00   .000E+00   .000E+00
    9      .0      .0   228.0   .000E+00   .000E+00   .000E+00   .000E+00
   13      .0      .0   226.0   .000E+00   .000E+00   .000E+00   .000E+00
   17      .0      .0   224.0   .000E+00   .000E+00   .000E+00   .000E+00
   21      .0      .0   220.0   .000E+00   .000E+00   .000E+00   .000E+00
   25      .0      .0   215.0   .000E+00   .000E+00   .000E+00   .000E+00
   29      .0      .0   210.0   .000E+00   .000E+00   .000E+00   .000E+00
   33      .0      .0   205.0   .000E+00   .000E+00   .000E+00   .000E+00
   37      .0      .0   200.0   .000E+00   .000E+00   .000E+00   .000E+00
   41      .0      .0   190.0   .000E+00   .000E+00   .000E+00   .000E+00
   45      .0      .0   180.0   .000E+00   .000E+00   .000E+00   .000E+00
   49      .0      .0   170.0   .000E+00   .000E+00   .000E+00   .000E+00
   53      .0      .0   160.0   .000E+00   .000E+00   .000E+00   .000E+00
   57      .0      .0   150.0   .000E+00   .000E+00   .000E+00   .000E+00
   61      .0      .0   140.0   .000E+00   .000E+00   .000E+00   .000E+00
   65      .0      .0   130.0   .000E+00   .000E+00   .000E+00   .000E+00
   69      .0      .0   120.0   .000E+00   .000E+00   .000E+00   .000E+00
   73      .0      .0   110.0   .000E+00   .000E+00   .000E+00   .000E+00
   77      .0      .0   100.0   .000E+00   .000E+00   .000E+00   .000E+00
   81      .0      .0    90.0   .000E+00   .000E+00   .000E+00   .000E+00
   85      .0      .0    80.0   .000E+00   .000E+00   .000E+00   .000E+00
   89      .0      .0    70.0   .000E+00   .000E+00   .000E+00   .000E+00
   93      .0      .0    60.0   .000E+00   .000E+00   .000E+00   .000E+00
   97      .0      .0    50.0   .000E+00   .000E+00   .000E+00   .000E+00
  101      .0      .0    40.0   .000E+00   .000E+00   .000E+00   .000E+00
  105      .0      .0    30.0   .000E+00   .000E+00   .000E+00   .000E+00
  109      .0      .0    20.0   .000E+00   .000E+00   .000E+00   .000E+00
  113      .0      .0    10.0   .000E+00   .000E+00   .000E+00   .000E+00
  117      .0      .0     5.0   .000E+00   .000E+00   .000E+00   .000E+00
  121      .0      .0     2.0   .000E+00   .000E+00   .000E+00   .000E+00
  125      .0      .0     1.0   .000E+00   .000E+00   .000E+00   .000E+00
  129      .0      .0      .0  -.243E-03  -.122E-03  -.122E-03  -.243E-03


 Time  ***    273.0000 ***

    n    x(n)   y(n)   z(n)       Q(n)      Q(n+1) ...

    1      .0      .0   230.0   .347E+00   .173E+00   .173E+00   .347E+00
    5      .0      .0   229.0   .000E+00   .000E+00   .000E+00   .000E+00
    9      .0      .0   228.0   .000E+00   .000E+00   .000E+00   .000E+00
   13      .0      .0   226.0   .000E+00   .000E+00   .000E+00   .000E+00
   17      .0      .0   224.0   .000E+00   .000E+00   .000E+00   .000E+00
   21      .0      .0   220.0   .000E+00   .000E+00   .000E+00   .000E+00
   25      .0      .0   215.0   .000E+00   .000E+00   .000E+00   .000E+00
   29      .0      .0   210.0   .000E+00   .000E+00   .000E+00   .000E+00
   33      .0      .0   205.0   .000E+00   .000E+00   .000E+00   .000E+00
   37      .0      .0   200.0   .000E+00   .000E+00   .000E+00   .000E+00
   41      .0      .0   190.0   .000E+00   .000E+00   .000E+00   .000E+00
   45      .0      .0   180.0   .000E+00   .000E+00   .000E+00   .000E+00
   49      .0      .0   170.0   .000E+00   .000E+00   .000E+00   .000E+00
   53      .0      .0   160.0   .000E+00   .000E+00   .000E+00   .000E+00
   57      .0      .0   150.0   .000E+00   .000E+00   .000E+00   .000E+00
   61      .0      .0   140.0   .000E+00   .000E+00   .000E+00   .000E+00
   65      .0      .0   130.0   .000E+00   .000E+00   .000E+00   .000E+00
   69      .0      .0   120.0   .000E+00   .000E+00   .000E+00   .000E+00
   73      .0      .0   110.0   .000E+00   .000E+00   .000E+00   .000E+00
   77      .0      .0   100.0   .000E+00   .000E+00   .000E+00   .000E+00
   81      .0      .0    90.0   .000E+00   .000E+00   .000E+00   .000E+00
   85      .0      .0    80.0   .000E+00   .000E+00   .000E+00   .000E+00
   89      .0      .0    70.0   .000E+00   .000E+00   .000E+00   .000E+00
   93      .0      .0    60.0   .000E+00   .000E+00   .000E+00   .000E+00
   97      .0      .0    50.0   .000E+00   .000E+00   .000E+00   .000E+00
  101      .0      .0    40.0   .000E+00   .000E+00   .000E+00   .000E+00
  105      .0      .0    30.0   .000E+00   .000E+00   .000E+00   .000E+00
  109      .0      .0    20.0   .000E+00   .000E+00   .000E+00   .000E+00
  113      .0      .0    10.0   .000E+00   .000E+00   .000E+00   .000E+00
  117      .0      .0     5.0   .000E+00   .000E+00   .000E+00   .000E+00
  121      .0      .0     2.0   .000E+00   .000E+00   .000E+00   .000E+00
  125      .0      .0     1.0   .000E+00   .000E+00   .000E+00   .000E+00
  129      .0      .0      .0  -.157E-03  -.784E-04  -.784E-04  -.157E-03
