 Example 2 - Grass Field Problem (Hupselse Beek 1982)

 Program SWMS_3D
 Date:  21. 7.    Time:  12:34:19
 Time dependent boundary conditions
 Units: L = cm   , T = day  , M = -


 Time  ***     90.0000 ***

    n    x(n)   y(n)   z(n)      th(n)     th(n+1) ...

    1      .0      .0   230.0  .333  .333  .333  .333
    5      .0      .0   229.0  .334  .334  .334  .334
    9      .0      .0   228.0  .335  .335  .335  .335
   13      .0      .0   226.0  .337  .337  .337  .337
   17      .0      .0   224.0  .340  .340  .340  .340
   21      .0      .0   220.0  .344  .344  .344  .344
   25      .0      .0   215.0  .351  .351  .351  .351
   29      .0      .0   210.0  .357  .357  .357  .357
   33      .0      .0   205.0  .363  .363  .363  .363
   37      .0      .0   200.0  .370  .370  .370  .370
   41      .0      .0   190.0  .383  .383  .383  .383
   45      .0      .0   180.0  .337  .337  .337  .337
   49      .0      .0   170.0  .339  .339  .339  .339
   53      .0      .0   160.0  .339  .339  .339  .339
   57      .0      .0   150.0  .339  .339  .339  .339
   61      .0      .0   140.0  .339  .339  .339  .339
   65      .0      .0   130.0  .339  .339  .339  .339
   69      .0      .0   120.0  .339  .339  .339  .339
   73      .0      .0   110.0  .339  .339  .339  .339
   77      .0      .0   100.0  .339  .339  .339  .339
   81      .0      .0    90.0  .339  .339  .339  .339
   85      .0      .0    80.0  .339  .339  .339  .339
   89      .0      .0    70.0  .339  .339  .339  .339
   93      .0      .0    60.0  .339  .339  .339  .339
   97      .0      .0    50.0  .339  .339  .339  .339
  101      .0      .0    40.0  .339  .339  .339  .339
  105      .0      .0    30.0  .339  .339  .339  .339
  109      .0      .0    20.0  .339  .339  .339  .339
  113      .0      .0    10.0  .339  .339  .339  .339
  117      .0      .0     5.0  .339  .339  .339  .339
  121      .0      .0     2.0  .339  .339  .339  .339
  125      .0      .0     1.0  .339  .339  .339  .339
  129      .0      .0      .0  .339  .339  .339  .339


 Time  ***    120.0000 ***

    n    x(n)   y(n)   z(n)      th(n)     th(n+1) ...

    1      .0      .0   230.0  .305  .305  .305  .305
    5      .0      .0   229.0  .305  .305  .305  .305
    9      .0      .0   228.0  .305  .305  .305  .305
   13      .0      .0   226.0  .306  .306  .306  .306
   17      .0      .0   224.0  .307  .307  .307  .307
   21      .0      .0   220.0  .308  .308  .308  .308
   25      .0      .0   215.0  .311  .311  .311  .311
   29      .0      .0   210.0  .314  .314  .314  .314
   33      .0      .0   205.0  .318  .318  .318  .318
   37      .0      .0   200.0  .322  .322  .322  .322
   41      .0      .0   190.0  .331  .331  .331  .331
   45      .0      .0   180.0  .291  .291  .291  .291
   49      .0      .0   170.0  .304  .304  .304  .304
   53      .0      .0   160.0  .316  .316  .316  .316
   57      .0      .0   150.0  .327  .327  .327  .327
   61      .0      .0   140.0  .336  .336  .336  .336
   65      .0      .0   130.0  .339  .339  .339  .339
   69      .0      .0   120.0  .339  .339  .339  .339
   73      .0      .0   110.0  .339  .339  .339  .339
   77      .0      .0   100.0  .339  .339  .339  .339
   81      .0      .0    90.0  .339  .339  .339  .339
   85      .0      .0    80.0  .339  .339  .339  .339
   89      .0      .0    70.0  .339  .339  .339  .339
   93      .0      .0    60.0  .339  .339  .339  .339
   97      .0      .0    50.0  .339  .339  .339  .339
  101      .0      .0    40.0  .339  .339  .339  .339
  105      .0      .0    30.0  .339  .339  .339  .339
  109      .0      .0    20.0  .339  .339  .339  .339
  113      .0      .0    10.0  .339  .339  .339  .339
  117      .0      .0     5.0  .339  .339  .339  .339
  121      .0      .0     2.0  .339  .339  .339  .339
  125      .0      .0     1.0  .339  .339  .339  .339
  129      .0      .0      .0  .339  .339  .339  .339


 Time  ***    151.0000 ***

    n    x(n)   y(n)   z(n)      th(n)     th(n+1) ...

    1      .0      .0   230.0  .263  .263  .263  .263
    5      .0      .0   229.0  .263  .263  .263  .263
    9      .0      .0   228.0  .263  .263  .263  .263
   13      .0      .0   226.0  .265  .265  .265  .265
   17      .0      .0   224.0  .266  .266  .266  .266
   21      .0      .0   220.0  .269  .269  .269  .269
   25      .0      .0   215.0  .273  .273  .273  .273
   29      .0      .0   210.0  .279  .279  .279  .279
   33      .0      .0   205.0  .285  .285  .285  .285
   37      .0      .0   200.0  .292  .292  .292  .292
   41      .0      .0   190.0  .306  .306  .306  .306
   45      .0      .0   180.0  .262  .262  .262  .262
   49      .0      .0   170.0  .275  .275  .275  .275
   53      .0      .0   160.0  .287  .287  .287  .287
   57      .0      .0   150.0  .300  .300  .300  .300
   61      .0      .0   140.0  .313  .313  .313  .313
   65      .0      .0   130.0  .325  .325  .325  .325
   69      .0      .0   120.0  .334  .334  .334  .334
   73      .0      .0   110.0  .339  .339  .339  .339
   77      .0      .0   100.0  .339  .339  .339  .339
   81      .0      .0    90.0  .339  .339  .339  .339
   85      .0      .0    80.0  .339  .339  .339  .339
   89      .0      .0    70.0  .339  .339  .339  .339
   93      .0      .0    60.0  .339  .339  .339  .339
   97      .0      .0    50.0  .339  .339  .339  .339
  101      .0      .0    40.0  .339  .339  .339  .339
  105      .0      .0    30.0  .339  .339  .339  .339
  109      .0      .0    20.0  .339  .339  .339  .339
  113      .0      .0    10.0  .339  .339  .339  .339
  117      .0      .0     5.0  .339  .339  .339  .339
  121      .0      .0     2.0  .339  .339  .339  .339
  125      .0      .0     1.0  .339  .339  .339  .339
  129      .0      .0      .0  .339  .339  .339  .339


 Time  ***    181.0000 ***

    n    x(n)   y(n)   z(n)      th(n)     th(n+1) ...

    1      .0      .0   230.0  .286  .286  .286  .286
    5      .0      .0   229.0  .287  .287  .287  .287
    9      .0      .0   228.0  .287  .287  .287  .287
   13      .0      .0   226.0  .288  .288  .288  .288
   17      .0      .0   224.0  .289  .289  .289  .289
   21      .0      .0   220.0  .292  .292  .292  .292
   25      .0      .0   215.0  .294  .294  .294  .294
   29      .0      .0   210.0  .296  .296  .296  .296
   33      .0      .0   205.0  .298  .298  .298  .298
   37      .0      .0   200.0  .301  .301  .301  .301
   41      .0      .0   190.0  .306  .306  .306  .306
   45      .0      .0   180.0  .260  .260  .260  .260
   49      .0      .0   170.0  .270  .270  .270  .270
   53      .0      .0   160.0  .282  .282  .282  .282
   57      .0      .0   150.0  .294  .294  .294  .294
   61      .0      .0   140.0  .307  .307  .307  .307
   65      .0      .0   130.0  .319  .319  .319  .319
   69      .0      .0   120.0  .330  .330  .330  .330
   73      .0      .0   110.0  .338  .338  .338  .338
   77      .0      .0   100.0  .339  .339  .339  .339
   81      .0      .0    90.0  .339  .339  .339  .339
   85      .0      .0    80.0  .339  .339  .339  .339
   89      .0      .0    70.0  .339  .339  .339  .339
   93      .0      .0    60.0  .339  .339  .339  .339
   97      .0      .0    50.0  .339  .339  .339  .339
  101      .0      .0    40.0  .339  .339  .339  .339
  105      .0      .0    30.0  .339  .339  .339  .339
  109      .0      .0    20.0  .339  .339  .339  .339
  113      .0      .0    10.0  .339  .339  .339  .339
  117      .0      .0     5.0  .339  .339  .339  .339
  121      .0      .0     2.0  .339  .339  .339  .339
  125      .0      .0     1.0  .339  .339  .339  .339
  129      .0      .0      .0  .339  .339  .339  .339


 Time  ***    212.0000 ***

    n    x(n)   y(n)   z(n)      th(n)     th(n+1) ...

    1      .0      .0   230.0  .186  .186  .186  .186
    5      .0      .0   229.0  .186  .186  .186  .186
    9      .0      .0   228.0  .185  .185  .185  .185
   13      .0      .0   226.0  .185  .185  .185  .185
   17      .0      .0   224.0  .186  .186  .186  .186
   21      .0      .0   220.0  .189  .189  .189  .189
   25      .0      .0   215.0  .195  .195  .195  .195
   29      .0      .0   210.0  .205  .205  .205  .205
   33      .0      .0   205.0  .216  .216  .216  .216
   37      .0      .0   200.0  .229  .229  .229  .229
   41      .0      .0   190.0  .253  .253  .253  .253
   45      .0      .0   180.0  .201  .201  .201  .201
   49      .0      .0   170.0  .211  .211  .211  .211
   53      .0      .0   160.0  .221  .221  .221  .221
   57      .0      .0   150.0  .232  .232  .232  .232
   61      .0      .0   140.0  .242  .242  .242  .242
   65      .0      .0   130.0  .253  .253  .253  .253
   69      .0      .0   120.0  .265  .265  .265  .265
   73      .0      .0   110.0  .277  .277  .277  .277
   77      .0      .0   100.0  .289  .289  .289  .289
   81      .0      .0    90.0  .302  .302  .302  .302
   85      .0      .0    80.0  .315  .315  .315  .315
   89      .0      .0    70.0  .326  .326  .326  .326
   93      .0      .0    60.0  .335  .335  .335  .335
   97      .0      .0    50.0  .339  .339  .339  .339
  101      .0      .0    40.0  .339  .339  .339  .339
  105      .0      .0    30.0  .339  .339  .339  .339
  109      .0      .0    20.0  .339  .339  .339  .339
  113      .0      .0    10.0  .339  .339  .339  .339
  117      .0      .0     5.0  .339  .339  .339  .339
  121      .0      .0     2.0  .339  .339  .339  .339
  125      .0      .0     1.0  .339  .339  .339  .339
  129      .0      .0      .0  .339  .339  .339  .339


 Time  ***    243.0000 ***

    n    x(n)   y(n)   z(n)      th(n)     th(n+1) ...

    1      .0      .0   230.0  .237  .237  .237  .237
    5      .0      .0   229.0  .237  .237  .237  .237
    9      .0      .0   228.0  .237  .237  .237  .237
   13      .0      .0   226.0  .237  .236  .236  .237
   17      .0      .0   224.0  .237  .237  .237  .237
   21      .0      .0   220.0  .237  .237  .237  .237
   25      .0      .0   215.0  .238  .238  .238  .238
   29      .0      .0   210.0  .240  .240  .240  .240
   33      .0      .0   205.0  .243  .243  .243  .243
   37      .0      .0   200.0  .246  .246  .246  .246
   41      .0      .0   190.0  .252  .252  .252  .252
   45      .0      .0   180.0  .194  .194  .194  .194
   49      .0      .0   170.0  .200  .200  .200  .200
   53      .0      .0   160.0  .207  .207  .207  .207
   57      .0      .0   150.0  .214  .214  .214  .214
   61      .0      .0   140.0  .222  .222  .222  .222
   65      .0      .0   130.0  .231  .231  .231  .231
   69      .0      .0   120.0  .239  .239  .239  .239
   73      .0      .0   110.0  .249  .249  .249  .249
   77      .0      .0   100.0  .260  .260  .260  .260
   81      .0      .0    90.0  .271  .271  .271  .271
   85      .0      .0    80.0  .283  .283  .283  .283
   89      .0      .0    70.0  .295  .295  .295  .295
   93      .0      .0    60.0  .308  .308  .308  .308
   97      .0      .0    50.0  .320  .320  .320  .320
  101      .0      .0    40.0  .331  .331  .331  .331
  105      .0      .0    30.0  .338  .338  .338  .338
  109      .0      .0    20.0  .339  .339  .339  .339
  113      .0      .0    10.0  .339  .339  .339  .339
  117      .0      .0     5.0  .339  .339  .339  .339
  121      .0      .0     2.0  .339  .339  .339  .339
  125      .0      .0     1.0  .339  .339  .339  .339
  129      .0      .0      .0  .339  .339  .339  .339


 Time  ***    273.0000 ***

    n    x(n)   y(n)   z(n)      th(n)     th(n+1) ...

    1      .0      .0   230.0  .290  .290  .290  .290
    5      .0      .0   229.0  .287  .287  .287  .287
    9      .0      .0   228.0  .285  .285  .285  .285
   13      .0      .0   226.0  .279  .279  .279  .279
   17      .0      .0   224.0  .274  .274  .274  .274
   21      .0      .0   220.0  .263  .263  .263  .263
   25      .0      .0   215.0  .252  .252  .252  .252
   29      .0      .0   210.0  .243  .243  .243  .243
   33      .0      .0   205.0  .239  .239  .239  .239
   37      .0      .0   200.0  .237  .237  .237  .237
   41      .0      .0   190.0  .241  .241  .241  .241
   45      .0      .0   180.0  .180  .180  .180  .180
   49      .0      .0   170.0  .186  .186  .186  .186
   53      .0      .0   160.0  .193  .193  .193  .193
   57      .0      .0   150.0  .200  .200  .200  .200
   61      .0      .0   140.0  .207  .207  .207  .207
   65      .0      .0   130.0  .215  .215  .215  .215
   69      .0      .0   120.0  .224  .224  .224  .224
   73      .0      .0   110.0  .232  .232  .232  .232
   77      .0      .0   100.0  .242  .242  .242  .242
   81      .0      .0    90.0  .252  .252  .252  .252
   85      .0      .0    80.0  .263  .263  .263  .263
   89      .0      .0    70.0  .274  .274  .274  .274
   93      .0      .0    60.0  .287  .287  .287  .287
   97      .0      .0    50.0  .299  .299  .299  .299
  101      .0      .0    40.0  .312  .312  .312  .312
  105      .0      .0    30.0  .324  .324  .324  .324
  109      .0      .0    20.0  .334  .334  .334  .334
  113      .0      .0    10.0  .339  .339  .339  .339
  117      .0      .0     5.0  .339  .339  .339  .339
  121      .0      .0     2.0  .339  .339  .339  .339
  125      .0      .0     1.0  .339  .339  .339  .339
  129      .0      .0      .0  .339  .339  .339  .339
