 Example 2 - Grass Field Problem (Hupselse Beek 1982)                    
 
 Program SWMS_3D
 Date:  21. 7.    Time:  12:34:19
 Time dependent boundary conditions
 Units: L = cm   , T = day  , M = -    
 All fluxes (v) are positive out of the region

     Time       rAtm       rRoot      vAtm       vRoot      vKode3     vKode1     vSeep      vKode5     vKode6 ...
      [T]      [L/T]       [L/T]     [L/T]       [L/T]      [L3/T]     [L3/T]    [L3/T]      [L3/T]     [L3/T]

     90.0200   .000E+00   .160E+00   .000E+00   .160E+00   .388E-01   .000E+00   .000E+00   .000E+00   .000E+00
     90.0458   .000E+00   .160E+00   .000E+00   .160E+00   .387E-01   .000E+00   .000E+00   .000E+00   .000E+00
     90.0799   .000E+00   .160E+00   .000E+00   .160E+00   .385E-01   .000E+00   .000E+00   .000E+00   .000E+00
     90.1237   .000E+00   .160E+00   .000E+00   .160E+00   .384E-01   .000E+00   .000E+00   .000E+00   .000E+00
     90.1821   .000E+00   .160E+00   .000E+00   .160E+00   .383E-01   .000E+00   .000E+00   .000E+00   .000E+00
     90.2565   .000E+00   .160E+00   .000E+00   .160E+00   .381E-01   .000E+00   .000E+00   .000E+00   .000E+00
     90.3494   .000E+00   .160E+00   .000E+00   .160E+00   .379E-01   .000E+00   .000E+00   .000E+00   .000E+00
     90.4795   .000E+00   .160E+00   .000E+00   .160E+00   .376E-01   .000E+00   .000E+00   .000E+00   .000E+00
     90.6530   .000E+00   .160E+00   .000E+00   .160E+00   .372E-01   .000E+00   .000E+00   .000E+00   .000E+00
     90.8265   .000E+00   .160E+00   .000E+00   .160E+00   .367E-01   .000E+00   .000E+00   .000E+00   .000E+00
     91.0000   .000E+00   .160E+00   .000E+00   .160E+00   .362E-01   .000E+00   .000E+00   .000E+00   .000E+00
     91.2500  -.700E-01   .180E+00  -.700E-01   .180E+00   .357E-01   .000E+00   .000E+00   .000E+00   .000E+00
     91.6250  -.700E-01   .180E+00  -.700E-01   .180E+00   .350E-01   .000E+00   .000E+00   .000E+00   .000E+00
     92.0000  -.700E-01   .180E+00  -.700E-01   .180E+00   .341E-01   .000E+00   .000E+00   .000E+00   .000E+00
     92.5000  -.200E-01   .130E+00  -.200E-01   .130E+00   .334E-01   .000E+00   .000E+00   .000E+00   .000E+00
     93.0000  -.200E-01   .130E+00  -.200E-01   .130E+00   .325E-01   .000E+00   .000E+00   .000E+00   .000E+00
     93.5000   .000E+00   .200E+00   .000E+00   .200E+00   .316E-01   .000E+00   .000E+00   .000E+00   .000E+00
     94.0000   .000E+00   .200E+00   .000E+00   .200E+00   .304E-01   .000E+00   .000E+00   .000E+00   .000E+00
     94.5000   .000E+00   .280E+00   .000E+00   .280E+00   .291E-01   .000E+00   .000E+00   .000E+00   .000E+00
     95.0000   .000E+00   .280E+00   .000E+00   .280E+00   .276E-01   .000E+00   .000E+00   .000E+00   .000E+00
     95.5000  -.700E-01   .180E+00  -.700E-01   .180E+00   .262E-01   .000E+00   .000E+00   .000E+00   .000E+00
     96.0000  -.700E-01   .180E+00  -.700E-01   .180E+00   .253E-01   .000E+00   .000E+00   .000E+00   .000E+00
     96.5000  -.290E+00   .800E-01  -.290E+00   .800E-01   .246E-01   .000E+00   .000E+00   .000E+00   .000E+00
     97.0000  -.290E+00   .800E-01  -.290E+00   .800E-01   .247E-01   .000E+00   .000E+00   .000E+00   .000E+00
     97.5000  -.440E+00   .140E+00  -.440E+00   .140E+00   .252E-01   .000E+00   .000E+00   .000E+00   .000E+00
     98.0000  -.440E+00   .140E+00  -.440E+00   .140E+00   .262E-01   .000E+00   .000E+00   .000E+00   .000E+00
     98.5000  -.200E+00   .110E+00  -.200E+00   .110E+00   .275E-01   .000E+00   .000E+00   .000E+00   .000E+00
     99.0000  -.200E+00   .110E+00  -.200E+00   .110E+00   .284E-01   .000E+00   .000E+00   .000E+00   .000E+00
     99.5000  -.290E+00   .110E+00  -.290E+00   .110E+00   .289E-01   .000E+00   .000E+00   .000E+00   .000E+00
    100.0000  -.290E+00   .110E+00  -.290E+00   .110E+00   .296E-01   .000E+00   .000E+00   .000E+00   .000E+00
    100.5000  -.320E+00   .110E+00  -.320E+00   .110E+00   .305E-01   .000E+00   .000E+00   .000E+00   .000E+00
    101.0000  -.320E+00   .110E+00  -.320E+00   .110E+00   .315E-01   .000E+00   .000E+00   .000E+00   .000E+00
    101.5000  -.490E+00   .110E+00  -.490E+00   .110E+00   .327E-01   .000E+00   .000E+00   .000E+00   .000E+00
    102.0000  -.490E+00   .110E+00  -.490E+00   .110E+00   .347E-01   .000E+00   .000E+00   .000E+00   .000E+00
    102.5000  -.100E-01   .160E+00  -.100E-01   .160E+00   .374E-01   .000E+00   .000E+00   .000E+00   .000E+00
    103.0000  -.100E-01   .160E+00  -.100E-01   .160E+00   .372E-01   .000E+00   .000E+00   .000E+00   .000E+00
    103.5000   .000E+00   .170E+00   .000E+00   .170E+00   .361E-01   .000E+00   .000E+00   .000E+00   .000E+00
    104.0000   .000E+00   .170E+00   .000E+00   .170E+00   .347E-01   .000E+00   .000E+00   .000E+00   .000E+00
    104.5000   .000E+00   .220E+00   .000E+00   .220E+00   .333E-01   .000E+00   .000E+00   .000E+00   .000E+00
    105.0000   .000E+00   .220E+00   .000E+00   .220E+00   .318E-01   .000E+00   .000E+00   .000E+00   .000E+00
    105.5000   .000E+00   .210E+00   .000E+00   .210E+00   .303E-01   .000E+00   .000E+00   .000E+00   .000E+00
    106.0000   .000E+00   .210E+00   .000E+00   .210E+00   .290E-01   .000E+00   .000E+00   .000E+00   .000E+00
    106.5000   .000E+00   .230E+00   .000E+00   .230E+00   .277E-01   .000E+00   .000E+00   .000E+00   .000E+00
    107.0000   .000E+00   .230E+00   .000E+00   .230E+00   .265E-01   .000E+00   .000E+00   .000E+00   .000E+00
    107.5000   .000E+00   .230E+00   .000E+00   .230E+00   .253E-01   .000E+00   .000E+00   .000E+00   .000E+00
    108.0000   .000E+00   .230E+00   .000E+00   .230E+00   .242E-01   .000E+00   .000E+00   .000E+00   .000E+00
    108.5000   .000E+00   .240E+00   .000E+00   .240E+00   .232E-01   .000E+00   .000E+00   .000E+00   .000E+00
    109.0000   .000E+00   .240E+00   .000E+00   .240E+00   .223E-01   .000E+00   .000E+00   .000E+00   .000E+00
    109.5000   .000E+00   .180E+00   .000E+00   .180E+00   .213E-01   .000E+00   .000E+00   .000E+00   .000E+00
    110.0000   .000E+00   .180E+00   .000E+00   .180E+00   .206E-01   .000E+00   .000E+00   .000E+00   .000E+00
    110.5000   .000E+00   .150E+00   .000E+00   .150E+00   .199E-01   .000E+00   .000E+00   .000E+00   .000E+00
    111.0000   .000E+00   .150E+00   .000E+00   .150E+00   .193E-01   .000E+00   .000E+00   .000E+00   .000E+00
    111.5000   .000E+00   .190E+00   .000E+00   .190E+00   .188E-01   .000E+00   .000E+00   .000E+00   .000E+00
    112.0000   .000E+00   .190E+00   .000E+00   .190E+00   .182E-01   .000E+00   .000E+00   .000E+00   .000E+00
    112.5000  -.100E-01   .150E+00  -.100E-01   .150E+00   .177E-01   .000E+00   .000E+00   .000E+00   .000E+00
    113.0000  -.100E-01   .150E+00  -.100E-01   .150E+00   .172E-01   .000E+00   .000E+00   .000E+00   .000E+00
    113.5000  -.100E-01   .220E+00  -.100E-01   .220E+00   .168E-01   .000E+00   .000E+00   .000E+00   .000E+00
    114.0000  -.100E-01   .220E+00  -.100E-01   .220E+00   .163E-01   .000E+00   .000E+00   .000E+00   .000E+00
    114.5000   .000E+00   .230E+00   .000E+00   .230E+00   .158E-01   .000E+00   .000E+00   .000E+00   .000E+00
    115.0000   .000E+00   .230E+00   .000E+00   .230E+00   .153E-01   .000E+00   .000E+00   .000E+00   .000E+00
    115.5000  -.200E-01   .200E+00  -.200E-01   .200E+00   .148E-01   .000E+00   .000E+00   .000E+00   .000E+00
    116.0000  -.200E-01   .200E+00  -.200E-01   .200E+00   .144E-01   .000E+00   .000E+00   .000E+00   .000E+00
    116.5000   .000E+00   .170E+00   .000E+00   .170E+00   .140E-01   .000E+00   .000E+00   .000E+00   .000E+00
    117.0000   .000E+00   .170E+00   .000E+00   .170E+00   .136E-01   .000E+00   .000E+00   .000E+00   .000E+00
    117.5000  -.200E-01   .140E+00  -.200E-01   .140E+00   .133E-01   .000E+00   .000E+00   .000E+00   .000E+00
    118.0000  -.200E-01   .140E+00  -.200E-01   .140E+00   .130E-01   .000E+00   .000E+00   .000E+00   .000E+00
    118.5000  -.260E+00   .130E+00  -.260E+00   .130E+00   .127E-01   .000E+00   .000E+00   .000E+00   .000E+00
    119.0000  -.260E+00   .130E+00  -.260E+00   .130E+00   .125E-01   .000E+00   .000E+00   .000E+00   .000E+00
    119.5000  -.240E+00   .110E+00  -.240E+00   .110E+00   .125E-01   .000E+00   .000E+00   .000E+00   .000E+00
    120.0000  -.240E+00   .110E+00  -.240E+00   .110E+00   .125E-01   .000E+00   .000E+00   .000E+00   .000E+00
    120.5000  -.610E+00   .800E-01  -.610E+00   .800E-01   .127E-01   .000E+00   .000E+00   .000E+00   .000E+00
    121.0000  -.610E+00   .800E-01  -.610E+00   .800E-01   .130E-01   .000E+00   .000E+00   .000E+00   .000E+00
    121.5000   .000E+00   .210E+00   .000E+00   .210E+00   .136E-01   .000E+00   .000E+00   .000E+00   .000E+00
    122.0000   .000E+00   .210E+00   .000E+00   .210E+00   .140E-01   .000E+00   .000E+00   .000E+00   .000E+00
    122.5000  -.190E+00   .140E+00  -.190E+00   .140E+00   .141E-01   .000E+00   .000E+00   .000E+00   .000E+00
    123.0000  -.190E+00   .140E+00  -.190E+00   .140E+00   .142E-01   .000E+00   .000E+00   .000E+00   .000E+00
    123.5000  -.170E+00   .210E+00  -.170E+00   .210E+00   .142E-01   .000E+00   .000E+00   .000E+00   .000E+00
    124.0000  -.170E+00   .210E+00  -.170E+00   .210E+00   .141E-01   .000E+00   .000E+00   .000E+00   .000E+00
    124.5000  -.780E+00   .700E-01  -.780E+00   .700E-01   .141E-01   .000E+00   .000E+00   .000E+00   .000E+00
    125.0000  -.780E+00   .700E-01  -.780E+00   .700E-01   .145E-01   .000E+00   .000E+00   .000E+00   .000E+00
    125.5000  -.118E+01   .100E+00  -.118E+01   .100E+00   .154E-01   .000E+00   .000E+00   .000E+00   .000E+00
    126.0000  -.118E+01   .100E+00  -.118E+01   .100E+00   .173E-01   .000E+00   .000E+00   .000E+00   .000E+00
    126.5000  -.680E+00   .100E+00  -.680E+00   .100E+00   .206E-01   .000E+00   .000E+00   .000E+00   .000E+00
    127.0000  -.680E+00   .100E+00  -.680E+00   .100E+00   .242E-01   .000E+00   .000E+00   .000E+00   .000E+00
    127.5000   .000E+00   .160E+00   .000E+00   .160E+00   .279E-01   .000E+00   .000E+00   .000E+00   .000E+00
    128.0000   .000E+00   .160E+00   .000E+00   .160E+00   .290E-01   .000E+00   .000E+00   .000E+00   .000E+00
    128.5000   .000E+00   .260E+00   .000E+00   .260E+00   .287E-01   .000E+00   .000E+00   .000E+00   .000E+00
    129.0000   .000E+00   .260E+00   .000E+00   .260E+00   .276E-01   .000E+00   .000E+00   .000E+00   .000E+00
    129.5000   .000E+00   .260E+00   .000E+00   .260E+00   .263E-01   .000E+00   .000E+00   .000E+00   .000E+00
    130.0000   .000E+00   .260E+00   .000E+00   .260E+00   .250E-01   .000E+00   .000E+00   .000E+00   .000E+00
    130.5000   .000E+00   .250E+00   .000E+00   .250E+00   .239E-01   .000E+00   .000E+00   .000E+00   .000E+00
    131.0000   .000E+00   .250E+00   .000E+00   .250E+00   .228E-01   .000E+00   .000E+00   .000E+00   .000E+00
    131.5000   .000E+00   .310E+00   .000E+00   .310E+00   .218E-01   .000E+00   .000E+00   .000E+00   .000E+00
    132.0000   .000E+00   .310E+00   .000E+00   .310E+00   .208E-01   .000E+00   .000E+00   .000E+00   .000E+00
    132.5000   .000E+00   .350E+00   .000E+00   .350E+00   .197E-01   .000E+00   .000E+00   .000E+00   .000E+00
    133.0000   .000E+00   .350E+00   .000E+00   .350E+00   .187E-01   .000E+00   .000E+00   .000E+00   .000E+00
    133.5000   .000E+00   .410E+00   .000E+00   .410E+00   .178E-01   .000E+00   .000E+00   .000E+00   .000E+00
    134.0000   .000E+00   .410E+00   .000E+00   .410E+00   .168E-01   .000E+00   .000E+00   .000E+00   .000E+00
    134.5000   .000E+00   .390E+00   .000E+00   .390E+00   .159E-01   .000E+00   .000E+00   .000E+00   .000E+00
    135.0000   .000E+00   .390E+00   .000E+00   .390E+00   .150E-01   .000E+00   .000E+00   .000E+00   .000E+00
    135.5000   .000E+00   .400E+00   .000E+00   .400E+00   .142E-01   .000E+00   .000E+00   .000E+00   .000E+00
    136.0000   .000E+00   .400E+00   .000E+00   .400E+00   .135E-01   .000E+00   .000E+00   .000E+00   .000E+00
    136.5000  -.190E+00   .170E+00  -.190E+00   .170E+00   .128E-01   .000E+00   .000E+00   .000E+00   .000E+00
    137.0000  -.190E+00   .170E+00  -.190E+00   .170E+00   .124E-01   .000E+00   .000E+00   .000E+00   .000E+00
    137.5000  -.260E+00   .250E+00  -.260E+00   .250E+00   .121E-01   .000E+00   .000E+00   .000E+00   .000E+00
    138.0000  -.260E+00   .250E+00  -.260E+00   .250E+00   .119E-01   .000E+00   .000E+00   .000E+00   .000E+00
    138.5000  -.100E-01   .290E+00  -.100E-01   .290E+00   .117E-01   .000E+00   .000E+00   .000E+00   .000E+00
    139.0000  -.100E-01   .290E+00  -.100E-01   .290E+00   .115E-01   .000E+00   .000E+00   .000E+00   .000E+00
    139.5000  -.200E+00   .150E+00  -.200E+00   .150E+00   .113E-01   .000E+00   .000E+00   .000E+00   .000E+00
    140.0000  -.200E+00   .150E+00  -.200E+00   .150E+00   .111E-01   .000E+00   .000E+00   .000E+00   .000E+00
    140.5000   .000E+00   .160E+00   .000E+00   .160E+00   .110E-01   .000E+00   .000E+00   .000E+00   .000E+00
    141.0000   .000E+00   .160E+00   .000E+00   .160E+00   .109E-01   .000E+00   .000E+00   .000E+00   .000E+00
    141.5000  -.250E+00   .120E+00  -.250E+00   .120E+00   .108E-01   .000E+00   .000E+00   .000E+00   .000E+00
    142.0000  -.250E+00   .120E+00  -.250E+00   .120E+00   .107E-01   .000E+00   .000E+00   .000E+00   .000E+00
    142.5000  -.200E+00   .220E+00  -.200E+00   .220E+00   .107E-01   .000E+00   .000E+00   .000E+00   .000E+00
    143.0000  -.200E+00   .220E+00  -.200E+00   .220E+00   .107E-01   .000E+00   .000E+00   .000E+00   .000E+00
    143.5000  -.700E-01   .190E+00  -.700E-01   .190E+00   .106E-01   .000E+00   .000E+00   .000E+00   .000E+00
    144.0000  -.700E-01   .190E+00  -.700E-01   .190E+00   .106E-01   .000E+00   .000E+00   .000E+00   .000E+00
    144.5000   .000E+00   .270E+00   .000E+00   .270E+00   .105E-01   .000E+00   .000E+00   .000E+00   .000E+00
    145.0000   .000E+00   .270E+00   .000E+00   .270E+00   .104E-01   .000E+00   .000E+00   .000E+00   .000E+00
    145.5000   .000E+00   .440E+00   .000E+00   .440E+00   .101E-01   .000E+00   .000E+00   .000E+00   .000E+00
    146.0000   .000E+00   .440E+00   .000E+00   .440E+00   .984E-02   .000E+00   .000E+00   .000E+00   .000E+00
    146.5000  -.290E+00   .390E+00  -.290E+00   .390E+00   .947E-02   .000E+00   .000E+00   .000E+00   .000E+00
    147.0000  -.290E+00   .390E+00  -.290E+00   .390E+00   .913E-02   .000E+00   .000E+00   .000E+00   .000E+00
    147.5000  -.100E-01   .230E+00  -.100E-01   .230E+00   .884E-02   .000E+00   .000E+00   .000E+00   .000E+00
    148.0000  -.100E-01   .230E+00  -.100E-01   .230E+00   .862E-02   .000E+00   .000E+00   .000E+00   .000E+00
    148.5000   .000E+00   .310E+00   .000E+00   .310E+00   .842E-02   .000E+00   .000E+00   .000E+00   .000E+00
    149.0000   .000E+00   .310E+00   .000E+00   .310E+00   .821E-02   .000E+00   .000E+00   .000E+00   .000E+00
    149.5000   .000E+00   .420E+00   .000E+00   .420E+00   .799E-02   .000E+00   .000E+00   .000E+00   .000E+00
    150.0000   .000E+00   .420E+00   .000E+00   .420E+00   .773E-02   .000E+00   .000E+00   .000E+00   .000E+00
    150.5000   .000E+00   .430E+00   .000E+00   .430E+00   .747E-02   .000E+00   .000E+00   .000E+00   .000E+00
    151.0000   .000E+00   .430E+00   .000E+00   .430E+00   .719E-02   .000E+00   .000E+00   .000E+00   .000E+00
    151.5000   .000E+00   .400E+00   .000E+00   .400E+00   .692E-02   .000E+00   .000E+00   .000E+00   .000E+00
    152.0000   .000E+00   .400E+00   .000E+00   .400E+00   .665E-02   .000E+00   .000E+00   .000E+00   .000E+00
    152.5000   .000E+00   .460E+00   .000E+00   .460E+00   .639E-02   .000E+00   .000E+00   .000E+00   .000E+00
    153.0000   .000E+00   .460E+00   .000E+00   .460E+00   .615E-02   .000E+00   .000E+00   .000E+00   .000E+00
    153.5000   .000E+00   .420E+00   .000E+00   .420E+00   .590E-02   .000E+00   .000E+00   .000E+00   .000E+00
    154.0000   .000E+00   .420E+00   .000E+00   .420E+00   .567E-02   .000E+00   .000E+00   .000E+00   .000E+00
    154.5000   .000E+00   .280E+00   .000E+00   .280E+00   .545E-02   .000E+00   .000E+00   .000E+00   .000E+00
    155.0000   .000E+00   .280E+00   .000E+00   .280E+00   .525E-02   .000E+00   .000E+00   .000E+00   .000E+00
    155.5000   .000E+00   .440E+00   .000E+00   .440E+00   .506E-02   .000E+00   .000E+00   .000E+00   .000E+00
    156.0000   .000E+00   .440E+00   .000E+00   .440E+00   .489E-02   .000E+00   .000E+00   .000E+00   .000E+00
    156.5000  -.107E+01   .290E+00  -.107E+01   .290E+00   .472E-02   .000E+00   .000E+00   .000E+00   .000E+00
    157.0000  -.107E+01   .290E+00  -.107E+01   .290E+00   .457E-02   .000E+00   .000E+00   .000E+00   .000E+00
    157.5000  -.100E-01   .360E+00  -.100E-01   .360E+00   .447E-02   .000E+00   .000E+00   .000E+00   .000E+00
    158.0000  -.100E-01   .360E+00  -.100E-01   .360E+00   .441E-02   .000E+00   .000E+00   .000E+00   .000E+00
    158.5000   .000E+00   .360E+00   .000E+00   .360E+00   .436E-02   .000E+00   .000E+00   .000E+00   .000E+00
    159.0000   .000E+00   .360E+00   .000E+00   .360E+00   .431E-02   .000E+00   .000E+00   .000E+00   .000E+00
    159.5000   .000E+00   .300E+00   .000E+00   .300E+00   .426E-02   .000E+00   .000E+00   .000E+00   .000E+00
    160.0000   .000E+00   .300E+00   .000E+00   .300E+00   .419E-02   .000E+00   .000E+00   .000E+00   .000E+00
    160.5000   .000E+00   .340E+00   .000E+00   .340E+00   .412E-02   .000E+00   .000E+00   .000E+00   .000E+00
    161.0000   .000E+00   .340E+00   .000E+00   .340E+00   .404E-02   .000E+00   .000E+00   .000E+00   .000E+00
    161.5000  -.220E+00   .180E+00  -.220E+00   .180E+00   .395E-02   .000E+00   .000E+00   .000E+00   .000E+00
    162.0000  -.220E+00   .180E+00  -.220E+00   .180E+00   .387E-02   .000E+00   .000E+00   .000E+00   .000E+00
    162.5000  -.500E+00   .260E+00  -.500E+00   .260E+00   .379E-02   .000E+00   .000E+00   .000E+00   .000E+00
    163.0000  -.500E+00   .260E+00  -.500E+00   .260E+00   .373E-02   .000E+00   .000E+00   .000E+00   .000E+00
    163.5000  -.460E+00   .120E+00  -.460E+00   .120E+00   .368E-02   .000E+00   .000E+00   .000E+00   .000E+00
    164.0000  -.460E+00   .120E+00  -.460E+00   .120E+00   .365E-02   .000E+00   .000E+00   .000E+00   .000E+00
    164.5000  -.100E-01   .250E+00  -.100E-01   .250E+00   .365E-02   .000E+00   .000E+00   .000E+00   .000E+00
    165.0000  -.100E-01   .250E+00  -.100E-01   .250E+00   .366E-02   .000E+00   .000E+00   .000E+00   .000E+00
    165.5000   .000E+00   .200E+00   .000E+00   .200E+00   .367E-02   .000E+00   .000E+00   .000E+00   .000E+00
    166.0000   .000E+00   .200E+00   .000E+00   .200E+00   .367E-02   .000E+00   .000E+00   .000E+00   .000E+00
    166.5000  -.800E+00   .800E-01  -.800E+00   .800E-01   .367E-02   .000E+00   .000E+00   .000E+00   .000E+00
    167.0000  -.800E+00   .800E-01  -.800E+00   .800E-01   .367E-02   .000E+00   .000E+00   .000E+00   .000E+00
    167.5000   .000E+00   .230E+00   .000E+00   .230E+00   .369E-02   .000E+00   .000E+00   .000E+00   .000E+00
    168.0000   .000E+00   .230E+00   .000E+00   .230E+00   .372E-02   .000E+00   .000E+00   .000E+00   .000E+00
    168.5000  -.190E+00   .150E+00  -.190E+00   .150E+00   .376E-02   .000E+00   .000E+00   .000E+00   .000E+00
    169.0000  -.190E+00   .150E+00  -.190E+00   .150E+00   .379E-02   .000E+00   .000E+00   .000E+00   .000E+00
    169.5000  -.780E+00   .100E+00  -.780E+00   .100E+00   .382E-02   .000E+00   .000E+00   .000E+00   .000E+00
    170.0000  -.780E+00   .100E+00  -.780E+00   .100E+00   .385E-02   .000E+00   .000E+00   .000E+00   .000E+00
    170.5000  -.100E-01   .260E+00  -.100E-01   .260E+00   .391E-02   .000E+00   .000E+00   .000E+00   .000E+00
    171.0000  -.100E-01   .260E+00  -.100E-01   .260E+00   .399E-02   .000E+00   .000E+00   .000E+00   .000E+00
    171.5000   .000E+00   .200E+00   .000E+00   .200E+00   .406E-02   .000E+00   .000E+00   .000E+00   .000E+00
    172.0000   .000E+00   .200E+00   .000E+00   .200E+00   .411E-02   .000E+00   .000E+00   .000E+00   .000E+00
    172.5000  -.156E+01   .200E+00  -.156E+01   .200E+00   .414E-02   .000E+00   .000E+00   .000E+00   .000E+00
    173.0000  -.156E+01   .200E+00  -.156E+01   .200E+00   .418E-02   .000E+00   .000E+00   .000E+00   .000E+00
    173.5000  -.180E+00   .310E+00  -.180E+00   .310E+00   .429E-02   .000E+00   .000E+00   .000E+00   .000E+00
    174.0000  -.180E+00   .310E+00  -.180E+00   .310E+00   .446E-02   .000E+00   .000E+00   .000E+00   .000E+00
    174.5000  -.230E+00   .160E+00  -.230E+00   .160E+00   .464E-02   .000E+00   .000E+00   .000E+00   .000E+00
    175.0000  -.230E+00   .160E+00  -.230E+00   .160E+00   .480E-02   .000E+00   .000E+00   .000E+00   .000E+00
    175.5000  -.200E-01   .300E+00  -.200E-01   .300E+00   .494E-02   .000E+00   .000E+00   .000E+00   .000E+00
    176.0000  -.200E-01   .300E+00  -.200E-01   .300E+00   .503E-02   .000E+00   .000E+00   .000E+00   .000E+00
    176.5000  -.650E+00   .370E+00  -.650E+00   .370E+00   .508E-02   .000E+00   .000E+00   .000E+00   .000E+00
    177.0000  -.650E+00   .370E+00  -.650E+00   .370E+00   .510E-02   .000E+00   .000E+00   .000E+00   .000E+00
    177.5000  -.120E+00   .210E+00  -.120E+00   .210E+00   .511E-02   .000E+00   .000E+00   .000E+00   .000E+00
    178.0000  -.120E+00   .210E+00  -.120E+00   .210E+00   .514E-02   .000E+00   .000E+00   .000E+00   .000E+00
    178.5000  -.820E+00   .200E+00  -.820E+00   .200E+00   .517E-02   .000E+00   .000E+00   .000E+00   .000E+00
    179.0000  -.820E+00   .200E+00  -.820E+00   .200E+00   .522E-02   .000E+00   .000E+00   .000E+00   .000E+00
    179.5000  -.620E+00   .170E+00  -.620E+00   .170E+00   .533E-02   .000E+00   .000E+00   .000E+00   .000E+00
    180.0000  -.620E+00   .170E+00  -.620E+00   .170E+00   .549E-02   .000E+00   .000E+00   .000E+00   .000E+00
    180.5000  -.100E-01   .290E+00  -.100E-01   .290E+00   .570E-02   .000E+00   .000E+00   .000E+00   .000E+00
    181.0000  -.100E-01   .290E+00  -.100E-01   .290E+00   .590E-02   .000E+00   .000E+00   .000E+00   .000E+00
    181.5000  -.400E-01   .240E+00  -.400E-01   .240E+00   .604E-02   .000E+00   .000E+00   .000E+00   .000E+00
    182.0000  -.400E-01   .240E+00  -.400E-01   .240E+00   .611E-02   .000E+00   .000E+00   .000E+00   .000E+00
    182.5000  -.100E-01   .370E+00  -.100E-01   .370E+00   .613E-02   .000E+00   .000E+00   .000E+00   .000E+00
    183.0000  -.100E-01   .370E+00  -.100E-01   .370E+00   .609E-02   .000E+00   .000E+00   .000E+00   .000E+00
    183.5000  -.440E+00   .110E+00  -.440E+00   .110E+00   .600E-02   .000E+00   .000E+00   .000E+00   .000E+00
    184.0000  -.440E+00   .110E+00  -.440E+00   .110E+00   .593E-02   .000E+00   .000E+00   .000E+00   .000E+00
    184.5000  -.200E-01   .260E+00  -.200E-01   .260E+00   .590E-02   .000E+00   .000E+00   .000E+00   .000E+00
    185.0000  -.200E-01   .260E+00  -.200E-01   .260E+00   .588E-02   .000E+00   .000E+00   .000E+00   .000E+00
    185.5000  -.500E-01   .320E+00  -.500E-01   .320E+00   .584E-02   .000E+00   .000E+00   .000E+00   .000E+00
    186.0000  -.500E-01   .320E+00  -.500E-01   .320E+00   .579E-02   .000E+00   .000E+00   .000E+00   .000E+00
    186.5000  -.100E-01   .210E+00  -.100E-01   .210E+00   .571E-02   .000E+00   .000E+00   .000E+00   .000E+00
    187.0000  -.100E-01   .210E+00  -.100E-01   .210E+00   .562E-02   .000E+00   .000E+00   .000E+00   .000E+00
    187.5000   .000E+00   .340E+00   .000E+00   .340E+00   .553E-02   .000E+00   .000E+00   .000E+00   .000E+00
    188.0000   .000E+00   .340E+00   .000E+00   .340E+00   .543E-02   .000E+00   .000E+00   .000E+00   .000E+00
    188.5000   .000E+00   .410E+00   .000E+00   .410E+00   .531E-02   .000E+00   .000E+00   .000E+00   .000E+00
    189.0000   .000E+00   .410E+00   .000E+00   .410E+00   .517E-02   .000E+00   .000E+00   .000E+00   .000E+00
    189.5000   .000E+00   .510E+00   .000E+00   .510E+00   .503E-02   .000E+00   .000E+00   .000E+00   .000E+00
    190.0000   .000E+00   .510E+00   .000E+00   .510E+00   .488E-02   .000E+00   .000E+00   .000E+00   .000E+00
    190.5000   .000E+00   .300E+00   .000E+00   .300E+00   .472E-02   .000E+00   .000E+00   .000E+00   .000E+00
    191.0000   .000E+00   .300E+00   .000E+00   .300E+00   .456E-02   .000E+00   .000E+00   .000E+00   .000E+00
    191.5000   .000E+00   .370E+00   .000E+00   .370E+00   .442E-02   .000E+00   .000E+00   .000E+00   .000E+00
    192.0000   .000E+00   .370E+00   .000E+00   .370E+00   .428E-02   .000E+00   .000E+00   .000E+00   .000E+00
    192.5000  -.100E-01   .460E+00  -.100E-01   .460E+00   .415E-02   .000E+00   .000E+00   .000E+00   .000E+00
    193.0000  -.100E-01   .460E+00  -.100E-01   .460E+00   .402E-02   .000E+00   .000E+00   .000E+00   .000E+00
    193.5000   .000E+00   .470E+00   .000E+00   .470E+00   .389E-02   .000E+00   .000E+00   .000E+00   .000E+00
    194.0000   .000E+00   .470E+00   .000E+00   .470E+00   .376E-02   .000E+00   .000E+00   .000E+00   .000E+00
    194.5000   .000E+00   .480E+00   .000E+00   .480E+00   .363E-02   .000E+00   .000E+00   .000E+00   .000E+00
    195.0000   .000E+00   .480E+00   .000E+00   .480E+00   .351E-02   .000E+00   .000E+00   .000E+00   .000E+00
    195.5000  -.240E+00   .360E+00  -.240E+00   .360E+00   .339E-02   .000E+00   .000E+00   .000E+00   .000E+00
    196.0000  -.240E+00   .360E+00  -.240E+00   .360E+00   .328E-02   .000E+00   .000E+00   .000E+00   .000E+00
    196.5000  -.100E-01   .320E+00  -.100E-01   .320E+00   .317E-02   .000E+00   .000E+00   .000E+00   .000E+00
    197.0000  -.100E-01   .320E+00  -.100E-01   .320E+00   .307E-02   .000E+00   .000E+00   .000E+00   .000E+00
    197.5000   .000E+00   .380E+00   .000E+00   .380E+00   .298E-02   .000E+00   .000E+00   .000E+00   .000E+00
    198.0000   .000E+00   .380E+00   .000E+00   .380E+00   .290E-02   .000E+00   .000E+00   .000E+00   .000E+00
    198.5000   .000E+00   .430E+00   .000E+00   .430E+00   .282E-02   .000E+00   .000E+00   .000E+00   .000E+00
    199.0000   .000E+00   .430E+00   .000E+00   .430E+00   .274E-02   .000E+00   .000E+00   .000E+00   .000E+00
    199.5000   .000E+00   .300E+00   .000E+00   .300E+00   .266E-02   .000E+00   .000E+00   .000E+00   .000E+00
    200.0000   .000E+00   .300E+00   .000E+00   .300E+00   .259E-02   .000E+00   .000E+00   .000E+00   .000E+00
    200.5000   .000E+00   .350E+00   .000E+00   .350E+00   .252E-02   .000E+00   .000E+00   .000E+00   .000E+00
    201.0000   .000E+00   .350E+00   .000E+00   .350E+00   .245E-02   .000E+00   .000E+00   .000E+00   .000E+00
    201.5000   .000E+00   .340E+00   .000E+00   .340E+00   .239E-02   .000E+00   .000E+00   .000E+00   .000E+00
    202.0000   .000E+00   .340E+00   .000E+00   .340E+00   .232E-02   .000E+00   .000E+00   .000E+00   .000E+00
    202.5000   .000E+00   .260E+00   .000E+00   .260E+00   .226E-02   .000E+00   .000E+00   .000E+00   .000E+00
    203.0000   .000E+00   .260E+00   .000E+00   .260E+00   .221E-02   .000E+00   .000E+00   .000E+00   .000E+00
    203.5000   .000E+00   .290E+00   .000E+00   .290E+00   .215E-02   .000E+00   .000E+00   .000E+00   .000E+00
    204.0000   .000E+00   .290E+00   .000E+00   .290E+00   .210E-02   .000E+00   .000E+00   .000E+00   .000E+00
    204.5000   .000E+00   .240E+00   .000E+00   .240E+00   .205E-02   .000E+00   .000E+00   .000E+00   .000E+00
    205.0000   .000E+00   .240E+00   .000E+00   .240E+00   .200E-02   .000E+00   .000E+00   .000E+00   .000E+00
    205.5000   .000E+00   .250E+00   .000E+00   .250E+00   .195E-02   .000E+00   .000E+00   .000E+00   .000E+00
    206.0000   .000E+00   .250E+00   .000E+00   .250E+00   .191E-02   .000E+00   .000E+00   .000E+00   .000E+00
    206.5000  -.100E-01   .210E+00  -.100E-01   .210E+00   .187E-02   .000E+00   .000E+00   .000E+00   .000E+00
    207.0000  -.100E-01   .210E+00  -.100E-01   .210E+00   .183E-02   .000E+00   .000E+00   .000E+00   .000E+00
    207.5000  -.700E-01   .240E+00  -.700E-01   .240E+00   .179E-02   .000E+00   .000E+00   .000E+00   .000E+00
    208.0000  -.700E-01   .240E+00  -.700E-01   .240E+00   .175E-02   .000E+00   .000E+00   .000E+00   .000E+00
    208.5000  -.500E-01   .330E+00  -.500E-01   .330E+00   .172E-02   .000E+00   .000E+00   .000E+00   .000E+00
    209.0000  -.500E-01   .330E+00  -.500E-01   .330E+00   .168E-02   .000E+00   .000E+00   .000E+00   .000E+00
    209.5000   .000E+00   .480E+00   .000E+00   .479E+00   .165E-02   .000E+00   .000E+00   .000E+00   .000E+00
    210.0000   .000E+00   .480E+00   .000E+00   .479E+00   .162E-02   .000E+00   .000E+00   .000E+00   .000E+00
    210.5000   .000E+00   .560E+00   .000E+00   .556E+00   .158E-02   .000E+00   .000E+00   .000E+00   .000E+00
    211.0000   .000E+00   .560E+00   .000E+00   .555E+00   .155E-02   .000E+00   .000E+00   .000E+00   .000E+00
    211.5000   .000E+00   .650E+00   .000E+00   .643E+00   .152E-02   .000E+00   .000E+00   .000E+00   .000E+00
    212.0000   .000E+00   .650E+00   .000E+00   .641E+00   .148E-02   .000E+00   .000E+00   .000E+00   .000E+00
    212.5000   .000E+00   .220E+00   .000E+00   .220E+00   .145E-02   .000E+00   .000E+00   .000E+00   .000E+00
    213.0000   .000E+00   .220E+00   .000E+00   .220E+00   .142E-02   .000E+00   .000E+00   .000E+00   .000E+00
    213.5000   .000E+00   .580E+00   .000E+00   .571E+00   .138E-02   .000E+00   .000E+00   .000E+00   .000E+00
    214.0000   .000E+00   .580E+00   .000E+00   .569E+00   .135E-02   .000E+00   .000E+00   .000E+00   .000E+00
    214.5000   .000E+00   .590E+00   .000E+00   .577E+00   .132E-02   .000E+00   .000E+00   .000E+00   .000E+00
    215.0000   .000E+00   .590E+00   .000E+00   .575E+00   .129E-02   .000E+00   .000E+00   .000E+00   .000E+00
    215.5000  -.100E-01   .380E+00  -.100E-01   .376E+00   .125E-02   .000E+00   .000E+00   .000E+00   .000E+00
    216.0000  -.100E-01   .380E+00  -.100E-01   .376E+00   .122E-02   .000E+00   .000E+00   .000E+00   .000E+00
    216.5000  -.520E+00   .500E-01  -.520E+00   .500E-01   .120E-02   .000E+00   .000E+00   .000E+00   .000E+00
    216.6667  -.520E+00   .500E-01  -.520E+00   .500E-01   .117E-02   .000E+00   .000E+00   .000E+00   .000E+00
    216.8333  -.520E+00   .500E-01  -.520E+00   .500E-01   .116E-02   .000E+00   .000E+00   .000E+00   .000E+00
    217.0000  -.520E+00   .500E-01  -.520E+00   .500E-01   .115E-02   .000E+00   .000E+00   .000E+00   .000E+00
    217.1429   .000E+00   .320E+00   .000E+00   .320E+00   .114E-02   .000E+00   .000E+00   .000E+00   .000E+00
    217.3571   .000E+00   .320E+00   .000E+00   .320E+00   .113E-02   .000E+00   .000E+00   .000E+00   .000E+00
    217.5714   .000E+00   .320E+00   .000E+00   .320E+00   .112E-02   .000E+00   .000E+00   .000E+00   .000E+00
    218.0000   .000E+00   .320E+00   .000E+00   .320E+00   .111E-02   .000E+00   .000E+00   .000E+00   .000E+00
    218.5000  -.600E-01   .160E+00  -.600E-01   .160E+00   .109E-02   .000E+00   .000E+00   .000E+00   .000E+00
    219.0000  -.600E-01   .160E+00  -.600E-01   .160E+00   .107E-02   .000E+00   .000E+00   .000E+00   .000E+00
    219.5000   .000E+00   .210E+00   .000E+00   .210E+00   .104E-02   .000E+00   .000E+00   .000E+00   .000E+00
    220.0000   .000E+00   .210E+00   .000E+00   .210E+00   .102E-02   .000E+00   .000E+00   .000E+00   .000E+00
    220.5000  -.200E+00   .900E-01  -.200E+00   .900E-01   .100E-02   .000E+00   .000E+00   .000E+00   .000E+00
    221.0000  -.200E+00   .900E-01  -.200E+00   .900E-01   .984E-03   .000E+00   .000E+00   .000E+00   .000E+00
    221.5000  -.100E+00   .320E+00  -.100E+00   .320E+00   .966E-03   .000E+00   .000E+00   .000E+00   .000E+00
    222.0000  -.100E+00   .320E+00  -.100E+00   .320E+00   .950E-03   .000E+00   .000E+00   .000E+00   .000E+00
    222.5000   .000E+00   .320E+00   .000E+00   .320E+00   .934E-03   .000E+00   .000E+00   .000E+00   .000E+00
    223.0000   .000E+00   .320E+00   .000E+00   .320E+00   .918E-03   .000E+00   .000E+00   .000E+00   .000E+00
    223.5000   .000E+00   .360E+00   .000E+00   .360E+00   .903E-03   .000E+00   .000E+00   .000E+00   .000E+00
    224.0000   .000E+00   .360E+00   .000E+00   .360E+00   .889E-03   .000E+00   .000E+00   .000E+00   .000E+00
    224.5000  -.200E-01   .260E+00  -.200E-01   .260E+00   .875E-03   .000E+00   .000E+00   .000E+00   .000E+00
    225.0000  -.200E-01   .260E+00  -.200E-01   .260E+00   .860E-03   .000E+00   .000E+00   .000E+00   .000E+00
    225.5000  -.310E+00   .270E+00  -.310E+00   .270E+00   .847E-03   .000E+00   .000E+00   .000E+00   .000E+00
    226.0000  -.310E+00   .270E+00  -.310E+00   .270E+00   .833E-03   .000E+00   .000E+00   .000E+00   .000E+00
    226.5000  -.950E+00   .110E+00  -.950E+00   .110E+00   .820E-03   .000E+00   .000E+00   .000E+00   .000E+00
    226.6667  -.950E+00   .110E+00  -.950E+00   .110E+00   .808E-03   .000E+00   .000E+00   .000E+00   .000E+00
    226.8333  -.950E+00   .110E+00  -.950E+00   .110E+00   .803E-03   .000E+00   .000E+00   .000E+00   .000E+00
    227.0000  -.950E+00   .110E+00  -.950E+00   .110E+00   .799E-03   .000E+00   .000E+00   .000E+00   .000E+00
    227.1429   .000E+00   .270E+00   .000E+00   .270E+00   .795E-03   .000E+00   .000E+00   .000E+00   .000E+00
    227.2857   .000E+00   .270E+00   .000E+00   .270E+00   .792E-03   .000E+00   .000E+00   .000E+00   .000E+00
    227.4643   .000E+00   .270E+00   .000E+00   .270E+00   .788E-03   .000E+00   .000E+00   .000E+00   .000E+00
    227.7321   .000E+00   .270E+00   .000E+00   .270E+00   .784E-03   .000E+00   .000E+00   .000E+00   .000E+00
    228.0000   .000E+00   .270E+00   .000E+00   .270E+00   .778E-03   .000E+00   .000E+00   .000E+00   .000E+00
    228.3333  -.970E+00   .220E+00  -.970E+00   .220E+00   .772E-03   .000E+00   .000E+00   .000E+00   .000E+00
    228.6667  -.970E+00   .220E+00  -.970E+00   .220E+00   .765E-03   .000E+00   .000E+00   .000E+00   .000E+00
    229.0000  -.970E+00   .220E+00  -.970E+00   .220E+00   .758E-03   .000E+00   .000E+00   .000E+00   .000E+00
    229.3333  -.780E+00   .240E+00  -.780E+00   .240E+00   .752E-03   .000E+00   .000E+00   .000E+00   .000E+00
    229.6667  -.780E+00   .240E+00  -.780E+00   .240E+00   .746E-03   .000E+00   .000E+00   .000E+00   .000E+00
    230.0000  -.780E+00   .240E+00  -.780E+00   .240E+00   .740E-03   .000E+00   .000E+00   .000E+00   .000E+00
    230.3333   .000E+00   .300E+00   .000E+00   .300E+00   .735E-03   .000E+00   .000E+00   .000E+00   .000E+00
    230.6667   .000E+00   .300E+00   .000E+00   .300E+00   .731E-03   .000E+00   .000E+00   .000E+00   .000E+00
    231.0000   .000E+00   .300E+00   .000E+00   .300E+00   .727E-03   .000E+00   .000E+00   .000E+00   .000E+00
    231.5000  -.260E+00   .330E+00  -.260E+00   .330E+00   .724E-03   .000E+00   .000E+00   .000E+00   .000E+00
    232.0000  -.260E+00   .330E+00  -.260E+00   .330E+00   .721E-03   .000E+00   .000E+00   .000E+00   .000E+00
    232.5000  -.800E-01   .200E+00  -.800E-01   .200E+00   .720E-03   .000E+00   .000E+00   .000E+00   .000E+00
    233.0000  -.800E-01   .200E+00  -.800E-01   .200E+00   .719E-03   .000E+00   .000E+00   .000E+00   .000E+00
    233.5000  -.600E-01   .150E+00  -.600E-01   .150E+00   .720E-03   .000E+00   .000E+00   .000E+00   .000E+00
    234.0000  -.600E-01   .150E+00  -.600E-01   .150E+00   .720E-03   .000E+00   .000E+00   .000E+00   .000E+00
    234.5000  -.800E-01   .140E+00  -.800E-01   .140E+00   .721E-03   .000E+00   .000E+00   .000E+00   .000E+00
    235.0000  -.800E-01   .140E+00  -.800E-01   .140E+00   .722E-03   .000E+00   .000E+00   .000E+00   .000E+00
    235.5000  -.190E+00   .210E+00  -.190E+00   .210E+00   .723E-03   .000E+00   .000E+00   .000E+00   .000E+00
    236.0000  -.190E+00   .210E+00  -.190E+00   .210E+00   .723E-03   .000E+00   .000E+00   .000E+00   .000E+00
    236.5000  -.700E-01   .200E+00  -.700E-01   .200E+00   .724E-03   .000E+00   .000E+00   .000E+00   .000E+00
    237.0000  -.700E-01   .200E+00  -.700E-01   .200E+00   .724E-03   .000E+00   .000E+00   .000E+00   .000E+00
    237.5000  -.530E+00   .600E-01  -.530E+00   .600E-01   .725E-03   .000E+00   .000E+00   .000E+00   .000E+00
    238.0000  -.530E+00   .600E-01  -.530E+00   .600E-01   .724E-03   .000E+00   .000E+00   .000E+00   .000E+00
    238.5000  -.200E+00   .180E+00  -.200E+00   .180E+00   .724E-03   .000E+00   .000E+00   .000E+00   .000E+00
    239.0000  -.200E+00   .180E+00  -.200E+00   .180E+00   .724E-03   .000E+00   .000E+00   .000E+00   .000E+00
    239.5000  -.800E-01   .130E+00  -.800E-01   .130E+00   .724E-03   .000E+00   .000E+00   .000E+00   .000E+00
    240.0000  -.800E-01   .130E+00  -.800E-01   .130E+00   .724E-03   .000E+00   .000E+00   .000E+00   .000E+00
    240.5000   .000E+00   .230E+00   .000E+00   .230E+00   .725E-03   .000E+00   .000E+00   .000E+00   .000E+00
    241.0000   .000E+00   .230E+00   .000E+00   .230E+00   .726E-03   .000E+00   .000E+00   .000E+00   .000E+00
    241.5000   .000E+00   .300E+00   .000E+00   .300E+00   .727E-03   .000E+00   .000E+00   .000E+00   .000E+00
    242.0000   .000E+00   .300E+00   .000E+00   .300E+00   .728E-03   .000E+00   .000E+00   .000E+00   .000E+00
    242.5000  -.500E-01   .130E+00  -.500E-01   .130E+00   .729E-03   .000E+00   .000E+00   .000E+00   .000E+00
    243.0000  -.500E-01   .130E+00  -.500E-01   .130E+00   .729E-03   .000E+00   .000E+00   .000E+00   .000E+00
    243.5000  -.110E+00   .150E+00  -.110E+00   .150E+00   .729E-03   .000E+00   .000E+00   .000E+00   .000E+00
    244.0000  -.110E+00   .150E+00  -.110E+00   .150E+00   .729E-03   .000E+00   .000E+00   .000E+00   .000E+00
    244.5000  -.160E+00   .230E+00  -.160E+00   .230E+00   .728E-03   .000E+00   .000E+00   .000E+00   .000E+00
    245.0000  -.160E+00   .230E+00  -.160E+00   .230E+00   .727E-03   .000E+00   .000E+00   .000E+00   .000E+00
    245.5000   .000E+00   .250E+00   .000E+00   .250E+00   .725E-03   .000E+00   .000E+00   .000E+00   .000E+00
    246.0000   .000E+00   .250E+00   .000E+00   .250E+00   .723E-03   .000E+00   .000E+00   .000E+00   .000E+00
    246.5000   .000E+00   .310E+00   .000E+00   .310E+00   .720E-03   .000E+00   .000E+00   .000E+00   .000E+00
    247.0000   .000E+00   .310E+00   .000E+00   .310E+00   .718E-03   .000E+00   .000E+00   .000E+00   .000E+00
    247.5000  -.200E-01   .180E+00  -.200E-01   .180E+00   .715E-03   .000E+00   .000E+00   .000E+00   .000E+00
    248.0000  -.200E-01   .180E+00  -.200E-01   .180E+00   .711E-03   .000E+00   .000E+00   .000E+00   .000E+00
    248.5000  -.400E-01   .800E-01  -.400E-01   .800E-01   .707E-03   .000E+00   .000E+00   .000E+00   .000E+00
    249.0000  -.400E-01   .800E-01  -.400E-01   .800E-01   .703E-03   .000E+00   .000E+00   .000E+00   .000E+00
    249.5000   .000E+00   .120E+00   .000E+00   .120E+00   .699E-03   .000E+00   .000E+00   .000E+00   .000E+00
    250.0000   .000E+00   .120E+00   .000E+00   .120E+00   .694E-03   .000E+00   .000E+00   .000E+00   .000E+00
    250.5000   .000E+00   .200E+00   .000E+00   .200E+00   .690E-03   .000E+00   .000E+00   .000E+00   .000E+00
    251.0000   .000E+00   .200E+00   .000E+00   .200E+00   .685E-03   .000E+00   .000E+00   .000E+00   .000E+00
    251.5000   .000E+00   .200E+00   .000E+00   .200E+00   .681E-03   .000E+00   .000E+00   .000E+00   .000E+00
    252.0000   .000E+00   .200E+00   .000E+00   .200E+00   .676E-03   .000E+00   .000E+00   .000E+00   .000E+00
    252.5000   .000E+00   .220E+00   .000E+00   .220E+00   .671E-03   .000E+00   .000E+00   .000E+00   .000E+00
    253.0000   .000E+00   .220E+00   .000E+00   .220E+00   .666E-03   .000E+00   .000E+00   .000E+00   .000E+00
    253.5000   .000E+00   .180E+00   .000E+00   .180E+00   .661E-03   .000E+00   .000E+00   .000E+00   .000E+00
    254.0000   .000E+00   .180E+00   .000E+00   .180E+00   .656E-03   .000E+00   .000E+00   .000E+00   .000E+00
    254.5000   .000E+00   .140E+00   .000E+00   .140E+00   .650E-03   .000E+00   .000E+00   .000E+00   .000E+00
    255.0000   .000E+00   .140E+00   .000E+00   .140E+00   .645E-03   .000E+00   .000E+00   .000E+00   .000E+00
    255.5000   .000E+00   .130E+00   .000E+00   .130E+00   .639E-03   .000E+00   .000E+00   .000E+00   .000E+00
    256.0000   .000E+00   .130E+00   .000E+00   .130E+00   .634E-03   .000E+00   .000E+00   .000E+00   .000E+00
    256.5000   .000E+00   .140E+00   .000E+00   .140E+00   .628E-03   .000E+00   .000E+00   .000E+00   .000E+00
    257.0000   .000E+00   .140E+00   .000E+00   .140E+00   .623E-03   .000E+00   .000E+00   .000E+00   .000E+00
    257.5000   .000E+00   .200E+00   .000E+00   .200E+00   .617E-03   .000E+00   .000E+00   .000E+00   .000E+00
    258.0000   .000E+00   .200E+00   .000E+00   .200E+00   .611E-03   .000E+00   .000E+00   .000E+00   .000E+00
    258.5000   .000E+00   .140E+00   .000E+00   .140E+00   .606E-03   .000E+00   .000E+00   .000E+00   .000E+00
    259.0000   .000E+00   .140E+00   .000E+00   .140E+00   .600E-03   .000E+00   .000E+00   .000E+00   .000E+00
    259.5000   .000E+00   .190E+00   .000E+00   .190E+00   .595E-03   .000E+00   .000E+00   .000E+00   .000E+00
    260.0000   .000E+00   .190E+00   .000E+00   .190E+00   .590E-03   .000E+00   .000E+00   .000E+00   .000E+00
    260.5000   .000E+00   .140E+00   .000E+00   .140E+00   .584E-03   .000E+00   .000E+00   .000E+00   .000E+00
    261.0000   .000E+00   .140E+00   .000E+00   .140E+00   .579E-03   .000E+00   .000E+00   .000E+00   .000E+00
    261.5000   .000E+00   .200E+00   .000E+00   .200E+00   .573E-03   .000E+00   .000E+00   .000E+00   .000E+00
    262.0000   .000E+00   .200E+00   .000E+00   .200E+00   .568E-03   .000E+00   .000E+00   .000E+00   .000E+00
    262.5000  -.350E+00   .230E+00  -.350E+00   .230E+00   .563E-03   .000E+00   .000E+00   .000E+00   .000E+00
    263.0000  -.350E+00   .230E+00  -.350E+00   .230E+00   .557E-03   .000E+00   .000E+00   .000E+00   .000E+00
    263.5000  -.520E+00   .160E+00  -.520E+00   .160E+00   .552E-03   .000E+00   .000E+00   .000E+00   .000E+00
    264.0000  -.520E+00   .160E+00  -.520E+00   .160E+00   .547E-03   .000E+00   .000E+00   .000E+00   .000E+00
    264.5000   .000E+00   .210E+00   .000E+00   .210E+00   .542E-03   .000E+00   .000E+00   .000E+00   .000E+00
    265.0000   .000E+00   .210E+00   .000E+00   .210E+00   .536E-03   .000E+00   .000E+00   .000E+00   .000E+00
    265.5000   .000E+00   .190E+00   .000E+00   .190E+00   .531E-03   .000E+00   .000E+00   .000E+00   .000E+00
    266.0000   .000E+00   .190E+00   .000E+00   .190E+00   .526E-03   .000E+00   .000E+00   .000E+00   .000E+00
    266.5000   .000E+00   .180E+00   .000E+00   .180E+00   .521E-03   .000E+00   .000E+00   .000E+00   .000E+00
    267.0000   .000E+00   .180E+00   .000E+00   .180E+00   .517E-03   .000E+00   .000E+00   .000E+00   .000E+00
    267.5000   .000E+00   .180E+00   .000E+00   .180E+00   .512E-03   .000E+00   .000E+00   .000E+00   .000E+00
    268.0000   .000E+00   .180E+00   .000E+00   .180E+00   .508E-03   .000E+00   .000E+00   .000E+00   .000E+00
    268.5000  -.530E+00   .900E-01  -.530E+00   .900E-01   .503E-03   .000E+00   .000E+00   .000E+00   .000E+00
    269.0000  -.530E+00   .900E-01  -.530E+00   .900E-01   .499E-03   .000E+00   .000E+00   .000E+00   .000E+00
    269.5000  -.700E-01   .230E+00  -.700E-01   .230E+00   .495E-03   .000E+00   .000E+00   .000E+00   .000E+00
    270.0000  -.700E-01   .230E+00  -.700E-01   .230E+00   .492E-03   .000E+00   .000E+00   .000E+00   .000E+00
    270.5000   .000E+00   .170E+00   .000E+00   .170E+00   .488E-03   .000E+00   .000E+00   .000E+00   .000E+00
    271.0000   .000E+00   .170E+00   .000E+00   .170E+00   .484E-03   .000E+00   .000E+00   .000E+00   .000E+00
    271.5000   .000E+00   .220E+00   .000E+00   .220E+00   .481E-03   .000E+00   .000E+00   .000E+00   .000E+00
    272.0000   .000E+00   .220E+00   .000E+00   .220E+00   .477E-03   .000E+00   .000E+00   .000E+00   .000E+00
    272.5000  -.104E+01   .000E+00  -.104E+01   .000E+00   .474E-03   .000E+00   .000E+00   .000E+00   .000E+00
    273.0000  -.104E+01   .000E+00  -.104E+01   .000E+00   .471E-03   .000E+00   .000E+00   .000E+00   .000E+00
