 Example 2 - Grass Field Problem (Hupselse Beek 1982)                    
 
 Program SWMS_3D
 Date:  21. 7.    Time:  12:34:19
 Time dependent boundary conditions
 Units: L = cm   , T = day  , M = -    


 Time  ***    120.0000 ***

    n    x(n)  y(n)  z(n)     vx(n)     vx(n+1) ...

    1      .0      .0   230.0   .87E-04  -.29E-03   .29E-03  -.87E-04
    5      .0      .0   229.0   .35E-03  -.12E-03   .12E-03  -.35E-03
    9      .0      .0   228.0   .14E-03  -.66E-03   .66E-03  -.14E-03
   13      .0      .0   226.0   .80E-03  -.19E-03   .19E-03  -.80E-03
   17      .0      .0   224.0   .22E-03  -.90E-03   .90E-03  -.22E-03
   21      .0      .0   220.0   .10E-02  -.24E-03   .24E-03  -.10E-02
   25      .0      .0   215.0   .25E-03  -.10E-02   .10E-02  -.25E-03
   29      .0      .0   210.0   .98E-03  -.25E-03   .25E-03  -.98E-03
   33      .0      .0   205.0   .21E-03  -.95E-03   .95E-03  -.21E-03
   37      .0      .0   200.0   .71E-03  -.18E-03   .18E-03  -.71E-03
   41      .0      .0   190.0   .13E-03  -.52E-03   .52E-03  -.13E-03
   45      .0      .0   180.0   .72E-03  -.40E-03   .40E-03  -.72E-03
   49      .0      .0   170.0   .15E-03  -.29E-03   .29E-03  -.15E-03
   53      .0      .0   160.0   .26E-03  -.71E-04   .71E-04  -.26E-03
   57      .0      .0   150.0   .61E-04  -.21E-03   .21E-03  -.61E-04
   61      .0      .0   140.0   .15E-03  -.47E-04   .47E-04  -.15E-03
   65      .0      .0   130.0   .32E-04  -.43E-04   .43E-04  -.32E-04
   69      .0      .0   120.0   .00E+00  -.54E-05   .54E-05   .00E+00
   73      .0      .0   110.0   .00E+00   .00E+00   .00E+00   .00E+00
   77      .0      .0   100.0   .00E+00   .00E+00   .00E+00   .00E+00
   81      .0      .0    90.0   .00E+00   .00E+00   .00E+00   .00E+00
   85      .0      .0    80.0   .00E+00   .00E+00   .00E+00   .00E+00
   89      .0      .0    70.0   .00E+00   .00E+00   .00E+00   .00E+00
   93      .0      .0    60.0   .00E+00   .00E+00   .00E+00   .00E+00
   97      .0      .0    50.0   .00E+00   .00E+00   .00E+00   .00E+00
  101      .0      .0    40.0   .00E+00   .00E+00   .00E+00   .00E+00
  105      .0      .0    30.0   .00E+00   .00E+00   .00E+00   .00E+00
  109      .0      .0    20.0   .00E+00   .00E+00   .00E+00   .00E+00
  113      .0      .0    10.0   .00E+00   .00E+00   .00E+00   .00E+00
  117      .0      .0     5.0   .00E+00   .00E+00   .00E+00   .00E+00
  121      .0      .0     2.0   .00E+00   .00E+00   .00E+00   .00E+00
  125      .0      .0     1.0   .00E+00   .00E+00   .00E+00   .00E+00
  129      .0      .0      .0   .00E+00   .00E+00   .00E+00   .00E+00


 Time  ***    151.0000 ***

    n    x(n)  y(n)  z(n)     vx(n)     vx(n+1) ...

    1      .0      .0   230.0  -.48E-04   .44E-03  -.44E-03   .48E-04
    5      .0      .0   229.0  -.19E-03  -.18E-04   .18E-04   .19E-03
    9      .0      .0   228.0   .73E-04  -.59E-03   .59E-03  -.73E-04
   13      .0      .0   226.0   .80E-03  -.17E-03   .17E-03  -.80E-03
   17      .0      .0   224.0   .18E-03  -.74E-03   .74E-03  -.18E-03
   21      .0      .0   220.0   .71E-03  -.17E-03   .17E-03  -.71E-03
   25      .0      .0   215.0   .14E-03  -.61E-03   .61E-03  -.14E-03
   29      .0      .0   210.0   .39E-03  -.11E-03   .11E-03  -.39E-03
   33      .0      .0   205.0   .51E-05  -.19E-03   .19E-03  -.51E-05
   37      .0      .0   200.0  -.53E-03   .11E-03  -.11E-03   .53E-03
   41      .0      .0   190.0  -.17E-03   .17E-02  -.17E-02   .17E-03
   45      .0      .0   180.0  -.31E-02   .13E-02  -.13E-02   .31E-02
   49      .0      .0   170.0  -.63E-03   .12E-02  -.12E-02   .63E-03
   53      .0      .0   160.0  -.11E-02   .30E-03  -.30E-03   .11E-02
   57      .0      .0   150.0  -.25E-03   .93E-03  -.93E-03   .25E-03
   61      .0      .0   140.0  -.74E-03   .22E-03  -.22E-03   .74E-03
   65      .0      .0   130.0  -.16E-03   .57E-03  -.57E-03   .16E-03
   69      .0      .0   120.0  -.28E-03   .11E-03  -.11E-03   .28E-03
   73      .0      .0   110.0  -.70E-04  -.32E-04   .32E-04   .70E-04
   77      .0      .0   100.0   .00E+00  -.41E-05   .41E-05   .00E+00
   81      .0      .0    90.0   .00E+00   .00E+00   .00E+00   .00E+00
   85      .0      .0    80.0   .00E+00   .00E+00   .00E+00   .00E+00
   89      .0      .0    70.0   .00E+00   .00E+00   .00E+00   .00E+00
   93      .0      .0    60.0   .00E+00   .00E+00   .00E+00   .00E+00
   97      .0      .0    50.0   .00E+00   .00E+00   .00E+00   .00E+00
  101      .0      .0    40.0   .00E+00   .00E+00   .00E+00   .00E+00
  105      .0      .0    30.0   .00E+00   .00E+00   .00E+00   .00E+00
  109      .0      .0    20.0   .00E+00   .00E+00   .00E+00   .00E+00
  113      .0      .0    10.0   .00E+00   .00E+00   .00E+00   .00E+00
  117      .0      .0     5.0   .00E+00   .00E+00   .00E+00   .00E+00
  121      .0      .0     2.0   .00E+00   .00E+00   .00E+00   .00E+00
  125      .0      .0     1.0   .00E+00   .00E+00   .00E+00   .00E+00
  129      .0      .0      .0   .00E+00   .00E+00   .00E+00   .00E+00


 Time  ***    181.0000 ***

    n    x(n)  y(n)  z(n)     vx(n)     vx(n+1) ...

    1      .0      .0   230.0  -.28E-03   .13E-02  -.13E-02   .28E-03
    5      .0      .0   229.0  -.11E-02   .26E-03  -.26E-03   .11E-02
    9      .0      .0   228.0  -.23E-03   .78E-03  -.78E-03   .23E-03
   13      .0      .0   226.0  -.68E-03   .18E-03  -.18E-03   .68E-03
   17      .0      .0   224.0  -.15E-03   .63E-03  -.63E-03   .15E-03
   21      .0      .0   220.0  -.50E-03   .12E-03  -.12E-03   .50E-03
   25      .0      .0   215.0  -.67E-04   .27E-03  -.27E-03   .67E-04
   29      .0      .0   210.0   .22E-05  -.11E-05   .11E-05  -.22E-05
   33      .0      .0   205.0   .33E-04  -.31E-03   .31E-03  -.33E-04
   37      .0      .0   200.0   .28E-03  -.13E-03   .13E-03  -.28E-03
   41      .0      .0   190.0   .72E-04  -.80E-03   .80E-03  -.72E-04
   45      .0      .0   180.0   .13E-02  -.57E-03   .57E-03  -.13E-02
   49      .0      .0   170.0   .27E-03  -.52E-03   .52E-03  -.27E-03
   53      .0      .0   160.0   .57E-03  -.14E-03   .14E-03  -.57E-03
   57      .0      .0   150.0   .15E-03  -.58E-03   .58E-03  -.15E-03
   61      .0      .0   140.0   .52E-03  -.14E-03   .14E-03  -.52E-03
   65      .0      .0   130.0   .12E-03  -.46E-03   .46E-03  -.12E-03
   69      .0      .0   120.0   .32E-03  -.10E-03   .10E-03  -.32E-03
   73      .0      .0   110.0   .69E-04  -.17E-03   .17E-03  -.69E-04
   77      .0      .0   100.0   .22E-04  -.32E-04   .32E-04  -.22E-04
   81      .0      .0    90.0   .27E-05   .00E+00   .00E+00  -.27E-05
   85      .0      .0    80.0   .00E+00   .00E+00   .00E+00   .00E+00
   89      .0      .0    70.0   .00E+00   .00E+00   .00E+00   .00E+00
   93      .0      .0    60.0   .00E+00   .00E+00   .00E+00   .00E+00
   97      .0      .0    50.0   .00E+00   .00E+00   .00E+00   .00E+00
  101      .0      .0    40.0   .00E+00   .00E+00   .00E+00   .00E+00
  105      .0      .0    30.0   .00E+00   .00E+00   .00E+00   .00E+00
  109      .0      .0    20.0   .00E+00   .00E+00   .00E+00   .00E+00
  113      .0      .0    10.0   .00E+00   .00E+00   .00E+00   .00E+00
  117      .0      .0     5.0   .00E+00   .00E+00   .00E+00   .00E+00
  121      .0      .0     2.0   .00E+00   .00E+00   .00E+00   .00E+00
  125      .0      .0     1.0   .00E+00   .00E+00   .00E+00   .00E+00
  129      .0      .0      .0   .00E+00   .00E+00   .00E+00   .00E+00


 Time  ***    212.0000 ***

    n    x(n)  y(n)  z(n)     vx(n)     vx(n+1) ...

    1      .0      .0   230.0  -.18E-03   .11E-02  -.11E-02   .18E-03
    5      .0      .0   229.0  -.70E-03   .83E-04  -.83E-04   .70E-03
    9      .0      .0   228.0  -.12E-05  -.38E-03   .38E-03   .12E-05
   13      .0      .0   226.0   .68E-03  -.13E-03   .13E-03  -.68E-03
   17      .0      .0   224.0   .15E-03  -.65E-03   .65E-03  -.15E-03
   21      .0      .0   220.0   .56E-03  -.13E-03   .13E-03  -.56E-03
   25      .0      .0   215.0   .95E-04  -.36E-03   .36E-03  -.95E-04
   29      .0      .0   210.0   .29E-04  -.35E-04   .35E-04  -.29E-04
   33      .0      .0   205.0  -.94E-04   .38E-03  -.38E-03   .94E-04
   37      .0      .0   200.0  -.13E-02   .21E-03  -.21E-03   .13E-02
   41      .0      .0   190.0  -.44E-03   .24E-02  -.24E-02   .44E-03
   45      .0      .0   180.0  -.33E-02   .16E-02  -.16E-02   .33E-02
   49      .0      .0   170.0  -.67E-03   .12E-02  -.12E-02   .67E-03
   53      .0      .0   160.0  -.11E-02   .30E-03  -.30E-03   .11E-02
   57      .0      .0   150.0  -.26E-03   .96E-03  -.96E-03   .26E-03
   61      .0      .0   140.0  -.89E-03   .24E-03  -.24E-03   .89E-03
   65      .0      .0   130.0  -.22E-03   .83E-03  -.83E-03   .22E-03
   69      .0      .0   120.0  -.78E-03   .21E-03  -.21E-03   .78E-03
   73      .0      .0   110.0  -.19E-03   .71E-03  -.71E-03   .19E-03
   77      .0      .0   100.0  -.63E-03   .17E-03  -.17E-03   .63E-03
   81      .0      .0    90.0  -.15E-03   .56E-03  -.56E-03   .15E-03
   85      .0      .0    80.0  -.45E-03   .13E-03  -.13E-03   .45E-03
   89      .0      .0    70.0  -.99E-04   .32E-03  -.32E-03   .99E-04
   93      .0      .0    60.0  -.16E-03   .64E-04  -.64E-04   .16E-03
   97      .0      .0    50.0  -.38E-04  -.11E-04   .11E-04   .38E-04
  101      .0      .0    40.0   .00E+00  -.14E-05   .14E-05   .00E+00
  105      .0      .0    30.0   .00E+00   .00E+00   .00E+00   .00E+00
  109      .0      .0    20.0   .00E+00   .00E+00   .00E+00   .00E+00
  113      .0      .0    10.0   .00E+00   .00E+00   .00E+00   .00E+00
  117      .0      .0     5.0   .00E+00   .00E+00   .00E+00   .00E+00
  121      .0      .0     2.0   .00E+00   .00E+00   .00E+00   .00E+00
  125      .0      .0     1.0   .00E+00   .00E+00   .00E+00   .00E+00
  129      .0      .0      .0   .00E+00   .00E+00   .00E+00   .00E+00


 Time  ***    243.0000 ***

    n    x(n)  y(n)  z(n)     vx(n)     vx(n+1) ...

    1      .0      .0   230.0   .11E-04   .31E-04  -.31E-04  -.11E-04
    5      .0      .0   229.0   .42E-04  -.35E-04   .35E-04  -.42E-04
    9      .0      .0   228.0   .55E-04  -.31E-03   .31E-03  -.55E-04
   13      .0      .0   226.0   .40E-03  -.89E-04   .89E-04  -.40E-03
   17      .0      .0   224.0   .95E-04  -.40E-03   .40E-03  -.95E-04
   21      .0      .0   220.0   .37E-03  -.90E-04   .90E-04  -.37E-03
   25      .0      .0   215.0   .84E-04  -.33E-03   .33E-03  -.84E-04
   29      .0      .0   210.0   .30E-03  -.77E-04   .77E-04  -.30E-03
   33      .0      .0   205.0   .51E-04  -.28E-03   .28E-03  -.51E-04
   37      .0      .0   200.0   .86E-04  -.16E-04   .16E-04  -.86E-04
   41      .0      .0   190.0  -.14E-06   .24E-03  -.24E-03   .14E-06
   45      .0      .0   180.0  -.44E-03   .14E-03  -.14E-03   .44E-03
   49      .0      .0   170.0  -.80E-04   .15E-03  -.15E-03   .80E-04
   53      .0      .0   160.0  -.12E-03   .32E-04  -.32E-04   .12E-03
   57      .0      .0   150.0  -.25E-04   .84E-04  -.84E-04   .25E-04
   61      .0      .0   140.0  -.64E-04   .18E-04  -.18E-04   .64E-04
   65      .0      .0   130.0  -.13E-04   .48E-04  -.48E-04   .13E-04
   69      .0      .0   120.0  -.26E-04   .98E-05  -.98E-05   .26E-04
   73      .0      .0   110.0  -.43E-05   .23E-04  -.23E-04   .43E-05
   77      .0      .0   100.0   .00E+00   .38E-05  -.38E-05   .00E+00
   81      .0      .0    90.0   .00E+00   .00E+00   .00E+00   .00E+00
   85      .0      .0    80.0   .00E+00   .00E+00   .00E+00   .00E+00
   89      .0      .0    70.0   .00E+00   .00E+00   .00E+00   .00E+00
   93      .0      .0    60.0   .00E+00   .00E+00   .00E+00   .00E+00
   97      .0      .0    50.0   .00E+00   .00E+00   .00E+00   .00E+00
  101      .0      .0    40.0   .00E+00   .00E+00   .00E+00   .00E+00
  105      .0      .0    30.0   .00E+00   .00E+00   .00E+00   .00E+00
  109      .0      .0    20.0   .00E+00   .00E+00   .00E+00   .00E+00
  113      .0      .0    10.0   .00E+00   .00E+00   .00E+00   .00E+00
  117      .0      .0     5.0   .00E+00   .00E+00   .00E+00   .00E+00
  121      .0      .0     2.0   .00E+00   .00E+00   .00E+00   .00E+00
  125      .0      .0     1.0   .00E+00   .00E+00   .00E+00   .00E+00
  129      .0      .0      .0   .00E+00   .00E+00   .00E+00   .00E+00


 Time  ***    273.0000 ***

    n    x(n)  y(n)  z(n)     vx(n)     vx(n+1) ...

    1      .0      .0   230.0  -.99E-03   .48E-02  -.48E-02   .99E-03
    5      .0      .0   229.0  -.36E-02   .10E-02  -.10E-02   .36E-02
    9      .0      .0   228.0  -.90E-03   .33E-02  -.33E-02   .90E-03
   13      .0      .0   226.0  -.33E-02   .66E-03  -.66E-03   .33E-02
   17      .0      .0   224.0  -.36E-03   .21E-02  -.21E-02   .36E-03
   21      .0      .0   220.0  -.13E-03  -.46E-04   .46E-04   .13E-03
   25      .0      .0   215.0   .30E-03  -.13E-02   .13E-02  -.30E-03
   29      .0      .0   210.0   .19E-02  -.38E-03   .38E-03  -.19E-02
   33      .0      .0   205.0   .37E-03  -.18E-02   .18E-02  -.37E-03
   37      .0      .0   200.0   .13E-02  -.23E-03   .23E-03  -.13E-02
   41      .0      .0   190.0   .18E-03  -.12E-03   .12E-03  -.18E-03
   45      .0      .0   180.0  -.96E-04  -.50E-04   .50E-04   .96E-04
   49      .0      .0   170.0  -.26E-04   .49E-04  -.49E-04   .26E-04
   53      .0      .0   160.0  -.11E-03   .23E-04  -.23E-04   .11E-03
   57      .0      .0   150.0  -.34E-04   .16E-03  -.16E-03   .34E-04
   61      .0      .0   140.0  -.17E-03   .44E-04  -.44E-04   .17E-03
   65      .0      .0   130.0  -.47E-04   .19E-03  -.19E-03   .47E-04
   69      .0      .0   120.0  -.21E-03   .51E-04  -.51E-04   .21E-03
   73      .0      .0   110.0  -.53E-04   .20E-03  -.20E-03   .53E-04
   77      .0      .0   100.0  -.21E-03   .52E-04  -.52E-04   .21E-03
   81      .0      .0    90.0  -.51E-04   .20E-03  -.20E-03   .51E-04
   85      .0      .0    80.0  -.18E-03   .51E-04  -.51E-04   .18E-03
   89      .0      .0    70.0  -.48E-04   .20E-03  -.20E-03   .48E-04
   93      .0      .0    60.0  -.18E-03   .47E-04  -.47E-04   .18E-03
   97      .0      .0    50.0  -.42E-04   .14E-03  -.14E-03   .42E-04
  101      .0      .0    40.0  -.12E-03   .34E-04  -.34E-04   .12E-03
  105      .0      .0    30.0  -.28E-04   .10E-03  -.10E-03   .28E-04
  109      .0      .0    20.0  -.62E-04   .21E-04  -.21E-04   .62E-04
  113      .0      .0    10.0  -.15E-04   .64E-06  -.64E-06   .15E-04
  117      .0      .0     5.0   .00E+00   .84E-07  -.84E-07   .00E+00
  121      .0      .0     2.0   .00E+00   .00E+00   .00E+00   .00E+00
  125      .0      .0     1.0   .00E+00   .00E+00   .00E+00   .00E+00
  129      .0      .0      .0   .00E+00   .00E+00   .00E+00   .00E+00
