 Example 2 - Grass Field Problem (Hupselse Beek 1982)                    
 
 Program SWMS_3D
 Date:  21. 7.    Time:  12:34:19
 Time dependent boundary conditions
 Units: L = cm   , T = day  , M = -    


 Time  ***    120.0000 ***

    n    x(n)  y(n)  z(n)     vz(n)     vz(n+1) ...

    1      .0      .0   230.0  -.24E+00  -.24E+00  -.24E+00  -.24E+00
    5      .0      .0   229.0  -.24E+00  -.24E+00  -.24E+00  -.24E+00
    9      .0      .0   228.0  -.23E+00  -.23E+00  -.23E+00  -.23E+00
   13      .0      .0   226.0  -.22E+00  -.22E+00  -.22E+00  -.22E+00
   17      .0      .0   224.0  -.21E+00  -.21E+00  -.21E+00  -.21E+00
   21      .0      .0   220.0  -.19E+00  -.19E+00  -.19E+00  -.19E+00
   25      .0      .0   215.0  -.17E+00  -.17E+00  -.17E+00  -.17E+00
   29      .0      .0   210.0  -.14E+00  -.14E+00  -.14E+00  -.14E+00
   33      .0      .0   205.0  -.11E+00  -.11E+00  -.11E+00  -.11E+00
   37      .0      .0   200.0  -.83E-01  -.83E-01  -.83E-01  -.83E-01
   41      .0      .0   190.0  -.47E-01  -.47E-01  -.47E-01  -.47E-01
   45      .0      .0   180.0  -.63E-01  -.63E-01  -.63E-01  -.63E-01
   49      .0      .0   170.0  -.39E-01  -.39E-01  -.39E-01  -.39E-01
   53      .0      .0   160.0  -.30E-01  -.30E-01  -.30E-01  -.30E-01
   57      .0      .0   150.0  -.22E-01  -.22E-01  -.22E-01  -.22E-01
   61      .0      .0   140.0  -.15E-01  -.15E-01  -.15E-01  -.15E-01
   65      .0      .0   130.0  -.14E-01  -.14E-01  -.14E-01  -.14E-01
   69      .0      .0   120.0  -.13E-01  -.13E-01  -.13E-01  -.13E-01
   73      .0      .0   110.0  -.13E-01  -.13E-01  -.13E-01  -.13E-01
   77      .0      .0   100.0  -.13E-01  -.13E-01  -.13E-01  -.13E-01
   81      .0      .0    90.0  -.13E-01  -.13E-01  -.13E-01  -.13E-01
   85      .0      .0    80.0  -.13E-01  -.13E-01  -.13E-01  -.13E-01
   89      .0      .0    70.0  -.13E-01  -.13E-01  -.13E-01  -.13E-01
   93      .0      .0    60.0  -.13E-01  -.13E-01  -.13E-01  -.13E-01
   97      .0      .0    50.0  -.13E-01  -.13E-01  -.13E-01  -.13E-01
  101      .0      .0    40.0  -.13E-01  -.13E-01  -.13E-01  -.13E-01
  105      .0      .0    30.0  -.13E-01  -.13E-01  -.13E-01  -.13E-01
  109      .0      .0    20.0  -.13E-01  -.13E-01  -.13E-01  -.13E-01
  113      .0      .0    10.0  -.13E-01  -.13E-01  -.13E-01  -.13E-01
  117      .0      .0     5.0  -.12E-01  -.12E-01  -.12E-01  -.12E-01
  121      .0      .0     2.0  -.13E-01  -.13E-01  -.13E-01  -.13E-01
  125      .0      .0     1.0  -.13E-01  -.13E-01  -.13E-01  -.13E-01
  129      .0      .0      .0  -.12E-01  -.12E-01  -.12E-01  -.12E-01


 Time  ***    151.0000 ***

    n    x(n)  y(n)  z(n)     vz(n)     vz(n+1) ...

    1      .0      .0   230.0  -.24E-02  -.21E-02  -.21E-02  -.24E-02
    5      .0      .0   229.0  -.41E-02  -.40E-02  -.40E-02  -.41E-02
    9      .0      .0   228.0  -.73E-03  -.73E-03  -.73E-03  -.73E-03
   13      .0      .0   226.0   .11E-01   .11E-01   .11E-01   .11E-01
   17      .0      .0   224.0   .29E-01   .29E-01   .29E-01   .29E-01
   21      .0      .0   220.0   .56E-01   .56E-01   .56E-01   .56E-01
   25      .0      .0   215.0   .92E-01   .92E-01   .92E-01   .92E-01
   29      .0      .0   210.0   .13E+00   .13E+00   .13E+00   .13E+00
   33      .0      .0   205.0   .17E+00   .17E+00   .17E+00   .17E+00
   37      .0      .0   200.0   .21E+00   .21E+00   .21E+00   .21E+00
   41      .0      .0   190.0   .18E+00   .18E+00   .18E+00   .18E+00
   45      .0      .0   180.0   .28E+00   .28E+00   .28E+00   .28E+00
   49      .0      .0   170.0   .18E+00   .18E+00   .18E+00   .18E+00
   53      .0      .0   160.0   .14E+00   .14E+00   .14E+00   .14E+00
   57      .0      .0   150.0   .11E+00   .11E+00   .11E+00   .11E+00
   61      .0      .0   140.0   .68E-01   .68E-01   .68E-01   .68E-01
   65      .0      .0   130.0   .34E-01   .34E-01   .34E-01   .34E-01
   69      .0      .0   120.0   .69E-02   .69E-02   .69E-02   .69E-02
   73      .0      .0   110.0  -.84E-02  -.84E-02  -.84E-02  -.84E-02
   77      .0      .0   100.0  -.72E-02  -.72E-02  -.72E-02  -.72E-02
   81      .0      .0    90.0  -.72E-02  -.72E-02  -.72E-02  -.72E-02
   85      .0      .0    80.0  -.72E-02  -.72E-02  -.72E-02  -.72E-02
   89      .0      .0    70.0  -.72E-02  -.72E-02  -.72E-02  -.72E-02
   93      .0      .0    60.0  -.72E-02  -.72E-02  -.72E-02  -.72E-02
   97      .0      .0    50.0  -.72E-02  -.72E-02  -.72E-02  -.72E-02
  101      .0      .0    40.0  -.72E-02  -.72E-02  -.72E-02  -.72E-02
  105      .0      .0    30.0  -.72E-02  -.72E-02  -.72E-02  -.72E-02
  109      .0      .0    20.0  -.72E-02  -.72E-02  -.72E-02  -.72E-02
  113      .0      .0    10.0  -.72E-02  -.72E-02  -.72E-02  -.72E-02
  117      .0      .0     5.0  -.72E-02  -.72E-02  -.72E-02  -.72E-02
  121      .0      .0     2.0  -.71E-02  -.71E-02  -.71E-02  -.71E-02
  125      .0      .0     1.0  -.71E-02  -.71E-02  -.71E-02  -.71E-02
  129      .0      .0      .0  -.73E-02  -.73E-02  -.73E-02  -.73E-02


 Time  ***    181.0000 ***

    n    x(n)  y(n)  z(n)     vz(n)     vz(n+1) ...

    1      .0      .0   230.0  -.18E-01  -.17E-01  -.17E-01  -.18E-01
    5      .0      .0   229.0  -.25E-01  -.25E-01  -.25E-01  -.25E-01
    9      .0      .0   228.0  -.39E-01  -.39E-01  -.39E-01  -.39E-01
   13      .0      .0   226.0  -.52E-01  -.52E-01  -.52E-01  -.52E-01
   17      .0      .0   224.0  -.69E-01  -.69E-01  -.69E-01  -.69E-01
   21      .0      .0   220.0  -.91E-01  -.91E-01  -.91E-01  -.91E-01
   25      .0      .0   215.0  -.11E+00  -.11E+00  -.11E+00  -.11E+00
   29      .0      .0   210.0  -.13E+00  -.13E+00  -.13E+00  -.13E+00
   33      .0      .0   205.0  -.13E+00  -.13E+00  -.13E+00  -.13E+00
   37      .0      .0   200.0  -.12E+00  -.12E+00  -.12E+00  -.12E+00
   41      .0      .0   190.0  -.83E-01  -.83E-01  -.83E-01  -.83E-01
   45      .0      .0   180.0  -.15E+00  -.15E+00  -.15E+00  -.15E+00
   49      .0      .0   170.0  -.11E+00  -.11E+00  -.11E+00  -.11E+00
   53      .0      .0   160.0  -.98E-01  -.98E-01  -.98E-01  -.98E-01
   57      .0      .0   150.0  -.83E-01  -.83E-01  -.83E-01  -.83E-01
   61      .0      .0   140.0  -.63E-01  -.63E-01  -.63E-01  -.63E-01
   65      .0      .0   130.0  -.44E-01  -.44E-01  -.44E-01  -.44E-01
   69      .0      .0   120.0  -.25E-01  -.25E-01  -.25E-01  -.25E-01
   73      .0      .0   110.0  -.12E-01  -.12E-01  -.12E-01  -.12E-01
   77      .0      .0   100.0  -.65E-02  -.65E-02  -.65E-02  -.65E-02
   81      .0      .0    90.0  -.59E-02  -.59E-02  -.59E-02  -.59E-02
   85      .0      .0    80.0  -.59E-02  -.59E-02  -.59E-02  -.59E-02
   89      .0      .0    70.0  -.59E-02  -.59E-02  -.59E-02  -.59E-02
   93      .0      .0    60.0  -.59E-02  -.59E-02  -.59E-02  -.59E-02
   97      .0      .0    50.0  -.59E-02  -.59E-02  -.59E-02  -.59E-02
  101      .0      .0    40.0  -.59E-02  -.59E-02  -.59E-02  -.59E-02
  105      .0      .0    30.0  -.59E-02  -.59E-02  -.59E-02  -.59E-02
  109      .0      .0    20.0  -.59E-02  -.59E-02  -.59E-02  -.59E-02
  113      .0      .0    10.0  -.59E-02  -.59E-02  -.59E-02  -.59E-02
  117      .0      .0     5.0  -.59E-02  -.59E-02  -.59E-02  -.59E-02
  121      .0      .0     2.0  -.59E-02  -.59E-02  -.59E-02  -.59E-02
  125      .0      .0     1.0  -.59E-02  -.59E-02  -.59E-02  -.59E-02
  129      .0      .0      .0  -.59E-02  -.59E-02  -.59E-02  -.59E-02


 Time  ***    212.0000 ***

    n    x(n)  y(n)  z(n)     vz(n)     vz(n+1) ...

    1      .0      .0   230.0  -.59E-02  -.51E-02  -.51E-02  -.59E-02
    5      .0      .0   229.0  -.11E-01  -.11E-01  -.11E-01  -.11E-01
    9      .0      .0   228.0  -.12E-01  -.12E-01  -.12E-01  -.12E-01
   13      .0      .0   226.0  -.26E-02  -.26E-02  -.26E-02  -.26E-02
   17      .0      .0   224.0   .12E-01   .12E-01   .12E-01   .12E-01
   21      .0      .0   220.0   .34E-01   .34E-01   .34E-01   .34E-01
   25      .0      .0   215.0   .66E-01   .66E-01   .66E-01   .66E-01
   29      .0      .0   210.0   .11E+00   .11E+00   .11E+00   .11E+00
   33      .0      .0   205.0   .16E+00   .16E+00   .16E+00   .16E+00
   37      .0      .0   200.0   .21E+00   .21E+00   .21E+00   .21E+00
   41      .0      .0   190.0   .23E+00   .23E+00   .23E+00   .23E+00
   45      .0      .0   180.0   .33E+00   .33E+00   .33E+00   .33E+00
   49      .0      .0   170.0   .24E+00   .24E+00   .24E+00   .24E+00
   53      .0      .0   160.0   .22E+00   .22E+00   .22E+00   .22E+00
   57      .0      .0   150.0   .19E+00   .19E+00   .19E+00   .19E+00
   61      .0      .0   140.0   .17E+00   .17E+00   .17E+00   .17E+00
   65      .0      .0   130.0   .15E+00   .15E+00   .15E+00   .15E+00
   69      .0      .0   120.0   .13E+00   .13E+00   .13E+00   .13E+00
   73      .0      .0   110.0   .11E+00   .11E+00   .11E+00   .11E+00
   77      .0      .0   100.0   .85E-01   .85E-01   .85E-01   .85E-01
   81      .0      .0    90.0   .64E-01   .64E-01   .64E-01   .64E-01
   85      .0      .0    80.0   .42E-01   .42E-01   .42E-01   .42E-01
   89      .0      .0    70.0   .22E-01   .22E-01   .22E-01   .22E-01
   93      .0      .0    60.0   .61E-02   .61E-02   .61E-02   .61E-02
   97      .0      .0    50.0  -.17E-02  -.17E-02  -.17E-02  -.17E-02
  101      .0      .0    40.0  -.15E-02  -.15E-02  -.15E-02  -.15E-02
  105      .0      .0    30.0  -.15E-02  -.15E-02  -.15E-02  -.15E-02
  109      .0      .0    20.0  -.15E-02  -.15E-02  -.15E-02  -.15E-02
  113      .0      .0    10.0  -.15E-02  -.15E-02  -.15E-02  -.15E-02
  117      .0      .0     5.0  -.15E-02  -.15E-02  -.15E-02  -.15E-02
  121      .0      .0     2.0  -.15E-02  -.15E-02  -.15E-02  -.15E-02
  125      .0      .0     1.0  -.15E-02  -.15E-02  -.15E-02  -.15E-02
  129      .0      .0      .0  -.14E-02  -.14E-02  -.14E-02  -.14E-02


 Time  ***    243.0000 ***

    n    x(n)  y(n)  z(n)     vz(n)     vz(n+1) ...

    1      .0      .0   230.0  -.50E-01  -.50E-01  -.50E-01  -.50E-01
    5      .0      .0   229.0  -.50E-01  -.50E-01  -.50E-01  -.50E-01
    9      .0      .0   228.0  -.47E-01  -.47E-01  -.47E-01  -.47E-01
   13      .0      .0   226.0  -.41E-01  -.41E-01  -.41E-01  -.41E-01
   17      .0      .0   224.0  -.33E-01  -.33E-01  -.33E-01  -.33E-01
   21      .0      .0   220.0  -.21E-01  -.21E-01  -.21E-01  -.21E-01
   25      .0      .0   215.0  -.83E-02  -.83E-02  -.83E-02  -.83E-02
   29      .0      .0   210.0   .45E-02   .45E-02   .45E-02   .45E-02
   33      .0      .0   205.0   .17E-01   .17E-01   .17E-01   .17E-01
   37      .0      .0   200.0   .30E-01   .30E-01   .30E-01   .30E-01
   41      .0      .0   190.0   .28E-01   .28E-01   .28E-01   .28E-01
   45      .0      .0   180.0   .41E-01   .41E-01   .41E-01   .41E-01
   49      .0      .0   170.0   .24E-01   .24E-01   .24E-01   .24E-01
   53      .0      .0   160.0   .18E-01   .18E-01   .18E-01   .18E-01
   57      .0      .0   150.0   .12E-01   .12E-01   .12E-01   .12E-01
   61      .0      .0   140.0   .82E-02   .82E-02   .82E-02   .82E-02
   65      .0      .0   130.0   .51E-02   .51E-02   .51E-02   .51E-02
   69      .0      .0   120.0   .29E-02   .29E-02   .29E-02   .29E-02
   73      .0      .0   110.0   .15E-02   .15E-02   .15E-02   .15E-02
   77      .0      .0   100.0   .51E-03   .51E-03   .51E-03   .51E-03
   81      .0      .0    90.0  -.89E-04  -.89E-04  -.89E-04  -.89E-04
   85      .0      .0    80.0  -.43E-03  -.43E-03  -.43E-03  -.43E-03
   89      .0      .0    70.0  -.61E-03  -.61E-03  -.61E-03  -.61E-03
   93      .0      .0    60.0  -.69E-03  -.69E-03  -.69E-03  -.69E-03
   97      .0      .0    50.0  -.72E-03  -.72E-03  -.72E-03  -.72E-03
  101      .0      .0    40.0  -.71E-03  -.71E-03  -.71E-03  -.71E-03
  105      .0      .0    30.0  -.76E-03  -.76E-03  -.76E-03  -.76E-03
  109      .0      .0    20.0  -.79E-03  -.79E-03  -.79E-03  -.79E-03
  113      .0      .0    10.0  -.72E-03  -.72E-03  -.72E-03  -.72E-03
  117      .0      .0     5.0  -.72E-03  -.72E-03  -.72E-03  -.72E-03
  121      .0      .0     2.0  -.75E-03  -.75E-03  -.75E-03  -.75E-03
  125      .0      .0     1.0  -.74E-03  -.74E-03  -.74E-03  -.74E-03
  129      .0      .0      .0  -.69E-03  -.69E-03  -.69E-03  -.69E-03


 Time  ***    273.0000 ***

    n    x(n)  y(n)  z(n)     vz(n)     vz(n+1) ...

    1      .0      .0   230.0  -.11E+01  -.11E+01  -.11E+01  -.11E+01
    5      .0      .0   229.0  -.10E+01  -.10E+01  -.10E+01  -.10E+01
    9      .0      .0   228.0  -.97E+00  -.97E+00  -.97E+00  -.97E+00
   13      .0      .0   226.0  -.88E+00  -.88E+00  -.88E+00  -.88E+00
   17      .0      .0   224.0  -.79E+00  -.79E+00  -.79E+00  -.79E+00
   21      .0      .0   220.0  -.58E+00  -.58E+00  -.58E+00  -.58E+00
   25      .0      .0   215.0  -.38E+00  -.38E+00  -.38E+00  -.38E+00
   29      .0      .0   210.0  -.22E+00  -.22E+00  -.22E+00  -.22E+00
   33      .0      .0   205.0  -.12E+00  -.12E+00  -.12E+00  -.12E+00
   37      .0      .0   200.0  -.39E-01  -.39E-01  -.39E-01  -.39E-01
   41      .0      .0   190.0   .68E-02   .68E-02   .68E-02   .68E-02
   45      .0      .0   180.0   .46E-01   .46E-01   .46E-01   .46E-01
   49      .0      .0   170.0   .50E-01   .50E-01   .50E-01   .50E-01
   53      .0      .0   160.0   .55E-01   .55E-01   .55E-01   .55E-01
   57      .0      .0   150.0   .57E-01   .57E-01   .57E-01   .57E-01
   61      .0      .0   140.0   .57E-01   .57E-01   .57E-01   .57E-01
   65      .0      .0   130.0   .55E-01   .55E-01   .55E-01   .55E-01
   69      .0      .0   120.0   .53E-01   .53E-01   .53E-01   .53E-01
   73      .0      .0   110.0   .49E-01   .49E-01   .49E-01   .49E-01
   77      .0      .0   100.0   .45E-01   .45E-01   .45E-01   .45E-01
   81      .0      .0    90.0   .41E-01   .41E-01   .41E-01   .41E-01
   85      .0      .0    80.0   .36E-01   .36E-01   .36E-01   .36E-01
   89      .0      .0    70.0   .30E-01   .30E-01   .30E-01   .30E-01
   93      .0      .0    60.0   .24E-01   .24E-01   .24E-01   .24E-01
   97      .0      .0    50.0   .18E-01   .18E-01   .18E-01   .18E-01
  101      .0      .0    40.0   .13E-01   .13E-01   .13E-01   .13E-01
  105      .0      .0    30.0   .69E-02   .69E-02   .69E-02   .69E-02
  109      .0      .0    20.0   .22E-02   .22E-02   .22E-02   .22E-02
  113      .0      .0    10.0  -.43E-03  -.43E-03  -.43E-03  -.43E-03
  117      .0      .0     5.0  -.47E-03  -.47E-03  -.47E-03  -.47E-03
  121      .0      .0     2.0  -.48E-03  -.48E-03  -.48E-03  -.48E-03
  125      .0      .0     1.0  -.46E-03  -.46E-03  -.46E-03  -.46E-03
  129      .0      .0      .0  -.43E-03  -.43E-03  -.43E-03  -.43E-03
