 All solute fluxes (SMean) and cumulative solute fluxes (ChemS) are positive out of the region

     Time     CumCh0     CumCh1     CumChR   --------------------  ChemS(i),i=1,NumKD  ----------------------  ---------------------  SMean(j),j=1,NumKD ----------------------
      [T]      [M]        [M]        [M]                                   [M]                                                                [M/T]

      1.00   .000E+00   .000E+00   .000E+00  -.750E+03   .000E+00   .000E+00   .000E+00   .000E+00   .000E+00  -.750E+03   .000E+00   .000E+00   .000E+00   .000E+00   .000E+00
      2.29   .000E+00   .962E+01   .000E+00  -.172E+04   .515E-36   .000E+00   .000E+00   .000E+00   .000E+00  -.750E+03   .399E-36   .000E+00   .000E+00   .000E+00   .000E+00
      3.99   .000E+00   .386E+02   .000E+00  -.300E+04   .978E-33   .000E+00   .000E+00   .000E+00   .000E+00  -.750E+03   .574E-33   .000E+00   .000E+00   .000E+00   .000E+00
      6.18   .000E+00   .103E+03   .000E+00  -.464E+04   .127E-29   .000E+00   .000E+00   .000E+00   .000E+00  -.750E+03   .579E-30   .000E+00   .000E+00   .000E+00   .000E+00
      9.11   .000E+00   .234E+03   .000E+00  -.683E+04   .791E-27   .000E+00   .000E+00   .000E+00   .000E+00  -.750E+03   .270E-27   .000E+00   .000E+00   .000E+00   .000E+00
     12.82   .000E+00   .477E+03   .000E+00  -.962E+04   .520E-24   .000E+00   .000E+00   .000E+00   .000E+00  -.750E+03   .140E-24   .000E+00   .000E+00   .000E+00   .000E+00
     17.47   .000E+00   .897E+03   .000E+00  -.131E+05   .161E-21   .000E+00   .000E+00   .000E+00   .000E+00  -.750E+03   .345E-22   .000E+00   .000E+00   .000E+00   .000E+00
     23.98   .000E+00   .168E+04   .000E+00  -.180E+05   .344E-19   .000E+00   .000E+00   .000E+00   .000E+00  -.750E+03   .526E-20   .000E+00   .000E+00   .000E+00   .000E+00
     32.65   .000E+00   .307E+04   .000E+00  -.245E+05   .162E-16   .000E+00   .000E+00   .000E+00   .000E+00  -.750E+03   .187E-17   .000E+00   .000E+00   .000E+00   .000E+00
     41.33   .000E+00   .488E+04   .000E+00  -.310E+05   .357E-14   .000E+00   .000E+00   .000E+00   .000E+00  -.750E+03   .409E-15   .000E+00   .000E+00   .000E+00   .000E+00
     50.00   .000E+00   .708E+04   .000E+00  -.375E+05   .818E-13   .000E+00   .000E+00   .000E+00   .000E+00  -.750E+03   .902E-14   .000E+00   .000E+00   .000E+00   .000E+00
     62.50   .000E+00   .108E+05   .000E+00  -.469E+05   .148E-11   .000E+00   .000E+00   .000E+00   .000E+00  -.750E+03   .112E-12   .000E+00   .000E+00   .000E+00   .000E+00
     75.00   .000E+00   .151E+05   .000E+00  -.563E+05   .620E-10   .000E+00   .000E+00   .000E+00   .000E+00  -.750E+03   .484E-11   .000E+00   .000E+00   .000E+00   .000E+00
     87.50   .000E+00   .201E+05   .000E+00  -.656E+05   .894E-09   .000E+00   .000E+00   .000E+00   .000E+00  -.750E+03   .665E-10   .000E+00   .000E+00   .000E+00   .000E+00
    100.00   .000E+00   .256E+05   .000E+00  -.750E+05   .820E-08   .000E+00   .000E+00   .000E+00   .000E+00  -.750E+03   .585E-09   .000E+00   .000E+00   .000E+00   .000E+00
    114.72   .000E+00   .325E+05   .000E+00  -.861E+05   .651E-07   .000E+00   .000E+00   .000E+00   .000E+00  -.750E+03   .387E-08   .000E+00   .000E+00   .000E+00   .000E+00
    129.44   .000E+00   .401E+05   .000E+00  -.971E+05   .502E-06   .000E+00   .000E+00   .000E+00   .000E+00  -.750E+03   .297E-07   .000E+00   .000E+00   .000E+00   .000E+00
    144.17   .000E+00   .481E+05   .000E+00  -.108E+06   .301E-05   .000E+00   .000E+00   .000E+00   .000E+00  -.750E+03   .170E-06   .000E+00   .000E+00   .000E+00   .000E+00
    158.89   .000E+00   .565E+05   .000E+00  -.119E+06   .147E-04   .000E+00   .000E+00   .000E+00   .000E+00  -.750E+03   .794E-06   .000E+00   .000E+00   .000E+00   .000E+00
    173.61   .000E+00   .653E+05   .000E+00  -.130E+06   .609E-04   .000E+00   .000E+00   .000E+00   .000E+00  -.750E+03   .314E-05   .000E+00   .000E+00   .000E+00   .000E+00
    188.33   .000E+00   .744E+05   .000E+00  -.141E+06   .220E-03   .000E+00   .000E+00   .000E+00   .000E+00  -.750E+03   .108E-04   .000E+00   .000E+00   .000E+00   .000E+00
    203.06   .000E+00   .838E+05   .000E+00  -.152E+06   .709E-03   .000E+00   .000E+00   .000E+00   .000E+00  -.750E+03   .332E-04   .000E+00   .000E+00   .000E+00   .000E+00
    217.78   .000E+00   .934E+05   .000E+00  -.163E+06   .207E-02   .000E+00   .000E+00   .000E+00   .000E+00  -.750E+03   .921E-04   .000E+00   .000E+00   .000E+00   .000E+00
    232.50   .000E+00   .103E+06   .000E+00  -.174E+06   .550E-02   .000E+00   .000E+00   .000E+00   .000E+00  -.750E+03   .233E-03   .000E+00   .000E+00   .000E+00   .000E+00
    247.22   .000E+00   .113E+06   .000E+00  -.185E+06   .135E-01   .000E+00   .000E+00   .000E+00   .000E+00  -.750E+03   .544E-03   .000E+00   .000E+00   .000E+00   .000E+00
    261.94   .000E+00   .123E+06   .000E+00  -.196E+06   .309E-01   .000E+00   .000E+00   .000E+00   .000E+00  -.750E+03   .118E-02   .000E+00   .000E+00   .000E+00   .000E+00
    276.67   .000E+00   .134E+06   .000E+00  -.208E+06   .662E-01   .000E+00   .000E+00   .000E+00   .000E+00  -.750E+03   .240E-02   .000E+00   .000E+00   .000E+00   .000E+00
    291.39   .000E+00   .144E+06   .000E+00  -.219E+06   .134E+00   .000E+00   .000E+00   .000E+00   .000E+00  -.750E+03   .459E-02   .000E+00   .000E+00   .000E+00   .000E+00
    306.11   .000E+00   .154E+06   .000E+00  -.230E+06   .256E+00   .000E+00   .000E+00   .000E+00   .000E+00  -.750E+03   .830E-02   .000E+00   .000E+00   .000E+00   .000E+00
    320.83   .000E+00   .165E+06   .000E+00  -.241E+06   .466E+00   .000E+00   .000E+00   .000E+00   .000E+00  -.750E+03   .143E-01   .000E+00   .000E+00   .000E+00   .000E+00
    335.56   .000E+00   .175E+06   .000E+00  -.252E+06   .812E+00   .000E+00   .000E+00   .000E+00   .000E+00  -.750E+03   .235E-01   .000E+00   .000E+00   .000E+00   .000E+00
    350.28   .000E+00   .186E+06   .000E+00  -.263E+06   .136E+01   .000E+00   .000E+00   .000E+00   .000E+00  -.750E+03   .369E-01   .000E+00   .000E+00   .000E+00   .000E+00
    365.00   .000E+00   .197E+06   .000E+00  -.274E+06   .218E+01   .000E+00   .000E+00   .000E+00   .000E+00  -.750E+03   .559E-01   .000E+00   .000E+00   .000E+00   .000E+00
