 Example 3b - Comparison with the 3-D analytical solution

 Program SWMS_3D
 Date:  21. 7.    Time:  12:36: 8
 Time independent boundary conditions
 Units: L = m    , T = days , M = -


 Time  ***       .0000 ***

    n    x(n)   y(n)   z(n)      th(n)     th(n+1) ...

    1      .0      .0      .0  .300  .300  .300  .300  .300  .300  .300  .300  .300  .300  .300  .300  .300  .300  .300  .300
   17    10.0    10.0      .0  .300  .300  .300  .300  .300  .300  .300  .300  .300  .300  .300  .300  .300  .300  .300  .300
   33    20.0    20.0      .0  .300  .300  .300  .300  .300  .300  .300  .300  .300  .300  .300  .300  .300  .300  .300  .300
   49    30.0    30.0      .0  .300  .300  .300  .300  .300  .300  .300  .300  .300  .300  .300  .300  .300  .300  .300  .300
   65    40.0    40.0      .0  .300  .300  .300  .300  .300  .300  .300  .300  .300  .300  .300  .300  .300  .300  .300  .300
   81    45.0    45.0      .0  .300  .300  .300  .300  .300  .300  .300  .300  .300  .300  .300  .300  .300  .300  .300  .300
   97    49.0    49.0      .0  .300  .300  .300  .300  .300  .300  .300  .300  .300  .300  .300  .300  .300  .300  .300  .300
  113    51.0    51.0      .0  .300  .300  .300  .300  .300  .300  .300  .300  .300  .300  .300  .300  .300  .300  .300  .300
  129    55.0    55.0      .0  .300  .300  .300  .300  .300  .300  .300  .300  .300  .300  .300  .300  .300  .300  .300  .300
  145    60.0    60.0      .0  .300  .300  .300  .300  .300  .300  .300  .300  .300  .300  .300  .300  .300  .300  .300  .300
  161    67.0    67.0      .0  .300  .300  .300  .300  .300  .300  .300  .300  .300  .300  .300  .300  .300  .300  .300  .300
  177    75.0    75.0      .0  .300  .300  .300  .300  .300  .300  .300  .300  .300  .300  .300  .300  .300  .300  .300  .300
  193    85.0    85.0      .0  .300  .300  .300  .300  .300  .300  .300  .300  .300  .300  .300  .300  .300  .300  .300  .300
  209   100.0   100.0      .0  .300  .300  .300  .300  .300  .300  .300  .300  .300  .300  .300  .300  .300  .300  .300  .300
  225   120.0   120.0      .0  .300
  226      .0      .0    -5.0  .300  .300  .300  .300  .300  .300  .300  .300  .300  .300  .300  .300  .300  .300  .300  .300
  242    10.0    10.0    -5.0  .300  .300  .300  .300  .300  .300  .300  .300  .300  .300  .300  .300  .300  .300  .300  .300
  258    20.0    20.0    -5.0  .300  .300  .300  .300  .300  .300  .300  .300  .300  .300  .300  .300  .300  .300  .300  .300
  274    30.0    30.0    -5.0  .300  .300  .300  .300  .300  .300  .300  .300  .300  .300  .300  .300  .300  .300  .300  .300
  290    40.0    40.0    -5.0  .300  .300  .300  .300  .300  .300  .300  .300  .300  .300  .300  .300  .300  .300  .300  .300
  306    45.0    45.0    -5.0  .300  .300  .300  .300  .300  .300  .300  .300  .300  .300  .300  .300  .300  .300  .300  .300
  322    49.0    49.0    -5.0  .300  .300  .300  .300  .300  .300  .300  .300  .300  .300  .300  .300  .300  .300  .300  .300
  338    51.0    51.0    -5.0  .300  .300  .300  .300  .300  .300  .300  .300  .300  .300  .300  .300  .300  .300  .300  .300
  354    55.0    55.0    -5.0  .300  .300  .300  .300  .300  .300  .300  .300  .300  .300  .300  .300  .300  .300  .300  .300
  370    60.0    60.0    -5.0  .300  .300  .300  .300  .300  .300  .300  .300  .300  .300  .300  .300  .300  .300  .300  .300
  386    67.0    67.0    -5.0  .300  .300  .300  .300  .300  .300  .300  .300  .300  .300  .300  .300  .300  .300  .300  .300
  402    75.0    75.0    -5.0  .300  .300  .300  .300  .300  .300  .300  .300  .300  .300  .300  .300  .300  .300  .300  .300
  418    85.0    85.0    -5.0  .300  .300  .300  .300  .300  .300  .300  .300  .300  .300  .300  .300  .300  .300  .300  .300
  434   100.0   100.0    -5.0  .300  .300  .300  .300  .300  .300  .300  .300  .300  .300  .300  .300  .300  .300  .300  .300
  450   120.0   120.0    -5.0  .300
  451      .0      .0   -10.0  .300  .300  .300  .300  .300  .300  .300  .300  .300  .300  .300  .300  .300  .300  .300  .300
  467    10.0    10.0   -10.0  .300  .300  .300  .300  .300  .300  .300  .300  .300  .300  .300  .300  .300  .300  .300  .300
  483    20.0    20.0   -10.0  .300  .300  .300  .300  .300  .300  .300  .300  .300  .300  .300  .300  .300  .300  .300  .300
  499    30.0    30.0   -10.0  .300  .300  .300  .300  .300  .300  .300  .300  .300  .300  .300  .300  .300  .300  .300  .300
  515    40.0    40.0   -10.0  .300  .300  .300  .300  .300  .300  .300  .300  .300  .300  .300  .300  .300  .300  .300  .300
  531    45.0    45.0   -10.0  .300  .300  .300  .300  .300  .300  .300  .300  .300  .300  .300  .300  .300  .300  .300  .300
  547    49.0    49.0   -10.0  .300  .300  .300  .300  .300  .300  .300  .300  .300  .300  .300  .300  .300  .300  .300  .300
  563    51.0    51.0   -10.0  .300  .300  .300  .300  .300  .300  .300  .300  .300  .300  .300  .300  .300  .300  .300  .300
  579    55.0    55.0   -10.0  .300  .300  .300  .300  .300  .300  .300  .300  .300  .300  .300  .300  .300  .300  .300  .300
  595    60.0    60.0   -10.0  .300  .300  .300  .300  .300  .300  .300  .300  .300  .300  .300  .300  .300  .300  .300  .300
  611    67.0    67.0   -10.0  .300  .300  .300  .300  .300  .300  .300  .300  .300  .300  .300  .300  .300  .300  .300  .300
  627    75.0    75.0   -10.0  .300  .300  .300  .300  .300  .300  .300  .300  .300  .300  .300  .300  .300  .300  .300  .300
  643    85.0    85.0   -10.0  .300  .300  .300  .300  .300  .300  .300  .300  .300  .300  .300  .300  .300  .300  .300  .300
  659   100.0   100.0   -10.0  .300  .300  .300  .300  .300  .300  .300  .300  .300  .300  .300  .300  .300  .300  .300  .300
  675   120.0   120.0   -10.0  .300
  676      .0      .0   -15.0  .300  .300  .300  .300  .300  .300  .300  .300  .300  .300  .300  .300  .300  .300  .300  .300
  692    10.0    10.0   -15.0  .300  .300  .300  .300  .300  .300  .300  .300  .300  .300  .300  .300  .300  .300  .300  .300
  708    20.0    20.0   -15.0  .300  .300  .300  .300  .300  .300  .300  .300  .300  .300  .300  .300  .300  .300  .300  .300
  724    30.0    30.0   -15.0  .300  .300  .300  .300  .300  .300  .300  .300  .300  .300  .300  .300  .300  .300  .300  .300
  740    40.0    40.0   -15.0  .300  .300  .300  .300  .300  .300  .300  .300  .300  .300  .300  .300  .300  .300  .300  .300
  756    45.0    45.0   -15.0  .300  .300  .300  .300  .300  .300  .300  .300  .300  .300  .300  .300  .300  .300  .300  .300
  772    49.0    49.0   -15.0  .300  .300  .300  .300  .300  .300  .300  .300  .300  .300  .300  .300  .300  .300  .300  .300
  788    51.0    51.0   -15.0  .300  .300  .300  .300  .300  .300  .300  .300  .300  .300  .300  .300  .300  .300  .300  .300
  804    55.0    55.0   -15.0  .300  .300  .300  .300  .300  .300  .300  .300  .300  .300  .300  .300  .300  .300  .300  .300
  820    60.0    60.0   -15.0  .300  .300  .300  .300  .300  .300  .300  .300  .300  .300  .300  .300  .300  .300  .300  .300
  836    67.0    67.0   -15.0  .300  .300  .300  .300  .300  .300  .300  .300  .300  .300  .300  .300  .300  .300  .300  .300
  852    75.0    75.0   -15.0  .300  .300  .300  .300  .300  .300  .300  .300  .300  .300  .300  .300  .300  .300  .300  .300
  868    85.0    85.0   -15.0  .300  .300  .300  .300  .300  .300  .300  .300  .300  .300  .300  .300  .300  .300  .300  .300
  884   100.0   100.0   -15.0  .300  .300  .300  .300  .300  .300  .300  .300  .300  .300  .300  .300  .300  .300  .300  .300
  900   120.0   120.0   -15.0  .300
  901      .0      .0   -20.0  .300  .300  .300  .300  .300  .300  .300  .300  .300  .300  .300  .300  .300  .300  .300  .300
  917    10.0    10.0   -20.0  .300  .300  .300  .300  .300  .300  .300  .300  .300  .300  .300  .300  .300  .300  .300  .300
  933    20.0    20.0   -20.0  .300  .300  .300  .300  .300  .300  .300  .300  .300  .300  .300  .300  .300  .300  .300  .300
  949    30.0    30.0   -20.0  .300  .300  .300  .300  .300  .300  .300  .300  .300  .300  .300  .300  .300  .300  .300  .300
  965    40.0    40.0   -20.0  .300  .300  .300  .300  .300  .300  .300  .300  .300  .300  .300  .300  .300  .300  .300  .300
  981    45.0    45.0   -20.0  .300  .300  .300  .300  .300  .300  .300  .300  .300  .300  .300  .300  .300  .300  .300  .300
  997    49.0    49.0   -20.0  .300  .300  .300  .300  .300  .300  .300  .300  .300  .300  .300  .300  .300  .300  .300  .300
 1013    51.0    51.0   -20.0  .300  .300  .300  .300  .300  .300  .300  .300  .300  .300  .300  .300  .300  .300  .300  .300
 1029    55.0    55.0   -20.0  .300  .300  .300  .300  .300  .300  .300  .300  .300  .300  .300  .300  .300  .300  .300  .300
 1045    60.0    60.0   -20.0  .300  .300  .300  .300  .300  .300  .300  .300  .300  .300  .300  .300  .300  .300  .300  .300
 1061    67.0    67.0   -20.0  .300  .300  .300  .300  .300  .300  .300  .300  .300  .300  .300  .300  .300  .300  .300  .300
 1077    75.0    75.0   -20.0  .300  .300  .300  .300  .300  .300  .300  .300  .300  .300  .300  .300  .300  .300  .300  .300
 1093    85.0    85.0   -20.0  .300  .300  .300  .300  .300  .300  .300  .300  .300  .300  .300  .300  .300  .300  .300  .300
 1109   100.0   100.0   -20.0  .300  .300  .300  .300  .300  .300  .300  .300  .300  .300  .300  .300  .300  .300  .300  .300
 1125   120.0   120.0   -20.0  .300
 1126      .0      .0   -25.0  .300  .300  .300  .300  .300  .300  .300  .300  .300  .300  .300  .300  .300  .300  .300  .300
 1142    10.0    10.0   -25.0  .300  .300  .300  .300  .300  .300  .300  .300  .300  .300  .300  .300  .300  .300  .300  .300
 1158    20.0    20.0   -25.0  .300  .300  .300  .300  .300  .300  .300  .300  .300  .300  .300  .300  .300  .300  .300  .300
 1174    30.0    30.0   -25.0  .300  .300  .300  .300  .300  .300  .300  .300  .300  .300  .300  .300  .300  .300  .300  .300
 1190    40.0    40.0   -25.0  .300  .300  .300  .300  .300  .300  .300  .300  .300  .300  .300  .300  .300  .300  .300  .300
 1206    45.0    45.0   -25.0  .300  .300  .300  .300  .300  .300  .300  .300  .300  .300  .300  .300  .300  .300  .300  .300
 1222    49.0    49.0   -25.0  .300  .300  .300  .300  .300  .300  .300  .300  .300  .300  .300  .300  .300  .300  .300  .300
 1238    51.0    51.0   -25.0  .300  .300  .300  .300  .300  .300  .300  .300  .300  .300  .300  .300  .300  .300  .300  .300
 1254    55.0    55.0   -25.0  .300  .300  .300  .300  .300  .300  .300  .300  .300  .300  .300  .300  .300  .300  .300  .300
 1270    60.0    60.0   -25.0  .300  .300  .300  .300  .300  .300  .300  .300  .300  .300  .300  .300  .300  .300  .300  .300
 1286    67.0    67.0   -25.0  .300  .300  .300  .300  .300  .300  .300  .300  .300  .300  .300  .300  .300  .300  .300  .300
 1302    75.0    75.0   -25.0  .300  .300  .300  .300  .300  .300  .300  .300  .300  .300  .300  .300  .300  .300  .300  .300
 1318    85.0    85.0   -25.0  .300  .300  .300  .300  .300  .300  .300  .300  .300  .300  .300  .300  .300  .300  .300  .300
 1334   100.0   100.0   -25.0  .300  .300  .300  .300  .300  .300  .300  .300  .300  .300  .300  .300  .300  .300  .300  .300
 1350   120.0   120.0   -25.0  .300
 1351      .0      .0   -30.0  .300  .300  .300  .300  .300  .300  .300  .300  .300  .300  .300  .300  .300  .300  .300  .300
 1367    10.0    10.0   -30.0  .300  .300  .300  .300  .300  .300  .300  .300  .300  .300  .300  .300  .300  .300  .300  .300
 1383    20.0    20.0   -30.0  .300  .300  .300  .300  .300  .300  .300  .300  .300  .300  .300  .300  .300  .300  .300  .300
 1399    30.0    30.0   -30.0  .300  .300  .300  .300  .300  .300  .300  .300  .300  .300  .300  .300  .300  .300  .300  .300
 1415    40.0    40.0   -30.0  .300  .300  .300  .300  .300  .300  .300  .300  .300  .300  .300  .300  .300  .300  .300  .300
 1431    45.0    45.0   -30.0  .300  .300  .300  .300  .300  .300  .300  .300  .300  .300  .300  .300  .300  .300  .300  .300
 1447    49.0    49.0   -30.0  .300  .300  .300  .300  .300  .300  .300  .300  .300  .300  .300  .300  .300  .300  .300  .300
 1463    51.0    51.0   -30.0  .300  .300  .300  .300  .300  .300  .300  .300  .300  .300  .300  .300  .300  .300  .300  .300
 1479    55.0    55.0   -30.0  .300  .300  .300  .300  .300  .300  .300  .300  .300  .300  .300  .300  .300  .300  .300  .300
 1495    60.0    60.0   -30.0  .300  .300  .300  .300  .300  .300  .300  .300  .300  .300  .300  .300  .300  .300  .300  .300
 1511    67.0    67.0   -30.0  .300  .300  .300  .300  .300  .300  .300  .300  .300  .300  .300  .300  .300  .300  .300  .300
 1527    75.0    75.0   -30.0  .300  .300  .300  .300  .300  .300  .300  .300  .300  .300  .300  .300  .300  .300  .300  .300
 1543    85.0    85.0   -30.0  .300  .300  .300  .300  .300  .300  .300  .300  .300  .300  .300  .300  .300  .300  .300  .300
 1559   100.0   100.0   -30.0  .300  .300  .300  .300  .300  .300  .300  .300  .300  .300  .300  .300  .300  .300  .300  .300
 1575   120.0   120.0   -30.0  .300
 1576      .0      .0   -35.0  .300  .300  .300  .300  .300  .300  .300  .300  .300  .300  .300  .300  .300  .300  .300  .300
 1592    10.0    10.0   -35.0  .300  .300  .300  .300  .300  .300  .300  .300  .300  .300  .300  .300  .300  .300  .300  .300
 1608    20.0    20.0   -35.0  .300  .300  .300  .300  .300  .300  .300  .300  .300  .300  .300  .300  .300  .300  .300  .300
 1624    30.0    30.0   -35.0  .300  .300  .300  .300  .300  .300  .300  .300  .300  .300  .300  .300  .300  .300  .300  .300
 1640    40.0    40.0   -35.0  .300  .300  .300  .300  .300  .300  .300  .300  .300  .300  .300  .300  .300  .300  .300  .300
 1656    45.0    45.0   -35.0  .300  .300  .300  .300  .300  .300  .300  .300  .300  .300  .300  .300  .300  .300  .300  .300
 1672    49.0    49.0   -35.0  .300  .300  .300  .300  .300  .300  .300  .300  .300  .300  .300  .300  .300  .300  .300  .300
 1688    51.0    51.0   -35.0  .300  .300  .300  .300  .300  .300  .300  .300  .300  .300  .300  .300  .300  .300  .300  .300
 1704    55.0    55.0   -35.0  .300  .300  .300  .300  .300  .300  .300  .300  .300  .300  .300  .300  .300  .300  .300  .300
 1720    60.0    60.0   -35.0  .300  .300  .300  .300  .300  .300  .300  .300  .300  .300  .300  .300  .300  .300  .300  .300
 1736    67.0    67.0   -35.0  .300  .300  .300  .300  .300  .300  .300  .300  .300  .300  .300  .300  .300  .300  .300  .300
 1752    75.0    75.0   -35.0  .300  .300  .300  .300  .300  .300  .300  .300  .300  .300  .300  .300  .300  .300  .300  .300
 1768    85.0    85.0   -35.0  .300  .300  .300  .300  .300  .300  .300  .300  .300  .300  .300  .300  .300  .300  .300  .300
 1784   100.0   100.0   -35.0  .300  .300  .300  .300  .300  .300  .300  .300  .300  .300  .300  .300  .300  .300  .300  .300
 1800   120.0   120.0   -35.0  .300
 1801      .0      .0   -40.0  .300  .300  .300  .300  .300  .300  .300  .300  .300  .300  .300  .300  .300  .300  .300  .300
 1817    10.0    10.0   -40.0  .300  .300  .300  .300  .300  .300  .300  .300  .300  .300  .300  .300  .300  .300  .300  .300
 1833    20.0    20.0   -40.0  .300  .300  .300  .300  .300  .300  .300  .300  .300  .300  .300  .300  .300  .300  .300  .300
 1849    30.0    30.0   -40.0  .300  .300  .300  .300  .300  .300  .300  .300  .300  .300  .300  .300  .300  .300  .300  .300
 1865    40.0    40.0   -40.0  .300  .300  .300  .300  .300  .300  .300  .300  .300  .300  .300  .300  .300  .300  .300  .300
 1881    45.0    45.0   -40.0  .300  .300  .300  .300  .300  .300  .300  .300  .300  .300  .300  .300  .300  .300  .300  .300
 1897    49.0    49.0   -40.0  .300  .300  .300  .300  .300  .300  .300  .300  .300  .300  .300  .300  .300  .300  .300  .300
 1913    51.0    51.0   -40.0  .300  .300  .300  .300  .300  .300  .300  .300  .300  .300  .300  .300  .300  .300  .300  .300
 1929    55.0    55.0   -40.0  .300  .300  .300  .300  .300  .300  .300  .300  .300  .300  .300  .300  .300  .300  .300  .300
 1945    60.0    60.0   -40.0  .300  .300  .300  .300  .300  .300  .300  .300  .300  .300  .300  .300  .300  .300  .300  .300
 1961    67.0    67.0   -40.0  .300  .300  .300  .300  .300  .300  .300  .300  .300  .300  .300  .300  .300  .300  .300  .300
 1977    75.0    75.0   -40.0  .300  .300  .300  .300  .300  .300  .300  .300  .300  .300  .300  .300  .300  .300  .300  .300
 1993    85.0    85.0   -40.0  .300  .300  .300  .300  .300  .300  .300  .300  .300  .300  .300  .300  .300  .300  .300  .300
 2009   100.0   100.0   -40.0  .300  .300  .300  .300  .300  .300  .300  .300  .300  .300  .300  .300  .300  .300  .300  .300
 2025   120.0   120.0   -40.0  .300
 2026      .0      .0   -45.0  .300  .300  .300  .300  .300  .300  .300  .300  .300  .300  .300  .300  .300  .300  .300  .300
 2042    10.0    10.0   -45.0  .300  .300  .300  .300  .300  .300  .300  .300  .300  .300  .300  .300  .300  .300  .300  .300
 2058    20.0    20.0   -45.0  .300  .300  .300  .300  .300  .300  .300  .300  .300  .300  .300  .300  .300  .300  .300  .300
 2074    30.0    30.0   -45.0  .300  .300  .300  .300  .300  .300  .300  .300  .300  .300  .300  .300  .300  .300  .300  .300
 2090    40.0    40.0   -45.0  .300  .300  .300  .300  .300  .300  .300  .300  .300  .300  .300  .300  .300  .300  .300  .300
 2106    45.0    45.0   -45.0  .300  .300  .300  .300  .300  .300  .300  .300  .300  .300  .300  .300  .300  .300  .300  .300
 2122    49.0    49.0   -45.0  .300  .300  .300  .300  .300  .300  .300  .300  .300  .300  .300  .300  .300  .300  .300  .300
 2138    51.0    51.0   -45.0  .300  .300  .300  .300  .300  .300  .300  .300  .300  .300  .300  .300  .300  .300  .300  .300
 2154    55.0    55.0   -45.0  .300  .300  .300  .300  .300  .300  .300  .300  .300  .300  .300  .300  .300  .300  .300  .300
 2170    60.0    60.0   -45.0  .300  .300  .300  .300  .300  .300  .300  .300  .300  .300  .300  .300  .300  .300  .300  .300
 2186    67.0    67.0   -45.0  .300  .300  .300  .300  .300  .300  .300  .300  .300  .300  .300  .300  .300  .300  .300  .300
 2202    75.0    75.0   -45.0  .300  .300  .300  .300  .300  .300  .300  .300  .300  .300  .300  .300  .300  .300  .300  .300
 2218    85.0    85.0   -45.0  .300  .300  .300  .300  .300  .300  .300  .300  .300  .300  .300  .300  .300  .300  .300  .300
 2234   100.0   100.0   -45.0  .300  .300  .300  .300  .300  .300  .300  .300  .300  .300  .300  .300  .300  .300  .300  .300
 2250   120.0   120.0   -45.0  .300
 2251      .0      .0   -50.0  .300  .300  .300  .300  .300  .300  .300  .300  .300  .300  .300  .300  .300  .300  .300  .300
 2267    10.0    10.0   -50.0  .300  .300  .300  .300  .300  .300  .300  .300  .300  .300  .300  .300  .300  .300  .300  .300
 2283    20.0    20.0   -50.0  .300  .300  .300  .300  .300  .300  .300  .300  .300  .300  .300  .300  .300  .300  .300  .300
 2299    30.0    30.0   -50.0  .300  .300  .300  .300  .300  .300  .300  .300  .300  .300  .300  .300  .300  .300  .300  .300
 2315    40.0    40.0   -50.0  .300  .300  .300  .300  .300  .300  .300  .300  .300  .300  .300  .300  .300  .300  .300  .300
 2331    45.0    45.0   -50.0  .300  .300  .300  .300  .300  .300  .300  .300  .300  .300  .300  .300  .300  .300  .300  .300
 2347    49.0    49.0   -50.0  .300  .300  .300  .300  .300  .300  .300  .300  .300  .300  .300  .300  .300  .300  .300  .300
 2363    51.0    51.0   -50.0  .300  .300  .300  .300  .300  .300  .300  .300  .300  .300  .300  .300  .300  .300  .300  .300
 2379    55.0    55.0   -50.0  .300  .300  .300  .300  .300  .300  .300  .300  .300  .300  .300  .300  .300  .300  .300  .300
 2395    60.0    60.0   -50.0  .300  .300  .300  .300  .300  .300  .300  .300  .300  .300  .300  .300  .300  .300  .300  .300
 2411    67.0    67.0   -50.0  .300  .300  .300  .300  .300  .300  .300  .300  .300  .300  .300  .300  .300  .300  .300  .300
 2427    75.0    75.0   -50.0  .300  .300  .300  .300  .300  .300  .300  .300  .300  .300  .300  .300  .300  .300  .300  .300
 2443    85.0    85.0   -50.0  .300  .300  .300  .300  .300  .300  .300  .300  .300  .300  .300  .300  .300  .300  .300  .300
 2459   100.0   100.0   -50.0  .300  .300  .300  .300  .300  .300  .300  .300  .300  .300  .300  .300  .300  .300  .300  .300
 2475   120.0   120.0   -50.0  .300
 2476      .0      .0   -55.0  .300  .300  .300  .300  .300  .300  .300  .300  .300  .300  .300  .300  .300  .300  .300  .300
 2492    10.0    10.0   -55.0  .300  .300  .300  .300  .300  .300  .300  .300  .300  .300  .300  .300  .300  .300  .300  .300
 2508    20.0    20.0   -55.0  .300  .300  .300  .300  .300  .300  .300  .300  .300  .300  .300  .300  .300  .300  .300  .300
 2524    30.0    30.0   -55.0  .300  .300  .300  .300  .300  .300  .300  .300  .300  .300  .300  .300  .300  .300  .300  .300
 2540    40.0    40.0   -55.0  .300  .300  .300  .300  .300  .300  .300  .300  .300  .300  .300  .300  .300  .300  .300  .300
 2556    45.0    45.0   -55.0  .300  .300  .300  .300  .300  .300  .300  .300  .300  .300  .300  .300  .300  .300  .300  .300
 2572    49.0    49.0   -55.0  .300  .300  .300  .300  .300  .300  .300  .300  .300  .300  .300  .300  .300  .300  .300  .300
 2588    51.0    51.0   -55.0  .300  .300  .300  .300  .300  .300  .300  .300  .300  .300  .300  .300  .300  .300  .300  .300
 2604    55.0    55.0   -55.0  .300  .300  .300  .300  .300  .300  .300  .300  .300  .300  .300  .300  .300  .300  .300  .300
 2620    60.0    60.0   -55.0  .300  .300  .300  .300  .300  .300  .300  .300  .300  .300  .300  .300  .300  .300  .300  .300
 2636    67.0    67.0   -55.0  .300  .300  .300  .300  .300  .300  .300  .300  .300  .300  .300  .300  .300  .300  .300  .300
 2652    75.0    75.0   -55.0  .300  .300  .300  .300  .300  .300  .300  .300  .300  .300  .300  .300  .300  .300  .300  .300
 2668    85.0    85.0   -55.0  .300  .300  .300  .300  .300  .300  .300  .300  .300  .300  .300  .300  .300  .300  .300  .300
 2684   100.0   100.0   -55.0  .300  .300  .300  .300  .300  .300  .300  .300  .300  .300  .300  .300  .300  .300  .300  .300
 2700   120.0   120.0   -55.0  .300
 2701      .0      .0   -60.0  .300  .300  .300  .300  .300  .300  .300  .300  .300  .300  .300  .300  .300  .300  .300  .300
 2717    10.0    10.0   -60.0  .300  .300  .300  .300  .300  .300  .300  .300  .300  .300  .300  .300  .300  .300  .300  .300
 2733    20.0    20.0   -60.0  .300  .300  .300  .300  .300  .300  .300  .300  .300  .300  .300  .300  .300  .300  .300  .300
 2749    30.0    30.0   -60.0  .300  .300  .300  .300  .300  .300  .300  .300  .300  .300  .300  .300  .300  .300  .300  .300
 2765    40.0    40.0   -60.0  .300  .300  .300  .300  .300  .300  .300  .300  .300  .300  .300  .300  .300  .300  .300  .300
 2781    45.0    45.0   -60.0  .300  .300  .300  .300  .300  .300  .300  .300  .300  .300  .300  .300  .300  .300  .300  .300
 2797    49.0    49.0   -60.0  .300  .300  .300  .300  .300  .300  .300  .300  .300  .300  .300  .300  .300  .300  .300  .300
 2813    51.0    51.0   -60.0  .300  .300  .300  .300  .300  .300  .300  .300  .300  .300  .300  .300  .300  .300  .300  .300
 2829    55.0    55.0   -60.0  .300  .300  .300  .300  .300  .300  .300  .300  .300  .300  .300  .300  .300  .300  .300  .300
 2845    60.0    60.0   -60.0  .300  .300  .300  .300  .300  .300  .300  .300  .300  .300  .300  .300  .300  .300  .300  .300
 2861    67.0    67.0   -60.0  .300  .300  .300  .300  .300  .300  .300  .300  .300  .300  .300  .300  .300  .300  .300  .300
 2877    75.0    75.0   -60.0  .300  .300  .300  .300  .300  .300  .300  .300  .300  .300  .300  .300  .300  .300  .300  .300
 2893    85.0    85.0   -60.0  .300  .300  .300  .300  .300  .300  .300  .300  .300  .300  .300  .300  .300  .300  .300  .300
 2909   100.0   100.0   -60.0  .300  .300  .300  .300  .300  .300  .300  .300  .300  .300  .300  .300  .300  .300  .300  .300
 2925   120.0   120.0   -60.0  .300
 2926      .0      .0   -70.0  .300  .300  .300  .300  .300  .300  .300  .300  .300  .300  .300  .300  .300  .300  .300  .300
 2942    10.0    10.0   -70.0  .300  .300  .300  .300  .300  .300  .300  .300  .300  .300  .300  .300  .300  .300  .300  .300
 2958    20.0    20.0   -70.0  .300  .300  .300  .300  .300  .300  .300  .300  .300  .300  .300  .300  .300  .300  .300  .300
 2974    30.0    30.0   -70.0  .300  .300  .300  .300  .300  .300  .300  .300  .300  .300  .300  .300  .300  .300  .300  .300
 2990    40.0    40.0   -70.0  .300  .300  .300  .300  .300  .300  .300  .300  .300  .300  .300  .300  .300  .300  .300  .300
 3006    45.0    45.0   -70.0  .300  .300  .300  .300  .300  .300  .300  .300  .300  .300  .300  .300  .300  .300  .300  .300
 3022    49.0    49.0   -70.0  .300  .300  .300  .300  .300  .300  .300  .300  .300  .300  .300  .300  .300  .300  .300  .300
 3038    51.0    51.0   -70.0  .300  .300  .300  .300  .300  .300  .300  .300  .300  .300  .300  .300  .300  .300  .300  .300
 3054    55.0    55.0   -70.0  .300  .300  .300  .300  .300  .300  .300  .300  .300  .300  .300  .300  .300  .300  .300  .300
 3070    60.0    60.0   -70.0  .300  .300  .300  .300  .300  .300  .300  .300  .300  .300  .300  .300  .300  .300  .300  .300
 3086    67.0    67.0   -70.0  .300  .300  .300  .300  .300  .300  .300  .300  .300  .300  .300  .300  .300  .300  .300  .300
 3102    75.0    75.0   -70.0  .300  .300  .300  .300  .300  .300  .300  .300  .300  .300  .300  .300  .300  .300  .300  .300
 3118    85.0    85.0   -70.0  .300  .300  .300  .300  .300  .300  .300  .300  .300  .300  .300  .300  .300  .300  .300  .300
 3134   100.0   100.0   -70.0  .300  .300  .300  .300  .300  .300  .300  .300  .300  .300  .300  .300  .300  .300  .300  .300
 3150   120.0   120.0   -70.0  .300
 3151      .0      .0   -80.0  .300  .300  .300  .300  .300  .300  .300  .300  .300  .300  .300  .300  .300  .300  .300  .300
 3167    10.0    10.0   -80.0  .300  .300  .300  .300  .300  .300  .300  .300  .300  .300  .300  .300  .300  .300  .300  .300
 3183    20.0    20.0   -80.0  .300  .300  .300  .300  .300  .300  .300  .300  .300  .300  .300  .300  .300  .300  .300  .300
 3199    30.0    30.0   -80.0  .300  .300  .300  .300  .300  .300  .300  .300  .300  .300  .300  .300  .300  .300  .300  .300
 3215    40.0    40.0   -80.0  .300  .300  .300  .300  .300  .300  .300  .300  .300  .300  .300  .300  .300  .300  .300  .300
 3231    45.0    45.0   -80.0  .300  .300  .300  .300  .300  .300  .300  .300  .300  .300  .300  .300  .300  .300  .300  .300
 3247    49.0    49.0   -80.0  .300  .300  .300  .300  .300  .300  .300  .300  .300  .300  .300  .300  .300  .300  .300  .300
 3263    51.0    51.0   -80.0  .300  .300  .300  .300  .300  .300  .300  .300  .300  .300  .300  .300  .300  .300  .300  .300
 3279    55.0    55.0   -80.0  .300  .300  .300  .300  .300  .300  .300  .300  .300  .300  .300  .300  .300  .300  .300  .300
 3295    60.0    60.0   -80.0  .300  .300  .300  .300  .300  .300  .300  .300  .300  .300  .300  .300  .300  .300  .300  .300
 3311    67.0    67.0   -80.0  .300  .300  .300  .300  .300  .300  .300  .300  .300  .300  .300  .300  .300  .300  .300  .300
 3327    75.0    75.0   -80.0  .300  .300  .300  .300  .300  .300  .300  .300  .300  .300  .300  .300  .300  .300  .300  .300
 3343    85.0    85.0   -80.0  .300  .300  .300  .300  .300  .300  .300  .300  .300  .300  .300  .300  .300  .300  .300  .300
 3359   100.0   100.0   -80.0  .300  .300  .300  .300  .300  .300  .300  .300  .300  .300  .300  .300  .300  .300  .300  .300
 3375   120.0   120.0   -80.0  .300
 3376      .0      .0   -90.0  .300  .300  .300  .300  .300  .300  .300  .300  .300  .300  .300  .300  .300  .300  .300  .300
 3392    10.0    10.0   -90.0  .300  .300  .300  .300  .300  .300  .300  .300  .300  .300  .300  .300  .300  .300  .300  .300
 3408    20.0    20.0   -90.0  .300  .300  .300  .300  .300  .300  .300  .300  .300  .300  .300  .300  .300  .300  .300  .300
 3424    30.0    30.0   -90.0  .300  .300  .300  .300  .300  .300  .300  .300  .300  .300  .300  .300  .300  .300  .300  .300
 3440    40.0    40.0   -90.0  .300  .300  .300  .300  .300  .300  .300  .300  .300  .300  .300  .300  .300  .300  .300  .300
 3456    45.0    45.0   -90.0  .300  .300  .300  .300  .300  .300  .300  .300  .300  .300  .300  .300  .300  .300  .300  .300
 3472    49.0    49.0   -90.0  .300  .300  .300  .300  .300  .300  .300  .300  .300  .300  .300  .300  .300  .300  .300  .300
 3488    51.0    51.0   -90.0  .300  .300  .300  .300  .300  .300  .300  .300  .300  .300  .300  .300  .300  .300  .300  .300
 3504    55.0    55.0   -90.0  .300  .300  .300  .300  .300  .300  .300  .300  .300  .300  .300  .300  .300  .300  .300  .300
 3520    60.0    60.0   -90.0  .300  .300  .300  .300  .300  .300  .300  .300  .300  .300  .300  .300  .300  .300  .300  .300
 3536    67.0    67.0   -90.0  .300  .300  .300  .300  .300  .300  .300  .300  .300  .300  .300  .300  .300  .300  .300  .300
 3552    75.0    75.0   -90.0  .300  .300  .300  .300  .300  .300  .300  .300  .300  .300  .300  .300  .300  .300  .300  .300
 3568    85.0    85.0   -90.0  .300  .300  .300  .300  .300  .300  .300  .300  .300  .300  .300  .300  .300  .300  .300  .300
 3584   100.0   100.0   -90.0  .300  .300  .300  .300  .300  .300  .300  .300  .300  .300  .300  .300  .300  .300  .300  .300
 3600   120.0   120.0   -90.0  .300
 3601      .0      .0  -100.0  .300  .300  .300  .300  .300  .300  .300  .300  .300  .300  .300  .300  .300  .300  .300  .300
 3617    10.0    10.0  -100.0  .300  .300  .300  .300  .300  .300  .300  .300  .300  .300  .300  .300  .300  .300  .300  .300
 3633    20.0    20.0  -100.0  .300  .300  .300  .300  .300  .300  .300  .300  .300  .300  .300  .300  .300  .300  .300  .300
 3649    30.0    30.0  -100.0  .300  .300  .300  .300  .300  .300  .300  .300  .300  .300  .300  .300  .300  .300  .300  .300
 3665    40.0    40.0  -100.0  .300  .300  .300  .300  .300  .300  .300  .300  .300  .300  .300  .300  .300  .300  .300  .300
 3681    45.0    45.0  -100.0  .300  .300  .300  .300  .300  .300  .300  .300  .300  .300  .300  .300  .300  .300  .300  .300
 3697    49.0    49.0  -100.0  .300  .300  .300  .300  .300  .300  .300  .300  .300  .300  .300  .300  .300  .300  .300  .300
 3713    51.0    51.0  -100.0  .300  .300  .300  .300  .300  .300  .300  .300  .300  .300  .300  .300  .300  .300  .300  .300
 3729    55.0    55.0  -100.0  .300  .300  .300  .300  .300  .300  .300  .300  .300  .300  .300  .300  .300  .300  .300  .300
 3745    60.0    60.0  -100.0  .300  .300  .300  .300  .300  .300  .300  .300  .300  .300  .300  .300  .300  .300  .300  .300
 3761    67.0    67.0  -100.0  .300  .300  .300  .300  .300  .300  .300  .300  .300  .300  .300  .300  .300  .300  .300  .300
 3777    75.0    75.0  -100.0  .300  .300  .300  .300  .300  .300  .300  .300  .300  .300  .300  .300  .300  .300  .300  .300
 3793    85.0    85.0  -100.0  .300  .300  .300  .300  .300  .300  .300  .300  .300  .300  .300  .300  .300  .300  .300  .300
 3809   100.0   100.0  -100.0  .300  .300  .300  .300  .300  .300  .300  .300  .300  .300  .300  .300  .300  .300  .300  .300
 3825   120.0   120.0  -100.0  .300
 3826      .0      .0  -125.0  .300  .300  .300  .300  .300  .300  .300  .300  .300  .300  .300  .300  .300  .300  .300  .300
 3842    10.0    10.0  -125.0  .300  .300  .300  .300  .300  .300  .300  .300  .300  .300  .300  .300  .300  .300  .300  .300
 3858    20.0    20.0  -125.0  .300  .300  .300  .300  .300  .300  .300  .300  .300  .300  .300  .300  .300  .300  .300  .300
 3874    30.0    30.0  -125.0  .300  .300  .300  .300  .300  .300  .300  .300  .300  .300  .300  .300  .300  .300  .300  .300
 3890    40.0    40.0  -125.0  .300  .300  .300  .300  .300  .300  .300  .300  .300  .300  .300  .300  .300  .300  .300  .300
 3906    45.0    45.0  -125.0  .300  .300  .300  .300  .300  .300  .300  .300  .300  .300  .300  .300  .300  .300  .300  .300
 3922    49.0    49.0  -125.0  .300  .300  .300  .300  .300  .300  .300  .300  .300  .300  .300  .300  .300  .300  .300  .300
 3938    51.0    51.0  -125.0  .300  .300  .300  .300  .300  .300  .300  .300  .300  .300  .300  .300  .300  .300  .300  .300
 3954    55.0    55.0  -125.0  .300  .300  .300  .300  .300  .300  .300  .300  .300  .300  .300  .300  .300  .300  .300  .300
 3970    60.0    60.0  -125.0  .300  .300  .300  .300  .300  .300  .300  .300  .300  .300  .300  .300  .300  .300  .300  .300
 3986    67.0    67.0  -125.0  .300  .300  .300  .300  .300  .300  .300  .300  .300  .300  .300  .300  .300  .300  .300  .300
 4002    75.0    75.0  -125.0  .300  .300  .300  .300  .300  .300  .300  .300  .300  .300  .300  .300  .300  .300  .300  .300
 4018    85.0    85.0  -125.0  .300  .300  .300  .300  .300  .300  .300  .300  .300  .300  .300  .300  .300  .300  .300  .300
 4034   100.0   100.0  -125.0  .300  .300  .300  .300  .300  .300  .300  .300  .300  .300  .300  .300  .300  .300  .300  .300
 4050   120.0   120.0  -125.0  .300
 4051      .0      .0  -150.0  .300  .300  .300  .300  .300  .300  .300  .300  .300  .300  .300  .300  .300  .300  .300  .300
 4067    10.0    10.0  -150.0  .300  .300  .300  .300  .300  .300  .300  .300  .300  .300  .300  .300  .300  .300  .300  .300
 4083    20.0    20.0  -150.0  .300  .300  .300  .300  .300  .300  .300  .300  .300  .300  .300  .300  .300  .300  .300  .300
 4099    30.0    30.0  -150.0  .300  .300  .300  .300  .300  .300  .300  .300  .300  .300  .300  .300  .300  .300  .300  .300
 4115    40.0    40.0  -150.0  .300  .300  .300  .300  .300  .300  .300  .300  .300  .300  .300  .300  .300  .300  .300  .300
 4131    45.0    45.0  -150.0  .300  .300  .300  .300  .300  .300  .300  .300  .300  .300  .300  .300  .300  .300  .300  .300
 4147    49.0    49.0  -150.0  .300  .300  .300  .300  .300  .300  .300  .300  .300  .300  .300  .300  .300  .300  .300  .300
 4163    51.0    51.0  -150.0  .300  .300  .300  .300  .300  .300  .300  .300  .300  .300  .300  .300  .300  .300  .300  .300
 4179    55.0    55.0  -150.0  .300  .300  .300  .300  .300  .300  .300  .300  .300  .300  .300  .300  .300  .300  .300  .300
 4195    60.0    60.0  -150.0  .300  .300  .300  .300  .300  .300  .300  .300  .300  .300  .300  .300  .300  .300  .300  .300
 4211    67.0    67.0  -150.0  .300  .300  .300  .300  .300  .300  .300  .300  .300  .300  .300  .300  .300  .300  .300  .300
 4227    75.0    75.0  -150.0  .300  .300  .300  .300  .300  .300  .300  .300  .300  .300  .300  .300  .300  .300  .300  .300
 4243    85.0    85.0  -150.0  .300  .300  .300  .300  .300  .300  .300  .300  .300  .300  .300  .300  .300  .300  .300  .300
 4259   100.0   100.0  -150.0  .300  .300  .300  .300  .300  .300  .300  .300  .300  .300  .300  .300  .300  .300  .300  .300
 4275   120.0   120.0  -150.0  .300
 4276      .0      .0  -175.0  .300  .300  .300  .300  .300  .300  .300  .300  .300  .300  .300  .300  .300  .300  .300  .300
 4292    10.0    10.0  -175.0  .300  .300  .300  .300  .300  .300  .300  .300  .300  .300  .300  .300  .300  .300  .300  .300
 4308    20.0    20.0  -175.0  .300  .300  .300  .300  .300  .300  .300  .300  .300  .300  .300  .300  .300  .300  .300  .300
 4324    30.0    30.0  -175.0  .300  .300  .300  .300  .300  .300  .300  .300  .300  .300  .300  .300  .300  .300  .300  .300
 4340    40.0    40.0  -175.0  .300  .300  .300  .300  .300  .300  .300  .300  .300  .300  .300  .300  .300  .300  .300  .300
 4356    45.0    45.0  -175.0  .300  .300  .300  .300  .300  .300  .300  .300  .300  .300  .300  .300  .300  .300  .300  .300
 4372    49.0    49.0  -175.0  .300  .300  .300  .300  .300  .300  .300  .300  .300  .300  .300  .300  .300  .300  .300  .300
 4388    51.0    51.0  -175.0  .300  .300  .300  .300  .300  .300  .300  .300  .300  .300  .300  .300  .300  .300  .300  .300
 4404    55.0    55.0  -175.0  .300  .300  .300  .300  .300  .300  .300  .300  .300  .300  .300  .300  .300  .300  .300  .300
 4420    60.0    60.0  -175.0  .300  .300  .300  .300  .300  .300  .300  .300  .300  .300  .300  .300  .300  .300  .300  .300
 4436    67.0    67.0  -175.0  .300  .300  .300  .300  .300  .300  .300  .300  .300  .300  .300  .300  .300  .300  .300  .300
 4452    75.0    75.0  -175.0  .300  .300  .300  .300  .300  .300  .300  .300  .300  .300  .300  .300  .300  .300  .300  .300
 4468    85.0    85.0  -175.0  .300  .300  .300  .300  .300  .300  .300  .300  .300  .300  .300  .300  .300  .300  .300  .300
 4484   100.0   100.0  -175.0  .300  .300  .300  .300  .300  .300  .300  .300  .300  .300  .300  .300  .300  .300  .300  .300
 4500   120.0   120.0  -175.0  .300
 4501      .0      .0  -200.0  .300  .300  .300  .300  .300  .300  .300  .300  .300  .300  .300  .300  .300  .300  .300  .300
 4517    10.0    10.0  -200.0  .300  .300  .300  .300  .300  .300  .300  .300  .300  .300  .300  .300  .300  .300  .300  .300
 4533    20.0    20.0  -200.0  .300  .300  .300  .300  .300  .300  .300  .300  .300  .300  .300  .300  .300  .300  .300  .300
 4549    30.0    30.0  -200.0  .300  .300  .300  .300  .300  .300  .300  .300  .300  .300  .300  .300  .300  .300  .300  .300
 4565    40.0    40.0  -200.0  .300  .300  .300  .300  .300  .300  .300  .300  .300  .300  .300  .300  .300  .300  .300  .300
 4581    45.0    45.0  -200.0  .300  .300  .300  .300  .300  .300  .300  .300  .300  .300  .300  .300  .300  .300  .300  .300
 4597    49.0    49.0  -200.0  .300  .300  .300  .300  .300  .300  .300  .300  .300  .300  .300  .300  .300  .300  .300  .300
 4613    51.0    51.0  -200.0  .300  .300  .300  .300  .300  .300  .300  .300  .300  .300  .300  .300  .300  .300  .300  .300
 4629    55.0    55.0  -200.0  .300  .300  .300  .300  .300  .300  .300  .300  .300  .300  .300  .300  .300  .300  .300  .300
 4645    60.0    60.0  -200.0  .300  .300  .300  .300  .300  .300  .300  .300  .300  .300  .300  .300  .300  .300  .300  .300
 4661    67.0    67.0  -200.0  .300  .300  .300  .300  .300  .300  .300  .300  .300  .300  .300  .300  .300  .300  .300  .300
 4677    75.0    75.0  -200.0  .300  .300  .300  .300  .300  .300  .300  .300  .300  .300  .300  .300  .300  .300  .300  .300
 4693    85.0    85.0  -200.0  .300  .300  .300  .300  .300  .300  .300  .300  .300  .300  .300  .300  .300  .300  .300  .300
 4709   100.0   100.0  -200.0  .300  .300  .300  .300  .300  .300  .300  .300  .300  .300  .300  .300  .300  .300  .300  .300
 4725   120.0   120.0  -200.0  .300


 Time  ***     50.0000 ***

    n    x(n)   y(n)   z(n)      th(n)     th(n+1) ...

    1      .0      .0      .0  .300  .300  .300  .300  .300  .300  .300  .300  .300  .300  .300  .300  .300  .300  .300  .300
   17    10.0    10.0      .0  .300  .300  .300  .300  .300  .300  .300  .300  .300  .300  .300  .300  .300  .300  .300  .300
   33    20.0    20.0      .0  .300  .300  .300  .300  .300  .300  .300  .300  .300  .300  .300  .300  .300  .300  .300  .300
   49    30.0    30.0      .0  .300  .300  .300  .300  .300  .300  .300  .300  .300  .300  .300  .300  .300  .300  .300  .300
   65    40.0    40.0      .0  .300  .300  .300  .300  .300  .300  .300  .300  .300  .300  .300  .300  .300  .300  .300  .300
   81    45.0    45.0      .0  .300  .300  .300  .300  .300  .300  .300  .300  .300  .300  .300  .300  .300  .300  .300  .300
   97    49.0    49.0      .0  .300  .300  .300  .300  .300  .300  .300  .300  .300  .300  .300  .300  .300  .300  .300  .300
  113    51.0    51.0      .0  .300  .300  .300  .300  .300  .300  .300  .300  .300  .300  .300  .300  .300  .300  .300  .300
  129    55.0    55.0      .0  .300  .300  .300  .300  .300  .300  .300  .300  .300  .300  .300  .300  .300  .300  .300  .300
  145    60.0    60.0      .0  .300  .300  .300  .300  .300  .300  .300  .300  .300  .300  .300  .300  .300  .300  .300  .300
  161    67.0    67.0      .0  .300  .300  .300  .300  .300  .300  .300  .300  .300  .300  .300  .300  .300  .300  .300  .300
  177    75.0    75.0      .0  .300  .300  .300  .300  .300  .300  .300  .300  .300  .300  .300  .300  .300  .300  .300  .300
  193    85.0    85.0      .0  .300  .300  .300  .300  .300  .300  .300  .300  .300  .300  .300  .300  .300  .300  .300  .300
  209   100.0   100.0      .0  .300  .300  .300  .300  .300  .300  .300  .300  .300  .300  .300  .300  .300  .300  .300  .300
  225   120.0   120.0      .0  .300
  226      .0      .0    -5.0  .300  .300  .300  .300  .300  .300  .300  .300  .300  .300  .300  .300  .300  .300  .300  .300
  242    10.0    10.0    -5.0  .300  .300  .300  .300  .300  .300  .300  .300  .300  .300  .300  .300  .300  .300  .300  .300
  258    20.0    20.0    -5.0  .300  .300  .300  .300  .300  .300  .300  .300  .300  .300  .300  .300  .300  .300  .300  .300
  274    30.0    30.0    -5.0  .300  .300  .300  .300  .300  .300  .300  .300  .300  .300  .300  .300  .300  .300  .300  .300
  290    40.0    40.0    -5.0  .300  .300  .300  .300  .300  .300  .300  .300  .300  .300  .300  .300  .300  .300  .300  .300
  306    45.0    45.0    -5.0  .300  .300  .300  .300  .300  .300  .300  .300  .300  .300  .300  .300  .300  .300  .300  .300
  322    49.0    49.0    -5.0  .300  .300  .300  .300  .300  .300  .300  .300  .300  .300  .300  .300  .300  .300  .300  .300
  338    51.0    51.0    -5.0  .300  .300  .300  .300  .300  .300  .300  .300  .300  .300  .300  .300  .300  .300  .300  .300
  354    55.0    55.0    -5.0  .300  .300  .300  .300  .300  .300  .300  .300  .300  .300  .300  .300  .300  .300  .300  .300
  370    60.0    60.0    -5.0  .300  .300  .300  .300  .300  .300  .300  .300  .300  .300  .300  .300  .300  .300  .300  .300
  386    67.0    67.0    -5.0  .300  .300  .300  .300  .300  .300  .300  .300  .300  .300  .300  .300  .300  .300  .300  .300
  402    75.0    75.0    -5.0  .300  .300  .300  .300  .300  .300  .300  .300  .300  .300  .300  .300  .300  .300  .300  .300
  418    85.0    85.0    -5.0  .300  .300  .300  .300  .300  .300  .300  .300  .300  .300  .300  .300  .300  .300  .300  .300
  434   100.0   100.0    -5.0  .300  .300  .300  .300  .300  .300  .300  .300  .300  .300  .300  .300  .300  .300  .300  .300
  450   120.0   120.0    -5.0  .300
  451      .0      .0   -10.0  .300  .300  .300  .300  .300  .300  .300  .300  .300  .300  .300  .300  .300  .300  .300  .300
  467    10.0    10.0   -10.0  .300  .300  .300  .300  .300  .300  .300  .300  .300  .300  .300  .300  .300  .300  .300  .300
  483    20.0    20.0   -10.0  .300  .300  .300  .300  .300  .300  .300  .300  .300  .300  .300  .300  .300  .300  .300  .300
  499    30.0    30.0   -10.0  .300  .300  .300  .300  .300  .300  .300  .300  .300  .300  .300  .300  .300  .300  .300  .300
  515    40.0    40.0   -10.0  .300  .300  .300  .300  .300  .300  .300  .300  .300  .300  .300  .300  .300  .300  .300  .300
  531    45.0    45.0   -10.0  .300  .300  .300  .300  .300  .300  .300  .300  .300  .300  .300  .300  .300  .300  .300  .300
  547    49.0    49.0   -10.0  .300  .300  .300  .300  .300  .300  .300  .300  .300  .300  .300  .300  .300  .300  .300  .300
  563    51.0    51.0   -10.0  .300  .300  .300  .300  .300  .300  .300  .300  .300  .300  .300  .300  .300  .300  .300  .300
  579    55.0    55.0   -10.0  .300  .300  .300  .300  .300  .300  .300  .300  .300  .300  .300  .300  .300  .300  .300  .300
  595    60.0    60.0   -10.0  .300  .300  .300  .300  .300  .300  .300  .300  .300  .300  .300  .300  .300  .300  .300  .300
  611    67.0    67.0   -10.0  .300  .300  .300  .300  .300  .300  .300  .300  .300  .300  .300  .300  .300  .300  .300  .300
  627    75.0    75.0   -10.0  .300  .300  .300  .300  .300  .300  .300  .300  .300  .300  .300  .300  .300  .300  .300  .300
  643    85.0    85.0   -10.0  .300  .300  .300  .300  .300  .300  .300  .300  .300  .300  .300  .300  .300  .300  .300  .300
  659   100.0   100.0   -10.0  .300  .300  .300  .300  .300  .300  .300  .300  .300  .300  .300  .300  .300  .300  .300  .300
  675   120.0   120.0   -10.0  .300
  676      .0      .0   -15.0  .300  .300  .300  .300  .300  .300  .300  .300  .300  .300  .300  .300  .300  .300  .300  .300
  692    10.0    10.0   -15.0  .300  .300  .300  .300  .300  .300  .300  .300  .300  .300  .300  .300  .300  .300  .300  .300
  708    20.0    20.0   -15.0  .300  .300  .300  .300  .300  .300  .300  .300  .300  .300  .300  .300  .300  .300  .300  .300
  724    30.0    30.0   -15.0  .300  .300  .300  .300  .300  .300  .300  .300  .300  .300  .300  .300  .300  .300  .300  .300
  740    40.0    40.0   -15.0  .300  .300  .300  .300  .300  .300  .300  .300  .300  .300  .300  .300  .300  .300  .300  .300
  756    45.0    45.0   -15.0  .300  .300  .300  .300  .300  .300  .300  .300  .300  .300  .300  .300  .300  .300  .300  .300
  772    49.0    49.0   -15.0  .300  .300  .300  .300  .300  .300  .300  .300  .300  .300  .300  .300  .300  .300  .300  .300
  788    51.0    51.0   -15.0  .300  .300  .300  .300  .300  .300  .300  .300  .300  .300  .300  .300  .300  .300  .300  .300
  804    55.0    55.0   -15.0  .300  .300  .300  .300  .300  .300  .300  .300  .300  .300  .300  .300  .300  .300  .300  .300
  820    60.0    60.0   -15.0  .300  .300  .300  .300  .300  .300  .300  .300  .300  .300  .300  .300  .300  .300  .300  .300
  836    67.0    67.0   -15.0  .300  .300  .300  .300  .300  .300  .300  .300  .300  .300  .300  .300  .300  .300  .300  .300
  852    75.0    75.0   -15.0  .300  .300  .300  .300  .300  .300  .300  .300  .300  .300  .300  .300  .300  .300  .300  .300
  868    85.0    85.0   -15.0  .300  .300  .300  .300  .300  .300  .300  .300  .300  .300  .300  .300  .300  .300  .300  .300
  884   100.0   100.0   -15.0  .300  .300  .300  .300  .300  .300  .300  .300  .300  .300  .300  .300  .300  .300  .300  .300
  900   120.0   120.0   -15.0  .300
  901      .0      .0   -20.0  .300  .300  .300  .300  .300  .300  .300  .300  .300  .300  .300  .300  .300  .300  .300  .300
  917    10.0    10.0   -20.0  .300  .300  .300  .300  .300  .300  .300  .300  .300  .300  .300  .300  .300  .300  .300  .300
  933    20.0    20.0   -20.0  .300  .300  .300  .300  .300  .300  .300  .300  .300  .300  .300  .300  .300  .300  .300  .300
  949    30.0    30.0   -20.0  .300  .300  .300  .300  .300  .300  .300  .300  .300  .300  .300  .300  .300  .300  .300  .300
  965    40.0    40.0   -20.0  .300  .300  .300  .300  .300  .300  .300  .300  .300  .300  .300  .300  .300  .300  .300  .300
  981    45.0    45.0   -20.0  .300  .300  .300  .300  .300  .300  .300  .300  .300  .300  .300  .300  .300  .300  .300  .300
  997    49.0    49.0   -20.0  .300  .300  .300  .300  .300  .300  .300  .300  .300  .300  .300  .300  .300  .300  .300  .300
 1013    51.0    51.0   -20.0  .300  .300  .300  .300  .300  .300  .300  .300  .300  .300  .300  .300  .300  .300  .300  .300
 1029    55.0    55.0   -20.0  .300  .300  .300  .300  .300  .300  .300  .300  .300  .300  .300  .300  .300  .300  .300  .300
 1045    60.0    60.0   -20.0  .300  .300  .300  .300  .300  .300  .300  .300  .300  .300  .300  .300  .300  .300  .300  .300
 1061    67.0    67.0   -20.0  .300  .300  .300  .300  .300  .300  .300  .300  .300  .300  .300  .300  .300  .300  .300  .300
 1077    75.0    75.0   -20.0  .300  .300  .300  .300  .300  .300  .300  .300  .300  .300  .300  .300  .300  .300  .300  .300
 1093    85.0    85.0   -20.0  .300  .300  .300  .300  .300  .300  .300  .300  .300  .300  .300  .300  .300  .300  .300  .300
 1109   100.0   100.0   -20.0  .300  .300  .300  .300  .300  .300  .300  .300  .300  .300  .300  .300  .300  .300  .300  .300
 1125   120.0   120.0   -20.0  .300
 1126      .0      .0   -25.0  .300  .300  .300  .300  .300  .300  .300  .300  .300  .300  .300  .300  .300  .300  .300  .300
 1142    10.0    10.0   -25.0  .300  .300  .300  .300  .300  .300  .300  .300  .300  .300  .300  .300  .300  .300  .300  .300
 1158    20.0    20.0   -25.0  .300  .300  .300  .300  .300  .300  .300  .300  .300  .300  .300  .300  .300  .300  .300  .300
 1174    30.0    30.0   -25.0  .300  .300  .300  .300  .300  .300  .300  .300  .300  .300  .300  .300  .300  .300  .300  .300
 1190    40.0    40.0   -25.0  .300  .300  .300  .300  .300  .300  .300  .300  .300  .300  .300  .300  .300  .300  .300  .300
 1206    45.0    45.0   -25.0  .300  .300  .300  .300  .300  .300  .300  .300  .300  .300  .300  .300  .300  .300  .300  .300
 1222    49.0    49.0   -25.0  .300  .300  .300  .300  .300  .300  .300  .300  .300  .300  .300  .300  .300  .300  .300  .300
 1238    51.0    51.0   -25.0  .300  .300  .300  .300  .300  .300  .300  .300  .300  .300  .300  .300  .300  .300  .300  .300
 1254    55.0    55.0   -25.0  .300  .300  .300  .300  .300  .300  .300  .300  .300  .300  .300  .300  .300  .300  .300  .300
 1270    60.0    60.0   -25.0  .300  .300  .300  .300  .300  .300  .300  .300  .300  .300  .300  .300  .300  .300  .300  .300
 1286    67.0    67.0   -25.0  .300  .300  .300  .300  .300  .300  .300  .300  .300  .300  .300  .300  .300  .300  .300  .300
 1302    75.0    75.0   -25.0  .300  .300  .300  .300  .300  .300  .300  .300  .300  .300  .300  .300  .300  .300  .300  .300
 1318    85.0    85.0   -25.0  .300  .300  .300  .300  .300  .300  .300  .300  .300  .300  .300  .300  .300  .300  .300  .300
 1334   100.0   100.0   -25.0  .300  .300  .300  .300  .300  .300  .300  .300  .300  .300  .300  .300  .300  .300  .300  .300
 1350   120.0   120.0   -25.0  .300
 1351      .0      .0   -30.0  .300  .300  .300  .300  .300  .300  .300  .300  .300  .300  .300  .300  .300  .300  .300  .300
 1367    10.0    10.0   -30.0  .300  .300  .300  .300  .300  .300  .300  .300  .300  .300  .300  .300  .300  .300  .300  .300
 1383    20.0    20.0   -30.0  .300  .300  .300  .300  .300  .300  .300  .300  .300  .300  .300  .300  .300  .300  .300  .300
 1399    30.0    30.0   -30.0  .300  .300  .300  .300  .300  .300  .300  .300  .300  .300  .300  .300  .300  .300  .300  .300
 1415    40.0    40.0   -30.0  .300  .300  .300  .300  .300  .300  .300  .300  .300  .300  .300  .300  .300  .300  .300  .300
 1431    45.0    45.0   -30.0  .300  .300  .300  .300  .300  .300  .300  .300  .300  .300  .300  .300  .300  .300  .300  .300
 1447    49.0    49.0   -30.0  .300  .300  .300  .300  .300  .300  .300  .300  .300  .300  .300  .300  .300  .300  .300  .300
 1463    51.0    51.0   -30.0  .300  .300  .300  .300  .300  .300  .300  .300  .300  .300  .300  .300  .300  .300  .300  .300
 1479    55.0    55.0   -30.0  .300  .300  .300  .300  .300  .300  .300  .300  .300  .300  .300  .300  .300  .300  .300  .300
 1495    60.0    60.0   -30.0  .300  .300  .300  .300  .300  .300  .300  .300  .300  .300  .300  .300  .300  .300  .300  .300
 1511    67.0    67.0   -30.0  .300  .300  .300  .300  .300  .300  .300  .300  .300  .300  .300  .300  .300  .300  .300  .300
 1527    75.0    75.0   -30.0  .300  .300  .300  .300  .300  .300  .300  .300  .300  .300  .300  .300  .300  .300  .300  .300
 1543    85.0    85.0   -30.0  .300  .300  .300  .300  .300  .300  .300  .300  .300  .300  .300  .300  .300  .300  .300  .300
 1559   100.0   100.0   -30.0  .300  .300  .300  .300  .300  .300  .300  .300  .300  .300  .300  .300  .300  .300  .300  .300
 1575   120.0   120.0   -30.0  .300
 1576      .0      .0   -35.0  .300  .300  .300  .300  .300  .300  .300  .300  .300  .300  .300  .300  .300  .300  .300  .300
 1592    10.0    10.0   -35.0  .300  .300  .300  .300  .300  .300  .300  .300  .300  .300  .300  .300  .300  .300  .300  .300
 1608    20.0    20.0   -35.0  .300  .300  .300  .300  .300  .300  .300  .300  .300  .300  .300  .300  .300  .300  .300  .300
 1624    30.0    30.0   -35.0  .300  .300  .300  .300  .300  .300  .300  .300  .300  .300  .300  .300  .300  .300  .300  .300
 1640    40.0    40.0   -35.0  .300  .300  .300  .300  .300  .300  .300  .300  .300  .300  .300  .300  .300  .300  .300  .300
 1656    45.0    45.0   -35.0  .300  .300  .300  .300  .300  .300  .300  .300  .300  .300  .300  .300  .300  .300  .300  .300
 1672    49.0    49.0   -35.0  .300  .300  .300  .300  .300  .300  .300  .300  .300  .300  .300  .300  .300  .300  .300  .300
 1688    51.0    51.0   -35.0  .300  .300  .300  .300  .300  .300  .300  .300  .300  .300  .300  .300  .300  .300  .300  .300
 1704    55.0    55.0   -35.0  .300  .300  .300  .300  .300  .300  .300  .300  .300  .300  .300  .300  .300  .300  .300  .300
 1720    60.0    60.0   -35.0  .300  .300  .300  .300  .300  .300  .300  .300  .300  .300  .300  .300  .300  .300  .300  .300
 1736    67.0    67.0   -35.0  .300  .300  .300  .300  .300  .300  .300  .300  .300  .300  .300  .300  .300  .300  .300  .300
 1752    75.0    75.0   -35.0  .300  .300  .300  .300  .300  .300  .300  .300  .300  .300  .300  .300  .300  .300  .300  .300
 1768    85.0    85.0   -35.0  .300  .300  .300  .300  .300  .300  .300  .300  .300  .300  .300  .300  .300  .300  .300  .300
 1784   100.0   100.0   -35.0  .300  .300  .300  .300  .300  .300  .300  .300  .300  .300  .300  .300  .300  .300  .300  .300
 1800   120.0   120.0   -35.0  .300
 1801      .0      .0   -40.0  .300  .300  .300  .300  .300  .300  .300  .300  .300  .300  .300  .300  .300  .300  .300  .300
 1817    10.0    10.0   -40.0  .300  .300  .300  .300  .300  .300  .300  .300  .300  .300  .300  .300  .300  .300  .300  .300
 1833    20.0    20.0   -40.0  .300  .300  .300  .300  .300  .300  .300  .300  .300  .300  .300  .300  .300  .300  .300  .300
 1849    30.0    30.0   -40.0  .300  .300  .300  .300  .300  .300  .300  .300  .300  .300  .300  .300  .300  .300  .300  .300
 1865    40.0    40.0   -40.0  .300  .300  .300  .300  .300  .300  .300  .300  .300  .300  .300  .300  .300  .300  .300  .300
 1881    45.0    45.0   -40.0  .300  .300  .300  .300  .300  .300  .300  .300  .300  .300  .300  .300  .300  .300  .300  .300
 1897    49.0    49.0   -40.0  .300  .300  .300  .300  .300  .300  .300  .300  .300  .300  .300  .300  .300  .300  .300  .300
 1913    51.0    51.0   -40.0  .300  .300  .300  .300  .300  .300  .300  .300  .300  .300  .300  .300  .300  .300  .300  .300
 1929    55.0    55.0   -40.0  .300  .300  .300  .300  .300  .300  .300  .300  .300  .300  .300  .300  .300  .300  .300  .300
 1945    60.0    60.0   -40.0  .300  .300  .300  .300  .300  .300  .300  .300  .300  .300  .300  .300  .300  .300  .300  .300
 1961    67.0    67.0   -40.0  .300  .300  .300  .300  .300  .300  .300  .300  .300  .300  .300  .300  .300  .300  .300  .300
 1977    75.0    75.0   -40.0  .300  .300  .300  .300  .300  .300  .300  .300  .300  .300  .300  .300  .300  .300  .300  .300
 1993    85.0    85.0   -40.0  .300  .300  .300  .300  .300  .300  .300  .300  .300  .300  .300  .300  .300  .300  .300  .300
 2009   100.0   100.0   -40.0  .300  .300  .300  .300  .300  .300  .300  .300  .300  .300  .300  .300  .300  .300  .300  .300
 2025   120.0   120.0   -40.0  .300
 2026      .0      .0   -45.0  .300  .300  .300  .300  .300  .300  .300  .300  .300  .300  .300  .300  .300  .300  .300  .300
 2042    10.0    10.0   -45.0  .300  .300  .300  .300  .300  .300  .300  .300  .300  .300  .300  .300  .300  .300  .300  .300
 2058    20.0    20.0   -45.0  .300  .300  .300  .300  .300  .300  .300  .300  .300  .300  .300  .300  .300  .300  .300  .300
 2074    30.0    30.0   -45.0  .300  .300  .300  .300  .300  .300  .300  .300  .300  .300  .300  .300  .300  .300  .300  .300
 2090    40.0    40.0   -45.0  .300  .300  .300  .300  .300  .300  .300  .300  .300  .300  .300  .300  .300  .300  .300  .300
 2106    45.0    45.0   -45.0  .300  .300  .300  .300  .300  .300  .300  .300  .300  .300  .300  .300  .300  .300  .300  .300
 2122    49.0    49.0   -45.0  .300  .300  .300  .300  .300  .300  .300  .300  .300  .300  .300  .300  .300  .300  .300  .300
 2138    51.0    51.0   -45.0  .300  .300  .300  .300  .300  .300  .300  .300  .300  .300  .300  .300  .300  .300  .300  .300
 2154    55.0    55.0   -45.0  .300  .300  .300  .300  .300  .300  .300  .300  .300  .300  .300  .300  .300  .300  .300  .300
 2170    60.0    60.0   -45.0  .300  .300  .300  .300  .300  .300  .300  .300  .300  .300  .300  .300  .300  .300  .300  .300
 2186    67.0    67.0   -45.0  .300  .300  .300  .300  .300  .300  .300  .300  .300  .300  .300  .300  .300  .300  .300  .300
 2202    75.0    75.0   -45.0  .300  .300  .300  .300  .300  .300  .300  .300  .300  .300  .300  .300  .300  .300  .300  .300
 2218    85.0    85.0   -45.0  .300  .300  .300  .300  .300  .300  .300  .300  .300  .300  .300  .300  .300  .300  .300  .300
 2234   100.0   100.0   -45.0  .300  .300  .300  .300  .300  .300  .300  .300  .300  .300  .300  .300  .300  .300  .300  .300
 2250   120.0   120.0   -45.0  .300
 2251      .0      .0   -50.0  .300  .300  .300  .300  .300  .300  .300  .300  .300  .300  .300  .300  .300  .300  .300  .300
 2267    10.0    10.0   -50.0  .300  .300  .300  .300  .300  .300  .300  .300  .300  .300  .300  .300  .300  .300  .300  .300
 2283    20.0    20.0   -50.0  .300  .300  .300  .300  .300  .300  .300  .300  .300  .300  .300  .300  .300  .300  .300  .300
 2299    30.0    30.0   -50.0  .300  .300  .300  .300  .300  .300  .300  .300  .300  .300  .300  .300  .300  .300  .300  .300
 2315    40.0    40.0   -50.0  .300  .300  .300  .300  .300  .300  .300  .300  .300  .300  .300  .300  .300  .300  .300  .300
 2331    45.0    45.0   -50.0  .300  .300  .300  .300  .300  .300  .300  .300  .300  .300  .300  .300  .300  .300  .300  .300
 2347    49.0    49.0   -50.0  .300  .300  .300  .300  .300  .300  .300  .300  .300  .300  .300  .300  .300  .300  .300  .300
 2363    51.0    51.0   -50.0  .300  .300  .300  .300  .300  .300  .300  .300  .300  .300  .300  .300  .300  .300  .300  .300
 2379    55.0    55.0   -50.0  .300  .300  .300  .300  .300  .300  .300  .300  .300  .300  .300  .300  .300  .300  .300  .300
 2395    60.0    60.0   -50.0  .300  .300  .300  .300  .300  .300  .300  .300  .300  .300  .300  .300  .300  .300  .300  .300
 2411    67.0    67.0   -50.0  .300  .300  .300  .300  .300  .300  .300  .300  .300  .300  .300  .300  .300  .300  .300  .300
 2427    75.0    75.0   -50.0  .300  .300  .300  .300  .300  .300  .300  .300  .300  .300  .300  .300  .300  .300  .300  .300
 2443    85.0    85.0   -50.0  .300  .300  .300  .300  .300  .300  .300  .300  .300  .300  .300  .300  .300  .300  .300  .300
 2459   100.0   100.0   -50.0  .300  .300  .300  .300  .300  .300  .300  .300  .300  .300  .300  .300  .300  .300  .300  .300
 2475   120.0   120.0   -50.0  .300
 2476      .0      .0   -55.0  .300  .300  .300  .300  .300  .300  .300  .300  .300  .300  .300  .300  .300  .300  .300  .300
 2492    10.0    10.0   -55.0  .300  .300  .300  .300  .300  .300  .300  .300  .300  .300  .300  .300  .300  .300  .300  .300
 2508    20.0    20.0   -55.0  .300  .300  .300  .300  .300  .300  .300  .300  .300  .300  .300  .300  .300  .300  .300  .300
 2524    30.0    30.0   -55.0  .300  .300  .300  .300  .300  .300  .300  .300  .300  .300  .300  .300  .300  .300  .300  .300
 2540    40.0    40.0   -55.0  .300  .300  .300  .300  .300  .300  .300  .300  .300  .300  .300  .300  .300  .300  .300  .300
 2556    45.0    45.0   -55.0  .300  .300  .300  .300  .300  .300  .300  .300  .300  .300  .300  .300  .300  .300  .300  .300
 2572    49.0    49.0   -55.0  .300  .300  .300  .300  .300  .300  .300  .300  .300  .300  .300  .300  .300  .300  .300  .300
 2588    51.0    51.0   -55.0  .300  .300  .300  .300  .300  .300  .300  .300  .300  .300  .300  .300  .300  .300  .300  .300
 2604    55.0    55.0   -55.0  .300  .300  .300  .300  .300  .300  .300  .300  .300  .300  .300  .300  .300  .300  .300  .300
 2620    60.0    60.0   -55.0  .300  .300  .300  .300  .300  .300  .300  .300  .300  .300  .300  .300  .300  .300  .300  .300
 2636    67.0    67.0   -55.0  .300  .300  .300  .300  .300  .300  .300  .300  .300  .300  .300  .300  .300  .300  .300  .300
 2652    75.0    75.0   -55.0  .300  .300  .300  .300  .300  .300  .300  .300  .300  .300  .300  .300  .300  .300  .300  .300
 2668    85.0    85.0   -55.0  .300  .300  .300  .300  .300  .300  .300  .300  .300  .300  .300  .300  .300  .300  .300  .300
 2684   100.0   100.0   -55.0  .300  .300  .300  .300  .300  .300  .300  .300  .300  .300  .300  .300  .300  .300  .300  .300
 2700   120.0   120.0   -55.0  .300
 2701      .0      .0   -60.0  .300  .300  .300  .300  .300  .300  .300  .300  .300  .300  .300  .300  .300  .300  .300  .300
 2717    10.0    10.0   -60.0  .300  .300  .300  .300  .300  .300  .300  .300  .300  .300  .300  .300  .300  .300  .300  .300
 2733    20.0    20.0   -60.0  .300  .300  .300  .300  .300  .300  .300  .300  .300  .300  .300  .300  .300  .300  .300  .300
 2749    30.0    30.0   -60.0  .300  .300  .300  .300  .300  .300  .300  .300  .300  .300  .300  .300  .300  .300  .300  .300
 2765    40.0    40.0   -60.0  .300  .300  .300  .300  .300  .300  .300  .300  .300  .300  .300  .300  .300  .300  .300  .300
 2781    45.0    45.0   -60.0  .300  .300  .300  .300  .300  .300  .300  .300  .300  .300  .300  .300  .300  .300  .300  .300
 2797    49.0    49.0   -60.0  .300  .300  .300  .300  .300  .300  .300  .300  .300  .300  .300  .300  .300  .300  .300  .300
 2813    51.0    51.0   -60.0  .300  .300  .300  .300  .300  .300  .300  .300  .300  .300  .300  .300  .300  .300  .300  .300
 2829    55.0    55.0   -60.0  .300  .300  .300  .300  .300  .300  .300  .300  .300  .300  .300  .300  .300  .300  .300  .300
 2845    60.0    60.0   -60.0  .300  .300  .300  .300  .300  .300  .300  .300  .300  .300  .300  .300  .300  .300  .300  .300
 2861    67.0    67.0   -60.0  .300  .300  .300  .300  .300  .300  .300  .300  .300  .300  .300  .300  .300  .300  .300  .300
 2877    75.0    75.0   -60.0  .300  .300  .300  .300  .300  .300  .300  .300  .300  .300  .300  .300  .300  .300  .300  .300
 2893    85.0    85.0   -60.0  .300  .300  .300  .300  .300  .300  .300  .300  .300  .300  .300  .300  .300  .300  .300  .300
 2909   100.0   100.0   -60.0  .300  .300  .300  .300  .300  .300  .300  .300  .300  .300  .300  .300  .300  .300  .300  .300
 2925   120.0   120.0   -60.0  .300
 2926      .0      .0   -70.0  .300  .300  .300  .300  .300  .300  .300  .300  .300  .300  .300  .300  .300  .300  .300  .300
 2942    10.0    10.0   -70.0  .300  .300  .300  .300  .300  .300  .300  .300  .300  .300  .300  .300  .300  .300  .300  .300
 2958    20.0    20.0   -70.0  .300  .300  .300  .300  .300  .300  .300  .300  .300  .300  .300  .300  .300  .300  .300  .300
 2974    30.0    30.0   -70.0  .300  .300  .300  .300  .300  .300  .300  .300  .300  .300  .300  .300  .300  .300  .300  .300
 2990    40.0    40.0   -70.0  .300  .300  .300  .300  .300  .300  .300  .300  .300  .300  .300  .300  .300  .300  .300  .300
 3006    45.0    45.0   -70.0  .300  .300  .300  .300  .300  .300  .300  .300  .300  .300  .300  .300  .300  .300  .300  .300
 3022    49.0    49.0   -70.0  .300  .300  .300  .300  .300  .300  .300  .300  .300  .300  .300  .300  .300  .300  .300  .300
 3038    51.0    51.0   -70.0  .300  .300  .300  .300  .300  .300  .300  .300  .300  .300  .300  .300  .300  .300  .300  .300
 3054    55.0    55.0   -70.0  .300  .300  .300  .300  .300  .300  .300  .300  .300  .300  .300  .300  .300  .300  .300  .300
 3070    60.0    60.0   -70.0  .300  .300  .300  .300  .300  .300  .300  .300  .300  .300  .300  .300  .300  .300  .300  .300
 3086    67.0    67.0   -70.0  .300  .300  .300  .300  .300  .300  .300  .300  .300  .300  .300  .300  .300  .300  .300  .300
 3102    75.0    75.0   -70.0  .300  .300  .300  .300  .300  .300  .300  .300  .300  .300  .300  .300  .300  .300  .300  .300
 3118    85.0    85.0   -70.0  .300  .300  .300  .300  .300  .300  .300  .300  .300  .300  .300  .300  .300  .300  .300  .300
 3134   100.0   100.0   -70.0  .300  .300  .300  .300  .300  .300  .300  .300  .300  .300  .300  .300  .300  .300  .300  .300
 3150   120.0   120.0   -70.0  .300
 3151      .0      .0   -80.0  .300  .300  .300  .300  .300  .300  .300  .300  .300  .300  .300  .300  .300  .300  .300  .300
 3167    10.0    10.0   -80.0  .300  .300  .300  .300  .300  .300  .300  .300  .300  .300  .300  .300  .300  .300  .300  .300
 3183    20.0    20.0   -80.0  .300  .300  .300  .300  .300  .300  .300  .300  .300  .300  .300  .300  .300  .300  .300  .300
 3199    30.0    30.0   -80.0  .300  .300  .300  .300  .300  .300  .300  .300  .300  .300  .300  .300  .300  .300  .300  .300
 3215    40.0    40.0   -80.0  .300  .300  .300  .300  .300  .300  .300  .300  .300  .300  .300  .300  .300  .300  .300  .300
 3231    45.0    45.0   -80.0  .300  .300  .300  .300  .300  .300  .300  .300  .300  .300  .300  .300  .300  .300  .300  .300
 3247    49.0    49.0   -80.0  .300  .300  .300  .300  .300  .300  .300  .300  .300  .300  .300  .300  .300  .300  .300  .300
 3263    51.0    51.0   -80.0  .300  .300  .300  .300  .300  .300  .300  .300  .300  .300  .300  .300  .300  .300  .300  .300
 3279    55.0    55.0   -80.0  .300  .300  .300  .300  .300  .300  .300  .300  .300  .300  .300  .300  .300  .300  .300  .300
 3295    60.0    60.0   -80.0  .300  .300  .300  .300  .300  .300  .300  .300  .300  .300  .300  .300  .300  .300  .300  .300
 3311    67.0    67.0   -80.0  .300  .300  .300  .300  .300  .300  .300  .300  .300  .300  .300  .300  .300  .300  .300  .300
 3327    75.0    75.0   -80.0  .300  .300  .300  .300  .300  .300  .300  .300  .300  .300  .300  .300  .300  .300  .300  .300
 3343    85.0    85.0   -80.0  .300  .300  .300  .300  .300  .300  .300  .300  .300  .300  .300  .300  .300  .300  .300  .300
 3359   100.0   100.0   -80.0  .300  .300  .300  .300  .300  .300  .300  .300  .300  .300  .300  .300  .300  .300  .300  .300
 3375   120.0   120.0   -80.0  .300
 3376      .0      .0   -90.0  .300  .300  .300  .300  .300  .300  .300  .300  .300  .300  .300  .300  .300  .300  .300  .300
 3392    10.0    10.0   -90.0  .300  .300  .300  .300  .300  .300  .300  .300  .300  .300  .300  .300  .300  .300  .300  .300
 3408    20.0    20.0   -90.0  .300  .300  .300  .300  .300  .300  .300  .300  .300  .300  .300  .300  .300  .300  .300  .300
 3424    30.0    30.0   -90.0  .300  .300  .300  .300  .300  .300  .300  .300  .300  .300  .300  .300  .300  .300  .300  .300
 3440    40.0    40.0   -90.0  .300  .300  .300  .300  .300  .300  .300  .300  .300  .300  .300  .300  .300  .300  .300  .300
 3456    45.0    45.0   -90.0  .300  .300  .300  .300  .300  .300  .300  .300  .300  .300  .300  .300  .300  .300  .300  .300
 3472    49.0    49.0   -90.0  .300  .300  .300  .300  .300  .300  .300  .300  .300  .300  .300  .300  .300  .300  .300  .300
 3488    51.0    51.0   -90.0  .300  .300  .300  .300  .300  .300  .300  .300  .300  .300  .300  .300  .300  .300  .300  .300
 3504    55.0    55.0   -90.0  .300  .300  .300  .300  .300  .300  .300  .300  .300  .300  .300  .300  .300  .300  .300  .300
 3520    60.0    60.0   -90.0  .300  .300  .300  .300  .300  .300  .300  .300  .300  .300  .300  .300  .300  .300  .300  .300
 3536    67.0    67.0   -90.0  .300  .300  .300  .300  .300  .300  .300  .300  .300  .300  .300  .300  .300  .300  .300  .300
 3552    75.0    75.0   -90.0  .300  .300  .300  .300  .300  .300  .300  .300  .300  .300  .300  .300  .300  .300  .300  .300
 3568    85.0    85.0   -90.0  .300  .300  .300  .300  .300  .300  .300  .300  .300  .300  .300  .300  .300  .300  .300  .300
 3584   100.0   100.0   -90.0  .300  .300  .300  .300  .300  .300  .300  .300  .300  .300  .300  .300  .300  .300  .300  .300
 3600   120.0   120.0   -90.0  .300
 3601      .0      .0  -100.0  .300  .300  .300  .300  .300  .300  .300  .300  .300  .300  .300  .300  .300  .300  .300  .300
 3617    10.0    10.0  -100.0  .300  .300  .300  .300  .300  .300  .300  .300  .300  .300  .300  .300  .300  .300  .300  .300
 3633    20.0    20.0  -100.0  .300  .300  .300  .300  .300  .300  .300  .300  .300  .300  .300  .300  .300  .300  .300  .300
 3649    30.0    30.0  -100.0  .300  .300  .300  .300  .300  .300  .300  .300  .300  .300  .300  .300  .300  .300  .300  .300
 3665    40.0    40.0  -100.0  .300  .300  .300  .300  .300  .300  .300  .300  .300  .300  .300  .300  .300  .300  .300  .300
 3681    45.0    45.0  -100.0  .300  .300  .300  .300  .300  .300  .300  .300  .300  .300  .300  .300  .300  .300  .300  .300
 3697    49.0    49.0  -100.0  .300  .300  .300  .300  .300  .300  .300  .300  .300  .300  .300  .300  .300  .300  .300  .300
 3713    51.0    51.0  -100.0  .300  .300  .300  .300  .300  .300  .300  .300  .300  .300  .300  .300  .300  .300  .300  .300
 3729    55.0    55.0  -100.0  .300  .300  .300  .300  .300  .300  .300  .300  .300  .300  .300  .300  .300  .300  .300  .300
 3745    60.0    60.0  -100.0  .300  .300  .300  .300  .300  .300  .300  .300  .300  .300  .300  .300  .300  .300  .300  .300
 3761    67.0    67.0  -100.0  .300  .300  .300  .300  .300  .300  .300  .300  .300  .300  .300  .300  .300  .300  .300  .300
 3777    75.0    75.0  -100.0  .300  .300  .300  .300  .300  .300  .300  .300  .300  .300  .300  .300  .300  .300  .300  .300
 3793    85.0    85.0  -100.0  .300  .300  .300  .300  .300  .300  .300  .300  .300  .300  .300  .300  .300  .300  .300  .300
 3809   100.0   100.0  -100.0  .300  .300  .300  .300  .300  .300  .300  .300  .300  .300  .300  .300  .300  .300  .300  .300
 3825   120.0   120.0  -100.0  .300
 3826      .0      .0  -125.0  .300  .300  .300  .300  .300  .300  .300  .300  .300  .300  .300  .300  .300  .300  .300  .300
 3842    10.0    10.0  -125.0  .300  .300  .300  .300  .300  .300  .300  .300  .300  .300  .300  .300  .300  .300  .300  .300
 3858    20.0    20.0  -125.0  .300  .300  .300  .300  .300  .300  .300  .300  .300  .300  .300  .300  .300  .300  .300  .300
 3874    30.0    30.0  -125.0  .300  .300  .300  .300  .300  .300  .300  .300  .300  .300  .300  .300  .300  .300  .300  .300
 3890    40.0    40.0  -125.0  .300  .300  .300  .300  .300  .300  .300  .300  .300  .300  .300  .300  .300  .300  .300  .300
 3906    45.0    45.0  -125.0  .300  .300  .300  .300  .300  .300  .300  .300  .300  .300  .300  .300  .300  .300  .300  .300
 3922    49.0    49.0  -125.0  .300  .300  .300  .300  .300  .300  .300  .300  .300  .300  .300  .300  .300  .300  .300  .300
 3938    51.0    51.0  -125.0  .300  .300  .300  .300  .300  .300  .300  .300  .300  .300  .300  .300  .300  .300  .300  .300
 3954    55.0    55.0  -125.0  .300  .300  .300  .300  .300  .300  .300  .300  .300  .300  .300  .300  .300  .300  .300  .300
 3970    60.0    60.0  -125.0  .300  .300  .300  .300  .300  .300  .300  .300  .300  .300  .300  .300  .300  .300  .300  .300
 3986    67.0    67.0  -125.0  .300  .300  .300  .300  .300  .300  .300  .300  .300  .300  .300  .300  .300  .300  .300  .300
 4002    75.0    75.0  -125.0  .300  .300  .300  .300  .300  .300  .300  .300  .300  .300  .300  .300  .300  .300  .300  .300
 4018    85.0    85.0  -125.0  .300  .300  .300  .300  .300  .300  .300  .300  .300  .300  .300  .300  .300  .300  .300  .300
 4034   100.0   100.0  -125.0  .300  .300  .300  .300  .300  .300  .300  .300  .300  .300  .300  .300  .300  .300  .300  .300
 4050   120.0   120.0  -125.0  .300
 4051      .0      .0  -150.0  .300  .300  .300  .300  .300  .300  .300  .300  .300  .300  .300  .300  .300  .300  .300  .300
 4067    10.0    10.0  -150.0  .300  .300  .300  .300  .300  .300  .300  .300  .300  .300  .300  .300  .300  .300  .300  .300
 4083    20.0    20.0  -150.0  .300  .300  .300  .300  .300  .300  .300  .300  .300  .300  .300  .300  .300  .300  .300  .300
 4099    30.0    30.0  -150.0  .300  .300  .300  .300  .300  .300  .300  .300  .300  .300  .300  .300  .300  .300  .300  .300
 4115    40.0    40.0  -150.0  .300  .300  .300  .300  .300  .300  .300  .300  .300  .300  .300  .300  .300  .300  .300  .300
 4131    45.0    45.0  -150.0  .300  .300  .300  .300  .300  .300  .300  .300  .300  .300  .300  .300  .300  .300  .300  .300
 4147    49.0    49.0  -150.0  .300  .300  .300  .300  .300  .300  .300  .300  .300  .300  .300  .300  .300  .300  .300  .300
 4163    51.0    51.0  -150.0  .300  .300  .300  .300  .300  .300  .300  .300  .300  .300  .300  .300  .300  .300  .300  .300
 4179    55.0    55.0  -150.0  .300  .300  .300  .300  .300  .300  .300  .300  .300  .300  .300  .300  .300  .300  .300  .300
 4195    60.0    60.0  -150.0  .300  .300  .300  .300  .300  .300  .300  .300  .300  .300  .300  .300  .300  .300  .300  .300
 4211    67.0    67.0  -150.0  .300  .300  .300  .300  .300  .300  .300  .300  .300  .300  .300  .300  .300  .300  .300  .300
 4227    75.0    75.0  -150.0  .300  .300  .300  .300  .300  .300  .300  .300  .300  .300  .300  .300  .300  .300  .300  .300
 4243    85.0    85.0  -150.0  .300  .300  .300  .300  .300  .300  .300  .300  .300  .300  .300  .300  .300  .300  .300  .300
 4259   100.0   100.0  -150.0  .300  .300  .300  .300  .300  .300  .300  .300  .300  .300  .300  .300  .300  .300  .300  .300
 4275   120.0   120.0  -150.0  .300
 4276      .0      .0  -175.0  .300  .300  .300  .300  .300  .300  .300  .300  .300  .300  .300  .300  .300  .300  .300  .300
 4292    10.0    10.0  -175.0  .300  .300  .300  .300  .300  .300  .300  .300  .300  .300  .300  .300  .300  .300  .300  .300
 4308    20.0    20.0  -175.0  .300  .300  .300  .300  .300  .300  .300  .300  .300  .300  .300  .300  .300  .300  .300  .300
 4324    30.0    30.0  -175.0  .300  .300  .300  .300  .300  .300  .300  .300  .300  .300  .300  .300  .300  .300  .300  .300
 4340    40.0    40.0  -175.0  .300  .300  .300  .300  .300  .300  .300  .300  .300  .300  .300  .300  .300  .300  .300  .300
 4356    45.0    45.0  -175.0  .300  .300  .300  .300  .300  .300  .300  .300  .300  .300  .300  .300  .300  .300  .300  .300
 4372    49.0    49.0  -175.0  .300  .300  .300  .300  .300  .300  .300  .300  .300  .300  .300  .300  .300  .300  .300  .300
 4388    51.0    51.0  -175.0  .300  .300  .300  .300  .300  .300  .300  .300  .300  .300  .300  .300  .300  .300  .300  .300
 4404    55.0    55.0  -175.0  .300  .300  .300  .300  .300  .300  .300  .300  .300  .300  .300  .300  .300  .300  .300  .300
 4420    60.0    60.0  -175.0  .300  .300  .300  .300  .300  .300  .300  .300  .300  .300  .300  .300  .300  .300  .300  .300
 4436    67.0    67.0  -175.0  .300  .300  .300  .300  .300  .300  .300  .300  .300  .300  .300  .300  .300  .300  .300  .300
 4452    75.0    75.0  -175.0  .300  .300  .300  .300  .300  .300  .300  .300  .300  .300  .300  .300  .300  .300  .300  .300
 4468    85.0    85.0  -175.0  .300  .300  .300  .300  .300  .300  .300  .300  .300  .300  .300  .300  .300  .300  .300  .300
 4484   100.0   100.0  -175.0  .300  .300  .300  .300  .300  .300  .300  .300  .300  .300  .300  .300  .300  .300  .300  .300
 4500   120.0   120.0  -175.0  .300
 4501      .0      .0  -200.0  .300  .300  .300  .300  .300  .300  .300  .300  .300  .300  .300  .300  .300  .300  .300  .300
 4517    10.0    10.0  -200.0  .300  .300  .300  .300  .300  .300  .300  .300  .300  .300  .300  .300  .300  .300  .300  .300
 4533    20.0    20.0  -200.0  .300  .300  .300  .300  .300  .300  .300  .300  .300  .300  .300  .300  .300  .300  .300  .300
 4549    30.0    30.0  -200.0  .300  .300  .300  .300  .300  .300  .300  .300  .300  .300  .300  .300  .300  .300  .300  .300
 4565    40.0    40.0  -200.0  .300  .300  .300  .300  .300  .300  .300  .300  .300  .300  .300  .300  .300  .300  .300  .300
 4581    45.0    45.0  -200.0  .300  .300  .300  .300  .300  .300  .300  .300  .300  .300  .300  .300  .300  .300  .300  .300
 4597    49.0    49.0  -200.0  .300  .300  .300  .300  .300  .300  .300  .300  .300  .300  .300  .300  .300  .300  .300  .300
 4613    51.0    51.0  -200.0  .300  .300  .300  .300  .300  .300  .300  .300  .300  .300  .300  .300  .300  .300  .300  .300
 4629    55.0    55.0  -200.0  .300  .300  .300  .300  .300  .300  .300  .300  .300  .300  .300  .300  .300  .300  .300  .300
 4645    60.0    60.0  -200.0  .300  .300  .300  .300  .300  .300  .300  .300  .300  .300  .300  .300  .300  .300  .300  .300
 4661    67.0    67.0  -200.0  .300  .300  .300  .300  .300  .300  .300  .300  .300  .300  .300  .300  .300  .300  .300  .300
 4677    75.0    75.0  -200.0  .300  .300  .300  .300  .300  .300  .300  .300  .300  .300  .300  .300  .300  .300  .300  .300
 4693    85.0    85.0  -200.0  .300  .300  .300  .300  .300  .300  .300  .300  .300  .300  .300  .300  .300  .300  .300  .300
 4709   100.0   100.0  -200.0  .300  .300  .300  .300  .300  .300  .300  .300  .300  .300  .300  .300  .300  .300  .300  .300
 4725   120.0   120.0  -200.0  .300
