 Example 1 - Column Test                                                 
 
 Program SWMS_2D
 Time independent boundary conditions
 Vertical plane flow, V = L*L
 Units: L = cm   , T = sec  , M = -    


 Time:     60.0000

    i    n    x      z    Code     Q          v           h       th      Conc
                                 [V/T]      [L/T]        [L]     [-]     [M/L3]

    1    1     .0   61.0    1   .359E-02  -.718E-02         .8   .350  .000E+00
    2    2    1.0   61.0    1   .361E-02  -.722E-02         .8   .350  .000E+00
    3  111     .0     .0   -2   .000E+00   .000E+00     -149.9   .077  .000E+00
    4  112    1.0     .0   -2   .000E+00   .000E+00     -150.0   .077  .000E+00


 Time:    900.0000

    i    n    x      z    Code     Q          v           h       th      Conc
                                 [V/T]      [L/T]        [L]     [-]     [M/L3]

    1    1     .0   61.0    1   .106E-02  -.212E-02         .8   .350  .000E+00
    2    2    1.0   61.0    1   .106E-02  -.212E-02         .8   .350  .000E+00
    3  111     .0     .0   -2   .000E+00   .000E+00     -149.2   .077  .000E+00
    4  112    1.0     .0   -2   .000E+00   .000E+00     -149.3   .077  .000E+00


 Time:   1800.0000

    i    n    x      z    Code     Q          v           h       th      Conc
                                 [V/T]      [L/T]        [L]     [-]     [M/L3]

    1    1     .0   61.0    1   .824E-03  -.165E-02         .8   .350  .000E+00
    2    2    1.0   61.0    1   .824E-03  -.165E-02         .8   .350  .000E+00
    3  111     .0     .0   -2   .000E+00   .000E+00     -148.7   .077  .000E+00
    4  112    1.0     .0   -2   .000E+00   .000E+00     -148.8   .077  .000E+00


 Time:   2700.0000

    i    n    x      z    Code     Q          v           h       th      Conc
                                 [V/T]      [L/T]        [L]     [-]     [M/L3]

    1    1     .0   61.0    1   .721E-03  -.144E-02         .8   .350  .000E+00
    2    2    1.0   61.0    1   .721E-03  -.144E-02         .8   .350  .000E+00
    3  111     .0     .0   -2   .000E+00   .000E+00     -148.3   .077  .000E+00
    4  112    1.0     .0   -2   .000E+00   .000E+00     -148.3   .077  .000E+00


 Time:   3600.0000

    i    n    x      z    Code     Q          v           h       th      Conc
                                 [V/T]      [L/T]        [L]     [-]     [M/L3]

    1    1     .0   61.0    1   .661E-03  -.132E-02         .8   .350  .000E+00
    2    2    1.0   61.0    1   .661E-03  -.132E-02         .8   .350  .000E+00
    3  111     .0     .0   -2   .000E+00   .000E+00     -148.0   .077  .000E+00
    4  112    1.0     .0   -2   .000E+00   .000E+00     -148.0   .077  .000E+00


 Time:   5400.0000

    i    n    x      z    Code     Q          v           h       th      Conc
                                 [V/T]      [L/T]        [L]     [-]     [M/L3]

    1    1     .0   61.0    1   .591E-03  -.118E-02         .8   .350  .000E+00
    2    2    1.0   61.0    1   .591E-03  -.118E-02         .8   .350  .000E+00
    3  111     .0     .0   -2   .000E+00   .000E+00     -147.4   .078  .000E+00
    4  112    1.0     .0   -2   .000E+00   .000E+00     -147.5   .078  .000E+00
