

 Time  ***       .0000 ***

    n    x(n)   z(n)      Conc(n)   Conc(n+1)  ...

    1      .0      .0   .000E+00   .000E+00   .000E+00   .000E+00   .000E+00   .000E+00   .000E+00   .000E+00   .000E+00   .000E+00
   11    67.0      .0   .000E+00   .000E+00   .000E+00   .000E+00   .000E+00
   16      .0    -5.0   .000E+00   .000E+00   .000E+00   .000E+00   .000E+00   .000E+00   .000E+00   .000E+00   .000E+00   .000E+00
   26    67.0    -5.0   .000E+00   .000E+00   .000E+00   .000E+00   .000E+00
   31      .0   -10.0   .000E+00   .000E+00   .000E+00   .000E+00   .000E+00   .000E+00   .000E+00   .000E+00   .000E+00   .000E+00
   41    67.0   -10.0   .000E+00   .000E+00   .000E+00   .000E+00   .000E+00
   46      .0   -15.0   .000E+00   .000E+00   .000E+00   .000E+00   .000E+00   .000E+00   .000E+00   .000E+00   .000E+00   .000E+00
   56    67.0   -15.0   .000E+00   .000E+00   .000E+00   .000E+00   .000E+00
   61      .0   -20.0   .000E+00   .000E+00   .000E+00   .000E+00   .000E+00   .000E+00   .000E+00   .000E+00   .000E+00   .000E+00
   71    67.0   -20.0   .000E+00   .000E+00   .000E+00   .000E+00   .000E+00
   76      .0   -25.0   .000E+00   .000E+00   .000E+00   .000E+00   .000E+00   .000E+00   .000E+00   .000E+00   .000E+00   .000E+00
   86    67.0   -25.0   .000E+00   .000E+00   .000E+00   .000E+00   .000E+00
   91      .0   -30.0   .000E+00   .000E+00   .000E+00   .000E+00   .000E+00   .000E+00   .000E+00   .000E+00   .000E+00   .000E+00
  101    67.0   -30.0   .000E+00   .000E+00   .000E+00   .000E+00   .000E+00
  106      .0   -35.0   .000E+00   .000E+00   .000E+00   .000E+00   .000E+00   .000E+00   .000E+00   .000E+00   .000E+00   .000E+00
  116    67.0   -35.0   .000E+00   .000E+00   .000E+00   .000E+00   .000E+00
  121      .0   -40.0   .000E+00   .000E+00   .000E+00   .000E+00   .000E+00   .000E+00   .000E+00   .000E+00   .000E+00   .000E+00
  131    67.0   -40.0   .000E+00   .000E+00   .000E+00   .000E+00   .000E+00
  136      .0   -45.0   .000E+00   .000E+00   .000E+00   .000E+00   .000E+00   .000E+00   .000E+00   .000E+00   .000E+00   .000E+00
  146    67.0   -45.0   .000E+00   .000E+00   .000E+00   .000E+00   .000E+00
  151      .0   -50.0   .000E+00   .000E+00   .000E+00   .000E+00   .000E+00   .000E+00   .000E+00   .000E+00   .000E+00   .000E+00
  161    67.0   -50.0   .000E+00   .000E+00   .000E+00   .000E+00   .000E+00
  166      .0   -55.0   .000E+00   .000E+00   .000E+00   .000E+00   .000E+00   .000E+00   .000E+00   .000E+00   .000E+00   .000E+00
  176    67.0   -55.0   .000E+00   .000E+00   .000E+00   .000E+00   .000E+00
  181      .0   -60.0   .000E+00   .000E+00   .000E+00   .000E+00   .000E+00   .000E+00   .000E+00   .000E+00   .000E+00   .000E+00
  191    67.0   -60.0   .000E+00   .000E+00   .000E+00   .000E+00   .000E+00
  196      .0   -70.0   .000E+00   .000E+00   .000E+00   .000E+00   .000E+00   .000E+00   .000E+00   .000E+00   .000E+00   .000E+00
  206    67.0   -70.0   .000E+00   .000E+00   .000E+00   .000E+00   .000E+00
  211      .0   -80.0   .000E+00   .000E+00   .000E+00   .000E+00   .000E+00   .000E+00   .000E+00   .000E+00   .000E+00   .000E+00
  221    67.0   -80.0   .000E+00   .000E+00   .000E+00   .000E+00   .000E+00
  226      .0   -90.0   .000E+00   .000E+00   .000E+00   .000E+00   .000E+00   .000E+00   .000E+00   .000E+00   .000E+00   .000E+00
  236    67.0   -90.0   .000E+00   .000E+00   .000E+00   .000E+00   .000E+00
  241      .0  -100.0   .000E+00   .000E+00   .000E+00   .000E+00   .000E+00   .000E+00   .000E+00   .000E+00   .000E+00   .000E+00
  251    67.0  -100.0   .000E+00   .000E+00   .000E+00   .000E+00   .000E+00
  256      .0  -125.0   .000E+00   .000E+00   .000E+00   .000E+00   .000E+00   .000E+00   .000E+00   .000E+00   .000E+00   .000E+00
  266    67.0  -125.0   .000E+00   .000E+00   .000E+00   .000E+00   .000E+00
  271      .0  -150.0   .000E+00   .000E+00   .000E+00   .000E+00   .000E+00   .000E+00   .000E+00   .000E+00   .000E+00   .000E+00
  281    67.0  -150.0   .000E+00   .000E+00   .000E+00   .000E+00   .000E+00
  286      .0  -175.0   .000E+00   .000E+00   .000E+00   .000E+00   .000E+00   .000E+00   .000E+00   .000E+00   .000E+00   .000E+00
  296    67.0  -175.0   .000E+00   .000E+00   .000E+00   .000E+00   .000E+00
  301      .0  -200.0   .000E+00   .000E+00   .000E+00   .000E+00   .000E+00   .000E+00   .000E+00   .000E+00   .000E+00   .000E+00
  311    67.0  -200.0   .000E+00   .000E+00   .000E+00   .000E+00   .000E+00


 Time  ***     50.0000 ***

    n    x(n)   z(n)      Conc(n)   Conc(n+1)  ...

    1      .0      .0   .100E+01   .100E+01   .100E+01   .100E+01   .100E+01   .100E+01   .100E+01  -.208E-30  -.110E-31  -.394E-32
   11    67.0      .0  -.767E-33  -.967E-34  -.697E-35  -.121E-36   .000E+00
   16      .0    -5.0   .751E+00   .754E+00   .755E+00   .753E+00   .729E+00   .652E+00   .477E+00   .286E+00   .102E+00   .272E-01
   26    67.0    -5.0   .421E-02   .440E-03   .227E-04   .282E-06  -.151E-08
   31      .0   -10.0   .474E+00   .481E+00   .483E+00   .480E+00   .455E+00   .387E+00   .280E+00   .212E+00   .102E+00   .337E-01
   41    67.0   -10.0   .626E-02   .756E-03   .463E-04   .936E-06   .590E-08
   46      .0   -15.0   .251E+00   .259E+00   .261E+00   .259E+00   .243E+00   .203E+00   .150E+00   .120E+00   .659E-01   .250E-01
   56    67.0   -15.0   .537E-02   .744E-03   .536E-04   .151E-05   .295E-07
   61      .0   -20.0   .113E+00   .119E+00   .120E+00   .120E+00   .112E+00   .929E-01   .698E-01   .569E-01   .335E-01   .139E-01
   71    67.0   -20.0   .338E-02   .529E-03   .442E-04   .161E-05   .546E-07
   76      .0   -25.0   .441E-01   .474E-01   .483E-01   .480E-01   .451E-01   .373E-01   .284E-01   .234E-01   .143E-01   .638E-02
   86    67.0   -25.0   .171E-02   .298E-03   .285E-04   .130E-05   .640E-07
   91      .0   -30.0   .152E-01   .167E-01   .171E-01   .171E-01   .161E-01   .133E-01   .102E-01   .847E-02   .536E-02   .251E-02
  101    67.0   -30.0   .732E-03   .141E-03   .153E-04   .840E-06   .552E-07
  106      .0   -35.0   .471E-02   .527E-02   .546E-02   .546E-02   .517E-02   .429E-02   .332E-02   .277E-02   .179E-02   .878E-03
  116    67.0   -35.0   .276E-03   .582E-04   .704E-05   .456E-06   .379E-07
  121      .0   -40.0   .134E-02   .153E-02   .159E-02   .160E-02   .152E-02   .127E-02   .990E-03   .827E-03   .545E-03   .278E-03
  131    67.0   -40.0   .933E-04   .214E-04   .287E-05   .215E-06   .217E-07
  136      .0   -45.0   .353E-03   .410E-03   .432E-03   .435E-03   .417E-03   .348E-03   .274E-03   .229E-03   .154E-03   .811E-04
  146    67.0   -45.0   .290E-04   .715E-05   .105E-05   .902E-07   .108E-07
  151      .0   -50.0   .877E-04   .103E-03   .110E-03   .111E-03   .107E-03   .898E-04   .710E-04   .597E-04   .407E-04   .221E-04
  161    67.0   -50.0   .835E-05   .221E-05   .356E-06   .342E-07   .475E-08
  166      .0   -55.0   .206E-04   .246E-04   .264E-04   .268E-04   .260E-04   .218E-04   .174E-04   .147E-04   .101E-04   .566E-05
  176    67.0   -55.0   .225E-05   .633E-06   .110E-06   .118E-07   .188E-08
  181      .0   -60.0   .338E-05   .441E-05   .479E-05   .489E-05   .489E-05   .408E-05   .326E-05   .271E-05   .190E-05   .109E-05
  191    67.0   -60.0   .455E-06   .137E-06   .256E-07   .304E-08   .606E-09
  196      .0   -70.0   .276E-06   .372E-06   .413E-06   .427E-06   .432E-06   .365E-06   .293E-06   .245E-06   .174E-06   .103E-06
  206    67.0   -70.0   .463E-07   .152E-07   .321E-08   .446E-09   .996E-10
  211      .0   -80.0   .216E-07   .299E-07   .339E-07   .355E-07   .365E-07   .311E-07   .251E-07   .211E-07   .151E-07   .926E-08
  221    67.0   -80.0   .442E-08   .157E-08   .367E-09   .584E-10   .149E-10
  226      .0   -90.0   .164E-08   .231E-08   .268E-08   .284E-08   .295E-08   .254E-08   .207E-08   .174E-08   .127E-08   .796E-09
  236    67.0   -90.0   .399E-09   .152E-09   .389E-10   .697E-11   .202E-11
  241      .0  -100.0   .645E-10   .104E-09   .124E-09   .134E-09   .147E-09   .125E-09   .102E-09   .838E-10   .616E-10   .393E-10
  251    67.0  -100.0   .209E-10   .844E-11   .232E-11   .467E-12   .179E-12
  256      .0  -125.0   .113E-11   .190E-11   .238E-11   .262E-11   .295E-11   .258E-11   .213E-11   .175E-11   .130E-11   .851E-12
  266    67.0  -125.0   .480E-12   .211E-12   .652E-13   .151E-13   .625E-14
  271      .0  -150.0   .194E-13   .338E-13   .440E-13   .500E-13   .577E-13   .514E-13   .429E-13   .354E-13   .265E-13   .178E-13
  281    67.0  -150.0   .105E-13   .500E-14   .170E-14   .447E-15   .205E-15
  286      .0  -175.0   .328E-15   .586E-15   .795E-15   .929E-15   .110E-14   .999E-15   .845E-15   .701E-15   .530E-15   .363E-15
  296    67.0  -175.0   .224E-15   .112E-15   .416E-16   .122E-16   .625E-17
  301      .0  -200.0   .151E-16   .197E-16   .275E-16   .329E-16   .367E-16   .356E-16   .305E-16   .275E-16   .211E-16   .149E-16
  311    67.0  -200.0   .925E-17   .495E-17   .202E-17   .639E-18   .263E-18


 Time  ***    100.0000 ***

    n    x(n)   z(n)      Conc(n)   Conc(n+1)  ...

    1      .0      .0   .100E+01   .100E+01   .100E+01   .100E+01   .100E+01   .100E+01   .100E+01  -.211E-30  -.147E-31  -.696E-32
   11    67.0      .0  -.215E-32  -.496E-33  -.747E-34  -.326E-35   .000E+00
   16      .0    -5.0   .874E+00   .874E+00   .873E+00   .866E+00   .824E+00   .730E+00   .540E+00   .341E+00   .142E+00   .497E-01
   26    67.0    -5.0   .122E-01   .232E-02   .249E-03   .774E-05   .557E-08
   31      .0   -10.0   .707E+00   .708E+00   .707E+00   .695E+00   .636E+00   .536E+00   .400E+00   .317E+00   .177E+00   .768E-01
   41    67.0   -10.0   .220E-01   .463E-02   .551E-03   .229E-04   .454E-06
   46      .0   -15.0   .524E+00   .527E+00   .526E+00   .514E+00   .459E+00   .381E+00   .293E+00   .245E+00   .155E+00   .771E-01
   56    67.0   -15.0   .251E-01   .583E-02   .769E-03   .397E-04   .149E-05
   61      .0   -20.0   .354E+00   .359E+00   .359E+00   .348E+00   .307E+00   .254E+00   .200E+00   .171E+00   .115E+00   .621E-01
   71    67.0   -20.0   .223E-01   .566E-02   .824E-03   .508E-04   .280E-05
   76      .0   -25.0   .218E+00   .223E+00   .223E+00   .216E+00   .190E+00   .157E+00   .125E+00   .108E+00   .757E-01   .431E-01
   86    67.0   -25.0   .167E-01   .457E-02   .729E-03   .526E-04   .384E-05
   91      .0   -30.0   .123E+00   .127E+00   .127E+00   .123E+00   .108E+00   .899E-01   .722E-01   .628E-01   .450E-01   .266E-01
  101    67.0   -30.0   .109E-01   .321E-02   .556E-03   .461E-04   .422E-05
  106      .0   -35.0   .635E-01   .662E-01   .669E-01   .648E-01   .569E-01   .475E-01   .384E-01   .335E-01   .244E-01   .148E-01
  116    67.0   -35.0   .640E-02   .200E-02   .375E-03   .353E-04   .390E-05
  121      .0   -40.0   .304E-01   .321E-01   .325E-01   .315E-01   .278E-01   .233E-01   .189E-01   .166E-01   .122E-01   .761E-02
  131    67.0   -40.0   .343E-02   .113E-02   .228E-03   .241E-04   .313E-05
  136      .0   -45.0   .136E-01   .145E-01   .148E-01   .143E-01   .127E-01   .107E-01   .873E-02   .767E-02   .571E-02   .362E-02
  146    67.0   -45.0   .170E-02   .588E-03   .127E-03   .149E-04   .223E-05
  151      .0   -50.0   .571E-02   .614E-02   .630E-02   .614E-02   .547E-02   .461E-02   .378E-02   .333E-02   .250E-02   .162E-02
  161    67.0   -50.0   .782E-03   .284E-03   .656E-04   .846E-05   .144E-05
  166      .0   -55.0   .224E-02   .244E-02   .252E-02   .246E-02   .221E-02   .187E-02   .154E-02   .135E-02   .103E-02   .673E-03
  176    67.0   -55.0   .336E-03   .128E-03   .312E-04   .440E-05   .850E-06
  181      .0   -60.0   .694E-03   .803E-03   .835E-03   .821E-03   .753E-03   .633E-03   .523E-03   .458E-03   .349E-03   .232E-03
  191    67.0   -60.0   .120E-03   .476E-04   .123E-04   .189E-05   .439E-06
  196      .0   -70.0   .114E-03   .135E-03   .143E-03   .142E-03   .132E-03   .112E-03   .927E-04   .815E-04   .627E-04   .426E-04
  206    67.0   -70.0   .231E-04   .980E-05   .279E-05   .496E-06   .130E-06
  211      .0   -80.0   .177E-04   .214E-04   .230E-04   .230E-04   .217E-04   .185E-04   .154E-04   .136E-04   .106E-04   .732E-05
  221    67.0   -80.0   .414E-05   .186E-05   .575E-06   .116E-06   .345E-07
  226      .0   -90.0   .262E-05   .321E-05   .350E-05   .355E-05   .339E-05   .291E-05   .244E-05   .215E-05   .169E-05   .119E-05
  236    67.0   -90.0   .696E-06   .329E-06   .110E-06   .245E-07   .826E-08
  241      .0  -100.0   .214E-06   .294E-06   .328E-06   .337E-06   .337E-06   .287E-06   .241E-06   .209E-06   .164E-06   .117E-06
  251    67.0  -100.0   .713E-07   .353E-07   .125E-07   .312E-08   .137E-08
  256      .0  -125.0   .790E-08   .112E-07   .130E-07   .137E-07   .140E-07   .121E-07   .102E-07   .890E-08   .704E-08   .511E-08
  266    67.0  -125.0   .325E-08   .172E-08   .668E-09   .192E-09   .918E-10
  271      .0  -150.0   .284E-09   .411E-09   .494E-09   .533E-09   .559E-09   .491E-09   .417E-09   .365E-09   .291E-09   .215E-09
  281    67.0  -150.0   .141E-09   .787E-10   .332E-10   .107E-10   .571E-11
  286      .0  -175.0   .999E-11   .147E-10   .182E-10   .202E-10   .217E-10   .193E-10   .165E-10   .145E-10   .117E-10   .874E-11
  296    67.0  -175.0   .592E-11   .345E-11   .156E-11   .555E-12   .329E-12
  301      .0  -200.0   .894E-12   .101E-11   .126E-11   .142E-11   .145E-11   .136E-11   .119E-11   .110E-11   .907E-12   .697E-12
  311    67.0  -200.0   .475E-12   .289E-12   .142E-12   .539E-13   .260E-13


 Time  ***    365.0000 ***

    n    x(n)   z(n)      Conc(n)   Conc(n+1)  ...

    1      .0      .0   .100E+01   .100E+01   .100E+01   .100E+01   .100E+01   .100E+01   .100E+01  -.213E-30  -.182E-31  -.107E-31
   11    67.0      .0  -.510E-32  -.227E-32  -.947E-33  -.187E-33  -.101E-34
   16      .0    -5.0   .981E+00   .979E+00   .974E+00   .958E+00   .898E+00   .794E+00   .595E+00   .392E+00   .183E+00   .806E-01
   26    67.0    -5.0   .305E-01   .112E-01   .331E-02   .464E-03   .435E-04
   31      .0   -10.0   .951E+00   .948E+00   .937E+00   .904E+00   .805E+00   .681E+00   .525E+00   .432E+00   .271E+00   .147E+00
   41    67.0   -10.0   .640E-01   .253E-01   .780E-02   .120E-02   .148E-03
   46      .0   -15.0   .910E+00   .905E+00   .888E+00   .842E+00   .725E+00   .611E+00   .491E+00   .427E+00   .305E+00   .189E+00
   56    67.0   -15.0   .925E-01   .395E-01   .129E-01   .216E-02   .322E-03
   61      .0   -20.0   .857E+00   .851E+00   .829E+00   .775E+00   .655E+00   .554E+00   .458E+00   .409E+00   .312E+00   .210E+00
   71    67.0   -20.0   .112E+00   .516E-01   .179E-01   .325E-02   .562E-03
   76      .0   -25.0   .794E+00   .786E+00   .762E+00   .704E+00   .589E+00   .502E+00   .423E+00   .383E+00   .303E+00   .215E+00
   86    67.0   -25.0   .124E+00   .603E-01   .221E-01   .434E-02   .851E-03
   91      .0   -30.0   .721E+00   .713E+00   .687E+00   .630E+00   .525E+00   .451E+00   .385E+00   .351E+00   .285E+00   .209E+00
  101    67.0   -30.0   .127E+00   .650E-01   .251E-01   .529E-02   .116E-02
  106      .0   -35.0   .641E+00   .633E+00   .608E+00   .554E+00   .461E+00   .398E+00   .343E+00   .315E+00   .260E+00   .196E+00
  116    67.0   -35.0   .123E+00   .659E-01   .266E-01   .599E-02   .144E-02
  121      .0   -40.0   .557E+00   .550E+00   .526E+00   .478E+00   .398E+00   .345E+00   .300E+00   .276E+00   .231E+00   .177E+00
  131    67.0   -40.0   .114E+00   .634E-01   .267E-01   .638E-02   .168E-02
  136      .0   -45.0   .472E+00   .466E+00   .445E+00   .404E+00   .336E+00   .293E+00   .256E+00   .237E+00   .199E+00   .155E+00
  146    67.0   -45.0   .103E+00   .584E-01   .254E-01   .643E-02   .183E-02
  151      .0   -50.0   .389E+00   .385E+00   .368E+00   .333E+00   .278E+00   .243E+00   .213E+00   .197E+00   .167E+00   .132E+00
  161    67.0   -50.0   .886E-01   .516E-01   .232E-01   .617E-02   .189E-02
  166      .0   -55.0   .312E+00   .309E+00   .295E+00   .267E+00   .223E+00   .196E+00   .172E+00   .160E+00   .136E+00   .108E+00
  176    67.0   -55.0   .738E-01   .439E-01   .202E-01   .564E-02   .186E-02
  181      .0   -60.0   .240E+00   .239E+00   .229E+00   .207E+00   .174E+00   .153E+00   .135E+00   .125E+00   .107E+00   .856E-01
  191    67.0   -60.0   .592E-01   .358E-01   .169E-01   .492E-02   .176E-02
  196      .0   -70.0   .136E+00   .136E+00   .131E+00   .119E+00   .101E+00   .887E-01   .785E-01   .732E-01   .629E-01   .507E-01
  206    67.0   -70.0   .358E-01   .222E-01   .109E-01   .345E-02   .135E-02
  211      .0   -80.0   .700E-01   .707E-01   .683E-01   .624E-01   .534E-01   .472E-01   .418E-01   .391E-01   .337E-01   .274E-01
  221    67.0   -80.0   .196E-01   .124E-01   .632E-02   .215E-02   .916E-03
  226      .0   -90.0   .328E-01   .334E-01   .324E-01   .299E-01   .258E-01   .228E-01   .203E-01   .190E-01   .164E-01   .134E-01
  236    67.0   -90.0   .972E-02   .628E-02   .329E-02   .119E-02   .556E-03
  241      .0  -100.0   .107E-01   .116E-01   .114E-01   .107E-01   .943E-02   .834E-02   .741E-02   .689E-02   .597E-02   .489E-02
  251    67.0  -100.0   .359E-02   .236E-02   .127E-02   .497E-03   .277E-03
  256      .0  -125.0   .164E-02   .180E-02   .183E-02   .175E-02   .158E-02   .140E-02   .125E-02   .116E-02   .101E-02   .833E-03
  266    67.0  -125.0   .624E-03   .423E-03   .240E-03   .104E-03   .632E-04
  271      .0  -150.0   .226E-03   .253E-03   .263E-03   .256E-03   .235E-03   .210E-03   .188E-03   .175E-03   .153E-03   .127E-03
  281    67.0  -150.0   .969E-04   .672E-04   .397E-04   .187E-04   .125E-04
  286      .0  -175.0   .287E-04   .326E-04   .345E-04   .342E-04   .320E-04   .289E-04   .259E-04   .242E-04   .212E-04   .178E-04
  296    67.0  -175.0   .137E-04   .973E-05   .595E-05   .302E-05   .219E-05
  301      .0  -200.0   .727E-05   .717E-05   .750E-05   .747E-05   .685E-05   .632E-05   .577E-05   .551E-05   .492E-05   .420E-05
  311    67.0  -200.0   .327E-05   .238E-05   .152E-05   .799E-06   .492E-06
