 Example 3a - Comparison with the 2-D analytical solution                
 
 Program SWMS_2D
 Time independent boundary conditions
 Vertical plane flow, V = L*L
 Units: L = m    , T = days , M = -    


 Time  ***       .0000 ***

    n    x(n)   z(n)      th(n)     th(n+1) ...

    1      .0      .0  .300  .300  .300  .300  .300  .300  .300  .300  .300  .300  .300  .300  .300  .300  .300
   16      .0    -5.0  .300  .300  .300  .300  .300  .300  .300  .300  .300  .300  .300  .300  .300  .300  .300
   31      .0   -10.0  .300  .300  .300  .300  .300  .300  .300  .300  .300  .300  .300  .300  .300  .300  .300
   46      .0   -15.0  .300  .300  .300  .300  .300  .300  .300  .300  .300  .300  .300  .300  .300  .300  .300
   61      .0   -20.0  .300  .300  .300  .300  .300  .300  .300  .300  .300  .300  .300  .300  .300  .300  .300
   76      .0   -25.0  .300  .300  .300  .300  .300  .300  .300  .300  .300  .300  .300  .300  .300  .300  .300
   91      .0   -30.0  .300  .300  .300  .300  .300  .300  .300  .300  .300  .300  .300  .300  .300  .300  .300
  106      .0   -35.0  .300  .300  .300  .300  .300  .300  .300  .300  .300  .300  .300  .300  .300  .300  .300
  121      .0   -40.0  .300  .300  .300  .300  .300  .300  .300  .300  .300  .300  .300  .300  .300  .300  .300
  136      .0   -45.0  .300  .300  .300  .300  .300  .300  .300  .300  .300  .300  .300  .300  .300  .300  .300
  151      .0   -50.0  .300  .300  .300  .300  .300  .300  .300  .300  .300  .300  .300  .300  .300  .300  .300
  166      .0   -55.0  .300  .300  .300  .300  .300  .300  .300  .300  .300  .300  .300  .300  .300  .300  .300
  181      .0   -60.0  .300  .300  .300  .300  .300  .300  .300  .300  .300  .300  .300  .300  .300  .300  .300
  196      .0   -70.0  .300  .300  .300  .300  .300  .300  .300  .300  .300  .300  .300  .300  .300  .300  .300
  211      .0   -80.0  .300  .300  .300  .300  .300  .300  .300  .300  .300  .300  .300  .300  .300  .300  .300
  226      .0   -90.0  .300  .300  .300  .300  .300  .300  .300  .300  .300  .300  .300  .300  .300  .300  .300
  241      .0  -100.0  .300  .300  .300  .300  .300  .300  .300  .300  .300  .300  .300  .300  .300  .300  .300
  256      .0  -125.0  .300  .300  .300  .300  .300  .300  .300  .300  .300  .300  .300  .300  .300  .300  .300
  271      .0  -150.0  .300  .300  .300  .300  .300  .300  .300  .300  .300  .300  .300  .300  .300  .300  .300
  286      .0  -175.0  .300  .300  .300  .300  .300  .300  .300  .300  .300  .300  .300  .300  .300  .300  .300
  301      .0  -200.0  .300  .300  .300  .300  .300  .300  .300  .300  .300  .300  .300  .300  .300  .300  .300


 Time  ***     50.0000 ***

    n    x(n)   z(n)      th(n)     th(n+1) ...

    1      .0      .0  .300  .300  .300  .300  .300  .300  .300  .300  .300  .300  .300  .300  .300  .300  .300
   16      .0    -5.0  .300  .300  .300  .300  .300  .300  .300  .300  .300  .300  .300  .300  .300  .300  .300
   31      .0   -10.0  .300  .300  .300  .300  .300  .300  .300  .300  .300  .300  .300  .300  .300  .300  .300
   46      .0   -15.0  .300  .300  .300  .300  .300  .300  .300  .300  .300  .300  .300  .300  .300  .300  .300
   61      .0   -20.0  .300  .300  .300  .300  .300  .300  .300  .300  .300  .300  .300  .300  .300  .300  .300
   76      .0   -25.0  .300  .300  .300  .300  .300  .300  .300  .300  .300  .300  .300  .300  .300  .300  .300
   91      .0   -30.0  .300  .300  .300  .300  .300  .300  .300  .300  .300  .300  .300  .300  .300  .300  .300
  106      .0   -35.0  .300  .300  .300  .300  .300  .300  .300  .300  .300  .300  .300  .300  .300  .300  .300
  121      .0   -40.0  .300  .300  .300  .300  .300  .300  .300  .300  .300  .300  .300  .300  .300  .300  .300
  136      .0   -45.0  .300  .300  .300  .300  .300  .300  .300  .300  .300  .300  .300  .300  .300  .300  .300
  151      .0   -50.0  .300  .300  .300  .300  .300  .300  .300  .300  .300  .300  .300  .300  .300  .300  .300
  166      .0   -55.0  .300  .300  .300  .300  .300  .300  .300  .300  .300  .300  .300  .300  .300  .300  .300
  181      .0   -60.0  .300  .300  .300  .300  .300  .300  .300  .300  .300  .300  .300  .300  .300  .300  .300
  196      .0   -70.0  .300  .300  .300  .300  .300  .300  .300  .300  .300  .300  .300  .300  .300  .300  .300
  211      .0   -80.0  .300  .300  .300  .300  .300  .300  .300  .300  .300  .300  .300  .300  .300  .300  .300
  226      .0   -90.0  .300  .300  .300  .300  .300  .300  .300  .300  .300  .300  .300  .300  .300  .300  .300
  241      .0  -100.0  .300  .300  .300  .300  .300  .300  .300  .300  .300  .300  .300  .300  .300  .300  .300
  256      .0  -125.0  .300  .300  .300  .300  .300  .300  .300  .300  .300  .300  .300  .300  .300  .300  .300
  271      .0  -150.0  .300  .300  .300  .300  .300  .300  .300  .300  .300  .300  .300  .300  .300  .300  .300
  286      .0  -175.0  .300  .300  .300  .300  .300  .300  .300  .300  .300  .300  .300  .300  .300  .300  .300
  301      .0  -200.0  .300  .300  .300  .300  .300  .300  .300  .300  .300  .300  .300  .300  .300  .300  .300
