 Example 2 - Grass Field Problem (Hupselse Beek 1982)                           
                      
 
 Program CHAIN_2D
 Time dependent boundary conditions
 Vertical plane flow, V = L*L
 Units: L = cm   , T = day  , M = -    


 Time:    120.0000

    i    n    x      z    Code     Q          v           h       th       Temp     Conc
                                 [V/T]      [L/T]        [L]     [-]        [C]    [M/L3]

    1    1     .0  230.0   -4   .120E+00  -.240E+00      -84.2   .305       .00
    2    2    1.0  230.0   -4   .120E+00  -.240E+00      -84.2   .305       .00
    3   65     .0     .0   -3  -.627E-02   .125E-01      133.2   .339       .00
    4   66    1.0     .0   -3  -.627E-02   .125E-01      133.2   .339       .00


 Time:    151.0000

    i    n    x      z    Code     Q          v           h       th       Temp     Conc
                                 [V/T]      [L/T]        [L]     [-]        [C]    [M/L3]

    1    1     .0  230.0   -4   .000E+00   .000E+00     -147.2   .263       .00
    2    2    1.0  230.0   -4   .000E+00   .000E+00     -147.2   .263       .00
    3   65     .0     .0   -3  -.360E-02   .719E-02      110.5   .339       .00
    4   66    1.0     .0   -3  -.360E-02   .719E-02      110.5   .339       .00


 Time:    181.0000

    i    n    x      z    Code     Q          v           h       th       Temp     Conc
                                 [V/T]      [L/T]        [L]     [-]        [C]    [M/L3]

    1    1     .0  230.0   -4   .500E-02  -.100E-01     -108.2   .286       .00
    2    2    1.0  230.0   -4   .500E-02  -.100E-01     -108.2   .286       .00
    3   65     .0     .0   -3  -.295E-02   .590E-02      105.5   .339       .00
    4   66    1.0     .0   -3  -.295E-02   .590E-02      105.5   .339       .00


 Time:    212.0000

    i    n    x      z    Code     Q          v           h       th       Temp     Conc
                                 [V/T]      [L/T]        [L]     [-]        [C]    [M/L3]

    1    1     .0  230.0   -4   .000E+00   .000E+00     -422.1   .186       .00
    2    2    1.0  230.0   -4   .000E+00   .000E+00     -422.3   .186       .00
    3   65     .0     .0   -3  -.742E-03   .148E-02       52.1   .339       .00
    4   66    1.0     .0   -3  -.742E-03   .148E-02       52.1   .339       .00


 Time:    243.0000

    i    n    x      z    Code     Q          v           h       th       Temp     Conc
                                 [V/T]      [L/T]        [L]     [-]        [C]    [M/L3]

    1    1     .0  230.0   -4   .250E-01  -.500E-01     -206.0   .237       .00
    2    2    1.0  230.0   -4   .250E-01  -.500E-01     -206.0   .237       .00
    3   65     .0     .0   -3  -.365E-03   .729E-03       26.4   .339       .00
    4   66    1.0     .0   -3  -.365E-03   .729E-03       26.4   .339       .00


 Time:    273.0000

    i    n    x      z    Code     Q          v           h       th       Temp     Conc
                                 [V/T]      [L/T]        [L]     [-]        [C]    [M/L3]

    1    1     .0  230.0   -4   .520E+00  -.104E+01     -103.1   .290       .00
    2    2    1.0  230.0   -4   .520E+00  -.104E+01     -103.1   .290       .00
    3   65     .0     .0   -3  -.235E-03   .471E-03        9.8   .339       .00
    4   66    1.0     .0   -3  -.235E-03   .471E-03        9.8   .339       .00
