

     *******************************************************************
     *                                                                 *
     *     MULTI-ION SOLUTE TRANSPORT                        CHAIN     *
     *                                                                 *
     *     FOUR SPECIES                                                *
     *     PREFERENTIAL RELEASE                                        *
     *                                                                 *
     *     THIRD-TYPE BOUNDARY CONDITION                               *
     *                                                                 *
     *     EXAMPLE 1: NITRIFICATION  (CHO,1971)                        *
     *                                                                 *
     *******************************************************************


     INPUT PARAMETERS
     ================

     NS =    3          V =      1.0000          D =       .1800
     NR =    0          WC =     1.0000          TP =   200.0000
     NB =    0



     TRACER      ZERO        R          DONE          GAMMA          RLAM

        1     .00000D+00    2.000     .01000000     .00000000     .00000000
        2     .00000D+00    1.000     .10000000     .00000000     .00000000
        3     .00000D+00    1.000     .00000000     .00000000     .00000000



     B(I)-COEFFICIENTS
     =================

      I      B(I)       I      B(I)       I      B(I)       I      B(I)
      1   .100000D+01   2   .000000D+00   3   .000000D+00   4   .000000D+00
      5   .000000D+00   6   .000000D+00   7   .000000D+00   8   .000000D+00
      9   .000000D+00  10   .000000D+00



     DISTANCE  TIME   PORE VOLUME  --------------CONCENTRATION-------------
       (X)      (T)       (VVO)      (1)        (2)        (3)        (4)
        .00   200.00       .000     .99821     .00173     .00006     .00000
       5.00   200.00     40.000     .94961     .03871     .01168     .00000
      10.00   200.00     20.000     .90338     .05951     .03712     .00000
      15.00   200.00     13.333     .85940     .07048     .07012     .00000
      20.00   200.00     10.000     .81756     .07554     .10690     .00000
      25.00   200.00      8.000     .77775     .07706     .14519     .00000
      30.00   200.00      6.667     .73989     .07648     .18363     .00000
      35.00   200.00      5.714     .70387     .07470     .22143     .00000
      40.00   200.00      5.000     .66960     .07226     .25815     .00000
      45.00   200.00      4.444     .63700     .06947     .29354     .00000
      50.00   200.00      4.000     .60599     .06653     .32748     .00000
      55.00   200.00      3.636     .57648     .06356     .35995     .00000
      60.00   200.00      3.333     .54842     .06063     .39095     .00000
      65.00   200.00      3.077     .52172     .05778     .42050     .00000
      70.00   200.00      2.857     .49632     .05503     .44865     .00000
      75.00   200.00      2.667     .47215     .05239     .47545     .00000
      80.00   200.00      2.500     .44901     .04986     .50097     .00000
      85.00   200.00      2.353     .42508     .04738     .52522     .00000
      90.00   200.00      2.222     .38943     .04453     .54804     .00000
      95.00   200.00      2.105     .31490     .03979     .56824     .00000
     100.00   200.00      2.000     .19272     .03122     .58260     .00000
     105.00   200.00      1.905     .07679     .01995     .58714     .00000
     110.00   200.00      1.818     .01794     .01024     .58083     .00000
     115.00   200.00      1.739     .00231     .00449     .56635     .00000
     120.00   200.00      1.667     .00016     .00183     .54705     .00000
     125.00   200.00      1.600     .00001     .00073     .52498     .00000
     130.00   200.00      1.538     .00000     .00029     .50106     .00000
     135.00   200.00      1.481     .00000     .00012     .47562     .00000
     140.00   200.00      1.429     .00000     .00005     .44876     .00000
     145.00   200.00      1.379     .00000     .00002     .42047     .00000
     150.00   200.00      1.333     .00000     .00001     .39072     .00000
     155.00   200.00      1.290     .00000     .00000     .35943     .00000
     160.00   200.00      1.250     .00000     .00000     .32652     .00000
     165.00   200.00      1.212     .00000     .00000     .29193     .00000
     170.00   200.00      1.176     .00000     .00000     .25557     .00000
     175.00   200.00      1.143     .00000     .00000     .21736     .00000
     180.00   200.00      1.111     .00000     .00000     .17741     .00000
     185.00   200.00      1.081     .00000     .00000     .13628     .00000
     190.00   200.00      1.053     .00000     .00000     .09581     .00000
     195.00   200.00      1.026     .00000     .00000     .05947     .00000
     200.00   200.00      1.000     .00000     .00000     .03134     .00000


     *******************************************************************
     *                                                                 *
     *     MULTI-ION SOLUTE TRANSPORT                        CHAIN     *
     *                                                                 *
     *     FOUR SPECIES                                                *
     *     PREFERENTIAL RELEASE                                        *
     *                                                                 *
     *     THIRD-TYPE BOUNDARY CONDITION                               *
     *                                                                 *
     *     EXAMPLE 2: RADIONUCLIDE TRANSPORT                           *
     *                                                                 *
     *******************************************************************


     INPUT PARAMETERS
     ================

     NS =    4          V =    100.0000          D =     10.0000
     NR =    1          WC =      .4000          TP = 10000.0000
     NB =    1



     TRACER      ZERO        R          DONE          GAMMA          RLAM

        1     .50000D+0510000.000     .00790000     .00100000     .00890000
        2     .00000D+0014000.000     .00000280     .00100000     .00100280
        3     .00000D+0050000.000     .00000870     .00100000     .00100870
        4     .00000D+00  500.000     .00043000     .00100000     .00143000



     B(I)-COEFFICIENTS
     =================

      I      B(I)       I      B(I)       I      B(I)       I      B(I)
      1   .125000D+01   2  -.125044D+01   3   .125044D+01   4   .443684D-03
      5   .593431D+00   6  -.593874D+00   7  -.516740D-06   8   .120853D-01
      9  -.122637D-01  10   .178925D-03



     DISTANCE  TIME   PORE VOLUME  --------------CONCENTRATION-------------
       (X)      (T)       (VVO)      (1)        (2)        (3)        (4)
        .00  1000.00       .000  .1722D-03  .4652D+00  .1122D-02  .4320D-05
       5.00  1000.00  20000.000  .2853D-03  .8617D+00  .3284D-03  .1801D-04
      10.00  1000.00  10000.000  .2095D-03  .2350D-01  .1560D-05  .1911D-04
      15.00  1000.00   6666.667  .8777D-07  .1324D-06  .3843D-11  .1809D-04
      20.00  1000.00   5000.000  .3117D-15  .1165D-15  .1556D-20  .1710D-04
      25.00  1000.00   4000.000  .5200D-29  .9503D-30  .7259D-35  .1613D-04
      30.00  1000.00   3333.333  .3604D-48  .4035D-49  .2013D-54  .1519D-04
      35.00  1000.00   2857.143  .9932D-73  .7619D-74  .2691D-79  .1427D-04
      40.00  1000.00   2500.000  .0000D+00  .0000D+00  .0000D+00  .1339D-04
      45.00  1000.00   2222.222  .0000D+00  .0000D+00  .0000D+00  .1252D-04
      50.00  1000.00   2000.000  .0000D+00  .0000D+00  .0000D+00  .1169D-04
      55.00  1000.00   1818.182  .0000D+00  .0000D+00  .0000D+00  .1088D-04
      60.00  1000.00   1666.667  .0000D+00  .0000D+00  .0000D+00  .1010D-04
      65.00  1000.00   1538.462  .0000D+00  .0000D+00  .0000D+00  .9349D-05
      70.00  1000.00   1428.571  .0000D+00  .0000D+00  .0000D+00  .8623D-05
      75.00  1000.00   1333.333  .0000D+00  .0000D+00  .0000D+00  .7924D-05
      80.00  1000.00   1250.000  .0000D+00  .0000D+00  .0000D+00  .7254D-05
      85.00  1000.00   1176.471  .0000D+00  .0000D+00  .0000D+00  .6611D-05
      90.00  1000.00   1111.111  .0000D+00  .0000D+00  .0000D+00  .5997D-05
      95.00  1000.00   1052.632  .0000D+00  .0000D+00  .0000D+00  .5411D-05
     100.00  1000.00   1000.000  .0000D+00  .0000D+00  .0000D+00  .4855D-05
     105.00  1000.00    952.381  .0000D+00  .0000D+00  .0000D+00  .4328D-05
     110.00  1000.00    909.091  .0000D+00  .0000D+00  .0000D+00  .3830D-05
     115.00  1000.00    869.565  .0000D+00  .0000D+00  .0000D+00  .3362D-05
     120.00  1000.00    833.333  .0000D+00  .0000D+00  .0000D+00  .2925D-05
     125.00  1000.00    800.000  .0000D+00  .0000D+00  .0000D+00  .2518D-05
     130.00  1000.00    769.231  .0000D+00  .0000D+00  .0000D+00  .2143D-05
     135.00  1000.00    740.741  .0000D+00  .0000D+00  .0000D+00  .1798D-05
     140.00  1000.00    714.286  .0000D+00  .0000D+00  .0000D+00  .1486D-05
     145.00  1000.00    689.655  .0000D+00  .0000D+00  .0000D+00  .1204D-05
     150.00  1000.00    666.667  .0000D+00  .0000D+00  .0000D+00  .9550D-06
     155.00  1000.00    645.161  .0000D+00  .0000D+00  .0000D+00  .7372D-06
     160.00  1000.00    625.000  .0000D+00  .0000D+00  .0000D+00  .5507D-06
     165.00  1000.00    606.061  .0000D+00  .0000D+00  .0000D+00  .3950D-06
     170.00  1000.00    588.235  .0000D+00  .0000D+00  .0000D+00  .2690D-06
     175.00  1000.00    571.429  .0000D+00  .0000D+00  .0000D+00  .1713D-06
     180.00  1000.00    555.556  .0000D+00  .0000D+00  .0000D+00  .9983D-07
     185.00  1000.00    540.541  .0000D+00  .0000D+00  .0000D+00  .5163D-07
     190.00  1000.00    526.316  .0000D+00  .0000D+00  .0000D+00  .2271D-07
     195.00  1000.00    512.821  .0000D+00  .0000D+00  .0000D+00  .8050D-08
     200.00  1000.00    500.000  .0000D+00  .0000D+00  .0000D+00  .2159D-08
     205.00  1000.00    487.805  .0000D+00  .0000D+00  .0000D+00  .4108D-09
     210.00  1000.00    476.190  .0000D+00  .0000D+00  .0000D+00  .5226D-10
     215.00  1000.00    465.116  .0000D+00  .0000D+00  .0000D+00  .4232D-11
     220.00  1000.00    454.545  .0000D+00  .0000D+00  .0000D+00  .2102D-12
     225.00  1000.00    444.444  .0000D+00  .0000D+00  .0000D+00  .6228D-14
     230.00  1000.00    434.783  .0000D+00  .0000D+00  .0000D+00  .1072D-15
     235.00  1000.00    425.532  .0000D+00  .0000D+00  .0000D+00  .1056D-17
     240.00  1000.00    416.667  .0000D+00  .0000D+00  .0000D+00  .5885D-20
     245.00  1000.00    408.163  .0000D+00  .0000D+00  .0000D+00  .1836D-22
     250.00  1000.00    400.000  .0000D+00  .0000D+00  .0000D+00  .3184D-25



     DISTANCE  TIME   PORE VOLUME  --------------CONCENTRATION-------------
       (X)      (T)       (VVO)      (1)        (2)        (3)        (4)
        .00 10000.00       .000  .2813D-38  .5600D-04  .1558D-05  .2397D-07
       5.00 10000.00 200000.000  .4661D-38  .1139D-03  .1621D-04  .1691D-06
      10.00 10000.00 100000.000  .7724D-38  .2317D-03  .1411D-03  .1511D-05
      15.00 10000.00  66666.667  .1280D-37  .4713D-03  .7919D-03  .1058D-04
      20.00 10000.00  50000.000  .2121D-37  .9588D-03  .1298D-02  .3590D-04
      25.00 10000.00  40000.000  .3515D-37  .1950D-02  .1260D-02  .6312D-04
      30.00 10000.00  33333.333  .5825D-37  .3967D-02  .1269D-02  .9010D-04
      35.00 10000.00  28571.429  .9653D-37  .8070D-02  .1272D-02  .1169D-03
      40.00 10000.00  25000.000  .1600D-36  .1642D-01  .1270D-02  .1434D-03
      45.00 10000.00  22222.222  .2651D-36  .3339D-01  .1259D-02  .1695D-03
      50.00 10000.00  20000.000  .4393D-36  .6792D-01  .1228D-02  .1949D-03
      55.00 10000.00  18181.818  .7280D-36  .1382D+00  .1158D-02  .2189D-03
      60.00 10000.00  16666.667  .1206D-35  .2788D+00  .1009D-02  .2403D-03
      65.00 10000.00  15384.615  .1999D-35  .4978D+00  .7163D-03  .2565D-03
      70.00 10000.00  14285.714  .3313D-35  .5054D+00  .3081D-03  .2644D-03
      75.00 10000.00  13333.333  .5490D-35  .1693D+00  .5314D-04  .2642D-03
      80.00 10000.00  12500.000  .9097D-35  .1366D-01  .2636D-05  .2611D-03
      85.00 10000.00  11764.706  .1505D-34  .2334D-03  .3121D-07  .2576D-03
      90.00 10000.00  11111.111  .2406D-34  .8084D-06  .8108D-10  .2541D-03
      95.00 10000.00  10526.316  .3095D-34  .5727D-09  .4563D-13  .2507D-03
     100.00 10000.00  10000.000  .2235D-34  .8920D-13  .5931D-17  .2474D-03
     105.00 10000.00   9523.810  .6613D-35  .3737D-17  .2194D-21  .2440D-03
     110.00 10000.00   9090.909  .6754D-36  .6589D-22  .3665D-26  .2408D-03
     115.00 10000.00   8695.652  .2193D-37  .8633D-27  .4761D-31  .2375D-03
     120.00 10000.00   8333.333  .2173D-39  .1094D-31  .6032D-36  .2343D-03
     125.00 10000.00   8000.000  .6437D-42  .1386D-36  .7639D-41  .2312D-03
     130.00 10000.00   7692.308  .5625D-45  .1754D-41  .9661D-46  .2280D-03
     135.00 10000.00   7407.407  .1439D-48  .2186D-46  .1192D-50  .2250D-03
     140.00 10000.00   7142.857  .1072D-52  .2382D-51  .1236D-55  .2219D-03
     145.00 10000.00   6896.552  .2319D-57  .1652D-56  .7744D-61  .2189D-03
     150.00 10000.00   6666.667  .1452D-62  .5149D-62  .2125D-66  .2160D-03
     155.00 10000.00   6451.613  .2627D-68  .5828D-68  .2108D-72  .2131D-03
     160.00 10000.00   6250.000  .1372D-74  .2157D-74  .6879D-79  .2102D-03
     165.00 10000.00   6060.606  .0000D+00  .0000D+00  .0000D+00  .2073D-03
     170.00 10000.00   5882.353  .0000D+00  .0000D+00  .0000D+00  .2045D-03
     175.00 10000.00   5714.286  .0000D+00  .0000D+00  .0000D+00  .2018D-03
     180.00 10000.00   5555.556  .0000D+00  .0000D+00  .0000D+00  .1990D-03
     185.00 10000.00   5405.405  .0000D+00  .0000D+00  .0000D+00  .1963D-03
     190.00 10000.00   5263.158  .0000D+00  .0000D+00  .0000D+00  .1937D-03
     195.00 10000.00   5128.205  .0000D+00  .0000D+00  .0000D+00  .1910D-03
     200.00 10000.00   5000.000  .0000D+00  .0000D+00  .0000D+00  .1884D-03
     205.00 10000.00   4878.049  .0000D+00  .0000D+00  .0000D+00  .1859D-03
     210.00 10000.00   4761.905  .0000D+00  .0000D+00  .0000D+00  .1833D-03
     215.00 10000.00   4651.163  .0000D+00  .0000D+00  .0000D+00  .1808D-03
     220.00 10000.00   4545.455  .0000D+00  .0000D+00  .0000D+00  .1784D-03
     225.00 10000.00   4444.444  .0000D+00  .0000D+00  .0000D+00  .1760D-03
     230.00 10000.00   4347.826  .0000D+00  .0000D+00  .0000D+00  .1736D-03
     235.00 10000.00   4255.319  .0000D+00  .0000D+00  .0000D+00  .1712D-03
     240.00 10000.00   4166.667  .0000D+00  .0000D+00  .0000D+00  .1689D-03
     245.00 10000.00   4081.633  .0000D+00  .0000D+00  .0000D+00  .1665D-03
     250.00 10000.00   4000.000  .0000D+00  .0000D+00  .0000D+00  .1643D-03
