 Example 1 - Column Test


 Program CHAIN_2D
 Time independent boundary conditions
 Vertical plane flow, V = L*L
 Units: L = cm   , T = sec  , M = -

 Time [T]             Total     Sub-region number ...

       .0000                      1
 Area    [V]          .610E+02   .610E+02
 Volume  [V]          .471E+01   .471E+01
 InFlow  [V/T]        .000E+00   .000E+00
 hMean   [L]         -.150E+03     -149.7

     60.0000                      1
 Area    [V]          .610E+02   .610E+02
 Volume  [V]          .551E+01   .551E+01
 InFlow  [V/T]        .723E-02   .723E-02
 hMean   [L]         -.141E+03     -140.8
 WatBalT [V]         -.702E-04
 WatBalR [%]              .009

    900.0000                      1
 Area    [V]          .610E+02   .610E+02
 Volume  [V]          .811E+01   .811E+01
 InFlow  [V/T]        .213E-02   .213E-02
 hMean   [L]         -.114E+03     -114.4
 WatBalT [V]          .582E-04
 WatBalR [%]              .002

   1800.0000                      1
 Area    [V]          .610E+02   .610E+02
 Volume  [V]          .977E+01   .977E+01
 InFlow  [V/T]        .165E-02   .165E-02
 hMean   [L]         -.978E+02      -97.8
 WatBalT [V]         -.510E-04
 WatBalR [%]              .001

   2700.0000                      1
 Area    [V]          .610E+02   .610E+02
 Volume  [V]          .111E+02   .111E+02
 InFlow  [V/T]        .144E-02   .144E-02
 hMean   [L]         -.842E+02      -84.2
 WatBalT [V]         -.198E-03
 WatBalR [%]              .003

   3600.0000                      1
 Area    [V]          .610E+02   .610E+02
 Volume  [V]          .124E+02   .124E+02
 InFlow  [V/T]        .132E-02   .132E-02
 hMean   [L]         -.720E+02      -72.0
 WatBalT [V]         -.249E-03
 WatBalR [%]              .003

   5400.0000                      1
 Area    [V]          .610E+02   .610E+02
 Volume  [V]          .146E+02   .146E+02
 InFlow  [V/T]        .118E-02   .118E-02
 hMean   [L]         -.496E+02      -49.6
 WatBalT [V]         -.258E-03
 WatBalR [%]              .003
