 Example 1 - Column Test


 Program CHAIN_2D
 Time independent boundary conditions
 Vertical plane flow, V = L*L
 Units: L = cm   , T = sec  , M = -


 Time:     60.0000

    i    n    x      z    Code     Q          v           h       th       Temp     Conc
                                 [V/T]      [L/T]        [L]     [-]        [C]    [M/L3]

    1    1     .0   61.0    1   .360E-02  -.721E-02         .8   .350       .00
    2    2    1.0   61.0    1   .363E-02  -.726E-02         .8   .350       .00
    3  111     .0     .0   -2   .000E+00   .000E+00     -149.9   .077       .00
    4  112    1.0     .0   -2   .000E+00   .000E+00     -150.0   .077       .00


 Time:    900.0000

    i    n    x      z    Code     Q          v           h       th       Temp     Conc
                                 [V/T]      [L/T]        [L]     [-]        [C]    [M/L3]

    1    1     .0   61.0    1   .106E-02  -.213E-02         .8   .350       .00
    2    2    1.0   61.0    1   .106E-02  -.213E-02         .8   .350       .00
    3  111     .0     .0   -2   .000E+00   .000E+00     -149.2   .077       .00
    4  112    1.0     .0   -2   .000E+00   .000E+00     -149.3   .077       .00


 Time:   1800.0000

    i    n    x      z    Code     Q          v           h       th       Temp     Conc
                                 [V/T]      [L/T]        [L]     [-]        [C]    [M/L3]

    1    1     .0   61.0    1   .825E-03  -.165E-02         .8   .350       .00
    2    2    1.0   61.0    1   .825E-03  -.165E-02         .8   .350       .00
    3  111     .0     .0   -2   .000E+00   .000E+00     -148.7   .077       .00
    4  112    1.0     .0   -2   .000E+00   .000E+00     -148.8   .077       .00


 Time:   2700.0000

    i    n    x      z    Code     Q          v           h       th       Temp     Conc
                                 [V/T]      [L/T]        [L]     [-]        [C]    [M/L3]

    1    1     .0   61.0    1   .722E-03  -.144E-02         .8   .350       .00
    2    2    1.0   61.0    1   .722E-03  -.144E-02         .8   .350       .00
    3  111     .0     .0   -2   .000E+00   .000E+00     -148.3   .077       .00
    4  112    1.0     .0   -2   .000E+00   .000E+00     -148.3   .077       .00


 Time:   3600.0000

    i    n    x      z    Code     Q          v           h       th       Temp     Conc
                                 [V/T]      [L/T]        [L]     [-]        [C]    [M/L3]

    1    1     .0   61.0    1   .661E-03  -.132E-02         .8   .350       .00
    2    2    1.0   61.0    1   .661E-03  -.132E-02         .8   .350       .00
    3  111     .0     .0   -2   .000E+00   .000E+00     -148.0   .077       .00
    4  112    1.0     .0   -2   .000E+00   .000E+00     -148.0   .077       .00


 Time:   5400.0000

    i    n    x      z    Code     Q          v           h       th       Temp     Conc
                                 [V/T]      [L/T]        [L]     [-]        [C]    [M/L3]

    1    1     .0   61.0    1   .591E-03  -.118E-02         .8   .350       .00
    2    2    1.0   61.0    1   .591E-03  -.118E-02         .8   .350       .00
    3  111     .0     .0   -2   .000E+00   .000E+00     -147.4   .078       .00
    4  112    1.0     .0   -2   .000E+00   .000E+00     -147.5   .078       .00
