

     *******************************************************************
     *                                                                 *
     *                              3DADE                              *
     *                                                                 *
     *      ANALYTICAL SOLUTIONS FOR SOLUTE TRANSPORT IN 3-D SEMI-     *
     *        INFINITE POROUS MEDIA (WRR 27(10):2719-2733, 1991)       *
     *         WITH FITTING BY NONLINEAR LEAST SQUARES ANALYSIS        *
     *                                                                 *
     *                                                                 *
     *     EXAMPLE 1: FIGURE 2A				                                    *
     *                                                                 *
     *     MODEL 11                                   STEADY STATE     *
     *     SCENARIO 1: SOLUTE APPLICATION FROM A SEMI-INFINITE         *
     *                 QUADRANT OF AN INFINITE SOIL SURFACE            *
     *                                                                 *
     *******************************************************************


     MODEL PARAMETERS
     ================
     NAME           VALUE
     V              50.00
     Dy             10.00
     Dz             10.00


     CONSTANTS
     =========
     NAME           VALUE
     Co              1.00


     INDEPENDENT VARIABLES
     =====================
     VARIABLE   INCREMENT        MINIMUM        MAXIMUM
     x             25.000           .000         50.000
     y              5.000        -15.000         15.000
     z               .000         -5.000           .000


     PREDICTED CONCENTRATIONS
     ========================
        NO        C         C/Co        x         y         z
         1       1.0000    1.0000       .00    -15.00     -5.00
         2       1.0000    1.0000       .00    -10.00     -5.00
         3       1.0000    1.0000       .00     -5.00     -5.00
         4        .5000     .5000       .00       .00     -5.00
         5        .0000     .0000       .00      5.00     -5.00
         6        .0000     .0000       .00     10.00     -5.00
         7        .0000     .0000       .00     15.00     -5.00
         8        .9431     .9431     25.00    -15.00     -5.00
         9        .9423     .9423     25.00    -10.00     -5.00
        10        .8894     .8894     25.00     -5.00     -5.00
        11        .4715     .4715     25.00       .00     -5.00
        12        .0537     .0537     25.00      5.00     -5.00
        13        .0007     .0007     25.00     10.00     -5.00
        14        .0000     .0000     25.00     15.00     -5.00
        15        .8679     .8679     50.00    -15.00     -5.00
        16        .8572     .8572     50.00    -10.00     -5.00
        17        .7538     .7538     50.00     -5.00     -5.00
        18        .4341     .4341     50.00       .00     -5.00
        19        .1144     .1144     50.00      5.00     -5.00
        20        .0110     .0110     50.00     10.00     -5.00
        21        .0003     .0003     50.00     15.00     -5.00



     END OF PROBLEM
     ==============
