
     *******************************************************************
     *                                                                 *
     *                              3DADE                              *
     *                                                                 *
     *      ANALYTICAL SOLUTIONS FOR SOLUTE TRANSPORT IN 3-D SEMI-     *
     *        INFINITE POROUS MEDIA (WRR 27(10):2719-2733, 1991)       *
     *         WITH FITTING BY NONLINEAR LEAST SQUARES ANALYSIS        *
     *                                                                 *
     *                                                                 *
     *     EXAMPLE 4: FIGURE 3B                                        *
     *                                                                 *
     *     MODEL 6                      THIRD-TYPE INLET CONDITION     *
     *     SCENARIO 3: SOLUTE INITIALLY UNIFORMLY DISTRIBUTED IN A     *
     *                 PARALLELEPIPEDAL REGION OF THE SOIL             *
     *                                                                 *
     *******************************************************************


     MODEL PARAMETERS
     ================
     NAME           VALUE
     V                .00
     R               1.50
     MU               .25
     LAM              .50
     Dx            100.00
     Dy             10.00
     Dz             10.00


     CONSTANTS
     =========
     NAME           VALUE
     Co              1.00
     a               7.50
     b               7.50
     x1              5.00
     x2             25.00


     INDEPENDENT VARIABLES
     =====================
     VARIABLE   INCREMENT        MINIMUM        MAXIMUM
     t               .000          1.000          1.000
     x              5.000           .000        100.000
     y               .000           .000           .000
     z               .000           .000           .000


     PREDICTED CONCENTRATIONS
     ========================
        NO        C         C/Co        t         x         y         z
         1        .8022     .8022      1.00       .00       .00       .00
         2        .8117     .8117      1.00      5.00       .00       .00
         3        .8268     .8268      1.00     10.00       .00       .00
         4        .8180     .8180      1.00     15.00       .00       .00
         5        .7640     .7640      1.00     20.00       .00       .00
         6        .6683     .6683      1.00     25.00       .00       .00
         7        .5555     .5555      1.00     30.00       .00       .00
         8        .4544     .4544      1.00     35.00       .00       .00
         9        .3818     .3818      1.00     40.00       .00       .00
        10        .3393     .3393      1.00     45.00       .00       .00
        11        .3189     .3189      1.00     50.00       .00       .00
        12        .3107     .3107      1.00     55.00       .00       .00
        13        .3080     .3080      1.00     60.00       .00       .00
        14        .3073     .3073      1.00     65.00       .00       .00
        15        .3071     .3071      1.00     70.00       .00       .00
        16        .3071     .3071      1.00     75.00       .00       .00
        17        .3070     .3070      1.00     80.00       .00       .00
        18        .3070     .3070      1.00     85.00       .00       .00
        19        .3070     .3070      1.00     90.00       .00       .00
        20        .3070     .3070      1.00     95.00       .00       .00
        21        .3070     .3070      1.00    100.00       .00       .00



     END OF PROBLEM
     ==============
