

     *******************************************************************
     *                                                                 *
     *                              3DADE                              *
     *                                                                 *
     *      ANALYTICAL SOLUTIONS FOR SOLUTE TRANSPORT IN 3-D SEMI-     *
     *        INFINITE POROUS MEDIA (WRR 27(10):2719-2733, 1991)       *
     *         WITH FITTING BY NONLINEAR LEAST SQUARES ANALYSIS        *
     *                                                                 *
     *                                                                 *
     *     1: TRANSIENT LONGITUDINAL AND STEADY TRANSVERSE PROFILE     *
     *                                                                 *
     *     MODEL 1                      FIRST-TYPE INLET CONDITION     *
     *     SCENARIO 1: SOLUTE APPLICATION FROM A SEMI-INFINITE         *
     *                 QUADRANT OF AN INFINITE SOIL SURFACE            *
     *                                                                 *
     *******************************************************************


     INITIAL ESTIMATES OF MODEL PARAMETERS
     =====================================
     NAME           VALUE       FITTING
     V              50.00          -
     R               1.50          +
     To             10.00          -
     MU               .00          -
     LAM              .00          -
     Dx             10.00          +
     Dy              5.00          +
     Dz              5.00          -


     CONSTANTS
     =========
     NAME           VALUE
     Co              1.00


     OBSERVED CONCENTRATIONS
     =======================
        NO        C         t           x         y         z
         1        .0000     .1000     20.00    -10.00    -10.00
         2        .0003     .2000     20.00    -10.00    -10.00
         3        .0883     .3000     20.00    -10.00    -10.00
         4        .5395     .4000     20.00    -10.00    -10.00
         5        .8889     .5000     20.00    -10.00    -10.00
         6        .9836     .6000     20.00    -10.00    -10.00
         7        .9977     .7000     20.00    -10.00    -10.00
         8        .9992     .8000     20.00    -10.00    -10.00
         9        .9993     .9000     20.00    -10.00    -10.00
        10        .9993    1.0000     20.00    -10.00    -10.00
        11        .9993    2.0000     20.00    -10.00    -10.00
        12        .9986    2.0000     20.00     -9.00    -10.00
        13        .9968    2.0000     20.00     -8.00    -10.00
        14        .9923    2.0000     20.00     -7.00    -10.00
        15        .9821    2.0000     20.00     -6.00    -10.00
        16        .9610    2.0000     20.00     -5.00    -10.00
        17        .9220    2.0000     20.00     -4.00    -10.00
        18        .8575    2.0000     20.00     -3.00    -10.00
        19        .7627    2.0000     20.00     -2.00    -10.00
        20        .6398    2.0000     20.00     -1.00    -10.00
        21        .4998    2.0000     20.00       .00    -10.00
        22        .3598    2.0000     20.00      1.00    -10.00
        23        .2370    2.0000     20.00      2.00    -10.00
        24        .1422    2.0000     20.00      3.00    -10.00
        25        .0776    2.0000     20.00      4.00    -10.00
        26        .0386    2.0000     20.00      5.00    -10.00
        27        .0176    2.0000     20.00      6.00    -10.00
        28        .0073    2.0000     20.00      7.00    -10.00
        29        .0028    2.0000     20.00      8.00    -10.00
        30        .0010    2.0000     20.00      9.00    -10.00
        31        .0003    2.0000     20.00     10.00    -10.00


     RESULTS FOR EACH ITERATION STEP
     ===============================
     STEP      SSQ        R       Dx      Dy
       0      1.16275    1.500  10.000   5.000
       1       .16941    1.204  41.242   8.713
       2       .01937     .981  40.396  10.080
       3       .00204    1.001  14.845   9.982
       4       .00001    1.000  19.655  10.012
       5       .00000    1.000  20.023  10.014
       6       .00000    1.000  20.029  10.014


     CORRELATION MATRIX
     ==================
          R          Dx         Dy
   R     1.0000
   Dx     .0854     1.0000
   Dy    -.0011      .0239     1.0000


     r^2 FOR REGRESSION OF OBSERVED VS. PREDICTED VALUES = 1.000000
     ===================================================

     MEAN SQUARE FOR ERROR (MSE) =    .000000
     ===========================

     BIAS (%)       =   64.14     VARIANCE (%)      =   35.86



     NON-LINEAR LEAST SQUARES ANALYSIS, FINAL RESULTS
     ================================================

                                                      95% CONFIDENCE LIMITS
     VAR     NAME   VALUE      S.E.COEFF.   T-VALUE     LOWER        UPPER
      1       R     1.00005       .0001    10085.93      1.000        1.000
      2       Dx   20.02916       .0290      690.32     19.970       20.089
      3       Dy   10.01380       .0075     1335.64      9.998       10.029


     ----ORDERED BY COMPUTER INPUT-----   --------ORDERED BY RESIDUALS------
              CONCENTRATION    RESI-                CONCENTRATION    RESI-
      NO       OBS   FITTED    DUAL         NO       OBS   FITTED    DUAL
       1       .000    .000    .000          4       .540    .539    .000
       2       .000    .000    .000          2       .000    .000    .000
       3       .088    .088    .000          5       .889    .889    .000
       4       .540    .539    .000          1       .000    .000    .000
       5       .889    .889    .000         30       .001    .001    .000
       6       .984    .984    .000         27       .018    .018    .000
       7       .998    .998    .000         31       .000    .000    .000
       8       .999   1.000    .000         29       .003    .003    .000
       9       .999   1.000    .000         28       .007    .007    .000
      10       .999   1.000    .000         19       .763    .763    .000
      11       .999   1.000    .000         18       .858    .858    .000
      12       .999    .999    .000          3       .088    .088    .000
      13       .997    .997    .000         26       .039    .039    .000
      14       .992    .993    .000         20       .640    .640    .000
      15       .982    .982    .000         17       .922    .922    .000
      16       .961    .961    .000         21       .500    .500    .000
      17       .922    .922    .000         25       .078    .078    .000
      18       .858    .858    .000         24       .142    .142    .000
      19       .763    .763    .000         23       .237    .237    .000
      20       .640    .640    .000          6       .984    .984    .000
      21       .500    .500    .000         22       .360    .360    .000
      22       .360    .360    .000         16       .961    .961    .000
      23       .237    .237    .000         15       .982    .982    .000
      24       .142    .142    .000          8       .999   1.000    .000
      25       .078    .078    .000         14       .992    .993    .000
      26       .039    .039    .000          7       .998    .998    .000
      27       .018    .018    .000          9       .999   1.000    .000
      28       .007    .007    .000         13       .997    .997    .000
      29       .003    .003    .000         10       .999   1.000    .000
      30       .001    .001    .000         11       .999   1.000    .000
      31       .000    .000    .000         12       .999    .999    .000



     END OF PROBLEM
     ==============
