
     *******************************************************************
     *                                                                 *
     *                              3DADE                              *
     *                                                                 *
     *      ANALYTICAL SOLUTIONS FOR SOLUTE TRANSPORT IN 3-D SEMI-     *
     *        INFINITE POROUS MEDIA (WRR 27(10):2719-2733, 1991)       *
     *         WITH FITTING BY NONLINEAR LEAST SQUARES ANALYSIS        *
     *                                                                 *
     *                                                                 *
     *     2: TRANSIENT LONGITUDINAL AND TRANSVERSAL PROFILES          *
     *                                                                 *
     *     MODEL 6                      THIRD-TYPE INLET CONDITION     *
     *     SCENARIO 3: SOLUTE INITIALLY UNIFORMLY DISTRIBUTED IN A     *
     *                 PARALLELEPIPEDAL REGION OF THE SOIL             *
     *                                                                 *
     *******************************************************************


     INITIAL ESTIMATES OF MODEL PARAMETERS
     =====================================
     NAME           VALUE       FITTING
     V              10.00          -
     R               1.00          +
     MU               .01          +
     LAM              .01          +
     Dx             50.00          +
     Dy              5.00          +
     Dz              2.50          +


     CONSTANTS
     =========
     NAME           VALUE
     Co              1.00
     a               5.00
     b              10.00
     x1             10.00
     x2             30.00


     OBSERVED CONCENTRATIONS
     =======================
        NO        C         t           x         y         z
         1        .0161     .5000      5.00       .00       .00
         2        .2420     .5000     10.00       .00       .00
         3        .8381     .5000     15.00       .00       .00
         4        .9757     .5000     20.00       .00       .00
         5        .9715     .5000     25.00       .00       .00
         6        .7458     .5000     30.00       .00       .00
         7        .1497     .5000     35.00       .00       .00
         8        .0122     .5000     40.00       .00       .00
         9        .0099     .5000     45.00       .00       .00
        10        .0099     .5000     50.00       .00       .00
        11        .0280    1.0000      5.00       .00       .00
        12        .1601    1.0000     10.00       .00       .00
        13        .5505    1.0000     15.00       .00       .00
        14        .8469    1.0000     20.00       .00       .00
        15        .8928    1.0000     25.00       .00       .00
        16        .7656    1.0000     30.00       .00       .00
        17        .3754    1.0000     35.00       .00       .00
        18        .0788    1.0000     40.00       .00       .00
        19        .0222    1.0000     45.00       .00       .00
        20        .0196    1.0000     50.00       .00       .00
        21        .0322    1.5000      5.00       .00       .00
        22        .1163    1.5000     10.00       .00       .00
        23        .3649    1.5000     15.00       .00       .00
        24        .6642    1.5000     20.00       .00       .00
        25        .7942    1.5000     25.00       .00       .00
        26        .7405    1.5000     30.00       .00       .00
        27        .4946    1.5000     35.00       .00       .00
        28        .1951    1.5000     40.00       .00       .00
        29        .0556    1.5000     45.00       .00       .00
        30        .0308    1.5000     50.00       .00       .00
        31        .0336    2.0000      5.00       .00       .00
        32        .0921    2.0000     10.00       .00       .00
        33        .2546    2.0000     15.00       .00       .00
        34        .5023    2.0000     20.00       .00       .00
        35        .6798    2.0000     25.00       .00       .00
        36        .6966    2.0000     30.00       .00       .00
        37        .5484    2.0000     35.00       .00       .00
        38        .3017    2.0000     40.00       .00       .00
        39        .1170    2.0000     45.00       .00       .00
        40        .0508    2.0000     50.00       .00       .00
        41        .6966    2.0000     30.00       .00       .00
        42        .6504    2.0000     30.00      2.00       .00
        43        .5279    2.0000     30.00      4.00       .00
        44        .3708    2.0000     30.00      6.00       .00
        45        .2271    2.0000     30.00      8.00       .00
        46        .1265    2.0000     30.00     10.00       .00
        47        .0719    2.0000     30.00     12.00       .00
        48        .0486    2.0000     30.00     14.00       .00
        49        .0409    2.0000     30.00     16.00       .00
        50        .0389    2.0000     30.00     18.00       .00
        51        .0385    2.0000     30.00     20.00       .00
        52        .6966    2.0000     30.00       .00       .00
        53        .6954    2.0000     30.00       .00      2.00
        54        .6857    2.0000     30.00       .00      4.00
        55        .6451    2.0000     30.00       .00      6.00
        56        .5390    2.0000     30.00       .00      8.00
        57        .3677    2.0000     30.00       .00     10.00
        58        .1963    2.0000     30.00       .00     12.00
        59        .0902    2.0000     30.00       .00     14.00
        60        .0496    2.0000     30.00       .00     16.00
        61        .0400    2.0000     30.00       .00     18.00
        62        .0386    2.0000     30.00       .00     20.00

     RESULTS FOR EACH ITERATION STEP
     ===============================
     STEP      SSQ        R       MU      LAM     Dx      Dy      Dz 
       0      3.37083    1.000    .010    .010  50.000   5.000   2.500
       1      1.15105    2.078    .122    .034  66.550   9.649   2.137
       2       .40237    2.690    .241    .072   2.131  10.419   4.147
       3       .11132    2.570    .424    .113   6.333   7.657   3.862
       4       .01438    2.520    .245    .075  13.872   9.081   4.635
       5       .00026    2.501    .122    .053  19.069   9.835   4.926
       6       .00000    2.500    .101    .050  19.964   9.989   4.989
       7       .00000    2.500    .100    .050  19.997   9.999   4.999
       8       .00000    2.500    .100    .050  19.999  10.000   5.001
       9       .00000    2.500    .100    .050  19.999  10.000   5.001


     CORRELATION MATRIX
     ==================
          R          MU         LAM        Dx         Dy         Dz 
   R     1.0000
   MU     .0122     1.0000
   LAM    .1289      .7415     1.0000
   Dx     .2004     -.5506     -.4643     1.0000
   Dy     .2007     -.8408     -.4094      .2601     1.0000
   Dz    -.0621      .2421      .2896     -.1277     -.0964     1.0000


     r^2 FOR REGRESSION OF OBSERVED VS. PREDICTED VALUES = 1.000000
     ===================================================

     MEAN SQUARE FOR ERROR (MSE) =    .000000
     ===========================

     BIAS (%)       =     .02     VARIANCE (%)      =   99.98


     NON-LINEAR LEAST SQUARES ANALYSIS, FINAL RESULTS
     ================================================

                                                      95% CONFIDENCE LIMITS
     VAR     NAME   VALUE      S.E.COEFF.   T-VALUE     LOWER        UPPER
      1       R     2.50009       .0001    46341.00      2.500        2.500
      2       MU     .09999       .0001     1675.88       .100         .100
      3       LAM    .04998       .0000     4440.32       .050         .050
      4       Dx   19.99930       .0017    11498.64     19.996       20.003
      5       Dy   10.00044       .0012     8222.59      9.998       10.003
      6       Dz    5.00096       .0000  6559964.22      5.001        5.001


     ----ORDERED BY COMPUTER INPUT-----   --------ORDERED BY RESIDUALS------
              CONCENTRATION    RESI-                CONCENTRATION    RESI-
      NO       OBS   FITTED    DUAL         NO       OBS   FITTED    DUAL
       1       .016    .016    .000         53       .695    .695    .000
       2       .242    .242    .000          4       .976    .976    .000
       3       .838    .838    .000         47       .072    .072    .000
       4       .976    .976    .000         26       .741    .740    .000
       5       .972    .971    .000         40       .051    .051    .000
       6       .746    .746    .000          8       .012    .012    .000
       7       .150    .150    .000         25       .794    .794    .000
       8       .012    .012    .000         62       .039    .039    .000
       9       .010    .010    .000         57       .368    .368    .000
      10       .010    .010    .000         61       .040    .040    .000
      11       .028    .028    .000         43       .528    .528    .000
      12       .160    .160    .000          5       .972    .971    .000
      13       .551    .550    .000         11       .028    .028    .000
      14       .847    .847    .000         45       .227    .227    .000
      15       .893    .893    .000         24       .664    .664    .000
      16       .766    .766    .000         14       .847    .847    .000
      17       .375    .375    .000         32       .092    .092    .000
      18       .079    .079    .000          2       .242    .242    .000
      19       .022    .022    .000         28       .195    .195    .000
      20       .020    .020    .000         39       .117    .117    .000
      21       .032    .032    .000          7       .150    .150    .000
      22       .116    .116    .000         13       .551    .550    .000
      23       .365    .365    .000         34       .502    .502    .000
      24       .664    .664    .000         37       .548    .548    .000
      25       .794    .794    .000         60       .050    .050    .000
      26       .741    .740    .000         35       .680    .680    .000
      27       .495    .495    .000         31       .034    .034    .000
      28       .195    .195    .000          1       .016    .016    .000
      29       .056    .056    .000         10       .010    .010    .000
      30       .031    .031    .000         55       .645    .645    .000
      31       .034    .034    .000         21       .032    .032    .000
      32       .092    .092    .000          9       .010    .010    .000
      33       .255    .255    .000         51       .039    .039    .000
      34       .502    .502    .000         16       .766    .766    .000
      35       .680    .680    .000         12       .160    .160    .000
      36       .697    .697    .000         42       .650    .650    .000
      37       .548    .548    .000         58       .196    .196    .000
      38       .302    .302    .000         38       .302    .302    .000
      39       .117    .117    .000         50       .039    .039    .000
      40       .051    .051    .000         49       .041    .041    .000
      41       .697    .697    .000         17       .375    .375    .000
      42       .650    .650    .000         27       .495    .495    .000
      43       .528    .528    .000         30       .031    .031    .000
      44       .371    .371    .000         56       .539    .539    .000
      45       .227    .227    .000         46       .127    .127    .000
      46       .127    .127    .000         20       .020    .020    .000
      47       .072    .072    .000         18       .079    .079    .000
      48       .049    .049    .000         59       .090    .090    .000
      49       .041    .041    .000         29       .056    .056    .000
      50       .039    .039    .000         36       .697    .697    .000
      51       .039    .039    .000         41       .697    .697    .000
      52       .697    .697    .000         52       .697    .697    .000
      53       .695    .695    .000         48       .049    .049    .000
      54       .686    .686    .000         22       .116    .116    .000
      55       .645    .645    .000         54       .686    .686    .000
      56       .539    .539    .000          3       .838    .838    .000
      57       .368    .368    .000         15       .893    .893    .000
      58       .196    .196    .000         23       .365    .365    .000
      59       .090    .090    .000         44       .371    .371    .000
      60       .050    .050    .000         19       .022    .022    .000
      61       .040    .040    .000          6       .746    .746    .000
      62       .039    .039    .000         33       .255    .255    .000

 
     END OF PROBLEM
     ==============

