

     *******************************************************************
     *                                                                 *
     *                              3DADE                              *
     *                                                                 *
     *      ANALYTICAL SOLUTIONS FOR SOLUTE TRANSPORT IN 3-D SEMI-     *
     *        INFINITE POROUS MEDIA (WRR 27(10):2719-2733, 1991)       *
     *         WITH FITTING BY NONLINEAR LEAST SQUARES ANALYSIS        *
     *                                                                 *
     *                                                                 *
     *     3: EXAMPLE 2 WITH MODIFIED TRANSVERSE PROFILES              *
     *                                                                 *
     *     MODEL 6                      THIRD-TYPE INLET CONDITION     *
     *     SCENARIO 3: SOLUTE INITIALLY UNIFORMLY DISTRIBUTED IN A     *
     *                 PARALLELEPIPEDAL REGION OF THE SOIL             *
     *                                                                 *
     *******************************************************************


     INITIAL ESTIMATES OF MODEL PARAMETERS
     =====================================
     NAME           VALUE       FITTING
     V              10.00          -
     R               1.00          +
     MU               .01          +
     LAM              .01          +
     Dx             50.00          +
     Dy              5.00          +
     Dz              2.50          +


     CONSTANTS
     =========
     NAME           VALUE
     Co              1.00
     a               5.00
     b              10.00
     x1             10.00
     x2             30.00


     OBSERVED CONCENTRATIONS
     =======================
        NO        C         t           x         y         z
         1        .0161     .5000      5.00       .00       .00
         2        .2420     .5000     10.00       .00       .00
         3        .8381     .5000     15.00       .00       .00
         4        .9757     .5000     20.00       .00       .00
         5        .9715     .5000     25.00       .00       .00
         6        .7458     .5000     30.00       .00       .00
         7        .1497     .5000     35.00       .00       .00
         8        .0122     .5000     40.00       .00       .00
         9        .0099     .5000     45.00       .00       .00
        10        .0099     .5000     50.00       .00       .00
        11        .0280    1.0000      5.00       .00       .00
        12        .1601    1.0000     10.00       .00       .00
        13        .5505    1.0000     15.00       .00       .00
        14        .8469    1.0000     20.00       .00       .00
        15        .8928    1.0000     25.00       .00       .00
        16        .7656    1.0000     30.00       .00       .00
        17        .3754    1.0000     35.00       .00       .00
        18        .0788    1.0000     40.00       .00       .00
        19        .0222    1.0000     45.00       .00       .00
        20        .0196    1.0000     50.00       .00       .00
        21        .0322    1.5000      5.00       .00       .00
        22        .1163    1.5000     10.00       .00       .00
        23        .3649    1.5000     15.00       .00       .00
        24        .6642    1.5000     20.00       .00       .00
        25        .7942    1.5000     25.00       .00       .00
        26        .7405    1.5000     30.00       .00       .00
        27        .4946    1.5000     35.00       .00       .00
        28        .1951    1.5000     40.00       .00       .00
        29        .0556    1.5000     45.00       .00       .00
        30        .0308    1.5000     50.00       .00       .00
        31        .0336    2.0000      5.00       .00       .00
        32        .0921    2.0000     10.00       .00       .00
        33        .2546    2.0000     15.00       .00       .00
        34        .5023    2.0000     20.00       .00       .00
        35        .6798    2.0000     25.00       .00       .00
        36        .6966    2.0000     30.00       .00       .00
        37        .5484    2.0000     35.00       .00       .00
        38        .3017    2.0000     40.00       .00       .00
        39        .1170    2.0000     45.00       .00       .00
        40        .0508    2.0000     50.00       .00       .00
        41        .6269    2.0000     30.00       .00       .00
        42        .7154    2.0000     30.00      2.00       .00
        43        .4751    2.0000     30.00      4.00       .00
        44        .4078    2.0000     30.00      6.00       .00
        45        .2044    2.0000     30.00      8.00       .00
        46        .1392    2.0000     30.00     10.00       .00
        47        .0647    2.0000     30.00     12.00       .00
        48        .0535    2.0000     30.00     14.00       .00
        49        .0368    2.0000     30.00     16.00       .00
        50        .0428    2.0000     30.00     18.00       .00
        51        .0347    2.0000     30.00     20.00       .00
        52        .7663    2.0000     30.00       .00       .00
        53        .6259    2.0000     30.00       .00      2.00
        54        .7543    2.0000     30.00       .00      4.00
        55        .5806    2.0000     30.00       .00      6.00
        56        .5929    2.0000     30.00       .00      8.00
        57        .3309    2.0000     30.00       .00     10.00
        58        .2159    2.0000     30.00       .00     12.00
        59        .0812    2.0000     30.00       .00     14.00
        60        .0546    2.0000     30.00       .00     16.00
        61        .0396    2.0000     30.00       .00     18.00
        62        .0425    2.0000     30.00       .00     20.00


     RESULTS FOR EACH ITERATION STEP
     ===============================
     STEP      SSQ        R       MU      LAM     Dx      Dy      Dz 
       0      3.40837    1.000    .010    .010  50.000   5.000   2.500
       1      1.18791    2.078    .124    .035  66.485   9.622   2.111
       2       .44395    2.691    .245    .073   2.081  10.382   3.921
       3       .15055    2.568    .429    .114   6.229   7.595   3.754
       4       .05225    2.520    .249    .076  13.741   9.048   4.517
       5       .03761    2.501    .125    .054  18.994   9.807   4.852
       6       .03733    2.500    .104    .051  19.921   9.965   4.934
       7       .03733    2.500    .102    .051  19.957   9.977   4.949
       8       .03733    2.500    .102    .051  19.960   9.978   4.951
       9       .03733    2.500    .102    .051  19.961   9.979   4.952


     CORRELATION MATRIX
     ==================
          R          MU         LAM        Dx         Dy         Dz 
   R     1.0000
   MU     .0128     1.0000
   LAM    .1296      .7416     1.0000
   Dx     .2004     -.5500     -.4640     1.0000
   Dy     .2004     -.8408     -.4095      .2597     1.0000
   Dz    -.0621      .2403      .2881     -.1271     -.0953     1.0000


     r^2 FOR REGRESSION OF OBSERVED VS. PREDICTED VALUES =  .993742
     ===================================================

     MEAN SQUARE FOR ERROR (MSE) =    .000667
     ===========================

     BIAS (%)       =     .00     VARIANCE (%)      =  100.00



     NON-LINEAR LEAST SQUARES ANALYSIS, FINAL RESULTS
     ================================================

                                                      95% CONFIDENCE LIMITS
     VAR     NAME   VALUE      S.E.COEFF.   T-VALUE     LOWER        UPPER
      1       R     2.50022       .0495       50.46      2.401        2.599
      2       MU     .10222       .0548        1.87      -.008         .212
      3       LAM    .05055       .0103        4.89       .030         .071
      4       Dx   19.96057      1.5951       12.51     16.765       23.156
      5       Dy    9.97853      1.1162        8.94      7.742       12.215
      6       Dz    4.95181       .0007     7023.24      4.950        4.953


     ----ORDERED BY COMPUTER INPUT-----   --------ORDERED BY RESIDUALS------
              CONCENTRATION    RESI-                CONCENTRATION    RESI-
      NO       OBS   FITTED    DUAL         NO       OBS   FITTED    DUAL
       1       .016    .016    .000         52       .766    .697    .070
       2       .242    .242    .000         54       .754    .686    .068
       3       .838    .838    .000         42       .715    .650    .065
       4       .976    .975    .000         56       .593    .540    .053
       5       .972    .971    .000         44       .408    .371    .037
       6       .746    .746    .000         58       .216    .196    .020
       7       .150    .150    .000         46       .139    .127    .013
       8       .012    .012    .000         60       .055    .050    .005
       9       .010    .010    .000         48       .054    .049    .005
      10       .010    .010    .000         62       .043    .039    .004
      11       .028    .028    .000         50       .043    .039    .003
      12       .160    .160    .000          4       .976    .975    .000
      13       .551    .551    .000          5       .972    .971    .000
      14       .847    .847    .000          7       .150    .150    .000
      15       .893    .893    .000          2       .242    .242    .000
      16       .766    .766    .000         25       .794    .794    .000
      17       .375    .375    .000         15       .893    .893    .000
      18       .079    .079    .000         26       .741    .740    .000
      19       .022    .022    .000         35       .680    .680    .000
      20       .020    .020    .000         36       .697    .697    .000
      21       .032    .032    .000         14       .847    .847    .000
      22       .116    .116    .000         17       .375    .375    .000
      23       .365    .365    .000         12       .160    .160    .000
      24       .664    .664    .000         37       .548    .548    .000
      25       .794    .794    .000         28       .195    .195    .000
      26       .741    .740    .000         24       .664    .664    .000
      27       .495    .495    .000         27       .495    .495    .000
      28       .195    .195    .000         34       .502    .502    .000
      29       .056    .056    .000         38       .302    .302    .000
      30       .031    .031    .000         16       .766    .766    .000
      31       .034    .034    .000         13       .551    .551    .000
      32       .092    .092    .000         18       .079    .079    .000
      33       .255    .255    .000         23       .365    .365    .000
      34       .502    .502    .000          8       .012    .012    .000
      35       .680    .680    .000          1       .016    .016    .000
      36       .697    .697    .000         33       .255    .255    .000
      37       .548    .548    .000         22       .116    .116    .000
      38       .302    .302    .000         11       .028    .028    .000
      39       .117    .117    .000          6       .746    .746    .000
      40       .051    .051    .000          3       .838    .838    .000
      41       .627    .697   -.070         10       .010    .010    .000
      42       .715    .650    .065          9       .010    .010    .000
      43       .475    .528   -.053         39       .117    .117    .000
      44       .408    .371    .037         32       .092    .092    .000
      45       .204    .227   -.023         21       .032    .032    .000
      46       .139    .127    .013         29       .056    .056    .000
      47       .065    .072   -.007         31       .034    .034    .000
      48       .054    .049    .005         19       .022    .022    .000
      49       .037    .041   -.004         20       .020    .020    .000
      50       .043    .039    .003         40       .051    .051    .000
      51       .035    .039   -.004         30       .031    .031    .000
      52       .766    .697    .070         61       .040    .040   -.001
      53       .626    .695   -.069         51       .035    .039   -.004
      54       .754    .686    .068         49       .037    .041   -.004
      55       .581    .646   -.065         47       .065    .072   -.007
      56       .593    .540    .053         59       .081    .090   -.009
      57       .331    .368   -.037         45       .204    .227   -.023
      58       .216    .196    .020         57       .331    .368   -.037
      59       .081    .090   -.009         43       .475    .528   -.053
      60       .055    .050    .005         55       .581    .646   -.065
      61       .040    .040   -.001         53       .626    .695   -.069
      62       .043    .039    .004         41       .627    .697   -.070



     END OF PROBLEM
     ==============
