

     *******************************************************************
     *                                                                 *
     *     NONLINEAR LEAST SQUARES ANALYSIS                            *
     *                                                                 *
     *     NON-EQUILIBRIUM TRANSPORT (MODEL B)                         *
     *     THIRD-TYPE BOUNDARY CONDITION                               *
     *     EXAMPLE 1D  P=40                                            *
     *                                                                 *
     *******************************************************************


     INITIAL VALUES OF COEFFICIENTS
     ==============================
     NO      NAME       INITIAL VALUE
      1     PECLET          25.000
      2       RF             2.000
      3      BETA            0.600
      4     OMEGA            0.200
      5     PULSE          100.000


     OBSERVED DATA
     =============
     OBS. NO.     PORE VOLUME     CONCENTRATION
         1           0.8000          0.0155
         2           1.0000          0.1100
         3           1.2000          0.2896
         4           1.4000          0.4620
         5           1.6000          0.5740
         6           1.9000          0.6548
         7           2.5000          0.7218
         8           3.5000          0.7952
         9           5.0000          0.8710
        10           7.0000          0.9308


     ITERATION     SSQ      PECLET      RF       BETA     OMEGA
         0      0.1226634   25.00000  2.00000  0.60000   0.20000
         1      0.0065287   32.62089  2.35198  0.52071   0.44916
         2      0.0000439   38.42905  2.49916  0.49943   0.49621
         3      0.0000000   39.93585  2.50020  0.49999   0.49980
         4      0.0000000   39.97442  2.50015  0.50000   0.49985
         5      0.0000000   39.97468  2.50014  0.50000   0.49985


     CORRELATION MATRIX
     ==================
           1          2          3          4
     1   1.0000
     2  -0.0997     1.0000
     3  -0.2188    -0.8752     1.0000
     4   0.6886    -0.3901    -0.0304     1.0000



     NON-LINEAR LEAST SQUARES ANALYSIS, FINAL RESULTS
     ================================================

                                                      95% CONFIDENCE LIMITS
     VAR  NAME      VALUE      S.E.COEFF.   T-VALUE     LOWER        UPPER
      1  PECLET    39.97468      0.0087     4578.07    39.9533      39.9960
      2    RF       2.50014      0.0001    23699.81     2.4999       2.5004
      3   BETA      0.50000      0.0000    24184.43     0.4999       0.5000
      4  OMEGA      0.49985      0.0001     8878.40     0.4997       0.5000


     ----ORDERED BY COMPUTER INPUT-----   --------ORDERED BY RESIDUALS------
           PORE   CONCENTRATION   RESI-         PORE   CONCENTRATION   RESI-
     NO  VOLUME    OBS.  FITTED    DUAL   NO  VOLUME    OBS.  FITTED    DUAL
      1   0.800   0.015   0.016   0.000    2   1.000   0.110   0.110   0.000
      2   1.000   0.110   0.110   0.000    8   3.500   0.795   0.795   0.000
      3   1.200   0.290   0.290   0.000    9   5.000   0.871   0.871   0.000
      4   1.400   0.462   0.462   0.000    6   1.900   0.655   0.655   0.000
      5   1.600   0.574   0.574   0.000    4   1.400   0.462   0.462   0.000
      6   1.900   0.655   0.655   0.000    3   1.200   0.290   0.290   0.000
      7   2.500   0.722   0.722   0.000    5   1.600   0.574   0.574   0.000
      8   3.500   0.795   0.795   0.000    7   2.500   0.722   0.722   0.000
      9   5.000   0.871   0.871   0.000   10   7.000   0.931   0.931   0.000
     10   7.000   0.931   0.931   0.000    1   0.800   0.015   0.016   0.000



     END OF PROBLEM
     ==============


     *******************************************************************
     *                                                                 *
     *     NONLINEAR LEAST SQUARES ANALYSIS                            *
     *                                                                 *
     *     NON-EQUILIBRIUM TRANSPORT (MODEL B)                         *
     *     THIRD-TYPE BOUNDARY CONDITION                               *
     *     EXAMPLE 2D  TRITIATED WATER (EXP. 5-2)                      *
     *                                                                 *
     *******************************************************************


     INITIAL VALUES OF COEFFICIENTS
     ==============================
     NO      NAME       INITIAL VALUE
      1     PECLET          50.000
      2       RF             1.000
      3      BETA            0.600
      4     OMEGA            0.500
      5     PULSE            2.000


     OBSERVED DATA
     =============
     OBS. NO.     PORE VOLUME     CONCENTRATION
         1           0.4490          0.0070
         2           0.5930          0.1480
         3           0.6880          0.3010
         4           0.8320          0.4760
         5           1.0720          0.7030
         6           1.4550          0.8250
         7           1.9810          0.9220
         8           2.4420          0.9490
         9           2.6820          0.8430
        10           2.8250          0.6300
        11           3.0170          0.4040
        12           3.3040          0.2330
        13           3.8790          0.1030
        14           4.4770          0.0520
        15           4.9560          0.0280


     ITERATION     SSQ      PECLET      RF       BETA     OMEGA     PULSE
         0      0.4027376   50.00000  1.00000  0.60000   0.50000   2.00000
         1      0.0555799   14.48979  0.95559  0.67835   0.82086   2.06764
         2      0.0023998   20.92305  1.00685  0.77342   0.34151   2.09776
         3      0.0011064   26.77725  1.01424  0.72303   0.49051   2.10374
         4      0.0008358   29.52976  1.01858  0.71883   0.50203   2.10446
         5      0.0008351   29.47262  1.01802  0.71966   0.49997   2.10448
         6      0.0008351   29.46000  1.01800  0.71972   0.49980   2.10448


     CORRELATION MATRIX
     ==================
           1          2          3          4          5
     1   1.0000
     2   0.2258     1.0000
     3  -0.8353    -0.5069     1.0000
     4   0.8271    -0.0434    -0.7777     1.0000
     5  -0.2288     0.0925     0.0127    -0.3353     1.0000



     NON-LINEAR LEAST SQUARES ANALYSIS, FINAL RESULTS
     ================================================

                                                      95% CONFIDENCE LIMITS
     VAR  NAME      VALUE      S.E.COEFF.   T-VALUE     LOWER        UPPER
      1  PECLET    29.46000      3.2098        9.18    22.3081      36.6119
      2    RF       1.01800      0.0099      102.51     0.9959       1.0401
      3   BETA      0.71972      0.0132       54.51     0.6903       0.7491
      4  OMEGA      0.49980      0.0577        8.66     0.3712       0.6284
      5  PULSE      2.10448      0.0062      338.70     2.0906       2.1183


     ----ORDERED BY COMPUTER INPUT-----   --------ORDERED BY RESIDUALS------
           PORE   CONCENTRATION   RESI-         PORE   CONCENTRATION   RESI-
     NO  VOLUME    OBS.  FITTED    DUAL   NO  VOLUME    OBS.  FITTED    DUAL
      1   0.449   0.007   0.021  -0.014    3   0.688   0.301   0.288   0.013
      2   0.593   0.148   0.149  -0.001    5   1.072   0.703   0.695   0.008
      3   0.688   0.301   0.288   0.013    7   1.981   0.922   0.915   0.007
      4   0.832   0.476   0.491  -0.015   14   4.477   0.052   0.047   0.005
      5   1.072   0.703   0.695   0.008    9   2.682   0.843   0.839   0.004
      6   1.455   0.825   0.829  -0.004   15   4.956   0.028   0.025   0.003
      7   1.981   0.922   0.915   0.007   11   3.017   0.404   0.401   0.003
      8   2.442   0.949   0.954  -0.005   12   3.304   0.233   0.233   0.000
      9   2.682   0.843   0.839   0.004    2   0.593   0.148   0.149  -0.001
     10   2.825   0.630   0.635  -0.005   13   3.879   0.103   0.105  -0.002
     11   3.017   0.404   0.401   0.003    6   1.455   0.825   0.829  -0.004
     12   3.304   0.233   0.233   0.000    8   2.442   0.949   0.954  -0.005
     13   3.879   0.103   0.105  -0.002   10   2.825   0.630   0.635  -0.005
     14   4.477   0.052   0.047   0.005    1   0.449   0.007   0.021  -0.014
     15   4.956   0.028   0.025   0.003    4   0.832   0.476   0.491  -0.015



     END OF PROBLEM
     ==============


     *******************************************************************
     *                                                                 *
     *     NONLINEAR LEAST SQUARES ANALYSIS                            *
     *                                                                 *
     *     EQUILIBRIUM TRANSPORT (MODEL A)                             *
     *     THIRD-TYPE BOUNDARY CONDITION                               *
     *     EXAMPLE 2H  TRITIATED WATER (EXP. 5-2)                      *
     *                                                                 *
     *******************************************************************


     INITIAL VALUES OF COEFFICIENTS
     ==============================
     NO      NAME       INITIAL VALUE
      1     PECLET          50.000
      2       RF             1.000
      3     PULSE            2.000


     OBSERVED DATA
     =============
     OBS. NO.     PORE VOLUME     CONCENTRATION
         1           0.4490          0.0070
         2           0.5930          0.1480
         3           0.6880          0.3010
         4           0.8320          0.4760
         5           1.0720          0.7030
         6           1.4550          0.8250
         7           1.9810          0.9220
         8           2.4420          0.9490
         9           2.6820          0.8430
        10           2.8250          0.6300
        11           3.0170          0.4040
        12           3.3040          0.2330
        13           3.8790          0.1030
        14           4.4770          0.0520
        15           4.9560          0.0280


     ITERATION     SSQ      PECLET      RF      PULSE
         0      0.3173593   50.00000  1.00000  2.00000
         1      0.0543000   10.95568  0.96905  2.00986
         2      0.0212387    8.04041  0.87711  2.07660
         3      0.0204230    8.73176  0.87711  2.07649
         4      0.0202248    8.94255  0.87660  2.07660
         5      0.0201638    9.39113  0.87934  2.07573
         6      0.0200267    9.10193  0.87632  2.07637
         7      0.0200257    9.09708  0.87683  2.07610
         8      0.0200256    9.09219  0.87683  2.07611
         9      0.0200256    9.09147  0.87684  2.07611


     CORRELATION MATRIX
     ==================
           1          2          3
     1   1.0000
     2   0.1357     1.0000
     3  -0.2286    -0.6565     1.0000



     NON-LINEAR LEAST SQUARES ANALYSIS, FINAL RESULTS
     ================================================

                                                      95% CONFIDENCE LIMITS
     VAR  NAME      VALUE      S.E.COEFF.   T-VALUE     LOWER        UPPER
      1  PECLET     9.09147      1.2685        7.17     6.3276      11.8553
      2    RF       0.87684      0.0213       41.23     0.8305       0.9232
      3  PULSE      2.07611      0.0289       71.90     2.0132       2.1390


     ----ORDERED BY COMPUTER INPUT-----   --------ORDERED BY RESIDUALS------
           PORE   CONCENTRATION   RESI-         PORE   CONCENTRATION   RESI-
     NO  VOLUME    OBS.  FITTED    DUAL   NO  VOLUME    OBS.  FITTED    DUAL
      1   0.449   0.007   0.062  -0.055   13   3.879   0.103   0.052   0.051
      2   0.593   0.148   0.185  -0.037    9   2.682   0.843   0.797   0.046
      3   0.688   0.301   0.287   0.014   14   4.477   0.052   0.010   0.042
      4   0.832   0.476   0.446   0.030    5   1.072   0.703   0.666   0.037
      5   1.072   0.703   0.666   0.037    4   0.832   0.476   0.446   0.030
      6   1.455   0.825   0.869  -0.044   15   4.956   0.028   0.003   0.025
      7   1.981   0.922   0.968  -0.046    3   0.688   0.301   0.287   0.014
      8   2.442   0.949   0.970  -0.021   12   3.304   0.233   0.230   0.003
      9   2.682   0.843   0.797   0.046   10   2.825   0.630   0.642  -0.012
     10   2.825   0.630   0.642  -0.012    8   2.442   0.949   0.970  -0.021
     11   3.017   0.404   0.443  -0.039    2   0.593   0.148   0.185  -0.037
     12   3.304   0.233   0.230   0.003   11   3.017   0.404   0.443  -0.039
     13   3.879   0.103   0.052   0.051    6   1.455   0.825   0.869  -0.044
     14   4.477   0.052   0.010   0.042    7   1.981   0.922   0.968  -0.046
     15   4.956   0.028   0.003   0.025    1   0.449   0.007   0.062  -0.055



     END OF PROBLEM
     ==============
