 
 
     *******************************************************************
     *                                                                 *
     *     NONLINEAR LEAST SQUARES ANALYSIS                  CFITM     *
     *                                                                 *
     *     SEMI-INFINITE PROFILE, 3-TYPE BC                            *
     *     EXAMPLE 2A CHROMIUM (COLUMN NUMBER 4)                       *
     *                                                                 *
     *******************************************************************
 
 
     INITIAL VALUES OF COEFFICIENTS
     ==============================
     NO      NAME       INITIAL VALUE
      1     PECLET          20.000
      2       RF             1.300
      3      PULSE         100.000
 
 
     OBSERVED DATA
     =============
     OBS. NO.     PORE VOLUME     CONCENTRATION
         1            .5580           .0000
         2            .6950           .0060
         3            .8310           .0610
         4            .9670           .1980
         5           1.1030           .3250
         6           1.2390           .4500
         7           1.3750           .5920
         8           1.5110           .7050
         9           1.6470           .7680
        10           1.7830           .8410
        11           1.9190           .8810
        12           2.0550           .9440
        13           2.1910           .9660
        14           2.3270           .9940
        15           2.4630           .9990
 
 
     ITERATION     SSQ      PECLET      RF      
         0       .0047355   20.00000  1.30000
         1       .0030624   19.73079  1.28257
         2       .0029852   19.13818  1.28129
         3       .0029844   19.18510  1.28136
         4       .0029844   19.18510  1.28136
 
 
     CORRELATION MATRIX
     ==================
           1          2         
     1   1.0000    
     2    .2613     1.0000    
 
 
 
     NON-LINEAR LEAST SQUARES ANALYSIS, FINAL RESULTS
     ================================================
 
                                                      95% CONFIDENCE LIMITS
     VAR  NAME      VALUE      S.E.COEFF.   T-VALUE     LOWER        UPPER
      1  PECLET    19.18510       .9530       20.13    17.1262      21.2440
      2    RF       1.28136       .0068      187.37     1.2666       1.2961
 
 
     ----ORDERED BY COMPUTER INPUT-----   --------ORDERED BY RESIDUALS------
           PORE   CONCENTRATION   RESI-         PORE   CONCENTRATION   RESI-
     NO  VOLUME    OBS.  FITTED    DUAL   NO  VOLUME    OBS.  FITTED    DUAL
      1    .558    .000    .003   -.003   14   2.327    .994    .972    .022
      2    .695    .006    .024   -.018   15   2.463    .999    .982    .017
      3    .831    .061    .082   -.021    4    .967    .198    .183    .015
      4    .967    .198    .183    .015    5   1.103    .325    .314    .011
      5   1.103    .325    .314    .011   12   2.055    .944    .934    .010
      6   1.239    .450    .455   -.005   13   2.191    .966    .957    .009
      7   1.375    .592    .586    .006    8   1.511    .705    .697    .008
      8   1.511    .705    .697    .008    7   1.375    .592    .586    .006
      9   1.647    .768    .786   -.018    1    .558    .000    .003   -.003
     10   1.783    .841    .852   -.011    6   1.239    .450    .455   -.005
     11   1.919    .881    .900   -.019   10   1.783    .841    .852   -.011
     12   2.055    .944    .934    .010    9   1.647    .768    .786   -.018
     13   2.191    .966    .957    .009    2    .695    .006    .024   -.018
     14   2.327    .994    .972    .022   11   1.919    .881    .900   -.019
     15   2.463    .999    .982    .017    3    .831    .061    .082   -.021
 
 
 
     END OF PROBLEM
     ==============
